[2023-10-06T22:34:55.601+0000] {processor.py:154} INFO - Started process (PID=78) to work on /home/airflow/.local/lib/python3.7/site-packages/airflow/example_dags/example_task_group_decorator.py
[2023-10-06T22:34:55.602+0000] {processor.py:756} INFO - Processing file /home/airflow/.local/lib/python3.7/site-packages/airflow/example_dags/example_task_group_decorator.py for tasks to queue
[2023-10-06T22:34:55.602+0000] {logging_mixin.py:120} INFO - [2023-10-06T22:34:55.602+0000] {dagbag.py:537} INFO - Filling up the DagBag from /home/airflow/.local/lib/python3.7/site-packages/airflow/example_dags/example_task_group_decorator.py
[2023-10-06T22:34:55.630+0000] {processor.py:766} INFO - DAG(s) dict_keys(['example_task_group_decorator']) retrieved from /home/airflow/.local/lib/python3.7/site-packages/airflow/example_dags/example_task_group_decorator.py
[2023-10-06T22:34:55.670+0000] {logging_mixin.py:120} INFO - [2023-10-06T22:34:55.670+0000] {dag.py:2585} INFO - Sync 1 DAGs
[2023-10-06T22:34:55.692+0000] {logging_mixin.py:120} INFO - [2023-10-06T22:34:55.692+0000] {dag.py:3340} INFO - Setting next_dagrun for example_task_group_decorator to 2023-10-05T22:34:55.691867+00:00, run_after=2023-10-06T22:34:55.691867+00:00
[2023-10-06T22:34:55.710+0000] {processor.py:176} INFO - Processing /home/airflow/.local/lib/python3.7/site-packages/airflow/example_dags/example_task_group_decorator.py took 0.112 seconds
[2023-10-06T22:35:26.586+0000] {processor.py:154} INFO - Started process (PID=141) to work on /home/airflow/.local/lib/python3.7/site-packages/airflow/example_dags/example_task_group_decorator.py
[2023-10-06T22:35:26.587+0000] {processor.py:756} INFO - Processing file /home/airflow/.local/lib/python3.7/site-packages/airflow/example_dags/example_task_group_decorator.py for tasks to queue
[2023-10-06T22:35:26.587+0000] {logging_mixin.py:120} INFO - [2023-10-06T22:35:26.587+0000] {dagbag.py:537} INFO - Filling up the DagBag from /home/airflow/.local/lib/python3.7/site-packages/airflow/example_dags/example_task_group_decorator.py
[2023-10-06T22:35:26.606+0000] {processor.py:766} INFO - DAG(s) dict_keys(['example_task_group_decorator']) retrieved from /home/airflow/.local/lib/python3.7/site-packages/airflow/example_dags/example_task_group_decorator.py
[2023-10-06T22:35:26.624+0000] {logging_mixin.py:120} INFO - [2023-10-06T22:35:26.624+0000] {dag.py:2585} INFO - Sync 1 DAGs
[2023-10-06T22:35:26.642+0000] {logging_mixin.py:120} INFO - [2023-10-06T22:35:26.642+0000] {dag.py:3340} INFO - Setting next_dagrun for example_task_group_decorator to 2023-10-05T22:35:26.642328+00:00, run_after=2023-10-06T22:35:26.642328+00:00
[2023-10-06T22:35:26.657+0000] {processor.py:176} INFO - Processing /home/airflow/.local/lib/python3.7/site-packages/airflow/example_dags/example_task_group_decorator.py took 0.073 seconds
[2023-10-06T22:35:56.801+0000] {processor.py:154} INFO - Started process (PID=204) to work on /home/airflow/.local/lib/python3.7/site-packages/airflow/example_dags/example_task_group_decorator.py
[2023-10-06T22:35:56.802+0000] {processor.py:756} INFO - Processing file /home/airflow/.local/lib/python3.7/site-packages/airflow/example_dags/example_task_group_decorator.py for tasks to queue
[2023-10-06T22:35:56.803+0000] {logging_mixin.py:120} INFO - [2023-10-06T22:35:56.803+0000] {dagbag.py:537} INFO - Filling up the DagBag from /home/airflow/.local/lib/python3.7/site-packages/airflow/example_dags/example_task_group_decorator.py
[2023-10-06T22:35:56.821+0000] {processor.py:766} INFO - DAG(s) dict_keys(['example_task_group_decorator']) retrieved from /home/airflow/.local/lib/python3.7/site-packages/airflow/example_dags/example_task_group_decorator.py
[2023-10-06T22:35:56.858+0000] {logging_mixin.py:120} INFO - [2023-10-06T22:35:56.858+0000] {dag.py:2585} INFO - Sync 1 DAGs
[2023-10-06T22:35:56.878+0000] {logging_mixin.py:120} INFO - [2023-10-06T22:35:56.878+0000] {dag.py:3340} INFO - Setting next_dagrun for example_task_group_decorator to 2023-10-05T22:35:56.877969+00:00, run_after=2023-10-06T22:35:56.877969+00:00
[2023-10-06T22:35:56.894+0000] {processor.py:176} INFO - Processing /home/airflow/.local/lib/python3.7/site-packages/airflow/example_dags/example_task_group_decorator.py took 0.095 seconds
[2023-10-06T22:36:27.203+0000] {processor.py:154} INFO - Started process (PID=267) to work on /home/airflow/.local/lib/python3.7/site-packages/airflow/example_dags/example_task_group_decorator.py
[2023-10-06T22:36:27.204+0000] {processor.py:756} INFO - Processing file /home/airflow/.local/lib/python3.7/site-packages/airflow/example_dags/example_task_group_decorator.py for tasks to queue
[2023-10-06T22:36:27.204+0000] {logging_mixin.py:120} INFO - [2023-10-06T22:36:27.204+0000] {dagbag.py:537} INFO - Filling up the DagBag from /home/airflow/.local/lib/python3.7/site-packages/airflow/example_dags/example_task_group_decorator.py
[2023-10-06T22:36:27.225+0000] {processor.py:766} INFO - DAG(s) dict_keys(['example_task_group_decorator']) retrieved from /home/airflow/.local/lib/python3.7/site-packages/airflow/example_dags/example_task_group_decorator.py
[2023-10-06T22:36:27.255+0000] {logging_mixin.py:120} INFO - [2023-10-06T22:36:27.255+0000] {dag.py:2585} INFO - Sync 1 DAGs
[2023-10-06T22:36:27.273+0000] {logging_mixin.py:120} INFO - [2023-10-06T22:36:27.273+0000] {dag.py:3340} INFO - Setting next_dagrun for example_task_group_decorator to 2023-10-05T22:36:27.272983+00:00, run_after=2023-10-06T22:36:27.272983+00:00
[2023-10-06T22:36:27.288+0000] {processor.py:176} INFO - Processing /home/airflow/.local/lib/python3.7/site-packages/airflow/example_dags/example_task_group_decorator.py took 0.087 seconds
[2023-10-06T22:36:58.077+0000] {processor.py:154} INFO - Started process (PID=322) to work on /home/airflow/.local/lib/python3.7/site-packages/airflow/example_dags/example_task_group_decorator.py
[2023-10-06T22:36:58.078+0000] {processor.py:756} INFO - Processing file /home/airflow/.local/lib/python3.7/site-packages/airflow/example_dags/example_task_group_decorator.py for tasks to queue
[2023-10-06T22:36:58.078+0000] {logging_mixin.py:120} INFO - [2023-10-06T22:36:58.078+0000] {dagbag.py:537} INFO - Filling up the DagBag from /home/airflow/.local/lib/python3.7/site-packages/airflow/example_dags/example_task_group_decorator.py
[2023-10-06T22:36:58.100+0000] {processor.py:766} INFO - DAG(s) dict_keys(['example_task_group_decorator']) retrieved from /home/airflow/.local/lib/python3.7/site-packages/airflow/example_dags/example_task_group_decorator.py
[2023-10-06T22:36:58.172+0000] {logging_mixin.py:120} INFO - [2023-10-06T22:36:58.171+0000] {dag.py:2585} INFO - Sync 1 DAGs
[2023-10-06T22:36:58.194+0000] {logging_mixin.py:120} INFO - [2023-10-06T22:36:58.194+0000] {dag.py:3340} INFO - Setting next_dagrun for example_task_group_decorator to 2023-10-05T22:36:58.194229+00:00, run_after=2023-10-06T22:36:58.194229+00:00
[2023-10-06T22:36:58.208+0000] {processor.py:176} INFO - Processing /home/airflow/.local/lib/python3.7/site-packages/airflow/example_dags/example_task_group_decorator.py took 0.133 seconds
[2023-10-06T22:37:28.941+0000] {processor.py:154} INFO - Started process (PID=385) to work on /home/airflow/.local/lib/python3.7/site-packages/airflow/example_dags/example_task_group_decorator.py
[2023-10-06T22:37:28.943+0000] {processor.py:756} INFO - Processing file /home/airflow/.local/lib/python3.7/site-packages/airflow/example_dags/example_task_group_decorator.py for tasks to queue
[2023-10-06T22:37:28.943+0000] {logging_mixin.py:120} INFO - [2023-10-06T22:37:28.943+0000] {dagbag.py:537} INFO - Filling up the DagBag from /home/airflow/.local/lib/python3.7/site-packages/airflow/example_dags/example_task_group_decorator.py
[2023-10-06T22:37:28.968+0000] {processor.py:766} INFO - DAG(s) dict_keys(['example_task_group_decorator']) retrieved from /home/airflow/.local/lib/python3.7/site-packages/airflow/example_dags/example_task_group_decorator.py
[2023-10-06T22:37:29.006+0000] {logging_mixin.py:120} INFO - [2023-10-06T22:37:29.006+0000] {dag.py:2585} INFO - Sync 1 DAGs
[2023-10-06T22:37:29.030+0000] {logging_mixin.py:120} INFO - [2023-10-06T22:37:29.030+0000] {dag.py:3340} INFO - Setting next_dagrun for example_task_group_decorator to 2023-10-05T22:37:29.030008+00:00, run_after=2023-10-06T22:37:29.030008+00:00
[2023-10-06T22:37:29.058+0000] {processor.py:176} INFO - Processing /home/airflow/.local/lib/python3.7/site-packages/airflow/example_dags/example_task_group_decorator.py took 0.119 seconds
[2023-10-06T22:37:59.250+0000] {processor.py:154} INFO - Started process (PID=449) to work on /home/airflow/.local/lib/python3.7/site-packages/airflow/example_dags/example_task_group_decorator.py
[2023-10-06T22:37:59.251+0000] {processor.py:756} INFO - Processing file /home/airflow/.local/lib/python3.7/site-packages/airflow/example_dags/example_task_group_decorator.py for tasks to queue
[2023-10-06T22:37:59.251+0000] {logging_mixin.py:120} INFO - [2023-10-06T22:37:59.251+0000] {dagbag.py:537} INFO - Filling up the DagBag from /home/airflow/.local/lib/python3.7/site-packages/airflow/example_dags/example_task_group_decorator.py
[2023-10-06T22:37:59.271+0000] {processor.py:766} INFO - DAG(s) dict_keys(['example_task_group_decorator']) retrieved from /home/airflow/.local/lib/python3.7/site-packages/airflow/example_dags/example_task_group_decorator.py
[2023-10-06T22:37:59.303+0000] {logging_mixin.py:120} INFO - [2023-10-06T22:37:59.303+0000] {dag.py:2585} INFO - Sync 1 DAGs
[2023-10-06T22:37:59.326+0000] {logging_mixin.py:120} INFO - [2023-10-06T22:37:59.326+0000] {dag.py:3340} INFO - Setting next_dagrun for example_task_group_decorator to 2023-10-05T22:37:59.326283+00:00, run_after=2023-10-06T22:37:59.326283+00:00
[2023-10-06T22:37:59.352+0000] {processor.py:176} INFO - Processing /home/airflow/.local/lib/python3.7/site-packages/airflow/example_dags/example_task_group_decorator.py took 0.104 seconds
[2023-10-06T22:38:30.014+0000] {processor.py:154} INFO - Started process (PID=513) to work on /home/airflow/.local/lib/python3.7/site-packages/airflow/example_dags/example_task_group_decorator.py
[2023-10-06T22:38:30.015+0000] {processor.py:756} INFO - Processing file /home/airflow/.local/lib/python3.7/site-packages/airflow/example_dags/example_task_group_decorator.py for tasks to queue
[2023-10-06T22:38:30.016+0000] {logging_mixin.py:120} INFO - [2023-10-06T22:38:30.016+0000] {dagbag.py:537} INFO - Filling up the DagBag from /home/airflow/.local/lib/python3.7/site-packages/airflow/example_dags/example_task_group_decorator.py
[2023-10-06T22:38:30.039+0000] {processor.py:766} INFO - DAG(s) dict_keys(['example_task_group_decorator']) retrieved from /home/airflow/.local/lib/python3.7/site-packages/airflow/example_dags/example_task_group_decorator.py
[2023-10-06T22:38:30.075+0000] {logging_mixin.py:120} INFO - [2023-10-06T22:38:30.075+0000] {dag.py:2585} INFO - Sync 1 DAGs
[2023-10-06T22:38:30.094+0000] {logging_mixin.py:120} INFO - [2023-10-06T22:38:30.094+0000] {dag.py:3340} INFO - Setting next_dagrun for example_task_group_decorator to 2023-10-05T22:38:30.094458+00:00, run_after=2023-10-06T22:38:30.094458+00:00
[2023-10-06T22:38:30.111+0000] {processor.py:176} INFO - Processing /home/airflow/.local/lib/python3.7/site-packages/airflow/example_dags/example_task_group_decorator.py took 0.099 seconds
[2023-10-06T22:39:00.663+0000] {processor.py:154} INFO - Started process (PID=567) to work on /home/airflow/.local/lib/python3.7/site-packages/airflow/example_dags/example_task_group_decorator.py
[2023-10-06T22:39:00.666+0000] {processor.py:756} INFO - Processing file /home/airflow/.local/lib/python3.7/site-packages/airflow/example_dags/example_task_group_decorator.py for tasks to queue
[2023-10-06T22:39:00.666+0000] {logging_mixin.py:120} INFO - [2023-10-06T22:39:00.666+0000] {dagbag.py:537} INFO - Filling up the DagBag from /home/airflow/.local/lib/python3.7/site-packages/airflow/example_dags/example_task_group_decorator.py
[2023-10-06T22:39:00.693+0000] {processor.py:766} INFO - DAG(s) dict_keys(['example_task_group_decorator']) retrieved from /home/airflow/.local/lib/python3.7/site-packages/airflow/example_dags/example_task_group_decorator.py
[2023-10-06T22:39:00.733+0000] {logging_mixin.py:120} INFO - [2023-10-06T22:39:00.732+0000] {dag.py:2585} INFO - Sync 1 DAGs
[2023-10-06T22:39:00.757+0000] {logging_mixin.py:120} INFO - [2023-10-06T22:39:00.757+0000] {dag.py:3340} INFO - Setting next_dagrun for example_task_group_decorator to 2023-10-05T22:39:00.757305+00:00, run_after=2023-10-06T22:39:00.757305+00:00
[2023-10-06T22:39:00.778+0000] {processor.py:176} INFO - Processing /home/airflow/.local/lib/python3.7/site-packages/airflow/example_dags/example_task_group_decorator.py took 0.118 seconds
[2023-10-06T22:39:31.955+0000] {processor.py:154} INFO - Started process (PID=632) to work on /home/airflow/.local/lib/python3.7/site-packages/airflow/example_dags/example_task_group_decorator.py
[2023-10-06T22:39:31.956+0000] {processor.py:756} INFO - Processing file /home/airflow/.local/lib/python3.7/site-packages/airflow/example_dags/example_task_group_decorator.py for tasks to queue
[2023-10-06T22:39:31.956+0000] {logging_mixin.py:120} INFO - [2023-10-06T22:39:31.956+0000] {dagbag.py:537} INFO - Filling up the DagBag from /home/airflow/.local/lib/python3.7/site-packages/airflow/example_dags/example_task_group_decorator.py
[2023-10-06T22:39:31.980+0000] {processor.py:766} INFO - DAG(s) dict_keys(['example_task_group_decorator']) retrieved from /home/airflow/.local/lib/python3.7/site-packages/airflow/example_dags/example_task_group_decorator.py
[2023-10-06T22:39:32.019+0000] {logging_mixin.py:120} INFO - [2023-10-06T22:39:32.019+0000] {dag.py:2585} INFO - Sync 1 DAGs
[2023-10-06T22:39:32.039+0000] {logging_mixin.py:120} INFO - [2023-10-06T22:39:32.039+0000] {dag.py:3340} INFO - Setting next_dagrun for example_task_group_decorator to 2023-10-05T22:39:32.039526+00:00, run_after=2023-10-06T22:39:32.039526+00:00
[2023-10-06T22:39:32.055+0000] {processor.py:176} INFO - Processing /home/airflow/.local/lib/python3.7/site-packages/airflow/example_dags/example_task_group_decorator.py took 0.103 seconds
[2023-10-06T22:40:02.803+0000] {processor.py:154} INFO - Started process (PID=695) to work on /home/airflow/.local/lib/python3.7/site-packages/airflow/example_dags/example_task_group_decorator.py
[2023-10-06T22:40:02.805+0000] {processor.py:756} INFO - Processing file /home/airflow/.local/lib/python3.7/site-packages/airflow/example_dags/example_task_group_decorator.py for tasks to queue
[2023-10-06T22:40:02.805+0000] {logging_mixin.py:120} INFO - [2023-10-06T22:40:02.805+0000] {dagbag.py:537} INFO - Filling up the DagBag from /home/airflow/.local/lib/python3.7/site-packages/airflow/example_dags/example_task_group_decorator.py
[2023-10-06T22:40:02.828+0000] {processor.py:766} INFO - DAG(s) dict_keys(['example_task_group_decorator']) retrieved from /home/airflow/.local/lib/python3.7/site-packages/airflow/example_dags/example_task_group_decorator.py
[2023-10-06T22:40:02.866+0000] {logging_mixin.py:120} INFO - [2023-10-06T22:40:02.866+0000] {dag.py:2585} INFO - Sync 1 DAGs
[2023-10-06T22:40:02.888+0000] {logging_mixin.py:120} INFO - [2023-10-06T22:40:02.887+0000] {dag.py:3340} INFO - Setting next_dagrun for example_task_group_decorator to 2023-10-05T22:40:02.887583+00:00, run_after=2023-10-06T22:40:02.887583+00:00
[2023-10-06T22:40:02.904+0000] {processor.py:176} INFO - Processing /home/airflow/.local/lib/python3.7/site-packages/airflow/example_dags/example_task_group_decorator.py took 0.103 seconds
[2023-10-06T22:40:33.400+0000] {processor.py:154} INFO - Started process (PID=758) to work on /home/airflow/.local/lib/python3.7/site-packages/airflow/example_dags/example_task_group_decorator.py
[2023-10-06T22:40:33.403+0000] {processor.py:756} INFO - Processing file /home/airflow/.local/lib/python3.7/site-packages/airflow/example_dags/example_task_group_decorator.py for tasks to queue
[2023-10-06T22:40:33.404+0000] {logging_mixin.py:120} INFO - [2023-10-06T22:40:33.404+0000] {dagbag.py:537} INFO - Filling up the DagBag from /home/airflow/.local/lib/python3.7/site-packages/airflow/example_dags/example_task_group_decorator.py
[2023-10-06T22:40:33.437+0000] {processor.py:766} INFO - DAG(s) dict_keys(['example_task_group_decorator']) retrieved from /home/airflow/.local/lib/python3.7/site-packages/airflow/example_dags/example_task_group_decorator.py
[2023-10-06T22:40:33.487+0000] {logging_mixin.py:120} INFO - [2023-10-06T22:40:33.487+0000] {dag.py:2585} INFO - Sync 1 DAGs
[2023-10-06T22:40:33.512+0000] {logging_mixin.py:120} INFO - [2023-10-06T22:40:33.512+0000] {dag.py:3340} INFO - Setting next_dagrun for example_task_group_decorator to 2023-10-05T22:40:33.511796+00:00, run_after=2023-10-06T22:40:33.511796+00:00
[2023-10-06T22:40:33.536+0000] {processor.py:176} INFO - Processing /home/airflow/.local/lib/python3.7/site-packages/airflow/example_dags/example_task_group_decorator.py took 0.138 seconds
[2023-10-06T22:41:03.890+0000] {processor.py:154} INFO - Started process (PID=812) to work on /home/airflow/.local/lib/python3.7/site-packages/airflow/example_dags/example_task_group_decorator.py
[2023-10-06T22:41:03.891+0000] {processor.py:756} INFO - Processing file /home/airflow/.local/lib/python3.7/site-packages/airflow/example_dags/example_task_group_decorator.py for tasks to queue
[2023-10-06T22:41:03.892+0000] {logging_mixin.py:120} INFO - [2023-10-06T22:41:03.892+0000] {dagbag.py:537} INFO - Filling up the DagBag from /home/airflow/.local/lib/python3.7/site-packages/airflow/example_dags/example_task_group_decorator.py
[2023-10-06T22:41:03.911+0000] {processor.py:766} INFO - DAG(s) dict_keys(['example_task_group_decorator']) retrieved from /home/airflow/.local/lib/python3.7/site-packages/airflow/example_dags/example_task_group_decorator.py
[2023-10-06T22:41:03.945+0000] {logging_mixin.py:120} INFO - [2023-10-06T22:41:03.945+0000] {dag.py:2585} INFO - Sync 1 DAGs
[2023-10-06T22:41:03.964+0000] {logging_mixin.py:120} INFO - [2023-10-06T22:41:03.964+0000] {dag.py:3340} INFO - Setting next_dagrun for example_task_group_decorator to 2023-10-05T22:41:03.964050+00:00, run_after=2023-10-06T22:41:03.964050+00:00
[2023-10-06T22:41:03.983+0000] {processor.py:176} INFO - Processing /home/airflow/.local/lib/python3.7/site-packages/airflow/example_dags/example_task_group_decorator.py took 0.095 seconds
[2023-10-06T22:41:34.188+0000] {processor.py:154} INFO - Started process (PID=875) to work on /home/airflow/.local/lib/python3.7/site-packages/airflow/example_dags/example_task_group_decorator.py
[2023-10-06T22:41:34.189+0000] {processor.py:756} INFO - Processing file /home/airflow/.local/lib/python3.7/site-packages/airflow/example_dags/example_task_group_decorator.py for tasks to queue
[2023-10-06T22:41:34.189+0000] {logging_mixin.py:120} INFO - [2023-10-06T22:41:34.189+0000] {dagbag.py:537} INFO - Filling up the DagBag from /home/airflow/.local/lib/python3.7/site-packages/airflow/example_dags/example_task_group_decorator.py
[2023-10-06T22:41:34.208+0000] {processor.py:766} INFO - DAG(s) dict_keys(['example_task_group_decorator']) retrieved from /home/airflow/.local/lib/python3.7/site-packages/airflow/example_dags/example_task_group_decorator.py
[2023-10-06T22:41:34.239+0000] {logging_mixin.py:120} INFO - [2023-10-06T22:41:34.239+0000] {dag.py:2585} INFO - Sync 1 DAGs
[2023-10-06T22:41:34.257+0000] {logging_mixin.py:120} INFO - [2023-10-06T22:41:34.256+0000] {dag.py:3340} INFO - Setting next_dagrun for example_task_group_decorator to 2023-10-05T22:41:34.256794+00:00, run_after=2023-10-06T22:41:34.256794+00:00
[2023-10-06T22:41:34.273+0000] {processor.py:176} INFO - Processing /home/airflow/.local/lib/python3.7/site-packages/airflow/example_dags/example_task_group_decorator.py took 0.086 seconds
[2023-10-06T22:42:04.816+0000] {processor.py:154} INFO - Started process (PID=938) to work on /home/airflow/.local/lib/python3.7/site-packages/airflow/example_dags/example_task_group_decorator.py
[2023-10-06T22:42:04.818+0000] {processor.py:756} INFO - Processing file /home/airflow/.local/lib/python3.7/site-packages/airflow/example_dags/example_task_group_decorator.py for tasks to queue
[2023-10-06T22:42:04.818+0000] {logging_mixin.py:120} INFO - [2023-10-06T22:42:04.818+0000] {dagbag.py:537} INFO - Filling up the DagBag from /home/airflow/.local/lib/python3.7/site-packages/airflow/example_dags/example_task_group_decorator.py
[2023-10-06T22:42:04.842+0000] {processor.py:766} INFO - DAG(s) dict_keys(['example_task_group_decorator']) retrieved from /home/airflow/.local/lib/python3.7/site-packages/airflow/example_dags/example_task_group_decorator.py
[2023-10-06T22:42:04.884+0000] {logging_mixin.py:120} INFO - [2023-10-06T22:42:04.884+0000] {dag.py:2585} INFO - Sync 1 DAGs
[2023-10-06T22:42:04.903+0000] {logging_mixin.py:120} INFO - [2023-10-06T22:42:04.902+0000] {dag.py:3340} INFO - Setting next_dagrun for example_task_group_decorator to 2023-10-05T22:42:04.902714+00:00, run_after=2023-10-06T22:42:04.902714+00:00
[2023-10-06T22:42:04.922+0000] {processor.py:176} INFO - Processing /home/airflow/.local/lib/python3.7/site-packages/airflow/example_dags/example_task_group_decorator.py took 0.108 seconds
[2023-10-06T22:42:35.129+0000] {processor.py:154} INFO - Started process (PID=1002) to work on /home/airflow/.local/lib/python3.7/site-packages/airflow/example_dags/example_task_group_decorator.py
[2023-10-06T22:42:35.130+0000] {processor.py:756} INFO - Processing file /home/airflow/.local/lib/python3.7/site-packages/airflow/example_dags/example_task_group_decorator.py for tasks to queue
[2023-10-06T22:42:35.131+0000] {logging_mixin.py:120} INFO - [2023-10-06T22:42:35.131+0000] {dagbag.py:537} INFO - Filling up the DagBag from /home/airflow/.local/lib/python3.7/site-packages/airflow/example_dags/example_task_group_decorator.py
[2023-10-06T22:42:35.154+0000] {processor.py:766} INFO - DAG(s) dict_keys(['example_task_group_decorator']) retrieved from /home/airflow/.local/lib/python3.7/site-packages/airflow/example_dags/example_task_group_decorator.py
[2023-10-06T22:42:35.188+0000] {logging_mixin.py:120} INFO - [2023-10-06T22:42:35.188+0000] {dag.py:2585} INFO - Sync 1 DAGs
[2023-10-06T22:42:35.205+0000] {logging_mixin.py:120} INFO - [2023-10-06T22:42:35.205+0000] {dag.py:3340} INFO - Setting next_dagrun for example_task_group_decorator to 2023-10-05T22:42:35.205198+00:00, run_after=2023-10-06T22:42:35.205198+00:00
[2023-10-06T22:42:35.220+0000] {processor.py:176} INFO - Processing /home/airflow/.local/lib/python3.7/site-packages/airflow/example_dags/example_task_group_decorator.py took 0.094 seconds
[2023-10-06T22:43:05.425+0000] {processor.py:154} INFO - Started process (PID=1056) to work on /home/airflow/.local/lib/python3.7/site-packages/airflow/example_dags/example_task_group_decorator.py
[2023-10-06T22:43:05.426+0000] {processor.py:756} INFO - Processing file /home/airflow/.local/lib/python3.7/site-packages/airflow/example_dags/example_task_group_decorator.py for tasks to queue
[2023-10-06T22:43:05.426+0000] {logging_mixin.py:120} INFO - [2023-10-06T22:43:05.426+0000] {dagbag.py:537} INFO - Filling up the DagBag from /home/airflow/.local/lib/python3.7/site-packages/airflow/example_dags/example_task_group_decorator.py
[2023-10-06T22:43:05.445+0000] {processor.py:766} INFO - DAG(s) dict_keys(['example_task_group_decorator']) retrieved from /home/airflow/.local/lib/python3.7/site-packages/airflow/example_dags/example_task_group_decorator.py
[2023-10-06T22:43:05.475+0000] {logging_mixin.py:120} INFO - [2023-10-06T22:43:05.475+0000] {dag.py:2585} INFO - Sync 1 DAGs
[2023-10-06T22:43:05.496+0000] {logging_mixin.py:120} INFO - [2023-10-06T22:43:05.495+0000] {dag.py:3340} INFO - Setting next_dagrun for example_task_group_decorator to 2023-10-05T22:43:05.495539+00:00, run_after=2023-10-06T22:43:05.495539+00:00
[2023-10-06T22:43:05.517+0000] {processor.py:176} INFO - Processing /home/airflow/.local/lib/python3.7/site-packages/airflow/example_dags/example_task_group_decorator.py took 0.094 seconds
[2023-10-06T22:43:35.838+0000] {processor.py:154} INFO - Started process (PID=1120) to work on /home/airflow/.local/lib/python3.7/site-packages/airflow/example_dags/example_task_group_decorator.py
[2023-10-06T22:43:35.839+0000] {processor.py:756} INFO - Processing file /home/airflow/.local/lib/python3.7/site-packages/airflow/example_dags/example_task_group_decorator.py for tasks to queue
[2023-10-06T22:43:35.839+0000] {logging_mixin.py:120} INFO - [2023-10-06T22:43:35.839+0000] {dagbag.py:537} INFO - Filling up the DagBag from /home/airflow/.local/lib/python3.7/site-packages/airflow/example_dags/example_task_group_decorator.py
[2023-10-06T22:43:35.857+0000] {processor.py:766} INFO - DAG(s) dict_keys(['example_task_group_decorator']) retrieved from /home/airflow/.local/lib/python3.7/site-packages/airflow/example_dags/example_task_group_decorator.py
[2023-10-06T22:43:35.889+0000] {logging_mixin.py:120} INFO - [2023-10-06T22:43:35.889+0000] {dag.py:2585} INFO - Sync 1 DAGs
[2023-10-06T22:43:35.905+0000] {logging_mixin.py:120} INFO - [2023-10-06T22:43:35.905+0000] {dag.py:3340} INFO - Setting next_dagrun for example_task_group_decorator to 2023-10-05T22:43:35.905645+00:00, run_after=2023-10-06T22:43:35.905645+00:00
[2023-10-06T22:43:35.922+0000] {processor.py:176} INFO - Processing /home/airflow/.local/lib/python3.7/site-packages/airflow/example_dags/example_task_group_decorator.py took 0.085 seconds
[2023-10-06T22:44:06.134+0000] {processor.py:154} INFO - Started process (PID=1182) to work on /home/airflow/.local/lib/python3.7/site-packages/airflow/example_dags/example_task_group_decorator.py
[2023-10-06T22:44:06.136+0000] {processor.py:756} INFO - Processing file /home/airflow/.local/lib/python3.7/site-packages/airflow/example_dags/example_task_group_decorator.py for tasks to queue
[2023-10-06T22:44:06.136+0000] {logging_mixin.py:120} INFO - [2023-10-06T22:44:06.136+0000] {dagbag.py:537} INFO - Filling up the DagBag from /home/airflow/.local/lib/python3.7/site-packages/airflow/example_dags/example_task_group_decorator.py
[2023-10-06T22:44:06.154+0000] {processor.py:766} INFO - DAG(s) dict_keys(['example_task_group_decorator']) retrieved from /home/airflow/.local/lib/python3.7/site-packages/airflow/example_dags/example_task_group_decorator.py
[2023-10-06T22:44:06.186+0000] {logging_mixin.py:120} INFO - [2023-10-06T22:44:06.186+0000] {dag.py:2585} INFO - Sync 1 DAGs
[2023-10-06T22:44:06.203+0000] {logging_mixin.py:120} INFO - [2023-10-06T22:44:06.202+0000] {dag.py:3340} INFO - Setting next_dagrun for example_task_group_decorator to 2023-10-05T22:44:06.202668+00:00, run_after=2023-10-06T22:44:06.202668+00:00
[2023-10-06T22:44:06.217+0000] {processor.py:176} INFO - Processing /home/airflow/.local/lib/python3.7/site-packages/airflow/example_dags/example_task_group_decorator.py took 0.085 seconds
[2023-10-06T22:44:36.555+0000] {processor.py:154} INFO - Started process (PID=1246) to work on /home/airflow/.local/lib/python3.7/site-packages/airflow/example_dags/example_task_group_decorator.py
[2023-10-06T22:44:36.556+0000] {processor.py:756} INFO - Processing file /home/airflow/.local/lib/python3.7/site-packages/airflow/example_dags/example_task_group_decorator.py for tasks to queue
[2023-10-06T22:44:36.557+0000] {logging_mixin.py:120} INFO - [2023-10-06T22:44:36.557+0000] {dagbag.py:537} INFO - Filling up the DagBag from /home/airflow/.local/lib/python3.7/site-packages/airflow/example_dags/example_task_group_decorator.py
[2023-10-06T22:44:36.577+0000] {processor.py:766} INFO - DAG(s) dict_keys(['example_task_group_decorator']) retrieved from /home/airflow/.local/lib/python3.7/site-packages/airflow/example_dags/example_task_group_decorator.py
[2023-10-06T22:44:36.613+0000] {logging_mixin.py:120} INFO - [2023-10-06T22:44:36.613+0000] {dag.py:2585} INFO - Sync 1 DAGs
[2023-10-06T22:44:36.631+0000] {logging_mixin.py:120} INFO - [2023-10-06T22:44:36.631+0000] {dag.py:3340} INFO - Setting next_dagrun for example_task_group_decorator to 2023-10-05T22:44:36.630917+00:00, run_after=2023-10-06T22:44:36.630917+00:00
[2023-10-06T22:44:36.647+0000] {processor.py:176} INFO - Processing /home/airflow/.local/lib/python3.7/site-packages/airflow/example_dags/example_task_group_decorator.py took 0.095 seconds
[2023-10-06T22:45:06.941+0000] {processor.py:154} INFO - Started process (PID=1301) to work on /home/airflow/.local/lib/python3.7/site-packages/airflow/example_dags/example_task_group_decorator.py
[2023-10-06T22:45:06.942+0000] {processor.py:756} INFO - Processing file /home/airflow/.local/lib/python3.7/site-packages/airflow/example_dags/example_task_group_decorator.py for tasks to queue
[2023-10-06T22:45:06.943+0000] {logging_mixin.py:120} INFO - [2023-10-06T22:45:06.943+0000] {dagbag.py:537} INFO - Filling up the DagBag from /home/airflow/.local/lib/python3.7/site-packages/airflow/example_dags/example_task_group_decorator.py
[2023-10-06T22:45:06.965+0000] {processor.py:766} INFO - DAG(s) dict_keys(['example_task_group_decorator']) retrieved from /home/airflow/.local/lib/python3.7/site-packages/airflow/example_dags/example_task_group_decorator.py
[2023-10-06T22:45:07.000+0000] {logging_mixin.py:120} INFO - [2023-10-06T22:45:07.000+0000] {dag.py:2585} INFO - Sync 1 DAGs
[2023-10-06T22:45:07.022+0000] {logging_mixin.py:120} INFO - [2023-10-06T22:45:07.021+0000] {dag.py:3340} INFO - Setting next_dagrun for example_task_group_decorator to 2023-10-05T22:45:07.021790+00:00, run_after=2023-10-06T22:45:07.021790+00:00
[2023-10-06T22:45:07.039+0000] {processor.py:176} INFO - Processing /home/airflow/.local/lib/python3.7/site-packages/airflow/example_dags/example_task_group_decorator.py took 0.101 seconds
[2023-10-06T22:45:37.178+0000] {processor.py:154} INFO - Started process (PID=1366) to work on /home/airflow/.local/lib/python3.7/site-packages/airflow/example_dags/example_task_group_decorator.py
[2023-10-06T22:45:37.179+0000] {processor.py:756} INFO - Processing file /home/airflow/.local/lib/python3.7/site-packages/airflow/example_dags/example_task_group_decorator.py for tasks to queue
[2023-10-06T22:45:37.179+0000] {logging_mixin.py:120} INFO - [2023-10-06T22:45:37.179+0000] {dagbag.py:537} INFO - Filling up the DagBag from /home/airflow/.local/lib/python3.7/site-packages/airflow/example_dags/example_task_group_decorator.py
[2023-10-06T22:45:37.198+0000] {processor.py:766} INFO - DAG(s) dict_keys(['example_task_group_decorator']) retrieved from /home/airflow/.local/lib/python3.7/site-packages/airflow/example_dags/example_task_group_decorator.py
[2023-10-06T22:45:37.229+0000] {logging_mixin.py:120} INFO - [2023-10-06T22:45:37.229+0000] {dag.py:2585} INFO - Sync 1 DAGs
[2023-10-06T22:45:37.247+0000] {logging_mixin.py:120} INFO - [2023-10-06T22:45:37.247+0000] {dag.py:3340} INFO - Setting next_dagrun for example_task_group_decorator to 2023-10-05T22:45:37.247019+00:00, run_after=2023-10-06T22:45:37.247019+00:00
[2023-10-06T22:45:37.263+0000] {processor.py:176} INFO - Processing /home/airflow/.local/lib/python3.7/site-packages/airflow/example_dags/example_task_group_decorator.py took 0.087 seconds
[2023-10-06T22:46:07.716+0000] {processor.py:154} INFO - Started process (PID=1430) to work on /home/airflow/.local/lib/python3.7/site-packages/airflow/example_dags/example_task_group_decorator.py
[2023-10-06T22:46:07.717+0000] {processor.py:756} INFO - Processing file /home/airflow/.local/lib/python3.7/site-packages/airflow/example_dags/example_task_group_decorator.py for tasks to queue
[2023-10-06T22:46:07.718+0000] {logging_mixin.py:120} INFO - [2023-10-06T22:46:07.718+0000] {dagbag.py:537} INFO - Filling up the DagBag from /home/airflow/.local/lib/python3.7/site-packages/airflow/example_dags/example_task_group_decorator.py
[2023-10-06T22:46:07.738+0000] {processor.py:766} INFO - DAG(s) dict_keys(['example_task_group_decorator']) retrieved from /home/airflow/.local/lib/python3.7/site-packages/airflow/example_dags/example_task_group_decorator.py
[2023-10-06T22:46:07.775+0000] {logging_mixin.py:120} INFO - [2023-10-06T22:46:07.775+0000] {dag.py:2585} INFO - Sync 1 DAGs
[2023-10-06T22:46:07.793+0000] {logging_mixin.py:120} INFO - [2023-10-06T22:46:07.793+0000] {dag.py:3340} INFO - Setting next_dagrun for example_task_group_decorator to 2023-10-05T22:46:07.792846+00:00, run_after=2023-10-06T22:46:07.792846+00:00
[2023-10-06T22:46:07.807+0000] {processor.py:176} INFO - Processing /home/airflow/.local/lib/python3.7/site-packages/airflow/example_dags/example_task_group_decorator.py took 0.093 seconds
[2023-10-06T22:46:38.108+0000] {processor.py:154} INFO - Started process (PID=1494) to work on /home/airflow/.local/lib/python3.7/site-packages/airflow/example_dags/example_task_group_decorator.py
[2023-10-06T22:46:38.108+0000] {processor.py:756} INFO - Processing file /home/airflow/.local/lib/python3.7/site-packages/airflow/example_dags/example_task_group_decorator.py for tasks to queue
[2023-10-06T22:46:38.109+0000] {logging_mixin.py:120} INFO - [2023-10-06T22:46:38.108+0000] {dagbag.py:537} INFO - Filling up the DagBag from /home/airflow/.local/lib/python3.7/site-packages/airflow/example_dags/example_task_group_decorator.py
[2023-10-06T22:46:38.130+0000] {processor.py:766} INFO - DAG(s) dict_keys(['example_task_group_decorator']) retrieved from /home/airflow/.local/lib/python3.7/site-packages/airflow/example_dags/example_task_group_decorator.py
[2023-10-06T22:46:38.162+0000] {logging_mixin.py:120} INFO - [2023-10-06T22:46:38.161+0000] {dag.py:2585} INFO - Sync 1 DAGs
[2023-10-06T22:46:38.180+0000] {logging_mixin.py:120} INFO - [2023-10-06T22:46:38.180+0000] {dag.py:3340} INFO - Setting next_dagrun for example_task_group_decorator to 2023-10-05T22:46:38.180087+00:00, run_after=2023-10-06T22:46:38.180087+00:00
[2023-10-06T22:46:38.200+0000] {processor.py:176} INFO - Processing /home/airflow/.local/lib/python3.7/site-packages/airflow/example_dags/example_task_group_decorator.py took 0.094 seconds
[2023-10-06T22:47:08.520+0000] {processor.py:154} INFO - Started process (PID=1549) to work on /home/airflow/.local/lib/python3.7/site-packages/airflow/example_dags/example_task_group_decorator.py
[2023-10-06T22:47:08.521+0000] {processor.py:756} INFO - Processing file /home/airflow/.local/lib/python3.7/site-packages/airflow/example_dags/example_task_group_decorator.py for tasks to queue
[2023-10-06T22:47:08.521+0000] {logging_mixin.py:120} INFO - [2023-10-06T22:47:08.521+0000] {dagbag.py:537} INFO - Filling up the DagBag from /home/airflow/.local/lib/python3.7/site-packages/airflow/example_dags/example_task_group_decorator.py
[2023-10-06T22:47:08.541+0000] {processor.py:766} INFO - DAG(s) dict_keys(['example_task_group_decorator']) retrieved from /home/airflow/.local/lib/python3.7/site-packages/airflow/example_dags/example_task_group_decorator.py
[2023-10-06T22:47:08.574+0000] {logging_mixin.py:120} INFO - [2023-10-06T22:47:08.574+0000] {dag.py:2585} INFO - Sync 1 DAGs
[2023-10-06T22:47:08.593+0000] {logging_mixin.py:120} INFO - [2023-10-06T22:47:08.593+0000] {dag.py:3340} INFO - Setting next_dagrun for example_task_group_decorator to 2023-10-05T22:47:08.593322+00:00, run_after=2023-10-06T22:47:08.593322+00:00
[2023-10-06T22:47:08.611+0000] {processor.py:176} INFO - Processing /home/airflow/.local/lib/python3.7/site-packages/airflow/example_dags/example_task_group_decorator.py took 0.093 seconds
[2023-10-06T22:47:38.883+0000] {processor.py:154} INFO - Started process (PID=1612) to work on /home/airflow/.local/lib/python3.7/site-packages/airflow/example_dags/example_task_group_decorator.py
[2023-10-06T22:47:38.884+0000] {processor.py:756} INFO - Processing file /home/airflow/.local/lib/python3.7/site-packages/airflow/example_dags/example_task_group_decorator.py for tasks to queue
[2023-10-06T22:47:38.884+0000] {logging_mixin.py:120} INFO - [2023-10-06T22:47:38.884+0000] {dagbag.py:537} INFO - Filling up the DagBag from /home/airflow/.local/lib/python3.7/site-packages/airflow/example_dags/example_task_group_decorator.py
[2023-10-06T22:47:38.906+0000] {processor.py:766} INFO - DAG(s) dict_keys(['example_task_group_decorator']) retrieved from /home/airflow/.local/lib/python3.7/site-packages/airflow/example_dags/example_task_group_decorator.py
[2023-10-06T22:47:38.938+0000] {logging_mixin.py:120} INFO - [2023-10-06T22:47:38.938+0000] {dag.py:2585} INFO - Sync 1 DAGs
[2023-10-06T22:47:38.955+0000] {logging_mixin.py:120} INFO - [2023-10-06T22:47:38.955+0000] {dag.py:3340} INFO - Setting next_dagrun for example_task_group_decorator to 2023-10-05T22:47:38.954912+00:00, run_after=2023-10-06T22:47:38.954912+00:00
[2023-10-06T22:47:38.969+0000] {processor.py:176} INFO - Processing /home/airflow/.local/lib/python3.7/site-packages/airflow/example_dags/example_task_group_decorator.py took 0.090 seconds
[2023-10-06T22:48:09.299+0000] {processor.py:154} INFO - Started process (PID=1676) to work on /home/airflow/.local/lib/python3.7/site-packages/airflow/example_dags/example_task_group_decorator.py
[2023-10-06T22:48:09.300+0000] {processor.py:756} INFO - Processing file /home/airflow/.local/lib/python3.7/site-packages/airflow/example_dags/example_task_group_decorator.py for tasks to queue
[2023-10-06T22:48:09.300+0000] {logging_mixin.py:120} INFO - [2023-10-06T22:48:09.300+0000] {dagbag.py:537} INFO - Filling up the DagBag from /home/airflow/.local/lib/python3.7/site-packages/airflow/example_dags/example_task_group_decorator.py
[2023-10-06T22:48:09.320+0000] {processor.py:766} INFO - DAG(s) dict_keys(['example_task_group_decorator']) retrieved from /home/airflow/.local/lib/python3.7/site-packages/airflow/example_dags/example_task_group_decorator.py
[2023-10-06T22:48:09.355+0000] {logging_mixin.py:120} INFO - [2023-10-06T22:48:09.355+0000] {dag.py:2585} INFO - Sync 1 DAGs
[2023-10-06T22:48:09.373+0000] {logging_mixin.py:120} INFO - [2023-10-06T22:48:09.373+0000] {dag.py:3340} INFO - Setting next_dagrun for example_task_group_decorator to 2023-10-05T22:48:09.373036+00:00, run_after=2023-10-06T22:48:09.373036+00:00
[2023-10-06T22:48:09.388+0000] {processor.py:176} INFO - Processing /home/airflow/.local/lib/python3.7/site-packages/airflow/example_dags/example_task_group_decorator.py took 0.091 seconds
[2023-10-06T22:48:39.866+0000] {processor.py:154} INFO - Started process (PID=1739) to work on /home/airflow/.local/lib/python3.7/site-packages/airflow/example_dags/example_task_group_decorator.py
[2023-10-06T22:48:39.866+0000] {processor.py:756} INFO - Processing file /home/airflow/.local/lib/python3.7/site-packages/airflow/example_dags/example_task_group_decorator.py for tasks to queue
[2023-10-06T22:48:39.867+0000] {logging_mixin.py:120} INFO - [2023-10-06T22:48:39.867+0000] {dagbag.py:537} INFO - Filling up the DagBag from /home/airflow/.local/lib/python3.7/site-packages/airflow/example_dags/example_task_group_decorator.py
[2023-10-06T22:48:39.887+0000] {processor.py:766} INFO - DAG(s) dict_keys(['example_task_group_decorator']) retrieved from /home/airflow/.local/lib/python3.7/site-packages/airflow/example_dags/example_task_group_decorator.py
[2023-10-06T22:48:39.917+0000] {logging_mixin.py:120} INFO - [2023-10-06T22:48:39.917+0000] {dag.py:2585} INFO - Sync 1 DAGs
[2023-10-06T22:48:39.934+0000] {logging_mixin.py:120} INFO - [2023-10-06T22:48:39.933+0000] {dag.py:3340} INFO - Setting next_dagrun for example_task_group_decorator to 2023-10-05T22:48:39.933697+00:00, run_after=2023-10-06T22:48:39.933697+00:00
[2023-10-06T22:48:39.950+0000] {processor.py:176} INFO - Processing /home/airflow/.local/lib/python3.7/site-packages/airflow/example_dags/example_task_group_decorator.py took 0.086 seconds
[2023-10-06T22:49:10.326+0000] {processor.py:154} INFO - Started process (PID=1801) to work on /home/airflow/.local/lib/python3.7/site-packages/airflow/example_dags/example_task_group_decorator.py
[2023-10-06T22:49:10.327+0000] {processor.py:756} INFO - Processing file /home/airflow/.local/lib/python3.7/site-packages/airflow/example_dags/example_task_group_decorator.py for tasks to queue
[2023-10-06T22:49:10.328+0000] {logging_mixin.py:120} INFO - [2023-10-06T22:49:10.328+0000] {dagbag.py:537} INFO - Filling up the DagBag from /home/airflow/.local/lib/python3.7/site-packages/airflow/example_dags/example_task_group_decorator.py
[2023-10-06T22:49:10.349+0000] {processor.py:766} INFO - DAG(s) dict_keys(['example_task_group_decorator']) retrieved from /home/airflow/.local/lib/python3.7/site-packages/airflow/example_dags/example_task_group_decorator.py
[2023-10-06T22:49:10.383+0000] {logging_mixin.py:120} INFO - [2023-10-06T22:49:10.383+0000] {dag.py:2585} INFO - Sync 1 DAGs
[2023-10-06T22:49:10.404+0000] {logging_mixin.py:120} INFO - [2023-10-06T22:49:10.404+0000] {dag.py:3340} INFO - Setting next_dagrun for example_task_group_decorator to 2023-10-05T22:49:10.404344+00:00, run_after=2023-10-06T22:49:10.404344+00:00
[2023-10-06T22:49:10.422+0000] {processor.py:176} INFO - Processing /home/airflow/.local/lib/python3.7/site-packages/airflow/example_dags/example_task_group_decorator.py took 0.097 seconds
[2023-10-06T22:49:40.659+0000] {processor.py:154} INFO - Started process (PID=1858) to work on /home/airflow/.local/lib/python3.7/site-packages/airflow/example_dags/example_task_group_decorator.py
[2023-10-06T22:49:40.659+0000] {processor.py:756} INFO - Processing file /home/airflow/.local/lib/python3.7/site-packages/airflow/example_dags/example_task_group_decorator.py for tasks to queue
[2023-10-06T22:49:40.660+0000] {logging_mixin.py:120} INFO - [2023-10-06T22:49:40.660+0000] {dagbag.py:537} INFO - Filling up the DagBag from /home/airflow/.local/lib/python3.7/site-packages/airflow/example_dags/example_task_group_decorator.py
[2023-10-06T22:49:40.681+0000] {processor.py:766} INFO - DAG(s) dict_keys(['example_task_group_decorator']) retrieved from /home/airflow/.local/lib/python3.7/site-packages/airflow/example_dags/example_task_group_decorator.py
[2023-10-06T22:49:40.716+0000] {logging_mixin.py:120} INFO - [2023-10-06T22:49:40.716+0000] {dag.py:2585} INFO - Sync 1 DAGs
[2023-10-06T22:49:40.737+0000] {logging_mixin.py:120} INFO - [2023-10-06T22:49:40.736+0000] {dag.py:3340} INFO - Setting next_dagrun for example_task_group_decorator to 2023-10-05T22:49:40.736766+00:00, run_after=2023-10-06T22:49:40.736766+00:00
[2023-10-06T22:49:40.754+0000] {processor.py:176} INFO - Processing /home/airflow/.local/lib/python3.7/site-packages/airflow/example_dags/example_task_group_decorator.py took 0.098 seconds
[2023-10-06T22:50:11.058+0000] {processor.py:154} INFO - Started process (PID=1922) to work on /home/airflow/.local/lib/python3.7/site-packages/airflow/example_dags/example_task_group_decorator.py
[2023-10-06T22:50:11.059+0000] {processor.py:756} INFO - Processing file /home/airflow/.local/lib/python3.7/site-packages/airflow/example_dags/example_task_group_decorator.py for tasks to queue
[2023-10-06T22:50:11.059+0000] {logging_mixin.py:120} INFO - [2023-10-06T22:50:11.059+0000] {dagbag.py:537} INFO - Filling up the DagBag from /home/airflow/.local/lib/python3.7/site-packages/airflow/example_dags/example_task_group_decorator.py
[2023-10-06T22:50:11.080+0000] {processor.py:766} INFO - DAG(s) dict_keys(['example_task_group_decorator']) retrieved from /home/airflow/.local/lib/python3.7/site-packages/airflow/example_dags/example_task_group_decorator.py
[2023-10-06T22:50:11.112+0000] {logging_mixin.py:120} INFO - [2023-10-06T22:50:11.112+0000] {dag.py:2585} INFO - Sync 1 DAGs
[2023-10-06T22:50:11.130+0000] {logging_mixin.py:120} INFO - [2023-10-06T22:50:11.130+0000] {dag.py:3340} INFO - Setting next_dagrun for example_task_group_decorator to 2023-10-05T22:50:11.130004+00:00, run_after=2023-10-06T22:50:11.130004+00:00
[2023-10-06T22:50:11.144+0000] {processor.py:176} INFO - Processing /home/airflow/.local/lib/python3.7/site-packages/airflow/example_dags/example_task_group_decorator.py took 0.089 seconds
[2023-10-06T22:50:41.249+0000] {processor.py:154} INFO - Started process (PID=1987) to work on /home/airflow/.local/lib/python3.7/site-packages/airflow/example_dags/example_task_group_decorator.py
[2023-10-06T22:50:41.250+0000] {processor.py:756} INFO - Processing file /home/airflow/.local/lib/python3.7/site-packages/airflow/example_dags/example_task_group_decorator.py for tasks to queue
[2023-10-06T22:50:41.250+0000] {logging_mixin.py:120} INFO - [2023-10-06T22:50:41.250+0000] {dagbag.py:537} INFO - Filling up the DagBag from /home/airflow/.local/lib/python3.7/site-packages/airflow/example_dags/example_task_group_decorator.py
[2023-10-06T22:50:41.270+0000] {processor.py:766} INFO - DAG(s) dict_keys(['example_task_group_decorator']) retrieved from /home/airflow/.local/lib/python3.7/site-packages/airflow/example_dags/example_task_group_decorator.py
[2023-10-06T22:50:41.300+0000] {logging_mixin.py:120} INFO - [2023-10-06T22:50:41.300+0000] {dag.py:2585} INFO - Sync 1 DAGs
[2023-10-06T22:50:41.318+0000] {logging_mixin.py:120} INFO - [2023-10-06T22:50:41.318+0000] {dag.py:3340} INFO - Setting next_dagrun for example_task_group_decorator to 2023-10-05T22:50:41.318181+00:00, run_after=2023-10-06T22:50:41.318181+00:00
[2023-10-06T22:50:41.334+0000] {processor.py:176} INFO - Processing /home/airflow/.local/lib/python3.7/site-packages/airflow/example_dags/example_task_group_decorator.py took 0.087 seconds
[2023-10-06T22:51:11.926+0000] {processor.py:154} INFO - Started process (PID=2051) to work on /home/airflow/.local/lib/python3.7/site-packages/airflow/example_dags/example_task_group_decorator.py
[2023-10-06T22:51:11.927+0000] {processor.py:756} INFO - Processing file /home/airflow/.local/lib/python3.7/site-packages/airflow/example_dags/example_task_group_decorator.py for tasks to queue
[2023-10-06T22:51:11.928+0000] {logging_mixin.py:120} INFO - [2023-10-06T22:51:11.928+0000] {dagbag.py:537} INFO - Filling up the DagBag from /home/airflow/.local/lib/python3.7/site-packages/airflow/example_dags/example_task_group_decorator.py
[2023-10-06T22:51:11.954+0000] {processor.py:766} INFO - DAG(s) dict_keys(['example_task_group_decorator']) retrieved from /home/airflow/.local/lib/python3.7/site-packages/airflow/example_dags/example_task_group_decorator.py
[2023-10-06T22:51:11.993+0000] {logging_mixin.py:120} INFO - [2023-10-06T22:51:11.993+0000] {dag.py:2585} INFO - Sync 1 DAGs
[2023-10-06T22:51:12.025+0000] {logging_mixin.py:120} INFO - [2023-10-06T22:51:12.024+0000] {dag.py:3340} INFO - Setting next_dagrun for example_task_group_decorator to 2023-10-05T22:51:12.024669+00:00, run_after=2023-10-06T22:51:12.024669+00:00
[2023-10-06T22:51:12.049+0000] {processor.py:176} INFO - Processing /home/airflow/.local/lib/python3.7/site-packages/airflow/example_dags/example_task_group_decorator.py took 0.126 seconds
[2023-10-06T22:51:42.317+0000] {processor.py:154} INFO - Started process (PID=2105) to work on /home/airflow/.local/lib/python3.7/site-packages/airflow/example_dags/example_task_group_decorator.py
[2023-10-06T22:51:42.317+0000] {processor.py:756} INFO - Processing file /home/airflow/.local/lib/python3.7/site-packages/airflow/example_dags/example_task_group_decorator.py for tasks to queue
[2023-10-06T22:51:42.318+0000] {logging_mixin.py:120} INFO - [2023-10-06T22:51:42.318+0000] {dagbag.py:537} INFO - Filling up the DagBag from /home/airflow/.local/lib/python3.7/site-packages/airflow/example_dags/example_task_group_decorator.py
[2023-10-06T22:51:42.344+0000] {processor.py:766} INFO - DAG(s) dict_keys(['example_task_group_decorator']) retrieved from /home/airflow/.local/lib/python3.7/site-packages/airflow/example_dags/example_task_group_decorator.py
[2023-10-06T22:51:42.379+0000] {logging_mixin.py:120} INFO - [2023-10-06T22:51:42.379+0000] {dag.py:2585} INFO - Sync 1 DAGs
[2023-10-06T22:51:42.400+0000] {logging_mixin.py:120} INFO - [2023-10-06T22:51:42.400+0000] {dag.py:3340} INFO - Setting next_dagrun for example_task_group_decorator to 2023-10-05T22:51:42.400216+00:00, run_after=2023-10-06T22:51:42.400216+00:00
[2023-10-06T22:51:42.416+0000] {processor.py:176} INFO - Processing /home/airflow/.local/lib/python3.7/site-packages/airflow/example_dags/example_task_group_decorator.py took 0.102 seconds
[2023-10-06T22:52:12.634+0000] {processor.py:154} INFO - Started process (PID=2169) to work on /home/airflow/.local/lib/python3.7/site-packages/airflow/example_dags/example_task_group_decorator.py
[2023-10-06T22:52:12.635+0000] {processor.py:756} INFO - Processing file /home/airflow/.local/lib/python3.7/site-packages/airflow/example_dags/example_task_group_decorator.py for tasks to queue
[2023-10-06T22:52:12.636+0000] {logging_mixin.py:120} INFO - [2023-10-06T22:52:12.636+0000] {dagbag.py:537} INFO - Filling up the DagBag from /home/airflow/.local/lib/python3.7/site-packages/airflow/example_dags/example_task_group_decorator.py
[2023-10-06T22:52:12.662+0000] {processor.py:766} INFO - DAG(s) dict_keys(['example_task_group_decorator']) retrieved from /home/airflow/.local/lib/python3.7/site-packages/airflow/example_dags/example_task_group_decorator.py
[2023-10-06T22:52:12.693+0000] {logging_mixin.py:120} INFO - [2023-10-06T22:52:12.693+0000] {dag.py:2585} INFO - Sync 1 DAGs
[2023-10-06T22:52:12.710+0000] {logging_mixin.py:120} INFO - [2023-10-06T22:52:12.710+0000] {dag.py:3340} INFO - Setting next_dagrun for example_task_group_decorator to 2023-10-05T22:52:12.710538+00:00, run_after=2023-10-06T22:52:12.710538+00:00
[2023-10-06T22:52:12.725+0000] {processor.py:176} INFO - Processing /home/airflow/.local/lib/python3.7/site-packages/airflow/example_dags/example_task_group_decorator.py took 0.094 seconds
[2023-10-06T22:52:42.858+0000] {processor.py:154} INFO - Started process (PID=2234) to work on /home/airflow/.local/lib/python3.7/site-packages/airflow/example_dags/example_task_group_decorator.py
[2023-10-06T22:52:42.859+0000] {processor.py:756} INFO - Processing file /home/airflow/.local/lib/python3.7/site-packages/airflow/example_dags/example_task_group_decorator.py for tasks to queue
[2023-10-06T22:52:42.859+0000] {logging_mixin.py:120} INFO - [2023-10-06T22:52:42.859+0000] {dagbag.py:537} INFO - Filling up the DagBag from /home/airflow/.local/lib/python3.7/site-packages/airflow/example_dags/example_task_group_decorator.py
[2023-10-06T22:52:42.878+0000] {processor.py:766} INFO - DAG(s) dict_keys(['example_task_group_decorator']) retrieved from /home/airflow/.local/lib/python3.7/site-packages/airflow/example_dags/example_task_group_decorator.py
[2023-10-06T22:52:42.908+0000] {logging_mixin.py:120} INFO - [2023-10-06T22:52:42.908+0000] {dag.py:2585} INFO - Sync 1 DAGs
[2023-10-06T22:52:42.924+0000] {logging_mixin.py:120} INFO - [2023-10-06T22:52:42.924+0000] {dag.py:3340} INFO - Setting next_dagrun for example_task_group_decorator to 2023-10-05T22:52:42.924464+00:00, run_after=2023-10-06T22:52:42.924464+00:00
[2023-10-06T22:52:42.941+0000] {processor.py:176} INFO - Processing /home/airflow/.local/lib/python3.7/site-packages/airflow/example_dags/example_task_group_decorator.py took 0.086 seconds
[2023-10-06T22:53:13.227+0000] {processor.py:154} INFO - Started process (PID=2298) to work on /home/airflow/.local/lib/python3.7/site-packages/airflow/example_dags/example_task_group_decorator.py
[2023-10-06T22:53:13.228+0000] {processor.py:756} INFO - Processing file /home/airflow/.local/lib/python3.7/site-packages/airflow/example_dags/example_task_group_decorator.py for tasks to queue
[2023-10-06T22:53:13.228+0000] {logging_mixin.py:120} INFO - [2023-10-06T22:53:13.228+0000] {dagbag.py:537} INFO - Filling up the DagBag from /home/airflow/.local/lib/python3.7/site-packages/airflow/example_dags/example_task_group_decorator.py
[2023-10-06T22:53:13.249+0000] {processor.py:766} INFO - DAG(s) dict_keys(['example_task_group_decorator']) retrieved from /home/airflow/.local/lib/python3.7/site-packages/airflow/example_dags/example_task_group_decorator.py
[2023-10-06T22:53:13.285+0000] {logging_mixin.py:120} INFO - [2023-10-06T22:53:13.285+0000] {dag.py:2585} INFO - Sync 1 DAGs
[2023-10-06T22:53:13.303+0000] {logging_mixin.py:120} INFO - [2023-10-06T22:53:13.303+0000] {dag.py:3340} INFO - Setting next_dagrun for example_task_group_decorator to 2023-10-05T22:53:13.303472+00:00, run_after=2023-10-06T22:53:13.303472+00:00
[2023-10-06T22:53:13.319+0000] {processor.py:176} INFO - Processing /home/airflow/.local/lib/python3.7/site-packages/airflow/example_dags/example_task_group_decorator.py took 0.095 seconds
[2023-10-06T22:53:43.493+0000] {processor.py:154} INFO - Started process (PID=2354) to work on /home/airflow/.local/lib/python3.7/site-packages/airflow/example_dags/example_task_group_decorator.py
[2023-10-06T22:53:43.494+0000] {processor.py:756} INFO - Processing file /home/airflow/.local/lib/python3.7/site-packages/airflow/example_dags/example_task_group_decorator.py for tasks to queue
[2023-10-06T22:53:43.494+0000] {logging_mixin.py:120} INFO - [2023-10-06T22:53:43.494+0000] {dagbag.py:537} INFO - Filling up the DagBag from /home/airflow/.local/lib/python3.7/site-packages/airflow/example_dags/example_task_group_decorator.py
[2023-10-06T22:53:43.515+0000] {processor.py:766} INFO - DAG(s) dict_keys(['example_task_group_decorator']) retrieved from /home/airflow/.local/lib/python3.7/site-packages/airflow/example_dags/example_task_group_decorator.py
[2023-10-06T22:53:43.546+0000] {logging_mixin.py:120} INFO - [2023-10-06T22:53:43.545+0000] {dag.py:2585} INFO - Sync 1 DAGs
[2023-10-06T22:53:43.562+0000] {logging_mixin.py:120} INFO - [2023-10-06T22:53:43.562+0000] {dag.py:3340} INFO - Setting next_dagrun for example_task_group_decorator to 2023-10-05T22:53:43.562610+00:00, run_after=2023-10-06T22:53:43.562610+00:00
[2023-10-06T22:53:43.576+0000] {processor.py:176} INFO - Processing /home/airflow/.local/lib/python3.7/site-packages/airflow/example_dags/example_task_group_decorator.py took 0.086 seconds
[2023-10-06T22:54:13.761+0000] {processor.py:154} INFO - Started process (PID=2418) to work on /home/airflow/.local/lib/python3.7/site-packages/airflow/example_dags/example_task_group_decorator.py
[2023-10-06T22:54:13.762+0000] {processor.py:756} INFO - Processing file /home/airflow/.local/lib/python3.7/site-packages/airflow/example_dags/example_task_group_decorator.py for tasks to queue
[2023-10-06T22:54:13.763+0000] {logging_mixin.py:120} INFO - [2023-10-06T22:54:13.763+0000] {dagbag.py:537} INFO - Filling up the DagBag from /home/airflow/.local/lib/python3.7/site-packages/airflow/example_dags/example_task_group_decorator.py
[2023-10-06T22:54:13.782+0000] {processor.py:766} INFO - DAG(s) dict_keys(['example_task_group_decorator']) retrieved from /home/airflow/.local/lib/python3.7/site-packages/airflow/example_dags/example_task_group_decorator.py
[2023-10-06T22:54:13.811+0000] {logging_mixin.py:120} INFO - [2023-10-06T22:54:13.811+0000] {dag.py:2585} INFO - Sync 1 DAGs
[2023-10-06T22:54:13.826+0000] {logging_mixin.py:120} INFO - [2023-10-06T22:54:13.826+0000] {dag.py:3340} INFO - Setting next_dagrun for example_task_group_decorator to 2023-10-05T22:54:13.826562+00:00, run_after=2023-10-06T22:54:13.826562+00:00
[2023-10-06T22:54:13.841+0000] {processor.py:176} INFO - Processing /home/airflow/.local/lib/python3.7/site-packages/airflow/example_dags/example_task_group_decorator.py took 0.082 seconds
[2023-10-06T22:54:43.983+0000] {processor.py:154} INFO - Started process (PID=2483) to work on /home/airflow/.local/lib/python3.7/site-packages/airflow/example_dags/example_task_group_decorator.py
[2023-10-06T22:54:43.983+0000] {processor.py:756} INFO - Processing file /home/airflow/.local/lib/python3.7/site-packages/airflow/example_dags/example_task_group_decorator.py for tasks to queue
[2023-10-06T22:54:43.984+0000] {logging_mixin.py:120} INFO - [2023-10-06T22:54:43.984+0000] {dagbag.py:537} INFO - Filling up the DagBag from /home/airflow/.local/lib/python3.7/site-packages/airflow/example_dags/example_task_group_decorator.py
[2023-10-06T22:54:44.002+0000] {processor.py:766} INFO - DAG(s) dict_keys(['example_task_group_decorator']) retrieved from /home/airflow/.local/lib/python3.7/site-packages/airflow/example_dags/example_task_group_decorator.py
[2023-10-06T22:54:44.034+0000] {logging_mixin.py:120} INFO - [2023-10-06T22:54:44.034+0000] {dag.py:2585} INFO - Sync 1 DAGs
[2023-10-06T22:54:44.050+0000] {logging_mixin.py:120} INFO - [2023-10-06T22:54:44.050+0000] {dag.py:3340} INFO - Setting next_dagrun for example_task_group_decorator to 2023-10-05T22:54:44.049901+00:00, run_after=2023-10-06T22:54:44.049901+00:00
[2023-10-06T22:54:44.064+0000] {processor.py:176} INFO - Processing /home/airflow/.local/lib/python3.7/site-packages/airflow/example_dags/example_task_group_decorator.py took 0.083 seconds
[2023-10-06T22:55:14.287+0000] {processor.py:154} INFO - Started process (PID=2547) to work on /home/airflow/.local/lib/python3.7/site-packages/airflow/example_dags/example_task_group_decorator.py
[2023-10-06T22:55:14.288+0000] {processor.py:756} INFO - Processing file /home/airflow/.local/lib/python3.7/site-packages/airflow/example_dags/example_task_group_decorator.py for tasks to queue
[2023-10-06T22:55:14.288+0000] {logging_mixin.py:120} INFO - [2023-10-06T22:55:14.288+0000] {dagbag.py:537} INFO - Filling up the DagBag from /home/airflow/.local/lib/python3.7/site-packages/airflow/example_dags/example_task_group_decorator.py
[2023-10-06T22:55:14.307+0000] {processor.py:766} INFO - DAG(s) dict_keys(['example_task_group_decorator']) retrieved from /home/airflow/.local/lib/python3.7/site-packages/airflow/example_dags/example_task_group_decorator.py
[2023-10-06T22:55:14.336+0000] {logging_mixin.py:120} INFO - [2023-10-06T22:55:14.336+0000] {dag.py:2585} INFO - Sync 1 DAGs
[2023-10-06T22:55:14.354+0000] {logging_mixin.py:120} INFO - [2023-10-06T22:55:14.354+0000] {dag.py:3340} INFO - Setting next_dagrun for example_task_group_decorator to 2023-10-05T22:55:14.353993+00:00, run_after=2023-10-06T22:55:14.353993+00:00
[2023-10-06T22:55:14.369+0000] {processor.py:176} INFO - Processing /home/airflow/.local/lib/python3.7/site-packages/airflow/example_dags/example_task_group_decorator.py took 0.084 seconds
[2023-10-06T22:55:44.702+0000] {processor.py:154} INFO - Started process (PID=2602) to work on /home/airflow/.local/lib/python3.7/site-packages/airflow/example_dags/example_task_group_decorator.py
[2023-10-06T22:55:44.702+0000] {processor.py:756} INFO - Processing file /home/airflow/.local/lib/python3.7/site-packages/airflow/example_dags/example_task_group_decorator.py for tasks to queue
[2023-10-06T22:55:44.703+0000] {logging_mixin.py:120} INFO - [2023-10-06T22:55:44.703+0000] {dagbag.py:537} INFO - Filling up the DagBag from /home/airflow/.local/lib/python3.7/site-packages/airflow/example_dags/example_task_group_decorator.py
[2023-10-06T22:55:44.722+0000] {processor.py:766} INFO - DAG(s) dict_keys(['example_task_group_decorator']) retrieved from /home/airflow/.local/lib/python3.7/site-packages/airflow/example_dags/example_task_group_decorator.py
[2023-10-06T22:55:44.755+0000] {logging_mixin.py:120} INFO - [2023-10-06T22:55:44.755+0000] {dag.py:2585} INFO - Sync 1 DAGs
[2023-10-06T22:55:44.771+0000] {logging_mixin.py:120} INFO - [2023-10-06T22:55:44.771+0000] {dag.py:3340} INFO - Setting next_dagrun for example_task_group_decorator to 2023-10-05T22:55:44.771361+00:00, run_after=2023-10-06T22:55:44.771361+00:00
[2023-10-06T22:55:44.785+0000] {processor.py:176} INFO - Processing /home/airflow/.local/lib/python3.7/site-packages/airflow/example_dags/example_task_group_decorator.py took 0.086 seconds
[2023-10-06T22:56:15.022+0000] {processor.py:154} INFO - Started process (PID=2666) to work on /home/airflow/.local/lib/python3.7/site-packages/airflow/example_dags/example_task_group_decorator.py
[2023-10-06T22:56:15.023+0000] {processor.py:756} INFO - Processing file /home/airflow/.local/lib/python3.7/site-packages/airflow/example_dags/example_task_group_decorator.py for tasks to queue
[2023-10-06T22:56:15.023+0000] {logging_mixin.py:120} INFO - [2023-10-06T22:56:15.023+0000] {dagbag.py:537} INFO - Filling up the DagBag from /home/airflow/.local/lib/python3.7/site-packages/airflow/example_dags/example_task_group_decorator.py
[2023-10-06T22:56:15.041+0000] {processor.py:766} INFO - DAG(s) dict_keys(['example_task_group_decorator']) retrieved from /home/airflow/.local/lib/python3.7/site-packages/airflow/example_dags/example_task_group_decorator.py
[2023-10-06T22:56:15.072+0000] {logging_mixin.py:120} INFO - [2023-10-06T22:56:15.071+0000] {dag.py:2585} INFO - Sync 1 DAGs
[2023-10-06T22:56:15.087+0000] {logging_mixin.py:120} INFO - [2023-10-06T22:56:15.087+0000] {dag.py:3340} INFO - Setting next_dagrun for example_task_group_decorator to 2023-10-05T22:56:15.087699+00:00, run_after=2023-10-06T22:56:15.087699+00:00
[2023-10-06T22:56:15.102+0000] {processor.py:176} INFO - Processing /home/airflow/.local/lib/python3.7/site-packages/airflow/example_dags/example_task_group_decorator.py took 0.082 seconds
[2023-10-06T22:56:45.162+0000] {processor.py:154} INFO - Started process (PID=2729) to work on /home/airflow/.local/lib/python3.7/site-packages/airflow/example_dags/example_task_group_decorator.py
[2023-10-06T22:56:45.163+0000] {processor.py:756} INFO - Processing file /home/airflow/.local/lib/python3.7/site-packages/airflow/example_dags/example_task_group_decorator.py for tasks to queue
[2023-10-06T22:56:45.163+0000] {logging_mixin.py:120} INFO - [2023-10-06T22:56:45.163+0000] {dagbag.py:537} INFO - Filling up the DagBag from /home/airflow/.local/lib/python3.7/site-packages/airflow/example_dags/example_task_group_decorator.py
[2023-10-06T22:56:45.181+0000] {processor.py:766} INFO - DAG(s) dict_keys(['example_task_group_decorator']) retrieved from /home/airflow/.local/lib/python3.7/site-packages/airflow/example_dags/example_task_group_decorator.py
[2023-10-06T22:56:45.209+0000] {logging_mixin.py:120} INFO - [2023-10-06T22:56:45.209+0000] {dag.py:2585} INFO - Sync 1 DAGs
[2023-10-06T22:56:45.225+0000] {logging_mixin.py:120} INFO - [2023-10-06T22:56:45.225+0000] {dag.py:3340} INFO - Setting next_dagrun for example_task_group_decorator to 2023-10-05T22:56:45.225351+00:00, run_after=2023-10-06T22:56:45.225351+00:00
[2023-10-06T22:56:45.239+0000] {processor.py:176} INFO - Processing /home/airflow/.local/lib/python3.7/site-packages/airflow/example_dags/example_task_group_decorator.py took 0.079 seconds
[2023-10-06T22:57:15.321+0000] {processor.py:154} INFO - Started process (PID=2792) to work on /home/airflow/.local/lib/python3.7/site-packages/airflow/example_dags/example_task_group_decorator.py
[2023-10-06T22:57:15.322+0000] {processor.py:756} INFO - Processing file /home/airflow/.local/lib/python3.7/site-packages/airflow/example_dags/example_task_group_decorator.py for tasks to queue
[2023-10-06T22:57:15.323+0000] {logging_mixin.py:120} INFO - [2023-10-06T22:57:15.323+0000] {dagbag.py:537} INFO - Filling up the DagBag from /home/airflow/.local/lib/python3.7/site-packages/airflow/example_dags/example_task_group_decorator.py
[2023-10-06T22:57:15.342+0000] {processor.py:766} INFO - DAG(s) dict_keys(['example_task_group_decorator']) retrieved from /home/airflow/.local/lib/python3.7/site-packages/airflow/example_dags/example_task_group_decorator.py
[2023-10-06T22:57:15.371+0000] {logging_mixin.py:120} INFO - [2023-10-06T22:57:15.371+0000] {dag.py:2585} INFO - Sync 1 DAGs
[2023-10-06T22:57:15.388+0000] {logging_mixin.py:120} INFO - [2023-10-06T22:57:15.388+0000] {dag.py:3340} INFO - Setting next_dagrun for example_task_group_decorator to 2023-10-05T22:57:15.388463+00:00, run_after=2023-10-06T22:57:15.388463+00:00
[2023-10-06T22:57:15.403+0000] {processor.py:176} INFO - Processing /home/airflow/.local/lib/python3.7/site-packages/airflow/example_dags/example_task_group_decorator.py took 0.084 seconds
[2023-10-06T22:57:45.781+0000] {processor.py:154} INFO - Started process (PID=2853) to work on /home/airflow/.local/lib/python3.7/site-packages/airflow/example_dags/example_task_group_decorator.py
[2023-10-06T22:57:45.782+0000] {processor.py:756} INFO - Processing file /home/airflow/.local/lib/python3.7/site-packages/airflow/example_dags/example_task_group_decorator.py for tasks to queue
[2023-10-06T22:57:45.782+0000] {logging_mixin.py:120} INFO - [2023-10-06T22:57:45.782+0000] {dagbag.py:537} INFO - Filling up the DagBag from /home/airflow/.local/lib/python3.7/site-packages/airflow/example_dags/example_task_group_decorator.py
[2023-10-06T22:57:45.802+0000] {processor.py:766} INFO - DAG(s) dict_keys(['example_task_group_decorator']) retrieved from /home/airflow/.local/lib/python3.7/site-packages/airflow/example_dags/example_task_group_decorator.py
[2023-10-06T22:57:45.837+0000] {logging_mixin.py:120} INFO - [2023-10-06T22:57:45.837+0000] {dag.py:2585} INFO - Sync 1 DAGs
[2023-10-06T22:57:45.854+0000] {logging_mixin.py:120} INFO - [2023-10-06T22:57:45.854+0000] {dag.py:3340} INFO - Setting next_dagrun for example_task_group_decorator to 2023-10-05T22:57:45.854271+00:00, run_after=2023-10-06T22:57:45.854271+00:00
[2023-10-06T22:57:45.873+0000] {processor.py:176} INFO - Processing /home/airflow/.local/lib/python3.7/site-packages/airflow/example_dags/example_task_group_decorator.py took 0.094 seconds
[2023-10-06T22:58:15.916+0000] {processor.py:154} INFO - Started process (PID=2909) to work on /home/airflow/.local/lib/python3.7/site-packages/airflow/example_dags/example_task_group_decorator.py
[2023-10-06T22:58:15.917+0000] {processor.py:756} INFO - Processing file /home/airflow/.local/lib/python3.7/site-packages/airflow/example_dags/example_task_group_decorator.py for tasks to queue
[2023-10-06T22:58:15.918+0000] {logging_mixin.py:120} INFO - [2023-10-06T22:58:15.918+0000] {dagbag.py:537} INFO - Filling up the DagBag from /home/airflow/.local/lib/python3.7/site-packages/airflow/example_dags/example_task_group_decorator.py
[2023-10-06T22:58:15.936+0000] {processor.py:766} INFO - DAG(s) dict_keys(['example_task_group_decorator']) retrieved from /home/airflow/.local/lib/python3.7/site-packages/airflow/example_dags/example_task_group_decorator.py
[2023-10-06T22:58:15.964+0000] {logging_mixin.py:120} INFO - [2023-10-06T22:58:15.964+0000] {dag.py:2585} INFO - Sync 1 DAGs
[2023-10-06T22:58:15.980+0000] {logging_mixin.py:120} INFO - [2023-10-06T22:58:15.980+0000] {dag.py:3340} INFO - Setting next_dagrun for example_task_group_decorator to 2023-10-05T22:58:15.980270+00:00, run_after=2023-10-06T22:58:15.980270+00:00
[2023-10-06T22:58:15.993+0000] {processor.py:176} INFO - Processing /home/airflow/.local/lib/python3.7/site-packages/airflow/example_dags/example_task_group_decorator.py took 0.079 seconds
[2023-10-06T22:58:46.144+0000] {processor.py:154} INFO - Started process (PID=2971) to work on /home/airflow/.local/lib/python3.7/site-packages/airflow/example_dags/example_task_group_decorator.py
[2023-10-06T22:58:46.144+0000] {processor.py:756} INFO - Processing file /home/airflow/.local/lib/python3.7/site-packages/airflow/example_dags/example_task_group_decorator.py for tasks to queue
[2023-10-06T22:58:46.145+0000] {logging_mixin.py:120} INFO - [2023-10-06T22:58:46.144+0000] {dagbag.py:537} INFO - Filling up the DagBag from /home/airflow/.local/lib/python3.7/site-packages/airflow/example_dags/example_task_group_decorator.py
[2023-10-06T22:58:46.164+0000] {processor.py:766} INFO - DAG(s) dict_keys(['example_task_group_decorator']) retrieved from /home/airflow/.local/lib/python3.7/site-packages/airflow/example_dags/example_task_group_decorator.py
[2023-10-06T22:58:46.193+0000] {logging_mixin.py:120} INFO - [2023-10-06T22:58:46.193+0000] {dag.py:2585} INFO - Sync 1 DAGs
[2023-10-06T22:58:46.209+0000] {logging_mixin.py:120} INFO - [2023-10-06T22:58:46.209+0000] {dag.py:3340} INFO - Setting next_dagrun for example_task_group_decorator to 2023-10-05T22:58:46.209460+00:00, run_after=2023-10-06T22:58:46.209460+00:00
[2023-10-06T22:58:46.223+0000] {processor.py:176} INFO - Processing /home/airflow/.local/lib/python3.7/site-packages/airflow/example_dags/example_task_group_decorator.py took 0.082 seconds
[2023-10-06T22:59:16.425+0000] {processor.py:154} INFO - Started process (PID=3035) to work on /home/airflow/.local/lib/python3.7/site-packages/airflow/example_dags/example_task_group_decorator.py
[2023-10-06T22:59:16.426+0000] {processor.py:756} INFO - Processing file /home/airflow/.local/lib/python3.7/site-packages/airflow/example_dags/example_task_group_decorator.py for tasks to queue
[2023-10-06T22:59:16.427+0000] {logging_mixin.py:120} INFO - [2023-10-06T22:59:16.427+0000] {dagbag.py:537} INFO - Filling up the DagBag from /home/airflow/.local/lib/python3.7/site-packages/airflow/example_dags/example_task_group_decorator.py
[2023-10-06T22:59:16.446+0000] {processor.py:766} INFO - DAG(s) dict_keys(['example_task_group_decorator']) retrieved from /home/airflow/.local/lib/python3.7/site-packages/airflow/example_dags/example_task_group_decorator.py
[2023-10-06T22:59:16.477+0000] {logging_mixin.py:120} INFO - [2023-10-06T22:59:16.476+0000] {dag.py:2585} INFO - Sync 1 DAGs
[2023-10-06T22:59:16.493+0000] {logging_mixin.py:120} INFO - [2023-10-06T22:59:16.493+0000] {dag.py:3340} INFO - Setting next_dagrun for example_task_group_decorator to 2023-10-05T22:59:16.493630+00:00, run_after=2023-10-06T22:59:16.493630+00:00
[2023-10-06T22:59:16.510+0000] {processor.py:176} INFO - Processing /home/airflow/.local/lib/python3.7/site-packages/airflow/example_dags/example_task_group_decorator.py took 0.087 seconds
[2023-10-06T22:59:46.661+0000] {processor.py:154} INFO - Started process (PID=3103) to work on /home/airflow/.local/lib/python3.7/site-packages/airflow/example_dags/example_task_group_decorator.py
[2023-10-06T22:59:46.662+0000] {processor.py:756} INFO - Processing file /home/airflow/.local/lib/python3.7/site-packages/airflow/example_dags/example_task_group_decorator.py for tasks to queue
[2023-10-06T22:59:46.662+0000] {logging_mixin.py:120} INFO - [2023-10-06T22:59:46.662+0000] {dagbag.py:537} INFO - Filling up the DagBag from /home/airflow/.local/lib/python3.7/site-packages/airflow/example_dags/example_task_group_decorator.py
[2023-10-06T22:59:46.683+0000] {processor.py:766} INFO - DAG(s) dict_keys(['example_task_group_decorator']) retrieved from /home/airflow/.local/lib/python3.7/site-packages/airflow/example_dags/example_task_group_decorator.py
[2023-10-06T22:59:46.714+0000] {logging_mixin.py:120} INFO - [2023-10-06T22:59:46.714+0000] {dag.py:2585} INFO - Sync 1 DAGs
[2023-10-06T22:59:46.732+0000] {logging_mixin.py:120} INFO - [2023-10-06T22:59:46.731+0000] {dag.py:3340} INFO - Setting next_dagrun for example_task_group_decorator to 2023-10-05T22:59:46.731740+00:00, run_after=2023-10-06T22:59:46.731740+00:00
[2023-10-06T22:59:46.747+0000] {processor.py:176} INFO - Processing /home/airflow/.local/lib/python3.7/site-packages/airflow/example_dags/example_task_group_decorator.py took 0.088 seconds
[2023-10-06T23:00:17.753+0000] {processor.py:154} INFO - Started process (PID=3157) to work on /home/airflow/.local/lib/python3.7/site-packages/airflow/example_dags/example_task_group_decorator.py
[2023-10-06T23:00:17.754+0000] {processor.py:756} INFO - Processing file /home/airflow/.local/lib/python3.7/site-packages/airflow/example_dags/example_task_group_decorator.py for tasks to queue
[2023-10-06T23:00:17.755+0000] {logging_mixin.py:120} INFO - [2023-10-06T23:00:17.755+0000] {dagbag.py:537} INFO - Filling up the DagBag from /home/airflow/.local/lib/python3.7/site-packages/airflow/example_dags/example_task_group_decorator.py
[2023-10-06T23:00:17.773+0000] {processor.py:766} INFO - DAG(s) dict_keys(['example_task_group_decorator']) retrieved from /home/airflow/.local/lib/python3.7/site-packages/airflow/example_dags/example_task_group_decorator.py
[2023-10-06T23:00:17.805+0000] {logging_mixin.py:120} INFO - [2023-10-06T23:00:17.804+0000] {dag.py:2585} INFO - Sync 1 DAGs
[2023-10-06T23:00:17.823+0000] {logging_mixin.py:120} INFO - [2023-10-06T23:00:17.823+0000] {dag.py:3340} INFO - Setting next_dagrun for example_task_group_decorator to 2023-10-05T23:00:17.822992+00:00, run_after=2023-10-06T23:00:17.822992+00:00
[2023-10-06T23:00:17.839+0000] {processor.py:176} INFO - Processing /home/airflow/.local/lib/python3.7/site-packages/airflow/example_dags/example_task_group_decorator.py took 0.087 seconds
[2023-10-06T23:00:48.001+0000] {processor.py:154} INFO - Started process (PID=3220) to work on /home/airflow/.local/lib/python3.7/site-packages/airflow/example_dags/example_task_group_decorator.py
[2023-10-06T23:00:48.001+0000] {processor.py:756} INFO - Processing file /home/airflow/.local/lib/python3.7/site-packages/airflow/example_dags/example_task_group_decorator.py for tasks to queue
[2023-10-06T23:00:48.002+0000] {logging_mixin.py:120} INFO - [2023-10-06T23:00:48.002+0000] {dagbag.py:537} INFO - Filling up the DagBag from /home/airflow/.local/lib/python3.7/site-packages/airflow/example_dags/example_task_group_decorator.py
[2023-10-06T23:00:48.021+0000] {processor.py:766} INFO - DAG(s) dict_keys(['example_task_group_decorator']) retrieved from /home/airflow/.local/lib/python3.7/site-packages/airflow/example_dags/example_task_group_decorator.py
[2023-10-06T23:00:48.050+0000] {logging_mixin.py:120} INFO - [2023-10-06T23:00:48.050+0000] {dag.py:2585} INFO - Sync 1 DAGs
[2023-10-06T23:00:48.067+0000] {logging_mixin.py:120} INFO - [2023-10-06T23:00:48.066+0000] {dag.py:3340} INFO - Setting next_dagrun for example_task_group_decorator to 2023-10-05T23:00:48.066677+00:00, run_after=2023-10-06T23:00:48.066677+00:00
[2023-10-06T23:00:48.085+0000] {processor.py:176} INFO - Processing /home/airflow/.local/lib/python3.7/site-packages/airflow/example_dags/example_task_group_decorator.py took 0.086 seconds
[2023-10-06T23:01:19.222+0000] {processor.py:154} INFO - Started process (PID=3284) to work on /home/airflow/.local/lib/python3.7/site-packages/airflow/example_dags/example_task_group_decorator.py
[2023-10-06T23:01:19.223+0000] {processor.py:756} INFO - Processing file /home/airflow/.local/lib/python3.7/site-packages/airflow/example_dags/example_task_group_decorator.py for tasks to queue
[2023-10-06T23:01:19.224+0000] {logging_mixin.py:120} INFO - [2023-10-06T23:01:19.224+0000] {dagbag.py:537} INFO - Filling up the DagBag from /home/airflow/.local/lib/python3.7/site-packages/airflow/example_dags/example_task_group_decorator.py
[2023-10-06T23:01:19.243+0000] {processor.py:766} INFO - DAG(s) dict_keys(['example_task_group_decorator']) retrieved from /home/airflow/.local/lib/python3.7/site-packages/airflow/example_dags/example_task_group_decorator.py
[2023-10-06T23:01:19.273+0000] {logging_mixin.py:120} INFO - [2023-10-06T23:01:19.273+0000] {dag.py:2585} INFO - Sync 1 DAGs
[2023-10-06T23:01:19.291+0000] {logging_mixin.py:120} INFO - [2023-10-06T23:01:19.291+0000] {dag.py:3340} INFO - Setting next_dagrun for example_task_group_decorator to 2023-10-05T23:01:19.291063+00:00, run_after=2023-10-06T23:01:19.291063+00:00
[2023-10-06T23:01:19.304+0000] {processor.py:176} INFO - Processing /home/airflow/.local/lib/python3.7/site-packages/airflow/example_dags/example_task_group_decorator.py took 0.083 seconds
[2023-10-06T23:01:49.364+0000] {processor.py:154} INFO - Started process (PID=3350) to work on /home/airflow/.local/lib/python3.7/site-packages/airflow/example_dags/example_task_group_decorator.py
[2023-10-06T23:01:49.365+0000] {processor.py:756} INFO - Processing file /home/airflow/.local/lib/python3.7/site-packages/airflow/example_dags/example_task_group_decorator.py for tasks to queue
[2023-10-06T23:01:49.365+0000] {logging_mixin.py:120} INFO - [2023-10-06T23:01:49.365+0000] {dagbag.py:537} INFO - Filling up the DagBag from /home/airflow/.local/lib/python3.7/site-packages/airflow/example_dags/example_task_group_decorator.py
[2023-10-06T23:01:49.383+0000] {processor.py:766} INFO - DAG(s) dict_keys(['example_task_group_decorator']) retrieved from /home/airflow/.local/lib/python3.7/site-packages/airflow/example_dags/example_task_group_decorator.py
[2023-10-06T23:01:49.412+0000] {logging_mixin.py:120} INFO - [2023-10-06T23:01:49.411+0000] {dag.py:2585} INFO - Sync 1 DAGs
[2023-10-06T23:01:49.427+0000] {logging_mixin.py:120} INFO - [2023-10-06T23:01:49.427+0000] {dag.py:3340} INFO - Setting next_dagrun for example_task_group_decorator to 2023-10-05T23:01:49.427193+00:00, run_after=2023-10-06T23:01:49.427193+00:00
[2023-10-06T23:01:49.440+0000] {processor.py:176} INFO - Processing /home/airflow/.local/lib/python3.7/site-packages/airflow/example_dags/example_task_group_decorator.py took 0.078 seconds
[2023-10-06T23:02:20.420+0000] {processor.py:154} INFO - Started process (PID=3412) to work on /home/airflow/.local/lib/python3.7/site-packages/airflow/example_dags/example_task_group_decorator.py
[2023-10-06T23:02:20.421+0000] {processor.py:756} INFO - Processing file /home/airflow/.local/lib/python3.7/site-packages/airflow/example_dags/example_task_group_decorator.py for tasks to queue
[2023-10-06T23:02:20.422+0000] {logging_mixin.py:120} INFO - [2023-10-06T23:02:20.422+0000] {dagbag.py:537} INFO - Filling up the DagBag from /home/airflow/.local/lib/python3.7/site-packages/airflow/example_dags/example_task_group_decorator.py
[2023-10-06T23:02:20.441+0000] {processor.py:766} INFO - DAG(s) dict_keys(['example_task_group_decorator']) retrieved from /home/airflow/.local/lib/python3.7/site-packages/airflow/example_dags/example_task_group_decorator.py
[2023-10-06T23:02:20.474+0000] {logging_mixin.py:120} INFO - [2023-10-06T23:02:20.474+0000] {dag.py:2585} INFO - Sync 1 DAGs
[2023-10-06T23:02:20.492+0000] {logging_mixin.py:120} INFO - [2023-10-06T23:02:20.491+0000] {dag.py:3340} INFO - Setting next_dagrun for example_task_group_decorator to 2023-10-05T23:02:20.491672+00:00, run_after=2023-10-06T23:02:20.491672+00:00
[2023-10-06T23:02:20.508+0000] {processor.py:176} INFO - Processing /home/airflow/.local/lib/python3.7/site-packages/airflow/example_dags/example_task_group_decorator.py took 0.090 seconds
[2023-10-06T23:02:50.652+0000] {processor.py:154} INFO - Started process (PID=3468) to work on /home/airflow/.local/lib/python3.7/site-packages/airflow/example_dags/example_task_group_decorator.py
[2023-10-06T23:02:50.653+0000] {processor.py:756} INFO - Processing file /home/airflow/.local/lib/python3.7/site-packages/airflow/example_dags/example_task_group_decorator.py for tasks to queue
[2023-10-06T23:02:50.653+0000] {logging_mixin.py:120} INFO - [2023-10-06T23:02:50.653+0000] {dagbag.py:537} INFO - Filling up the DagBag from /home/airflow/.local/lib/python3.7/site-packages/airflow/example_dags/example_task_group_decorator.py
[2023-10-06T23:02:50.673+0000] {processor.py:766} INFO - DAG(s) dict_keys(['example_task_group_decorator']) retrieved from /home/airflow/.local/lib/python3.7/site-packages/airflow/example_dags/example_task_group_decorator.py
[2023-10-06T23:02:50.706+0000] {logging_mixin.py:120} INFO - [2023-10-06T23:02:50.706+0000] {dag.py:2585} INFO - Sync 1 DAGs
[2023-10-06T23:02:50.725+0000] {logging_mixin.py:120} INFO - [2023-10-06T23:02:50.725+0000] {dag.py:3340} INFO - Setting next_dagrun for example_task_group_decorator to 2023-10-05T23:02:50.725269+00:00, run_after=2023-10-06T23:02:50.725269+00:00
[2023-10-06T23:02:50.739+0000] {processor.py:176} INFO - Processing /home/airflow/.local/lib/python3.7/site-packages/airflow/example_dags/example_task_group_decorator.py took 0.090 seconds
[2023-10-06T23:03:21.767+0000] {processor.py:154} INFO - Started process (PID=3531) to work on /home/airflow/.local/lib/python3.7/site-packages/airflow/example_dags/example_task_group_decorator.py
[2023-10-06T23:03:21.768+0000] {processor.py:756} INFO - Processing file /home/airflow/.local/lib/python3.7/site-packages/airflow/example_dags/example_task_group_decorator.py for tasks to queue
[2023-10-06T23:03:21.769+0000] {logging_mixin.py:120} INFO - [2023-10-06T23:03:21.769+0000] {dagbag.py:537} INFO - Filling up the DagBag from /home/airflow/.local/lib/python3.7/site-packages/airflow/example_dags/example_task_group_decorator.py
[2023-10-06T23:03:21.789+0000] {processor.py:766} INFO - DAG(s) dict_keys(['example_task_group_decorator']) retrieved from /home/airflow/.local/lib/python3.7/site-packages/airflow/example_dags/example_task_group_decorator.py
[2023-10-06T23:03:21.822+0000] {logging_mixin.py:120} INFO - [2023-10-06T23:03:21.822+0000] {dag.py:2585} INFO - Sync 1 DAGs
[2023-10-06T23:03:21.843+0000] {logging_mixin.py:120} INFO - [2023-10-06T23:03:21.843+0000] {dag.py:3340} INFO - Setting next_dagrun for example_task_group_decorator to 2023-10-05T23:03:21.842926+00:00, run_after=2023-10-06T23:03:21.842926+00:00
[2023-10-06T23:03:21.861+0000] {processor.py:176} INFO - Processing /home/airflow/.local/lib/python3.7/site-packages/airflow/example_dags/example_task_group_decorator.py took 0.096 seconds
[2023-10-06T23:03:51.996+0000] {processor.py:154} INFO - Started process (PID=3595) to work on /home/airflow/.local/lib/python3.7/site-packages/airflow/example_dags/example_task_group_decorator.py
[2023-10-06T23:03:51.996+0000] {processor.py:756} INFO - Processing file /home/airflow/.local/lib/python3.7/site-packages/airflow/example_dags/example_task_group_decorator.py for tasks to queue
[2023-10-06T23:03:51.997+0000] {logging_mixin.py:120} INFO - [2023-10-06T23:03:51.997+0000] {dagbag.py:537} INFO - Filling up the DagBag from /home/airflow/.local/lib/python3.7/site-packages/airflow/example_dags/example_task_group_decorator.py
[2023-10-06T23:03:52.017+0000] {processor.py:766} INFO - DAG(s) dict_keys(['example_task_group_decorator']) retrieved from /home/airflow/.local/lib/python3.7/site-packages/airflow/example_dags/example_task_group_decorator.py
[2023-10-06T23:03:52.050+0000] {logging_mixin.py:120} INFO - [2023-10-06T23:03:52.050+0000] {dag.py:2585} INFO - Sync 1 DAGs
[2023-10-06T23:03:52.067+0000] {logging_mixin.py:120} INFO - [2023-10-06T23:03:52.066+0000] {dag.py:3340} INFO - Setting next_dagrun for example_task_group_decorator to 2023-10-05T23:03:52.066759+00:00, run_after=2023-10-06T23:03:52.066759+00:00
[2023-10-06T23:03:52.084+0000] {processor.py:176} INFO - Processing /home/airflow/.local/lib/python3.7/site-packages/airflow/example_dags/example_task_group_decorator.py took 0.090 seconds
[2023-10-06T23:04:22.961+0000] {processor.py:154} INFO - Started process (PID=3659) to work on /home/airflow/.local/lib/python3.7/site-packages/airflow/example_dags/example_task_group_decorator.py
[2023-10-06T23:04:22.962+0000] {processor.py:756} INFO - Processing file /home/airflow/.local/lib/python3.7/site-packages/airflow/example_dags/example_task_group_decorator.py for tasks to queue
[2023-10-06T23:04:22.962+0000] {logging_mixin.py:120} INFO - [2023-10-06T23:04:22.962+0000] {dagbag.py:537} INFO - Filling up the DagBag from /home/airflow/.local/lib/python3.7/site-packages/airflow/example_dags/example_task_group_decorator.py
[2023-10-06T23:04:22.980+0000] {processor.py:766} INFO - DAG(s) dict_keys(['example_task_group_decorator']) retrieved from /home/airflow/.local/lib/python3.7/site-packages/airflow/example_dags/example_task_group_decorator.py
[2023-10-06T23:04:23.008+0000] {logging_mixin.py:120} INFO - [2023-10-06T23:04:23.007+0000] {dag.py:2585} INFO - Sync 1 DAGs
[2023-10-06T23:04:23.024+0000] {logging_mixin.py:120} INFO - [2023-10-06T23:04:23.024+0000] {dag.py:3340} INFO - Setting next_dagrun for example_task_group_decorator to 2023-10-05T23:04:23.024004+00:00, run_after=2023-10-06T23:04:23.024004+00:00
[2023-10-06T23:04:23.039+0000] {processor.py:176} INFO - Processing /home/airflow/.local/lib/python3.7/site-packages/airflow/example_dags/example_task_group_decorator.py took 0.081 seconds
[2023-10-06T23:04:53.273+0000] {processor.py:154} INFO - Started process (PID=3715) to work on /home/airflow/.local/lib/python3.7/site-packages/airflow/example_dags/example_task_group_decorator.py
[2023-10-06T23:04:53.273+0000] {processor.py:756} INFO - Processing file /home/airflow/.local/lib/python3.7/site-packages/airflow/example_dags/example_task_group_decorator.py for tasks to queue
[2023-10-06T23:04:53.274+0000] {logging_mixin.py:120} INFO - [2023-10-06T23:04:53.274+0000] {dagbag.py:537} INFO - Filling up the DagBag from /home/airflow/.local/lib/python3.7/site-packages/airflow/example_dags/example_task_group_decorator.py
[2023-10-06T23:04:53.292+0000] {processor.py:766} INFO - DAG(s) dict_keys(['example_task_group_decorator']) retrieved from /home/airflow/.local/lib/python3.7/site-packages/airflow/example_dags/example_task_group_decorator.py
[2023-10-06T23:04:53.321+0000] {logging_mixin.py:120} INFO - [2023-10-06T23:04:53.321+0000] {dag.py:2585} INFO - Sync 1 DAGs
[2023-10-06T23:04:53.338+0000] {logging_mixin.py:120} INFO - [2023-10-06T23:04:53.338+0000] {dag.py:3340} INFO - Setting next_dagrun for example_task_group_decorator to 2023-10-05T23:04:53.338465+00:00, run_after=2023-10-06T23:04:53.338465+00:00
[2023-10-06T23:04:53.356+0000] {processor.py:176} INFO - Processing /home/airflow/.local/lib/python3.7/site-packages/airflow/example_dags/example_task_group_decorator.py took 0.085 seconds
[2023-10-06T23:05:23.452+0000] {processor.py:154} INFO - Started process (PID=3779) to work on /home/airflow/.local/lib/python3.7/site-packages/airflow/example_dags/example_task_group_decorator.py
[2023-10-06T23:05:23.453+0000] {processor.py:756} INFO - Processing file /home/airflow/.local/lib/python3.7/site-packages/airflow/example_dags/example_task_group_decorator.py for tasks to queue
[2023-10-06T23:05:23.454+0000] {logging_mixin.py:120} INFO - [2023-10-06T23:05:23.454+0000] {dagbag.py:537} INFO - Filling up the DagBag from /home/airflow/.local/lib/python3.7/site-packages/airflow/example_dags/example_task_group_decorator.py
[2023-10-06T23:05:23.472+0000] {processor.py:766} INFO - DAG(s) dict_keys(['example_task_group_decorator']) retrieved from /home/airflow/.local/lib/python3.7/site-packages/airflow/example_dags/example_task_group_decorator.py
[2023-10-06T23:05:23.501+0000] {logging_mixin.py:120} INFO - [2023-10-06T23:05:23.501+0000] {dag.py:2585} INFO - Sync 1 DAGs
[2023-10-06T23:05:23.519+0000] {logging_mixin.py:120} INFO - [2023-10-06T23:05:23.519+0000] {dag.py:3340} INFO - Setting next_dagrun for example_task_group_decorator to 2023-10-05T23:05:23.519391+00:00, run_after=2023-10-06T23:05:23.519391+00:00
[2023-10-06T23:05:23.534+0000] {processor.py:176} INFO - Processing /home/airflow/.local/lib/python3.7/site-packages/airflow/example_dags/example_task_group_decorator.py took 0.084 seconds
[2023-10-06T23:05:53.687+0000] {processor.py:154} INFO - Started process (PID=3844) to work on /home/airflow/.local/lib/python3.7/site-packages/airflow/example_dags/example_task_group_decorator.py
[2023-10-06T23:05:53.688+0000] {processor.py:756} INFO - Processing file /home/airflow/.local/lib/python3.7/site-packages/airflow/example_dags/example_task_group_decorator.py for tasks to queue
[2023-10-06T23:05:53.688+0000] {logging_mixin.py:120} INFO - [2023-10-06T23:05:53.688+0000] {dagbag.py:537} INFO - Filling up the DagBag from /home/airflow/.local/lib/python3.7/site-packages/airflow/example_dags/example_task_group_decorator.py
[2023-10-06T23:05:53.706+0000] {processor.py:766} INFO - DAG(s) dict_keys(['example_task_group_decorator']) retrieved from /home/airflow/.local/lib/python3.7/site-packages/airflow/example_dags/example_task_group_decorator.py
[2023-10-06T23:05:53.738+0000] {logging_mixin.py:120} INFO - [2023-10-06T23:05:53.737+0000] {dag.py:2585} INFO - Sync 1 DAGs
[2023-10-06T23:05:53.754+0000] {logging_mixin.py:120} INFO - [2023-10-06T23:05:53.754+0000] {dag.py:3340} INFO - Setting next_dagrun for example_task_group_decorator to 2023-10-05T23:05:53.754555+00:00, run_after=2023-10-06T23:05:53.754555+00:00
[2023-10-06T23:05:53.770+0000] {processor.py:176} INFO - Processing /home/airflow/.local/lib/python3.7/site-packages/airflow/example_dags/example_task_group_decorator.py took 0.085 seconds
[2023-10-06T23:06:23.914+0000] {processor.py:154} INFO - Started process (PID=3908) to work on /home/airflow/.local/lib/python3.7/site-packages/airflow/example_dags/example_task_group_decorator.py
[2023-10-06T23:06:23.915+0000] {processor.py:756} INFO - Processing file /home/airflow/.local/lib/python3.7/site-packages/airflow/example_dags/example_task_group_decorator.py for tasks to queue
[2023-10-06T23:06:23.916+0000] {logging_mixin.py:120} INFO - [2023-10-06T23:06:23.916+0000] {dagbag.py:537} INFO - Filling up the DagBag from /home/airflow/.local/lib/python3.7/site-packages/airflow/example_dags/example_task_group_decorator.py
[2023-10-06T23:06:23.935+0000] {processor.py:766} INFO - DAG(s) dict_keys(['example_task_group_decorator']) retrieved from /home/airflow/.local/lib/python3.7/site-packages/airflow/example_dags/example_task_group_decorator.py
[2023-10-06T23:06:23.965+0000] {logging_mixin.py:120} INFO - [2023-10-06T23:06:23.965+0000] {dag.py:2585} INFO - Sync 1 DAGs
[2023-10-06T23:06:23.981+0000] {logging_mixin.py:120} INFO - [2023-10-06T23:06:23.981+0000] {dag.py:3340} INFO - Setting next_dagrun for example_task_group_decorator to 2023-10-05T23:06:23.980960+00:00, run_after=2023-10-06T23:06:23.980960+00:00
[2023-10-06T23:06:23.995+0000] {processor.py:176} INFO - Processing /home/airflow/.local/lib/python3.7/site-packages/airflow/example_dags/example_task_group_decorator.py took 0.083 seconds
[2023-10-06T23:06:54.103+0000] {processor.py:154} INFO - Started process (PID=3962) to work on /home/airflow/.local/lib/python3.7/site-packages/airflow/example_dags/example_task_group_decorator.py
[2023-10-06T23:06:54.104+0000] {processor.py:756} INFO - Processing file /home/airflow/.local/lib/python3.7/site-packages/airflow/example_dags/example_task_group_decorator.py for tasks to queue
[2023-10-06T23:06:54.104+0000] {logging_mixin.py:120} INFO - [2023-10-06T23:06:54.104+0000] {dagbag.py:537} INFO - Filling up the DagBag from /home/airflow/.local/lib/python3.7/site-packages/airflow/example_dags/example_task_group_decorator.py
[2023-10-06T23:06:54.124+0000] {processor.py:766} INFO - DAG(s) dict_keys(['example_task_group_decorator']) retrieved from /home/airflow/.local/lib/python3.7/site-packages/airflow/example_dags/example_task_group_decorator.py
[2023-10-06T23:06:54.152+0000] {logging_mixin.py:120} INFO - [2023-10-06T23:06:54.152+0000] {dag.py:2585} INFO - Sync 1 DAGs
[2023-10-06T23:06:54.168+0000] {logging_mixin.py:120} INFO - [2023-10-06T23:06:54.168+0000] {dag.py:3340} INFO - Setting next_dagrun for example_task_group_decorator to 2023-10-05T23:06:54.168272+00:00, run_after=2023-10-06T23:06:54.168272+00:00
[2023-10-06T23:06:54.183+0000] {processor.py:176} INFO - Processing /home/airflow/.local/lib/python3.7/site-packages/airflow/example_dags/example_task_group_decorator.py took 0.082 seconds
[2023-10-06T23:07:24.239+0000] {processor.py:154} INFO - Started process (PID=4027) to work on /home/airflow/.local/lib/python3.7/site-packages/airflow/example_dags/example_task_group_decorator.py
[2023-10-06T23:07:24.240+0000] {processor.py:756} INFO - Processing file /home/airflow/.local/lib/python3.7/site-packages/airflow/example_dags/example_task_group_decorator.py for tasks to queue
[2023-10-06T23:07:24.241+0000] {logging_mixin.py:120} INFO - [2023-10-06T23:07:24.241+0000] {dagbag.py:537} INFO - Filling up the DagBag from /home/airflow/.local/lib/python3.7/site-packages/airflow/example_dags/example_task_group_decorator.py
[2023-10-06T23:07:24.260+0000] {processor.py:766} INFO - DAG(s) dict_keys(['example_task_group_decorator']) retrieved from /home/airflow/.local/lib/python3.7/site-packages/airflow/example_dags/example_task_group_decorator.py
[2023-10-06T23:07:24.290+0000] {logging_mixin.py:120} INFO - [2023-10-06T23:07:24.290+0000] {dag.py:2585} INFO - Sync 1 DAGs
[2023-10-06T23:07:24.307+0000] {logging_mixin.py:120} INFO - [2023-10-06T23:07:24.307+0000] {dag.py:3340} INFO - Setting next_dagrun for example_task_group_decorator to 2023-10-05T23:07:24.306852+00:00, run_after=2023-10-06T23:07:24.306852+00:00
[2023-10-06T23:07:24.321+0000] {processor.py:176} INFO - Processing /home/airflow/.local/lib/python3.7/site-packages/airflow/example_dags/example_task_group_decorator.py took 0.083 seconds
[2023-10-06T23:07:54.382+0000] {processor.py:154} INFO - Started process (PID=4091) to work on /home/airflow/.local/lib/python3.7/site-packages/airflow/example_dags/example_task_group_decorator.py
[2023-10-06T23:07:54.383+0000] {processor.py:756} INFO - Processing file /home/airflow/.local/lib/python3.7/site-packages/airflow/example_dags/example_task_group_decorator.py for tasks to queue
[2023-10-06T23:07:54.384+0000] {logging_mixin.py:120} INFO - [2023-10-06T23:07:54.383+0000] {dagbag.py:537} INFO - Filling up the DagBag from /home/airflow/.local/lib/python3.7/site-packages/airflow/example_dags/example_task_group_decorator.py
[2023-10-06T23:07:54.402+0000] {processor.py:766} INFO - DAG(s) dict_keys(['example_task_group_decorator']) retrieved from /home/airflow/.local/lib/python3.7/site-packages/airflow/example_dags/example_task_group_decorator.py
[2023-10-06T23:07:54.432+0000] {logging_mixin.py:120} INFO - [2023-10-06T23:07:54.432+0000] {dag.py:2585} INFO - Sync 1 DAGs
[2023-10-06T23:07:54.449+0000] {logging_mixin.py:120} INFO - [2023-10-06T23:07:54.449+0000] {dag.py:3340} INFO - Setting next_dagrun for example_task_group_decorator to 2023-10-05T23:07:54.448841+00:00, run_after=2023-10-06T23:07:54.448841+00:00
[2023-10-06T23:07:54.464+0000] {processor.py:176} INFO - Processing /home/airflow/.local/lib/python3.7/site-packages/airflow/example_dags/example_task_group_decorator.py took 0.085 seconds
[2023-10-06T23:08:24.538+0000] {processor.py:154} INFO - Started process (PID=4154) to work on /home/airflow/.local/lib/python3.7/site-packages/airflow/example_dags/example_task_group_decorator.py
[2023-10-06T23:08:24.539+0000] {processor.py:756} INFO - Processing file /home/airflow/.local/lib/python3.7/site-packages/airflow/example_dags/example_task_group_decorator.py for tasks to queue
[2023-10-06T23:08:24.539+0000] {logging_mixin.py:120} INFO - [2023-10-06T23:08:24.539+0000] {dagbag.py:537} INFO - Filling up the DagBag from /home/airflow/.local/lib/python3.7/site-packages/airflow/example_dags/example_task_group_decorator.py
[2023-10-06T23:08:24.559+0000] {processor.py:766} INFO - DAG(s) dict_keys(['example_task_group_decorator']) retrieved from /home/airflow/.local/lib/python3.7/site-packages/airflow/example_dags/example_task_group_decorator.py
[2023-10-06T23:08:24.589+0000] {logging_mixin.py:120} INFO - [2023-10-06T23:08:24.589+0000] {dag.py:2585} INFO - Sync 1 DAGs
[2023-10-06T23:08:24.607+0000] {logging_mixin.py:120} INFO - [2023-10-06T23:08:24.606+0000] {dag.py:3340} INFO - Setting next_dagrun for example_task_group_decorator to 2023-10-05T23:08:24.606764+00:00, run_after=2023-10-06T23:08:24.606764+00:00
[2023-10-06T23:08:24.623+0000] {processor.py:176} INFO - Processing /home/airflow/.local/lib/python3.7/site-packages/airflow/example_dags/example_task_group_decorator.py took 0.087 seconds
