[2023-10-06T22:34:53.982+0000] {processor.py:154} INFO - Started process (PID=55) to work on /home/airflow/.local/lib/python3.7/site-packages/airflow/example_dags/example_short_circuit_operator.py
[2023-10-06T22:34:53.982+0000] {processor.py:756} INFO - Processing file /home/airflow/.local/lib/python3.7/site-packages/airflow/example_dags/example_short_circuit_operator.py for tasks to queue
[2023-10-06T22:34:53.983+0000] {logging_mixin.py:120} INFO - [2023-10-06T22:34:53.983+0000] {dagbag.py:537} INFO - Filling up the DagBag from /home/airflow/.local/lib/python3.7/site-packages/airflow/example_dags/example_short_circuit_operator.py
[2023-10-06T22:34:53.997+0000] {processor.py:766} INFO - DAG(s) dict_keys(['example_short_circuit_operator']) retrieved from /home/airflow/.local/lib/python3.7/site-packages/airflow/example_dags/example_short_circuit_operator.py
[2023-10-06T22:34:54.029+0000] {logging_mixin.py:120} INFO - [2023-10-06T22:34:54.029+0000] {dag.py:2585} INFO - Sync 1 DAGs
[2023-10-06T22:34:54.050+0000] {logging_mixin.py:120} INFO - [2023-10-06T22:34:54.049+0000] {dag.py:3340} INFO - Setting next_dagrun for example_short_circuit_operator to 2023-10-05T22:34:54.049764+00:00, run_after=2023-10-06T22:34:54.049764+00:00
[2023-10-06T22:34:54.071+0000] {processor.py:176} INFO - Processing /home/airflow/.local/lib/python3.7/site-packages/airflow/example_dags/example_short_circuit_operator.py took 0.091 seconds
[2023-10-06T22:35:24.357+0000] {processor.py:154} INFO - Started process (PID=118) to work on /home/airflow/.local/lib/python3.7/site-packages/airflow/example_dags/example_short_circuit_operator.py
[2023-10-06T22:35:24.358+0000] {processor.py:756} INFO - Processing file /home/airflow/.local/lib/python3.7/site-packages/airflow/example_dags/example_short_circuit_operator.py for tasks to queue
[2023-10-06T22:35:24.358+0000] {logging_mixin.py:120} INFO - [2023-10-06T22:35:24.358+0000] {dagbag.py:537} INFO - Filling up the DagBag from /home/airflow/.local/lib/python3.7/site-packages/airflow/example_dags/example_short_circuit_operator.py
[2023-10-06T22:35:24.373+0000] {processor.py:766} INFO - DAG(s) dict_keys(['example_short_circuit_operator']) retrieved from /home/airflow/.local/lib/python3.7/site-packages/airflow/example_dags/example_short_circuit_operator.py
[2023-10-06T22:35:24.392+0000] {logging_mixin.py:120} INFO - [2023-10-06T22:35:24.392+0000] {dag.py:2585} INFO - Sync 1 DAGs
[2023-10-06T22:35:24.411+0000] {logging_mixin.py:120} INFO - [2023-10-06T22:35:24.411+0000] {dag.py:3340} INFO - Setting next_dagrun for example_short_circuit_operator to 2023-10-05T22:35:24.411568+00:00, run_after=2023-10-06T22:35:24.411568+00:00
[2023-10-06T22:35:24.430+0000] {processor.py:176} INFO - Processing /home/airflow/.local/lib/python3.7/site-packages/airflow/example_dags/example_short_circuit_operator.py took 0.075 seconds
[2023-10-06T22:35:55.404+0000] {processor.py:154} INFO - Started process (PID=181) to work on /home/airflow/.local/lib/python3.7/site-packages/airflow/example_dags/example_short_circuit_operator.py
[2023-10-06T22:35:55.405+0000] {processor.py:756} INFO - Processing file /home/airflow/.local/lib/python3.7/site-packages/airflow/example_dags/example_short_circuit_operator.py for tasks to queue
[2023-10-06T22:35:55.405+0000] {logging_mixin.py:120} INFO - [2023-10-06T22:35:55.405+0000] {dagbag.py:537} INFO - Filling up the DagBag from /home/airflow/.local/lib/python3.7/site-packages/airflow/example_dags/example_short_circuit_operator.py
[2023-10-06T22:35:55.417+0000] {processor.py:766} INFO - DAG(s) dict_keys(['example_short_circuit_operator']) retrieved from /home/airflow/.local/lib/python3.7/site-packages/airflow/example_dags/example_short_circuit_operator.py
[2023-10-06T22:35:55.453+0000] {logging_mixin.py:120} INFO - [2023-10-06T22:35:55.452+0000] {dag.py:2585} INFO - Sync 1 DAGs
[2023-10-06T22:35:55.478+0000] {logging_mixin.py:120} INFO - [2023-10-06T22:35:55.478+0000] {dag.py:3340} INFO - Setting next_dagrun for example_short_circuit_operator to 2023-10-05T22:35:55.477907+00:00, run_after=2023-10-06T22:35:55.477907+00:00
[2023-10-06T22:35:55.493+0000] {processor.py:176} INFO - Processing /home/airflow/.local/lib/python3.7/site-packages/airflow/example_dags/example_short_circuit_operator.py took 0.091 seconds
[2023-10-06T22:36:25.643+0000] {processor.py:154} INFO - Started process (PID=235) to work on /home/airflow/.local/lib/python3.7/site-packages/airflow/example_dags/example_short_circuit_operator.py
[2023-10-06T22:36:25.643+0000] {processor.py:756} INFO - Processing file /home/airflow/.local/lib/python3.7/site-packages/airflow/example_dags/example_short_circuit_operator.py for tasks to queue
[2023-10-06T22:36:25.644+0000] {logging_mixin.py:120} INFO - [2023-10-06T22:36:25.644+0000] {dagbag.py:537} INFO - Filling up the DagBag from /home/airflow/.local/lib/python3.7/site-packages/airflow/example_dags/example_short_circuit_operator.py
[2023-10-06T22:36:25.654+0000] {processor.py:766} INFO - DAG(s) dict_keys(['example_short_circuit_operator']) retrieved from /home/airflow/.local/lib/python3.7/site-packages/airflow/example_dags/example_short_circuit_operator.py
[2023-10-06T22:36:25.684+0000] {logging_mixin.py:120} INFO - [2023-10-06T22:36:25.684+0000] {dag.py:2585} INFO - Sync 1 DAGs
[2023-10-06T22:36:25.701+0000] {logging_mixin.py:120} INFO - [2023-10-06T22:36:25.701+0000] {dag.py:3340} INFO - Setting next_dagrun for example_short_circuit_operator to 2023-10-05T22:36:25.701253+00:00, run_after=2023-10-06T22:36:25.701253+00:00
[2023-10-06T22:36:25.716+0000] {processor.py:176} INFO - Processing /home/airflow/.local/lib/python3.7/site-packages/airflow/example_dags/example_short_circuit_operator.py took 0.075 seconds
[2023-10-06T22:36:56.407+0000] {processor.py:154} INFO - Started process (PID=299) to work on /home/airflow/.local/lib/python3.7/site-packages/airflow/example_dags/example_short_circuit_operator.py
[2023-10-06T22:36:56.407+0000] {processor.py:756} INFO - Processing file /home/airflow/.local/lib/python3.7/site-packages/airflow/example_dags/example_short_circuit_operator.py for tasks to queue
[2023-10-06T22:36:56.408+0000] {logging_mixin.py:120} INFO - [2023-10-06T22:36:56.408+0000] {dagbag.py:537} INFO - Filling up the DagBag from /home/airflow/.local/lib/python3.7/site-packages/airflow/example_dags/example_short_circuit_operator.py
[2023-10-06T22:36:56.420+0000] {processor.py:766} INFO - DAG(s) dict_keys(['example_short_circuit_operator']) retrieved from /home/airflow/.local/lib/python3.7/site-packages/airflow/example_dags/example_short_circuit_operator.py
[2023-10-06T22:36:56.467+0000] {logging_mixin.py:120} INFO - [2023-10-06T22:36:56.466+0000] {dag.py:2585} INFO - Sync 1 DAGs
[2023-10-06T22:36:56.496+0000] {logging_mixin.py:120} INFO - [2023-10-06T22:36:56.496+0000] {dag.py:3340} INFO - Setting next_dagrun for example_short_circuit_operator to 2023-10-05T22:36:56.494259+00:00, run_after=2023-10-06T22:36:56.494259+00:00
[2023-10-06T22:36:56.520+0000] {processor.py:176} INFO - Processing /home/airflow/.local/lib/python3.7/site-packages/airflow/example_dags/example_short_circuit_operator.py took 0.115 seconds
[2023-10-06T22:37:27.304+0000] {processor.py:154} INFO - Started process (PID=362) to work on /home/airflow/.local/lib/python3.7/site-packages/airflow/example_dags/example_short_circuit_operator.py
[2023-10-06T22:37:27.305+0000] {processor.py:756} INFO - Processing file /home/airflow/.local/lib/python3.7/site-packages/airflow/example_dags/example_short_circuit_operator.py for tasks to queue
[2023-10-06T22:37:27.306+0000] {logging_mixin.py:120} INFO - [2023-10-06T22:37:27.306+0000] {dagbag.py:537} INFO - Filling up the DagBag from /home/airflow/.local/lib/python3.7/site-packages/airflow/example_dags/example_short_circuit_operator.py
[2023-10-06T22:37:27.320+0000] {processor.py:766} INFO - DAG(s) dict_keys(['example_short_circuit_operator']) retrieved from /home/airflow/.local/lib/python3.7/site-packages/airflow/example_dags/example_short_circuit_operator.py
[2023-10-06T22:37:27.363+0000] {logging_mixin.py:120} INFO - [2023-10-06T22:37:27.363+0000] {dag.py:2585} INFO - Sync 1 DAGs
[2023-10-06T22:37:27.393+0000] {logging_mixin.py:120} INFO - [2023-10-06T22:37:27.393+0000] {dag.py:3340} INFO - Setting next_dagrun for example_short_circuit_operator to 2023-10-05T22:37:27.392913+00:00, run_after=2023-10-06T22:37:27.392913+00:00
[2023-10-06T22:37:27.410+0000] {processor.py:176} INFO - Processing /home/airflow/.local/lib/python3.7/site-packages/airflow/example_dags/example_short_circuit_operator.py took 0.114 seconds
[2023-10-06T22:37:57.841+0000] {processor.py:154} INFO - Started process (PID=426) to work on /home/airflow/.local/lib/python3.7/site-packages/airflow/example_dags/example_short_circuit_operator.py
[2023-10-06T22:37:57.842+0000] {processor.py:756} INFO - Processing file /home/airflow/.local/lib/python3.7/site-packages/airflow/example_dags/example_short_circuit_operator.py for tasks to queue
[2023-10-06T22:37:57.842+0000] {logging_mixin.py:120} INFO - [2023-10-06T22:37:57.842+0000] {dagbag.py:537} INFO - Filling up the DagBag from /home/airflow/.local/lib/python3.7/site-packages/airflow/example_dags/example_short_circuit_operator.py
[2023-10-06T22:37:57.856+0000] {processor.py:766} INFO - DAG(s) dict_keys(['example_short_circuit_operator']) retrieved from /home/airflow/.local/lib/python3.7/site-packages/airflow/example_dags/example_short_circuit_operator.py
[2023-10-06T22:37:57.896+0000] {logging_mixin.py:120} INFO - [2023-10-06T22:37:57.896+0000] {dag.py:2585} INFO - Sync 1 DAGs
[2023-10-06T22:37:57.918+0000] {logging_mixin.py:120} INFO - [2023-10-06T22:37:57.918+0000] {dag.py:3340} INFO - Setting next_dagrun for example_short_circuit_operator to 2023-10-05T22:37:57.918122+00:00, run_after=2023-10-06T22:37:57.918122+00:00
[2023-10-06T22:37:57.936+0000] {processor.py:176} INFO - Processing /home/airflow/.local/lib/python3.7/site-packages/airflow/example_dags/example_short_circuit_operator.py took 0.097 seconds
[2023-10-06T22:38:28.194+0000] {processor.py:154} INFO - Started process (PID=481) to work on /home/airflow/.local/lib/python3.7/site-packages/airflow/example_dags/example_short_circuit_operator.py
[2023-10-06T22:38:28.196+0000] {processor.py:756} INFO - Processing file /home/airflow/.local/lib/python3.7/site-packages/airflow/example_dags/example_short_circuit_operator.py for tasks to queue
[2023-10-06T22:38:28.196+0000] {logging_mixin.py:120} INFO - [2023-10-06T22:38:28.196+0000] {dagbag.py:537} INFO - Filling up the DagBag from /home/airflow/.local/lib/python3.7/site-packages/airflow/example_dags/example_short_circuit_operator.py
[2023-10-06T22:38:28.215+0000] {processor.py:766} INFO - DAG(s) dict_keys(['example_short_circuit_operator']) retrieved from /home/airflow/.local/lib/python3.7/site-packages/airflow/example_dags/example_short_circuit_operator.py
[2023-10-06T22:38:28.344+0000] {logging_mixin.py:120} INFO - [2023-10-06T22:38:28.344+0000] {dag.py:2585} INFO - Sync 1 DAGs
[2023-10-06T22:38:28.372+0000] {logging_mixin.py:120} INFO - [2023-10-06T22:38:28.372+0000] {dag.py:3340} INFO - Setting next_dagrun for example_short_circuit_operator to 2023-10-05T22:38:28.372186+00:00, run_after=2023-10-06T22:38:28.372186+00:00
[2023-10-06T22:38:28.389+0000] {processor.py:176} INFO - Processing /home/airflow/.local/lib/python3.7/site-packages/airflow/example_dags/example_short_circuit_operator.py took 0.199 seconds
[2023-10-06T22:38:58.996+0000] {processor.py:154} INFO - Started process (PID=544) to work on /home/airflow/.local/lib/python3.7/site-packages/airflow/example_dags/example_short_circuit_operator.py
[2023-10-06T22:38:58.998+0000] {processor.py:756} INFO - Processing file /home/airflow/.local/lib/python3.7/site-packages/airflow/example_dags/example_short_circuit_operator.py for tasks to queue
[2023-10-06T22:38:58.999+0000] {logging_mixin.py:120} INFO - [2023-10-06T22:38:58.998+0000] {dagbag.py:537} INFO - Filling up the DagBag from /home/airflow/.local/lib/python3.7/site-packages/airflow/example_dags/example_short_circuit_operator.py
[2023-10-06T22:38:59.013+0000] {processor.py:766} INFO - DAG(s) dict_keys(['example_short_circuit_operator']) retrieved from /home/airflow/.local/lib/python3.7/site-packages/airflow/example_dags/example_short_circuit_operator.py
[2023-10-06T22:38:59.050+0000] {logging_mixin.py:120} INFO - [2023-10-06T22:38:59.050+0000] {dag.py:2585} INFO - Sync 1 DAGs
[2023-10-06T22:38:59.071+0000] {logging_mixin.py:120} INFO - [2023-10-06T22:38:59.070+0000] {dag.py:3340} INFO - Setting next_dagrun for example_short_circuit_operator to 2023-10-05T22:38:59.070663+00:00, run_after=2023-10-06T22:38:59.070663+00:00
[2023-10-06T22:38:59.088+0000] {processor.py:176} INFO - Processing /home/airflow/.local/lib/python3.7/site-packages/airflow/example_dags/example_short_circuit_operator.py took 0.095 seconds
[2023-10-06T22:39:29.692+0000] {processor.py:154} INFO - Started process (PID=609) to work on /home/airflow/.local/lib/python3.7/site-packages/airflow/example_dags/example_short_circuit_operator.py
[2023-10-06T22:39:29.693+0000] {processor.py:756} INFO - Processing file /home/airflow/.local/lib/python3.7/site-packages/airflow/example_dags/example_short_circuit_operator.py for tasks to queue
[2023-10-06T22:39:29.694+0000] {logging_mixin.py:120} INFO - [2023-10-06T22:39:29.694+0000] {dagbag.py:537} INFO - Filling up the DagBag from /home/airflow/.local/lib/python3.7/site-packages/airflow/example_dags/example_short_circuit_operator.py
[2023-10-06T22:39:29.707+0000] {processor.py:766} INFO - DAG(s) dict_keys(['example_short_circuit_operator']) retrieved from /home/airflow/.local/lib/python3.7/site-packages/airflow/example_dags/example_short_circuit_operator.py
[2023-10-06T22:39:29.743+0000] {logging_mixin.py:120} INFO - [2023-10-06T22:39:29.743+0000] {dag.py:2585} INFO - Sync 1 DAGs
[2023-10-06T22:39:29.765+0000] {logging_mixin.py:120} INFO - [2023-10-06T22:39:29.765+0000] {dag.py:3340} INFO - Setting next_dagrun for example_short_circuit_operator to 2023-10-05T22:39:29.764752+00:00, run_after=2023-10-06T22:39:29.764752+00:00
[2023-10-06T22:39:29.784+0000] {processor.py:176} INFO - Processing /home/airflow/.local/lib/python3.7/site-packages/airflow/example_dags/example_short_circuit_operator.py took 0.095 seconds
[2023-10-06T22:40:00.074+0000] {processor.py:154} INFO - Started process (PID=672) to work on /home/airflow/.local/lib/python3.7/site-packages/airflow/example_dags/example_short_circuit_operator.py
[2023-10-06T22:40:00.075+0000] {processor.py:756} INFO - Processing file /home/airflow/.local/lib/python3.7/site-packages/airflow/example_dags/example_short_circuit_operator.py for tasks to queue
[2023-10-06T22:40:00.076+0000] {logging_mixin.py:120} INFO - [2023-10-06T22:40:00.076+0000] {dagbag.py:537} INFO - Filling up the DagBag from /home/airflow/.local/lib/python3.7/site-packages/airflow/example_dags/example_short_circuit_operator.py
[2023-10-06T22:40:00.090+0000] {processor.py:766} INFO - DAG(s) dict_keys(['example_short_circuit_operator']) retrieved from /home/airflow/.local/lib/python3.7/site-packages/airflow/example_dags/example_short_circuit_operator.py
[2023-10-06T22:40:00.123+0000] {logging_mixin.py:120} INFO - [2023-10-06T22:40:00.122+0000] {dag.py:2585} INFO - Sync 1 DAGs
[2023-10-06T22:40:00.143+0000] {logging_mixin.py:120} INFO - [2023-10-06T22:40:00.143+0000] {dag.py:3340} INFO - Setting next_dagrun for example_short_circuit_operator to 2023-10-05T22:40:00.143265+00:00, run_after=2023-10-06T22:40:00.143265+00:00
[2023-10-06T22:40:00.162+0000] {processor.py:176} INFO - Processing /home/airflow/.local/lib/python3.7/site-packages/airflow/example_dags/example_short_circuit_operator.py took 0.091 seconds
[2023-10-06T22:40:30.689+0000] {processor.py:154} INFO - Started process (PID=726) to work on /home/airflow/.local/lib/python3.7/site-packages/airflow/example_dags/example_short_circuit_operator.py
[2023-10-06T22:40:30.690+0000] {processor.py:756} INFO - Processing file /home/airflow/.local/lib/python3.7/site-packages/airflow/example_dags/example_short_circuit_operator.py for tasks to queue
[2023-10-06T22:40:30.691+0000] {logging_mixin.py:120} INFO - [2023-10-06T22:40:30.691+0000] {dagbag.py:537} INFO - Filling up the DagBag from /home/airflow/.local/lib/python3.7/site-packages/airflow/example_dags/example_short_circuit_operator.py
[2023-10-06T22:40:30.705+0000] {processor.py:766} INFO - DAG(s) dict_keys(['example_short_circuit_operator']) retrieved from /home/airflow/.local/lib/python3.7/site-packages/airflow/example_dags/example_short_circuit_operator.py
[2023-10-06T22:40:30.739+0000] {logging_mixin.py:120} INFO - [2023-10-06T22:40:30.739+0000] {dag.py:2585} INFO - Sync 1 DAGs
[2023-10-06T22:40:30.758+0000] {logging_mixin.py:120} INFO - [2023-10-06T22:40:30.758+0000] {dag.py:3340} INFO - Setting next_dagrun for example_short_circuit_operator to 2023-10-05T22:40:30.757898+00:00, run_after=2023-10-06T22:40:30.757898+00:00
[2023-10-06T22:40:30.773+0000] {processor.py:176} INFO - Processing /home/airflow/.local/lib/python3.7/site-packages/airflow/example_dags/example_short_circuit_operator.py took 0.087 seconds
[2023-10-06T22:41:01.258+0000] {processor.py:154} INFO - Started process (PID=789) to work on /home/airflow/.local/lib/python3.7/site-packages/airflow/example_dags/example_short_circuit_operator.py
[2023-10-06T22:41:01.258+0000] {processor.py:756} INFO - Processing file /home/airflow/.local/lib/python3.7/site-packages/airflow/example_dags/example_short_circuit_operator.py for tasks to queue
[2023-10-06T22:41:01.259+0000] {logging_mixin.py:120} INFO - [2023-10-06T22:41:01.259+0000] {dagbag.py:537} INFO - Filling up the DagBag from /home/airflow/.local/lib/python3.7/site-packages/airflow/example_dags/example_short_circuit_operator.py
[2023-10-06T22:41:01.270+0000] {processor.py:766} INFO - DAG(s) dict_keys(['example_short_circuit_operator']) retrieved from /home/airflow/.local/lib/python3.7/site-packages/airflow/example_dags/example_short_circuit_operator.py
[2023-10-06T22:41:01.298+0000] {logging_mixin.py:120} INFO - [2023-10-06T22:41:01.298+0000] {dag.py:2585} INFO - Sync 1 DAGs
[2023-10-06T22:41:01.315+0000] {logging_mixin.py:120} INFO - [2023-10-06T22:41:01.315+0000] {dag.py:3340} INFO - Setting next_dagrun for example_short_circuit_operator to 2023-10-05T22:41:01.314942+00:00, run_after=2023-10-06T22:41:01.314942+00:00
[2023-10-06T22:41:01.331+0000] {processor.py:176} INFO - Processing /home/airflow/.local/lib/python3.7/site-packages/airflow/example_dags/example_short_circuit_operator.py took 0.075 seconds
[2023-10-06T22:41:31.768+0000] {processor.py:154} INFO - Started process (PID=852) to work on /home/airflow/.local/lib/python3.7/site-packages/airflow/example_dags/example_short_circuit_operator.py
[2023-10-06T22:41:31.768+0000] {processor.py:756} INFO - Processing file /home/airflow/.local/lib/python3.7/site-packages/airflow/example_dags/example_short_circuit_operator.py for tasks to queue
[2023-10-06T22:41:31.768+0000] {logging_mixin.py:120} INFO - [2023-10-06T22:41:31.768+0000] {dagbag.py:537} INFO - Filling up the DagBag from /home/airflow/.local/lib/python3.7/site-packages/airflow/example_dags/example_short_circuit_operator.py
[2023-10-06T22:41:31.780+0000] {processor.py:766} INFO - DAG(s) dict_keys(['example_short_circuit_operator']) retrieved from /home/airflow/.local/lib/python3.7/site-packages/airflow/example_dags/example_short_circuit_operator.py
[2023-10-06T22:41:31.810+0000] {logging_mixin.py:120} INFO - [2023-10-06T22:41:31.809+0000] {dag.py:2585} INFO - Sync 1 DAGs
[2023-10-06T22:41:31.827+0000] {logging_mixin.py:120} INFO - [2023-10-06T22:41:31.826+0000] {dag.py:3340} INFO - Setting next_dagrun for example_short_circuit_operator to 2023-10-05T22:41:31.826737+00:00, run_after=2023-10-06T22:41:31.826737+00:00
[2023-10-06T22:41:31.841+0000] {processor.py:176} INFO - Processing /home/airflow/.local/lib/python3.7/site-packages/airflow/example_dags/example_short_circuit_operator.py took 0.076 seconds
[2023-10-06T22:42:02.083+0000] {processor.py:154} INFO - Started process (PID=915) to work on /home/airflow/.local/lib/python3.7/site-packages/airflow/example_dags/example_short_circuit_operator.py
[2023-10-06T22:42:02.084+0000] {processor.py:756} INFO - Processing file /home/airflow/.local/lib/python3.7/site-packages/airflow/example_dags/example_short_circuit_operator.py for tasks to queue
[2023-10-06T22:42:02.084+0000] {logging_mixin.py:120} INFO - [2023-10-06T22:42:02.084+0000] {dagbag.py:537} INFO - Filling up the DagBag from /home/airflow/.local/lib/python3.7/site-packages/airflow/example_dags/example_short_circuit_operator.py
[2023-10-06T22:42:02.097+0000] {processor.py:766} INFO - DAG(s) dict_keys(['example_short_circuit_operator']) retrieved from /home/airflow/.local/lib/python3.7/site-packages/airflow/example_dags/example_short_circuit_operator.py
[2023-10-06T22:42:02.127+0000] {logging_mixin.py:120} INFO - [2023-10-06T22:42:02.127+0000] {dag.py:2585} INFO - Sync 1 DAGs
[2023-10-06T22:42:02.144+0000] {logging_mixin.py:120} INFO - [2023-10-06T22:42:02.144+0000] {dag.py:3340} INFO - Setting next_dagrun for example_short_circuit_operator to 2023-10-05T22:42:02.143892+00:00, run_after=2023-10-06T22:42:02.143892+00:00
[2023-10-06T22:42:02.159+0000] {processor.py:176} INFO - Processing /home/airflow/.local/lib/python3.7/site-packages/airflow/example_dags/example_short_circuit_operator.py took 0.078 seconds
[2023-10-06T22:42:32.666+0000] {processor.py:154} INFO - Started process (PID=969) to work on /home/airflow/.local/lib/python3.7/site-packages/airflow/example_dags/example_short_circuit_operator.py
[2023-10-06T22:42:32.667+0000] {processor.py:756} INFO - Processing file /home/airflow/.local/lib/python3.7/site-packages/airflow/example_dags/example_short_circuit_operator.py for tasks to queue
[2023-10-06T22:42:32.667+0000] {logging_mixin.py:120} INFO - [2023-10-06T22:42:32.667+0000] {dagbag.py:537} INFO - Filling up the DagBag from /home/airflow/.local/lib/python3.7/site-packages/airflow/example_dags/example_short_circuit_operator.py
[2023-10-06T22:42:32.679+0000] {processor.py:766} INFO - DAG(s) dict_keys(['example_short_circuit_operator']) retrieved from /home/airflow/.local/lib/python3.7/site-packages/airflow/example_dags/example_short_circuit_operator.py
[2023-10-06T22:42:32.709+0000] {logging_mixin.py:120} INFO - [2023-10-06T22:42:32.709+0000] {dag.py:2585} INFO - Sync 1 DAGs
[2023-10-06T22:42:32.728+0000] {logging_mixin.py:120} INFO - [2023-10-06T22:42:32.728+0000] {dag.py:3340} INFO - Setting next_dagrun for example_short_circuit_operator to 2023-10-05T22:42:32.728088+00:00, run_after=2023-10-06T22:42:32.728088+00:00
[2023-10-06T22:42:32.746+0000] {processor.py:176} INFO - Processing /home/airflow/.local/lib/python3.7/site-packages/airflow/example_dags/example_short_circuit_operator.py took 0.083 seconds
[2023-10-06T22:43:03.061+0000] {processor.py:154} INFO - Started process (PID=1033) to work on /home/airflow/.local/lib/python3.7/site-packages/airflow/example_dags/example_short_circuit_operator.py
[2023-10-06T22:43:03.062+0000] {processor.py:756} INFO - Processing file /home/airflow/.local/lib/python3.7/site-packages/airflow/example_dags/example_short_circuit_operator.py for tasks to queue
[2023-10-06T22:43:03.062+0000] {logging_mixin.py:120} INFO - [2023-10-06T22:43:03.062+0000] {dagbag.py:537} INFO - Filling up the DagBag from /home/airflow/.local/lib/python3.7/site-packages/airflow/example_dags/example_short_circuit_operator.py
[2023-10-06T22:43:03.074+0000] {processor.py:766} INFO - DAG(s) dict_keys(['example_short_circuit_operator']) retrieved from /home/airflow/.local/lib/python3.7/site-packages/airflow/example_dags/example_short_circuit_operator.py
[2023-10-06T22:43:03.108+0000] {logging_mixin.py:120} INFO - [2023-10-06T22:43:03.108+0000] {dag.py:2585} INFO - Sync 1 DAGs
[2023-10-06T22:43:03.126+0000] {logging_mixin.py:120} INFO - [2023-10-06T22:43:03.126+0000] {dag.py:3340} INFO - Setting next_dagrun for example_short_circuit_operator to 2023-10-05T22:43:03.126628+00:00, run_after=2023-10-06T22:43:03.126628+00:00
[2023-10-06T22:43:03.143+0000] {processor.py:176} INFO - Processing /home/airflow/.local/lib/python3.7/site-packages/airflow/example_dags/example_short_circuit_operator.py took 0.084 seconds
[2023-10-06T22:43:33.381+0000] {processor.py:154} INFO - Started process (PID=1097) to work on /home/airflow/.local/lib/python3.7/site-packages/airflow/example_dags/example_short_circuit_operator.py
[2023-10-06T22:43:33.382+0000] {processor.py:756} INFO - Processing file /home/airflow/.local/lib/python3.7/site-packages/airflow/example_dags/example_short_circuit_operator.py for tasks to queue
[2023-10-06T22:43:33.382+0000] {logging_mixin.py:120} INFO - [2023-10-06T22:43:33.382+0000] {dagbag.py:537} INFO - Filling up the DagBag from /home/airflow/.local/lib/python3.7/site-packages/airflow/example_dags/example_short_circuit_operator.py
[2023-10-06T22:43:33.398+0000] {processor.py:766} INFO - DAG(s) dict_keys(['example_short_circuit_operator']) retrieved from /home/airflow/.local/lib/python3.7/site-packages/airflow/example_dags/example_short_circuit_operator.py
[2023-10-06T22:43:33.432+0000] {logging_mixin.py:120} INFO - [2023-10-06T22:43:33.432+0000] {dag.py:2585} INFO - Sync 1 DAGs
[2023-10-06T22:43:33.452+0000] {logging_mixin.py:120} INFO - [2023-10-06T22:43:33.452+0000] {dag.py:3340} INFO - Setting next_dagrun for example_short_circuit_operator to 2023-10-05T22:43:33.452539+00:00, run_after=2023-10-06T22:43:33.452539+00:00
[2023-10-06T22:43:33.469+0000] {processor.py:176} INFO - Processing /home/airflow/.local/lib/python3.7/site-packages/airflow/example_dags/example_short_circuit_operator.py took 0.091 seconds
[2023-10-06T22:44:03.632+0000] {processor.py:154} INFO - Started process (PID=1159) to work on /home/airflow/.local/lib/python3.7/site-packages/airflow/example_dags/example_short_circuit_operator.py
[2023-10-06T22:44:03.633+0000] {processor.py:756} INFO - Processing file /home/airflow/.local/lib/python3.7/site-packages/airflow/example_dags/example_short_circuit_operator.py for tasks to queue
[2023-10-06T22:44:03.633+0000] {logging_mixin.py:120} INFO - [2023-10-06T22:44:03.633+0000] {dagbag.py:537} INFO - Filling up the DagBag from /home/airflow/.local/lib/python3.7/site-packages/airflow/example_dags/example_short_circuit_operator.py
[2023-10-06T22:44:03.644+0000] {processor.py:766} INFO - DAG(s) dict_keys(['example_short_circuit_operator']) retrieved from /home/airflow/.local/lib/python3.7/site-packages/airflow/example_dags/example_short_circuit_operator.py
[2023-10-06T22:44:03.678+0000] {logging_mixin.py:120} INFO - [2023-10-06T22:44:03.678+0000] {dag.py:2585} INFO - Sync 1 DAGs
[2023-10-06T22:44:03.695+0000] {logging_mixin.py:120} INFO - [2023-10-06T22:44:03.695+0000] {dag.py:3340} INFO - Setting next_dagrun for example_short_circuit_operator to 2023-10-05T22:44:03.695021+00:00, run_after=2023-10-06T22:44:03.695021+00:00
[2023-10-06T22:44:03.709+0000] {processor.py:176} INFO - Processing /home/airflow/.local/lib/python3.7/site-packages/airflow/example_dags/example_short_circuit_operator.py took 0.079 seconds
[2023-10-06T22:44:33.952+0000] {processor.py:154} INFO - Started process (PID=1214) to work on /home/airflow/.local/lib/python3.7/site-packages/airflow/example_dags/example_short_circuit_operator.py
[2023-10-06T22:44:33.953+0000] {processor.py:756} INFO - Processing file /home/airflow/.local/lib/python3.7/site-packages/airflow/example_dags/example_short_circuit_operator.py for tasks to queue
[2023-10-06T22:44:33.953+0000] {logging_mixin.py:120} INFO - [2023-10-06T22:44:33.953+0000] {dagbag.py:537} INFO - Filling up the DagBag from /home/airflow/.local/lib/python3.7/site-packages/airflow/example_dags/example_short_circuit_operator.py
[2023-10-06T22:44:33.964+0000] {processor.py:766} INFO - DAG(s) dict_keys(['example_short_circuit_operator']) retrieved from /home/airflow/.local/lib/python3.7/site-packages/airflow/example_dags/example_short_circuit_operator.py
[2023-10-06T22:44:33.994+0000] {logging_mixin.py:120} INFO - [2023-10-06T22:44:33.994+0000] {dag.py:2585} INFO - Sync 1 DAGs
[2023-10-06T22:44:34.010+0000] {logging_mixin.py:120} INFO - [2023-10-06T22:44:34.010+0000] {dag.py:3340} INFO - Setting next_dagrun for example_short_circuit_operator to 2023-10-05T22:44:34.010587+00:00, run_after=2023-10-06T22:44:34.010587+00:00
[2023-10-06T22:44:34.026+0000] {processor.py:176} INFO - Processing /home/airflow/.local/lib/python3.7/site-packages/airflow/example_dags/example_short_circuit_operator.py took 0.077 seconds
[2023-10-06T22:45:04.435+0000] {processor.py:154} INFO - Started process (PID=1278) to work on /home/airflow/.local/lib/python3.7/site-packages/airflow/example_dags/example_short_circuit_operator.py
[2023-10-06T22:45:04.436+0000] {processor.py:756} INFO - Processing file /home/airflow/.local/lib/python3.7/site-packages/airflow/example_dags/example_short_circuit_operator.py for tasks to queue
[2023-10-06T22:45:04.436+0000] {logging_mixin.py:120} INFO - [2023-10-06T22:45:04.436+0000] {dagbag.py:537} INFO - Filling up the DagBag from /home/airflow/.local/lib/python3.7/site-packages/airflow/example_dags/example_short_circuit_operator.py
[2023-10-06T22:45:04.448+0000] {processor.py:766} INFO - DAG(s) dict_keys(['example_short_circuit_operator']) retrieved from /home/airflow/.local/lib/python3.7/site-packages/airflow/example_dags/example_short_circuit_operator.py
[2023-10-06T22:45:04.480+0000] {logging_mixin.py:120} INFO - [2023-10-06T22:45:04.480+0000] {dag.py:2585} INFO - Sync 1 DAGs
[2023-10-06T22:45:04.500+0000] {logging_mixin.py:120} INFO - [2023-10-06T22:45:04.500+0000] {dag.py:3340} INFO - Setting next_dagrun for example_short_circuit_operator to 2023-10-05T22:45:04.500146+00:00, run_after=2023-10-06T22:45:04.500146+00:00
[2023-10-06T22:45:04.517+0000] {processor.py:176} INFO - Processing /home/airflow/.local/lib/python3.7/site-packages/airflow/example_dags/example_short_circuit_operator.py took 0.085 seconds
[2023-10-06T22:45:34.791+0000] {processor.py:154} INFO - Started process (PID=1342) to work on /home/airflow/.local/lib/python3.7/site-packages/airflow/example_dags/example_short_circuit_operator.py
[2023-10-06T22:45:34.791+0000] {processor.py:756} INFO - Processing file /home/airflow/.local/lib/python3.7/site-packages/airflow/example_dags/example_short_circuit_operator.py for tasks to queue
[2023-10-06T22:45:34.792+0000] {logging_mixin.py:120} INFO - [2023-10-06T22:45:34.792+0000] {dagbag.py:537} INFO - Filling up the DagBag from /home/airflow/.local/lib/python3.7/site-packages/airflow/example_dags/example_short_circuit_operator.py
[2023-10-06T22:45:34.802+0000] {processor.py:766} INFO - DAG(s) dict_keys(['example_short_circuit_operator']) retrieved from /home/airflow/.local/lib/python3.7/site-packages/airflow/example_dags/example_short_circuit_operator.py
[2023-10-06T22:45:34.835+0000] {logging_mixin.py:120} INFO - [2023-10-06T22:45:34.835+0000] {dag.py:2585} INFO - Sync 1 DAGs
[2023-10-06T22:45:34.853+0000] {logging_mixin.py:120} INFO - [2023-10-06T22:45:34.853+0000] {dag.py:3340} INFO - Setting next_dagrun for example_short_circuit_operator to 2023-10-05T22:45:34.853102+00:00, run_after=2023-10-06T22:45:34.853102+00:00
[2023-10-06T22:45:34.867+0000] {processor.py:176} INFO - Processing /home/airflow/.local/lib/python3.7/site-packages/airflow/example_dags/example_short_circuit_operator.py took 0.079 seconds
[2023-10-06T22:46:05.072+0000] {processor.py:154} INFO - Started process (PID=1406) to work on /home/airflow/.local/lib/python3.7/site-packages/airflow/example_dags/example_short_circuit_operator.py
[2023-10-06T22:46:05.073+0000] {processor.py:756} INFO - Processing file /home/airflow/.local/lib/python3.7/site-packages/airflow/example_dags/example_short_circuit_operator.py for tasks to queue
[2023-10-06T22:46:05.074+0000] {logging_mixin.py:120} INFO - [2023-10-06T22:46:05.074+0000] {dagbag.py:537} INFO - Filling up the DagBag from /home/airflow/.local/lib/python3.7/site-packages/airflow/example_dags/example_short_circuit_operator.py
[2023-10-06T22:46:05.086+0000] {processor.py:766} INFO - DAG(s) dict_keys(['example_short_circuit_operator']) retrieved from /home/airflow/.local/lib/python3.7/site-packages/airflow/example_dags/example_short_circuit_operator.py
[2023-10-06T22:46:05.122+0000] {logging_mixin.py:120} INFO - [2023-10-06T22:46:05.121+0000] {dag.py:2585} INFO - Sync 1 DAGs
[2023-10-06T22:46:05.143+0000] {logging_mixin.py:120} INFO - [2023-10-06T22:46:05.143+0000] {dag.py:3340} INFO - Setting next_dagrun for example_short_circuit_operator to 2023-10-05T22:46:05.142836+00:00, run_after=2023-10-06T22:46:05.142836+00:00
[2023-10-06T22:46:05.160+0000] {processor.py:176} INFO - Processing /home/airflow/.local/lib/python3.7/site-packages/airflow/example_dags/example_short_circuit_operator.py took 0.091 seconds
[2023-10-06T22:46:35.497+0000] {processor.py:154} INFO - Started process (PID=1461) to work on /home/airflow/.local/lib/python3.7/site-packages/airflow/example_dags/example_short_circuit_operator.py
[2023-10-06T22:46:35.498+0000] {processor.py:756} INFO - Processing file /home/airflow/.local/lib/python3.7/site-packages/airflow/example_dags/example_short_circuit_operator.py for tasks to queue
[2023-10-06T22:46:35.499+0000] {logging_mixin.py:120} INFO - [2023-10-06T22:46:35.499+0000] {dagbag.py:537} INFO - Filling up the DagBag from /home/airflow/.local/lib/python3.7/site-packages/airflow/example_dags/example_short_circuit_operator.py
[2023-10-06T22:46:35.510+0000] {processor.py:766} INFO - DAG(s) dict_keys(['example_short_circuit_operator']) retrieved from /home/airflow/.local/lib/python3.7/site-packages/airflow/example_dags/example_short_circuit_operator.py
[2023-10-06T22:46:35.542+0000] {logging_mixin.py:120} INFO - [2023-10-06T22:46:35.542+0000] {dag.py:2585} INFO - Sync 1 DAGs
[2023-10-06T22:46:35.559+0000] {logging_mixin.py:120} INFO - [2023-10-06T22:46:35.559+0000] {dag.py:3340} INFO - Setting next_dagrun for example_short_circuit_operator to 2023-10-05T22:46:35.559255+00:00, run_after=2023-10-06T22:46:35.559255+00:00
[2023-10-06T22:46:35.577+0000] {processor.py:176} INFO - Processing /home/airflow/.local/lib/python3.7/site-packages/airflow/example_dags/example_short_circuit_operator.py took 0.081 seconds
[2023-10-06T22:47:05.956+0000] {processor.py:154} INFO - Started process (PID=1526) to work on /home/airflow/.local/lib/python3.7/site-packages/airflow/example_dags/example_short_circuit_operator.py
[2023-10-06T22:47:05.957+0000] {processor.py:756} INFO - Processing file /home/airflow/.local/lib/python3.7/site-packages/airflow/example_dags/example_short_circuit_operator.py for tasks to queue
[2023-10-06T22:47:05.958+0000] {logging_mixin.py:120} INFO - [2023-10-06T22:47:05.958+0000] {dagbag.py:537} INFO - Filling up the DagBag from /home/airflow/.local/lib/python3.7/site-packages/airflow/example_dags/example_short_circuit_operator.py
[2023-10-06T22:47:05.970+0000] {processor.py:766} INFO - DAG(s) dict_keys(['example_short_circuit_operator']) retrieved from /home/airflow/.local/lib/python3.7/site-packages/airflow/example_dags/example_short_circuit_operator.py
[2023-10-06T22:47:06.002+0000] {logging_mixin.py:120} INFO - [2023-10-06T22:47:06.002+0000] {dag.py:2585} INFO - Sync 1 DAGs
[2023-10-06T22:47:06.019+0000] {logging_mixin.py:120} INFO - [2023-10-06T22:47:06.019+0000] {dag.py:3340} INFO - Setting next_dagrun for example_short_circuit_operator to 2023-10-05T22:47:06.018938+00:00, run_after=2023-10-06T22:47:06.018938+00:00
[2023-10-06T22:47:06.037+0000] {processor.py:176} INFO - Processing /home/airflow/.local/lib/python3.7/site-packages/airflow/example_dags/example_short_circuit_operator.py took 0.083 seconds
[2023-10-06T22:47:36.350+0000] {processor.py:154} INFO - Started process (PID=1589) to work on /home/airflow/.local/lib/python3.7/site-packages/airflow/example_dags/example_short_circuit_operator.py
[2023-10-06T22:47:36.351+0000] {processor.py:756} INFO - Processing file /home/airflow/.local/lib/python3.7/site-packages/airflow/example_dags/example_short_circuit_operator.py for tasks to queue
[2023-10-06T22:47:36.351+0000] {logging_mixin.py:120} INFO - [2023-10-06T22:47:36.351+0000] {dagbag.py:537} INFO - Filling up the DagBag from /home/airflow/.local/lib/python3.7/site-packages/airflow/example_dags/example_short_circuit_operator.py
[2023-10-06T22:47:36.363+0000] {processor.py:766} INFO - DAG(s) dict_keys(['example_short_circuit_operator']) retrieved from /home/airflow/.local/lib/python3.7/site-packages/airflow/example_dags/example_short_circuit_operator.py
[2023-10-06T22:47:36.393+0000] {logging_mixin.py:120} INFO - [2023-10-06T22:47:36.393+0000] {dag.py:2585} INFO - Sync 1 DAGs
[2023-10-06T22:47:36.410+0000] {logging_mixin.py:120} INFO - [2023-10-06T22:47:36.410+0000] {dag.py:3340} INFO - Setting next_dagrun for example_short_circuit_operator to 2023-10-05T22:47:36.410171+00:00, run_after=2023-10-06T22:47:36.410171+00:00
[2023-10-06T22:47:36.427+0000] {processor.py:176} INFO - Processing /home/airflow/.local/lib/python3.7/site-packages/airflow/example_dags/example_short_circuit_operator.py took 0.079 seconds
[2023-10-06T22:48:06.686+0000] {processor.py:154} INFO - Started process (PID=1653) to work on /home/airflow/.local/lib/python3.7/site-packages/airflow/example_dags/example_short_circuit_operator.py
[2023-10-06T22:48:06.687+0000] {processor.py:756} INFO - Processing file /home/airflow/.local/lib/python3.7/site-packages/airflow/example_dags/example_short_circuit_operator.py for tasks to queue
[2023-10-06T22:48:06.687+0000] {logging_mixin.py:120} INFO - [2023-10-06T22:48:06.687+0000] {dagbag.py:537} INFO - Filling up the DagBag from /home/airflow/.local/lib/python3.7/site-packages/airflow/example_dags/example_short_circuit_operator.py
[2023-10-06T22:48:06.698+0000] {processor.py:766} INFO - DAG(s) dict_keys(['example_short_circuit_operator']) retrieved from /home/airflow/.local/lib/python3.7/site-packages/airflow/example_dags/example_short_circuit_operator.py
[2023-10-06T22:48:06.729+0000] {logging_mixin.py:120} INFO - [2023-10-06T22:48:06.729+0000] {dag.py:2585} INFO - Sync 1 DAGs
[2023-10-06T22:48:06.746+0000] {logging_mixin.py:120} INFO - [2023-10-06T22:48:06.746+0000] {dag.py:3340} INFO - Setting next_dagrun for example_short_circuit_operator to 2023-10-05T22:48:06.746371+00:00, run_after=2023-10-06T22:48:06.746371+00:00
[2023-10-06T22:48:06.761+0000] {processor.py:176} INFO - Processing /home/airflow/.local/lib/python3.7/site-packages/airflow/example_dags/example_short_circuit_operator.py took 0.078 seconds
[2023-10-06T22:48:37.153+0000] {processor.py:154} INFO - Started process (PID=1707) to work on /home/airflow/.local/lib/python3.7/site-packages/airflow/example_dags/example_short_circuit_operator.py
[2023-10-06T22:48:37.154+0000] {processor.py:756} INFO - Processing file /home/airflow/.local/lib/python3.7/site-packages/airflow/example_dags/example_short_circuit_operator.py for tasks to queue
[2023-10-06T22:48:37.154+0000] {logging_mixin.py:120} INFO - [2023-10-06T22:48:37.154+0000] {dagbag.py:537} INFO - Filling up the DagBag from /home/airflow/.local/lib/python3.7/site-packages/airflow/example_dags/example_short_circuit_operator.py
[2023-10-06T22:48:37.169+0000] {processor.py:766} INFO - DAG(s) dict_keys(['example_short_circuit_operator']) retrieved from /home/airflow/.local/lib/python3.7/site-packages/airflow/example_dags/example_short_circuit_operator.py
[2023-10-06T22:48:37.246+0000] {logging_mixin.py:120} INFO - [2023-10-06T22:48:37.246+0000] {dag.py:2585} INFO - Sync 1 DAGs
[2023-10-06T22:48:37.268+0000] {logging_mixin.py:120} INFO - [2023-10-06T22:48:37.268+0000] {dag.py:3340} INFO - Setting next_dagrun for example_short_circuit_operator to 2023-10-05T22:48:37.268080+00:00, run_after=2023-10-06T22:48:37.268080+00:00
[2023-10-06T22:48:37.285+0000] {processor.py:176} INFO - Processing /home/airflow/.local/lib/python3.7/site-packages/airflow/example_dags/example_short_circuit_operator.py took 0.134 seconds
[2023-10-06T22:49:07.686+0000] {processor.py:154} INFO - Started process (PID=1771) to work on /home/airflow/.local/lib/python3.7/site-packages/airflow/example_dags/example_short_circuit_operator.py
[2023-10-06T22:49:07.687+0000] {processor.py:756} INFO - Processing file /home/airflow/.local/lib/python3.7/site-packages/airflow/example_dags/example_short_circuit_operator.py for tasks to queue
[2023-10-06T22:49:07.687+0000] {logging_mixin.py:120} INFO - [2023-10-06T22:49:07.687+0000] {dagbag.py:537} INFO - Filling up the DagBag from /home/airflow/.local/lib/python3.7/site-packages/airflow/example_dags/example_short_circuit_operator.py
[2023-10-06T22:49:07.698+0000] {processor.py:766} INFO - DAG(s) dict_keys(['example_short_circuit_operator']) retrieved from /home/airflow/.local/lib/python3.7/site-packages/airflow/example_dags/example_short_circuit_operator.py
[2023-10-06T22:49:07.727+0000] {logging_mixin.py:120} INFO - [2023-10-06T22:49:07.727+0000] {dag.py:2585} INFO - Sync 1 DAGs
[2023-10-06T22:49:07.743+0000] {logging_mixin.py:120} INFO - [2023-10-06T22:49:07.743+0000] {dag.py:3340} INFO - Setting next_dagrun for example_short_circuit_operator to 2023-10-05T22:49:07.743198+00:00, run_after=2023-10-06T22:49:07.743198+00:00
[2023-10-06T22:49:07.763+0000] {processor.py:176} INFO - Processing /home/airflow/.local/lib/python3.7/site-packages/airflow/example_dags/example_short_circuit_operator.py took 0.079 seconds
[2023-10-06T22:49:38.231+0000] {processor.py:154} INFO - Started process (PID=1835) to work on /home/airflow/.local/lib/python3.7/site-packages/airflow/example_dags/example_short_circuit_operator.py
[2023-10-06T22:49:38.232+0000] {processor.py:756} INFO - Processing file /home/airflow/.local/lib/python3.7/site-packages/airflow/example_dags/example_short_circuit_operator.py for tasks to queue
[2023-10-06T22:49:38.232+0000] {logging_mixin.py:120} INFO - [2023-10-06T22:49:38.232+0000] {dagbag.py:537} INFO - Filling up the DagBag from /home/airflow/.local/lib/python3.7/site-packages/airflow/example_dags/example_short_circuit_operator.py
[2023-10-06T22:49:38.249+0000] {processor.py:766} INFO - DAG(s) dict_keys(['example_short_circuit_operator']) retrieved from /home/airflow/.local/lib/python3.7/site-packages/airflow/example_dags/example_short_circuit_operator.py
[2023-10-06T22:49:38.281+0000] {logging_mixin.py:120} INFO - [2023-10-06T22:49:38.281+0000] {dag.py:2585} INFO - Sync 1 DAGs
[2023-10-06T22:49:38.302+0000] {logging_mixin.py:120} INFO - [2023-10-06T22:49:38.301+0000] {dag.py:3340} INFO - Setting next_dagrun for example_short_circuit_operator to 2023-10-05T22:49:38.301774+00:00, run_after=2023-10-06T22:49:38.301774+00:00
[2023-10-06T22:49:38.319+0000] {processor.py:176} INFO - Processing /home/airflow/.local/lib/python3.7/site-packages/airflow/example_dags/example_short_circuit_operator.py took 0.091 seconds
[2023-10-06T22:50:08.520+0000] {processor.py:154} INFO - Started process (PID=1899) to work on /home/airflow/.local/lib/python3.7/site-packages/airflow/example_dags/example_short_circuit_operator.py
[2023-10-06T22:50:08.521+0000] {processor.py:756} INFO - Processing file /home/airflow/.local/lib/python3.7/site-packages/airflow/example_dags/example_short_circuit_operator.py for tasks to queue
[2023-10-06T22:50:08.521+0000] {logging_mixin.py:120} INFO - [2023-10-06T22:50:08.521+0000] {dagbag.py:537} INFO - Filling up the DagBag from /home/airflow/.local/lib/python3.7/site-packages/airflow/example_dags/example_short_circuit_operator.py
[2023-10-06T22:50:08.536+0000] {processor.py:766} INFO - DAG(s) dict_keys(['example_short_circuit_operator']) retrieved from /home/airflow/.local/lib/python3.7/site-packages/airflow/example_dags/example_short_circuit_operator.py
[2023-10-06T22:50:08.570+0000] {logging_mixin.py:120} INFO - [2023-10-06T22:50:08.570+0000] {dag.py:2585} INFO - Sync 1 DAGs
[2023-10-06T22:50:08.591+0000] {logging_mixin.py:120} INFO - [2023-10-06T22:50:08.591+0000] {dag.py:3340} INFO - Setting next_dagrun for example_short_circuit_operator to 2023-10-05T22:50:08.591447+00:00, run_after=2023-10-06T22:50:08.591447+00:00
[2023-10-06T22:50:08.609+0000] {processor.py:176} INFO - Processing /home/airflow/.local/lib/python3.7/site-packages/airflow/example_dags/example_short_circuit_operator.py took 0.091 seconds
[2023-10-06T22:50:38.953+0000] {processor.py:154} INFO - Started process (PID=1964) to work on /home/airflow/.local/lib/python3.7/site-packages/airflow/example_dags/example_short_circuit_operator.py
[2023-10-06T22:50:38.953+0000] {processor.py:756} INFO - Processing file /home/airflow/.local/lib/python3.7/site-packages/airflow/example_dags/example_short_circuit_operator.py for tasks to queue
[2023-10-06T22:50:38.954+0000] {logging_mixin.py:120} INFO - [2023-10-06T22:50:38.954+0000] {dagbag.py:537} INFO - Filling up the DagBag from /home/airflow/.local/lib/python3.7/site-packages/airflow/example_dags/example_short_circuit_operator.py
[2023-10-06T22:50:38.967+0000] {processor.py:766} INFO - DAG(s) dict_keys(['example_short_circuit_operator']) retrieved from /home/airflow/.local/lib/python3.7/site-packages/airflow/example_dags/example_short_circuit_operator.py
[2023-10-06T22:50:39.003+0000] {logging_mixin.py:120} INFO - [2023-10-06T22:50:39.003+0000] {dag.py:2585} INFO - Sync 1 DAGs
[2023-10-06T22:50:39.026+0000] {logging_mixin.py:120} INFO - [2023-10-06T22:50:39.026+0000] {dag.py:3340} INFO - Setting next_dagrun for example_short_circuit_operator to 2023-10-05T22:50:39.026414+00:00, run_after=2023-10-06T22:50:39.026414+00:00
[2023-10-06T22:50:39.040+0000] {processor.py:176} INFO - Processing /home/airflow/.local/lib/python3.7/site-packages/airflow/example_dags/example_short_circuit_operator.py took 0.090 seconds
[2023-10-06T22:51:09.116+0000] {processor.py:154} INFO - Started process (PID=2019) to work on /home/airflow/.local/lib/python3.7/site-packages/airflow/example_dags/example_short_circuit_operator.py
[2023-10-06T22:51:09.117+0000] {processor.py:756} INFO - Processing file /home/airflow/.local/lib/python3.7/site-packages/airflow/example_dags/example_short_circuit_operator.py for tasks to queue
[2023-10-06T22:51:09.117+0000] {logging_mixin.py:120} INFO - [2023-10-06T22:51:09.117+0000] {dagbag.py:537} INFO - Filling up the DagBag from /home/airflow/.local/lib/python3.7/site-packages/airflow/example_dags/example_short_circuit_operator.py
[2023-10-06T22:51:09.133+0000] {processor.py:766} INFO - DAG(s) dict_keys(['example_short_circuit_operator']) retrieved from /home/airflow/.local/lib/python3.7/site-packages/airflow/example_dags/example_short_circuit_operator.py
[2023-10-06T22:51:09.167+0000] {logging_mixin.py:120} INFO - [2023-10-06T22:51:09.167+0000] {dag.py:2585} INFO - Sync 1 DAGs
[2023-10-06T22:51:09.185+0000] {logging_mixin.py:120} INFO - [2023-10-06T22:51:09.185+0000] {dag.py:3340} INFO - Setting next_dagrun for example_short_circuit_operator to 2023-10-05T22:51:09.185316+00:00, run_after=2023-10-06T22:51:09.185316+00:00
[2023-10-06T22:51:09.203+0000] {processor.py:176} INFO - Processing /home/airflow/.local/lib/python3.7/site-packages/airflow/example_dags/example_short_circuit_operator.py took 0.092 seconds
[2023-10-06T22:51:39.837+0000] {processor.py:154} INFO - Started process (PID=2082) to work on /home/airflow/.local/lib/python3.7/site-packages/airflow/example_dags/example_short_circuit_operator.py
[2023-10-06T22:51:39.838+0000] {processor.py:756} INFO - Processing file /home/airflow/.local/lib/python3.7/site-packages/airflow/example_dags/example_short_circuit_operator.py for tasks to queue
[2023-10-06T22:51:39.838+0000] {logging_mixin.py:120} INFO - [2023-10-06T22:51:39.838+0000] {dagbag.py:537} INFO - Filling up the DagBag from /home/airflow/.local/lib/python3.7/site-packages/airflow/example_dags/example_short_circuit_operator.py
[2023-10-06T22:51:39.850+0000] {processor.py:766} INFO - DAG(s) dict_keys(['example_short_circuit_operator']) retrieved from /home/airflow/.local/lib/python3.7/site-packages/airflow/example_dags/example_short_circuit_operator.py
[2023-10-06T22:51:39.881+0000] {logging_mixin.py:120} INFO - [2023-10-06T22:51:39.881+0000] {dag.py:2585} INFO - Sync 1 DAGs
[2023-10-06T22:51:39.898+0000] {logging_mixin.py:120} INFO - [2023-10-06T22:51:39.898+0000] {dag.py:3340} INFO - Setting next_dagrun for example_short_circuit_operator to 2023-10-05T22:51:39.897789+00:00, run_after=2023-10-06T22:51:39.897789+00:00
[2023-10-06T22:51:39.914+0000] {processor.py:176} INFO - Processing /home/airflow/.local/lib/python3.7/site-packages/airflow/example_dags/example_short_circuit_operator.py took 0.079 seconds
[2023-10-06T22:52:10.195+0000] {processor.py:154} INFO - Started process (PID=2146) to work on /home/airflow/.local/lib/python3.7/site-packages/airflow/example_dags/example_short_circuit_operator.py
[2023-10-06T22:52:10.196+0000] {processor.py:756} INFO - Processing file /home/airflow/.local/lib/python3.7/site-packages/airflow/example_dags/example_short_circuit_operator.py for tasks to queue
[2023-10-06T22:52:10.197+0000] {logging_mixin.py:120} INFO - [2023-10-06T22:52:10.197+0000] {dagbag.py:537} INFO - Filling up the DagBag from /home/airflow/.local/lib/python3.7/site-packages/airflow/example_dags/example_short_circuit_operator.py
[2023-10-06T22:52:10.207+0000] {processor.py:766} INFO - DAG(s) dict_keys(['example_short_circuit_operator']) retrieved from /home/airflow/.local/lib/python3.7/site-packages/airflow/example_dags/example_short_circuit_operator.py
[2023-10-06T22:52:10.237+0000] {logging_mixin.py:120} INFO - [2023-10-06T22:52:10.237+0000] {dag.py:2585} INFO - Sync 1 DAGs
[2023-10-06T22:52:10.253+0000] {logging_mixin.py:120} INFO - [2023-10-06T22:52:10.253+0000] {dag.py:3340} INFO - Setting next_dagrun for example_short_circuit_operator to 2023-10-05T22:52:10.253372+00:00, run_after=2023-10-06T22:52:10.253372+00:00
[2023-10-06T22:52:10.269+0000] {processor.py:176} INFO - Processing /home/airflow/.local/lib/python3.7/site-packages/airflow/example_dags/example_short_circuit_operator.py took 0.076 seconds
[2023-10-06T22:52:40.507+0000] {processor.py:154} INFO - Started process (PID=2211) to work on /home/airflow/.local/lib/python3.7/site-packages/airflow/example_dags/example_short_circuit_operator.py
[2023-10-06T22:52:40.508+0000] {processor.py:756} INFO - Processing file /home/airflow/.local/lib/python3.7/site-packages/airflow/example_dags/example_short_circuit_operator.py for tasks to queue
[2023-10-06T22:52:40.508+0000] {logging_mixin.py:120} INFO - [2023-10-06T22:52:40.508+0000] {dagbag.py:537} INFO - Filling up the DagBag from /home/airflow/.local/lib/python3.7/site-packages/airflow/example_dags/example_short_circuit_operator.py
[2023-10-06T22:52:40.519+0000] {processor.py:766} INFO - DAG(s) dict_keys(['example_short_circuit_operator']) retrieved from /home/airflow/.local/lib/python3.7/site-packages/airflow/example_dags/example_short_circuit_operator.py
[2023-10-06T22:52:40.550+0000] {logging_mixin.py:120} INFO - [2023-10-06T22:52:40.549+0000] {dag.py:2585} INFO - Sync 1 DAGs
[2023-10-06T22:52:40.568+0000] {logging_mixin.py:120} INFO - [2023-10-06T22:52:40.568+0000] {dag.py:3340} INFO - Setting next_dagrun for example_short_circuit_operator to 2023-10-05T22:52:40.567720+00:00, run_after=2023-10-06T22:52:40.567720+00:00
[2023-10-06T22:52:40.583+0000] {processor.py:176} INFO - Processing /home/airflow/.local/lib/python3.7/site-packages/airflow/example_dags/example_short_circuit_operator.py took 0.078 seconds
[2023-10-06T22:53:10.856+0000] {processor.py:154} INFO - Started process (PID=2266) to work on /home/airflow/.local/lib/python3.7/site-packages/airflow/example_dags/example_short_circuit_operator.py
[2023-10-06T22:53:10.857+0000] {processor.py:756} INFO - Processing file /home/airflow/.local/lib/python3.7/site-packages/airflow/example_dags/example_short_circuit_operator.py for tasks to queue
[2023-10-06T22:53:10.858+0000] {logging_mixin.py:120} INFO - [2023-10-06T22:53:10.858+0000] {dagbag.py:537} INFO - Filling up the DagBag from /home/airflow/.local/lib/python3.7/site-packages/airflow/example_dags/example_short_circuit_operator.py
[2023-10-06T22:53:10.870+0000] {processor.py:766} INFO - DAG(s) dict_keys(['example_short_circuit_operator']) retrieved from /home/airflow/.local/lib/python3.7/site-packages/airflow/example_dags/example_short_circuit_operator.py
[2023-10-06T22:53:10.901+0000] {logging_mixin.py:120} INFO - [2023-10-06T22:53:10.900+0000] {dag.py:2585} INFO - Sync 1 DAGs
[2023-10-06T22:53:10.918+0000] {logging_mixin.py:120} INFO - [2023-10-06T22:53:10.918+0000] {dag.py:3340} INFO - Setting next_dagrun for example_short_circuit_operator to 2023-10-05T22:53:10.918372+00:00, run_after=2023-10-06T22:53:10.918372+00:00
[2023-10-06T22:53:10.936+0000] {processor.py:176} INFO - Processing /home/airflow/.local/lib/python3.7/site-packages/airflow/example_dags/example_short_circuit_operator.py took 0.082 seconds
[2023-10-06T22:53:41.019+0000] {processor.py:154} INFO - Started process (PID=2330) to work on /home/airflow/.local/lib/python3.7/site-packages/airflow/example_dags/example_short_circuit_operator.py
[2023-10-06T22:53:41.019+0000] {processor.py:756} INFO - Processing file /home/airflow/.local/lib/python3.7/site-packages/airflow/example_dags/example_short_circuit_operator.py for tasks to queue
[2023-10-06T22:53:41.020+0000] {logging_mixin.py:120} INFO - [2023-10-06T22:53:41.020+0000] {dagbag.py:537} INFO - Filling up the DagBag from /home/airflow/.local/lib/python3.7/site-packages/airflow/example_dags/example_short_circuit_operator.py
[2023-10-06T22:53:41.031+0000] {processor.py:766} INFO - DAG(s) dict_keys(['example_short_circuit_operator']) retrieved from /home/airflow/.local/lib/python3.7/site-packages/airflow/example_dags/example_short_circuit_operator.py
[2023-10-06T22:53:41.059+0000] {logging_mixin.py:120} INFO - [2023-10-06T22:53:41.058+0000] {dag.py:2585} INFO - Sync 1 DAGs
[2023-10-06T22:53:41.078+0000] {logging_mixin.py:120} INFO - [2023-10-06T22:53:41.078+0000] {dag.py:3340} INFO - Setting next_dagrun for example_short_circuit_operator to 2023-10-05T22:53:41.077828+00:00, run_after=2023-10-06T22:53:41.077828+00:00
[2023-10-06T22:53:41.092+0000] {processor.py:176} INFO - Processing /home/airflow/.local/lib/python3.7/site-packages/airflow/example_dags/example_short_circuit_operator.py took 0.075 seconds
[2023-10-06T22:54:11.352+0000] {processor.py:154} INFO - Started process (PID=2394) to work on /home/airflow/.local/lib/python3.7/site-packages/airflow/example_dags/example_short_circuit_operator.py
[2023-10-06T22:54:11.353+0000] {processor.py:756} INFO - Processing file /home/airflow/.local/lib/python3.7/site-packages/airflow/example_dags/example_short_circuit_operator.py for tasks to queue
[2023-10-06T22:54:11.353+0000] {logging_mixin.py:120} INFO - [2023-10-06T22:54:11.353+0000] {dagbag.py:537} INFO - Filling up the DagBag from /home/airflow/.local/lib/python3.7/site-packages/airflow/example_dags/example_short_circuit_operator.py
[2023-10-06T22:54:11.364+0000] {processor.py:766} INFO - DAG(s) dict_keys(['example_short_circuit_operator']) retrieved from /home/airflow/.local/lib/python3.7/site-packages/airflow/example_dags/example_short_circuit_operator.py
[2023-10-06T22:54:11.391+0000] {logging_mixin.py:120} INFO - [2023-10-06T22:54:11.391+0000] {dag.py:2585} INFO - Sync 1 DAGs
[2023-10-06T22:54:11.406+0000] {logging_mixin.py:120} INFO - [2023-10-06T22:54:11.406+0000] {dag.py:3340} INFO - Setting next_dagrun for example_short_circuit_operator to 2023-10-05T22:54:11.406701+00:00, run_after=2023-10-06T22:54:11.406701+00:00
[2023-10-06T22:54:11.419+0000] {processor.py:176} INFO - Processing /home/airflow/.local/lib/python3.7/site-packages/airflow/example_dags/example_short_circuit_operator.py took 0.069 seconds
[2023-10-06T22:54:41.667+0000] {processor.py:154} INFO - Started process (PID=2458) to work on /home/airflow/.local/lib/python3.7/site-packages/airflow/example_dags/example_short_circuit_operator.py
[2023-10-06T22:54:41.668+0000] {processor.py:756} INFO - Processing file /home/airflow/.local/lib/python3.7/site-packages/airflow/example_dags/example_short_circuit_operator.py for tasks to queue
[2023-10-06T22:54:41.668+0000] {logging_mixin.py:120} INFO - [2023-10-06T22:54:41.668+0000] {dagbag.py:537} INFO - Filling up the DagBag from /home/airflow/.local/lib/python3.7/site-packages/airflow/example_dags/example_short_circuit_operator.py
[2023-10-06T22:54:41.679+0000] {processor.py:766} INFO - DAG(s) dict_keys(['example_short_circuit_operator']) retrieved from /home/airflow/.local/lib/python3.7/site-packages/airflow/example_dags/example_short_circuit_operator.py
[2023-10-06T22:54:41.709+0000] {logging_mixin.py:120} INFO - [2023-10-06T22:54:41.709+0000] {dag.py:2585} INFO - Sync 1 DAGs
[2023-10-06T22:54:41.725+0000] {logging_mixin.py:120} INFO - [2023-10-06T22:54:41.724+0000] {dag.py:3340} INFO - Setting next_dagrun for example_short_circuit_operator to 2023-10-05T22:54:41.724774+00:00, run_after=2023-10-06T22:54:41.724774+00:00
[2023-10-06T22:54:41.739+0000] {processor.py:176} INFO - Processing /home/airflow/.local/lib/python3.7/site-packages/airflow/example_dags/example_short_circuit_operator.py took 0.074 seconds
[2023-10-06T22:55:11.926+0000] {processor.py:154} INFO - Started process (PID=2513) to work on /home/airflow/.local/lib/python3.7/site-packages/airflow/example_dags/example_short_circuit_operator.py
[2023-10-06T22:55:11.927+0000] {processor.py:756} INFO - Processing file /home/airflow/.local/lib/python3.7/site-packages/airflow/example_dags/example_short_circuit_operator.py for tasks to queue
[2023-10-06T22:55:11.927+0000] {logging_mixin.py:120} INFO - [2023-10-06T22:55:11.927+0000] {dagbag.py:537} INFO - Filling up the DagBag from /home/airflow/.local/lib/python3.7/site-packages/airflow/example_dags/example_short_circuit_operator.py
[2023-10-06T22:55:11.938+0000] {processor.py:766} INFO - DAG(s) dict_keys(['example_short_circuit_operator']) retrieved from /home/airflow/.local/lib/python3.7/site-packages/airflow/example_dags/example_short_circuit_operator.py
[2023-10-06T22:55:11.967+0000] {logging_mixin.py:120} INFO - [2023-10-06T22:55:11.967+0000] {dag.py:2585} INFO - Sync 1 DAGs
[2023-10-06T22:55:11.985+0000] {logging_mixin.py:120} INFO - [2023-10-06T22:55:11.985+0000] {dag.py:3340} INFO - Setting next_dagrun for example_short_circuit_operator to 2023-10-05T22:55:11.985211+00:00, run_after=2023-10-06T22:55:11.985211+00:00
[2023-10-06T22:55:12.002+0000] {processor.py:176} INFO - Processing /home/airflow/.local/lib/python3.7/site-packages/airflow/example_dags/example_short_circuit_operator.py took 0.078 seconds
[2023-10-06T22:55:42.269+0000] {processor.py:154} INFO - Started process (PID=2577) to work on /home/airflow/.local/lib/python3.7/site-packages/airflow/example_dags/example_short_circuit_operator.py
[2023-10-06T22:55:42.270+0000] {processor.py:756} INFO - Processing file /home/airflow/.local/lib/python3.7/site-packages/airflow/example_dags/example_short_circuit_operator.py for tasks to queue
[2023-10-06T22:55:42.270+0000] {logging_mixin.py:120} INFO - [2023-10-06T22:55:42.270+0000] {dagbag.py:537} INFO - Filling up the DagBag from /home/airflow/.local/lib/python3.7/site-packages/airflow/example_dags/example_short_circuit_operator.py
[2023-10-06T22:55:42.286+0000] {processor.py:766} INFO - DAG(s) dict_keys(['example_short_circuit_operator']) retrieved from /home/airflow/.local/lib/python3.7/site-packages/airflow/example_dags/example_short_circuit_operator.py
[2023-10-06T22:55:42.318+0000] {logging_mixin.py:120} INFO - [2023-10-06T22:55:42.318+0000] {dag.py:2585} INFO - Sync 1 DAGs
[2023-10-06T22:55:42.337+0000] {logging_mixin.py:120} INFO - [2023-10-06T22:55:42.337+0000] {dag.py:3340} INFO - Setting next_dagrun for example_short_circuit_operator to 2023-10-05T22:55:42.337206+00:00, run_after=2023-10-06T22:55:42.337206+00:00
[2023-10-06T22:55:42.353+0000] {processor.py:176} INFO - Processing /home/airflow/.local/lib/python3.7/site-packages/airflow/example_dags/example_short_circuit_operator.py took 0.088 seconds
[2023-10-06T22:56:12.607+0000] {processor.py:154} INFO - Started process (PID=2641) to work on /home/airflow/.local/lib/python3.7/site-packages/airflow/example_dags/example_short_circuit_operator.py
[2023-10-06T22:56:12.608+0000] {processor.py:756} INFO - Processing file /home/airflow/.local/lib/python3.7/site-packages/airflow/example_dags/example_short_circuit_operator.py for tasks to queue
[2023-10-06T22:56:12.609+0000] {logging_mixin.py:120} INFO - [2023-10-06T22:56:12.609+0000] {dagbag.py:537} INFO - Filling up the DagBag from /home/airflow/.local/lib/python3.7/site-packages/airflow/example_dags/example_short_circuit_operator.py
[2023-10-06T22:56:12.620+0000] {processor.py:766} INFO - DAG(s) dict_keys(['example_short_circuit_operator']) retrieved from /home/airflow/.local/lib/python3.7/site-packages/airflow/example_dags/example_short_circuit_operator.py
[2023-10-06T22:56:12.649+0000] {logging_mixin.py:120} INFO - [2023-10-06T22:56:12.649+0000] {dag.py:2585} INFO - Sync 1 DAGs
[2023-10-06T22:56:12.665+0000] {logging_mixin.py:120} INFO - [2023-10-06T22:56:12.665+0000] {dag.py:3340} INFO - Setting next_dagrun for example_short_circuit_operator to 2023-10-05T22:56:12.665186+00:00, run_after=2023-10-06T22:56:12.665186+00:00
[2023-10-06T22:56:12.680+0000] {processor.py:176} INFO - Processing /home/airflow/.local/lib/python3.7/site-packages/airflow/example_dags/example_short_circuit_operator.py took 0.074 seconds
[2023-10-06T22:56:42.910+0000] {processor.py:154} INFO - Started process (PID=2704) to work on /home/airflow/.local/lib/python3.7/site-packages/airflow/example_dags/example_short_circuit_operator.py
[2023-10-06T22:56:42.911+0000] {processor.py:756} INFO - Processing file /home/airflow/.local/lib/python3.7/site-packages/airflow/example_dags/example_short_circuit_operator.py for tasks to queue
[2023-10-06T22:56:42.911+0000] {logging_mixin.py:120} INFO - [2023-10-06T22:56:42.911+0000] {dagbag.py:537} INFO - Filling up the DagBag from /home/airflow/.local/lib/python3.7/site-packages/airflow/example_dags/example_short_circuit_operator.py
[2023-10-06T22:56:42.922+0000] {processor.py:766} INFO - DAG(s) dict_keys(['example_short_circuit_operator']) retrieved from /home/airflow/.local/lib/python3.7/site-packages/airflow/example_dags/example_short_circuit_operator.py
[2023-10-06T22:56:42.950+0000] {logging_mixin.py:120} INFO - [2023-10-06T22:56:42.950+0000] {dag.py:2585} INFO - Sync 1 DAGs
[2023-10-06T22:56:42.967+0000] {logging_mixin.py:120} INFO - [2023-10-06T22:56:42.967+0000] {dag.py:3340} INFO - Setting next_dagrun for example_short_circuit_operator to 2023-10-05T22:56:42.967547+00:00, run_after=2023-10-06T22:56:42.967547+00:00
[2023-10-06T22:56:42.983+0000] {processor.py:176} INFO - Processing /home/airflow/.local/lib/python3.7/site-packages/airflow/example_dags/example_short_circuit_operator.py took 0.075 seconds
[2023-10-06T22:57:13.174+0000] {processor.py:154} INFO - Started process (PID=2768) to work on /home/airflow/.local/lib/python3.7/site-packages/airflow/example_dags/example_short_circuit_operator.py
[2023-10-06T22:57:13.175+0000] {processor.py:756} INFO - Processing file /home/airflow/.local/lib/python3.7/site-packages/airflow/example_dags/example_short_circuit_operator.py for tasks to queue
[2023-10-06T22:57:13.175+0000] {logging_mixin.py:120} INFO - [2023-10-06T22:57:13.175+0000] {dagbag.py:537} INFO - Filling up the DagBag from /home/airflow/.local/lib/python3.7/site-packages/airflow/example_dags/example_short_circuit_operator.py
[2023-10-06T22:57:13.188+0000] {processor.py:766} INFO - DAG(s) dict_keys(['example_short_circuit_operator']) retrieved from /home/airflow/.local/lib/python3.7/site-packages/airflow/example_dags/example_short_circuit_operator.py
[2023-10-06T22:57:13.220+0000] {logging_mixin.py:120} INFO - [2023-10-06T22:57:13.220+0000] {dag.py:2585} INFO - Sync 1 DAGs
[2023-10-06T22:57:13.238+0000] {logging_mixin.py:120} INFO - [2023-10-06T22:57:13.238+0000] {dag.py:3340} INFO - Setting next_dagrun for example_short_circuit_operator to 2023-10-05T22:57:13.238472+00:00, run_after=2023-10-06T22:57:13.238472+00:00
[2023-10-06T22:57:13.254+0000] {processor.py:176} INFO - Processing /home/airflow/.local/lib/python3.7/site-packages/airflow/example_dags/example_short_circuit_operator.py took 0.082 seconds
[2023-10-06T22:57:44.177+0000] {processor.py:154} INFO - Started process (PID=2823) to work on /home/airflow/.local/lib/python3.7/site-packages/airflow/example_dags/example_short_circuit_operator.py
[2023-10-06T22:57:44.178+0000] {processor.py:756} INFO - Processing file /home/airflow/.local/lib/python3.7/site-packages/airflow/example_dags/example_short_circuit_operator.py for tasks to queue
[2023-10-06T22:57:44.178+0000] {logging_mixin.py:120} INFO - [2023-10-06T22:57:44.178+0000] {dagbag.py:537} INFO - Filling up the DagBag from /home/airflow/.local/lib/python3.7/site-packages/airflow/example_dags/example_short_circuit_operator.py
[2023-10-06T22:57:44.189+0000] {processor.py:766} INFO - DAG(s) dict_keys(['example_short_circuit_operator']) retrieved from /home/airflow/.local/lib/python3.7/site-packages/airflow/example_dags/example_short_circuit_operator.py
[2023-10-06T22:57:44.218+0000] {logging_mixin.py:120} INFO - [2023-10-06T22:57:44.218+0000] {dag.py:2585} INFO - Sync 1 DAGs
[2023-10-06T22:57:44.234+0000] {logging_mixin.py:120} INFO - [2023-10-06T22:57:44.234+0000] {dag.py:3340} INFO - Setting next_dagrun for example_short_circuit_operator to 2023-10-05T22:57:44.234455+00:00, run_after=2023-10-06T22:57:44.234455+00:00
[2023-10-06T22:57:44.246+0000] {processor.py:176} INFO - Processing /home/airflow/.local/lib/python3.7/site-packages/airflow/example_dags/example_short_circuit_operator.py took 0.071 seconds
[2023-10-06T22:58:14.643+0000] {processor.py:154} INFO - Started process (PID=2886) to work on /home/airflow/.local/lib/python3.7/site-packages/airflow/example_dags/example_short_circuit_operator.py
[2023-10-06T22:58:14.644+0000] {processor.py:756} INFO - Processing file /home/airflow/.local/lib/python3.7/site-packages/airflow/example_dags/example_short_circuit_operator.py for tasks to queue
[2023-10-06T22:58:14.644+0000] {logging_mixin.py:120} INFO - [2023-10-06T22:58:14.644+0000] {dagbag.py:537} INFO - Filling up the DagBag from /home/airflow/.local/lib/python3.7/site-packages/airflow/example_dags/example_short_circuit_operator.py
[2023-10-06T22:58:14.656+0000] {processor.py:766} INFO - DAG(s) dict_keys(['example_short_circuit_operator']) retrieved from /home/airflow/.local/lib/python3.7/site-packages/airflow/example_dags/example_short_circuit_operator.py
[2023-10-06T22:58:14.689+0000] {logging_mixin.py:120} INFO - [2023-10-06T22:58:14.689+0000] {dag.py:2585} INFO - Sync 1 DAGs
[2023-10-06T22:58:14.708+0000] {logging_mixin.py:120} INFO - [2023-10-06T22:58:14.708+0000] {dag.py:3340} INFO - Setting next_dagrun for example_short_circuit_operator to 2023-10-05T22:58:14.707871+00:00, run_after=2023-10-06T22:58:14.707871+00:00
[2023-10-06T22:58:14.724+0000] {processor.py:176} INFO - Processing /home/airflow/.local/lib/python3.7/site-packages/airflow/example_dags/example_short_circuit_operator.py took 0.084 seconds
[2023-10-06T22:58:44.841+0000] {processor.py:154} INFO - Started process (PID=2949) to work on /home/airflow/.local/lib/python3.7/site-packages/airflow/example_dags/example_short_circuit_operator.py
[2023-10-06T22:58:44.842+0000] {processor.py:756} INFO - Processing file /home/airflow/.local/lib/python3.7/site-packages/airflow/example_dags/example_short_circuit_operator.py for tasks to queue
[2023-10-06T22:58:44.842+0000] {logging_mixin.py:120} INFO - [2023-10-06T22:58:44.842+0000] {dagbag.py:537} INFO - Filling up the DagBag from /home/airflow/.local/lib/python3.7/site-packages/airflow/example_dags/example_short_circuit_operator.py
[2023-10-06T22:58:44.854+0000] {processor.py:766} INFO - DAG(s) dict_keys(['example_short_circuit_operator']) retrieved from /home/airflow/.local/lib/python3.7/site-packages/airflow/example_dags/example_short_circuit_operator.py
[2023-10-06T22:58:44.883+0000] {logging_mixin.py:120} INFO - [2023-10-06T22:58:44.883+0000] {dag.py:2585} INFO - Sync 1 DAGs
[2023-10-06T22:58:44.901+0000] {logging_mixin.py:120} INFO - [2023-10-06T22:58:44.900+0000] {dag.py:3340} INFO - Setting next_dagrun for example_short_circuit_operator to 2023-10-05T22:58:44.900738+00:00, run_after=2023-10-06T22:58:44.900738+00:00
[2023-10-06T22:58:44.915+0000] {processor.py:176} INFO - Processing /home/airflow/.local/lib/python3.7/site-packages/airflow/example_dags/example_short_circuit_operator.py took 0.076 seconds
[2023-10-06T22:59:15.060+0000] {processor.py:154} INFO - Started process (PID=3013) to work on /home/airflow/.local/lib/python3.7/site-packages/airflow/example_dags/example_short_circuit_operator.py
[2023-10-06T22:59:15.062+0000] {processor.py:756} INFO - Processing file /home/airflow/.local/lib/python3.7/site-packages/airflow/example_dags/example_short_circuit_operator.py for tasks to queue
[2023-10-06T22:59:15.062+0000] {logging_mixin.py:120} INFO - [2023-10-06T22:59:15.062+0000] {dagbag.py:537} INFO - Filling up the DagBag from /home/airflow/.local/lib/python3.7/site-packages/airflow/example_dags/example_short_circuit_operator.py
[2023-10-06T22:59:15.074+0000] {processor.py:766} INFO - DAG(s) dict_keys(['example_short_circuit_operator']) retrieved from /home/airflow/.local/lib/python3.7/site-packages/airflow/example_dags/example_short_circuit_operator.py
[2023-10-06T22:59:15.105+0000] {logging_mixin.py:120} INFO - [2023-10-06T22:59:15.105+0000] {dag.py:2585} INFO - Sync 1 DAGs
[2023-10-06T22:59:15.121+0000] {logging_mixin.py:120} INFO - [2023-10-06T22:59:15.121+0000] {dag.py:3340} INFO - Setting next_dagrun for example_short_circuit_operator to 2023-10-05T22:59:15.121259+00:00, run_after=2023-10-06T22:59:15.121259+00:00
[2023-10-06T22:59:15.136+0000] {processor.py:176} INFO - Processing /home/airflow/.local/lib/python3.7/site-packages/airflow/example_dags/example_short_circuit_operator.py took 0.078 seconds
[2023-10-06T22:59:45.274+0000] {processor.py:154} INFO - Started process (PID=3069) to work on /home/airflow/.local/lib/python3.7/site-packages/airflow/example_dags/example_short_circuit_operator.py
[2023-10-06T22:59:45.274+0000] {processor.py:756} INFO - Processing file /home/airflow/.local/lib/python3.7/site-packages/airflow/example_dags/example_short_circuit_operator.py for tasks to queue
[2023-10-06T22:59:45.275+0000] {logging_mixin.py:120} INFO - [2023-10-06T22:59:45.275+0000] {dagbag.py:537} INFO - Filling up the DagBag from /home/airflow/.local/lib/python3.7/site-packages/airflow/example_dags/example_short_circuit_operator.py
[2023-10-06T22:59:45.287+0000] {processor.py:766} INFO - DAG(s) dict_keys(['example_short_circuit_operator']) retrieved from /home/airflow/.local/lib/python3.7/site-packages/airflow/example_dags/example_short_circuit_operator.py
[2023-10-06T22:59:45.321+0000] {logging_mixin.py:120} INFO - [2023-10-06T22:59:45.321+0000] {dag.py:2585} INFO - Sync 1 DAGs
[2023-10-06T22:59:45.343+0000] {logging_mixin.py:120} INFO - [2023-10-06T22:59:45.343+0000] {dag.py:3340} INFO - Setting next_dagrun for example_short_circuit_operator to 2023-10-05T22:59:45.343026+00:00, run_after=2023-10-06T22:59:45.343026+00:00
[2023-10-06T22:59:45.361+0000] {processor.py:176} INFO - Processing /home/airflow/.local/lib/python3.7/site-packages/airflow/example_dags/example_short_circuit_operator.py took 0.090 seconds
[2023-10-06T23:00:15.421+0000] {processor.py:154} INFO - Started process (PID=3134) to work on /home/airflow/.local/lib/python3.7/site-packages/airflow/example_dags/example_short_circuit_operator.py
[2023-10-06T23:00:15.423+0000] {processor.py:756} INFO - Processing file /home/airflow/.local/lib/python3.7/site-packages/airflow/example_dags/example_short_circuit_operator.py for tasks to queue
[2023-10-06T23:00:15.423+0000] {logging_mixin.py:120} INFO - [2023-10-06T23:00:15.423+0000] {dagbag.py:537} INFO - Filling up the DagBag from /home/airflow/.local/lib/python3.7/site-packages/airflow/example_dags/example_short_circuit_operator.py
[2023-10-06T23:00:15.434+0000] {processor.py:766} INFO - DAG(s) dict_keys(['example_short_circuit_operator']) retrieved from /home/airflow/.local/lib/python3.7/site-packages/airflow/example_dags/example_short_circuit_operator.py
[2023-10-06T23:00:15.463+0000] {logging_mixin.py:120} INFO - [2023-10-06T23:00:15.463+0000] {dag.py:2585} INFO - Sync 1 DAGs
[2023-10-06T23:00:15.480+0000] {logging_mixin.py:120} INFO - [2023-10-06T23:00:15.480+0000] {dag.py:3340} INFO - Setting next_dagrun for example_short_circuit_operator to 2023-10-05T23:00:15.480026+00:00, run_after=2023-10-06T23:00:15.480026+00:00
[2023-10-06T23:00:15.497+0000] {processor.py:176} INFO - Processing /home/airflow/.local/lib/python3.7/site-packages/airflow/example_dags/example_short_circuit_operator.py took 0.077 seconds
[2023-10-06T23:00:45.581+0000] {processor.py:154} INFO - Started process (PID=3197) to work on /home/airflow/.local/lib/python3.7/site-packages/airflow/example_dags/example_short_circuit_operator.py
[2023-10-06T23:00:45.581+0000] {processor.py:756} INFO - Processing file /home/airflow/.local/lib/python3.7/site-packages/airflow/example_dags/example_short_circuit_operator.py for tasks to queue
[2023-10-06T23:00:45.582+0000] {logging_mixin.py:120} INFO - [2023-10-06T23:00:45.581+0000] {dagbag.py:537} INFO - Filling up the DagBag from /home/airflow/.local/lib/python3.7/site-packages/airflow/example_dags/example_short_circuit_operator.py
[2023-10-06T23:00:45.593+0000] {processor.py:766} INFO - DAG(s) dict_keys(['example_short_circuit_operator']) retrieved from /home/airflow/.local/lib/python3.7/site-packages/airflow/example_dags/example_short_circuit_operator.py
[2023-10-06T23:00:45.623+0000] {logging_mixin.py:120} INFO - [2023-10-06T23:00:45.623+0000] {dag.py:2585} INFO - Sync 1 DAGs
[2023-10-06T23:00:45.639+0000] {logging_mixin.py:120} INFO - [2023-10-06T23:00:45.638+0000] {dag.py:3340} INFO - Setting next_dagrun for example_short_circuit_operator to 2023-10-05T23:00:45.638815+00:00, run_after=2023-10-06T23:00:45.638815+00:00
[2023-10-06T23:00:45.654+0000] {processor.py:176} INFO - Processing /home/airflow/.local/lib/python3.7/site-packages/airflow/example_dags/example_short_circuit_operator.py took 0.075 seconds
[2023-10-06T23:01:15.755+0000] {processor.py:154} INFO - Started process (PID=3261) to work on /home/airflow/.local/lib/python3.7/site-packages/airflow/example_dags/example_short_circuit_operator.py
[2023-10-06T23:01:15.756+0000] {processor.py:756} INFO - Processing file /home/airflow/.local/lib/python3.7/site-packages/airflow/example_dags/example_short_circuit_operator.py for tasks to queue
[2023-10-06T23:01:15.756+0000] {logging_mixin.py:120} INFO - [2023-10-06T23:01:15.756+0000] {dagbag.py:537} INFO - Filling up the DagBag from /home/airflow/.local/lib/python3.7/site-packages/airflow/example_dags/example_short_circuit_operator.py
[2023-10-06T23:01:15.768+0000] {processor.py:766} INFO - DAG(s) dict_keys(['example_short_circuit_operator']) retrieved from /home/airflow/.local/lib/python3.7/site-packages/airflow/example_dags/example_short_circuit_operator.py
[2023-10-06T23:01:15.795+0000] {logging_mixin.py:120} INFO - [2023-10-06T23:01:15.795+0000] {dag.py:2585} INFO - Sync 1 DAGs
[2023-10-06T23:01:15.812+0000] {logging_mixin.py:120} INFO - [2023-10-06T23:01:15.812+0000] {dag.py:3340} INFO - Setting next_dagrun for example_short_circuit_operator to 2023-10-05T23:01:15.812121+00:00, run_after=2023-10-06T23:01:15.812121+00:00
[2023-10-06T23:01:15.828+0000] {processor.py:176} INFO - Processing /home/airflow/.local/lib/python3.7/site-packages/airflow/example_dags/example_short_circuit_operator.py took 0.075 seconds
[2023-10-06T23:01:46.023+0000] {processor.py:154} INFO - Started process (PID=3316) to work on /home/airflow/.local/lib/python3.7/site-packages/airflow/example_dags/example_short_circuit_operator.py
[2023-10-06T23:01:46.023+0000] {processor.py:756} INFO - Processing file /home/airflow/.local/lib/python3.7/site-packages/airflow/example_dags/example_short_circuit_operator.py for tasks to queue
[2023-10-06T23:01:46.024+0000] {logging_mixin.py:120} INFO - [2023-10-06T23:01:46.023+0000] {dagbag.py:537} INFO - Filling up the DagBag from /home/airflow/.local/lib/python3.7/site-packages/airflow/example_dags/example_short_circuit_operator.py
[2023-10-06T23:01:46.036+0000] {processor.py:766} INFO - DAG(s) dict_keys(['example_short_circuit_operator']) retrieved from /home/airflow/.local/lib/python3.7/site-packages/airflow/example_dags/example_short_circuit_operator.py
[2023-10-06T23:01:46.069+0000] {logging_mixin.py:120} INFO - [2023-10-06T23:01:46.068+0000] {dag.py:2585} INFO - Sync 1 DAGs
[2023-10-06T23:01:46.088+0000] {logging_mixin.py:120} INFO - [2023-10-06T23:01:46.088+0000] {dag.py:3340} INFO - Setting next_dagrun for example_short_circuit_operator to 2023-10-05T23:01:46.088530+00:00, run_after=2023-10-06T23:01:46.088530+00:00
[2023-10-06T23:01:46.103+0000] {processor.py:176} INFO - Processing /home/airflow/.local/lib/python3.7/site-packages/airflow/example_dags/example_short_circuit_operator.py took 0.083 seconds
[2023-10-06T23:02:16.192+0000] {processor.py:154} INFO - Started process (PID=3380) to work on /home/airflow/.local/lib/python3.7/site-packages/airflow/example_dags/example_short_circuit_operator.py
[2023-10-06T23:02:16.194+0000] {processor.py:756} INFO - Processing file /home/airflow/.local/lib/python3.7/site-packages/airflow/example_dags/example_short_circuit_operator.py for tasks to queue
[2023-10-06T23:02:16.194+0000] {logging_mixin.py:120} INFO - [2023-10-06T23:02:16.194+0000] {dagbag.py:537} INFO - Filling up the DagBag from /home/airflow/.local/lib/python3.7/site-packages/airflow/example_dags/example_short_circuit_operator.py
[2023-10-06T23:02:16.205+0000] {processor.py:766} INFO - DAG(s) dict_keys(['example_short_circuit_operator']) retrieved from /home/airflow/.local/lib/python3.7/site-packages/airflow/example_dags/example_short_circuit_operator.py
[2023-10-06T23:02:16.234+0000] {logging_mixin.py:120} INFO - [2023-10-06T23:02:16.234+0000] {dag.py:2585} INFO - Sync 1 DAGs
[2023-10-06T23:02:16.250+0000] {logging_mixin.py:120} INFO - [2023-10-06T23:02:16.250+0000] {dag.py:3340} INFO - Setting next_dagrun for example_short_circuit_operator to 2023-10-05T23:02:16.250034+00:00, run_after=2023-10-06T23:02:16.250034+00:00
[2023-10-06T23:02:16.266+0000] {processor.py:176} INFO - Processing /home/airflow/.local/lib/python3.7/site-packages/airflow/example_dags/example_short_circuit_operator.py took 0.076 seconds
[2023-10-06T23:02:46.402+0000] {processor.py:154} INFO - Started process (PID=3444) to work on /home/airflow/.local/lib/python3.7/site-packages/airflow/example_dags/example_short_circuit_operator.py
[2023-10-06T23:02:46.403+0000] {processor.py:756} INFO - Processing file /home/airflow/.local/lib/python3.7/site-packages/airflow/example_dags/example_short_circuit_operator.py for tasks to queue
[2023-10-06T23:02:46.403+0000] {logging_mixin.py:120} INFO - [2023-10-06T23:02:46.403+0000] {dagbag.py:537} INFO - Filling up the DagBag from /home/airflow/.local/lib/python3.7/site-packages/airflow/example_dags/example_short_circuit_operator.py
[2023-10-06T23:02:46.415+0000] {processor.py:766} INFO - DAG(s) dict_keys(['example_short_circuit_operator']) retrieved from /home/airflow/.local/lib/python3.7/site-packages/airflow/example_dags/example_short_circuit_operator.py
[2023-10-06T23:02:46.446+0000] {logging_mixin.py:120} INFO - [2023-10-06T23:02:46.446+0000] {dag.py:2585} INFO - Sync 1 DAGs
[2023-10-06T23:02:46.465+0000] {logging_mixin.py:120} INFO - [2023-10-06T23:02:46.464+0000] {dag.py:3340} INFO - Setting next_dagrun for example_short_circuit_operator to 2023-10-05T23:02:46.464747+00:00, run_after=2023-10-06T23:02:46.464747+00:00
[2023-10-06T23:02:46.479+0000] {processor.py:176} INFO - Processing /home/airflow/.local/lib/python3.7/site-packages/airflow/example_dags/example_short_circuit_operator.py took 0.080 seconds
[2023-10-06T23:03:17.343+0000] {processor.py:154} INFO - Started process (PID=3508) to work on /home/airflow/.local/lib/python3.7/site-packages/airflow/example_dags/example_short_circuit_operator.py
[2023-10-06T23:03:17.344+0000] {processor.py:756} INFO - Processing file /home/airflow/.local/lib/python3.7/site-packages/airflow/example_dags/example_short_circuit_operator.py for tasks to queue
[2023-10-06T23:03:17.345+0000] {logging_mixin.py:120} INFO - [2023-10-06T23:03:17.345+0000] {dagbag.py:537} INFO - Filling up the DagBag from /home/airflow/.local/lib/python3.7/site-packages/airflow/example_dags/example_short_circuit_operator.py
[2023-10-06T23:03:17.358+0000] {processor.py:766} INFO - DAG(s) dict_keys(['example_short_circuit_operator']) retrieved from /home/airflow/.local/lib/python3.7/site-packages/airflow/example_dags/example_short_circuit_operator.py
[2023-10-06T23:03:17.388+0000] {logging_mixin.py:120} INFO - [2023-10-06T23:03:17.388+0000] {dag.py:2585} INFO - Sync 1 DAGs
[2023-10-06T23:03:17.407+0000] {logging_mixin.py:120} INFO - [2023-10-06T23:03:17.407+0000] {dag.py:3340} INFO - Setting next_dagrun for example_short_circuit_operator to 2023-10-05T23:03:17.407557+00:00, run_after=2023-10-06T23:03:17.407557+00:00
[2023-10-06T23:03:17.424+0000] {processor.py:176} INFO - Processing /home/airflow/.local/lib/python3.7/site-packages/airflow/example_dags/example_short_circuit_operator.py took 0.083 seconds
[2023-10-06T23:03:47.519+0000] {processor.py:154} INFO - Started process (PID=3563) to work on /home/airflow/.local/lib/python3.7/site-packages/airflow/example_dags/example_short_circuit_operator.py
[2023-10-06T23:03:47.520+0000] {processor.py:756} INFO - Processing file /home/airflow/.local/lib/python3.7/site-packages/airflow/example_dags/example_short_circuit_operator.py for tasks to queue
[2023-10-06T23:03:47.520+0000] {logging_mixin.py:120} INFO - [2023-10-06T23:03:47.520+0000] {dagbag.py:537} INFO - Filling up the DagBag from /home/airflow/.local/lib/python3.7/site-packages/airflow/example_dags/example_short_circuit_operator.py
[2023-10-06T23:03:47.532+0000] {processor.py:766} INFO - DAG(s) dict_keys(['example_short_circuit_operator']) retrieved from /home/airflow/.local/lib/python3.7/site-packages/airflow/example_dags/example_short_circuit_operator.py
[2023-10-06T23:03:47.562+0000] {logging_mixin.py:120} INFO - [2023-10-06T23:03:47.562+0000] {dag.py:2585} INFO - Sync 1 DAGs
[2023-10-06T23:03:47.579+0000] {logging_mixin.py:120} INFO - [2023-10-06T23:03:47.579+0000] {dag.py:3340} INFO - Setting next_dagrun for example_short_circuit_operator to 2023-10-05T23:03:47.579374+00:00, run_after=2023-10-06T23:03:47.579374+00:00
[2023-10-06T23:03:47.595+0000] {processor.py:176} INFO - Processing /home/airflow/.local/lib/python3.7/site-packages/airflow/example_dags/example_short_circuit_operator.py took 0.078 seconds
[2023-10-06T23:04:17.664+0000] {processor.py:154} INFO - Started process (PID=3627) to work on /home/airflow/.local/lib/python3.7/site-packages/airflow/example_dags/example_short_circuit_operator.py
[2023-10-06T23:04:17.665+0000] {processor.py:756} INFO - Processing file /home/airflow/.local/lib/python3.7/site-packages/airflow/example_dags/example_short_circuit_operator.py for tasks to queue
[2023-10-06T23:04:17.666+0000] {logging_mixin.py:120} INFO - [2023-10-06T23:04:17.666+0000] {dagbag.py:537} INFO - Filling up the DagBag from /home/airflow/.local/lib/python3.7/site-packages/airflow/example_dags/example_short_circuit_operator.py
[2023-10-06T23:04:17.677+0000] {processor.py:766} INFO - DAG(s) dict_keys(['example_short_circuit_operator']) retrieved from /home/airflow/.local/lib/python3.7/site-packages/airflow/example_dags/example_short_circuit_operator.py
[2023-10-06T23:04:17.706+0000] {logging_mixin.py:120} INFO - [2023-10-06T23:04:17.706+0000] {dag.py:2585} INFO - Sync 1 DAGs
[2023-10-06T23:04:17.723+0000] {logging_mixin.py:120} INFO - [2023-10-06T23:04:17.722+0000] {dag.py:3340} INFO - Setting next_dagrun for example_short_circuit_operator to 2023-10-05T23:04:17.722761+00:00, run_after=2023-10-06T23:04:17.722761+00:00
[2023-10-06T23:04:17.738+0000] {processor.py:176} INFO - Processing /home/airflow/.local/lib/python3.7/site-packages/airflow/example_dags/example_short_circuit_operator.py took 0.076 seconds
[2023-10-06T23:04:47.913+0000] {processor.py:154} INFO - Started process (PID=3692) to work on /home/airflow/.local/lib/python3.7/site-packages/airflow/example_dags/example_short_circuit_operator.py
[2023-10-06T23:04:47.914+0000] {processor.py:756} INFO - Processing file /home/airflow/.local/lib/python3.7/site-packages/airflow/example_dags/example_short_circuit_operator.py for tasks to queue
[2023-10-06T23:04:47.914+0000] {logging_mixin.py:120} INFO - [2023-10-06T23:04:47.914+0000] {dagbag.py:537} INFO - Filling up the DagBag from /home/airflow/.local/lib/python3.7/site-packages/airflow/example_dags/example_short_circuit_operator.py
[2023-10-06T23:04:47.929+0000] {processor.py:766} INFO - DAG(s) dict_keys(['example_short_circuit_operator']) retrieved from /home/airflow/.local/lib/python3.7/site-packages/airflow/example_dags/example_short_circuit_operator.py
[2023-10-06T23:04:47.961+0000] {logging_mixin.py:120} INFO - [2023-10-06T23:04:47.960+0000] {dag.py:2585} INFO - Sync 1 DAGs
[2023-10-06T23:04:47.977+0000] {logging_mixin.py:120} INFO - [2023-10-06T23:04:47.977+0000] {dag.py:3340} INFO - Setting next_dagrun for example_short_circuit_operator to 2023-10-05T23:04:47.977243+00:00, run_after=2023-10-06T23:04:47.977243+00:00
[2023-10-06T23:04:47.992+0000] {processor.py:176} INFO - Processing /home/airflow/.local/lib/python3.7/site-packages/airflow/example_dags/example_short_circuit_operator.py took 0.082 seconds
[2023-10-06T23:05:18.116+0000] {processor.py:154} INFO - Started process (PID=3756) to work on /home/airflow/.local/lib/python3.7/site-packages/airflow/example_dags/example_short_circuit_operator.py
[2023-10-06T23:05:18.117+0000] {processor.py:756} INFO - Processing file /home/airflow/.local/lib/python3.7/site-packages/airflow/example_dags/example_short_circuit_operator.py for tasks to queue
[2023-10-06T23:05:18.117+0000] {logging_mixin.py:120} INFO - [2023-10-06T23:05:18.117+0000] {dagbag.py:537} INFO - Filling up the DagBag from /home/airflow/.local/lib/python3.7/site-packages/airflow/example_dags/example_short_circuit_operator.py
[2023-10-06T23:05:18.128+0000] {processor.py:766} INFO - DAG(s) dict_keys(['example_short_circuit_operator']) retrieved from /home/airflow/.local/lib/python3.7/site-packages/airflow/example_dags/example_short_circuit_operator.py
[2023-10-06T23:05:18.158+0000] {logging_mixin.py:120} INFO - [2023-10-06T23:05:18.158+0000] {dag.py:2585} INFO - Sync 1 DAGs
[2023-10-06T23:05:18.175+0000] {logging_mixin.py:120} INFO - [2023-10-06T23:05:18.174+0000] {dag.py:3340} INFO - Setting next_dagrun for example_short_circuit_operator to 2023-10-05T23:05:18.174748+00:00, run_after=2023-10-06T23:05:18.174748+00:00
[2023-10-06T23:05:18.190+0000] {processor.py:176} INFO - Processing /home/airflow/.local/lib/python3.7/site-packages/airflow/example_dags/example_short_circuit_operator.py took 0.077 seconds
[2023-10-06T23:05:48.299+0000] {processor.py:154} INFO - Started process (PID=3812) to work on /home/airflow/.local/lib/python3.7/site-packages/airflow/example_dags/example_short_circuit_operator.py
[2023-10-06T23:05:48.299+0000] {processor.py:756} INFO - Processing file /home/airflow/.local/lib/python3.7/site-packages/airflow/example_dags/example_short_circuit_operator.py for tasks to queue
[2023-10-06T23:05:48.299+0000] {logging_mixin.py:120} INFO - [2023-10-06T23:05:48.299+0000] {dagbag.py:537} INFO - Filling up the DagBag from /home/airflow/.local/lib/python3.7/site-packages/airflow/example_dags/example_short_circuit_operator.py
[2023-10-06T23:05:48.310+0000] {processor.py:766} INFO - DAG(s) dict_keys(['example_short_circuit_operator']) retrieved from /home/airflow/.local/lib/python3.7/site-packages/airflow/example_dags/example_short_circuit_operator.py
[2023-10-06T23:05:48.339+0000] {logging_mixin.py:120} INFO - [2023-10-06T23:05:48.339+0000] {dag.py:2585} INFO - Sync 1 DAGs
[2023-10-06T23:05:48.359+0000] {logging_mixin.py:120} INFO - [2023-10-06T23:05:48.358+0000] {dag.py:3340} INFO - Setting next_dagrun for example_short_circuit_operator to 2023-10-05T23:05:48.358560+00:00, run_after=2023-10-06T23:05:48.358560+00:00
[2023-10-06T23:05:48.376+0000] {processor.py:176} INFO - Processing /home/airflow/.local/lib/python3.7/site-packages/airflow/example_dags/example_short_circuit_operator.py took 0.079 seconds
[2023-10-06T23:06:18.393+0000] {processor.py:154} INFO - Started process (PID=3876) to work on /home/airflow/.local/lib/python3.7/site-packages/airflow/example_dags/example_short_circuit_operator.py
[2023-10-06T23:06:18.394+0000] {processor.py:756} INFO - Processing file /home/airflow/.local/lib/python3.7/site-packages/airflow/example_dags/example_short_circuit_operator.py for tasks to queue
[2023-10-06T23:06:18.395+0000] {logging_mixin.py:120} INFO - [2023-10-06T23:06:18.395+0000] {dagbag.py:537} INFO - Filling up the DagBag from /home/airflow/.local/lib/python3.7/site-packages/airflow/example_dags/example_short_circuit_operator.py
[2023-10-06T23:06:18.406+0000] {processor.py:766} INFO - DAG(s) dict_keys(['example_short_circuit_operator']) retrieved from /home/airflow/.local/lib/python3.7/site-packages/airflow/example_dags/example_short_circuit_operator.py
[2023-10-06T23:06:18.437+0000] {logging_mixin.py:120} INFO - [2023-10-06T23:06:18.436+0000] {dag.py:2585} INFO - Sync 1 DAGs
[2023-10-06T23:06:18.453+0000] {logging_mixin.py:120} INFO - [2023-10-06T23:06:18.453+0000] {dag.py:3340} INFO - Setting next_dagrun for example_short_circuit_operator to 2023-10-05T23:06:18.453613+00:00, run_after=2023-10-06T23:06:18.453613+00:00
[2023-10-06T23:06:18.468+0000] {processor.py:176} INFO - Processing /home/airflow/.local/lib/python3.7/site-packages/airflow/example_dags/example_short_circuit_operator.py took 0.077 seconds
[2023-10-06T23:06:48.758+0000] {processor.py:154} INFO - Started process (PID=3940) to work on /home/airflow/.local/lib/python3.7/site-packages/airflow/example_dags/example_short_circuit_operator.py
[2023-10-06T23:06:48.760+0000] {processor.py:756} INFO - Processing file /home/airflow/.local/lib/python3.7/site-packages/airflow/example_dags/example_short_circuit_operator.py for tasks to queue
[2023-10-06T23:06:48.760+0000] {logging_mixin.py:120} INFO - [2023-10-06T23:06:48.760+0000] {dagbag.py:537} INFO - Filling up the DagBag from /home/airflow/.local/lib/python3.7/site-packages/airflow/example_dags/example_short_circuit_operator.py
[2023-10-06T23:06:48.771+0000] {processor.py:766} INFO - DAG(s) dict_keys(['example_short_circuit_operator']) retrieved from /home/airflow/.local/lib/python3.7/site-packages/airflow/example_dags/example_short_circuit_operator.py
[2023-10-06T23:06:48.801+0000] {logging_mixin.py:120} INFO - [2023-10-06T23:06:48.801+0000] {dag.py:2585} INFO - Sync 1 DAGs
[2023-10-06T23:06:48.819+0000] {logging_mixin.py:120} INFO - [2023-10-06T23:06:48.819+0000] {dag.py:3340} INFO - Setting next_dagrun for example_short_circuit_operator to 2023-10-05T23:06:48.819019+00:00, run_after=2023-10-06T23:06:48.819019+00:00
[2023-10-06T23:06:48.834+0000] {processor.py:176} INFO - Processing /home/airflow/.local/lib/python3.7/site-packages/airflow/example_dags/example_short_circuit_operator.py took 0.078 seconds
[2023-10-06T23:07:18.932+0000] {processor.py:154} INFO - Started process (PID=4005) to work on /home/airflow/.local/lib/python3.7/site-packages/airflow/example_dags/example_short_circuit_operator.py
[2023-10-06T23:07:18.933+0000] {processor.py:756} INFO - Processing file /home/airflow/.local/lib/python3.7/site-packages/airflow/example_dags/example_short_circuit_operator.py for tasks to queue
[2023-10-06T23:07:18.933+0000] {logging_mixin.py:120} INFO - [2023-10-06T23:07:18.933+0000] {dagbag.py:537} INFO - Filling up the DagBag from /home/airflow/.local/lib/python3.7/site-packages/airflow/example_dags/example_short_circuit_operator.py
[2023-10-06T23:07:18.944+0000] {processor.py:766} INFO - DAG(s) dict_keys(['example_short_circuit_operator']) retrieved from /home/airflow/.local/lib/python3.7/site-packages/airflow/example_dags/example_short_circuit_operator.py
[2023-10-06T23:07:18.974+0000] {logging_mixin.py:120} INFO - [2023-10-06T23:07:18.973+0000] {dag.py:2585} INFO - Sync 1 DAGs
[2023-10-06T23:07:18.990+0000] {logging_mixin.py:120} INFO - [2023-10-06T23:07:18.990+0000] {dag.py:3340} INFO - Setting next_dagrun for example_short_circuit_operator to 2023-10-05T23:07:18.990062+00:00, run_after=2023-10-06T23:07:18.990062+00:00
[2023-10-06T23:07:19.006+0000] {processor.py:176} INFO - Processing /home/airflow/.local/lib/python3.7/site-packages/airflow/example_dags/example_short_circuit_operator.py took 0.076 seconds
[2023-10-06T23:07:49.195+0000] {processor.py:154} INFO - Started process (PID=4067) to work on /home/airflow/.local/lib/python3.7/site-packages/airflow/example_dags/example_short_circuit_operator.py
[2023-10-06T23:07:49.196+0000] {processor.py:756} INFO - Processing file /home/airflow/.local/lib/python3.7/site-packages/airflow/example_dags/example_short_circuit_operator.py for tasks to queue
[2023-10-06T23:07:49.196+0000] {logging_mixin.py:120} INFO - [2023-10-06T23:07:49.196+0000] {dagbag.py:537} INFO - Filling up the DagBag from /home/airflow/.local/lib/python3.7/site-packages/airflow/example_dags/example_short_circuit_operator.py
[2023-10-06T23:07:49.209+0000] {processor.py:766} INFO - DAG(s) dict_keys(['example_short_circuit_operator']) retrieved from /home/airflow/.local/lib/python3.7/site-packages/airflow/example_dags/example_short_circuit_operator.py
[2023-10-06T23:07:49.248+0000] {logging_mixin.py:120} INFO - [2023-10-06T23:07:49.248+0000] {dag.py:2585} INFO - Sync 1 DAGs
[2023-10-06T23:07:49.273+0000] {logging_mixin.py:120} INFO - [2023-10-06T23:07:49.273+0000] {dag.py:3340} INFO - Setting next_dagrun for example_short_circuit_operator to 2023-10-05T23:07:49.273045+00:00, run_after=2023-10-06T23:07:49.273045+00:00
[2023-10-06T23:07:49.291+0000] {processor.py:176} INFO - Processing /home/airflow/.local/lib/python3.7/site-packages/airflow/example_dags/example_short_circuit_operator.py took 0.098 seconds
[2023-10-06T23:08:20.188+0000] {processor.py:154} INFO - Started process (PID=4124) to work on /home/airflow/.local/lib/python3.7/site-packages/airflow/example_dags/example_short_circuit_operator.py
[2023-10-06T23:08:20.189+0000] {processor.py:756} INFO - Processing file /home/airflow/.local/lib/python3.7/site-packages/airflow/example_dags/example_short_circuit_operator.py for tasks to queue
[2023-10-06T23:08:20.190+0000] {logging_mixin.py:120} INFO - [2023-10-06T23:08:20.190+0000] {dagbag.py:537} INFO - Filling up the DagBag from /home/airflow/.local/lib/python3.7/site-packages/airflow/example_dags/example_short_circuit_operator.py
[2023-10-06T23:08:20.200+0000] {processor.py:766} INFO - DAG(s) dict_keys(['example_short_circuit_operator']) retrieved from /home/airflow/.local/lib/python3.7/site-packages/airflow/example_dags/example_short_circuit_operator.py
[2023-10-06T23:08:20.230+0000] {logging_mixin.py:120} INFO - [2023-10-06T23:08:20.230+0000] {dag.py:2585} INFO - Sync 1 DAGs
[2023-10-06T23:08:20.246+0000] {logging_mixin.py:120} INFO - [2023-10-06T23:08:20.246+0000] {dag.py:3340} INFO - Setting next_dagrun for example_short_circuit_operator to 2023-10-05T23:08:20.246439+00:00, run_after=2023-10-06T23:08:20.246439+00:00
[2023-10-06T23:08:20.261+0000] {processor.py:176} INFO - Processing /home/airflow/.local/lib/python3.7/site-packages/airflow/example_dags/example_short_circuit_operator.py took 0.075 seconds
