[2023-10-06T22:34:53.597+0000] {processor.py:154} INFO - Started process (PID=50) to work on /home/airflow/.local/lib/python3.7/site-packages/airflow/example_dags/example_branch_operator.py
[2023-10-06T22:34:53.597+0000] {processor.py:756} INFO - Processing file /home/airflow/.local/lib/python3.7/site-packages/airflow/example_dags/example_branch_operator.py for tasks to queue
[2023-10-06T22:34:53.598+0000] {logging_mixin.py:120} INFO - [2023-10-06T22:34:53.598+0000] {dagbag.py:537} INFO - Filling up the DagBag from /home/airflow/.local/lib/python3.7/site-packages/airflow/example_dags/example_branch_operator.py
[2023-10-06T22:34:53.613+0000] {processor.py:766} INFO - DAG(s) dict_keys(['example_branch_operator']) retrieved from /home/airflow/.local/lib/python3.7/site-packages/airflow/example_dags/example_branch_operator.py
[2023-10-06T22:34:53.646+0000] {logging_mixin.py:120} INFO - [2023-10-06T22:34:53.646+0000] {dag.py:2585} INFO - Sync 1 DAGs
[2023-10-06T22:34:53.665+0000] {logging_mixin.py:120} INFO - [2023-10-06T22:34:53.665+0000] {dag.py:3340} INFO - Setting next_dagrun for example_branch_operator to 2023-10-05T00:00:00+00:00, run_after=2023-10-06T00:00:00+00:00
[2023-10-06T22:34:53.683+0000] {processor.py:176} INFO - Processing /home/airflow/.local/lib/python3.7/site-packages/airflow/example_dags/example_branch_operator.py took 0.088 seconds
[2023-10-06T22:35:24.093+0000] {processor.py:154} INFO - Started process (PID=113) to work on /home/airflow/.local/lib/python3.7/site-packages/airflow/example_dags/example_branch_operator.py
[2023-10-06T22:35:24.093+0000] {processor.py:756} INFO - Processing file /home/airflow/.local/lib/python3.7/site-packages/airflow/example_dags/example_branch_operator.py for tasks to queue
[2023-10-06T22:35:24.094+0000] {logging_mixin.py:120} INFO - [2023-10-06T22:35:24.094+0000] {dagbag.py:537} INFO - Filling up the DagBag from /home/airflow/.local/lib/python3.7/site-packages/airflow/example_dags/example_branch_operator.py
[2023-10-06T22:35:24.109+0000] {processor.py:766} INFO - DAG(s) dict_keys(['example_branch_operator']) retrieved from /home/airflow/.local/lib/python3.7/site-packages/airflow/example_dags/example_branch_operator.py
[2023-10-06T22:35:24.128+0000] {logging_mixin.py:120} INFO - [2023-10-06T22:35:24.128+0000] {dag.py:2585} INFO - Sync 1 DAGs
[2023-10-06T22:35:24.148+0000] {logging_mixin.py:120} INFO - [2023-10-06T22:35:24.148+0000] {dag.py:3340} INFO - Setting next_dagrun for example_branch_operator to 2023-10-05T00:00:00+00:00, run_after=2023-10-06T00:00:00+00:00
[2023-10-06T22:35:24.168+0000] {processor.py:176} INFO - Processing /home/airflow/.local/lib/python3.7/site-packages/airflow/example_dags/example_branch_operator.py took 0.078 seconds
[2023-10-06T22:35:55.111+0000] {processor.py:154} INFO - Started process (PID=176) to work on /home/airflow/.local/lib/python3.7/site-packages/airflow/example_dags/example_branch_operator.py
[2023-10-06T22:35:55.112+0000] {processor.py:756} INFO - Processing file /home/airflow/.local/lib/python3.7/site-packages/airflow/example_dags/example_branch_operator.py for tasks to queue
[2023-10-06T22:35:55.112+0000] {logging_mixin.py:120} INFO - [2023-10-06T22:35:55.112+0000] {dagbag.py:537} INFO - Filling up the DagBag from /home/airflow/.local/lib/python3.7/site-packages/airflow/example_dags/example_branch_operator.py
[2023-10-06T22:35:55.124+0000] {processor.py:766} INFO - DAG(s) dict_keys(['example_branch_operator']) retrieved from /home/airflow/.local/lib/python3.7/site-packages/airflow/example_dags/example_branch_operator.py
[2023-10-06T22:35:55.151+0000] {logging_mixin.py:120} INFO - [2023-10-06T22:35:55.151+0000] {dag.py:2585} INFO - Sync 1 DAGs
[2023-10-06T22:35:55.168+0000] {logging_mixin.py:120} INFO - [2023-10-06T22:35:55.168+0000] {dag.py:3340} INFO - Setting next_dagrun for example_branch_operator to 2023-10-05T00:00:00+00:00, run_after=2023-10-06T00:00:00+00:00
[2023-10-06T22:35:55.182+0000] {processor.py:176} INFO - Processing /home/airflow/.local/lib/python3.7/site-packages/airflow/example_dags/example_branch_operator.py took 0.073 seconds
[2023-10-06T22:36:25.342+0000] {processor.py:154} INFO - Started process (PID=230) to work on /home/airflow/.local/lib/python3.7/site-packages/airflow/example_dags/example_branch_operator.py
[2023-10-06T22:36:25.343+0000] {processor.py:756} INFO - Processing file /home/airflow/.local/lib/python3.7/site-packages/airflow/example_dags/example_branch_operator.py for tasks to queue
[2023-10-06T22:36:25.343+0000] {logging_mixin.py:120} INFO - [2023-10-06T22:36:25.343+0000] {dagbag.py:537} INFO - Filling up the DagBag from /home/airflow/.local/lib/python3.7/site-packages/airflow/example_dags/example_branch_operator.py
[2023-10-06T22:36:25.355+0000] {processor.py:766} INFO - DAG(s) dict_keys(['example_branch_operator']) retrieved from /home/airflow/.local/lib/python3.7/site-packages/airflow/example_dags/example_branch_operator.py
[2023-10-06T22:36:25.387+0000] {logging_mixin.py:120} INFO - [2023-10-06T22:36:25.387+0000] {dag.py:2585} INFO - Sync 1 DAGs
[2023-10-06T22:36:25.406+0000] {logging_mixin.py:120} INFO - [2023-10-06T22:36:25.406+0000] {dag.py:3340} INFO - Setting next_dagrun for example_branch_operator to 2023-10-05T00:00:00+00:00, run_after=2023-10-06T00:00:00+00:00
[2023-10-06T22:36:25.422+0000] {processor.py:176} INFO - Processing /home/airflow/.local/lib/python3.7/site-packages/airflow/example_dags/example_branch_operator.py took 0.082 seconds
[2023-10-06T22:36:56.131+0000] {processor.py:154} INFO - Started process (PID=294) to work on /home/airflow/.local/lib/python3.7/site-packages/airflow/example_dags/example_branch_operator.py
[2023-10-06T22:36:56.132+0000] {processor.py:756} INFO - Processing file /home/airflow/.local/lib/python3.7/site-packages/airflow/example_dags/example_branch_operator.py for tasks to queue
[2023-10-06T22:36:56.132+0000] {logging_mixin.py:120} INFO - [2023-10-06T22:36:56.132+0000] {dagbag.py:537} INFO - Filling up the DagBag from /home/airflow/.local/lib/python3.7/site-packages/airflow/example_dags/example_branch_operator.py
[2023-10-06T22:36:56.147+0000] {processor.py:766} INFO - DAG(s) dict_keys(['example_branch_operator']) retrieved from /home/airflow/.local/lib/python3.7/site-packages/airflow/example_dags/example_branch_operator.py
[2023-10-06T22:36:56.210+0000] {logging_mixin.py:120} INFO - [2023-10-06T22:36:56.209+0000] {dag.py:2585} INFO - Sync 1 DAGs
[2023-10-06T22:36:56.231+0000] {logging_mixin.py:120} INFO - [2023-10-06T22:36:56.231+0000] {dag.py:3340} INFO - Setting next_dagrun for example_branch_operator to 2023-10-05T00:00:00+00:00, run_after=2023-10-06T00:00:00+00:00
[2023-10-06T22:36:56.247+0000] {processor.py:176} INFO - Processing /home/airflow/.local/lib/python3.7/site-packages/airflow/example_dags/example_branch_operator.py took 0.124 seconds
[2023-10-06T22:37:26.989+0000] {processor.py:154} INFO - Started process (PID=357) to work on /home/airflow/.local/lib/python3.7/site-packages/airflow/example_dags/example_branch_operator.py
[2023-10-06T22:37:26.990+0000] {processor.py:756} INFO - Processing file /home/airflow/.local/lib/python3.7/site-packages/airflow/example_dags/example_branch_operator.py for tasks to queue
[2023-10-06T22:37:26.990+0000] {logging_mixin.py:120} INFO - [2023-10-06T22:37:26.990+0000] {dagbag.py:537} INFO - Filling up the DagBag from /home/airflow/.local/lib/python3.7/site-packages/airflow/example_dags/example_branch_operator.py
[2023-10-06T22:37:27.003+0000] {processor.py:766} INFO - DAG(s) dict_keys(['example_branch_operator']) retrieved from /home/airflow/.local/lib/python3.7/site-packages/airflow/example_dags/example_branch_operator.py
[2023-10-06T22:37:27.041+0000] {logging_mixin.py:120} INFO - [2023-10-06T22:37:27.041+0000] {dag.py:2585} INFO - Sync 1 DAGs
[2023-10-06T22:37:27.063+0000] {logging_mixin.py:120} INFO - [2023-10-06T22:37:27.063+0000] {dag.py:3340} INFO - Setting next_dagrun for example_branch_operator to 2023-10-05T00:00:00+00:00, run_after=2023-10-06T00:00:00+00:00
[2023-10-06T22:37:27.079+0000] {processor.py:176} INFO - Processing /home/airflow/.local/lib/python3.7/site-packages/airflow/example_dags/example_branch_operator.py took 0.092 seconds
[2023-10-06T22:37:57.498+0000] {processor.py:154} INFO - Started process (PID=421) to work on /home/airflow/.local/lib/python3.7/site-packages/airflow/example_dags/example_branch_operator.py
[2023-10-06T22:37:57.499+0000] {processor.py:756} INFO - Processing file /home/airflow/.local/lib/python3.7/site-packages/airflow/example_dags/example_branch_operator.py for tasks to queue
[2023-10-06T22:37:57.500+0000] {logging_mixin.py:120} INFO - [2023-10-06T22:37:57.500+0000] {dagbag.py:537} INFO - Filling up the DagBag from /home/airflow/.local/lib/python3.7/site-packages/airflow/example_dags/example_branch_operator.py
[2023-10-06T22:37:57.513+0000] {processor.py:766} INFO - DAG(s) dict_keys(['example_branch_operator']) retrieved from /home/airflow/.local/lib/python3.7/site-packages/airflow/example_dags/example_branch_operator.py
[2023-10-06T22:37:57.547+0000] {logging_mixin.py:120} INFO - [2023-10-06T22:37:57.547+0000] {dag.py:2585} INFO - Sync 1 DAGs
[2023-10-06T22:37:57.568+0000] {logging_mixin.py:120} INFO - [2023-10-06T22:37:57.568+0000] {dag.py:3340} INFO - Setting next_dagrun for example_branch_operator to 2023-10-05T00:00:00+00:00, run_after=2023-10-06T00:00:00+00:00
[2023-10-06T22:37:57.583+0000] {processor.py:176} INFO - Processing /home/airflow/.local/lib/python3.7/site-packages/airflow/example_dags/example_branch_operator.py took 0.086 seconds
[2023-10-06T22:38:27.778+0000] {processor.py:154} INFO - Started process (PID=476) to work on /home/airflow/.local/lib/python3.7/site-packages/airflow/example_dags/example_branch_operator.py
[2023-10-06T22:38:27.779+0000] {processor.py:756} INFO - Processing file /home/airflow/.local/lib/python3.7/site-packages/airflow/example_dags/example_branch_operator.py for tasks to queue
[2023-10-06T22:38:27.780+0000] {logging_mixin.py:120} INFO - [2023-10-06T22:38:27.780+0000] {dagbag.py:537} INFO - Filling up the DagBag from /home/airflow/.local/lib/python3.7/site-packages/airflow/example_dags/example_branch_operator.py
[2023-10-06T22:38:27.797+0000] {processor.py:766} INFO - DAG(s) dict_keys(['example_branch_operator']) retrieved from /home/airflow/.local/lib/python3.7/site-packages/airflow/example_dags/example_branch_operator.py
[2023-10-06T22:38:27.857+0000] {logging_mixin.py:120} INFO - [2023-10-06T22:38:27.857+0000] {dag.py:2585} INFO - Sync 1 DAGs
[2023-10-06T22:38:27.891+0000] {logging_mixin.py:120} INFO - [2023-10-06T22:38:27.891+0000] {dag.py:3340} INFO - Setting next_dagrun for example_branch_operator to 2023-10-05T00:00:00+00:00, run_after=2023-10-06T00:00:00+00:00
[2023-10-06T22:38:27.909+0000] {processor.py:176} INFO - Processing /home/airflow/.local/lib/python3.7/site-packages/airflow/example_dags/example_branch_operator.py took 0.135 seconds
[2023-10-06T22:38:58.677+0000] {processor.py:154} INFO - Started process (PID=539) to work on /home/airflow/.local/lib/python3.7/site-packages/airflow/example_dags/example_branch_operator.py
[2023-10-06T22:38:58.679+0000] {processor.py:756} INFO - Processing file /home/airflow/.local/lib/python3.7/site-packages/airflow/example_dags/example_branch_operator.py for tasks to queue
[2023-10-06T22:38:58.680+0000] {logging_mixin.py:120} INFO - [2023-10-06T22:38:58.679+0000] {dagbag.py:537} INFO - Filling up the DagBag from /home/airflow/.local/lib/python3.7/site-packages/airflow/example_dags/example_branch_operator.py
[2023-10-06T22:38:58.695+0000] {processor.py:766} INFO - DAG(s) dict_keys(['example_branch_operator']) retrieved from /home/airflow/.local/lib/python3.7/site-packages/airflow/example_dags/example_branch_operator.py
[2023-10-06T22:38:58.727+0000] {logging_mixin.py:120} INFO - [2023-10-06T22:38:58.727+0000] {dag.py:2585} INFO - Sync 1 DAGs
[2023-10-06T22:38:58.748+0000] {logging_mixin.py:120} INFO - [2023-10-06T22:38:58.748+0000] {dag.py:3340} INFO - Setting next_dagrun for example_branch_operator to 2023-10-05T00:00:00+00:00, run_after=2023-10-06T00:00:00+00:00
[2023-10-06T22:38:58.771+0000] {processor.py:176} INFO - Processing /home/airflow/.local/lib/python3.7/site-packages/airflow/example_dags/example_branch_operator.py took 0.096 seconds
[2023-10-06T22:39:29.273+0000] {processor.py:154} INFO - Started process (PID=604) to work on /home/airflow/.local/lib/python3.7/site-packages/airflow/example_dags/example_branch_operator.py
[2023-10-06T22:39:29.274+0000] {processor.py:756} INFO - Processing file /home/airflow/.local/lib/python3.7/site-packages/airflow/example_dags/example_branch_operator.py for tasks to queue
[2023-10-06T22:39:29.274+0000] {logging_mixin.py:120} INFO - [2023-10-06T22:39:29.274+0000] {dagbag.py:537} INFO - Filling up the DagBag from /home/airflow/.local/lib/python3.7/site-packages/airflow/example_dags/example_branch_operator.py
[2023-10-06T22:39:29.291+0000] {processor.py:766} INFO - DAG(s) dict_keys(['example_branch_operator']) retrieved from /home/airflow/.local/lib/python3.7/site-packages/airflow/example_dags/example_branch_operator.py
[2023-10-06T22:39:29.333+0000] {logging_mixin.py:120} INFO - [2023-10-06T22:39:29.333+0000] {dag.py:2585} INFO - Sync 1 DAGs
[2023-10-06T22:39:29.364+0000] {logging_mixin.py:120} INFO - [2023-10-06T22:39:29.364+0000] {dag.py:3340} INFO - Setting next_dagrun for example_branch_operator to 2023-10-05T00:00:00+00:00, run_after=2023-10-06T00:00:00+00:00
[2023-10-06T22:39:29.386+0000] {processor.py:176} INFO - Processing /home/airflow/.local/lib/python3.7/site-packages/airflow/example_dags/example_branch_operator.py took 0.119 seconds
[2023-10-06T22:39:59.619+0000] {processor.py:154} INFO - Started process (PID=667) to work on /home/airflow/.local/lib/python3.7/site-packages/airflow/example_dags/example_branch_operator.py
[2023-10-06T22:39:59.620+0000] {processor.py:756} INFO - Processing file /home/airflow/.local/lib/python3.7/site-packages/airflow/example_dags/example_branch_operator.py for tasks to queue
[2023-10-06T22:39:59.621+0000] {logging_mixin.py:120} INFO - [2023-10-06T22:39:59.621+0000] {dagbag.py:537} INFO - Filling up the DagBag from /home/airflow/.local/lib/python3.7/site-packages/airflow/example_dags/example_branch_operator.py
[2023-10-06T22:39:59.636+0000] {processor.py:766} INFO - DAG(s) dict_keys(['example_branch_operator']) retrieved from /home/airflow/.local/lib/python3.7/site-packages/airflow/example_dags/example_branch_operator.py
[2023-10-06T22:39:59.674+0000] {logging_mixin.py:120} INFO - [2023-10-06T22:39:59.674+0000] {dag.py:2585} INFO - Sync 1 DAGs
[2023-10-06T22:39:59.696+0000] {logging_mixin.py:120} INFO - [2023-10-06T22:39:59.696+0000] {dag.py:3340} INFO - Setting next_dagrun for example_branch_operator to 2023-10-05T00:00:00+00:00, run_after=2023-10-06T00:00:00+00:00
[2023-10-06T22:39:59.714+0000] {processor.py:176} INFO - Processing /home/airflow/.local/lib/python3.7/site-packages/airflow/example_dags/example_branch_operator.py took 0.097 seconds
[2023-10-06T22:40:30.392+0000] {processor.py:154} INFO - Started process (PID=721) to work on /home/airflow/.local/lib/python3.7/site-packages/airflow/example_dags/example_branch_operator.py
[2023-10-06T22:40:30.393+0000] {processor.py:756} INFO - Processing file /home/airflow/.local/lib/python3.7/site-packages/airflow/example_dags/example_branch_operator.py for tasks to queue
[2023-10-06T22:40:30.394+0000] {logging_mixin.py:120} INFO - [2023-10-06T22:40:30.394+0000] {dagbag.py:537} INFO - Filling up the DagBag from /home/airflow/.local/lib/python3.7/site-packages/airflow/example_dags/example_branch_operator.py
[2023-10-06T22:40:30.407+0000] {processor.py:766} INFO - DAG(s) dict_keys(['example_branch_operator']) retrieved from /home/airflow/.local/lib/python3.7/site-packages/airflow/example_dags/example_branch_operator.py
[2023-10-06T22:40:30.440+0000] {logging_mixin.py:120} INFO - [2023-10-06T22:40:30.440+0000] {dag.py:2585} INFO - Sync 1 DAGs
[2023-10-06T22:40:30.460+0000] {logging_mixin.py:120} INFO - [2023-10-06T22:40:30.460+0000] {dag.py:3340} INFO - Setting next_dagrun for example_branch_operator to 2023-10-05T00:00:00+00:00, run_after=2023-10-06T00:00:00+00:00
[2023-10-06T22:40:30.477+0000] {processor.py:176} INFO - Processing /home/airflow/.local/lib/python3.7/site-packages/airflow/example_dags/example_branch_operator.py took 0.088 seconds
[2023-10-06T22:41:00.939+0000] {processor.py:154} INFO - Started process (PID=784) to work on /home/airflow/.local/lib/python3.7/site-packages/airflow/example_dags/example_branch_operator.py
[2023-10-06T22:41:00.940+0000] {processor.py:756} INFO - Processing file /home/airflow/.local/lib/python3.7/site-packages/airflow/example_dags/example_branch_operator.py for tasks to queue
[2023-10-06T22:41:00.941+0000] {logging_mixin.py:120} INFO - [2023-10-06T22:41:00.941+0000] {dagbag.py:537} INFO - Filling up the DagBag from /home/airflow/.local/lib/python3.7/site-packages/airflow/example_dags/example_branch_operator.py
[2023-10-06T22:41:00.953+0000] {processor.py:766} INFO - DAG(s) dict_keys(['example_branch_operator']) retrieved from /home/airflow/.local/lib/python3.7/site-packages/airflow/example_dags/example_branch_operator.py
[2023-10-06T22:41:00.988+0000] {logging_mixin.py:120} INFO - [2023-10-06T22:41:00.988+0000] {dag.py:2585} INFO - Sync 1 DAGs
[2023-10-06T22:41:01.009+0000] {logging_mixin.py:120} INFO - [2023-10-06T22:41:01.009+0000] {dag.py:3340} INFO - Setting next_dagrun for example_branch_operator to 2023-10-05T00:00:00+00:00, run_after=2023-10-06T00:00:00+00:00
[2023-10-06T22:41:01.027+0000] {processor.py:176} INFO - Processing /home/airflow/.local/lib/python3.7/site-packages/airflow/example_dags/example_branch_operator.py took 0.090 seconds
[2023-10-06T22:41:31.461+0000] {processor.py:154} INFO - Started process (PID=847) to work on /home/airflow/.local/lib/python3.7/site-packages/airflow/example_dags/example_branch_operator.py
[2023-10-06T22:41:31.462+0000] {processor.py:756} INFO - Processing file /home/airflow/.local/lib/python3.7/site-packages/airflow/example_dags/example_branch_operator.py for tasks to queue
[2023-10-06T22:41:31.462+0000] {logging_mixin.py:120} INFO - [2023-10-06T22:41:31.462+0000] {dagbag.py:537} INFO - Filling up the DagBag from /home/airflow/.local/lib/python3.7/site-packages/airflow/example_dags/example_branch_operator.py
[2023-10-06T22:41:31.476+0000] {processor.py:766} INFO - DAG(s) dict_keys(['example_branch_operator']) retrieved from /home/airflow/.local/lib/python3.7/site-packages/airflow/example_dags/example_branch_operator.py
[2023-10-06T22:41:31.509+0000] {logging_mixin.py:120} INFO - [2023-10-06T22:41:31.508+0000] {dag.py:2585} INFO - Sync 1 DAGs
[2023-10-06T22:41:31.527+0000] {logging_mixin.py:120} INFO - [2023-10-06T22:41:31.527+0000] {dag.py:3340} INFO - Setting next_dagrun for example_branch_operator to 2023-10-05T00:00:00+00:00, run_after=2023-10-06T00:00:00+00:00
[2023-10-06T22:41:31.543+0000] {processor.py:176} INFO - Processing /home/airflow/.local/lib/python3.7/site-packages/airflow/example_dags/example_branch_operator.py took 0.084 seconds
[2023-10-06T22:42:01.791+0000] {processor.py:154} INFO - Started process (PID=910) to work on /home/airflow/.local/lib/python3.7/site-packages/airflow/example_dags/example_branch_operator.py
[2023-10-06T22:42:01.792+0000] {processor.py:756} INFO - Processing file /home/airflow/.local/lib/python3.7/site-packages/airflow/example_dags/example_branch_operator.py for tasks to queue
[2023-10-06T22:42:01.793+0000] {logging_mixin.py:120} INFO - [2023-10-06T22:42:01.793+0000] {dagbag.py:537} INFO - Filling up the DagBag from /home/airflow/.local/lib/python3.7/site-packages/airflow/example_dags/example_branch_operator.py
[2023-10-06T22:42:01.809+0000] {processor.py:766} INFO - DAG(s) dict_keys(['example_branch_operator']) retrieved from /home/airflow/.local/lib/python3.7/site-packages/airflow/example_dags/example_branch_operator.py
[2023-10-06T22:42:01.843+0000] {logging_mixin.py:120} INFO - [2023-10-06T22:42:01.842+0000] {dag.py:2585} INFO - Sync 1 DAGs
[2023-10-06T22:42:01.862+0000] {logging_mixin.py:120} INFO - [2023-10-06T22:42:01.862+0000] {dag.py:3340} INFO - Setting next_dagrun for example_branch_operator to 2023-10-05T00:00:00+00:00, run_after=2023-10-06T00:00:00+00:00
[2023-10-06T22:42:01.878+0000] {processor.py:176} INFO - Processing /home/airflow/.local/lib/python3.7/site-packages/airflow/example_dags/example_branch_operator.py took 0.089 seconds
[2023-10-06T22:42:32.389+0000] {processor.py:154} INFO - Started process (PID=964) to work on /home/airflow/.local/lib/python3.7/site-packages/airflow/example_dags/example_branch_operator.py
[2023-10-06T22:42:32.390+0000] {processor.py:756} INFO - Processing file /home/airflow/.local/lib/python3.7/site-packages/airflow/example_dags/example_branch_operator.py for tasks to queue
[2023-10-06T22:42:32.390+0000] {logging_mixin.py:120} INFO - [2023-10-06T22:42:32.390+0000] {dagbag.py:537} INFO - Filling up the DagBag from /home/airflow/.local/lib/python3.7/site-packages/airflow/example_dags/example_branch_operator.py
[2023-10-06T22:42:32.402+0000] {processor.py:766} INFO - DAG(s) dict_keys(['example_branch_operator']) retrieved from /home/airflow/.local/lib/python3.7/site-packages/airflow/example_dags/example_branch_operator.py
[2023-10-06T22:42:32.432+0000] {logging_mixin.py:120} INFO - [2023-10-06T22:42:32.432+0000] {dag.py:2585} INFO - Sync 1 DAGs
[2023-10-06T22:42:32.450+0000] {logging_mixin.py:120} INFO - [2023-10-06T22:42:32.450+0000] {dag.py:3340} INFO - Setting next_dagrun for example_branch_operator to 2023-10-05T00:00:00+00:00, run_after=2023-10-06T00:00:00+00:00
[2023-10-06T22:42:32.465+0000] {processor.py:176} INFO - Processing /home/airflow/.local/lib/python3.7/site-packages/airflow/example_dags/example_branch_operator.py took 0.078 seconds
[2023-10-06T22:43:02.708+0000] {processor.py:154} INFO - Started process (PID=1028) to work on /home/airflow/.local/lib/python3.7/site-packages/airflow/example_dags/example_branch_operator.py
[2023-10-06T22:43:02.710+0000] {processor.py:756} INFO - Processing file /home/airflow/.local/lib/python3.7/site-packages/airflow/example_dags/example_branch_operator.py for tasks to queue
[2023-10-06T22:43:02.711+0000] {logging_mixin.py:120} INFO - [2023-10-06T22:43:02.710+0000] {dagbag.py:537} INFO - Filling up the DagBag from /home/airflow/.local/lib/python3.7/site-packages/airflow/example_dags/example_branch_operator.py
[2023-10-06T22:43:02.724+0000] {processor.py:766} INFO - DAG(s) dict_keys(['example_branch_operator']) retrieved from /home/airflow/.local/lib/python3.7/site-packages/airflow/example_dags/example_branch_operator.py
[2023-10-06T22:43:02.755+0000] {logging_mixin.py:120} INFO - [2023-10-06T22:43:02.755+0000] {dag.py:2585} INFO - Sync 1 DAGs
[2023-10-06T22:43:02.777+0000] {logging_mixin.py:120} INFO - [2023-10-06T22:43:02.776+0000] {dag.py:3340} INFO - Setting next_dagrun for example_branch_operator to 2023-10-05T00:00:00+00:00, run_after=2023-10-06T00:00:00+00:00
[2023-10-06T22:43:02.791+0000] {processor.py:176} INFO - Processing /home/airflow/.local/lib/python3.7/site-packages/airflow/example_dags/example_branch_operator.py took 0.085 seconds
[2023-10-06T22:43:32.969+0000] {processor.py:154} INFO - Started process (PID=1092) to work on /home/airflow/.local/lib/python3.7/site-packages/airflow/example_dags/example_branch_operator.py
[2023-10-06T22:43:32.969+0000] {processor.py:756} INFO - Processing file /home/airflow/.local/lib/python3.7/site-packages/airflow/example_dags/example_branch_operator.py for tasks to queue
[2023-10-06T22:43:32.970+0000] {logging_mixin.py:120} INFO - [2023-10-06T22:43:32.970+0000] {dagbag.py:537} INFO - Filling up the DagBag from /home/airflow/.local/lib/python3.7/site-packages/airflow/example_dags/example_branch_operator.py
[2023-10-06T22:43:32.981+0000] {processor.py:766} INFO - DAG(s) dict_keys(['example_branch_operator']) retrieved from /home/airflow/.local/lib/python3.7/site-packages/airflow/example_dags/example_branch_operator.py
[2023-10-06T22:43:33.010+0000] {logging_mixin.py:120} INFO - [2023-10-06T22:43:33.010+0000] {dag.py:2585} INFO - Sync 1 DAGs
[2023-10-06T22:43:33.029+0000] {logging_mixin.py:120} INFO - [2023-10-06T22:43:33.029+0000] {dag.py:3340} INFO - Setting next_dagrun for example_branch_operator to 2023-10-05T00:00:00+00:00, run_after=2023-10-06T00:00:00+00:00
[2023-10-06T22:43:33.046+0000] {processor.py:176} INFO - Processing /home/airflow/.local/lib/python3.7/site-packages/airflow/example_dags/example_branch_operator.py took 0.079 seconds
[2023-10-06T22:44:03.246+0000] {processor.py:154} INFO - Started process (PID=1153) to work on /home/airflow/.local/lib/python3.7/site-packages/airflow/example_dags/example_branch_operator.py
[2023-10-06T22:44:03.247+0000] {processor.py:756} INFO - Processing file /home/airflow/.local/lib/python3.7/site-packages/airflow/example_dags/example_branch_operator.py for tasks to queue
[2023-10-06T22:44:03.247+0000] {logging_mixin.py:120} INFO - [2023-10-06T22:44:03.247+0000] {dagbag.py:537} INFO - Filling up the DagBag from /home/airflow/.local/lib/python3.7/site-packages/airflow/example_dags/example_branch_operator.py
[2023-10-06T22:44:03.258+0000] {processor.py:766} INFO - DAG(s) dict_keys(['example_branch_operator']) retrieved from /home/airflow/.local/lib/python3.7/site-packages/airflow/example_dags/example_branch_operator.py
[2023-10-06T22:44:03.289+0000] {logging_mixin.py:120} INFO - [2023-10-06T22:44:03.289+0000] {dag.py:2585} INFO - Sync 1 DAGs
[2023-10-06T22:44:03.306+0000] {logging_mixin.py:120} INFO - [2023-10-06T22:44:03.305+0000] {dag.py:3340} INFO - Setting next_dagrun for example_branch_operator to 2023-10-05T00:00:00+00:00, run_after=2023-10-06T00:00:00+00:00
[2023-10-06T22:44:03.324+0000] {processor.py:176} INFO - Processing /home/airflow/.local/lib/python3.7/site-packages/airflow/example_dags/example_branch_operator.py took 0.080 seconds
[2023-10-06T22:44:33.550+0000] {processor.py:154} INFO - Started process (PID=1208) to work on /home/airflow/.local/lib/python3.7/site-packages/airflow/example_dags/example_branch_operator.py
[2023-10-06T22:44:33.551+0000] {processor.py:756} INFO - Processing file /home/airflow/.local/lib/python3.7/site-packages/airflow/example_dags/example_branch_operator.py for tasks to queue
[2023-10-06T22:44:33.551+0000] {logging_mixin.py:120} INFO - [2023-10-06T22:44:33.551+0000] {dagbag.py:537} INFO - Filling up the DagBag from /home/airflow/.local/lib/python3.7/site-packages/airflow/example_dags/example_branch_operator.py
[2023-10-06T22:44:33.563+0000] {processor.py:766} INFO - DAG(s) dict_keys(['example_branch_operator']) retrieved from /home/airflow/.local/lib/python3.7/site-packages/airflow/example_dags/example_branch_operator.py
[2023-10-06T22:44:33.596+0000] {logging_mixin.py:120} INFO - [2023-10-06T22:44:33.596+0000] {dag.py:2585} INFO - Sync 1 DAGs
[2023-10-06T22:44:33.616+0000] {logging_mixin.py:120} INFO - [2023-10-06T22:44:33.615+0000] {dag.py:3340} INFO - Setting next_dagrun for example_branch_operator to 2023-10-05T00:00:00+00:00, run_after=2023-10-06T00:00:00+00:00
[2023-10-06T22:44:33.634+0000] {processor.py:176} INFO - Processing /home/airflow/.local/lib/python3.7/site-packages/airflow/example_dags/example_branch_operator.py took 0.087 seconds
[2023-10-06T22:45:04.112+0000] {processor.py:154} INFO - Started process (PID=1273) to work on /home/airflow/.local/lib/python3.7/site-packages/airflow/example_dags/example_branch_operator.py
[2023-10-06T22:45:04.113+0000] {processor.py:756} INFO - Processing file /home/airflow/.local/lib/python3.7/site-packages/airflow/example_dags/example_branch_operator.py for tasks to queue
[2023-10-06T22:45:04.114+0000] {logging_mixin.py:120} INFO - [2023-10-06T22:45:04.114+0000] {dagbag.py:537} INFO - Filling up the DagBag from /home/airflow/.local/lib/python3.7/site-packages/airflow/example_dags/example_branch_operator.py
[2023-10-06T22:45:04.126+0000] {processor.py:766} INFO - DAG(s) dict_keys(['example_branch_operator']) retrieved from /home/airflow/.local/lib/python3.7/site-packages/airflow/example_dags/example_branch_operator.py
[2023-10-06T22:45:04.156+0000] {logging_mixin.py:120} INFO - [2023-10-06T22:45:04.156+0000] {dag.py:2585} INFO - Sync 1 DAGs
[2023-10-06T22:45:04.174+0000] {logging_mixin.py:120} INFO - [2023-10-06T22:45:04.174+0000] {dag.py:3340} INFO - Setting next_dagrun for example_branch_operator to 2023-10-05T00:00:00+00:00, run_after=2023-10-06T00:00:00+00:00
[2023-10-06T22:45:04.189+0000] {processor.py:176} INFO - Processing /home/airflow/.local/lib/python3.7/site-packages/airflow/example_dags/example_branch_operator.py took 0.079 seconds
[2023-10-06T22:45:34.475+0000] {processor.py:154} INFO - Started process (PID=1337) to work on /home/airflow/.local/lib/python3.7/site-packages/airflow/example_dags/example_branch_operator.py
[2023-10-06T22:45:34.476+0000] {processor.py:756} INFO - Processing file /home/airflow/.local/lib/python3.7/site-packages/airflow/example_dags/example_branch_operator.py for tasks to queue
[2023-10-06T22:45:34.476+0000] {logging_mixin.py:120} INFO - [2023-10-06T22:45:34.476+0000] {dagbag.py:537} INFO - Filling up the DagBag from /home/airflow/.local/lib/python3.7/site-packages/airflow/example_dags/example_branch_operator.py
[2023-10-06T22:45:34.489+0000] {processor.py:766} INFO - DAG(s) dict_keys(['example_branch_operator']) retrieved from /home/airflow/.local/lib/python3.7/site-packages/airflow/example_dags/example_branch_operator.py
[2023-10-06T22:45:34.524+0000] {logging_mixin.py:120} INFO - [2023-10-06T22:45:34.524+0000] {dag.py:2585} INFO - Sync 1 DAGs
[2023-10-06T22:45:34.545+0000] {logging_mixin.py:120} INFO - [2023-10-06T22:45:34.544+0000] {dag.py:3340} INFO - Setting next_dagrun for example_branch_operator to 2023-10-05T00:00:00+00:00, run_after=2023-10-06T00:00:00+00:00
[2023-10-06T22:45:34.564+0000] {processor.py:176} INFO - Processing /home/airflow/.local/lib/python3.7/site-packages/airflow/example_dags/example_branch_operator.py took 0.091 seconds
[2023-10-06T22:46:04.731+0000] {processor.py:154} INFO - Started process (PID=1401) to work on /home/airflow/.local/lib/python3.7/site-packages/airflow/example_dags/example_branch_operator.py
[2023-10-06T22:46:04.732+0000] {processor.py:756} INFO - Processing file /home/airflow/.local/lib/python3.7/site-packages/airflow/example_dags/example_branch_operator.py for tasks to queue
[2023-10-06T22:46:04.732+0000] {logging_mixin.py:120} INFO - [2023-10-06T22:46:04.732+0000] {dagbag.py:537} INFO - Filling up the DagBag from /home/airflow/.local/lib/python3.7/site-packages/airflow/example_dags/example_branch_operator.py
[2023-10-06T22:46:04.749+0000] {processor.py:766} INFO - DAG(s) dict_keys(['example_branch_operator']) retrieved from /home/airflow/.local/lib/python3.7/site-packages/airflow/example_dags/example_branch_operator.py
[2023-10-06T22:46:04.784+0000] {logging_mixin.py:120} INFO - [2023-10-06T22:46:04.783+0000] {dag.py:2585} INFO - Sync 1 DAGs
[2023-10-06T22:46:04.803+0000] {logging_mixin.py:120} INFO - [2023-10-06T22:46:04.803+0000] {dag.py:3340} INFO - Setting next_dagrun for example_branch_operator to 2023-10-05T00:00:00+00:00, run_after=2023-10-06T00:00:00+00:00
[2023-10-06T22:46:04.819+0000] {processor.py:176} INFO - Processing /home/airflow/.local/lib/python3.7/site-packages/airflow/example_dags/example_branch_operator.py took 0.090 seconds
[2023-10-06T22:46:35.198+0000] {processor.py:154} INFO - Started process (PID=1456) to work on /home/airflow/.local/lib/python3.7/site-packages/airflow/example_dags/example_branch_operator.py
[2023-10-06T22:46:35.198+0000] {processor.py:756} INFO - Processing file /home/airflow/.local/lib/python3.7/site-packages/airflow/example_dags/example_branch_operator.py for tasks to queue
[2023-10-06T22:46:35.199+0000] {logging_mixin.py:120} INFO - [2023-10-06T22:46:35.199+0000] {dagbag.py:537} INFO - Filling up the DagBag from /home/airflow/.local/lib/python3.7/site-packages/airflow/example_dags/example_branch_operator.py
[2023-10-06T22:46:35.211+0000] {processor.py:766} INFO - DAG(s) dict_keys(['example_branch_operator']) retrieved from /home/airflow/.local/lib/python3.7/site-packages/airflow/example_dags/example_branch_operator.py
[2023-10-06T22:46:35.243+0000] {logging_mixin.py:120} INFO - [2023-10-06T22:46:35.243+0000] {dag.py:2585} INFO - Sync 1 DAGs
[2023-10-06T22:46:35.260+0000] {logging_mixin.py:120} INFO - [2023-10-06T22:46:35.260+0000] {dag.py:3340} INFO - Setting next_dagrun for example_branch_operator to 2023-10-05T00:00:00+00:00, run_after=2023-10-06T00:00:00+00:00
[2023-10-06T22:46:35.273+0000] {processor.py:176} INFO - Processing /home/airflow/.local/lib/python3.7/site-packages/airflow/example_dags/example_branch_operator.py took 0.078 seconds
[2023-10-06T22:47:05.646+0000] {processor.py:154} INFO - Started process (PID=1521) to work on /home/airflow/.local/lib/python3.7/site-packages/airflow/example_dags/example_branch_operator.py
[2023-10-06T22:47:05.647+0000] {processor.py:756} INFO - Processing file /home/airflow/.local/lib/python3.7/site-packages/airflow/example_dags/example_branch_operator.py for tasks to queue
[2023-10-06T22:47:05.647+0000] {logging_mixin.py:120} INFO - [2023-10-06T22:47:05.647+0000] {dagbag.py:537} INFO - Filling up the DagBag from /home/airflow/.local/lib/python3.7/site-packages/airflow/example_dags/example_branch_operator.py
[2023-10-06T22:47:05.659+0000] {processor.py:766} INFO - DAG(s) dict_keys(['example_branch_operator']) retrieved from /home/airflow/.local/lib/python3.7/site-packages/airflow/example_dags/example_branch_operator.py
[2023-10-06T22:47:05.690+0000] {logging_mixin.py:120} INFO - [2023-10-06T22:47:05.690+0000] {dag.py:2585} INFO - Sync 1 DAGs
[2023-10-06T22:47:05.709+0000] {logging_mixin.py:120} INFO - [2023-10-06T22:47:05.709+0000] {dag.py:3340} INFO - Setting next_dagrun for example_branch_operator to 2023-10-05T00:00:00+00:00, run_after=2023-10-06T00:00:00+00:00
[2023-10-06T22:47:05.723+0000] {processor.py:176} INFO - Processing /home/airflow/.local/lib/python3.7/site-packages/airflow/example_dags/example_branch_operator.py took 0.079 seconds
[2023-10-06T22:47:36.015+0000] {processor.py:154} INFO - Started process (PID=1584) to work on /home/airflow/.local/lib/python3.7/site-packages/airflow/example_dags/example_branch_operator.py
[2023-10-06T22:47:36.016+0000] {processor.py:756} INFO - Processing file /home/airflow/.local/lib/python3.7/site-packages/airflow/example_dags/example_branch_operator.py for tasks to queue
[2023-10-06T22:47:36.017+0000] {logging_mixin.py:120} INFO - [2023-10-06T22:47:36.016+0000] {dagbag.py:537} INFO - Filling up the DagBag from /home/airflow/.local/lib/python3.7/site-packages/airflow/example_dags/example_branch_operator.py
[2023-10-06T22:47:36.029+0000] {processor.py:766} INFO - DAG(s) dict_keys(['example_branch_operator']) retrieved from /home/airflow/.local/lib/python3.7/site-packages/airflow/example_dags/example_branch_operator.py
[2023-10-06T22:47:36.060+0000] {logging_mixin.py:120} INFO - [2023-10-06T22:47:36.059+0000] {dag.py:2585} INFO - Sync 1 DAGs
[2023-10-06T22:47:36.085+0000] {logging_mixin.py:120} INFO - [2023-10-06T22:47:36.085+0000] {dag.py:3340} INFO - Setting next_dagrun for example_branch_operator to 2023-10-05T00:00:00+00:00, run_after=2023-10-06T00:00:00+00:00
[2023-10-06T22:47:36.102+0000] {processor.py:176} INFO - Processing /home/airflow/.local/lib/python3.7/site-packages/airflow/example_dags/example_branch_operator.py took 0.089 seconds
[2023-10-06T22:48:06.383+0000] {processor.py:154} INFO - Started process (PID=1648) to work on /home/airflow/.local/lib/python3.7/site-packages/airflow/example_dags/example_branch_operator.py
[2023-10-06T22:48:06.384+0000] {processor.py:756} INFO - Processing file /home/airflow/.local/lib/python3.7/site-packages/airflow/example_dags/example_branch_operator.py for tasks to queue
[2023-10-06T22:48:06.384+0000] {logging_mixin.py:120} INFO - [2023-10-06T22:48:06.384+0000] {dagbag.py:537} INFO - Filling up the DagBag from /home/airflow/.local/lib/python3.7/site-packages/airflow/example_dags/example_branch_operator.py
[2023-10-06T22:48:06.397+0000] {processor.py:766} INFO - DAG(s) dict_keys(['example_branch_operator']) retrieved from /home/airflow/.local/lib/python3.7/site-packages/airflow/example_dags/example_branch_operator.py
[2023-10-06T22:48:06.427+0000] {logging_mixin.py:120} INFO - [2023-10-06T22:48:06.427+0000] {dag.py:2585} INFO - Sync 1 DAGs
[2023-10-06T22:48:06.444+0000] {logging_mixin.py:120} INFO - [2023-10-06T22:48:06.444+0000] {dag.py:3340} INFO - Setting next_dagrun for example_branch_operator to 2023-10-05T00:00:00+00:00, run_after=2023-10-06T00:00:00+00:00
[2023-10-06T22:48:06.458+0000] {processor.py:176} INFO - Processing /home/airflow/.local/lib/python3.7/site-packages/airflow/example_dags/example_branch_operator.py took 0.078 seconds
[2023-10-06T22:48:36.816+0000] {processor.py:154} INFO - Started process (PID=1702) to work on /home/airflow/.local/lib/python3.7/site-packages/airflow/example_dags/example_branch_operator.py
[2023-10-06T22:48:36.817+0000] {processor.py:756} INFO - Processing file /home/airflow/.local/lib/python3.7/site-packages/airflow/example_dags/example_branch_operator.py for tasks to queue
[2023-10-06T22:48:36.817+0000] {logging_mixin.py:120} INFO - [2023-10-06T22:48:36.817+0000] {dagbag.py:537} INFO - Filling up the DagBag from /home/airflow/.local/lib/python3.7/site-packages/airflow/example_dags/example_branch_operator.py
[2023-10-06T22:48:36.832+0000] {processor.py:766} INFO - DAG(s) dict_keys(['example_branch_operator']) retrieved from /home/airflow/.local/lib/python3.7/site-packages/airflow/example_dags/example_branch_operator.py
[2023-10-06T22:48:36.866+0000] {logging_mixin.py:120} INFO - [2023-10-06T22:48:36.866+0000] {dag.py:2585} INFO - Sync 1 DAGs
[2023-10-06T22:48:36.887+0000] {logging_mixin.py:120} INFO - [2023-10-06T22:48:36.887+0000] {dag.py:3340} INFO - Setting next_dagrun for example_branch_operator to 2023-10-05T00:00:00+00:00, run_after=2023-10-06T00:00:00+00:00
[2023-10-06T22:48:36.904+0000] {processor.py:176} INFO - Processing /home/airflow/.local/lib/python3.7/site-packages/airflow/example_dags/example_branch_operator.py took 0.091 seconds
[2023-10-06T22:49:07.396+0000] {processor.py:154} INFO - Started process (PID=1766) to work on /home/airflow/.local/lib/python3.7/site-packages/airflow/example_dags/example_branch_operator.py
[2023-10-06T22:49:07.397+0000] {processor.py:756} INFO - Processing file /home/airflow/.local/lib/python3.7/site-packages/airflow/example_dags/example_branch_operator.py for tasks to queue
[2023-10-06T22:49:07.397+0000] {logging_mixin.py:120} INFO - [2023-10-06T22:49:07.397+0000] {dagbag.py:537} INFO - Filling up the DagBag from /home/airflow/.local/lib/python3.7/site-packages/airflow/example_dags/example_branch_operator.py
[2023-10-06T22:49:07.409+0000] {processor.py:766} INFO - DAG(s) dict_keys(['example_branch_operator']) retrieved from /home/airflow/.local/lib/python3.7/site-packages/airflow/example_dags/example_branch_operator.py
[2023-10-06T22:49:07.438+0000] {logging_mixin.py:120} INFO - [2023-10-06T22:49:07.438+0000] {dag.py:2585} INFO - Sync 1 DAGs
[2023-10-06T22:49:07.455+0000] {logging_mixin.py:120} INFO - [2023-10-06T22:49:07.455+0000] {dag.py:3340} INFO - Setting next_dagrun for example_branch_operator to 2023-10-05T00:00:00+00:00, run_after=2023-10-06T00:00:00+00:00
[2023-10-06T22:49:07.470+0000] {processor.py:176} INFO - Processing /home/airflow/.local/lib/python3.7/site-packages/airflow/example_dags/example_branch_operator.py took 0.075 seconds
[2023-10-06T22:49:37.875+0000] {processor.py:154} INFO - Started process (PID=1830) to work on /home/airflow/.local/lib/python3.7/site-packages/airflow/example_dags/example_branch_operator.py
[2023-10-06T22:49:37.876+0000] {processor.py:756} INFO - Processing file /home/airflow/.local/lib/python3.7/site-packages/airflow/example_dags/example_branch_operator.py for tasks to queue
[2023-10-06T22:49:37.877+0000] {logging_mixin.py:120} INFO - [2023-10-06T22:49:37.876+0000] {dagbag.py:537} INFO - Filling up the DagBag from /home/airflow/.local/lib/python3.7/site-packages/airflow/example_dags/example_branch_operator.py
[2023-10-06T22:49:37.888+0000] {processor.py:766} INFO - DAG(s) dict_keys(['example_branch_operator']) retrieved from /home/airflow/.local/lib/python3.7/site-packages/airflow/example_dags/example_branch_operator.py
[2023-10-06T22:49:37.920+0000] {logging_mixin.py:120} INFO - [2023-10-06T22:49:37.920+0000] {dag.py:2585} INFO - Sync 1 DAGs
[2023-10-06T22:49:37.939+0000] {logging_mixin.py:120} INFO - [2023-10-06T22:49:37.939+0000] {dag.py:3340} INFO - Setting next_dagrun for example_branch_operator to 2023-10-05T00:00:00+00:00, run_after=2023-10-06T00:00:00+00:00
[2023-10-06T22:49:37.954+0000] {processor.py:176} INFO - Processing /home/airflow/.local/lib/python3.7/site-packages/airflow/example_dags/example_branch_operator.py took 0.082 seconds
[2023-10-06T22:50:08.202+0000] {processor.py:154} INFO - Started process (PID=1894) to work on /home/airflow/.local/lib/python3.7/site-packages/airflow/example_dags/example_branch_operator.py
[2023-10-06T22:50:08.202+0000] {processor.py:756} INFO - Processing file /home/airflow/.local/lib/python3.7/site-packages/airflow/example_dags/example_branch_operator.py for tasks to queue
[2023-10-06T22:50:08.202+0000] {logging_mixin.py:120} INFO - [2023-10-06T22:50:08.202+0000] {dagbag.py:537} INFO - Filling up the DagBag from /home/airflow/.local/lib/python3.7/site-packages/airflow/example_dags/example_branch_operator.py
[2023-10-06T22:50:08.214+0000] {processor.py:766} INFO - DAG(s) dict_keys(['example_branch_operator']) retrieved from /home/airflow/.local/lib/python3.7/site-packages/airflow/example_dags/example_branch_operator.py
[2023-10-06T22:50:08.247+0000] {logging_mixin.py:120} INFO - [2023-10-06T22:50:08.247+0000] {dag.py:2585} INFO - Sync 1 DAGs
[2023-10-06T22:50:08.264+0000] {logging_mixin.py:120} INFO - [2023-10-06T22:50:08.263+0000] {dag.py:3340} INFO - Setting next_dagrun for example_branch_operator to 2023-10-05T00:00:00+00:00, run_after=2023-10-06T00:00:00+00:00
[2023-10-06T22:50:08.276+0000] {processor.py:176} INFO - Processing /home/airflow/.local/lib/python3.7/site-packages/airflow/example_dags/example_branch_operator.py took 0.077 seconds
[2023-10-06T22:50:38.606+0000] {processor.py:154} INFO - Started process (PID=1959) to work on /home/airflow/.local/lib/python3.7/site-packages/airflow/example_dags/example_branch_operator.py
[2023-10-06T22:50:38.607+0000] {processor.py:756} INFO - Processing file /home/airflow/.local/lib/python3.7/site-packages/airflow/example_dags/example_branch_operator.py for tasks to queue
[2023-10-06T22:50:38.608+0000] {logging_mixin.py:120} INFO - [2023-10-06T22:50:38.608+0000] {dagbag.py:537} INFO - Filling up the DagBag from /home/airflow/.local/lib/python3.7/site-packages/airflow/example_dags/example_branch_operator.py
[2023-10-06T22:50:38.621+0000] {processor.py:766} INFO - DAG(s) dict_keys(['example_branch_operator']) retrieved from /home/airflow/.local/lib/python3.7/site-packages/airflow/example_dags/example_branch_operator.py
[2023-10-06T22:50:38.654+0000] {logging_mixin.py:120} INFO - [2023-10-06T22:50:38.654+0000] {dag.py:2585} INFO - Sync 1 DAGs
[2023-10-06T22:50:38.672+0000] {logging_mixin.py:120} INFO - [2023-10-06T22:50:38.672+0000] {dag.py:3340} INFO - Setting next_dagrun for example_branch_operator to 2023-10-05T00:00:00+00:00, run_after=2023-10-06T00:00:00+00:00
[2023-10-06T22:50:38.688+0000] {processor.py:176} INFO - Processing /home/airflow/.local/lib/python3.7/site-packages/airflow/example_dags/example_branch_operator.py took 0.084 seconds
[2023-10-06T22:51:08.797+0000] {processor.py:154} INFO - Started process (PID=2014) to work on /home/airflow/.local/lib/python3.7/site-packages/airflow/example_dags/example_branch_operator.py
[2023-10-06T22:51:08.797+0000] {processor.py:756} INFO - Processing file /home/airflow/.local/lib/python3.7/site-packages/airflow/example_dags/example_branch_operator.py for tasks to queue
[2023-10-06T22:51:08.798+0000] {logging_mixin.py:120} INFO - [2023-10-06T22:51:08.798+0000] {dagbag.py:537} INFO - Filling up the DagBag from /home/airflow/.local/lib/python3.7/site-packages/airflow/example_dags/example_branch_operator.py
[2023-10-06T22:51:08.811+0000] {processor.py:766} INFO - DAG(s) dict_keys(['example_branch_operator']) retrieved from /home/airflow/.local/lib/python3.7/site-packages/airflow/example_dags/example_branch_operator.py
[2023-10-06T22:51:08.841+0000] {logging_mixin.py:120} INFO - [2023-10-06T22:51:08.841+0000] {dag.py:2585} INFO - Sync 1 DAGs
[2023-10-06T22:51:08.858+0000] {logging_mixin.py:120} INFO - [2023-10-06T22:51:08.858+0000] {dag.py:3340} INFO - Setting next_dagrun for example_branch_operator to 2023-10-05T00:00:00+00:00, run_after=2023-10-06T00:00:00+00:00
[2023-10-06T22:51:08.872+0000] {processor.py:176} INFO - Processing /home/airflow/.local/lib/python3.7/site-packages/airflow/example_dags/example_branch_operator.py took 0.078 seconds
[2023-10-06T22:51:39.544+0000] {processor.py:154} INFO - Started process (PID=2077) to work on /home/airflow/.local/lib/python3.7/site-packages/airflow/example_dags/example_branch_operator.py
[2023-10-06T22:51:39.545+0000] {processor.py:756} INFO - Processing file /home/airflow/.local/lib/python3.7/site-packages/airflow/example_dags/example_branch_operator.py for tasks to queue
[2023-10-06T22:51:39.545+0000] {logging_mixin.py:120} INFO - [2023-10-06T22:51:39.545+0000] {dagbag.py:537} INFO - Filling up the DagBag from /home/airflow/.local/lib/python3.7/site-packages/airflow/example_dags/example_branch_operator.py
[2023-10-06T22:51:39.557+0000] {processor.py:766} INFO - DAG(s) dict_keys(['example_branch_operator']) retrieved from /home/airflow/.local/lib/python3.7/site-packages/airflow/example_dags/example_branch_operator.py
[2023-10-06T22:51:39.586+0000] {logging_mixin.py:120} INFO - [2023-10-06T22:51:39.586+0000] {dag.py:2585} INFO - Sync 1 DAGs
[2023-10-06T22:51:39.603+0000] {logging_mixin.py:120} INFO - [2023-10-06T22:51:39.603+0000] {dag.py:3340} INFO - Setting next_dagrun for example_branch_operator to 2023-10-05T00:00:00+00:00, run_after=2023-10-06T00:00:00+00:00
[2023-10-06T22:51:39.616+0000] {processor.py:176} INFO - Processing /home/airflow/.local/lib/python3.7/site-packages/airflow/example_dags/example_branch_operator.py took 0.075 seconds
[2023-10-06T22:52:09.908+0000] {processor.py:154} INFO - Started process (PID=2141) to work on /home/airflow/.local/lib/python3.7/site-packages/airflow/example_dags/example_branch_operator.py
[2023-10-06T22:52:09.909+0000] {processor.py:756} INFO - Processing file /home/airflow/.local/lib/python3.7/site-packages/airflow/example_dags/example_branch_operator.py for tasks to queue
[2023-10-06T22:52:09.909+0000] {logging_mixin.py:120} INFO - [2023-10-06T22:52:09.909+0000] {dagbag.py:537} INFO - Filling up the DagBag from /home/airflow/.local/lib/python3.7/site-packages/airflow/example_dags/example_branch_operator.py
[2023-10-06T22:52:09.920+0000] {processor.py:766} INFO - DAG(s) dict_keys(['example_branch_operator']) retrieved from /home/airflow/.local/lib/python3.7/site-packages/airflow/example_dags/example_branch_operator.py
[2023-10-06T22:52:09.948+0000] {logging_mixin.py:120} INFO - [2023-10-06T22:52:09.948+0000] {dag.py:2585} INFO - Sync 1 DAGs
[2023-10-06T22:52:09.964+0000] {logging_mixin.py:120} INFO - [2023-10-06T22:52:09.964+0000] {dag.py:3340} INFO - Setting next_dagrun for example_branch_operator to 2023-10-05T00:00:00+00:00, run_after=2023-10-06T00:00:00+00:00
[2023-10-06T22:52:09.976+0000] {processor.py:176} INFO - Processing /home/airflow/.local/lib/python3.7/site-packages/airflow/example_dags/example_branch_operator.py took 0.070 seconds
[2023-10-06T22:52:40.239+0000] {processor.py:154} INFO - Started process (PID=2206) to work on /home/airflow/.local/lib/python3.7/site-packages/airflow/example_dags/example_branch_operator.py
[2023-10-06T22:52:40.241+0000] {processor.py:756} INFO - Processing file /home/airflow/.local/lib/python3.7/site-packages/airflow/example_dags/example_branch_operator.py for tasks to queue
[2023-10-06T22:52:40.241+0000] {logging_mixin.py:120} INFO - [2023-10-06T22:52:40.241+0000] {dagbag.py:537} INFO - Filling up the DagBag from /home/airflow/.local/lib/python3.7/site-packages/airflow/example_dags/example_branch_operator.py
[2023-10-06T22:52:40.253+0000] {processor.py:766} INFO - DAG(s) dict_keys(['example_branch_operator']) retrieved from /home/airflow/.local/lib/python3.7/site-packages/airflow/example_dags/example_branch_operator.py
[2023-10-06T22:52:40.281+0000] {logging_mixin.py:120} INFO - [2023-10-06T22:52:40.281+0000] {dag.py:2585} INFO - Sync 1 DAGs
[2023-10-06T22:52:40.299+0000] {logging_mixin.py:120} INFO - [2023-10-06T22:52:40.299+0000] {dag.py:3340} INFO - Setting next_dagrun for example_branch_operator to 2023-10-05T00:00:00+00:00, run_after=2023-10-06T00:00:00+00:00
[2023-10-06T22:52:40.313+0000] {processor.py:176} INFO - Processing /home/airflow/.local/lib/python3.7/site-packages/airflow/example_dags/example_branch_operator.py took 0.075 seconds
[2023-10-06T22:53:10.478+0000] {processor.py:154} INFO - Started process (PID=2261) to work on /home/airflow/.local/lib/python3.7/site-packages/airflow/example_dags/example_branch_operator.py
[2023-10-06T22:53:10.478+0000] {processor.py:756} INFO - Processing file /home/airflow/.local/lib/python3.7/site-packages/airflow/example_dags/example_branch_operator.py for tasks to queue
[2023-10-06T22:53:10.479+0000] {logging_mixin.py:120} INFO - [2023-10-06T22:53:10.479+0000] {dagbag.py:537} INFO - Filling up the DagBag from /home/airflow/.local/lib/python3.7/site-packages/airflow/example_dags/example_branch_operator.py
[2023-10-06T22:53:10.493+0000] {processor.py:766} INFO - DAG(s) dict_keys(['example_branch_operator']) retrieved from /home/airflow/.local/lib/python3.7/site-packages/airflow/example_dags/example_branch_operator.py
[2023-10-06T22:53:10.527+0000] {logging_mixin.py:120} INFO - [2023-10-06T22:53:10.527+0000] {dag.py:2585} INFO - Sync 1 DAGs
[2023-10-06T22:53:10.545+0000] {logging_mixin.py:120} INFO - [2023-10-06T22:53:10.545+0000] {dag.py:3340} INFO - Setting next_dagrun for example_branch_operator to 2023-10-05T00:00:00+00:00, run_after=2023-10-06T00:00:00+00:00
[2023-10-06T22:53:10.567+0000] {processor.py:176} INFO - Processing /home/airflow/.local/lib/python3.7/site-packages/airflow/example_dags/example_branch_operator.py took 0.091 seconds
[2023-10-06T22:53:40.752+0000] {processor.py:154} INFO - Started process (PID=2325) to work on /home/airflow/.local/lib/python3.7/site-packages/airflow/example_dags/example_branch_operator.py
[2023-10-06T22:53:40.753+0000] {processor.py:756} INFO - Processing file /home/airflow/.local/lib/python3.7/site-packages/airflow/example_dags/example_branch_operator.py for tasks to queue
[2023-10-06T22:53:40.754+0000] {logging_mixin.py:120} INFO - [2023-10-06T22:53:40.754+0000] {dagbag.py:537} INFO - Filling up the DagBag from /home/airflow/.local/lib/python3.7/site-packages/airflow/example_dags/example_branch_operator.py
[2023-10-06T22:53:40.765+0000] {processor.py:766} INFO - DAG(s) dict_keys(['example_branch_operator']) retrieved from /home/airflow/.local/lib/python3.7/site-packages/airflow/example_dags/example_branch_operator.py
[2023-10-06T22:53:40.795+0000] {logging_mixin.py:120} INFO - [2023-10-06T22:53:40.795+0000] {dag.py:2585} INFO - Sync 1 DAGs
[2023-10-06T22:53:40.813+0000] {logging_mixin.py:120} INFO - [2023-10-06T22:53:40.813+0000] {dag.py:3340} INFO - Setting next_dagrun for example_branch_operator to 2023-10-05T00:00:00+00:00, run_after=2023-10-06T00:00:00+00:00
[2023-10-06T22:53:40.826+0000] {processor.py:176} INFO - Processing /home/airflow/.local/lib/python3.7/site-packages/airflow/example_dags/example_branch_operator.py took 0.076 seconds
[2023-10-06T22:54:11.086+0000] {processor.py:154} INFO - Started process (PID=2389) to work on /home/airflow/.local/lib/python3.7/site-packages/airflow/example_dags/example_branch_operator.py
[2023-10-06T22:54:11.086+0000] {processor.py:756} INFO - Processing file /home/airflow/.local/lib/python3.7/site-packages/airflow/example_dags/example_branch_operator.py for tasks to queue
[2023-10-06T22:54:11.087+0000] {logging_mixin.py:120} INFO - [2023-10-06T22:54:11.087+0000] {dagbag.py:537} INFO - Filling up the DagBag from /home/airflow/.local/lib/python3.7/site-packages/airflow/example_dags/example_branch_operator.py
[2023-10-06T22:54:11.098+0000] {processor.py:766} INFO - DAG(s) dict_keys(['example_branch_operator']) retrieved from /home/airflow/.local/lib/python3.7/site-packages/airflow/example_dags/example_branch_operator.py
[2023-10-06T22:54:11.128+0000] {logging_mixin.py:120} INFO - [2023-10-06T22:54:11.128+0000] {dag.py:2585} INFO - Sync 1 DAGs
[2023-10-06T22:54:11.144+0000] {logging_mixin.py:120} INFO - [2023-10-06T22:54:11.144+0000] {dag.py:3340} INFO - Setting next_dagrun for example_branch_operator to 2023-10-05T00:00:00+00:00, run_after=2023-10-06T00:00:00+00:00
[2023-10-06T22:54:11.159+0000] {processor.py:176} INFO - Processing /home/airflow/.local/lib/python3.7/site-packages/airflow/example_dags/example_branch_operator.py took 0.075 seconds
[2023-10-06T22:54:41.317+0000] {processor.py:154} INFO - Started process (PID=2453) to work on /home/airflow/.local/lib/python3.7/site-packages/airflow/example_dags/example_branch_operator.py
[2023-10-06T22:54:41.318+0000] {processor.py:756} INFO - Processing file /home/airflow/.local/lib/python3.7/site-packages/airflow/example_dags/example_branch_operator.py for tasks to queue
[2023-10-06T22:54:41.318+0000] {logging_mixin.py:120} INFO - [2023-10-06T22:54:41.318+0000] {dagbag.py:537} INFO - Filling up the DagBag from /home/airflow/.local/lib/python3.7/site-packages/airflow/example_dags/example_branch_operator.py
[2023-10-06T22:54:41.330+0000] {processor.py:766} INFO - DAG(s) dict_keys(['example_branch_operator']) retrieved from /home/airflow/.local/lib/python3.7/site-packages/airflow/example_dags/example_branch_operator.py
[2023-10-06T22:54:41.361+0000] {logging_mixin.py:120} INFO - [2023-10-06T22:54:41.361+0000] {dag.py:2585} INFO - Sync 1 DAGs
[2023-10-06T22:54:41.378+0000] {logging_mixin.py:120} INFO - [2023-10-06T22:54:41.378+0000] {dag.py:3340} INFO - Setting next_dagrun for example_branch_operator to 2023-10-05T00:00:00+00:00, run_after=2023-10-06T00:00:00+00:00
[2023-10-06T22:54:41.393+0000] {processor.py:176} INFO - Processing /home/airflow/.local/lib/python3.7/site-packages/airflow/example_dags/example_branch_operator.py took 0.078 seconds
[2023-10-06T22:55:11.526+0000] {processor.py:154} INFO - Started process (PID=2508) to work on /home/airflow/.local/lib/python3.7/site-packages/airflow/example_dags/example_branch_operator.py
[2023-10-06T22:55:11.527+0000] {processor.py:756} INFO - Processing file /home/airflow/.local/lib/python3.7/site-packages/airflow/example_dags/example_branch_operator.py for tasks to queue
[2023-10-06T22:55:11.527+0000] {logging_mixin.py:120} INFO - [2023-10-06T22:55:11.527+0000] {dagbag.py:537} INFO - Filling up the DagBag from /home/airflow/.local/lib/python3.7/site-packages/airflow/example_dags/example_branch_operator.py
[2023-10-06T22:55:11.539+0000] {processor.py:766} INFO - DAG(s) dict_keys(['example_branch_operator']) retrieved from /home/airflow/.local/lib/python3.7/site-packages/airflow/example_dags/example_branch_operator.py
[2023-10-06T22:55:11.571+0000] {logging_mixin.py:120} INFO - [2023-10-06T22:55:11.571+0000] {dag.py:2585} INFO - Sync 1 DAGs
[2023-10-06T22:55:11.591+0000] {logging_mixin.py:120} INFO - [2023-10-06T22:55:11.591+0000] {dag.py:3340} INFO - Setting next_dagrun for example_branch_operator to 2023-10-05T00:00:00+00:00, run_after=2023-10-06T00:00:00+00:00
[2023-10-06T22:55:11.608+0000] {processor.py:176} INFO - Processing /home/airflow/.local/lib/python3.7/site-packages/airflow/example_dags/example_branch_operator.py took 0.084 seconds
[2023-10-06T22:55:41.892+0000] {processor.py:154} INFO - Started process (PID=2572) to work on /home/airflow/.local/lib/python3.7/site-packages/airflow/example_dags/example_branch_operator.py
[2023-10-06T22:55:41.892+0000] {processor.py:756} INFO - Processing file /home/airflow/.local/lib/python3.7/site-packages/airflow/example_dags/example_branch_operator.py for tasks to queue
[2023-10-06T22:55:41.893+0000] {logging_mixin.py:120} INFO - [2023-10-06T22:55:41.893+0000] {dagbag.py:537} INFO - Filling up the DagBag from /home/airflow/.local/lib/python3.7/site-packages/airflow/example_dags/example_branch_operator.py
[2023-10-06T22:55:41.904+0000] {processor.py:766} INFO - DAG(s) dict_keys(['example_branch_operator']) retrieved from /home/airflow/.local/lib/python3.7/site-packages/airflow/example_dags/example_branch_operator.py
[2023-10-06T22:55:41.933+0000] {logging_mixin.py:120} INFO - [2023-10-06T22:55:41.933+0000] {dag.py:2585} INFO - Sync 1 DAGs
[2023-10-06T22:55:41.952+0000] {logging_mixin.py:120} INFO - [2023-10-06T22:55:41.952+0000] {dag.py:3340} INFO - Setting next_dagrun for example_branch_operator to 2023-10-05T00:00:00+00:00, run_after=2023-10-06T00:00:00+00:00
[2023-10-06T22:55:41.969+0000] {processor.py:176} INFO - Processing /home/airflow/.local/lib/python3.7/site-packages/airflow/example_dags/example_branch_operator.py took 0.079 seconds
[2023-10-06T22:56:12.320+0000] {processor.py:154} INFO - Started process (PID=2636) to work on /home/airflow/.local/lib/python3.7/site-packages/airflow/example_dags/example_branch_operator.py
[2023-10-06T22:56:12.320+0000] {processor.py:756} INFO - Processing file /home/airflow/.local/lib/python3.7/site-packages/airflow/example_dags/example_branch_operator.py for tasks to queue
[2023-10-06T22:56:12.321+0000] {logging_mixin.py:120} INFO - [2023-10-06T22:56:12.321+0000] {dagbag.py:537} INFO - Filling up the DagBag from /home/airflow/.local/lib/python3.7/site-packages/airflow/example_dags/example_branch_operator.py
[2023-10-06T22:56:12.332+0000] {processor.py:766} INFO - DAG(s) dict_keys(['example_branch_operator']) retrieved from /home/airflow/.local/lib/python3.7/site-packages/airflow/example_dags/example_branch_operator.py
[2023-10-06T22:56:12.363+0000] {logging_mixin.py:120} INFO - [2023-10-06T22:56:12.363+0000] {dag.py:2585} INFO - Sync 1 DAGs
[2023-10-06T22:56:12.379+0000] {logging_mixin.py:120} INFO - [2023-10-06T22:56:12.379+0000] {dag.py:3340} INFO - Setting next_dagrun for example_branch_operator to 2023-10-05T00:00:00+00:00, run_after=2023-10-06T00:00:00+00:00
[2023-10-06T22:56:12.396+0000] {processor.py:176} INFO - Processing /home/airflow/.local/lib/python3.7/site-packages/airflow/example_dags/example_branch_operator.py took 0.078 seconds
[2023-10-06T22:56:42.637+0000] {processor.py:154} INFO - Started process (PID=2699) to work on /home/airflow/.local/lib/python3.7/site-packages/airflow/example_dags/example_branch_operator.py
[2023-10-06T22:56:42.638+0000] {processor.py:756} INFO - Processing file /home/airflow/.local/lib/python3.7/site-packages/airflow/example_dags/example_branch_operator.py for tasks to queue
[2023-10-06T22:56:42.638+0000] {logging_mixin.py:120} INFO - [2023-10-06T22:56:42.638+0000] {dagbag.py:537} INFO - Filling up the DagBag from /home/airflow/.local/lib/python3.7/site-packages/airflow/example_dags/example_branch_operator.py
[2023-10-06T22:56:42.650+0000] {processor.py:766} INFO - DAG(s) dict_keys(['example_branch_operator']) retrieved from /home/airflow/.local/lib/python3.7/site-packages/airflow/example_dags/example_branch_operator.py
[2023-10-06T22:56:42.678+0000] {logging_mixin.py:120} INFO - [2023-10-06T22:56:42.678+0000] {dag.py:2585} INFO - Sync 1 DAGs
[2023-10-06T22:56:42.694+0000] {logging_mixin.py:120} INFO - [2023-10-06T22:56:42.694+0000] {dag.py:3340} INFO - Setting next_dagrun for example_branch_operator to 2023-10-05T00:00:00+00:00, run_after=2023-10-06T00:00:00+00:00
[2023-10-06T22:56:42.705+0000] {processor.py:176} INFO - Processing /home/airflow/.local/lib/python3.7/site-packages/airflow/example_dags/example_branch_operator.py took 0.070 seconds
[2023-10-06T22:57:12.865+0000] {processor.py:154} INFO - Started process (PID=2761) to work on /home/airflow/.local/lib/python3.7/site-packages/airflow/example_dags/example_branch_operator.py
[2023-10-06T22:57:12.865+0000] {processor.py:756} INFO - Processing file /home/airflow/.local/lib/python3.7/site-packages/airflow/example_dags/example_branch_operator.py for tasks to queue
[2023-10-06T22:57:12.866+0000] {logging_mixin.py:120} INFO - [2023-10-06T22:57:12.866+0000] {dagbag.py:537} INFO - Filling up the DagBag from /home/airflow/.local/lib/python3.7/site-packages/airflow/example_dags/example_branch_operator.py
[2023-10-06T22:57:12.878+0000] {processor.py:766} INFO - DAG(s) dict_keys(['example_branch_operator']) retrieved from /home/airflow/.local/lib/python3.7/site-packages/airflow/example_dags/example_branch_operator.py
[2023-10-06T22:57:12.913+0000] {logging_mixin.py:120} INFO - [2023-10-06T22:57:12.913+0000] {dag.py:2585} INFO - Sync 1 DAGs
[2023-10-06T22:57:12.932+0000] {logging_mixin.py:120} INFO - [2023-10-06T22:57:12.932+0000] {dag.py:3340} INFO - Setting next_dagrun for example_branch_operator to 2023-10-05T00:00:00+00:00, run_after=2023-10-06T00:00:00+00:00
[2023-10-06T22:57:12.950+0000] {processor.py:176} INFO - Processing /home/airflow/.local/lib/python3.7/site-packages/airflow/example_dags/example_branch_operator.py took 0.087 seconds
[2023-10-06T22:57:43.910+0000] {processor.py:154} INFO - Started process (PID=2818) to work on /home/airflow/.local/lib/python3.7/site-packages/airflow/example_dags/example_branch_operator.py
[2023-10-06T22:57:43.911+0000] {processor.py:756} INFO - Processing file /home/airflow/.local/lib/python3.7/site-packages/airflow/example_dags/example_branch_operator.py for tasks to queue
[2023-10-06T22:57:43.911+0000] {logging_mixin.py:120} INFO - [2023-10-06T22:57:43.911+0000] {dagbag.py:537} INFO - Filling up the DagBag from /home/airflow/.local/lib/python3.7/site-packages/airflow/example_dags/example_branch_operator.py
[2023-10-06T22:57:43.923+0000] {processor.py:766} INFO - DAG(s) dict_keys(['example_branch_operator']) retrieved from /home/airflow/.local/lib/python3.7/site-packages/airflow/example_dags/example_branch_operator.py
[2023-10-06T22:57:43.952+0000] {logging_mixin.py:120} INFO - [2023-10-06T22:57:43.952+0000] {dag.py:2585} INFO - Sync 1 DAGs
[2023-10-06T22:57:43.968+0000] {logging_mixin.py:120} INFO - [2023-10-06T22:57:43.968+0000] {dag.py:3340} INFO - Setting next_dagrun for example_branch_operator to 2023-10-05T00:00:00+00:00, run_after=2023-10-06T00:00:00+00:00
[2023-10-06T22:57:43.983+0000] {processor.py:176} INFO - Processing /home/airflow/.local/lib/python3.7/site-packages/airflow/example_dags/example_branch_operator.py took 0.075 seconds
[2023-10-06T22:58:14.363+0000] {processor.py:154} INFO - Started process (PID=2881) to work on /home/airflow/.local/lib/python3.7/site-packages/airflow/example_dags/example_branch_operator.py
[2023-10-06T22:58:14.364+0000] {processor.py:756} INFO - Processing file /home/airflow/.local/lib/python3.7/site-packages/airflow/example_dags/example_branch_operator.py for tasks to queue
[2023-10-06T22:58:14.364+0000] {logging_mixin.py:120} INFO - [2023-10-06T22:58:14.364+0000] {dagbag.py:537} INFO - Filling up the DagBag from /home/airflow/.local/lib/python3.7/site-packages/airflow/example_dags/example_branch_operator.py
[2023-10-06T22:58:14.377+0000] {processor.py:766} INFO - DAG(s) dict_keys(['example_branch_operator']) retrieved from /home/airflow/.local/lib/python3.7/site-packages/airflow/example_dags/example_branch_operator.py
[2023-10-06T22:58:14.408+0000] {logging_mixin.py:120} INFO - [2023-10-06T22:58:14.408+0000] {dag.py:2585} INFO - Sync 1 DAGs
[2023-10-06T22:58:14.426+0000] {logging_mixin.py:120} INFO - [2023-10-06T22:58:14.426+0000] {dag.py:3340} INFO - Setting next_dagrun for example_branch_operator to 2023-10-05T00:00:00+00:00, run_after=2023-10-06T00:00:00+00:00
[2023-10-06T22:58:14.444+0000] {processor.py:176} INFO - Processing /home/airflow/.local/lib/python3.7/site-packages/airflow/example_dags/example_branch_operator.py took 0.083 seconds
[2023-10-06T22:58:44.579+0000] {processor.py:154} INFO - Started process (PID=2944) to work on /home/airflow/.local/lib/python3.7/site-packages/airflow/example_dags/example_branch_operator.py
[2023-10-06T22:58:44.580+0000] {processor.py:756} INFO - Processing file /home/airflow/.local/lib/python3.7/site-packages/airflow/example_dags/example_branch_operator.py for tasks to queue
[2023-10-06T22:58:44.581+0000] {logging_mixin.py:120} INFO - [2023-10-06T22:58:44.580+0000] {dagbag.py:537} INFO - Filling up the DagBag from /home/airflow/.local/lib/python3.7/site-packages/airflow/example_dags/example_branch_operator.py
[2023-10-06T22:58:44.592+0000] {processor.py:766} INFO - DAG(s) dict_keys(['example_branch_operator']) retrieved from /home/airflow/.local/lib/python3.7/site-packages/airflow/example_dags/example_branch_operator.py
[2023-10-06T22:58:44.623+0000] {logging_mixin.py:120} INFO - [2023-10-06T22:58:44.623+0000] {dag.py:2585} INFO - Sync 1 DAGs
[2023-10-06T22:58:44.639+0000] {logging_mixin.py:120} INFO - [2023-10-06T22:58:44.639+0000] {dag.py:3340} INFO - Setting next_dagrun for example_branch_operator to 2023-10-05T00:00:00+00:00, run_after=2023-10-06T00:00:00+00:00
[2023-10-06T22:58:44.655+0000] {processor.py:176} INFO - Processing /home/airflow/.local/lib/python3.7/site-packages/airflow/example_dags/example_branch_operator.py took 0.077 seconds
[2023-10-06T22:59:14.788+0000] {processor.py:154} INFO - Started process (PID=3008) to work on /home/airflow/.local/lib/python3.7/site-packages/airflow/example_dags/example_branch_operator.py
[2023-10-06T22:59:14.789+0000] {processor.py:756} INFO - Processing file /home/airflow/.local/lib/python3.7/site-packages/airflow/example_dags/example_branch_operator.py for tasks to queue
[2023-10-06T22:59:14.790+0000] {logging_mixin.py:120} INFO - [2023-10-06T22:59:14.790+0000] {dagbag.py:537} INFO - Filling up the DagBag from /home/airflow/.local/lib/python3.7/site-packages/airflow/example_dags/example_branch_operator.py
[2023-10-06T22:59:14.802+0000] {processor.py:766} INFO - DAG(s) dict_keys(['example_branch_operator']) retrieved from /home/airflow/.local/lib/python3.7/site-packages/airflow/example_dags/example_branch_operator.py
[2023-10-06T22:59:14.833+0000] {logging_mixin.py:120} INFO - [2023-10-06T22:59:14.833+0000] {dag.py:2585} INFO - Sync 1 DAGs
[2023-10-06T22:59:14.852+0000] {logging_mixin.py:120} INFO - [2023-10-06T22:59:14.852+0000] {dag.py:3340} INFO - Setting next_dagrun for example_branch_operator to 2023-10-05T00:00:00+00:00, run_after=2023-10-06T00:00:00+00:00
[2023-10-06T22:59:14.867+0000] {processor.py:176} INFO - Processing /home/airflow/.local/lib/python3.7/site-packages/airflow/example_dags/example_branch_operator.py took 0.082 seconds
[2023-10-06T22:59:44.938+0000] {processor.py:154} INFO - Started process (PID=3064) to work on /home/airflow/.local/lib/python3.7/site-packages/airflow/example_dags/example_branch_operator.py
[2023-10-06T22:59:44.939+0000] {processor.py:756} INFO - Processing file /home/airflow/.local/lib/python3.7/site-packages/airflow/example_dags/example_branch_operator.py for tasks to queue
[2023-10-06T22:59:44.939+0000] {logging_mixin.py:120} INFO - [2023-10-06T22:59:44.939+0000] {dagbag.py:537} INFO - Filling up the DagBag from /home/airflow/.local/lib/python3.7/site-packages/airflow/example_dags/example_branch_operator.py
[2023-10-06T22:59:44.950+0000] {processor.py:766} INFO - DAG(s) dict_keys(['example_branch_operator']) retrieved from /home/airflow/.local/lib/python3.7/site-packages/airflow/example_dags/example_branch_operator.py
[2023-10-06T22:59:44.979+0000] {logging_mixin.py:120} INFO - [2023-10-06T22:59:44.979+0000] {dag.py:2585} INFO - Sync 1 DAGs
[2023-10-06T22:59:44.997+0000] {logging_mixin.py:120} INFO - [2023-10-06T22:59:44.997+0000] {dag.py:3340} INFO - Setting next_dagrun for example_branch_operator to 2023-10-05T00:00:00+00:00, run_after=2023-10-06T00:00:00+00:00
[2023-10-06T22:59:45.012+0000] {processor.py:176} INFO - Processing /home/airflow/.local/lib/python3.7/site-packages/airflow/example_dags/example_branch_operator.py took 0.076 seconds
[2023-10-06T23:00:15.159+0000] {processor.py:154} INFO - Started process (PID=3129) to work on /home/airflow/.local/lib/python3.7/site-packages/airflow/example_dags/example_branch_operator.py
[2023-10-06T23:00:15.160+0000] {processor.py:756} INFO - Processing file /home/airflow/.local/lib/python3.7/site-packages/airflow/example_dags/example_branch_operator.py for tasks to queue
[2023-10-06T23:00:15.161+0000] {logging_mixin.py:120} INFO - [2023-10-06T23:00:15.161+0000] {dagbag.py:537} INFO - Filling up the DagBag from /home/airflow/.local/lib/python3.7/site-packages/airflow/example_dags/example_branch_operator.py
[2023-10-06T23:00:15.172+0000] {processor.py:766} INFO - DAG(s) dict_keys(['example_branch_operator']) retrieved from /home/airflow/.local/lib/python3.7/site-packages/airflow/example_dags/example_branch_operator.py
[2023-10-06T23:00:15.200+0000] {logging_mixin.py:120} INFO - [2023-10-06T23:00:15.200+0000] {dag.py:2585} INFO - Sync 1 DAGs
[2023-10-06T23:00:15.218+0000] {logging_mixin.py:120} INFO - [2023-10-06T23:00:15.218+0000] {dag.py:3340} INFO - Setting next_dagrun for example_branch_operator to 2023-10-05T00:00:00+00:00, run_after=2023-10-06T00:00:00+00:00
[2023-10-06T23:00:15.231+0000] {processor.py:176} INFO - Processing /home/airflow/.local/lib/python3.7/site-packages/airflow/example_dags/example_branch_operator.py took 0.074 seconds
[2023-10-06T23:00:45.315+0000] {processor.py:154} INFO - Started process (PID=3192) to work on /home/airflow/.local/lib/python3.7/site-packages/airflow/example_dags/example_branch_operator.py
[2023-10-06T23:00:45.316+0000] {processor.py:756} INFO - Processing file /home/airflow/.local/lib/python3.7/site-packages/airflow/example_dags/example_branch_operator.py for tasks to queue
[2023-10-06T23:00:45.316+0000] {logging_mixin.py:120} INFO - [2023-10-06T23:00:45.316+0000] {dagbag.py:537} INFO - Filling up the DagBag from /home/airflow/.local/lib/python3.7/site-packages/airflow/example_dags/example_branch_operator.py
[2023-10-06T23:00:45.327+0000] {processor.py:766} INFO - DAG(s) dict_keys(['example_branch_operator']) retrieved from /home/airflow/.local/lib/python3.7/site-packages/airflow/example_dags/example_branch_operator.py
[2023-10-06T23:00:45.357+0000] {logging_mixin.py:120} INFO - [2023-10-06T23:00:45.357+0000] {dag.py:2585} INFO - Sync 1 DAGs
[2023-10-06T23:00:45.374+0000] {logging_mixin.py:120} INFO - [2023-10-06T23:00:45.374+0000] {dag.py:3340} INFO - Setting next_dagrun for example_branch_operator to 2023-10-05T00:00:00+00:00, run_after=2023-10-06T00:00:00+00:00
[2023-10-06T23:00:45.389+0000] {processor.py:176} INFO - Processing /home/airflow/.local/lib/python3.7/site-packages/airflow/example_dags/example_branch_operator.py took 0.076 seconds
[2023-10-06T23:01:15.491+0000] {processor.py:154} INFO - Started process (PID=3256) to work on /home/airflow/.local/lib/python3.7/site-packages/airflow/example_dags/example_branch_operator.py
[2023-10-06T23:01:15.492+0000] {processor.py:756} INFO - Processing file /home/airflow/.local/lib/python3.7/site-packages/airflow/example_dags/example_branch_operator.py for tasks to queue
[2023-10-06T23:01:15.492+0000] {logging_mixin.py:120} INFO - [2023-10-06T23:01:15.492+0000] {dagbag.py:537} INFO - Filling up the DagBag from /home/airflow/.local/lib/python3.7/site-packages/airflow/example_dags/example_branch_operator.py
[2023-10-06T23:01:15.504+0000] {processor.py:766} INFO - DAG(s) dict_keys(['example_branch_operator']) retrieved from /home/airflow/.local/lib/python3.7/site-packages/airflow/example_dags/example_branch_operator.py
[2023-10-06T23:01:15.530+0000] {logging_mixin.py:120} INFO - [2023-10-06T23:01:15.530+0000] {dag.py:2585} INFO - Sync 1 DAGs
[2023-10-06T23:01:15.547+0000] {logging_mixin.py:120} INFO - [2023-10-06T23:01:15.547+0000] {dag.py:3340} INFO - Setting next_dagrun for example_branch_operator to 2023-10-05T00:00:00+00:00, run_after=2023-10-06T00:00:00+00:00
[2023-10-06T23:01:15.562+0000] {processor.py:176} INFO - Processing /home/airflow/.local/lib/python3.7/site-packages/airflow/example_dags/example_branch_operator.py took 0.073 seconds
[2023-10-06T23:01:45.728+0000] {processor.py:154} INFO - Started process (PID=3311) to work on /home/airflow/.local/lib/python3.7/site-packages/airflow/example_dags/example_branch_operator.py
[2023-10-06T23:01:45.729+0000] {processor.py:756} INFO - Processing file /home/airflow/.local/lib/python3.7/site-packages/airflow/example_dags/example_branch_operator.py for tasks to queue
[2023-10-06T23:01:45.729+0000] {logging_mixin.py:120} INFO - [2023-10-06T23:01:45.729+0000] {dagbag.py:537} INFO - Filling up the DagBag from /home/airflow/.local/lib/python3.7/site-packages/airflow/example_dags/example_branch_operator.py
[2023-10-06T23:01:45.741+0000] {processor.py:766} INFO - DAG(s) dict_keys(['example_branch_operator']) retrieved from /home/airflow/.local/lib/python3.7/site-packages/airflow/example_dags/example_branch_operator.py
[2023-10-06T23:01:45.769+0000] {logging_mixin.py:120} INFO - [2023-10-06T23:01:45.769+0000] {dag.py:2585} INFO - Sync 1 DAGs
[2023-10-06T23:01:45.786+0000] {logging_mixin.py:120} INFO - [2023-10-06T23:01:45.785+0000] {dag.py:3340} INFO - Setting next_dagrun for example_branch_operator to 2023-10-05T00:00:00+00:00, run_after=2023-10-06T00:00:00+00:00
[2023-10-06T23:01:45.802+0000] {processor.py:176} INFO - Processing /home/airflow/.local/lib/python3.7/site-packages/airflow/example_dags/example_branch_operator.py took 0.075 seconds
[2023-10-06T23:02:15.930+0000] {processor.py:154} INFO - Started process (PID=3375) to work on /home/airflow/.local/lib/python3.7/site-packages/airflow/example_dags/example_branch_operator.py
[2023-10-06T23:02:15.931+0000] {processor.py:756} INFO - Processing file /home/airflow/.local/lib/python3.7/site-packages/airflow/example_dags/example_branch_operator.py for tasks to queue
[2023-10-06T23:02:15.931+0000] {logging_mixin.py:120} INFO - [2023-10-06T23:02:15.931+0000] {dagbag.py:537} INFO - Filling up the DagBag from /home/airflow/.local/lib/python3.7/site-packages/airflow/example_dags/example_branch_operator.py
[2023-10-06T23:02:15.943+0000] {processor.py:766} INFO - DAG(s) dict_keys(['example_branch_operator']) retrieved from /home/airflow/.local/lib/python3.7/site-packages/airflow/example_dags/example_branch_operator.py
[2023-10-06T23:02:15.970+0000] {logging_mixin.py:120} INFO - [2023-10-06T23:02:15.970+0000] {dag.py:2585} INFO - Sync 1 DAGs
[2023-10-06T23:02:15.986+0000] {logging_mixin.py:120} INFO - [2023-10-06T23:02:15.986+0000] {dag.py:3340} INFO - Setting next_dagrun for example_branch_operator to 2023-10-05T00:00:00+00:00, run_after=2023-10-06T00:00:00+00:00
[2023-10-06T23:02:16.000+0000] {processor.py:176} INFO - Processing /home/airflow/.local/lib/python3.7/site-packages/airflow/example_dags/example_branch_operator.py took 0.072 seconds
[2023-10-06T23:02:46.117+0000] {processor.py:154} INFO - Started process (PID=3439) to work on /home/airflow/.local/lib/python3.7/site-packages/airflow/example_dags/example_branch_operator.py
[2023-10-06T23:02:46.117+0000] {processor.py:756} INFO - Processing file /home/airflow/.local/lib/python3.7/site-packages/airflow/example_dags/example_branch_operator.py for tasks to queue
[2023-10-06T23:02:46.118+0000] {logging_mixin.py:120} INFO - [2023-10-06T23:02:46.117+0000] {dagbag.py:537} INFO - Filling up the DagBag from /home/airflow/.local/lib/python3.7/site-packages/airflow/example_dags/example_branch_operator.py
[2023-10-06T23:02:46.130+0000] {processor.py:766} INFO - DAG(s) dict_keys(['example_branch_operator']) retrieved from /home/airflow/.local/lib/python3.7/site-packages/airflow/example_dags/example_branch_operator.py
[2023-10-06T23:02:46.161+0000] {logging_mixin.py:120} INFO - [2023-10-06T23:02:46.161+0000] {dag.py:2585} INFO - Sync 1 DAGs
[2023-10-06T23:02:46.180+0000] {logging_mixin.py:120} INFO - [2023-10-06T23:02:46.180+0000] {dag.py:3340} INFO - Setting next_dagrun for example_branch_operator to 2023-10-05T00:00:00+00:00, run_after=2023-10-06T00:00:00+00:00
[2023-10-06T23:02:46.198+0000] {processor.py:176} INFO - Processing /home/airflow/.local/lib/python3.7/site-packages/airflow/example_dags/example_branch_operator.py took 0.083 seconds
[2023-10-06T23:03:17.019+0000] {processor.py:154} INFO - Started process (PID=3503) to work on /home/airflow/.local/lib/python3.7/site-packages/airflow/example_dags/example_branch_operator.py
[2023-10-06T23:03:17.020+0000] {processor.py:756} INFO - Processing file /home/airflow/.local/lib/python3.7/site-packages/airflow/example_dags/example_branch_operator.py for tasks to queue
[2023-10-06T23:03:17.021+0000] {logging_mixin.py:120} INFO - [2023-10-06T23:03:17.021+0000] {dagbag.py:537} INFO - Filling up the DagBag from /home/airflow/.local/lib/python3.7/site-packages/airflow/example_dags/example_branch_operator.py
[2023-10-06T23:03:17.034+0000] {processor.py:766} INFO - DAG(s) dict_keys(['example_branch_operator']) retrieved from /home/airflow/.local/lib/python3.7/site-packages/airflow/example_dags/example_branch_operator.py
[2023-10-06T23:03:17.066+0000] {logging_mixin.py:120} INFO - [2023-10-06T23:03:17.066+0000] {dag.py:2585} INFO - Sync 1 DAGs
[2023-10-06T23:03:17.085+0000] {logging_mixin.py:120} INFO - [2023-10-06T23:03:17.085+0000] {dag.py:3340} INFO - Setting next_dagrun for example_branch_operator to 2023-10-05T00:00:00+00:00, run_after=2023-10-06T00:00:00+00:00
[2023-10-06T23:03:17.101+0000] {processor.py:176} INFO - Processing /home/airflow/.local/lib/python3.7/site-packages/airflow/example_dags/example_branch_operator.py took 0.084 seconds
[2023-10-06T23:03:47.145+0000] {processor.py:154} INFO - Started process (PID=3558) to work on /home/airflow/.local/lib/python3.7/site-packages/airflow/example_dags/example_branch_operator.py
[2023-10-06T23:03:47.145+0000] {processor.py:756} INFO - Processing file /home/airflow/.local/lib/python3.7/site-packages/airflow/example_dags/example_branch_operator.py for tasks to queue
[2023-10-06T23:03:47.146+0000] {logging_mixin.py:120} INFO - [2023-10-06T23:03:47.145+0000] {dagbag.py:537} INFO - Filling up the DagBag from /home/airflow/.local/lib/python3.7/site-packages/airflow/example_dags/example_branch_operator.py
[2023-10-06T23:03:47.157+0000] {processor.py:766} INFO - DAG(s) dict_keys(['example_branch_operator']) retrieved from /home/airflow/.local/lib/python3.7/site-packages/airflow/example_dags/example_branch_operator.py
[2023-10-06T23:03:47.188+0000] {logging_mixin.py:120} INFO - [2023-10-06T23:03:47.188+0000] {dag.py:2585} INFO - Sync 1 DAGs
[2023-10-06T23:03:47.206+0000] {logging_mixin.py:120} INFO - [2023-10-06T23:03:47.206+0000] {dag.py:3340} INFO - Setting next_dagrun for example_branch_operator to 2023-10-05T00:00:00+00:00, run_after=2023-10-06T00:00:00+00:00
[2023-10-06T23:03:47.221+0000] {processor.py:176} INFO - Processing /home/airflow/.local/lib/python3.7/site-packages/airflow/example_dags/example_branch_operator.py took 0.078 seconds
[2023-10-06T23:04:17.370+0000] {processor.py:154} INFO - Started process (PID=3622) to work on /home/airflow/.local/lib/python3.7/site-packages/airflow/example_dags/example_branch_operator.py
[2023-10-06T23:04:17.371+0000] {processor.py:756} INFO - Processing file /home/airflow/.local/lib/python3.7/site-packages/airflow/example_dags/example_branch_operator.py for tasks to queue
[2023-10-06T23:04:17.371+0000] {logging_mixin.py:120} INFO - [2023-10-06T23:04:17.371+0000] {dagbag.py:537} INFO - Filling up the DagBag from /home/airflow/.local/lib/python3.7/site-packages/airflow/example_dags/example_branch_operator.py
[2023-10-06T23:04:17.385+0000] {processor.py:766} INFO - DAG(s) dict_keys(['example_branch_operator']) retrieved from /home/airflow/.local/lib/python3.7/site-packages/airflow/example_dags/example_branch_operator.py
[2023-10-06T23:04:17.418+0000] {logging_mixin.py:120} INFO - [2023-10-06T23:04:17.418+0000] {dag.py:2585} INFO - Sync 1 DAGs
[2023-10-06T23:04:17.434+0000] {logging_mixin.py:120} INFO - [2023-10-06T23:04:17.434+0000] {dag.py:3340} INFO - Setting next_dagrun for example_branch_operator to 2023-10-05T00:00:00+00:00, run_after=2023-10-06T00:00:00+00:00
[2023-10-06T23:04:17.448+0000] {processor.py:176} INFO - Processing /home/airflow/.local/lib/python3.7/site-packages/airflow/example_dags/example_branch_operator.py took 0.081 seconds
[2023-10-06T23:04:47.464+0000] {processor.py:154} INFO - Started process (PID=3686) to work on /home/airflow/.local/lib/python3.7/site-packages/airflow/example_dags/example_branch_operator.py
[2023-10-06T23:04:47.464+0000] {processor.py:756} INFO - Processing file /home/airflow/.local/lib/python3.7/site-packages/airflow/example_dags/example_branch_operator.py for tasks to queue
[2023-10-06T23:04:47.465+0000] {logging_mixin.py:120} INFO - [2023-10-06T23:04:47.465+0000] {dagbag.py:537} INFO - Filling up the DagBag from /home/airflow/.local/lib/python3.7/site-packages/airflow/example_dags/example_branch_operator.py
[2023-10-06T23:04:47.477+0000] {processor.py:766} INFO - DAG(s) dict_keys(['example_branch_operator']) retrieved from /home/airflow/.local/lib/python3.7/site-packages/airflow/example_dags/example_branch_operator.py
[2023-10-06T23:04:47.504+0000] {logging_mixin.py:120} INFO - [2023-10-06T23:04:47.504+0000] {dag.py:2585} INFO - Sync 1 DAGs
[2023-10-06T23:04:47.521+0000] {logging_mixin.py:120} INFO - [2023-10-06T23:04:47.521+0000] {dag.py:3340} INFO - Setting next_dagrun for example_branch_operator to 2023-10-05T00:00:00+00:00, run_after=2023-10-06T00:00:00+00:00
[2023-10-06T23:04:47.535+0000] {processor.py:176} INFO - Processing /home/airflow/.local/lib/python3.7/site-packages/airflow/example_dags/example_branch_operator.py took 0.074 seconds
[2023-10-06T23:05:17.744+0000] {processor.py:154} INFO - Started process (PID=3751) to work on /home/airflow/.local/lib/python3.7/site-packages/airflow/example_dags/example_branch_operator.py
[2023-10-06T23:05:17.747+0000] {processor.py:756} INFO - Processing file /home/airflow/.local/lib/python3.7/site-packages/airflow/example_dags/example_branch_operator.py for tasks to queue
[2023-10-06T23:05:17.748+0000] {logging_mixin.py:120} INFO - [2023-10-06T23:05:17.748+0000] {dagbag.py:537} INFO - Filling up the DagBag from /home/airflow/.local/lib/python3.7/site-packages/airflow/example_dags/example_branch_operator.py
[2023-10-06T23:05:17.760+0000] {processor.py:766} INFO - DAG(s) dict_keys(['example_branch_operator']) retrieved from /home/airflow/.local/lib/python3.7/site-packages/airflow/example_dags/example_branch_operator.py
[2023-10-06T23:05:17.789+0000] {logging_mixin.py:120} INFO - [2023-10-06T23:05:17.789+0000] {dag.py:2585} INFO - Sync 1 DAGs
[2023-10-06T23:05:17.806+0000] {logging_mixin.py:120} INFO - [2023-10-06T23:05:17.806+0000] {dag.py:3340} INFO - Setting next_dagrun for example_branch_operator to 2023-10-05T00:00:00+00:00, run_after=2023-10-06T00:00:00+00:00
[2023-10-06T23:05:17.825+0000] {processor.py:176} INFO - Processing /home/airflow/.local/lib/python3.7/site-packages/airflow/example_dags/example_branch_operator.py took 0.083 seconds
[2023-10-06T23:05:47.928+0000] {processor.py:154} INFO - Started process (PID=3807) to work on /home/airflow/.local/lib/python3.7/site-packages/airflow/example_dags/example_branch_operator.py
[2023-10-06T23:05:47.929+0000] {processor.py:756} INFO - Processing file /home/airflow/.local/lib/python3.7/site-packages/airflow/example_dags/example_branch_operator.py for tasks to queue
[2023-10-06T23:05:47.929+0000] {logging_mixin.py:120} INFO - [2023-10-06T23:05:47.929+0000] {dagbag.py:537} INFO - Filling up the DagBag from /home/airflow/.local/lib/python3.7/site-packages/airflow/example_dags/example_branch_operator.py
[2023-10-06T23:05:47.941+0000] {processor.py:766} INFO - DAG(s) dict_keys(['example_branch_operator']) retrieved from /home/airflow/.local/lib/python3.7/site-packages/airflow/example_dags/example_branch_operator.py
[2023-10-06T23:05:47.970+0000] {logging_mixin.py:120} INFO - [2023-10-06T23:05:47.970+0000] {dag.py:2585} INFO - Sync 1 DAGs
[2023-10-06T23:05:47.988+0000] {logging_mixin.py:120} INFO - [2023-10-06T23:05:47.988+0000] {dag.py:3340} INFO - Setting next_dagrun for example_branch_operator to 2023-10-05T00:00:00+00:00, run_after=2023-10-06T00:00:00+00:00
[2023-10-06T23:05:48.004+0000] {processor.py:176} INFO - Processing /home/airflow/.local/lib/python3.7/site-packages/airflow/example_dags/example_branch_operator.py took 0.078 seconds
[2023-10-06T23:06:18.142+0000] {processor.py:154} INFO - Started process (PID=3872) to work on /home/airflow/.local/lib/python3.7/site-packages/airflow/example_dags/example_branch_operator.py
[2023-10-06T23:06:18.143+0000] {processor.py:756} INFO - Processing file /home/airflow/.local/lib/python3.7/site-packages/airflow/example_dags/example_branch_operator.py for tasks to queue
[2023-10-06T23:06:18.143+0000] {logging_mixin.py:120} INFO - [2023-10-06T23:06:18.143+0000] {dagbag.py:537} INFO - Filling up the DagBag from /home/airflow/.local/lib/python3.7/site-packages/airflow/example_dags/example_branch_operator.py
[2023-10-06T23:06:18.155+0000] {processor.py:766} INFO - DAG(s) dict_keys(['example_branch_operator']) retrieved from /home/airflow/.local/lib/python3.7/site-packages/airflow/example_dags/example_branch_operator.py
[2023-10-06T23:06:18.185+0000] {logging_mixin.py:120} INFO - [2023-10-06T23:06:18.185+0000] {dag.py:2585} INFO - Sync 1 DAGs
[2023-10-06T23:06:18.202+0000] {logging_mixin.py:120} INFO - [2023-10-06T23:06:18.202+0000] {dag.py:3340} INFO - Setting next_dagrun for example_branch_operator to 2023-10-05T00:00:00+00:00, run_after=2023-10-06T00:00:00+00:00
[2023-10-06T23:06:18.218+0000] {processor.py:176} INFO - Processing /home/airflow/.local/lib/python3.7/site-packages/airflow/example_dags/example_branch_operator.py took 0.079 seconds
[2023-10-06T23:06:48.408+0000] {processor.py:154} INFO - Started process (PID=3935) to work on /home/airflow/.local/lib/python3.7/site-packages/airflow/example_dags/example_branch_operator.py
[2023-10-06T23:06:48.409+0000] {processor.py:756} INFO - Processing file /home/airflow/.local/lib/python3.7/site-packages/airflow/example_dags/example_branch_operator.py for tasks to queue
[2023-10-06T23:06:48.409+0000] {logging_mixin.py:120} INFO - [2023-10-06T23:06:48.409+0000] {dagbag.py:537} INFO - Filling up the DagBag from /home/airflow/.local/lib/python3.7/site-packages/airflow/example_dags/example_branch_operator.py
[2023-10-06T23:06:48.421+0000] {processor.py:766} INFO - DAG(s) dict_keys(['example_branch_operator']) retrieved from /home/airflow/.local/lib/python3.7/site-packages/airflow/example_dags/example_branch_operator.py
[2023-10-06T23:06:48.451+0000] {logging_mixin.py:120} INFO - [2023-10-06T23:06:48.451+0000] {dag.py:2585} INFO - Sync 1 DAGs
[2023-10-06T23:06:48.468+0000] {logging_mixin.py:120} INFO - [2023-10-06T23:06:48.468+0000] {dag.py:3340} INFO - Setting next_dagrun for example_branch_operator to 2023-10-05T00:00:00+00:00, run_after=2023-10-06T00:00:00+00:00
[2023-10-06T23:06:48.484+0000] {processor.py:176} INFO - Processing /home/airflow/.local/lib/python3.7/site-packages/airflow/example_dags/example_branch_operator.py took 0.078 seconds
[2023-10-06T23:07:18.595+0000] {processor.py:154} INFO - Started process (PID=4000) to work on /home/airflow/.local/lib/python3.7/site-packages/airflow/example_dags/example_branch_operator.py
[2023-10-06T23:07:18.596+0000] {processor.py:756} INFO - Processing file /home/airflow/.local/lib/python3.7/site-packages/airflow/example_dags/example_branch_operator.py for tasks to queue
[2023-10-06T23:07:18.596+0000] {logging_mixin.py:120} INFO - [2023-10-06T23:07:18.596+0000] {dagbag.py:537} INFO - Filling up the DagBag from /home/airflow/.local/lib/python3.7/site-packages/airflow/example_dags/example_branch_operator.py
[2023-10-06T23:07:18.610+0000] {processor.py:766} INFO - DAG(s) dict_keys(['example_branch_operator']) retrieved from /home/airflow/.local/lib/python3.7/site-packages/airflow/example_dags/example_branch_operator.py
[2023-10-06T23:07:18.683+0000] {logging_mixin.py:120} INFO - [2023-10-06T23:07:18.682+0000] {dag.py:2585} INFO - Sync 1 DAGs
[2023-10-06T23:07:18.703+0000] {logging_mixin.py:120} INFO - [2023-10-06T23:07:18.703+0000] {dag.py:3340} INFO - Setting next_dagrun for example_branch_operator to 2023-10-05T00:00:00+00:00, run_after=2023-10-06T00:00:00+00:00
[2023-10-06T23:07:18.718+0000] {processor.py:176} INFO - Processing /home/airflow/.local/lib/python3.7/site-packages/airflow/example_dags/example_branch_operator.py took 0.125 seconds
[2023-10-06T23:07:48.740+0000] {processor.py:154} INFO - Started process (PID=4055) to work on /home/airflow/.local/lib/python3.7/site-packages/airflow/example_dags/example_branch_operator.py
[2023-10-06T23:07:48.743+0000] {processor.py:756} INFO - Processing file /home/airflow/.local/lib/python3.7/site-packages/airflow/example_dags/example_branch_operator.py for tasks to queue
[2023-10-06T23:07:48.744+0000] {logging_mixin.py:120} INFO - [2023-10-06T23:07:48.744+0000] {dagbag.py:537} INFO - Filling up the DagBag from /home/airflow/.local/lib/python3.7/site-packages/airflow/example_dags/example_branch_operator.py
[2023-10-06T23:07:48.756+0000] {processor.py:766} INFO - DAG(s) dict_keys(['example_branch_operator']) retrieved from /home/airflow/.local/lib/python3.7/site-packages/airflow/example_dags/example_branch_operator.py
[2023-10-06T23:07:48.787+0000] {logging_mixin.py:120} INFO - [2023-10-06T23:07:48.786+0000] {dag.py:2585} INFO - Sync 1 DAGs
[2023-10-06T23:07:48.806+0000] {logging_mixin.py:120} INFO - [2023-10-06T23:07:48.806+0000] {dag.py:3340} INFO - Setting next_dagrun for example_branch_operator to 2023-10-05T00:00:00+00:00, run_after=2023-10-06T00:00:00+00:00
[2023-10-06T23:07:48.822+0000] {processor.py:176} INFO - Processing /home/airflow/.local/lib/python3.7/site-packages/airflow/example_dags/example_branch_operator.py took 0.084 seconds
[2023-10-06T23:08:18.909+0000] {processor.py:154} INFO - Started process (PID=4119) to work on /home/airflow/.local/lib/python3.7/site-packages/airflow/example_dags/example_branch_operator.py
[2023-10-06T23:08:18.913+0000] {processor.py:756} INFO - Processing file /home/airflow/.local/lib/python3.7/site-packages/airflow/example_dags/example_branch_operator.py for tasks to queue
[2023-10-06T23:08:18.913+0000] {logging_mixin.py:120} INFO - [2023-10-06T23:08:18.913+0000] {dagbag.py:537} INFO - Filling up the DagBag from /home/airflow/.local/lib/python3.7/site-packages/airflow/example_dags/example_branch_operator.py
[2023-10-06T23:08:18.924+0000] {processor.py:766} INFO - DAG(s) dict_keys(['example_branch_operator']) retrieved from /home/airflow/.local/lib/python3.7/site-packages/airflow/example_dags/example_branch_operator.py
[2023-10-06T23:08:18.955+0000] {logging_mixin.py:120} INFO - [2023-10-06T23:08:18.955+0000] {dag.py:2585} INFO - Sync 1 DAGs
[2023-10-06T23:08:18.972+0000] {logging_mixin.py:120} INFO - [2023-10-06T23:08:18.971+0000] {dag.py:3340} INFO - Setting next_dagrun for example_branch_operator to 2023-10-05T00:00:00+00:00, run_after=2023-10-06T00:00:00+00:00
[2023-10-06T23:08:18.985+0000] {processor.py:176} INFO - Processing /home/airflow/.local/lib/python3.7/site-packages/airflow/example_dags/example_branch_operator.py took 0.078 seconds
[2023-10-06T23:08:49.139+0000] {processor.py:154} INFO - Started process (PID=4183) to work on /home/airflow/.local/lib/python3.7/site-packages/airflow/example_dags/example_branch_operator.py
[2023-10-06T23:08:49.140+0000] {processor.py:756} INFO - Processing file /home/airflow/.local/lib/python3.7/site-packages/airflow/example_dags/example_branch_operator.py for tasks to queue
[2023-10-06T23:08:49.140+0000] {logging_mixin.py:120} INFO - [2023-10-06T23:08:49.140+0000] {dagbag.py:537} INFO - Filling up the DagBag from /home/airflow/.local/lib/python3.7/site-packages/airflow/example_dags/example_branch_operator.py
[2023-10-06T23:08:49.151+0000] {processor.py:766} INFO - DAG(s) dict_keys(['example_branch_operator']) retrieved from /home/airflow/.local/lib/python3.7/site-packages/airflow/example_dags/example_branch_operator.py
[2023-10-06T23:08:49.185+0000] {logging_mixin.py:120} INFO - [2023-10-06T23:08:49.185+0000] {dag.py:2585} INFO - Sync 1 DAGs
[2023-10-06T23:08:49.202+0000] {logging_mixin.py:120} INFO - [2023-10-06T23:08:49.202+0000] {dag.py:3340} INFO - Setting next_dagrun for example_branch_operator to 2023-10-05T00:00:00+00:00, run_after=2023-10-06T00:00:00+00:00
[2023-10-06T23:08:49.219+0000] {processor.py:176} INFO - Processing /home/airflow/.local/lib/python3.7/site-packages/airflow/example_dags/example_branch_operator.py took 0.082 seconds
