[2023-10-06T22:34:55.495+0000] {processor.py:154} INFO - Started process (PID=76) to work on /home/airflow/.local/lib/python3.7/site-packages/airflow/example_dags/example_trigger_target_dag.py
[2023-10-06T22:34:55.495+0000] {processor.py:756} INFO - Processing file /home/airflow/.local/lib/python3.7/site-packages/airflow/example_dags/example_trigger_target_dag.py for tasks to queue
[2023-10-06T22:34:55.496+0000] {logging_mixin.py:120} INFO - [2023-10-06T22:34:55.496+0000] {dagbag.py:537} INFO - Filling up the DagBag from /home/airflow/.local/lib/python3.7/site-packages/airflow/example_dags/example_trigger_target_dag.py
[2023-10-06T22:34:55.515+0000] {processor.py:766} INFO - DAG(s) dict_keys(['example_trigger_target_dag']) retrieved from /home/airflow/.local/lib/python3.7/site-packages/airflow/example_dags/example_trigger_target_dag.py
[2023-10-06T22:34:55.548+0000] {logging_mixin.py:120} INFO - [2023-10-06T22:34:55.548+0000] {dag.py:2585} INFO - Sync 1 DAGs
[2023-10-06T22:34:55.568+0000] {logging_mixin.py:120} INFO - [2023-10-06T22:34:55.568+0000] {dag.py:3340} INFO - Setting next_dagrun for example_trigger_target_dag to None, run_after=None
[2023-10-06T22:34:55.586+0000] {processor.py:176} INFO - Processing /home/airflow/.local/lib/python3.7/site-packages/airflow/example_dags/example_trigger_target_dag.py took 0.093 seconds
[2023-10-06T22:35:26.508+0000] {processor.py:154} INFO - Started process (PID=139) to work on /home/airflow/.local/lib/python3.7/site-packages/airflow/example_dags/example_trigger_target_dag.py
[2023-10-06T22:35:26.509+0000] {processor.py:756} INFO - Processing file /home/airflow/.local/lib/python3.7/site-packages/airflow/example_dags/example_trigger_target_dag.py for tasks to queue
[2023-10-06T22:35:26.509+0000] {logging_mixin.py:120} INFO - [2023-10-06T22:35:26.509+0000] {dagbag.py:537} INFO - Filling up the DagBag from /home/airflow/.local/lib/python3.7/site-packages/airflow/example_dags/example_trigger_target_dag.py
[2023-10-06T22:35:26.522+0000] {processor.py:766} INFO - DAG(s) dict_keys(['example_trigger_target_dag']) retrieved from /home/airflow/.local/lib/python3.7/site-packages/airflow/example_dags/example_trigger_target_dag.py
[2023-10-06T22:35:26.541+0000] {logging_mixin.py:120} INFO - [2023-10-06T22:35:26.540+0000] {dag.py:2585} INFO - Sync 1 DAGs
[2023-10-06T22:35:26.558+0000] {logging_mixin.py:120} INFO - [2023-10-06T22:35:26.558+0000] {dag.py:3340} INFO - Setting next_dagrun for example_trigger_target_dag to None, run_after=None
[2023-10-06T22:35:26.572+0000] {processor.py:176} INFO - Processing /home/airflow/.local/lib/python3.7/site-packages/airflow/example_dags/example_trigger_target_dag.py took 0.066 seconds
[2023-10-06T22:35:56.710+0000] {processor.py:154} INFO - Started process (PID=202) to work on /home/airflow/.local/lib/python3.7/site-packages/airflow/example_dags/example_trigger_target_dag.py
[2023-10-06T22:35:56.711+0000] {processor.py:756} INFO - Processing file /home/airflow/.local/lib/python3.7/site-packages/airflow/example_dags/example_trigger_target_dag.py for tasks to queue
[2023-10-06T22:35:56.711+0000] {logging_mixin.py:120} INFO - [2023-10-06T22:35:56.711+0000] {dagbag.py:537} INFO - Filling up the DagBag from /home/airflow/.local/lib/python3.7/site-packages/airflow/example_dags/example_trigger_target_dag.py
[2023-10-06T22:35:56.726+0000] {processor.py:766} INFO - DAG(s) dict_keys(['example_trigger_target_dag']) retrieved from /home/airflow/.local/lib/python3.7/site-packages/airflow/example_dags/example_trigger_target_dag.py
[2023-10-06T22:35:56.756+0000] {logging_mixin.py:120} INFO - [2023-10-06T22:35:56.756+0000] {dag.py:2585} INFO - Sync 1 DAGs
[2023-10-06T22:35:56.774+0000] {logging_mixin.py:120} INFO - [2023-10-06T22:35:56.773+0000] {dag.py:3340} INFO - Setting next_dagrun for example_trigger_target_dag to None, run_after=None
[2023-10-06T22:35:56.788+0000] {processor.py:176} INFO - Processing /home/airflow/.local/lib/python3.7/site-packages/airflow/example_dags/example_trigger_target_dag.py took 0.080 seconds
[2023-10-06T22:36:27.018+0000] {processor.py:154} INFO - Started process (PID=265) to work on /home/airflow/.local/lib/python3.7/site-packages/airflow/example_dags/example_trigger_target_dag.py
[2023-10-06T22:36:27.019+0000] {processor.py:756} INFO - Processing file /home/airflow/.local/lib/python3.7/site-packages/airflow/example_dags/example_trigger_target_dag.py for tasks to queue
[2023-10-06T22:36:27.019+0000] {logging_mixin.py:120} INFO - [2023-10-06T22:36:27.019+0000] {dagbag.py:537} INFO - Filling up the DagBag from /home/airflow/.local/lib/python3.7/site-packages/airflow/example_dags/example_trigger_target_dag.py
[2023-10-06T22:36:27.035+0000] {processor.py:766} INFO - DAG(s) dict_keys(['example_trigger_target_dag']) retrieved from /home/airflow/.local/lib/python3.7/site-packages/airflow/example_dags/example_trigger_target_dag.py
[2023-10-06T22:36:27.064+0000] {logging_mixin.py:120} INFO - [2023-10-06T22:36:27.064+0000] {dag.py:2585} INFO - Sync 1 DAGs
[2023-10-06T22:36:27.083+0000] {logging_mixin.py:120} INFO - [2023-10-06T22:36:27.082+0000] {dag.py:3340} INFO - Setting next_dagrun for example_trigger_target_dag to None, run_after=None
[2023-10-06T22:36:27.099+0000] {processor.py:176} INFO - Processing /home/airflow/.local/lib/python3.7/site-packages/airflow/example_dags/example_trigger_target_dag.py took 0.083 seconds
[2023-10-06T22:36:57.965+0000] {processor.py:154} INFO - Started process (PID=320) to work on /home/airflow/.local/lib/python3.7/site-packages/airflow/example_dags/example_trigger_target_dag.py
[2023-10-06T22:36:57.966+0000] {processor.py:756} INFO - Processing file /home/airflow/.local/lib/python3.7/site-packages/airflow/example_dags/example_trigger_target_dag.py for tasks to queue
[2023-10-06T22:36:57.967+0000] {logging_mixin.py:120} INFO - [2023-10-06T22:36:57.967+0000] {dagbag.py:537} INFO - Filling up the DagBag from /home/airflow/.local/lib/python3.7/site-packages/airflow/example_dags/example_trigger_target_dag.py
[2023-10-06T22:36:57.991+0000] {processor.py:766} INFO - DAG(s) dict_keys(['example_trigger_target_dag']) retrieved from /home/airflow/.local/lib/python3.7/site-packages/airflow/example_dags/example_trigger_target_dag.py
[2023-10-06T22:36:58.025+0000] {logging_mixin.py:120} INFO - [2023-10-06T22:36:58.024+0000] {dag.py:2585} INFO - Sync 1 DAGs
[2023-10-06T22:36:58.045+0000] {logging_mixin.py:120} INFO - [2023-10-06T22:36:58.045+0000] {dag.py:3340} INFO - Setting next_dagrun for example_trigger_target_dag to None, run_after=None
[2023-10-06T22:36:58.063+0000] {processor.py:176} INFO - Processing /home/airflow/.local/lib/python3.7/site-packages/airflow/example_dags/example_trigger_target_dag.py took 0.100 seconds
[2023-10-06T22:37:28.826+0000] {processor.py:154} INFO - Started process (PID=383) to work on /home/airflow/.local/lib/python3.7/site-packages/airflow/example_dags/example_trigger_target_dag.py
[2023-10-06T22:37:28.827+0000] {processor.py:756} INFO - Processing file /home/airflow/.local/lib/python3.7/site-packages/airflow/example_dags/example_trigger_target_dag.py for tasks to queue
[2023-10-06T22:37:28.827+0000] {logging_mixin.py:120} INFO - [2023-10-06T22:37:28.827+0000] {dagbag.py:537} INFO - Filling up the DagBag from /home/airflow/.local/lib/python3.7/site-packages/airflow/example_dags/example_trigger_target_dag.py
[2023-10-06T22:37:28.845+0000] {processor.py:766} INFO - DAG(s) dict_keys(['example_trigger_target_dag']) retrieved from /home/airflow/.local/lib/python3.7/site-packages/airflow/example_dags/example_trigger_target_dag.py
[2023-10-06T22:37:28.885+0000] {logging_mixin.py:120} INFO - [2023-10-06T22:37:28.885+0000] {dag.py:2585} INFO - Sync 1 DAGs
[2023-10-06T22:37:28.909+0000] {logging_mixin.py:120} INFO - [2023-10-06T22:37:28.908+0000] {dag.py:3340} INFO - Setting next_dagrun for example_trigger_target_dag to None, run_after=None
[2023-10-06T22:37:28.925+0000] {processor.py:176} INFO - Processing /home/airflow/.local/lib/python3.7/site-packages/airflow/example_dags/example_trigger_target_dag.py took 0.101 seconds
[2023-10-06T22:37:59.155+0000] {processor.py:154} INFO - Started process (PID=447) to work on /home/airflow/.local/lib/python3.7/site-packages/airflow/example_dags/example_trigger_target_dag.py
[2023-10-06T22:37:59.157+0000] {processor.py:756} INFO - Processing file /home/airflow/.local/lib/python3.7/site-packages/airflow/example_dags/example_trigger_target_dag.py for tasks to queue
[2023-10-06T22:37:59.158+0000] {logging_mixin.py:120} INFO - [2023-10-06T22:37:59.157+0000] {dagbag.py:537} INFO - Filling up the DagBag from /home/airflow/.local/lib/python3.7/site-packages/airflow/example_dags/example_trigger_target_dag.py
[2023-10-06T22:37:59.174+0000] {processor.py:766} INFO - DAG(s) dict_keys(['example_trigger_target_dag']) retrieved from /home/airflow/.local/lib/python3.7/site-packages/airflow/example_dags/example_trigger_target_dag.py
[2023-10-06T22:37:59.206+0000] {logging_mixin.py:120} INFO - [2023-10-06T22:37:59.206+0000] {dag.py:2585} INFO - Sync 1 DAGs
[2023-10-06T22:37:59.223+0000] {logging_mixin.py:120} INFO - [2023-10-06T22:37:59.223+0000] {dag.py:3340} INFO - Setting next_dagrun for example_trigger_target_dag to None, run_after=None
[2023-10-06T22:37:59.236+0000] {processor.py:176} INFO - Processing /home/airflow/.local/lib/python3.7/site-packages/airflow/example_dags/example_trigger_target_dag.py took 0.085 seconds
[2023-10-06T22:38:29.914+0000] {processor.py:154} INFO - Started process (PID=511) to work on /home/airflow/.local/lib/python3.7/site-packages/airflow/example_dags/example_trigger_target_dag.py
[2023-10-06T22:38:29.915+0000] {processor.py:756} INFO - Processing file /home/airflow/.local/lib/python3.7/site-packages/airflow/example_dags/example_trigger_target_dag.py for tasks to queue
[2023-10-06T22:38:29.915+0000] {logging_mixin.py:120} INFO - [2023-10-06T22:38:29.915+0000] {dagbag.py:537} INFO - Filling up the DagBag from /home/airflow/.local/lib/python3.7/site-packages/airflow/example_dags/example_trigger_target_dag.py
[2023-10-06T22:38:29.933+0000] {processor.py:766} INFO - DAG(s) dict_keys(['example_trigger_target_dag']) retrieved from /home/airflow/.local/lib/python3.7/site-packages/airflow/example_dags/example_trigger_target_dag.py
[2023-10-06T22:38:29.966+0000] {logging_mixin.py:120} INFO - [2023-10-06T22:38:29.966+0000] {dag.py:2585} INFO - Sync 1 DAGs
[2023-10-06T22:38:29.985+0000] {logging_mixin.py:120} INFO - [2023-10-06T22:38:29.985+0000] {dag.py:3340} INFO - Setting next_dagrun for example_trigger_target_dag to None, run_after=None
[2023-10-06T22:38:29.999+0000] {processor.py:176} INFO - Processing /home/airflow/.local/lib/python3.7/site-packages/airflow/example_dags/example_trigger_target_dag.py took 0.088 seconds
[2023-10-06T22:39:00.515+0000] {processor.py:154} INFO - Started process (PID=565) to work on /home/airflow/.local/lib/python3.7/site-packages/airflow/example_dags/example_trigger_target_dag.py
[2023-10-06T22:39:00.516+0000] {processor.py:756} INFO - Processing file /home/airflow/.local/lib/python3.7/site-packages/airflow/example_dags/example_trigger_target_dag.py for tasks to queue
[2023-10-06T22:39:00.517+0000] {logging_mixin.py:120} INFO - [2023-10-06T22:39:00.517+0000] {dagbag.py:537} INFO - Filling up the DagBag from /home/airflow/.local/lib/python3.7/site-packages/airflow/example_dags/example_trigger_target_dag.py
[2023-10-06T22:39:00.540+0000] {processor.py:766} INFO - DAG(s) dict_keys(['example_trigger_target_dag']) retrieved from /home/airflow/.local/lib/python3.7/site-packages/airflow/example_dags/example_trigger_target_dag.py
[2023-10-06T22:39:00.597+0000] {logging_mixin.py:120} INFO - [2023-10-06T22:39:00.596+0000] {dag.py:2585} INFO - Sync 1 DAGs
[2023-10-06T22:39:00.625+0000] {logging_mixin.py:120} INFO - [2023-10-06T22:39:00.624+0000] {dag.py:3340} INFO - Setting next_dagrun for example_trigger_target_dag to None, run_after=None
[2023-10-06T22:39:00.645+0000] {processor.py:176} INFO - Processing /home/airflow/.local/lib/python3.7/site-packages/airflow/example_dags/example_trigger_target_dag.py took 0.133 seconds
[2023-10-06T22:39:31.841+0000] {processor.py:154} INFO - Started process (PID=630) to work on /home/airflow/.local/lib/python3.7/site-packages/airflow/example_dags/example_trigger_target_dag.py
[2023-10-06T22:39:31.842+0000] {processor.py:756} INFO - Processing file /home/airflow/.local/lib/python3.7/site-packages/airflow/example_dags/example_trigger_target_dag.py for tasks to queue
[2023-10-06T22:39:31.843+0000] {logging_mixin.py:120} INFO - [2023-10-06T22:39:31.843+0000] {dagbag.py:537} INFO - Filling up the DagBag from /home/airflow/.local/lib/python3.7/site-packages/airflow/example_dags/example_trigger_target_dag.py
[2023-10-06T22:39:31.863+0000] {processor.py:766} INFO - DAG(s) dict_keys(['example_trigger_target_dag']) retrieved from /home/airflow/.local/lib/python3.7/site-packages/airflow/example_dags/example_trigger_target_dag.py
[2023-10-06T22:39:31.899+0000] {logging_mixin.py:120} INFO - [2023-10-06T22:39:31.899+0000] {dag.py:2585} INFO - Sync 1 DAGs
[2023-10-06T22:39:31.920+0000] {logging_mixin.py:120} INFO - [2023-10-06T22:39:31.920+0000] {dag.py:3340} INFO - Setting next_dagrun for example_trigger_target_dag to None, run_after=None
[2023-10-06T22:39:31.938+0000] {processor.py:176} INFO - Processing /home/airflow/.local/lib/python3.7/site-packages/airflow/example_dags/example_trigger_target_dag.py took 0.099 seconds
[2023-10-06T22:40:02.677+0000] {processor.py:154} INFO - Started process (PID=693) to work on /home/airflow/.local/lib/python3.7/site-packages/airflow/example_dags/example_trigger_target_dag.py
[2023-10-06T22:40:02.678+0000] {processor.py:756} INFO - Processing file /home/airflow/.local/lib/python3.7/site-packages/airflow/example_dags/example_trigger_target_dag.py for tasks to queue
[2023-10-06T22:40:02.679+0000] {logging_mixin.py:120} INFO - [2023-10-06T22:40:02.679+0000] {dagbag.py:537} INFO - Filling up the DagBag from /home/airflow/.local/lib/python3.7/site-packages/airflow/example_dags/example_trigger_target_dag.py
[2023-10-06T22:40:02.703+0000] {processor.py:766} INFO - DAG(s) dict_keys(['example_trigger_target_dag']) retrieved from /home/airflow/.local/lib/python3.7/site-packages/airflow/example_dags/example_trigger_target_dag.py
[2023-10-06T22:40:02.746+0000] {logging_mixin.py:120} INFO - [2023-10-06T22:40:02.746+0000] {dag.py:2585} INFO - Sync 1 DAGs
[2023-10-06T22:40:02.768+0000] {logging_mixin.py:120} INFO - [2023-10-06T22:40:02.768+0000] {dag.py:3340} INFO - Setting next_dagrun for example_trigger_target_dag to None, run_after=None
[2023-10-06T22:40:02.786+0000] {processor.py:176} INFO - Processing /home/airflow/.local/lib/python3.7/site-packages/airflow/example_dags/example_trigger_target_dag.py took 0.112 seconds
[2023-10-06T22:40:33.258+0000] {processor.py:154} INFO - Started process (PID=756) to work on /home/airflow/.local/lib/python3.7/site-packages/airflow/example_dags/example_trigger_target_dag.py
[2023-10-06T22:40:33.259+0000] {processor.py:756} INFO - Processing file /home/airflow/.local/lib/python3.7/site-packages/airflow/example_dags/example_trigger_target_dag.py for tasks to queue
[2023-10-06T22:40:33.260+0000] {logging_mixin.py:120} INFO - [2023-10-06T22:40:33.260+0000] {dagbag.py:537} INFO - Filling up the DagBag from /home/airflow/.local/lib/python3.7/site-packages/airflow/example_dags/example_trigger_target_dag.py
[2023-10-06T22:40:33.280+0000] {processor.py:766} INFO - DAG(s) dict_keys(['example_trigger_target_dag']) retrieved from /home/airflow/.local/lib/python3.7/site-packages/airflow/example_dags/example_trigger_target_dag.py
[2023-10-06T22:40:33.343+0000] {logging_mixin.py:120} INFO - [2023-10-06T22:40:33.343+0000] {dag.py:2585} INFO - Sync 1 DAGs
[2023-10-06T22:40:33.364+0000] {logging_mixin.py:120} INFO - [2023-10-06T22:40:33.364+0000] {dag.py:3340} INFO - Setting next_dagrun for example_trigger_target_dag to None, run_after=None
[2023-10-06T22:40:33.383+0000] {processor.py:176} INFO - Processing /home/airflow/.local/lib/python3.7/site-packages/airflow/example_dags/example_trigger_target_dag.py took 0.127 seconds
[2023-10-06T22:41:03.786+0000] {processor.py:154} INFO - Started process (PID=810) to work on /home/airflow/.local/lib/python3.7/site-packages/airflow/example_dags/example_trigger_target_dag.py
[2023-10-06T22:41:03.787+0000] {processor.py:756} INFO - Processing file /home/airflow/.local/lib/python3.7/site-packages/airflow/example_dags/example_trigger_target_dag.py for tasks to queue
[2023-10-06T22:41:03.787+0000] {logging_mixin.py:120} INFO - [2023-10-06T22:41:03.787+0000] {dagbag.py:537} INFO - Filling up the DagBag from /home/airflow/.local/lib/python3.7/site-packages/airflow/example_dags/example_trigger_target_dag.py
[2023-10-06T22:41:03.803+0000] {processor.py:766} INFO - DAG(s) dict_keys(['example_trigger_target_dag']) retrieved from /home/airflow/.local/lib/python3.7/site-packages/airflow/example_dags/example_trigger_target_dag.py
[2023-10-06T22:41:03.836+0000] {logging_mixin.py:120} INFO - [2023-10-06T22:41:03.835+0000] {dag.py:2585} INFO - Sync 1 DAGs
[2023-10-06T22:41:03.854+0000] {logging_mixin.py:120} INFO - [2023-10-06T22:41:03.854+0000] {dag.py:3340} INFO - Setting next_dagrun for example_trigger_target_dag to None, run_after=None
[2023-10-06T22:41:03.873+0000] {processor.py:176} INFO - Processing /home/airflow/.local/lib/python3.7/site-packages/airflow/example_dags/example_trigger_target_dag.py took 0.090 seconds
[2023-10-06T22:41:34.096+0000] {processor.py:154} INFO - Started process (PID=873) to work on /home/airflow/.local/lib/python3.7/site-packages/airflow/example_dags/example_trigger_target_dag.py
[2023-10-06T22:41:34.097+0000] {processor.py:756} INFO - Processing file /home/airflow/.local/lib/python3.7/site-packages/airflow/example_dags/example_trigger_target_dag.py for tasks to queue
[2023-10-06T22:41:34.097+0000] {logging_mixin.py:120} INFO - [2023-10-06T22:41:34.097+0000] {dagbag.py:537} INFO - Filling up the DagBag from /home/airflow/.local/lib/python3.7/site-packages/airflow/example_dags/example_trigger_target_dag.py
[2023-10-06T22:41:34.111+0000] {processor.py:766} INFO - DAG(s) dict_keys(['example_trigger_target_dag']) retrieved from /home/airflow/.local/lib/python3.7/site-packages/airflow/example_dags/example_trigger_target_dag.py
[2023-10-06T22:41:34.141+0000] {logging_mixin.py:120} INFO - [2023-10-06T22:41:34.141+0000] {dag.py:2585} INFO - Sync 1 DAGs
[2023-10-06T22:41:34.159+0000] {logging_mixin.py:120} INFO - [2023-10-06T22:41:34.159+0000] {dag.py:3340} INFO - Setting next_dagrun for example_trigger_target_dag to None, run_after=None
[2023-10-06T22:41:34.173+0000] {processor.py:176} INFO - Processing /home/airflow/.local/lib/python3.7/site-packages/airflow/example_dags/example_trigger_target_dag.py took 0.080 seconds
[2023-10-06T22:42:04.699+0000] {processor.py:154} INFO - Started process (PID=936) to work on /home/airflow/.local/lib/python3.7/site-packages/airflow/example_dags/example_trigger_target_dag.py
[2023-10-06T22:42:04.701+0000] {processor.py:756} INFO - Processing file /home/airflow/.local/lib/python3.7/site-packages/airflow/example_dags/example_trigger_target_dag.py for tasks to queue
[2023-10-06T22:42:04.701+0000] {logging_mixin.py:120} INFO - [2023-10-06T22:42:04.701+0000] {dagbag.py:537} INFO - Filling up the DagBag from /home/airflow/.local/lib/python3.7/site-packages/airflow/example_dags/example_trigger_target_dag.py
[2023-10-06T22:42:04.720+0000] {processor.py:766} INFO - DAG(s) dict_keys(['example_trigger_target_dag']) retrieved from /home/airflow/.local/lib/python3.7/site-packages/airflow/example_dags/example_trigger_target_dag.py
[2023-10-06T22:42:04.756+0000] {logging_mixin.py:120} INFO - [2023-10-06T22:42:04.756+0000] {dag.py:2585} INFO - Sync 1 DAGs
[2023-10-06T22:42:04.775+0000] {logging_mixin.py:120} INFO - [2023-10-06T22:42:04.775+0000] {dag.py:3340} INFO - Setting next_dagrun for example_trigger_target_dag to None, run_after=None
[2023-10-06T22:42:04.798+0000] {processor.py:176} INFO - Processing /home/airflow/.local/lib/python3.7/site-packages/airflow/example_dags/example_trigger_target_dag.py took 0.101 seconds
[2023-10-06T22:42:34.979+0000] {processor.py:154} INFO - Started process (PID=999) to work on /home/airflow/.local/lib/python3.7/site-packages/airflow/example_dags/example_trigger_target_dag.py
[2023-10-06T22:42:34.980+0000] {processor.py:756} INFO - Processing file /home/airflow/.local/lib/python3.7/site-packages/airflow/example_dags/example_trigger_target_dag.py for tasks to queue
[2023-10-06T22:42:34.980+0000] {logging_mixin.py:120} INFO - [2023-10-06T22:42:34.980+0000] {dagbag.py:537} INFO - Filling up the DagBag from /home/airflow/.local/lib/python3.7/site-packages/airflow/example_dags/example_trigger_target_dag.py
[2023-10-06T22:42:34.997+0000] {processor.py:766} INFO - DAG(s) dict_keys(['example_trigger_target_dag']) retrieved from /home/airflow/.local/lib/python3.7/site-packages/airflow/example_dags/example_trigger_target_dag.py
[2023-10-06T22:42:35.032+0000] {logging_mixin.py:120} INFO - [2023-10-06T22:42:35.031+0000] {dag.py:2585} INFO - Sync 1 DAGs
[2023-10-06T22:42:35.052+0000] {logging_mixin.py:120} INFO - [2023-10-06T22:42:35.052+0000] {dag.py:3340} INFO - Setting next_dagrun for example_trigger_target_dag to None, run_after=None
[2023-10-06T22:42:35.073+0000] {processor.py:176} INFO - Processing /home/airflow/.local/lib/python3.7/site-packages/airflow/example_dags/example_trigger_target_dag.py took 0.097 seconds
[2023-10-06T22:43:05.329+0000] {processor.py:154} INFO - Started process (PID=1054) to work on /home/airflow/.local/lib/python3.7/site-packages/airflow/example_dags/example_trigger_target_dag.py
[2023-10-06T22:43:05.330+0000] {processor.py:756} INFO - Processing file /home/airflow/.local/lib/python3.7/site-packages/airflow/example_dags/example_trigger_target_dag.py for tasks to queue
[2023-10-06T22:43:05.331+0000] {logging_mixin.py:120} INFO - [2023-10-06T22:43:05.331+0000] {dagbag.py:537} INFO - Filling up the DagBag from /home/airflow/.local/lib/python3.7/site-packages/airflow/example_dags/example_trigger_target_dag.py
[2023-10-06T22:43:05.346+0000] {processor.py:766} INFO - DAG(s) dict_keys(['example_trigger_target_dag']) retrieved from /home/airflow/.local/lib/python3.7/site-packages/airflow/example_dags/example_trigger_target_dag.py
[2023-10-06T22:43:05.377+0000] {logging_mixin.py:120} INFO - [2023-10-06T22:43:05.376+0000] {dag.py:2585} INFO - Sync 1 DAGs
[2023-10-06T22:43:05.394+0000] {logging_mixin.py:120} INFO - [2023-10-06T22:43:05.394+0000] {dag.py:3340} INFO - Setting next_dagrun for example_trigger_target_dag to None, run_after=None
[2023-10-06T22:43:05.410+0000] {processor.py:176} INFO - Processing /home/airflow/.local/lib/python3.7/site-packages/airflow/example_dags/example_trigger_target_dag.py took 0.082 seconds
[2023-10-06T22:43:35.752+0000] {processor.py:154} INFO - Started process (PID=1118) to work on /home/airflow/.local/lib/python3.7/site-packages/airflow/example_dags/example_trigger_target_dag.py
[2023-10-06T22:43:35.753+0000] {processor.py:756} INFO - Processing file /home/airflow/.local/lib/python3.7/site-packages/airflow/example_dags/example_trigger_target_dag.py for tasks to queue
[2023-10-06T22:43:35.753+0000] {logging_mixin.py:120} INFO - [2023-10-06T22:43:35.753+0000] {dagbag.py:537} INFO - Filling up the DagBag from /home/airflow/.local/lib/python3.7/site-packages/airflow/example_dags/example_trigger_target_dag.py
[2023-10-06T22:43:35.767+0000] {processor.py:766} INFO - DAG(s) dict_keys(['example_trigger_target_dag']) retrieved from /home/airflow/.local/lib/python3.7/site-packages/airflow/example_dags/example_trigger_target_dag.py
[2023-10-06T22:43:35.795+0000] {logging_mixin.py:120} INFO - [2023-10-06T22:43:35.795+0000] {dag.py:2585} INFO - Sync 1 DAGs
[2023-10-06T22:43:35.811+0000] {logging_mixin.py:120} INFO - [2023-10-06T22:43:35.811+0000] {dag.py:3340} INFO - Setting next_dagrun for example_trigger_target_dag to None, run_after=None
[2023-10-06T22:43:35.825+0000] {processor.py:176} INFO - Processing /home/airflow/.local/lib/python3.7/site-packages/airflow/example_dags/example_trigger_target_dag.py took 0.075 seconds
[2023-10-06T22:44:06.045+0000] {processor.py:154} INFO - Started process (PID=1180) to work on /home/airflow/.local/lib/python3.7/site-packages/airflow/example_dags/example_trigger_target_dag.py
[2023-10-06T22:44:06.046+0000] {processor.py:756} INFO - Processing file /home/airflow/.local/lib/python3.7/site-packages/airflow/example_dags/example_trigger_target_dag.py for tasks to queue
[2023-10-06T22:44:06.046+0000] {logging_mixin.py:120} INFO - [2023-10-06T22:44:06.046+0000] {dagbag.py:537} INFO - Filling up the DagBag from /home/airflow/.local/lib/python3.7/site-packages/airflow/example_dags/example_trigger_target_dag.py
[2023-10-06T22:44:06.061+0000] {processor.py:766} INFO - DAG(s) dict_keys(['example_trigger_target_dag']) retrieved from /home/airflow/.local/lib/python3.7/site-packages/airflow/example_dags/example_trigger_target_dag.py
[2023-10-06T22:44:06.090+0000] {logging_mixin.py:120} INFO - [2023-10-06T22:44:06.090+0000] {dag.py:2585} INFO - Sync 1 DAGs
[2023-10-06T22:44:06.106+0000] {logging_mixin.py:120} INFO - [2023-10-06T22:44:06.106+0000] {dag.py:3340} INFO - Setting next_dagrun for example_trigger_target_dag to None, run_after=None
[2023-10-06T22:44:06.120+0000] {processor.py:176} INFO - Processing /home/airflow/.local/lib/python3.7/site-packages/airflow/example_dags/example_trigger_target_dag.py took 0.078 seconds
[2023-10-06T22:44:36.407+0000] {processor.py:154} INFO - Started process (PID=1244) to work on /home/airflow/.local/lib/python3.7/site-packages/airflow/example_dags/example_trigger_target_dag.py
[2023-10-06T22:44:36.408+0000] {processor.py:756} INFO - Processing file /home/airflow/.local/lib/python3.7/site-packages/airflow/example_dags/example_trigger_target_dag.py for tasks to queue
[2023-10-06T22:44:36.409+0000] {logging_mixin.py:120} INFO - [2023-10-06T22:44:36.409+0000] {dagbag.py:537} INFO - Filling up the DagBag from /home/airflow/.local/lib/python3.7/site-packages/airflow/example_dags/example_trigger_target_dag.py
[2023-10-06T22:44:36.424+0000] {processor.py:766} INFO - DAG(s) dict_keys(['example_trigger_target_dag']) retrieved from /home/airflow/.local/lib/python3.7/site-packages/airflow/example_dags/example_trigger_target_dag.py
[2023-10-06T22:44:36.461+0000] {logging_mixin.py:120} INFO - [2023-10-06T22:44:36.461+0000] {dag.py:2585} INFO - Sync 1 DAGs
[2023-10-06T22:44:36.481+0000] {logging_mixin.py:120} INFO - [2023-10-06T22:44:36.480+0000] {dag.py:3340} INFO - Setting next_dagrun for example_trigger_target_dag to None, run_after=None
[2023-10-06T22:44:36.498+0000] {processor.py:176} INFO - Processing /home/airflow/.local/lib/python3.7/site-packages/airflow/example_dags/example_trigger_target_dag.py took 0.094 seconds
[2023-10-06T22:45:06.760+0000] {processor.py:154} INFO - Started process (PID=1299) to work on /home/airflow/.local/lib/python3.7/site-packages/airflow/example_dags/example_trigger_target_dag.py
[2023-10-06T22:45:06.761+0000] {processor.py:756} INFO - Processing file /home/airflow/.local/lib/python3.7/site-packages/airflow/example_dags/example_trigger_target_dag.py for tasks to queue
[2023-10-06T22:45:06.761+0000] {logging_mixin.py:120} INFO - [2023-10-06T22:45:06.761+0000] {dagbag.py:537} INFO - Filling up the DagBag from /home/airflow/.local/lib/python3.7/site-packages/airflow/example_dags/example_trigger_target_dag.py
[2023-10-06T22:45:06.780+0000] {processor.py:766} INFO - DAG(s) dict_keys(['example_trigger_target_dag']) retrieved from /home/airflow/.local/lib/python3.7/site-packages/airflow/example_dags/example_trigger_target_dag.py
[2023-10-06T22:45:06.815+0000] {logging_mixin.py:120} INFO - [2023-10-06T22:45:06.814+0000] {dag.py:2585} INFO - Sync 1 DAGs
[2023-10-06T22:45:06.834+0000] {logging_mixin.py:120} INFO - [2023-10-06T22:45:06.834+0000] {dag.py:3340} INFO - Setting next_dagrun for example_trigger_target_dag to None, run_after=None
[2023-10-06T22:45:06.851+0000] {processor.py:176} INFO - Processing /home/airflow/.local/lib/python3.7/site-packages/airflow/example_dags/example_trigger_target_dag.py took 0.094 seconds
[2023-10-06T22:45:36.968+0000] {processor.py:154} INFO - Started process (PID=1362) to work on /home/airflow/.local/lib/python3.7/site-packages/airflow/example_dags/example_trigger_target_dag.py
[2023-10-06T22:45:36.968+0000] {processor.py:756} INFO - Processing file /home/airflow/.local/lib/python3.7/site-packages/airflow/example_dags/example_trigger_target_dag.py for tasks to queue
[2023-10-06T22:45:36.969+0000] {logging_mixin.py:120} INFO - [2023-10-06T22:45:36.969+0000] {dagbag.py:537} INFO - Filling up the DagBag from /home/airflow/.local/lib/python3.7/site-packages/airflow/example_dags/example_trigger_target_dag.py
[2023-10-06T22:45:36.983+0000] {processor.py:766} INFO - DAG(s) dict_keys(['example_trigger_target_dag']) retrieved from /home/airflow/.local/lib/python3.7/site-packages/airflow/example_dags/example_trigger_target_dag.py
[2023-10-06T22:45:37.013+0000] {logging_mixin.py:120} INFO - [2023-10-06T22:45:37.013+0000] {dag.py:2585} INFO - Sync 1 DAGs
[2023-10-06T22:45:37.031+0000] {logging_mixin.py:120} INFO - [2023-10-06T22:45:37.031+0000] {dag.py:3340} INFO - Setting next_dagrun for example_trigger_target_dag to None, run_after=None
[2023-10-06T22:45:37.046+0000] {processor.py:176} INFO - Processing /home/airflow/.local/lib/python3.7/site-packages/airflow/example_dags/example_trigger_target_dag.py took 0.080 seconds
[2023-10-06T22:46:07.593+0000] {processor.py:154} INFO - Started process (PID=1427) to work on /home/airflow/.local/lib/python3.7/site-packages/airflow/example_dags/example_trigger_target_dag.py
[2023-10-06T22:46:07.593+0000] {processor.py:756} INFO - Processing file /home/airflow/.local/lib/python3.7/site-packages/airflow/example_dags/example_trigger_target_dag.py for tasks to queue
[2023-10-06T22:46:07.594+0000] {logging_mixin.py:120} INFO - [2023-10-06T22:46:07.594+0000] {dagbag.py:537} INFO - Filling up the DagBag from /home/airflow/.local/lib/python3.7/site-packages/airflow/example_dags/example_trigger_target_dag.py
[2023-10-06T22:46:07.609+0000] {processor.py:766} INFO - DAG(s) dict_keys(['example_trigger_target_dag']) retrieved from /home/airflow/.local/lib/python3.7/site-packages/airflow/example_dags/example_trigger_target_dag.py
[2023-10-06T22:46:07.640+0000] {logging_mixin.py:120} INFO - [2023-10-06T22:46:07.640+0000] {dag.py:2585} INFO - Sync 1 DAGs
[2023-10-06T22:46:07.658+0000] {logging_mixin.py:120} INFO - [2023-10-06T22:46:07.657+0000] {dag.py:3340} INFO - Setting next_dagrun for example_trigger_target_dag to None, run_after=None
[2023-10-06T22:46:07.672+0000] {processor.py:176} INFO - Processing /home/airflow/.local/lib/python3.7/site-packages/airflow/example_dags/example_trigger_target_dag.py took 0.082 seconds
[2023-10-06T22:46:38.011+0000] {processor.py:154} INFO - Started process (PID=1492) to work on /home/airflow/.local/lib/python3.7/site-packages/airflow/example_dags/example_trigger_target_dag.py
[2023-10-06T22:46:38.012+0000] {processor.py:756} INFO - Processing file /home/airflow/.local/lib/python3.7/site-packages/airflow/example_dags/example_trigger_target_dag.py for tasks to queue
[2023-10-06T22:46:38.012+0000] {logging_mixin.py:120} INFO - [2023-10-06T22:46:38.012+0000] {dagbag.py:537} INFO - Filling up the DagBag from /home/airflow/.local/lib/python3.7/site-packages/airflow/example_dags/example_trigger_target_dag.py
[2023-10-06T22:46:38.028+0000] {processor.py:766} INFO - DAG(s) dict_keys(['example_trigger_target_dag']) retrieved from /home/airflow/.local/lib/python3.7/site-packages/airflow/example_dags/example_trigger_target_dag.py
[2023-10-06T22:46:38.059+0000] {logging_mixin.py:120} INFO - [2023-10-06T22:46:38.059+0000] {dag.py:2585} INFO - Sync 1 DAGs
[2023-10-06T22:46:38.076+0000] {logging_mixin.py:120} INFO - [2023-10-06T22:46:38.076+0000] {dag.py:3340} INFO - Setting next_dagrun for example_trigger_target_dag to None, run_after=None
[2023-10-06T22:46:38.091+0000] {processor.py:176} INFO - Processing /home/airflow/.local/lib/python3.7/site-packages/airflow/example_dags/example_trigger_target_dag.py took 0.082 seconds
[2023-10-06T22:47:08.370+0000] {processor.py:154} INFO - Started process (PID=1547) to work on /home/airflow/.local/lib/python3.7/site-packages/airflow/example_dags/example_trigger_target_dag.py
[2023-10-06T22:47:08.371+0000] {processor.py:756} INFO - Processing file /home/airflow/.local/lib/python3.7/site-packages/airflow/example_dags/example_trigger_target_dag.py for tasks to queue
[2023-10-06T22:47:08.372+0000] {logging_mixin.py:120} INFO - [2023-10-06T22:47:08.372+0000] {dagbag.py:537} INFO - Filling up the DagBag from /home/airflow/.local/lib/python3.7/site-packages/airflow/example_dags/example_trigger_target_dag.py
[2023-10-06T22:47:08.386+0000] {processor.py:766} INFO - DAG(s) dict_keys(['example_trigger_target_dag']) retrieved from /home/airflow/.local/lib/python3.7/site-packages/airflow/example_dags/example_trigger_target_dag.py
[2023-10-06T22:47:08.417+0000] {logging_mixin.py:120} INFO - [2023-10-06T22:47:08.417+0000] {dag.py:2585} INFO - Sync 1 DAGs
[2023-10-06T22:47:08.436+0000] {logging_mixin.py:120} INFO - [2023-10-06T22:47:08.436+0000] {dag.py:3340} INFO - Setting next_dagrun for example_trigger_target_dag to None, run_after=None
[2023-10-06T22:47:08.452+0000] {processor.py:176} INFO - Processing /home/airflow/.local/lib/python3.7/site-packages/airflow/example_dags/example_trigger_target_dag.py took 0.083 seconds
[2023-10-06T22:47:38.698+0000] {processor.py:154} INFO - Started process (PID=1610) to work on /home/airflow/.local/lib/python3.7/site-packages/airflow/example_dags/example_trigger_target_dag.py
[2023-10-06T22:47:38.699+0000] {processor.py:756} INFO - Processing file /home/airflow/.local/lib/python3.7/site-packages/airflow/example_dags/example_trigger_target_dag.py for tasks to queue
[2023-10-06T22:47:38.699+0000] {logging_mixin.py:120} INFO - [2023-10-06T22:47:38.699+0000] {dagbag.py:537} INFO - Filling up the DagBag from /home/airflow/.local/lib/python3.7/site-packages/airflow/example_dags/example_trigger_target_dag.py
[2023-10-06T22:47:38.715+0000] {processor.py:766} INFO - DAG(s) dict_keys(['example_trigger_target_dag']) retrieved from /home/airflow/.local/lib/python3.7/site-packages/airflow/example_dags/example_trigger_target_dag.py
[2023-10-06T22:47:38.759+0000] {logging_mixin.py:120} INFO - [2023-10-06T22:47:38.758+0000] {dag.py:2585} INFO - Sync 1 DAGs
[2023-10-06T22:47:38.782+0000] {logging_mixin.py:120} INFO - [2023-10-06T22:47:38.782+0000] {dag.py:3340} INFO - Setting next_dagrun for example_trigger_target_dag to None, run_after=None
[2023-10-06T22:47:38.801+0000] {processor.py:176} INFO - Processing /home/airflow/.local/lib/python3.7/site-packages/airflow/example_dags/example_trigger_target_dag.py took 0.105 seconds
[2023-10-06T22:48:09.115+0000] {processor.py:154} INFO - Started process (PID=1674) to work on /home/airflow/.local/lib/python3.7/site-packages/airflow/example_dags/example_trigger_target_dag.py
[2023-10-06T22:48:09.116+0000] {processor.py:756} INFO - Processing file /home/airflow/.local/lib/python3.7/site-packages/airflow/example_dags/example_trigger_target_dag.py for tasks to queue
[2023-10-06T22:48:09.116+0000] {logging_mixin.py:120} INFO - [2023-10-06T22:48:09.116+0000] {dagbag.py:537} INFO - Filling up the DagBag from /home/airflow/.local/lib/python3.7/site-packages/airflow/example_dags/example_trigger_target_dag.py
[2023-10-06T22:48:09.129+0000] {processor.py:766} INFO - DAG(s) dict_keys(['example_trigger_target_dag']) retrieved from /home/airflow/.local/lib/python3.7/site-packages/airflow/example_dags/example_trigger_target_dag.py
[2023-10-06T22:48:09.159+0000] {logging_mixin.py:120} INFO - [2023-10-06T22:48:09.159+0000] {dag.py:2585} INFO - Sync 1 DAGs
[2023-10-06T22:48:09.175+0000] {logging_mixin.py:120} INFO - [2023-10-06T22:48:09.175+0000] {dag.py:3340} INFO - Setting next_dagrun for example_trigger_target_dag to None, run_after=None
[2023-10-06T22:48:09.190+0000] {processor.py:176} INFO - Processing /home/airflow/.local/lib/python3.7/site-packages/airflow/example_dags/example_trigger_target_dag.py took 0.078 seconds
[2023-10-06T22:48:39.776+0000] {processor.py:154} INFO - Started process (PID=1737) to work on /home/airflow/.local/lib/python3.7/site-packages/airflow/example_dags/example_trigger_target_dag.py
[2023-10-06T22:48:39.776+0000] {processor.py:756} INFO - Processing file /home/airflow/.local/lib/python3.7/site-packages/airflow/example_dags/example_trigger_target_dag.py for tasks to queue
[2023-10-06T22:48:39.777+0000] {logging_mixin.py:120} INFO - [2023-10-06T22:48:39.777+0000] {dagbag.py:537} INFO - Filling up the DagBag from /home/airflow/.local/lib/python3.7/site-packages/airflow/example_dags/example_trigger_target_dag.py
[2023-10-06T22:48:39.790+0000] {processor.py:766} INFO - DAG(s) dict_keys(['example_trigger_target_dag']) retrieved from /home/airflow/.local/lib/python3.7/site-packages/airflow/example_dags/example_trigger_target_dag.py
[2023-10-06T22:48:39.818+0000] {logging_mixin.py:120} INFO - [2023-10-06T22:48:39.818+0000] {dag.py:2585} INFO - Sync 1 DAGs
[2023-10-06T22:48:39.835+0000] {logging_mixin.py:120} INFO - [2023-10-06T22:48:39.835+0000] {dag.py:3340} INFO - Setting next_dagrun for example_trigger_target_dag to None, run_after=None
[2023-10-06T22:48:39.849+0000] {processor.py:176} INFO - Processing /home/airflow/.local/lib/python3.7/site-packages/airflow/example_dags/example_trigger_target_dag.py took 0.076 seconds
[2023-10-06T22:49:10.221+0000] {processor.py:154} INFO - Started process (PID=1799) to work on /home/airflow/.local/lib/python3.7/site-packages/airflow/example_dags/example_trigger_target_dag.py
[2023-10-06T22:49:10.222+0000] {processor.py:756} INFO - Processing file /home/airflow/.local/lib/python3.7/site-packages/airflow/example_dags/example_trigger_target_dag.py for tasks to queue
[2023-10-06T22:49:10.223+0000] {logging_mixin.py:120} INFO - [2023-10-06T22:49:10.223+0000] {dagbag.py:537} INFO - Filling up the DagBag from /home/airflow/.local/lib/python3.7/site-packages/airflow/example_dags/example_trigger_target_dag.py
[2023-10-06T22:49:10.239+0000] {processor.py:766} INFO - DAG(s) dict_keys(['example_trigger_target_dag']) retrieved from /home/airflow/.local/lib/python3.7/site-packages/airflow/example_dags/example_trigger_target_dag.py
[2023-10-06T22:49:10.272+0000] {logging_mixin.py:120} INFO - [2023-10-06T22:49:10.271+0000] {dag.py:2585} INFO - Sync 1 DAGs
[2023-10-06T22:49:10.292+0000] {logging_mixin.py:120} INFO - [2023-10-06T22:49:10.292+0000] {dag.py:3340} INFO - Setting next_dagrun for example_trigger_target_dag to None, run_after=None
[2023-10-06T22:49:10.309+0000] {processor.py:176} INFO - Processing /home/airflow/.local/lib/python3.7/site-packages/airflow/example_dags/example_trigger_target_dag.py took 0.090 seconds
[2023-10-06T22:49:40.556+0000] {processor.py:154} INFO - Started process (PID=1856) to work on /home/airflow/.local/lib/python3.7/site-packages/airflow/example_dags/example_trigger_target_dag.py
[2023-10-06T22:49:40.557+0000] {processor.py:756} INFO - Processing file /home/airflow/.local/lib/python3.7/site-packages/airflow/example_dags/example_trigger_target_dag.py for tasks to queue
[2023-10-06T22:49:40.557+0000] {logging_mixin.py:120} INFO - [2023-10-06T22:49:40.557+0000] {dagbag.py:537} INFO - Filling up the DagBag from /home/airflow/.local/lib/python3.7/site-packages/airflow/example_dags/example_trigger_target_dag.py
[2023-10-06T22:49:40.573+0000] {processor.py:766} INFO - DAG(s) dict_keys(['example_trigger_target_dag']) retrieved from /home/airflow/.local/lib/python3.7/site-packages/airflow/example_dags/example_trigger_target_dag.py
[2023-10-06T22:49:40.607+0000] {logging_mixin.py:120} INFO - [2023-10-06T22:49:40.607+0000] {dag.py:2585} INFO - Sync 1 DAGs
[2023-10-06T22:49:40.625+0000] {logging_mixin.py:120} INFO - [2023-10-06T22:49:40.625+0000] {dag.py:3340} INFO - Setting next_dagrun for example_trigger_target_dag to None, run_after=None
[2023-10-06T22:49:40.641+0000] {processor.py:176} INFO - Processing /home/airflow/.local/lib/python3.7/site-packages/airflow/example_dags/example_trigger_target_dag.py took 0.088 seconds
[2023-10-06T22:50:10.956+0000] {processor.py:154} INFO - Started process (PID=1920) to work on /home/airflow/.local/lib/python3.7/site-packages/airflow/example_dags/example_trigger_target_dag.py
[2023-10-06T22:50:10.956+0000] {processor.py:756} INFO - Processing file /home/airflow/.local/lib/python3.7/site-packages/airflow/example_dags/example_trigger_target_dag.py for tasks to queue
[2023-10-06T22:50:10.957+0000] {logging_mixin.py:120} INFO - [2023-10-06T22:50:10.957+0000] {dagbag.py:537} INFO - Filling up the DagBag from /home/airflow/.local/lib/python3.7/site-packages/airflow/example_dags/example_trigger_target_dag.py
[2023-10-06T22:50:10.973+0000] {processor.py:766} INFO - DAG(s) dict_keys(['example_trigger_target_dag']) retrieved from /home/airflow/.local/lib/python3.7/site-packages/airflow/example_dags/example_trigger_target_dag.py
[2023-10-06T22:50:11.007+0000] {logging_mixin.py:120} INFO - [2023-10-06T22:50:11.007+0000] {dag.py:2585} INFO - Sync 1 DAGs
[2023-10-06T22:50:11.025+0000] {logging_mixin.py:120} INFO - [2023-10-06T22:50:11.025+0000] {dag.py:3340} INFO - Setting next_dagrun for example_trigger_target_dag to None, run_after=None
[2023-10-06T22:50:11.044+0000] {processor.py:176} INFO - Processing /home/airflow/.local/lib/python3.7/site-packages/airflow/example_dags/example_trigger_target_dag.py took 0.090 seconds
[2023-10-06T22:50:41.106+0000] {processor.py:154} INFO - Started process (PID=1985) to work on /home/airflow/.local/lib/python3.7/site-packages/airflow/example_dags/example_trigger_target_dag.py
[2023-10-06T22:50:41.107+0000] {processor.py:756} INFO - Processing file /home/airflow/.local/lib/python3.7/site-packages/airflow/example_dags/example_trigger_target_dag.py for tasks to queue
[2023-10-06T22:50:41.107+0000] {logging_mixin.py:120} INFO - [2023-10-06T22:50:41.107+0000] {dagbag.py:537} INFO - Filling up the DagBag from /home/airflow/.local/lib/python3.7/site-packages/airflow/example_dags/example_trigger_target_dag.py
[2023-10-06T22:50:41.123+0000] {processor.py:766} INFO - DAG(s) dict_keys(['example_trigger_target_dag']) retrieved from /home/airflow/.local/lib/python3.7/site-packages/airflow/example_dags/example_trigger_target_dag.py
[2023-10-06T22:50:41.195+0000] {logging_mixin.py:120} INFO - [2023-10-06T22:50:41.195+0000] {dag.py:2585} INFO - Sync 1 DAGs
[2023-10-06T22:50:41.216+0000] {logging_mixin.py:120} INFO - [2023-10-06T22:50:41.216+0000] {dag.py:3340} INFO - Setting next_dagrun for example_trigger_target_dag to None, run_after=None
[2023-10-06T22:50:41.234+0000] {processor.py:176} INFO - Processing /home/airflow/.local/lib/python3.7/site-packages/airflow/example_dags/example_trigger_target_dag.py took 0.130 seconds
[2023-10-06T22:51:11.793+0000] {processor.py:154} INFO - Started process (PID=2049) to work on /home/airflow/.local/lib/python3.7/site-packages/airflow/example_dags/example_trigger_target_dag.py
[2023-10-06T22:51:11.795+0000] {processor.py:756} INFO - Processing file /home/airflow/.local/lib/python3.7/site-packages/airflow/example_dags/example_trigger_target_dag.py for tasks to queue
[2023-10-06T22:51:11.796+0000] {logging_mixin.py:120} INFO - [2023-10-06T22:51:11.795+0000] {dagbag.py:537} INFO - Filling up the DagBag from /home/airflow/.local/lib/python3.7/site-packages/airflow/example_dags/example_trigger_target_dag.py
[2023-10-06T22:51:11.816+0000] {processor.py:766} INFO - DAG(s) dict_keys(['example_trigger_target_dag']) retrieved from /home/airflow/.local/lib/python3.7/site-packages/airflow/example_dags/example_trigger_target_dag.py
[2023-10-06T22:51:11.853+0000] {logging_mixin.py:120} INFO - [2023-10-06T22:51:11.853+0000] {dag.py:2585} INFO - Sync 1 DAGs
[2023-10-06T22:51:11.877+0000] {logging_mixin.py:120} INFO - [2023-10-06T22:51:11.876+0000] {dag.py:3340} INFO - Setting next_dagrun for example_trigger_target_dag to None, run_after=None
[2023-10-06T22:51:11.902+0000] {processor.py:176} INFO - Processing /home/airflow/.local/lib/python3.7/site-packages/airflow/example_dags/example_trigger_target_dag.py took 0.114 seconds
[2023-10-06T22:51:42.168+0000] {processor.py:154} INFO - Started process (PID=2103) to work on /home/airflow/.local/lib/python3.7/site-packages/airflow/example_dags/example_trigger_target_dag.py
[2023-10-06T22:51:42.169+0000] {processor.py:756} INFO - Processing file /home/airflow/.local/lib/python3.7/site-packages/airflow/example_dags/example_trigger_target_dag.py for tasks to queue
[2023-10-06T22:51:42.169+0000] {logging_mixin.py:120} INFO - [2023-10-06T22:51:42.169+0000] {dagbag.py:537} INFO - Filling up the DagBag from /home/airflow/.local/lib/python3.7/site-packages/airflow/example_dags/example_trigger_target_dag.py
[2023-10-06T22:51:42.187+0000] {processor.py:766} INFO - DAG(s) dict_keys(['example_trigger_target_dag']) retrieved from /home/airflow/.local/lib/python3.7/site-packages/airflow/example_dags/example_trigger_target_dag.py
[2023-10-06T22:51:42.264+0000] {logging_mixin.py:120} INFO - [2023-10-06T22:51:42.264+0000] {dag.py:2585} INFO - Sync 1 DAGs
[2023-10-06T22:51:42.282+0000] {logging_mixin.py:120} INFO - [2023-10-06T22:51:42.282+0000] {dag.py:3340} INFO - Setting next_dagrun for example_trigger_target_dag to None, run_after=None
[2023-10-06T22:51:42.300+0000] {processor.py:176} INFO - Processing /home/airflow/.local/lib/python3.7/site-packages/airflow/example_dags/example_trigger_target_dag.py took 0.134 seconds
[2023-10-06T22:52:12.539+0000] {processor.py:154} INFO - Started process (PID=2167) to work on /home/airflow/.local/lib/python3.7/site-packages/airflow/example_dags/example_trigger_target_dag.py
[2023-10-06T22:52:12.540+0000] {processor.py:756} INFO - Processing file /home/airflow/.local/lib/python3.7/site-packages/airflow/example_dags/example_trigger_target_dag.py for tasks to queue
[2023-10-06T22:52:12.541+0000] {logging_mixin.py:120} INFO - [2023-10-06T22:52:12.540+0000] {dagbag.py:537} INFO - Filling up the DagBag from /home/airflow/.local/lib/python3.7/site-packages/airflow/example_dags/example_trigger_target_dag.py
[2023-10-06T22:52:12.554+0000] {processor.py:766} INFO - DAG(s) dict_keys(['example_trigger_target_dag']) retrieved from /home/airflow/.local/lib/python3.7/site-packages/airflow/example_dags/example_trigger_target_dag.py
[2023-10-06T22:52:12.584+0000] {logging_mixin.py:120} INFO - [2023-10-06T22:52:12.584+0000] {dag.py:2585} INFO - Sync 1 DAGs
[2023-10-06T22:52:12.599+0000] {logging_mixin.py:120} INFO - [2023-10-06T22:52:12.599+0000] {dag.py:3340} INFO - Setting next_dagrun for example_trigger_target_dag to None, run_after=None
[2023-10-06T22:52:12.615+0000] {processor.py:176} INFO - Processing /home/airflow/.local/lib/python3.7/site-packages/airflow/example_dags/example_trigger_target_dag.py took 0.079 seconds
[2023-10-06T22:52:42.758+0000] {processor.py:154} INFO - Started process (PID=2232) to work on /home/airflow/.local/lib/python3.7/site-packages/airflow/example_dags/example_trigger_target_dag.py
[2023-10-06T22:52:42.759+0000] {processor.py:756} INFO - Processing file /home/airflow/.local/lib/python3.7/site-packages/airflow/example_dags/example_trigger_target_dag.py for tasks to queue
[2023-10-06T22:52:42.760+0000] {logging_mixin.py:120} INFO - [2023-10-06T22:52:42.759+0000] {dagbag.py:537} INFO - Filling up the DagBag from /home/airflow/.local/lib/python3.7/site-packages/airflow/example_dags/example_trigger_target_dag.py
[2023-10-06T22:52:42.775+0000] {processor.py:766} INFO - DAG(s) dict_keys(['example_trigger_target_dag']) retrieved from /home/airflow/.local/lib/python3.7/site-packages/airflow/example_dags/example_trigger_target_dag.py
[2023-10-06T22:52:42.807+0000] {logging_mixin.py:120} INFO - [2023-10-06T22:52:42.807+0000] {dag.py:2585} INFO - Sync 1 DAGs
[2023-10-06T22:52:42.829+0000] {logging_mixin.py:120} INFO - [2023-10-06T22:52:42.829+0000] {dag.py:3340} INFO - Setting next_dagrun for example_trigger_target_dag to None, run_after=None
[2023-10-06T22:52:42.844+0000] {processor.py:176} INFO - Processing /home/airflow/.local/lib/python3.7/site-packages/airflow/example_dags/example_trigger_target_dag.py took 0.088 seconds
[2023-10-06T22:53:13.042+0000] {processor.py:154} INFO - Started process (PID=2296) to work on /home/airflow/.local/lib/python3.7/site-packages/airflow/example_dags/example_trigger_target_dag.py
[2023-10-06T22:53:13.043+0000] {processor.py:756} INFO - Processing file /home/airflow/.local/lib/python3.7/site-packages/airflow/example_dags/example_trigger_target_dag.py for tasks to queue
[2023-10-06T22:53:13.044+0000] {logging_mixin.py:120} INFO - [2023-10-06T22:53:13.044+0000] {dagbag.py:537} INFO - Filling up the DagBag from /home/airflow/.local/lib/python3.7/site-packages/airflow/example_dags/example_trigger_target_dag.py
[2023-10-06T22:53:13.059+0000] {processor.py:766} INFO - DAG(s) dict_keys(['example_trigger_target_dag']) retrieved from /home/airflow/.local/lib/python3.7/site-packages/airflow/example_dags/example_trigger_target_dag.py
[2023-10-06T22:53:13.088+0000] {logging_mixin.py:120} INFO - [2023-10-06T22:53:13.088+0000] {dag.py:2585} INFO - Sync 1 DAGs
[2023-10-06T22:53:13.105+0000] {logging_mixin.py:120} INFO - [2023-10-06T22:53:13.105+0000] {dag.py:3340} INFO - Setting next_dagrun for example_trigger_target_dag to None, run_after=None
[2023-10-06T22:53:13.120+0000] {processor.py:176} INFO - Processing /home/airflow/.local/lib/python3.7/site-packages/airflow/example_dags/example_trigger_target_dag.py took 0.080 seconds
[2023-10-06T22:53:43.277+0000] {processor.py:154} INFO - Started process (PID=2351) to work on /home/airflow/.local/lib/python3.7/site-packages/airflow/example_dags/example_trigger_target_dag.py
[2023-10-06T22:53:43.277+0000] {processor.py:756} INFO - Processing file /home/airflow/.local/lib/python3.7/site-packages/airflow/example_dags/example_trigger_target_dag.py for tasks to queue
[2023-10-06T22:53:43.278+0000] {logging_mixin.py:120} INFO - [2023-10-06T22:53:43.278+0000] {dagbag.py:537} INFO - Filling up the DagBag from /home/airflow/.local/lib/python3.7/site-packages/airflow/example_dags/example_trigger_target_dag.py
[2023-10-06T22:53:43.293+0000] {processor.py:766} INFO - DAG(s) dict_keys(['example_trigger_target_dag']) retrieved from /home/airflow/.local/lib/python3.7/site-packages/airflow/example_dags/example_trigger_target_dag.py
[2023-10-06T22:53:43.323+0000] {logging_mixin.py:120} INFO - [2023-10-06T22:53:43.323+0000] {dag.py:2585} INFO - Sync 1 DAGs
[2023-10-06T22:53:43.340+0000] {logging_mixin.py:120} INFO - [2023-10-06T22:53:43.340+0000] {dag.py:3340} INFO - Setting next_dagrun for example_trigger_target_dag to None, run_after=None
[2023-10-06T22:53:43.355+0000] {processor.py:176} INFO - Processing /home/airflow/.local/lib/python3.7/site-packages/airflow/example_dags/example_trigger_target_dag.py took 0.081 seconds
[2023-10-06T22:54:13.386+0000] {processor.py:154} INFO - Started process (PID=2414) to work on /home/airflow/.local/lib/python3.7/site-packages/airflow/example_dags/example_trigger_target_dag.py
[2023-10-06T22:54:13.387+0000] {processor.py:756} INFO - Processing file /home/airflow/.local/lib/python3.7/site-packages/airflow/example_dags/example_trigger_target_dag.py for tasks to queue
[2023-10-06T22:54:13.387+0000] {logging_mixin.py:120} INFO - [2023-10-06T22:54:13.387+0000] {dagbag.py:537} INFO - Filling up the DagBag from /home/airflow/.local/lib/python3.7/site-packages/airflow/example_dags/example_trigger_target_dag.py
[2023-10-06T22:54:13.401+0000] {processor.py:766} INFO - DAG(s) dict_keys(['example_trigger_target_dag']) retrieved from /home/airflow/.local/lib/python3.7/site-packages/airflow/example_dags/example_trigger_target_dag.py
[2023-10-06T22:54:13.427+0000] {logging_mixin.py:120} INFO - [2023-10-06T22:54:13.427+0000] {dag.py:2585} INFO - Sync 1 DAGs
[2023-10-06T22:54:13.443+0000] {logging_mixin.py:120} INFO - [2023-10-06T22:54:13.443+0000] {dag.py:3340} INFO - Setting next_dagrun for example_trigger_target_dag to None, run_after=None
[2023-10-06T22:54:13.456+0000] {processor.py:176} INFO - Processing /home/airflow/.local/lib/python3.7/site-packages/airflow/example_dags/example_trigger_target_dag.py took 0.073 seconds
[2023-10-06T22:54:43.686+0000] {processor.py:154} INFO - Started process (PID=2478) to work on /home/airflow/.local/lib/python3.7/site-packages/airflow/example_dags/example_trigger_target_dag.py
[2023-10-06T22:54:43.686+0000] {processor.py:756} INFO - Processing file /home/airflow/.local/lib/python3.7/site-packages/airflow/example_dags/example_trigger_target_dag.py for tasks to queue
[2023-10-06T22:54:43.687+0000] {logging_mixin.py:120} INFO - [2023-10-06T22:54:43.687+0000] {dagbag.py:537} INFO - Filling up the DagBag from /home/airflow/.local/lib/python3.7/site-packages/airflow/example_dags/example_trigger_target_dag.py
[2023-10-06T22:54:43.701+0000] {processor.py:766} INFO - DAG(s) dict_keys(['example_trigger_target_dag']) retrieved from /home/airflow/.local/lib/python3.7/site-packages/airflow/example_dags/example_trigger_target_dag.py
[2023-10-06T22:54:43.729+0000] {logging_mixin.py:120} INFO - [2023-10-06T22:54:43.729+0000] {dag.py:2585} INFO - Sync 1 DAGs
[2023-10-06T22:54:43.745+0000] {logging_mixin.py:120} INFO - [2023-10-06T22:54:43.745+0000] {dag.py:3340} INFO - Setting next_dagrun for example_trigger_target_dag to None, run_after=None
[2023-10-06T22:54:43.760+0000] {processor.py:176} INFO - Processing /home/airflow/.local/lib/python3.7/site-packages/airflow/example_dags/example_trigger_target_dag.py took 0.077 seconds
[2023-10-06T22:55:14.105+0000] {processor.py:154} INFO - Started process (PID=2543) to work on /home/airflow/.local/lib/python3.7/site-packages/airflow/example_dags/example_trigger_target_dag.py
[2023-10-06T22:55:14.106+0000] {processor.py:756} INFO - Processing file /home/airflow/.local/lib/python3.7/site-packages/airflow/example_dags/example_trigger_target_dag.py for tasks to queue
[2023-10-06T22:55:14.107+0000] {logging_mixin.py:120} INFO - [2023-10-06T22:55:14.106+0000] {dagbag.py:537} INFO - Filling up the DagBag from /home/airflow/.local/lib/python3.7/site-packages/airflow/example_dags/example_trigger_target_dag.py
[2023-10-06T22:55:14.121+0000] {processor.py:766} INFO - DAG(s) dict_keys(['example_trigger_target_dag']) retrieved from /home/airflow/.local/lib/python3.7/site-packages/airflow/example_dags/example_trigger_target_dag.py
[2023-10-06T22:55:14.150+0000] {logging_mixin.py:120} INFO - [2023-10-06T22:55:14.150+0000] {dag.py:2585} INFO - Sync 1 DAGs
[2023-10-06T22:55:14.167+0000] {logging_mixin.py:120} INFO - [2023-10-06T22:55:14.167+0000] {dag.py:3340} INFO - Setting next_dagrun for example_trigger_target_dag to None, run_after=None
[2023-10-06T22:55:14.181+0000] {processor.py:176} INFO - Processing /home/airflow/.local/lib/python3.7/site-packages/airflow/example_dags/example_trigger_target_dag.py took 0.078 seconds
[2023-10-06T22:55:44.573+0000] {processor.py:154} INFO - Started process (PID=2598) to work on /home/airflow/.local/lib/python3.7/site-packages/airflow/example_dags/example_trigger_target_dag.py
[2023-10-06T22:55:44.574+0000] {processor.py:756} INFO - Processing file /home/airflow/.local/lib/python3.7/site-packages/airflow/example_dags/example_trigger_target_dag.py for tasks to queue
[2023-10-06T22:55:44.574+0000] {logging_mixin.py:120} INFO - [2023-10-06T22:55:44.574+0000] {dagbag.py:537} INFO - Filling up the DagBag from /home/airflow/.local/lib/python3.7/site-packages/airflow/example_dags/example_trigger_target_dag.py
[2023-10-06T22:55:44.593+0000] {processor.py:766} INFO - DAG(s) dict_keys(['example_trigger_target_dag']) retrieved from /home/airflow/.local/lib/python3.7/site-packages/airflow/example_dags/example_trigger_target_dag.py
[2023-10-06T22:55:44.629+0000] {logging_mixin.py:120} INFO - [2023-10-06T22:55:44.629+0000] {dag.py:2585} INFO - Sync 1 DAGs
[2023-10-06T22:55:44.648+0000] {logging_mixin.py:120} INFO - [2023-10-06T22:55:44.648+0000] {dag.py:3340} INFO - Setting next_dagrun for example_trigger_target_dag to None, run_after=None
[2023-10-06T22:55:44.667+0000] {processor.py:176} INFO - Processing /home/airflow/.local/lib/python3.7/site-packages/airflow/example_dags/example_trigger_target_dag.py took 0.096 seconds
[2023-10-06T22:56:14.790+0000] {processor.py:154} INFO - Started process (PID=2662) to work on /home/airflow/.local/lib/python3.7/site-packages/airflow/example_dags/example_trigger_target_dag.py
[2023-10-06T22:56:14.791+0000] {processor.py:756} INFO - Processing file /home/airflow/.local/lib/python3.7/site-packages/airflow/example_dags/example_trigger_target_dag.py for tasks to queue
[2023-10-06T22:56:14.792+0000] {logging_mixin.py:120} INFO - [2023-10-06T22:56:14.791+0000] {dagbag.py:537} INFO - Filling up the DagBag from /home/airflow/.local/lib/python3.7/site-packages/airflow/example_dags/example_trigger_target_dag.py
[2023-10-06T22:56:14.806+0000] {processor.py:766} INFO - DAG(s) dict_keys(['example_trigger_target_dag']) retrieved from /home/airflow/.local/lib/python3.7/site-packages/airflow/example_dags/example_trigger_target_dag.py
[2023-10-06T22:56:14.836+0000] {logging_mixin.py:120} INFO - [2023-10-06T22:56:14.835+0000] {dag.py:2585} INFO - Sync 1 DAGs
[2023-10-06T22:56:14.853+0000] {logging_mixin.py:120} INFO - [2023-10-06T22:56:14.853+0000] {dag.py:3340} INFO - Setting next_dagrun for example_trigger_target_dag to None, run_after=None
[2023-10-06T22:56:14.868+0000] {processor.py:176} INFO - Processing /home/airflow/.local/lib/python3.7/site-packages/airflow/example_dags/example_trigger_target_dag.py took 0.080 seconds
[2023-10-06T22:56:44.932+0000] {processor.py:154} INFO - Started process (PID=2724) to work on /home/airflow/.local/lib/python3.7/site-packages/airflow/example_dags/example_trigger_target_dag.py
[2023-10-06T22:56:44.933+0000] {processor.py:756} INFO - Processing file /home/airflow/.local/lib/python3.7/site-packages/airflow/example_dags/example_trigger_target_dag.py for tasks to queue
[2023-10-06T22:56:44.933+0000] {logging_mixin.py:120} INFO - [2023-10-06T22:56:44.933+0000] {dagbag.py:537} INFO - Filling up the DagBag from /home/airflow/.local/lib/python3.7/site-packages/airflow/example_dags/example_trigger_target_dag.py
[2023-10-06T22:56:44.947+0000] {processor.py:766} INFO - DAG(s) dict_keys(['example_trigger_target_dag']) retrieved from /home/airflow/.local/lib/python3.7/site-packages/airflow/example_dags/example_trigger_target_dag.py
[2023-10-06T22:56:44.977+0000] {logging_mixin.py:120} INFO - [2023-10-06T22:56:44.977+0000] {dag.py:2585} INFO - Sync 1 DAGs
[2023-10-06T22:56:44.994+0000] {logging_mixin.py:120} INFO - [2023-10-06T22:56:44.994+0000] {dag.py:3340} INFO - Setting next_dagrun for example_trigger_target_dag to None, run_after=None
[2023-10-06T22:56:45.011+0000] {processor.py:176} INFO - Processing /home/airflow/.local/lib/python3.7/site-packages/airflow/example_dags/example_trigger_target_dag.py took 0.081 seconds
[2023-10-06T22:57:15.187+0000] {processor.py:154} INFO - Started process (PID=2788) to work on /home/airflow/.local/lib/python3.7/site-packages/airflow/example_dags/example_trigger_target_dag.py
[2023-10-06T22:57:15.188+0000] {processor.py:756} INFO - Processing file /home/airflow/.local/lib/python3.7/site-packages/airflow/example_dags/example_trigger_target_dag.py for tasks to queue
[2023-10-06T22:57:15.189+0000] {logging_mixin.py:120} INFO - [2023-10-06T22:57:15.189+0000] {dagbag.py:537} INFO - Filling up the DagBag from /home/airflow/.local/lib/python3.7/site-packages/airflow/example_dags/example_trigger_target_dag.py
[2023-10-06T22:57:15.203+0000] {processor.py:766} INFO - DAG(s) dict_keys(['example_trigger_target_dag']) retrieved from /home/airflow/.local/lib/python3.7/site-packages/airflow/example_dags/example_trigger_target_dag.py
[2023-10-06T22:57:15.232+0000] {logging_mixin.py:120} INFO - [2023-10-06T22:57:15.232+0000] {dag.py:2585} INFO - Sync 1 DAGs
[2023-10-06T22:57:15.249+0000] {logging_mixin.py:120} INFO - [2023-10-06T22:57:15.249+0000] {dag.py:3340} INFO - Setting next_dagrun for example_trigger_target_dag to None, run_after=None
[2023-10-06T22:57:15.264+0000] {processor.py:176} INFO - Processing /home/airflow/.local/lib/python3.7/site-packages/airflow/example_dags/example_trigger_target_dag.py took 0.079 seconds
[2023-10-06T22:57:45.598+0000] {processor.py:154} INFO - Started process (PID=2843) to work on /home/airflow/.local/lib/python3.7/site-packages/airflow/example_dags/example_trigger_target_dag.py
[2023-10-06T22:57:45.598+0000] {processor.py:756} INFO - Processing file /home/airflow/.local/lib/python3.7/site-packages/airflow/example_dags/example_trigger_target_dag.py for tasks to queue
[2023-10-06T22:57:45.599+0000] {logging_mixin.py:120} INFO - [2023-10-06T22:57:45.598+0000] {dagbag.py:537} INFO - Filling up the DagBag from /home/airflow/.local/lib/python3.7/site-packages/airflow/example_dags/example_trigger_target_dag.py
[2023-10-06T22:57:45.613+0000] {processor.py:766} INFO - DAG(s) dict_keys(['example_trigger_target_dag']) retrieved from /home/airflow/.local/lib/python3.7/site-packages/airflow/example_dags/example_trigger_target_dag.py
[2023-10-06T22:57:45.642+0000] {logging_mixin.py:120} INFO - [2023-10-06T22:57:45.642+0000] {dag.py:2585} INFO - Sync 1 DAGs
[2023-10-06T22:57:45.661+0000] {logging_mixin.py:120} INFO - [2023-10-06T22:57:45.660+0000] {dag.py:3340} INFO - Setting next_dagrun for example_trigger_target_dag to None, run_after=None
[2023-10-06T22:57:45.677+0000] {processor.py:176} INFO - Processing /home/airflow/.local/lib/python3.7/site-packages/airflow/example_dags/example_trigger_target_dag.py took 0.081 seconds
[2023-10-06T22:58:15.801+0000] {processor.py:154} INFO - Started process (PID=2906) to work on /home/airflow/.local/lib/python3.7/site-packages/airflow/example_dags/example_trigger_target_dag.py
[2023-10-06T22:58:15.802+0000] {processor.py:756} INFO - Processing file /home/airflow/.local/lib/python3.7/site-packages/airflow/example_dags/example_trigger_target_dag.py for tasks to queue
[2023-10-06T22:58:15.803+0000] {logging_mixin.py:120} INFO - [2023-10-06T22:58:15.803+0000] {dagbag.py:537} INFO - Filling up the DagBag from /home/airflow/.local/lib/python3.7/site-packages/airflow/example_dags/example_trigger_target_dag.py
[2023-10-06T22:58:15.819+0000] {processor.py:766} INFO - DAG(s) dict_keys(['example_trigger_target_dag']) retrieved from /home/airflow/.local/lib/python3.7/site-packages/airflow/example_dags/example_trigger_target_dag.py
[2023-10-06T22:58:15.853+0000] {logging_mixin.py:120} INFO - [2023-10-06T22:58:15.853+0000] {dag.py:2585} INFO - Sync 1 DAGs
[2023-10-06T22:58:15.869+0000] {logging_mixin.py:120} INFO - [2023-10-06T22:58:15.869+0000] {dag.py:3340} INFO - Setting next_dagrun for example_trigger_target_dag to None, run_after=None
[2023-10-06T22:58:15.883+0000] {processor.py:176} INFO - Processing /home/airflow/.local/lib/python3.7/site-packages/airflow/example_dags/example_trigger_target_dag.py took 0.084 seconds
[2023-10-06T22:58:46.052+0000] {processor.py:154} INFO - Started process (PID=2969) to work on /home/airflow/.local/lib/python3.7/site-packages/airflow/example_dags/example_trigger_target_dag.py
[2023-10-06T22:58:46.052+0000] {processor.py:756} INFO - Processing file /home/airflow/.local/lib/python3.7/site-packages/airflow/example_dags/example_trigger_target_dag.py for tasks to queue
[2023-10-06T22:58:46.053+0000] {logging_mixin.py:120} INFO - [2023-10-06T22:58:46.053+0000] {dagbag.py:537} INFO - Filling up the DagBag from /home/airflow/.local/lib/python3.7/site-packages/airflow/example_dags/example_trigger_target_dag.py
[2023-10-06T22:58:46.066+0000] {processor.py:766} INFO - DAG(s) dict_keys(['example_trigger_target_dag']) retrieved from /home/airflow/.local/lib/python3.7/site-packages/airflow/example_dags/example_trigger_target_dag.py
[2023-10-06T22:58:46.098+0000] {logging_mixin.py:120} INFO - [2023-10-06T22:58:46.098+0000] {dag.py:2585} INFO - Sync 1 DAGs
[2023-10-06T22:58:46.114+0000] {logging_mixin.py:120} INFO - [2023-10-06T22:58:46.114+0000] {dag.py:3340} INFO - Setting next_dagrun for example_trigger_target_dag to None, run_after=None
[2023-10-06T22:58:46.130+0000] {processor.py:176} INFO - Processing /home/airflow/.local/lib/python3.7/site-packages/airflow/example_dags/example_trigger_target_dag.py took 0.080 seconds
[2023-10-06T22:59:16.254+0000] {processor.py:154} INFO - Started process (PID=3033) to work on /home/airflow/.local/lib/python3.7/site-packages/airflow/example_dags/example_trigger_target_dag.py
[2023-10-06T22:59:16.255+0000] {processor.py:756} INFO - Processing file /home/airflow/.local/lib/python3.7/site-packages/airflow/example_dags/example_trigger_target_dag.py for tasks to queue
[2023-10-06T22:59:16.256+0000] {logging_mixin.py:120} INFO - [2023-10-06T22:59:16.256+0000] {dagbag.py:537} INFO - Filling up the DagBag from /home/airflow/.local/lib/python3.7/site-packages/airflow/example_dags/example_trigger_target_dag.py
[2023-10-06T22:59:16.269+0000] {processor.py:766} INFO - DAG(s) dict_keys(['example_trigger_target_dag']) retrieved from /home/airflow/.local/lib/python3.7/site-packages/airflow/example_dags/example_trigger_target_dag.py
[2023-10-06T22:59:16.297+0000] {logging_mixin.py:120} INFO - [2023-10-06T22:59:16.297+0000] {dag.py:2585} INFO - Sync 1 DAGs
[2023-10-06T22:59:16.314+0000] {logging_mixin.py:120} INFO - [2023-10-06T22:59:16.314+0000] {dag.py:3340} INFO - Setting next_dagrun for example_trigger_target_dag to None, run_after=None
[2023-10-06T22:59:16.329+0000] {processor.py:176} INFO - Processing /home/airflow/.local/lib/python3.7/site-packages/airflow/example_dags/example_trigger_target_dag.py took 0.077 seconds
[2023-10-06T22:59:46.502+0000] {processor.py:154} INFO - Started process (PID=3099) to work on /home/airflow/.local/lib/python3.7/site-packages/airflow/example_dags/example_trigger_target_dag.py
[2023-10-06T22:59:46.502+0000] {processor.py:756} INFO - Processing file /home/airflow/.local/lib/python3.7/site-packages/airflow/example_dags/example_trigger_target_dag.py for tasks to queue
[2023-10-06T22:59:46.503+0000] {logging_mixin.py:120} INFO - [2023-10-06T22:59:46.503+0000] {dagbag.py:537} INFO - Filling up the DagBag from /home/airflow/.local/lib/python3.7/site-packages/airflow/example_dags/example_trigger_target_dag.py
[2023-10-06T22:59:46.516+0000] {processor.py:766} INFO - DAG(s) dict_keys(['example_trigger_target_dag']) retrieved from /home/airflow/.local/lib/python3.7/site-packages/airflow/example_dags/example_trigger_target_dag.py
[2023-10-06T22:59:46.548+0000] {logging_mixin.py:120} INFO - [2023-10-06T22:59:46.547+0000] {dag.py:2585} INFO - Sync 1 DAGs
[2023-10-06T22:59:46.565+0000] {logging_mixin.py:120} INFO - [2023-10-06T22:59:46.565+0000] {dag.py:3340} INFO - Setting next_dagrun for example_trigger_target_dag to None, run_after=None
[2023-10-06T22:59:46.580+0000] {processor.py:176} INFO - Processing /home/airflow/.local/lib/python3.7/site-packages/airflow/example_dags/example_trigger_target_dag.py took 0.081 seconds
[2023-10-06T23:00:17.664+0000] {processor.py:154} INFO - Started process (PID=3155) to work on /home/airflow/.local/lib/python3.7/site-packages/airflow/example_dags/example_trigger_target_dag.py
[2023-10-06T23:00:17.665+0000] {processor.py:756} INFO - Processing file /home/airflow/.local/lib/python3.7/site-packages/airflow/example_dags/example_trigger_target_dag.py for tasks to queue
[2023-10-06T23:00:17.665+0000] {logging_mixin.py:120} INFO - [2023-10-06T23:00:17.665+0000] {dagbag.py:537} INFO - Filling up the DagBag from /home/airflow/.local/lib/python3.7/site-packages/airflow/example_dags/example_trigger_target_dag.py
[2023-10-06T23:00:17.679+0000] {processor.py:766} INFO - DAG(s) dict_keys(['example_trigger_target_dag']) retrieved from /home/airflow/.local/lib/python3.7/site-packages/airflow/example_dags/example_trigger_target_dag.py
[2023-10-06T23:00:17.708+0000] {logging_mixin.py:120} INFO - [2023-10-06T23:00:17.707+0000] {dag.py:2585} INFO - Sync 1 DAGs
[2023-10-06T23:00:17.723+0000] {logging_mixin.py:120} INFO - [2023-10-06T23:00:17.723+0000] {dag.py:3340} INFO - Setting next_dagrun for example_trigger_target_dag to None, run_after=None
[2023-10-06T23:00:17.739+0000] {processor.py:176} INFO - Processing /home/airflow/.local/lib/python3.7/site-packages/airflow/example_dags/example_trigger_target_dag.py took 0.077 seconds
[2023-10-06T23:00:47.910+0000] {processor.py:154} INFO - Started process (PID=3218) to work on /home/airflow/.local/lib/python3.7/site-packages/airflow/example_dags/example_trigger_target_dag.py
[2023-10-06T23:00:47.910+0000] {processor.py:756} INFO - Processing file /home/airflow/.local/lib/python3.7/site-packages/airflow/example_dags/example_trigger_target_dag.py for tasks to queue
[2023-10-06T23:00:47.911+0000] {logging_mixin.py:120} INFO - [2023-10-06T23:00:47.911+0000] {dagbag.py:537} INFO - Filling up the DagBag from /home/airflow/.local/lib/python3.7/site-packages/airflow/example_dags/example_trigger_target_dag.py
[2023-10-06T23:00:47.926+0000] {processor.py:766} INFO - DAG(s) dict_keys(['example_trigger_target_dag']) retrieved from /home/airflow/.local/lib/python3.7/site-packages/airflow/example_dags/example_trigger_target_dag.py
[2023-10-06T23:00:47.955+0000] {logging_mixin.py:120} INFO - [2023-10-06T23:00:47.955+0000] {dag.py:2585} INFO - Sync 1 DAGs
[2023-10-06T23:00:47.971+0000] {logging_mixin.py:120} INFO - [2023-10-06T23:00:47.971+0000] {dag.py:3340} INFO - Setting next_dagrun for example_trigger_target_dag to None, run_after=None
[2023-10-06T23:00:47.986+0000] {processor.py:176} INFO - Processing /home/airflow/.local/lib/python3.7/site-packages/airflow/example_dags/example_trigger_target_dag.py took 0.079 seconds
[2023-10-06T23:01:19.019+0000] {processor.py:154} INFO - Started process (PID=3282) to work on /home/airflow/.local/lib/python3.7/site-packages/airflow/example_dags/example_trigger_target_dag.py
[2023-10-06T23:01:19.020+0000] {processor.py:756} INFO - Processing file /home/airflow/.local/lib/python3.7/site-packages/airflow/example_dags/example_trigger_target_dag.py for tasks to queue
[2023-10-06T23:01:19.020+0000] {logging_mixin.py:120} INFO - [2023-10-06T23:01:19.020+0000] {dagbag.py:537} INFO - Filling up the DagBag from /home/airflow/.local/lib/python3.7/site-packages/airflow/example_dags/example_trigger_target_dag.py
[2023-10-06T23:01:19.035+0000] {processor.py:766} INFO - DAG(s) dict_keys(['example_trigger_target_dag']) retrieved from /home/airflow/.local/lib/python3.7/site-packages/airflow/example_dags/example_trigger_target_dag.py
[2023-10-06T23:01:19.087+0000] {logging_mixin.py:120} INFO - [2023-10-06T23:01:19.087+0000] {dag.py:2585} INFO - Sync 1 DAGs
[2023-10-06T23:01:19.109+0000] {logging_mixin.py:120} INFO - [2023-10-06T23:01:19.109+0000] {dag.py:3340} INFO - Setting next_dagrun for example_trigger_target_dag to None, run_after=None
[2023-10-06T23:01:19.124+0000] {processor.py:176} INFO - Processing /home/airflow/.local/lib/python3.7/site-packages/airflow/example_dags/example_trigger_target_dag.py took 0.107 seconds
[2023-10-06T23:01:49.224+0000] {processor.py:154} INFO - Started process (PID=3346) to work on /home/airflow/.local/lib/python3.7/site-packages/airflow/example_dags/example_trigger_target_dag.py
[2023-10-06T23:01:49.225+0000] {processor.py:756} INFO - Processing file /home/airflow/.local/lib/python3.7/site-packages/airflow/example_dags/example_trigger_target_dag.py for tasks to queue
[2023-10-06T23:01:49.225+0000] {logging_mixin.py:120} INFO - [2023-10-06T23:01:49.225+0000] {dagbag.py:537} INFO - Filling up the DagBag from /home/airflow/.local/lib/python3.7/site-packages/airflow/example_dags/example_trigger_target_dag.py
[2023-10-06T23:01:49.239+0000] {processor.py:766} INFO - DAG(s) dict_keys(['example_trigger_target_dag']) retrieved from /home/airflow/.local/lib/python3.7/site-packages/airflow/example_dags/example_trigger_target_dag.py
[2023-10-06T23:01:49.268+0000] {logging_mixin.py:120} INFO - [2023-10-06T23:01:49.267+0000] {dag.py:2585} INFO - Sync 1 DAGs
[2023-10-06T23:01:49.283+0000] {logging_mixin.py:120} INFO - [2023-10-06T23:01:49.283+0000] {dag.py:3340} INFO - Setting next_dagrun for example_trigger_target_dag to None, run_after=None
[2023-10-06T23:01:49.299+0000] {processor.py:176} INFO - Processing /home/airflow/.local/lib/python3.7/site-packages/airflow/example_dags/example_trigger_target_dag.py took 0.077 seconds
[2023-10-06T23:02:20.320+0000] {processor.py:154} INFO - Started process (PID=3410) to work on /home/airflow/.local/lib/python3.7/site-packages/airflow/example_dags/example_trigger_target_dag.py
[2023-10-06T23:02:20.321+0000] {processor.py:756} INFO - Processing file /home/airflow/.local/lib/python3.7/site-packages/airflow/example_dags/example_trigger_target_dag.py for tasks to queue
[2023-10-06T23:02:20.322+0000] {logging_mixin.py:120} INFO - [2023-10-06T23:02:20.322+0000] {dagbag.py:537} INFO - Filling up the DagBag from /home/airflow/.local/lib/python3.7/site-packages/airflow/example_dags/example_trigger_target_dag.py
[2023-10-06T23:02:20.339+0000] {processor.py:766} INFO - DAG(s) dict_keys(['example_trigger_target_dag']) retrieved from /home/airflow/.local/lib/python3.7/site-packages/airflow/example_dags/example_trigger_target_dag.py
[2023-10-06T23:02:20.372+0000] {logging_mixin.py:120} INFO - [2023-10-06T23:02:20.372+0000] {dag.py:2585} INFO - Sync 1 DAGs
[2023-10-06T23:02:20.389+0000] {logging_mixin.py:120} INFO - [2023-10-06T23:02:20.389+0000] {dag.py:3340} INFO - Setting next_dagrun for example_trigger_target_dag to None, run_after=None
[2023-10-06T23:02:20.406+0000] {processor.py:176} INFO - Processing /home/airflow/.local/lib/python3.7/site-packages/airflow/example_dags/example_trigger_target_dag.py took 0.089 seconds
[2023-10-06T23:02:50.529+0000] {processor.py:154} INFO - Started process (PID=3465) to work on /home/airflow/.local/lib/python3.7/site-packages/airflow/example_dags/example_trigger_target_dag.py
[2023-10-06T23:02:50.529+0000] {processor.py:756} INFO - Processing file /home/airflow/.local/lib/python3.7/site-packages/airflow/example_dags/example_trigger_target_dag.py for tasks to queue
[2023-10-06T23:02:50.530+0000] {logging_mixin.py:120} INFO - [2023-10-06T23:02:50.530+0000] {dagbag.py:537} INFO - Filling up the DagBag from /home/airflow/.local/lib/python3.7/site-packages/airflow/example_dags/example_trigger_target_dag.py
[2023-10-06T23:02:50.545+0000] {processor.py:766} INFO - DAG(s) dict_keys(['example_trigger_target_dag']) retrieved from /home/airflow/.local/lib/python3.7/site-packages/airflow/example_dags/example_trigger_target_dag.py
[2023-10-06T23:02:50.576+0000] {logging_mixin.py:120} INFO - [2023-10-06T23:02:50.576+0000] {dag.py:2585} INFO - Sync 1 DAGs
[2023-10-06T23:02:50.593+0000] {logging_mixin.py:120} INFO - [2023-10-06T23:02:50.593+0000] {dag.py:3340} INFO - Setting next_dagrun for example_trigger_target_dag to None, run_after=None
[2023-10-06T23:02:50.608+0000] {processor.py:176} INFO - Processing /home/airflow/.local/lib/python3.7/site-packages/airflow/example_dags/example_trigger_target_dag.py took 0.082 seconds
[2023-10-06T23:03:21.668+0000] {processor.py:154} INFO - Started process (PID=3529) to work on /home/airflow/.local/lib/python3.7/site-packages/airflow/example_dags/example_trigger_target_dag.py
[2023-10-06T23:03:21.669+0000] {processor.py:756} INFO - Processing file /home/airflow/.local/lib/python3.7/site-packages/airflow/example_dags/example_trigger_target_dag.py for tasks to queue
[2023-10-06T23:03:21.669+0000] {logging_mixin.py:120} INFO - [2023-10-06T23:03:21.669+0000] {dagbag.py:537} INFO - Filling up the DagBag from /home/airflow/.local/lib/python3.7/site-packages/airflow/example_dags/example_trigger_target_dag.py
[2023-10-06T23:03:21.685+0000] {processor.py:766} INFO - DAG(s) dict_keys(['example_trigger_target_dag']) retrieved from /home/airflow/.local/lib/python3.7/site-packages/airflow/example_dags/example_trigger_target_dag.py
[2023-10-06T23:03:21.716+0000] {logging_mixin.py:120} INFO - [2023-10-06T23:03:21.716+0000] {dag.py:2585} INFO - Sync 1 DAGs
[2023-10-06T23:03:21.737+0000] {logging_mixin.py:120} INFO - [2023-10-06T23:03:21.736+0000] {dag.py:3340} INFO - Setting next_dagrun for example_trigger_target_dag to None, run_after=None
[2023-10-06T23:03:21.753+0000] {processor.py:176} INFO - Processing /home/airflow/.local/lib/python3.7/site-packages/airflow/example_dags/example_trigger_target_dag.py took 0.088 seconds
[2023-10-06T23:03:51.895+0000] {processor.py:154} INFO - Started process (PID=3593) to work on /home/airflow/.local/lib/python3.7/site-packages/airflow/example_dags/example_trigger_target_dag.py
[2023-10-06T23:03:51.896+0000] {processor.py:756} INFO - Processing file /home/airflow/.local/lib/python3.7/site-packages/airflow/example_dags/example_trigger_target_dag.py for tasks to queue
[2023-10-06T23:03:51.896+0000] {logging_mixin.py:120} INFO - [2023-10-06T23:03:51.896+0000] {dagbag.py:537} INFO - Filling up the DagBag from /home/airflow/.local/lib/python3.7/site-packages/airflow/example_dags/example_trigger_target_dag.py
[2023-10-06T23:03:51.916+0000] {processor.py:766} INFO - DAG(s) dict_keys(['example_trigger_target_dag']) retrieved from /home/airflow/.local/lib/python3.7/site-packages/airflow/example_dags/example_trigger_target_dag.py
[2023-10-06T23:03:51.946+0000] {logging_mixin.py:120} INFO - [2023-10-06T23:03:51.946+0000] {dag.py:2585} INFO - Sync 1 DAGs
[2023-10-06T23:03:51.963+0000] {logging_mixin.py:120} INFO - [2023-10-06T23:03:51.962+0000] {dag.py:3340} INFO - Setting next_dagrun for example_trigger_target_dag to None, run_after=None
[2023-10-06T23:03:51.978+0000] {processor.py:176} INFO - Processing /home/airflow/.local/lib/python3.7/site-packages/airflow/example_dags/example_trigger_target_dag.py took 0.086 seconds
[2023-10-06T23:04:22.875+0000] {processor.py:154} INFO - Started process (PID=3657) to work on /home/airflow/.local/lib/python3.7/site-packages/airflow/example_dags/example_trigger_target_dag.py
[2023-10-06T23:04:22.876+0000] {processor.py:756} INFO - Processing file /home/airflow/.local/lib/python3.7/site-packages/airflow/example_dags/example_trigger_target_dag.py for tasks to queue
[2023-10-06T23:04:22.876+0000] {logging_mixin.py:120} INFO - [2023-10-06T23:04:22.876+0000] {dagbag.py:537} INFO - Filling up the DagBag from /home/airflow/.local/lib/python3.7/site-packages/airflow/example_dags/example_trigger_target_dag.py
[2023-10-06T23:04:22.890+0000] {processor.py:766} INFO - DAG(s) dict_keys(['example_trigger_target_dag']) retrieved from /home/airflow/.local/lib/python3.7/site-packages/airflow/example_dags/example_trigger_target_dag.py
[2023-10-06T23:04:22.918+0000] {logging_mixin.py:120} INFO - [2023-10-06T23:04:22.918+0000] {dag.py:2585} INFO - Sync 1 DAGs
[2023-10-06T23:04:22.934+0000] {logging_mixin.py:120} INFO - [2023-10-06T23:04:22.934+0000] {dag.py:3340} INFO - Setting next_dagrun for example_trigger_target_dag to None, run_after=None
[2023-10-06T23:04:22.948+0000] {processor.py:176} INFO - Processing /home/airflow/.local/lib/python3.7/site-packages/airflow/example_dags/example_trigger_target_dag.py took 0.075 seconds
[2023-10-06T23:04:53.172+0000] {processor.py:154} INFO - Started process (PID=3713) to work on /home/airflow/.local/lib/python3.7/site-packages/airflow/example_dags/example_trigger_target_dag.py
[2023-10-06T23:04:53.172+0000] {processor.py:756} INFO - Processing file /home/airflow/.local/lib/python3.7/site-packages/airflow/example_dags/example_trigger_target_dag.py for tasks to queue
[2023-10-06T23:04:53.173+0000] {logging_mixin.py:120} INFO - [2023-10-06T23:04:53.172+0000] {dagbag.py:537} INFO - Filling up the DagBag from /home/airflow/.local/lib/python3.7/site-packages/airflow/example_dags/example_trigger_target_dag.py
[2023-10-06T23:04:53.187+0000] {processor.py:766} INFO - DAG(s) dict_keys(['example_trigger_target_dag']) retrieved from /home/airflow/.local/lib/python3.7/site-packages/airflow/example_dags/example_trigger_target_dag.py
[2023-10-06T23:04:53.214+0000] {logging_mixin.py:120} INFO - [2023-10-06T23:04:53.214+0000] {dag.py:2585} INFO - Sync 1 DAGs
[2023-10-06T23:04:53.230+0000] {logging_mixin.py:120} INFO - [2023-10-06T23:04:53.230+0000] {dag.py:3340} INFO - Setting next_dagrun for example_trigger_target_dag to None, run_after=None
[2023-10-06T23:04:53.245+0000] {processor.py:176} INFO - Processing /home/airflow/.local/lib/python3.7/site-packages/airflow/example_dags/example_trigger_target_dag.py took 0.076 seconds
[2023-10-06T23:05:23.265+0000] {processor.py:154} INFO - Started process (PID=3776) to work on /home/airflow/.local/lib/python3.7/site-packages/airflow/example_dags/example_trigger_target_dag.py
[2023-10-06T23:05:23.266+0000] {processor.py:756} INFO - Processing file /home/airflow/.local/lib/python3.7/site-packages/airflow/example_dags/example_trigger_target_dag.py for tasks to queue
[2023-10-06T23:05:23.266+0000] {logging_mixin.py:120} INFO - [2023-10-06T23:05:23.266+0000] {dagbag.py:537} INFO - Filling up the DagBag from /home/airflow/.local/lib/python3.7/site-packages/airflow/example_dags/example_trigger_target_dag.py
[2023-10-06T23:05:23.281+0000] {processor.py:766} INFO - DAG(s) dict_keys(['example_trigger_target_dag']) retrieved from /home/airflow/.local/lib/python3.7/site-packages/airflow/example_dags/example_trigger_target_dag.py
[2023-10-06T23:05:23.310+0000] {logging_mixin.py:120} INFO - [2023-10-06T23:05:23.310+0000] {dag.py:2585} INFO - Sync 1 DAGs
[2023-10-06T23:05:23.327+0000] {logging_mixin.py:120} INFO - [2023-10-06T23:05:23.327+0000] {dag.py:3340} INFO - Setting next_dagrun for example_trigger_target_dag to None, run_after=None
[2023-10-06T23:05:23.345+0000] {processor.py:176} INFO - Processing /home/airflow/.local/lib/python3.7/site-packages/airflow/example_dags/example_trigger_target_dag.py took 0.082 seconds
[2023-10-06T23:05:53.507+0000] {processor.py:154} INFO - Started process (PID=3841) to work on /home/airflow/.local/lib/python3.7/site-packages/airflow/example_dags/example_trigger_target_dag.py
[2023-10-06T23:05:53.507+0000] {processor.py:756} INFO - Processing file /home/airflow/.local/lib/python3.7/site-packages/airflow/example_dags/example_trigger_target_dag.py for tasks to queue
[2023-10-06T23:05:53.507+0000] {logging_mixin.py:120} INFO - [2023-10-06T23:05:53.507+0000] {dagbag.py:537} INFO - Filling up the DagBag from /home/airflow/.local/lib/python3.7/site-packages/airflow/example_dags/example_trigger_target_dag.py
[2023-10-06T23:05:53.522+0000] {processor.py:766} INFO - DAG(s) dict_keys(['example_trigger_target_dag']) retrieved from /home/airflow/.local/lib/python3.7/site-packages/airflow/example_dags/example_trigger_target_dag.py
[2023-10-06T23:05:53.552+0000] {logging_mixin.py:120} INFO - [2023-10-06T23:05:53.551+0000] {dag.py:2585} INFO - Sync 1 DAGs
[2023-10-06T23:05:53.568+0000] {logging_mixin.py:120} INFO - [2023-10-06T23:05:53.568+0000] {dag.py:3340} INFO - Setting next_dagrun for example_trigger_target_dag to None, run_after=None
[2023-10-06T23:05:53.585+0000] {processor.py:176} INFO - Processing /home/airflow/.local/lib/python3.7/site-packages/airflow/example_dags/example_trigger_target_dag.py took 0.081 seconds
[2023-10-06T23:06:23.743+0000] {processor.py:154} INFO - Started process (PID=3906) to work on /home/airflow/.local/lib/python3.7/site-packages/airflow/example_dags/example_trigger_target_dag.py
[2023-10-06T23:06:23.744+0000] {processor.py:756} INFO - Processing file /home/airflow/.local/lib/python3.7/site-packages/airflow/example_dags/example_trigger_target_dag.py for tasks to queue
[2023-10-06T23:06:23.744+0000] {logging_mixin.py:120} INFO - [2023-10-06T23:06:23.744+0000] {dagbag.py:537} INFO - Filling up the DagBag from /home/airflow/.local/lib/python3.7/site-packages/airflow/example_dags/example_trigger_target_dag.py
[2023-10-06T23:06:23.758+0000] {processor.py:766} INFO - DAG(s) dict_keys(['example_trigger_target_dag']) retrieved from /home/airflow/.local/lib/python3.7/site-packages/airflow/example_dags/example_trigger_target_dag.py
[2023-10-06T23:06:23.789+0000] {logging_mixin.py:120} INFO - [2023-10-06T23:06:23.789+0000] {dag.py:2585} INFO - Sync 1 DAGs
[2023-10-06T23:06:23.804+0000] {logging_mixin.py:120} INFO - [2023-10-06T23:06:23.804+0000] {dag.py:3340} INFO - Setting next_dagrun for example_trigger_target_dag to None, run_after=None
[2023-10-06T23:06:23.819+0000] {processor.py:176} INFO - Processing /home/airflow/.local/lib/python3.7/site-packages/airflow/example_dags/example_trigger_target_dag.py took 0.078 seconds
[2023-10-06T23:06:53.924+0000] {processor.py:154} INFO - Started process (PID=3960) to work on /home/airflow/.local/lib/python3.7/site-packages/airflow/example_dags/example_trigger_target_dag.py
[2023-10-06T23:06:53.925+0000] {processor.py:756} INFO - Processing file /home/airflow/.local/lib/python3.7/site-packages/airflow/example_dags/example_trigger_target_dag.py for tasks to queue
[2023-10-06T23:06:53.926+0000] {logging_mixin.py:120} INFO - [2023-10-06T23:06:53.925+0000] {dagbag.py:537} INFO - Filling up the DagBag from /home/airflow/.local/lib/python3.7/site-packages/airflow/example_dags/example_trigger_target_dag.py
[2023-10-06T23:06:53.939+0000] {processor.py:766} INFO - DAG(s) dict_keys(['example_trigger_target_dag']) retrieved from /home/airflow/.local/lib/python3.7/site-packages/airflow/example_dags/example_trigger_target_dag.py
[2023-10-06T23:06:53.968+0000] {logging_mixin.py:120} INFO - [2023-10-06T23:06:53.967+0000] {dag.py:2585} INFO - Sync 1 DAGs
[2023-10-06T23:06:53.984+0000] {logging_mixin.py:120} INFO - [2023-10-06T23:06:53.984+0000] {dag.py:3340} INFO - Setting next_dagrun for example_trigger_target_dag to None, run_after=None
[2023-10-06T23:06:54.000+0000] {processor.py:176} INFO - Processing /home/airflow/.local/lib/python3.7/site-packages/airflow/example_dags/example_trigger_target_dag.py took 0.078 seconds
[2023-10-06T23:07:24.062+0000] {processor.py:154} INFO - Started process (PID=4024) to work on /home/airflow/.local/lib/python3.7/site-packages/airflow/example_dags/example_trigger_target_dag.py
[2023-10-06T23:07:24.063+0000] {processor.py:756} INFO - Processing file /home/airflow/.local/lib/python3.7/site-packages/airflow/example_dags/example_trigger_target_dag.py for tasks to queue
[2023-10-06T23:07:24.064+0000] {logging_mixin.py:120} INFO - [2023-10-06T23:07:24.064+0000] {dagbag.py:537} INFO - Filling up the DagBag from /home/airflow/.local/lib/python3.7/site-packages/airflow/example_dags/example_trigger_target_dag.py
[2023-10-06T23:07:24.078+0000] {processor.py:766} INFO - DAG(s) dict_keys(['example_trigger_target_dag']) retrieved from /home/airflow/.local/lib/python3.7/site-packages/airflow/example_dags/example_trigger_target_dag.py
[2023-10-06T23:07:24.107+0000] {logging_mixin.py:120} INFO - [2023-10-06T23:07:24.106+0000] {dag.py:2585} INFO - Sync 1 DAGs
[2023-10-06T23:07:24.123+0000] {logging_mixin.py:120} INFO - [2023-10-06T23:07:24.123+0000] {dag.py:3340} INFO - Setting next_dagrun for example_trigger_target_dag to None, run_after=None
[2023-10-06T23:07:24.136+0000] {processor.py:176} INFO - Processing /home/airflow/.local/lib/python3.7/site-packages/airflow/example_dags/example_trigger_target_dag.py took 0.076 seconds
[2023-10-06T23:07:54.207+0000] {processor.py:154} INFO - Started process (PID=4088) to work on /home/airflow/.local/lib/python3.7/site-packages/airflow/example_dags/example_trigger_target_dag.py
[2023-10-06T23:07:54.208+0000] {processor.py:756} INFO - Processing file /home/airflow/.local/lib/python3.7/site-packages/airflow/example_dags/example_trigger_target_dag.py for tasks to queue
[2023-10-06T23:07:54.209+0000] {logging_mixin.py:120} INFO - [2023-10-06T23:07:54.209+0000] {dagbag.py:537} INFO - Filling up the DagBag from /home/airflow/.local/lib/python3.7/site-packages/airflow/example_dags/example_trigger_target_dag.py
[2023-10-06T23:07:54.223+0000] {processor.py:766} INFO - DAG(s) dict_keys(['example_trigger_target_dag']) retrieved from /home/airflow/.local/lib/python3.7/site-packages/airflow/example_dags/example_trigger_target_dag.py
[2023-10-06T23:07:54.252+0000] {logging_mixin.py:120} INFO - [2023-10-06T23:07:54.252+0000] {dag.py:2585} INFO - Sync 1 DAGs
[2023-10-06T23:07:54.268+0000] {logging_mixin.py:120} INFO - [2023-10-06T23:07:54.268+0000] {dag.py:3340} INFO - Setting next_dagrun for example_trigger_target_dag to None, run_after=None
[2023-10-06T23:07:54.281+0000] {processor.py:176} INFO - Processing /home/airflow/.local/lib/python3.7/site-packages/airflow/example_dags/example_trigger_target_dag.py took 0.076 seconds
[2023-10-06T23:08:24.362+0000] {processor.py:154} INFO - Started process (PID=4152) to work on /home/airflow/.local/lib/python3.7/site-packages/airflow/example_dags/example_trigger_target_dag.py
[2023-10-06T23:08:24.363+0000] {processor.py:756} INFO - Processing file /home/airflow/.local/lib/python3.7/site-packages/airflow/example_dags/example_trigger_target_dag.py for tasks to queue
[2023-10-06T23:08:24.363+0000] {logging_mixin.py:120} INFO - [2023-10-06T23:08:24.363+0000] {dagbag.py:537} INFO - Filling up the DagBag from /home/airflow/.local/lib/python3.7/site-packages/airflow/example_dags/example_trigger_target_dag.py
[2023-10-06T23:08:24.377+0000] {processor.py:766} INFO - DAG(s) dict_keys(['example_trigger_target_dag']) retrieved from /home/airflow/.local/lib/python3.7/site-packages/airflow/example_dags/example_trigger_target_dag.py
[2023-10-06T23:08:24.405+0000] {logging_mixin.py:120} INFO - [2023-10-06T23:08:24.405+0000] {dag.py:2585} INFO - Sync 1 DAGs
[2023-10-06T23:08:24.421+0000] {logging_mixin.py:120} INFO - [2023-10-06T23:08:24.421+0000] {dag.py:3340} INFO - Setting next_dagrun for example_trigger_target_dag to None, run_after=None
[2023-10-06T23:08:24.435+0000] {processor.py:176} INFO - Processing /home/airflow/.local/lib/python3.7/site-packages/airflow/example_dags/example_trigger_target_dag.py took 0.075 seconds
