[2023-10-06T22:34:55.067+0000] {processor.py:154} INFO - Started process (PID=70) to work on /home/airflow/.local/lib/python3.7/site-packages/airflow/example_dags/example_skip_dag.py
[2023-10-06T22:34:55.067+0000] {processor.py:756} INFO - Processing file /home/airflow/.local/lib/python3.7/site-packages/airflow/example_dags/example_skip_dag.py for tasks to queue
[2023-10-06T22:34:55.068+0000] {logging_mixin.py:120} INFO - [2023-10-06T22:34:55.067+0000] {dagbag.py:537} INFO - Filling up the DagBag from /home/airflow/.local/lib/python3.7/site-packages/airflow/example_dags/example_skip_dag.py
[2023-10-06T22:34:55.081+0000] {processor.py:766} INFO - DAG(s) dict_keys(['example_skip_dag']) retrieved from /home/airflow/.local/lib/python3.7/site-packages/airflow/example_dags/example_skip_dag.py
[2023-10-06T22:34:55.116+0000] {logging_mixin.py:120} INFO - [2023-10-06T22:34:55.116+0000] {dag.py:2585} INFO - Sync 1 DAGs
[2023-10-06T22:34:55.141+0000] {logging_mixin.py:120} INFO - [2023-10-06T22:34:55.141+0000] {dag.py:3340} INFO - Setting next_dagrun for example_skip_dag to 2023-10-05T22:34:55.141327+00:00, run_after=2023-10-06T22:34:55.141327+00:00
[2023-10-06T22:34:55.159+0000] {processor.py:176} INFO - Processing /home/airflow/.local/lib/python3.7/site-packages/airflow/example_dags/example_skip_dag.py took 0.095 seconds
[2023-10-06T22:35:25.237+0000] {processor.py:154} INFO - Started process (PID=133) to work on /home/airflow/.local/lib/python3.7/site-packages/airflow/example_dags/example_skip_dag.py
[2023-10-06T22:35:25.237+0000] {processor.py:756} INFO - Processing file /home/airflow/.local/lib/python3.7/site-packages/airflow/example_dags/example_skip_dag.py for tasks to queue
[2023-10-06T22:35:25.238+0000] {logging_mixin.py:120} INFO - [2023-10-06T22:35:25.238+0000] {dagbag.py:537} INFO - Filling up the DagBag from /home/airflow/.local/lib/python3.7/site-packages/airflow/example_dags/example_skip_dag.py
[2023-10-06T22:35:25.248+0000] {processor.py:766} INFO - DAG(s) dict_keys(['example_skip_dag']) retrieved from /home/airflow/.local/lib/python3.7/site-packages/airflow/example_dags/example_skip_dag.py
[2023-10-06T22:35:25.267+0000] {logging_mixin.py:120} INFO - [2023-10-06T22:35:25.266+0000] {dag.py:2585} INFO - Sync 1 DAGs
[2023-10-06T22:35:25.288+0000] {logging_mixin.py:120} INFO - [2023-10-06T22:35:25.288+0000] {dag.py:3340} INFO - Setting next_dagrun for example_skip_dag to 2023-10-05T22:35:25.288428+00:00, run_after=2023-10-06T22:35:25.288428+00:00
[2023-10-06T22:35:25.304+0000] {processor.py:176} INFO - Processing /home/airflow/.local/lib/python3.7/site-packages/airflow/example_dags/example_skip_dag.py took 0.070 seconds
[2023-10-06T22:35:56.324+0000] {processor.py:154} INFO - Started process (PID=196) to work on /home/airflow/.local/lib/python3.7/site-packages/airflow/example_dags/example_skip_dag.py
[2023-10-06T22:35:56.325+0000] {processor.py:756} INFO - Processing file /home/airflow/.local/lib/python3.7/site-packages/airflow/example_dags/example_skip_dag.py for tasks to queue
[2023-10-06T22:35:56.325+0000] {logging_mixin.py:120} INFO - [2023-10-06T22:35:56.325+0000] {dagbag.py:537} INFO - Filling up the DagBag from /home/airflow/.local/lib/python3.7/site-packages/airflow/example_dags/example_skip_dag.py
[2023-10-06T22:35:56.335+0000] {processor.py:766} INFO - DAG(s) dict_keys(['example_skip_dag']) retrieved from /home/airflow/.local/lib/python3.7/site-packages/airflow/example_dags/example_skip_dag.py
[2023-10-06T22:35:56.364+0000] {logging_mixin.py:120} INFO - [2023-10-06T22:35:56.364+0000] {dag.py:2585} INFO - Sync 1 DAGs
[2023-10-06T22:35:56.383+0000] {logging_mixin.py:120} INFO - [2023-10-06T22:35:56.383+0000] {dag.py:3340} INFO - Setting next_dagrun for example_skip_dag to 2023-10-05T22:35:56.383302+00:00, run_after=2023-10-06T22:35:56.383302+00:00
[2023-10-06T22:35:56.403+0000] {processor.py:176} INFO - Processing /home/airflow/.local/lib/python3.7/site-packages/airflow/example_dags/example_skip_dag.py took 0.081 seconds
[2023-10-06T22:36:26.695+0000] {processor.py:154} INFO - Started process (PID=259) to work on /home/airflow/.local/lib/python3.7/site-packages/airflow/example_dags/example_skip_dag.py
[2023-10-06T22:36:26.696+0000] {processor.py:756} INFO - Processing file /home/airflow/.local/lib/python3.7/site-packages/airflow/example_dags/example_skip_dag.py for tasks to queue
[2023-10-06T22:36:26.696+0000] {logging_mixin.py:120} INFO - [2023-10-06T22:36:26.696+0000] {dagbag.py:537} INFO - Filling up the DagBag from /home/airflow/.local/lib/python3.7/site-packages/airflow/example_dags/example_skip_dag.py
[2023-10-06T22:36:26.708+0000] {processor.py:766} INFO - DAG(s) dict_keys(['example_skip_dag']) retrieved from /home/airflow/.local/lib/python3.7/site-packages/airflow/example_dags/example_skip_dag.py
[2023-10-06T22:36:26.740+0000] {logging_mixin.py:120} INFO - [2023-10-06T22:36:26.740+0000] {dag.py:2585} INFO - Sync 1 DAGs
[2023-10-06T22:36:26.759+0000] {logging_mixin.py:120} INFO - [2023-10-06T22:36:26.759+0000] {dag.py:3340} INFO - Setting next_dagrun for example_skip_dag to 2023-10-05T22:36:26.758865+00:00, run_after=2023-10-06T22:36:26.758865+00:00
[2023-10-06T22:36:26.775+0000] {processor.py:176} INFO - Processing /home/airflow/.local/lib/python3.7/site-packages/airflow/example_dags/example_skip_dag.py took 0.082 seconds
[2023-10-06T22:36:57.498+0000] {processor.py:154} INFO - Started process (PID=314) to work on /home/airflow/.local/lib/python3.7/site-packages/airflow/example_dags/example_skip_dag.py
[2023-10-06T22:36:57.501+0000] {processor.py:756} INFO - Processing file /home/airflow/.local/lib/python3.7/site-packages/airflow/example_dags/example_skip_dag.py for tasks to queue
[2023-10-06T22:36:57.503+0000] {logging_mixin.py:120} INFO - [2023-10-06T22:36:57.503+0000] {dagbag.py:537} INFO - Filling up the DagBag from /home/airflow/.local/lib/python3.7/site-packages/airflow/example_dags/example_skip_dag.py
[2023-10-06T22:36:57.520+0000] {processor.py:766} INFO - DAG(s) dict_keys(['example_skip_dag']) retrieved from /home/airflow/.local/lib/python3.7/site-packages/airflow/example_dags/example_skip_dag.py
[2023-10-06T22:36:57.549+0000] {logging_mixin.py:120} INFO - [2023-10-06T22:36:57.549+0000] {dag.py:2585} INFO - Sync 1 DAGs
[2023-10-06T22:36:57.567+0000] {logging_mixin.py:120} INFO - [2023-10-06T22:36:57.567+0000] {dag.py:3340} INFO - Setting next_dagrun for example_skip_dag to 2023-10-05T22:36:57.567597+00:00, run_after=2023-10-06T22:36:57.567597+00:00
[2023-10-06T22:36:57.585+0000] {processor.py:176} INFO - Processing /home/airflow/.local/lib/python3.7/site-packages/airflow/example_dags/example_skip_dag.py took 0.089 seconds
[2023-10-06T22:37:28.311+0000] {processor.py:154} INFO - Started process (PID=377) to work on /home/airflow/.local/lib/python3.7/site-packages/airflow/example_dags/example_skip_dag.py
[2023-10-06T22:37:28.312+0000] {processor.py:756} INFO - Processing file /home/airflow/.local/lib/python3.7/site-packages/airflow/example_dags/example_skip_dag.py for tasks to queue
[2023-10-06T22:37:28.313+0000] {logging_mixin.py:120} INFO - [2023-10-06T22:37:28.312+0000] {dagbag.py:537} INFO - Filling up the DagBag from /home/airflow/.local/lib/python3.7/site-packages/airflow/example_dags/example_skip_dag.py
[2023-10-06T22:37:28.324+0000] {processor.py:766} INFO - DAG(s) dict_keys(['example_skip_dag']) retrieved from /home/airflow/.local/lib/python3.7/site-packages/airflow/example_dags/example_skip_dag.py
[2023-10-06T22:37:28.365+0000] {logging_mixin.py:120} INFO - [2023-10-06T22:37:28.365+0000] {dag.py:2585} INFO - Sync 1 DAGs
[2023-10-06T22:37:28.395+0000] {logging_mixin.py:120} INFO - [2023-10-06T22:37:28.395+0000] {dag.py:3340} INFO - Setting next_dagrun for example_skip_dag to 2023-10-05T22:37:28.394982+00:00, run_after=2023-10-06T22:37:28.394982+00:00
[2023-10-06T22:37:28.411+0000] {processor.py:176} INFO - Processing /home/airflow/.local/lib/python3.7/site-packages/airflow/example_dags/example_skip_dag.py took 0.102 seconds
[2023-10-06T22:37:58.803+0000] {processor.py:154} INFO - Started process (PID=441) to work on /home/airflow/.local/lib/python3.7/site-packages/airflow/example_dags/example_skip_dag.py
[2023-10-06T22:37:58.804+0000] {processor.py:756} INFO - Processing file /home/airflow/.local/lib/python3.7/site-packages/airflow/example_dags/example_skip_dag.py for tasks to queue
[2023-10-06T22:37:58.805+0000] {logging_mixin.py:120} INFO - [2023-10-06T22:37:58.804+0000] {dagbag.py:537} INFO - Filling up the DagBag from /home/airflow/.local/lib/python3.7/site-packages/airflow/example_dags/example_skip_dag.py
[2023-10-06T22:37:58.815+0000] {processor.py:766} INFO - DAG(s) dict_keys(['example_skip_dag']) retrieved from /home/airflow/.local/lib/python3.7/site-packages/airflow/example_dags/example_skip_dag.py
[2023-10-06T22:37:58.844+0000] {logging_mixin.py:120} INFO - [2023-10-06T22:37:58.844+0000] {dag.py:2585} INFO - Sync 1 DAGs
[2023-10-06T22:37:58.861+0000] {logging_mixin.py:120} INFO - [2023-10-06T22:37:58.861+0000] {dag.py:3340} INFO - Setting next_dagrun for example_skip_dag to 2023-10-05T22:37:58.861302+00:00, run_after=2023-10-06T22:37:58.861302+00:00
[2023-10-06T22:37:58.876+0000] {processor.py:176} INFO - Processing /home/airflow/.local/lib/python3.7/site-packages/airflow/example_dags/example_skip_dag.py took 0.075 seconds
[2023-10-06T22:38:29.409+0000] {processor.py:154} INFO - Started process (PID=505) to work on /home/airflow/.local/lib/python3.7/site-packages/airflow/example_dags/example_skip_dag.py
[2023-10-06T22:38:29.410+0000] {processor.py:756} INFO - Processing file /home/airflow/.local/lib/python3.7/site-packages/airflow/example_dags/example_skip_dag.py for tasks to queue
[2023-10-06T22:38:29.411+0000] {logging_mixin.py:120} INFO - [2023-10-06T22:38:29.411+0000] {dagbag.py:537} INFO - Filling up the DagBag from /home/airflow/.local/lib/python3.7/site-packages/airflow/example_dags/example_skip_dag.py
[2023-10-06T22:38:29.424+0000] {processor.py:766} INFO - DAG(s) dict_keys(['example_skip_dag']) retrieved from /home/airflow/.local/lib/python3.7/site-packages/airflow/example_dags/example_skip_dag.py
[2023-10-06T22:38:29.462+0000] {logging_mixin.py:120} INFO - [2023-10-06T22:38:29.462+0000] {dag.py:2585} INFO - Sync 1 DAGs
[2023-10-06T22:38:29.485+0000] {logging_mixin.py:120} INFO - [2023-10-06T22:38:29.485+0000] {dag.py:3340} INFO - Setting next_dagrun for example_skip_dag to 2023-10-05T22:38:29.484821+00:00, run_after=2023-10-06T22:38:29.484821+00:00
[2023-10-06T22:38:29.503+0000] {processor.py:176} INFO - Processing /home/airflow/.local/lib/python3.7/site-packages/airflow/example_dags/example_skip_dag.py took 0.097 seconds
[2023-10-06T22:39:00.027+0000] {processor.py:154} INFO - Started process (PID=559) to work on /home/airflow/.local/lib/python3.7/site-packages/airflow/example_dags/example_skip_dag.py
[2023-10-06T22:39:00.028+0000] {processor.py:756} INFO - Processing file /home/airflow/.local/lib/python3.7/site-packages/airflow/example_dags/example_skip_dag.py for tasks to queue
[2023-10-06T22:39:00.029+0000] {logging_mixin.py:120} INFO - [2023-10-06T22:39:00.029+0000] {dagbag.py:537} INFO - Filling up the DagBag from /home/airflow/.local/lib/python3.7/site-packages/airflow/example_dags/example_skip_dag.py
[2023-10-06T22:39:00.043+0000] {processor.py:766} INFO - DAG(s) dict_keys(['example_skip_dag']) retrieved from /home/airflow/.local/lib/python3.7/site-packages/airflow/example_dags/example_skip_dag.py
[2023-10-06T22:39:00.084+0000] {logging_mixin.py:120} INFO - [2023-10-06T22:39:00.084+0000] {dag.py:2585} INFO - Sync 1 DAGs
[2023-10-06T22:39:00.116+0000] {logging_mixin.py:120} INFO - [2023-10-06T22:39:00.115+0000] {dag.py:3340} INFO - Setting next_dagrun for example_skip_dag to 2023-10-05T22:39:00.115561+00:00, run_after=2023-10-06T22:39:00.115561+00:00
[2023-10-06T22:39:00.136+0000] {processor.py:176} INFO - Processing /home/airflow/.local/lib/python3.7/site-packages/airflow/example_dags/example_skip_dag.py took 0.113 seconds
[2023-10-06T22:39:31.233+0000] {processor.py:154} INFO - Started process (PID=624) to work on /home/airflow/.local/lib/python3.7/site-packages/airflow/example_dags/example_skip_dag.py
[2023-10-06T22:39:31.234+0000] {processor.py:756} INFO - Processing file /home/airflow/.local/lib/python3.7/site-packages/airflow/example_dags/example_skip_dag.py for tasks to queue
[2023-10-06T22:39:31.235+0000] {logging_mixin.py:120} INFO - [2023-10-06T22:39:31.235+0000] {dagbag.py:537} INFO - Filling up the DagBag from /home/airflow/.local/lib/python3.7/site-packages/airflow/example_dags/example_skip_dag.py
[2023-10-06T22:39:31.253+0000] {processor.py:766} INFO - DAG(s) dict_keys(['example_skip_dag']) retrieved from /home/airflow/.local/lib/python3.7/site-packages/airflow/example_dags/example_skip_dag.py
[2023-10-06T22:39:31.296+0000] {logging_mixin.py:120} INFO - [2023-10-06T22:39:31.296+0000] {dag.py:2585} INFO - Sync 1 DAGs
[2023-10-06T22:39:31.333+0000] {logging_mixin.py:120} INFO - [2023-10-06T22:39:31.333+0000] {dag.py:3340} INFO - Setting next_dagrun for example_skip_dag to 2023-10-05T22:39:31.332566+00:00, run_after=2023-10-06T22:39:31.332566+00:00
[2023-10-06T22:39:31.365+0000] {processor.py:176} INFO - Processing /home/airflow/.local/lib/python3.7/site-packages/airflow/example_dags/example_skip_dag.py took 0.136 seconds
[2023-10-06T22:40:02.209+0000] {processor.py:154} INFO - Started process (PID=687) to work on /home/airflow/.local/lib/python3.7/site-packages/airflow/example_dags/example_skip_dag.py
[2023-10-06T22:40:02.210+0000] {processor.py:756} INFO - Processing file /home/airflow/.local/lib/python3.7/site-packages/airflow/example_dags/example_skip_dag.py for tasks to queue
[2023-10-06T22:40:02.210+0000] {logging_mixin.py:120} INFO - [2023-10-06T22:40:02.210+0000] {dagbag.py:537} INFO - Filling up the DagBag from /home/airflow/.local/lib/python3.7/site-packages/airflow/example_dags/example_skip_dag.py
[2023-10-06T22:40:02.223+0000] {processor.py:766} INFO - DAG(s) dict_keys(['example_skip_dag']) retrieved from /home/airflow/.local/lib/python3.7/site-packages/airflow/example_dags/example_skip_dag.py
[2023-10-06T22:40:02.257+0000] {logging_mixin.py:120} INFO - [2023-10-06T22:40:02.257+0000] {dag.py:2585} INFO - Sync 1 DAGs
[2023-10-06T22:40:02.278+0000] {logging_mixin.py:120} INFO - [2023-10-06T22:40:02.278+0000] {dag.py:3340} INFO - Setting next_dagrun for example_skip_dag to 2023-10-05T22:40:02.277936+00:00, run_after=2023-10-06T22:40:02.277936+00:00
[2023-10-06T22:40:02.296+0000] {processor.py:176} INFO - Processing /home/airflow/.local/lib/python3.7/site-packages/airflow/example_dags/example_skip_dag.py took 0.089 seconds
[2023-10-06T22:40:32.767+0000] {processor.py:154} INFO - Started process (PID=750) to work on /home/airflow/.local/lib/python3.7/site-packages/airflow/example_dags/example_skip_dag.py
[2023-10-06T22:40:32.768+0000] {processor.py:756} INFO - Processing file /home/airflow/.local/lib/python3.7/site-packages/airflow/example_dags/example_skip_dag.py for tasks to queue
[2023-10-06T22:40:32.769+0000] {logging_mixin.py:120} INFO - [2023-10-06T22:40:32.769+0000] {dagbag.py:537} INFO - Filling up the DagBag from /home/airflow/.local/lib/python3.7/site-packages/airflow/example_dags/example_skip_dag.py
[2023-10-06T22:40:32.787+0000] {processor.py:766} INFO - DAG(s) dict_keys(['example_skip_dag']) retrieved from /home/airflow/.local/lib/python3.7/site-packages/airflow/example_dags/example_skip_dag.py
[2023-10-06T22:40:32.843+0000] {logging_mixin.py:120} INFO - [2023-10-06T22:40:32.842+0000] {dag.py:2585} INFO - Sync 1 DAGs
[2023-10-06T22:40:32.874+0000] {logging_mixin.py:120} INFO - [2023-10-06T22:40:32.874+0000] {dag.py:3340} INFO - Setting next_dagrun for example_skip_dag to 2023-10-05T22:40:32.873355+00:00, run_after=2023-10-06T22:40:32.873355+00:00
[2023-10-06T22:40:32.900+0000] {processor.py:176} INFO - Processing /home/airflow/.local/lib/python3.7/site-packages/airflow/example_dags/example_skip_dag.py took 0.136 seconds
[2023-10-06T22:41:03.328+0000] {processor.py:154} INFO - Started process (PID=804) to work on /home/airflow/.local/lib/python3.7/site-packages/airflow/example_dags/example_skip_dag.py
[2023-10-06T22:41:03.329+0000] {processor.py:756} INFO - Processing file /home/airflow/.local/lib/python3.7/site-packages/airflow/example_dags/example_skip_dag.py for tasks to queue
[2023-10-06T22:41:03.329+0000] {logging_mixin.py:120} INFO - [2023-10-06T22:41:03.329+0000] {dagbag.py:537} INFO - Filling up the DagBag from /home/airflow/.local/lib/python3.7/site-packages/airflow/example_dags/example_skip_dag.py
[2023-10-06T22:41:03.341+0000] {processor.py:766} INFO - DAG(s) dict_keys(['example_skip_dag']) retrieved from /home/airflow/.local/lib/python3.7/site-packages/airflow/example_dags/example_skip_dag.py
[2023-10-06T22:41:03.370+0000] {logging_mixin.py:120} INFO - [2023-10-06T22:41:03.370+0000] {dag.py:2585} INFO - Sync 1 DAGs
[2023-10-06T22:41:03.387+0000] {logging_mixin.py:120} INFO - [2023-10-06T22:41:03.387+0000] {dag.py:3340} INFO - Setting next_dagrun for example_skip_dag to 2023-10-05T22:41:03.387333+00:00, run_after=2023-10-06T22:41:03.387333+00:00
[2023-10-06T22:41:03.403+0000] {processor.py:176} INFO - Processing /home/airflow/.local/lib/python3.7/site-packages/airflow/example_dags/example_skip_dag.py took 0.078 seconds
[2023-10-06T22:41:33.761+0000] {processor.py:154} INFO - Started process (PID=867) to work on /home/airflow/.local/lib/python3.7/site-packages/airflow/example_dags/example_skip_dag.py
[2023-10-06T22:41:33.762+0000] {processor.py:756} INFO - Processing file /home/airflow/.local/lib/python3.7/site-packages/airflow/example_dags/example_skip_dag.py for tasks to queue
[2023-10-06T22:41:33.762+0000] {logging_mixin.py:120} INFO - [2023-10-06T22:41:33.762+0000] {dagbag.py:537} INFO - Filling up the DagBag from /home/airflow/.local/lib/python3.7/site-packages/airflow/example_dags/example_skip_dag.py
[2023-10-06T22:41:33.773+0000] {processor.py:766} INFO - DAG(s) dict_keys(['example_skip_dag']) retrieved from /home/airflow/.local/lib/python3.7/site-packages/airflow/example_dags/example_skip_dag.py
[2023-10-06T22:41:33.803+0000] {logging_mixin.py:120} INFO - [2023-10-06T22:41:33.803+0000] {dag.py:2585} INFO - Sync 1 DAGs
[2023-10-06T22:41:33.821+0000] {logging_mixin.py:120} INFO - [2023-10-06T22:41:33.820+0000] {dag.py:3340} INFO - Setting next_dagrun for example_skip_dag to 2023-10-05T22:41:33.820821+00:00, run_after=2023-10-06T22:41:33.820821+00:00
[2023-10-06T22:41:33.834+0000] {processor.py:176} INFO - Processing /home/airflow/.local/lib/python3.7/site-packages/airflow/example_dags/example_skip_dag.py took 0.075 seconds
[2023-10-06T22:42:04.271+0000] {processor.py:154} INFO - Started process (PID=930) to work on /home/airflow/.local/lib/python3.7/site-packages/airflow/example_dags/example_skip_dag.py
[2023-10-06T22:42:04.272+0000] {processor.py:756} INFO - Processing file /home/airflow/.local/lib/python3.7/site-packages/airflow/example_dags/example_skip_dag.py for tasks to queue
[2023-10-06T22:42:04.273+0000] {logging_mixin.py:120} INFO - [2023-10-06T22:42:04.273+0000] {dagbag.py:537} INFO - Filling up the DagBag from /home/airflow/.local/lib/python3.7/site-packages/airflow/example_dags/example_skip_dag.py
[2023-10-06T22:42:04.288+0000] {processor.py:766} INFO - DAG(s) dict_keys(['example_skip_dag']) retrieved from /home/airflow/.local/lib/python3.7/site-packages/airflow/example_dags/example_skip_dag.py
[2023-10-06T22:42:04.330+0000] {logging_mixin.py:120} INFO - [2023-10-06T22:42:04.330+0000] {dag.py:2585} INFO - Sync 1 DAGs
[2023-10-06T22:42:04.354+0000] {logging_mixin.py:120} INFO - [2023-10-06T22:42:04.354+0000] {dag.py:3340} INFO - Setting next_dagrun for example_skip_dag to 2023-10-05T22:42:04.354212+00:00, run_after=2023-10-06T22:42:04.354212+00:00
[2023-10-06T22:42:04.374+0000] {processor.py:176} INFO - Processing /home/airflow/.local/lib/python3.7/site-packages/airflow/example_dags/example_skip_dag.py took 0.106 seconds
[2023-10-06T22:42:34.595+0000] {processor.py:154} INFO - Started process (PID=993) to work on /home/airflow/.local/lib/python3.7/site-packages/airflow/example_dags/example_skip_dag.py
[2023-10-06T22:42:34.596+0000] {processor.py:756} INFO - Processing file /home/airflow/.local/lib/python3.7/site-packages/airflow/example_dags/example_skip_dag.py for tasks to queue
[2023-10-06T22:42:34.596+0000] {logging_mixin.py:120} INFO - [2023-10-06T22:42:34.596+0000] {dagbag.py:537} INFO - Filling up the DagBag from /home/airflow/.local/lib/python3.7/site-packages/airflow/example_dags/example_skip_dag.py
[2023-10-06T22:42:34.607+0000] {processor.py:766} INFO - DAG(s) dict_keys(['example_skip_dag']) retrieved from /home/airflow/.local/lib/python3.7/site-packages/airflow/example_dags/example_skip_dag.py
[2023-10-06T22:42:34.641+0000] {logging_mixin.py:120} INFO - [2023-10-06T22:42:34.640+0000] {dag.py:2585} INFO - Sync 1 DAGs
[2023-10-06T22:42:34.660+0000] {logging_mixin.py:120} INFO - [2023-10-06T22:42:34.660+0000] {dag.py:3340} INFO - Setting next_dagrun for example_skip_dag to 2023-10-05T22:42:34.660341+00:00, run_after=2023-10-06T22:42:34.660341+00:00
[2023-10-06T22:42:34.677+0000] {processor.py:176} INFO - Processing /home/airflow/.local/lib/python3.7/site-packages/airflow/example_dags/example_skip_dag.py took 0.084 seconds
[2023-10-06T22:43:04.971+0000] {processor.py:154} INFO - Started process (PID=1048) to work on /home/airflow/.local/lib/python3.7/site-packages/airflow/example_dags/example_skip_dag.py
[2023-10-06T22:43:04.972+0000] {processor.py:756} INFO - Processing file /home/airflow/.local/lib/python3.7/site-packages/airflow/example_dags/example_skip_dag.py for tasks to queue
[2023-10-06T22:43:04.973+0000] {logging_mixin.py:120} INFO - [2023-10-06T22:43:04.973+0000] {dagbag.py:537} INFO - Filling up the DagBag from /home/airflow/.local/lib/python3.7/site-packages/airflow/example_dags/example_skip_dag.py
[2023-10-06T22:43:04.983+0000] {processor.py:766} INFO - DAG(s) dict_keys(['example_skip_dag']) retrieved from /home/airflow/.local/lib/python3.7/site-packages/airflow/example_dags/example_skip_dag.py
[2023-10-06T22:43:05.016+0000] {logging_mixin.py:120} INFO - [2023-10-06T22:43:05.016+0000] {dag.py:2585} INFO - Sync 1 DAGs
[2023-10-06T22:43:05.035+0000] {logging_mixin.py:120} INFO - [2023-10-06T22:43:05.035+0000] {dag.py:3340} INFO - Setting next_dagrun for example_skip_dag to 2023-10-05T22:43:05.035331+00:00, run_after=2023-10-06T22:43:05.035331+00:00
[2023-10-06T22:43:05.054+0000] {processor.py:176} INFO - Processing /home/airflow/.local/lib/python3.7/site-packages/airflow/example_dags/example_skip_dag.py took 0.085 seconds
[2023-10-06T22:43:35.419+0000] {processor.py:154} INFO - Started process (PID=1112) to work on /home/airflow/.local/lib/python3.7/site-packages/airflow/example_dags/example_skip_dag.py
[2023-10-06T22:43:35.420+0000] {processor.py:756} INFO - Processing file /home/airflow/.local/lib/python3.7/site-packages/airflow/example_dags/example_skip_dag.py for tasks to queue
[2023-10-06T22:43:35.420+0000] {logging_mixin.py:120} INFO - [2023-10-06T22:43:35.420+0000] {dagbag.py:537} INFO - Filling up the DagBag from /home/airflow/.local/lib/python3.7/site-packages/airflow/example_dags/example_skip_dag.py
[2023-10-06T22:43:35.429+0000] {processor.py:766} INFO - DAG(s) dict_keys(['example_skip_dag']) retrieved from /home/airflow/.local/lib/python3.7/site-packages/airflow/example_dags/example_skip_dag.py
[2023-10-06T22:43:35.458+0000] {logging_mixin.py:120} INFO - [2023-10-06T22:43:35.458+0000] {dag.py:2585} INFO - Sync 1 DAGs
[2023-10-06T22:43:35.475+0000] {logging_mixin.py:120} INFO - [2023-10-06T22:43:35.475+0000] {dag.py:3340} INFO - Setting next_dagrun for example_skip_dag to 2023-10-05T22:43:35.475503+00:00, run_after=2023-10-06T22:43:35.475503+00:00
[2023-10-06T22:43:35.490+0000] {processor.py:176} INFO - Processing /home/airflow/.local/lib/python3.7/site-packages/airflow/example_dags/example_skip_dag.py took 0.072 seconds
[2023-10-06T22:44:05.715+0000] {processor.py:154} INFO - Started process (PID=1174) to work on /home/airflow/.local/lib/python3.7/site-packages/airflow/example_dags/example_skip_dag.py
[2023-10-06T22:44:05.716+0000] {processor.py:756} INFO - Processing file /home/airflow/.local/lib/python3.7/site-packages/airflow/example_dags/example_skip_dag.py for tasks to queue
[2023-10-06T22:44:05.716+0000] {logging_mixin.py:120} INFO - [2023-10-06T22:44:05.716+0000] {dagbag.py:537} INFO - Filling up the DagBag from /home/airflow/.local/lib/python3.7/site-packages/airflow/example_dags/example_skip_dag.py
[2023-10-06T22:44:05.727+0000] {processor.py:766} INFO - DAG(s) dict_keys(['example_skip_dag']) retrieved from /home/airflow/.local/lib/python3.7/site-packages/airflow/example_dags/example_skip_dag.py
[2023-10-06T22:44:05.756+0000] {logging_mixin.py:120} INFO - [2023-10-06T22:44:05.756+0000] {dag.py:2585} INFO - Sync 1 DAGs
[2023-10-06T22:44:05.772+0000] {logging_mixin.py:120} INFO - [2023-10-06T22:44:05.771+0000] {dag.py:3340} INFO - Setting next_dagrun for example_skip_dag to 2023-10-05T22:44:05.771731+00:00, run_after=2023-10-06T22:44:05.771731+00:00
[2023-10-06T22:44:05.785+0000] {processor.py:176} INFO - Processing /home/airflow/.local/lib/python3.7/site-packages/airflow/example_dags/example_skip_dag.py took 0.072 seconds
[2023-10-06T22:44:36.089+0000] {processor.py:154} INFO - Started process (PID=1238) to work on /home/airflow/.local/lib/python3.7/site-packages/airflow/example_dags/example_skip_dag.py
[2023-10-06T22:44:36.090+0000] {processor.py:756} INFO - Processing file /home/airflow/.local/lib/python3.7/site-packages/airflow/example_dags/example_skip_dag.py for tasks to queue
[2023-10-06T22:44:36.091+0000] {logging_mixin.py:120} INFO - [2023-10-06T22:44:36.091+0000] {dagbag.py:537} INFO - Filling up the DagBag from /home/airflow/.local/lib/python3.7/site-packages/airflow/example_dags/example_skip_dag.py
[2023-10-06T22:44:36.101+0000] {processor.py:766} INFO - DAG(s) dict_keys(['example_skip_dag']) retrieved from /home/airflow/.local/lib/python3.7/site-packages/airflow/example_dags/example_skip_dag.py
[2023-10-06T22:44:36.133+0000] {logging_mixin.py:120} INFO - [2023-10-06T22:44:36.133+0000] {dag.py:2585} INFO - Sync 1 DAGs
[2023-10-06T22:44:36.153+0000] {logging_mixin.py:120} INFO - [2023-10-06T22:44:36.153+0000] {dag.py:3340} INFO - Setting next_dagrun for example_skip_dag to 2023-10-05T22:44:36.152859+00:00, run_after=2023-10-06T22:44:36.152859+00:00
[2023-10-06T22:44:36.171+0000] {processor.py:176} INFO - Processing /home/airflow/.local/lib/python3.7/site-packages/airflow/example_dags/example_skip_dag.py took 0.084 seconds
[2023-10-06T22:45:06.424+0000] {processor.py:154} INFO - Started process (PID=1293) to work on /home/airflow/.local/lib/python3.7/site-packages/airflow/example_dags/example_skip_dag.py
[2023-10-06T22:45:06.425+0000] {processor.py:756} INFO - Processing file /home/airflow/.local/lib/python3.7/site-packages/airflow/example_dags/example_skip_dag.py for tasks to queue
[2023-10-06T22:45:06.425+0000] {logging_mixin.py:120} INFO - [2023-10-06T22:45:06.425+0000] {dagbag.py:537} INFO - Filling up the DagBag from /home/airflow/.local/lib/python3.7/site-packages/airflow/example_dags/example_skip_dag.py
[2023-10-06T22:45:06.438+0000] {processor.py:766} INFO - DAG(s) dict_keys(['example_skip_dag']) retrieved from /home/airflow/.local/lib/python3.7/site-packages/airflow/example_dags/example_skip_dag.py
[2023-10-06T22:45:06.470+0000] {logging_mixin.py:120} INFO - [2023-10-06T22:45:06.470+0000] {dag.py:2585} INFO - Sync 1 DAGs
[2023-10-06T22:45:06.491+0000] {logging_mixin.py:120} INFO - [2023-10-06T22:45:06.490+0000] {dag.py:3340} INFO - Setting next_dagrun for example_skip_dag to 2023-10-05T22:45:06.490677+00:00, run_after=2023-10-06T22:45:06.490677+00:00
[2023-10-06T22:45:06.509+0000] {processor.py:176} INFO - Processing /home/airflow/.local/lib/python3.7/site-packages/airflow/example_dags/example_skip_dag.py took 0.088 seconds
[2023-10-06T22:45:36.736+0000] {processor.py:154} INFO - Started process (PID=1357) to work on /home/airflow/.local/lib/python3.7/site-packages/airflow/example_dags/example_skip_dag.py
[2023-10-06T22:45:36.736+0000] {processor.py:756} INFO - Processing file /home/airflow/.local/lib/python3.7/site-packages/airflow/example_dags/example_skip_dag.py for tasks to queue
[2023-10-06T22:45:36.737+0000] {logging_mixin.py:120} INFO - [2023-10-06T22:45:36.736+0000] {dagbag.py:537} INFO - Filling up the DagBag from /home/airflow/.local/lib/python3.7/site-packages/airflow/example_dags/example_skip_dag.py
[2023-10-06T22:45:36.748+0000] {processor.py:766} INFO - DAG(s) dict_keys(['example_skip_dag']) retrieved from /home/airflow/.local/lib/python3.7/site-packages/airflow/example_dags/example_skip_dag.py
[2023-10-06T22:45:36.779+0000] {logging_mixin.py:120} INFO - [2023-10-06T22:45:36.779+0000] {dag.py:2585} INFO - Sync 1 DAGs
[2023-10-06T22:45:36.799+0000] {logging_mixin.py:120} INFO - [2023-10-06T22:45:36.799+0000] {dag.py:3340} INFO - Setting next_dagrun for example_skip_dag to 2023-10-05T22:45:36.798701+00:00, run_after=2023-10-06T22:45:36.798701+00:00
[2023-10-06T22:45:36.814+0000] {processor.py:176} INFO - Processing /home/airflow/.local/lib/python3.7/site-packages/airflow/example_dags/example_skip_dag.py took 0.080 seconds
[2023-10-06T22:46:07.241+0000] {processor.py:154} INFO - Started process (PID=1421) to work on /home/airflow/.local/lib/python3.7/site-packages/airflow/example_dags/example_skip_dag.py
[2023-10-06T22:46:07.242+0000] {processor.py:756} INFO - Processing file /home/airflow/.local/lib/python3.7/site-packages/airflow/example_dags/example_skip_dag.py for tasks to queue
[2023-10-06T22:46:07.242+0000] {logging_mixin.py:120} INFO - [2023-10-06T22:46:07.242+0000] {dagbag.py:537} INFO - Filling up the DagBag from /home/airflow/.local/lib/python3.7/site-packages/airflow/example_dags/example_skip_dag.py
[2023-10-06T22:46:07.253+0000] {processor.py:766} INFO - DAG(s) dict_keys(['example_skip_dag']) retrieved from /home/airflow/.local/lib/python3.7/site-packages/airflow/example_dags/example_skip_dag.py
[2023-10-06T22:46:07.286+0000] {logging_mixin.py:120} INFO - [2023-10-06T22:46:07.285+0000] {dag.py:2585} INFO - Sync 1 DAGs
[2023-10-06T22:46:07.303+0000] {logging_mixin.py:120} INFO - [2023-10-06T22:46:07.303+0000] {dag.py:3340} INFO - Setting next_dagrun for example_skip_dag to 2023-10-05T22:46:07.303389+00:00, run_after=2023-10-06T22:46:07.303389+00:00
[2023-10-06T22:46:07.320+0000] {processor.py:176} INFO - Processing /home/airflow/.local/lib/python3.7/site-packages/airflow/example_dags/example_skip_dag.py took 0.082 seconds
[2023-10-06T22:46:37.674+0000] {processor.py:154} INFO - Started process (PID=1486) to work on /home/airflow/.local/lib/python3.7/site-packages/airflow/example_dags/example_skip_dag.py
[2023-10-06T22:46:37.675+0000] {processor.py:756} INFO - Processing file /home/airflow/.local/lib/python3.7/site-packages/airflow/example_dags/example_skip_dag.py for tasks to queue
[2023-10-06T22:46:37.675+0000] {logging_mixin.py:120} INFO - [2023-10-06T22:46:37.675+0000] {dagbag.py:537} INFO - Filling up the DagBag from /home/airflow/.local/lib/python3.7/site-packages/airflow/example_dags/example_skip_dag.py
[2023-10-06T22:46:37.686+0000] {processor.py:766} INFO - DAG(s) dict_keys(['example_skip_dag']) retrieved from /home/airflow/.local/lib/python3.7/site-packages/airflow/example_dags/example_skip_dag.py
[2023-10-06T22:46:37.716+0000] {logging_mixin.py:120} INFO - [2023-10-06T22:46:37.716+0000] {dag.py:2585} INFO - Sync 1 DAGs
[2023-10-06T22:46:37.735+0000] {logging_mixin.py:120} INFO - [2023-10-06T22:46:37.734+0000] {dag.py:3340} INFO - Setting next_dagrun for example_skip_dag to 2023-10-05T22:46:37.734756+00:00, run_after=2023-10-06T22:46:37.734756+00:00
[2023-10-06T22:46:37.748+0000] {processor.py:176} INFO - Processing /home/airflow/.local/lib/python3.7/site-packages/airflow/example_dags/example_skip_dag.py took 0.076 seconds
[2023-10-06T22:47:08.066+0000] {processor.py:154} INFO - Started process (PID=1541) to work on /home/airflow/.local/lib/python3.7/site-packages/airflow/example_dags/example_skip_dag.py
[2023-10-06T22:47:08.067+0000] {processor.py:756} INFO - Processing file /home/airflow/.local/lib/python3.7/site-packages/airflow/example_dags/example_skip_dag.py for tasks to queue
[2023-10-06T22:47:08.068+0000] {logging_mixin.py:120} INFO - [2023-10-06T22:47:08.068+0000] {dagbag.py:537} INFO - Filling up the DagBag from /home/airflow/.local/lib/python3.7/site-packages/airflow/example_dags/example_skip_dag.py
[2023-10-06T22:47:08.080+0000] {processor.py:766} INFO - DAG(s) dict_keys(['example_skip_dag']) retrieved from /home/airflow/.local/lib/python3.7/site-packages/airflow/example_dags/example_skip_dag.py
[2023-10-06T22:47:08.113+0000] {logging_mixin.py:120} INFO - [2023-10-06T22:47:08.113+0000] {dag.py:2585} INFO - Sync 1 DAGs
[2023-10-06T22:47:08.131+0000] {logging_mixin.py:120} INFO - [2023-10-06T22:47:08.131+0000] {dag.py:3340} INFO - Setting next_dagrun for example_skip_dag to 2023-10-05T22:47:08.131406+00:00, run_after=2023-10-06T22:47:08.131406+00:00
[2023-10-06T22:47:08.148+0000] {processor.py:176} INFO - Processing /home/airflow/.local/lib/python3.7/site-packages/airflow/example_dags/example_skip_dag.py took 0.085 seconds
[2023-10-06T22:47:38.404+0000] {processor.py:154} INFO - Started process (PID=1604) to work on /home/airflow/.local/lib/python3.7/site-packages/airflow/example_dags/example_skip_dag.py
[2023-10-06T22:47:38.405+0000] {processor.py:756} INFO - Processing file /home/airflow/.local/lib/python3.7/site-packages/airflow/example_dags/example_skip_dag.py for tasks to queue
[2023-10-06T22:47:38.405+0000] {logging_mixin.py:120} INFO - [2023-10-06T22:47:38.405+0000] {dagbag.py:537} INFO - Filling up the DagBag from /home/airflow/.local/lib/python3.7/site-packages/airflow/example_dags/example_skip_dag.py
[2023-10-06T22:47:38.417+0000] {processor.py:766} INFO - DAG(s) dict_keys(['example_skip_dag']) retrieved from /home/airflow/.local/lib/python3.7/site-packages/airflow/example_dags/example_skip_dag.py
[2023-10-06T22:47:38.445+0000] {logging_mixin.py:120} INFO - [2023-10-06T22:47:38.445+0000] {dag.py:2585} INFO - Sync 1 DAGs
[2023-10-06T22:47:38.462+0000] {logging_mixin.py:120} INFO - [2023-10-06T22:47:38.462+0000] {dag.py:3340} INFO - Setting next_dagrun for example_skip_dag to 2023-10-05T22:47:38.462516+00:00, run_after=2023-10-06T22:47:38.462516+00:00
[2023-10-06T22:47:38.478+0000] {processor.py:176} INFO - Processing /home/airflow/.local/lib/python3.7/site-packages/airflow/example_dags/example_skip_dag.py took 0.076 seconds
[2023-10-06T22:48:08.716+0000] {processor.py:154} INFO - Started process (PID=1668) to work on /home/airflow/.local/lib/python3.7/site-packages/airflow/example_dags/example_skip_dag.py
[2023-10-06T22:48:08.718+0000] {processor.py:756} INFO - Processing file /home/airflow/.local/lib/python3.7/site-packages/airflow/example_dags/example_skip_dag.py for tasks to queue
[2023-10-06T22:48:08.718+0000] {logging_mixin.py:120} INFO - [2023-10-06T22:48:08.718+0000] {dagbag.py:537} INFO - Filling up the DagBag from /home/airflow/.local/lib/python3.7/site-packages/airflow/example_dags/example_skip_dag.py
[2023-10-06T22:48:08.728+0000] {processor.py:766} INFO - DAG(s) dict_keys(['example_skip_dag']) retrieved from /home/airflow/.local/lib/python3.7/site-packages/airflow/example_dags/example_skip_dag.py
[2023-10-06T22:48:08.759+0000] {logging_mixin.py:120} INFO - [2023-10-06T22:48:08.759+0000] {dag.py:2585} INFO - Sync 1 DAGs
[2023-10-06T22:48:08.777+0000] {logging_mixin.py:120} INFO - [2023-10-06T22:48:08.777+0000] {dag.py:3340} INFO - Setting next_dagrun for example_skip_dag to 2023-10-05T22:48:08.777439+00:00, run_after=2023-10-06T22:48:08.777439+00:00
[2023-10-06T22:48:08.794+0000] {processor.py:176} INFO - Processing /home/airflow/.local/lib/python3.7/site-packages/airflow/example_dags/example_skip_dag.py took 0.081 seconds
[2023-10-06T22:48:39.444+0000] {processor.py:154} INFO - Started process (PID=1731) to work on /home/airflow/.local/lib/python3.7/site-packages/airflow/example_dags/example_skip_dag.py
[2023-10-06T22:48:39.445+0000] {processor.py:756} INFO - Processing file /home/airflow/.local/lib/python3.7/site-packages/airflow/example_dags/example_skip_dag.py for tasks to queue
[2023-10-06T22:48:39.445+0000] {logging_mixin.py:120} INFO - [2023-10-06T22:48:39.445+0000] {dagbag.py:537} INFO - Filling up the DagBag from /home/airflow/.local/lib/python3.7/site-packages/airflow/example_dags/example_skip_dag.py
[2023-10-06T22:48:39.455+0000] {processor.py:766} INFO - DAG(s) dict_keys(['example_skip_dag']) retrieved from /home/airflow/.local/lib/python3.7/site-packages/airflow/example_dags/example_skip_dag.py
[2023-10-06T22:48:39.486+0000] {logging_mixin.py:120} INFO - [2023-10-06T22:48:39.486+0000] {dag.py:2585} INFO - Sync 1 DAGs
[2023-10-06T22:48:39.502+0000] {logging_mixin.py:120} INFO - [2023-10-06T22:48:39.502+0000] {dag.py:3340} INFO - Setting next_dagrun for example_skip_dag to 2023-10-05T22:48:39.502563+00:00, run_after=2023-10-06T22:48:39.502563+00:00
[2023-10-06T22:48:39.518+0000] {processor.py:176} INFO - Processing /home/airflow/.local/lib/python3.7/site-packages/airflow/example_dags/example_skip_dag.py took 0.076 seconds
[2023-10-06T22:49:09.844+0000] {processor.py:154} INFO - Started process (PID=1786) to work on /home/airflow/.local/lib/python3.7/site-packages/airflow/example_dags/example_skip_dag.py
[2023-10-06T22:49:09.845+0000] {processor.py:756} INFO - Processing file /home/airflow/.local/lib/python3.7/site-packages/airflow/example_dags/example_skip_dag.py for tasks to queue
[2023-10-06T22:49:09.845+0000] {logging_mixin.py:120} INFO - [2023-10-06T22:49:09.845+0000] {dagbag.py:537} INFO - Filling up the DagBag from /home/airflow/.local/lib/python3.7/site-packages/airflow/example_dags/example_skip_dag.py
[2023-10-06T22:49:09.856+0000] {processor.py:766} INFO - DAG(s) dict_keys(['example_skip_dag']) retrieved from /home/airflow/.local/lib/python3.7/site-packages/airflow/example_dags/example_skip_dag.py
[2023-10-06T22:49:09.888+0000] {logging_mixin.py:120} INFO - [2023-10-06T22:49:09.888+0000] {dag.py:2585} INFO - Sync 1 DAGs
[2023-10-06T22:49:09.906+0000] {logging_mixin.py:120} INFO - [2023-10-06T22:49:09.906+0000] {dag.py:3340} INFO - Setting next_dagrun for example_skip_dag to 2023-10-05T22:49:09.906225+00:00, run_after=2023-10-06T22:49:09.906225+00:00
[2023-10-06T22:49:09.923+0000] {processor.py:176} INFO - Processing /home/airflow/.local/lib/python3.7/site-packages/airflow/example_dags/example_skip_dag.py took 0.080 seconds
[2023-10-06T22:49:40.153+0000] {processor.py:154} INFO - Started process (PID=1850) to work on /home/airflow/.local/lib/python3.7/site-packages/airflow/example_dags/example_skip_dag.py
[2023-10-06T22:49:40.153+0000] {processor.py:756} INFO - Processing file /home/airflow/.local/lib/python3.7/site-packages/airflow/example_dags/example_skip_dag.py for tasks to queue
[2023-10-06T22:49:40.154+0000] {logging_mixin.py:120} INFO - [2023-10-06T22:49:40.154+0000] {dagbag.py:537} INFO - Filling up the DagBag from /home/airflow/.local/lib/python3.7/site-packages/airflow/example_dags/example_skip_dag.py
[2023-10-06T22:49:40.164+0000] {processor.py:766} INFO - DAG(s) dict_keys(['example_skip_dag']) retrieved from /home/airflow/.local/lib/python3.7/site-packages/airflow/example_dags/example_skip_dag.py
[2023-10-06T22:49:40.197+0000] {logging_mixin.py:120} INFO - [2023-10-06T22:49:40.197+0000] {dag.py:2585} INFO - Sync 1 DAGs
[2023-10-06T22:49:40.225+0000] {logging_mixin.py:120} INFO - [2023-10-06T22:49:40.225+0000] {dag.py:3340} INFO - Setting next_dagrun for example_skip_dag to 2023-10-05T22:49:40.225365+00:00, run_after=2023-10-06T22:49:40.225365+00:00
[2023-10-06T22:49:40.245+0000] {processor.py:176} INFO - Processing /home/airflow/.local/lib/python3.7/site-packages/airflow/example_dags/example_skip_dag.py took 0.094 seconds
[2023-10-06T22:50:10.531+0000] {processor.py:154} INFO - Started process (PID=1914) to work on /home/airflow/.local/lib/python3.7/site-packages/airflow/example_dags/example_skip_dag.py
[2023-10-06T22:50:10.532+0000] {processor.py:756} INFO - Processing file /home/airflow/.local/lib/python3.7/site-packages/airflow/example_dags/example_skip_dag.py for tasks to queue
[2023-10-06T22:50:10.533+0000] {logging_mixin.py:120} INFO - [2023-10-06T22:50:10.533+0000] {dagbag.py:537} INFO - Filling up the DagBag from /home/airflow/.local/lib/python3.7/site-packages/airflow/example_dags/example_skip_dag.py
[2023-10-06T22:50:10.547+0000] {processor.py:766} INFO - DAG(s) dict_keys(['example_skip_dag']) retrieved from /home/airflow/.local/lib/python3.7/site-packages/airflow/example_dags/example_skip_dag.py
[2023-10-06T22:50:10.582+0000] {logging_mixin.py:120} INFO - [2023-10-06T22:50:10.582+0000] {dag.py:2585} INFO - Sync 1 DAGs
[2023-10-06T22:50:10.600+0000] {logging_mixin.py:120} INFO - [2023-10-06T22:50:10.600+0000] {dag.py:3340} INFO - Setting next_dagrun for example_skip_dag to 2023-10-05T22:50:10.600325+00:00, run_after=2023-10-06T22:50:10.600325+00:00
[2023-10-06T22:50:10.614+0000] {processor.py:176} INFO - Processing /home/airflow/.local/lib/python3.7/site-packages/airflow/example_dags/example_skip_dag.py took 0.086 seconds
[2023-10-06T22:50:40.731+0000] {processor.py:154} INFO - Started process (PID=1979) to work on /home/airflow/.local/lib/python3.7/site-packages/airflow/example_dags/example_skip_dag.py
[2023-10-06T22:50:40.732+0000] {processor.py:756} INFO - Processing file /home/airflow/.local/lib/python3.7/site-packages/airflow/example_dags/example_skip_dag.py for tasks to queue
[2023-10-06T22:50:40.732+0000] {logging_mixin.py:120} INFO - [2023-10-06T22:50:40.732+0000] {dagbag.py:537} INFO - Filling up the DagBag from /home/airflow/.local/lib/python3.7/site-packages/airflow/example_dags/example_skip_dag.py
[2023-10-06T22:50:40.742+0000] {processor.py:766} INFO - DAG(s) dict_keys(['example_skip_dag']) retrieved from /home/airflow/.local/lib/python3.7/site-packages/airflow/example_dags/example_skip_dag.py
[2023-10-06T22:50:40.769+0000] {logging_mixin.py:120} INFO - [2023-10-06T22:50:40.769+0000] {dag.py:2585} INFO - Sync 1 DAGs
[2023-10-06T22:50:40.786+0000] {logging_mixin.py:120} INFO - [2023-10-06T22:50:40.786+0000] {dag.py:3340} INFO - Setting next_dagrun for example_skip_dag to 2023-10-05T22:50:40.786211+00:00, run_after=2023-10-06T22:50:40.786211+00:00
[2023-10-06T22:50:40.798+0000] {processor.py:176} INFO - Processing /home/airflow/.local/lib/python3.7/site-packages/airflow/example_dags/example_skip_dag.py took 0.069 seconds
[2023-10-06T22:51:11.273+0000] {processor.py:154} INFO - Started process (PID=2043) to work on /home/airflow/.local/lib/python3.7/site-packages/airflow/example_dags/example_skip_dag.py
[2023-10-06T22:51:11.274+0000] {processor.py:756} INFO - Processing file /home/airflow/.local/lib/python3.7/site-packages/airflow/example_dags/example_skip_dag.py for tasks to queue
[2023-10-06T22:51:11.274+0000] {logging_mixin.py:120} INFO - [2023-10-06T22:51:11.274+0000] {dagbag.py:537} INFO - Filling up the DagBag from /home/airflow/.local/lib/python3.7/site-packages/airflow/example_dags/example_skip_dag.py
[2023-10-06T22:51:11.286+0000] {processor.py:766} INFO - DAG(s) dict_keys(['example_skip_dag']) retrieved from /home/airflow/.local/lib/python3.7/site-packages/airflow/example_dags/example_skip_dag.py
[2023-10-06T22:51:11.325+0000] {logging_mixin.py:120} INFO - [2023-10-06T22:51:11.325+0000] {dag.py:2585} INFO - Sync 1 DAGs
[2023-10-06T22:51:11.344+0000] {logging_mixin.py:120} INFO - [2023-10-06T22:51:11.344+0000] {dag.py:3340} INFO - Setting next_dagrun for example_skip_dag to 2023-10-05T22:51:11.344536+00:00, run_after=2023-10-06T22:51:11.344536+00:00
[2023-10-06T22:51:11.365+0000] {processor.py:176} INFO - Processing /home/airflow/.local/lib/python3.7/site-packages/airflow/example_dags/example_skip_dag.py took 0.095 seconds
[2023-10-06T22:51:41.840+0000] {processor.py:154} INFO - Started process (PID=2097) to work on /home/airflow/.local/lib/python3.7/site-packages/airflow/example_dags/example_skip_dag.py
[2023-10-06T22:51:41.840+0000] {processor.py:756} INFO - Processing file /home/airflow/.local/lib/python3.7/site-packages/airflow/example_dags/example_skip_dag.py for tasks to queue
[2023-10-06T22:51:41.840+0000] {logging_mixin.py:120} INFO - [2023-10-06T22:51:41.840+0000] {dagbag.py:537} INFO - Filling up the DagBag from /home/airflow/.local/lib/python3.7/site-packages/airflow/example_dags/example_skip_dag.py
[2023-10-06T22:51:41.850+0000] {processor.py:766} INFO - DAG(s) dict_keys(['example_skip_dag']) retrieved from /home/airflow/.local/lib/python3.7/site-packages/airflow/example_dags/example_skip_dag.py
[2023-10-06T22:51:41.877+0000] {logging_mixin.py:120} INFO - [2023-10-06T22:51:41.877+0000] {dag.py:2585} INFO - Sync 1 DAGs
[2023-10-06T22:51:41.895+0000] {logging_mixin.py:120} INFO - [2023-10-06T22:51:41.894+0000] {dag.py:3340} INFO - Setting next_dagrun for example_skip_dag to 2023-10-05T22:51:41.894745+00:00, run_after=2023-10-06T22:51:41.894745+00:00
[2023-10-06T22:51:41.908+0000] {processor.py:176} INFO - Processing /home/airflow/.local/lib/python3.7/site-packages/airflow/example_dags/example_skip_dag.py took 0.071 seconds
[2023-10-06T22:52:12.206+0000] {processor.py:154} INFO - Started process (PID=2161) to work on /home/airflow/.local/lib/python3.7/site-packages/airflow/example_dags/example_skip_dag.py
[2023-10-06T22:52:12.208+0000] {processor.py:756} INFO - Processing file /home/airflow/.local/lib/python3.7/site-packages/airflow/example_dags/example_skip_dag.py for tasks to queue
[2023-10-06T22:52:12.208+0000] {logging_mixin.py:120} INFO - [2023-10-06T22:52:12.208+0000] {dagbag.py:537} INFO - Filling up the DagBag from /home/airflow/.local/lib/python3.7/site-packages/airflow/example_dags/example_skip_dag.py
[2023-10-06T22:52:12.218+0000] {processor.py:766} INFO - DAG(s) dict_keys(['example_skip_dag']) retrieved from /home/airflow/.local/lib/python3.7/site-packages/airflow/example_dags/example_skip_dag.py
[2023-10-06T22:52:12.245+0000] {logging_mixin.py:120} INFO - [2023-10-06T22:52:12.245+0000] {dag.py:2585} INFO - Sync 1 DAGs
[2023-10-06T22:52:12.262+0000] {logging_mixin.py:120} INFO - [2023-10-06T22:52:12.262+0000] {dag.py:3340} INFO - Setting next_dagrun for example_skip_dag to 2023-10-05T22:52:12.262209+00:00, run_after=2023-10-06T22:52:12.262209+00:00
[2023-10-06T22:52:12.276+0000] {processor.py:176} INFO - Processing /home/airflow/.local/lib/python3.7/site-packages/airflow/example_dags/example_skip_dag.py took 0.072 seconds
[2023-10-06T22:52:42.440+0000] {processor.py:154} INFO - Started process (PID=2226) to work on /home/airflow/.local/lib/python3.7/site-packages/airflow/example_dags/example_skip_dag.py
[2023-10-06T22:52:42.441+0000] {processor.py:756} INFO - Processing file /home/airflow/.local/lib/python3.7/site-packages/airflow/example_dags/example_skip_dag.py for tasks to queue
[2023-10-06T22:52:42.441+0000] {logging_mixin.py:120} INFO - [2023-10-06T22:52:42.441+0000] {dagbag.py:537} INFO - Filling up the DagBag from /home/airflow/.local/lib/python3.7/site-packages/airflow/example_dags/example_skip_dag.py
[2023-10-06T22:52:42.452+0000] {processor.py:766} INFO - DAG(s) dict_keys(['example_skip_dag']) retrieved from /home/airflow/.local/lib/python3.7/site-packages/airflow/example_dags/example_skip_dag.py
[2023-10-06T22:52:42.483+0000] {logging_mixin.py:120} INFO - [2023-10-06T22:52:42.483+0000] {dag.py:2585} INFO - Sync 1 DAGs
[2023-10-06T22:52:42.501+0000] {logging_mixin.py:120} INFO - [2023-10-06T22:52:42.501+0000] {dag.py:3340} INFO - Setting next_dagrun for example_skip_dag to 2023-10-05T22:52:42.501532+00:00, run_after=2023-10-06T22:52:42.501532+00:00
[2023-10-06T22:52:42.518+0000] {processor.py:176} INFO - Processing /home/airflow/.local/lib/python3.7/site-packages/airflow/example_dags/example_skip_dag.py took 0.080 seconds
[2023-10-06T22:53:12.699+0000] {processor.py:154} INFO - Started process (PID=2290) to work on /home/airflow/.local/lib/python3.7/site-packages/airflow/example_dags/example_skip_dag.py
[2023-10-06T22:53:12.700+0000] {processor.py:756} INFO - Processing file /home/airflow/.local/lib/python3.7/site-packages/airflow/example_dags/example_skip_dag.py for tasks to queue
[2023-10-06T22:53:12.700+0000] {logging_mixin.py:120} INFO - [2023-10-06T22:53:12.700+0000] {dagbag.py:537} INFO - Filling up the DagBag from /home/airflow/.local/lib/python3.7/site-packages/airflow/example_dags/example_skip_dag.py
[2023-10-06T22:53:12.711+0000] {processor.py:766} INFO - DAG(s) dict_keys(['example_skip_dag']) retrieved from /home/airflow/.local/lib/python3.7/site-packages/airflow/example_dags/example_skip_dag.py
[2023-10-06T22:53:12.739+0000] {logging_mixin.py:120} INFO - [2023-10-06T22:53:12.739+0000] {dag.py:2585} INFO - Sync 1 DAGs
[2023-10-06T22:53:12.760+0000] {logging_mixin.py:120} INFO - [2023-10-06T22:53:12.760+0000] {dag.py:3340} INFO - Setting next_dagrun for example_skip_dag to 2023-10-05T22:53:12.760606+00:00, run_after=2023-10-06T22:53:12.760606+00:00
[2023-10-06T22:53:12.779+0000] {processor.py:176} INFO - Processing /home/airflow/.local/lib/python3.7/site-packages/airflow/example_dags/example_skip_dag.py took 0.083 seconds
[2023-10-06T22:53:42.865+0000] {processor.py:154} INFO - Started process (PID=2345) to work on /home/airflow/.local/lib/python3.7/site-packages/airflow/example_dags/example_skip_dag.py
[2023-10-06T22:53:42.865+0000] {processor.py:756} INFO - Processing file /home/airflow/.local/lib/python3.7/site-packages/airflow/example_dags/example_skip_dag.py for tasks to queue
[2023-10-06T22:53:42.866+0000] {logging_mixin.py:120} INFO - [2023-10-06T22:53:42.865+0000] {dagbag.py:537} INFO - Filling up the DagBag from /home/airflow/.local/lib/python3.7/site-packages/airflow/example_dags/example_skip_dag.py
[2023-10-06T22:53:42.875+0000] {processor.py:766} INFO - DAG(s) dict_keys(['example_skip_dag']) retrieved from /home/airflow/.local/lib/python3.7/site-packages/airflow/example_dags/example_skip_dag.py
[2023-10-06T22:53:42.903+0000] {logging_mixin.py:120} INFO - [2023-10-06T22:53:42.903+0000] {dag.py:2585} INFO - Sync 1 DAGs
[2023-10-06T22:53:42.920+0000] {logging_mixin.py:120} INFO - [2023-10-06T22:53:42.920+0000] {dag.py:3340} INFO - Setting next_dagrun for example_skip_dag to 2023-10-05T22:53:42.919833+00:00, run_after=2023-10-06T22:53:42.919833+00:00
[2023-10-06T22:53:42.934+0000] {processor.py:176} INFO - Processing /home/airflow/.local/lib/python3.7/site-packages/airflow/example_dags/example_skip_dag.py took 0.071 seconds
[2023-10-06T22:54:13.110+0000] {processor.py:154} INFO - Started process (PID=2409) to work on /home/airflow/.local/lib/python3.7/site-packages/airflow/example_dags/example_skip_dag.py
[2023-10-06T22:54:13.111+0000] {processor.py:756} INFO - Processing file /home/airflow/.local/lib/python3.7/site-packages/airflow/example_dags/example_skip_dag.py for tasks to queue
[2023-10-06T22:54:13.112+0000] {logging_mixin.py:120} INFO - [2023-10-06T22:54:13.112+0000] {dagbag.py:537} INFO - Filling up the DagBag from /home/airflow/.local/lib/python3.7/site-packages/airflow/example_dags/example_skip_dag.py
[2023-10-06T22:54:13.122+0000] {processor.py:766} INFO - DAG(s) dict_keys(['example_skip_dag']) retrieved from /home/airflow/.local/lib/python3.7/site-packages/airflow/example_dags/example_skip_dag.py
[2023-10-06T22:54:13.150+0000] {logging_mixin.py:120} INFO - [2023-10-06T22:54:13.150+0000] {dag.py:2585} INFO - Sync 1 DAGs
[2023-10-06T22:54:13.166+0000] {logging_mixin.py:120} INFO - [2023-10-06T22:54:13.166+0000] {dag.py:3340} INFO - Setting next_dagrun for example_skip_dag to 2023-10-05T22:54:13.166251+00:00, run_after=2023-10-06T22:54:13.166251+00:00
[2023-10-06T22:54:13.182+0000] {processor.py:176} INFO - Processing /home/airflow/.local/lib/python3.7/site-packages/airflow/example_dags/example_skip_dag.py took 0.073 seconds
[2023-10-06T22:54:43.412+0000] {processor.py:154} INFO - Started process (PID=2473) to work on /home/airflow/.local/lib/python3.7/site-packages/airflow/example_dags/example_skip_dag.py
[2023-10-06T22:54:43.412+0000] {processor.py:756} INFO - Processing file /home/airflow/.local/lib/python3.7/site-packages/airflow/example_dags/example_skip_dag.py for tasks to queue
[2023-10-06T22:54:43.413+0000] {logging_mixin.py:120} INFO - [2023-10-06T22:54:43.412+0000] {dagbag.py:537} INFO - Filling up the DagBag from /home/airflow/.local/lib/python3.7/site-packages/airflow/example_dags/example_skip_dag.py
[2023-10-06T22:54:43.423+0000] {processor.py:766} INFO - DAG(s) dict_keys(['example_skip_dag']) retrieved from /home/airflow/.local/lib/python3.7/site-packages/airflow/example_dags/example_skip_dag.py
[2023-10-06T22:54:43.453+0000] {logging_mixin.py:120} INFO - [2023-10-06T22:54:43.452+0000] {dag.py:2585} INFO - Sync 1 DAGs
[2023-10-06T22:54:43.469+0000] {logging_mixin.py:120} INFO - [2023-10-06T22:54:43.469+0000] {dag.py:3340} INFO - Setting next_dagrun for example_skip_dag to 2023-10-05T22:54:43.468920+00:00, run_after=2023-10-06T22:54:43.468920+00:00
[2023-10-06T22:54:43.483+0000] {processor.py:176} INFO - Processing /home/airflow/.local/lib/python3.7/site-packages/airflow/example_dags/example_skip_dag.py took 0.074 seconds
[2023-10-06T22:55:13.748+0000] {processor.py:154} INFO - Started process (PID=2537) to work on /home/airflow/.local/lib/python3.7/site-packages/airflow/example_dags/example_skip_dag.py
[2023-10-06T22:55:13.749+0000] {processor.py:756} INFO - Processing file /home/airflow/.local/lib/python3.7/site-packages/airflow/example_dags/example_skip_dag.py for tasks to queue
[2023-10-06T22:55:13.749+0000] {logging_mixin.py:120} INFO - [2023-10-06T22:55:13.749+0000] {dagbag.py:537} INFO - Filling up the DagBag from /home/airflow/.local/lib/python3.7/site-packages/airflow/example_dags/example_skip_dag.py
[2023-10-06T22:55:13.759+0000] {processor.py:766} INFO - DAG(s) dict_keys(['example_skip_dag']) retrieved from /home/airflow/.local/lib/python3.7/site-packages/airflow/example_dags/example_skip_dag.py
[2023-10-06T22:55:13.787+0000] {logging_mixin.py:120} INFO - [2023-10-06T22:55:13.787+0000] {dag.py:2585} INFO - Sync 1 DAGs
[2023-10-06T22:55:13.803+0000] {logging_mixin.py:120} INFO - [2023-10-06T22:55:13.802+0000] {dag.py:3340} INFO - Setting next_dagrun for example_skip_dag to 2023-10-05T22:55:13.802652+00:00, run_after=2023-10-06T22:55:13.802652+00:00
[2023-10-06T22:55:13.817+0000] {processor.py:176} INFO - Processing /home/airflow/.local/lib/python3.7/site-packages/airflow/example_dags/example_skip_dag.py took 0.072 seconds
[2023-10-06T22:55:43.965+0000] {processor.py:154} INFO - Started process (PID=2591) to work on /home/airflow/.local/lib/python3.7/site-packages/airflow/example_dags/example_skip_dag.py
[2023-10-06T22:55:43.965+0000] {processor.py:756} INFO - Processing file /home/airflow/.local/lib/python3.7/site-packages/airflow/example_dags/example_skip_dag.py for tasks to queue
[2023-10-06T22:55:43.966+0000] {logging_mixin.py:120} INFO - [2023-10-06T22:55:43.966+0000] {dagbag.py:537} INFO - Filling up the DagBag from /home/airflow/.local/lib/python3.7/site-packages/airflow/example_dags/example_skip_dag.py
[2023-10-06T22:55:43.977+0000] {processor.py:766} INFO - DAG(s) dict_keys(['example_skip_dag']) retrieved from /home/airflow/.local/lib/python3.7/site-packages/airflow/example_dags/example_skip_dag.py
[2023-10-06T22:55:44.008+0000] {logging_mixin.py:120} INFO - [2023-10-06T22:55:44.008+0000] {dag.py:2585} INFO - Sync 1 DAGs
[2023-10-06T22:55:44.027+0000] {logging_mixin.py:120} INFO - [2023-10-06T22:55:44.027+0000] {dag.py:3340} INFO - Setting next_dagrun for example_skip_dag to 2023-10-05T22:55:44.027147+00:00, run_after=2023-10-06T22:55:44.027147+00:00
[2023-10-06T22:55:44.044+0000] {processor.py:176} INFO - Processing /home/airflow/.local/lib/python3.7/site-packages/airflow/example_dags/example_skip_dag.py took 0.081 seconds
[2023-10-06T22:56:14.392+0000] {processor.py:154} INFO - Started process (PID=2655) to work on /home/airflow/.local/lib/python3.7/site-packages/airflow/example_dags/example_skip_dag.py
[2023-10-06T22:56:14.393+0000] {processor.py:756} INFO - Processing file /home/airflow/.local/lib/python3.7/site-packages/airflow/example_dags/example_skip_dag.py for tasks to queue
[2023-10-06T22:56:14.393+0000] {logging_mixin.py:120} INFO - [2023-10-06T22:56:14.393+0000] {dagbag.py:537} INFO - Filling up the DagBag from /home/airflow/.local/lib/python3.7/site-packages/airflow/example_dags/example_skip_dag.py
[2023-10-06T22:56:14.402+0000] {processor.py:766} INFO - DAG(s) dict_keys(['example_skip_dag']) retrieved from /home/airflow/.local/lib/python3.7/site-packages/airflow/example_dags/example_skip_dag.py
[2023-10-06T22:56:14.431+0000] {logging_mixin.py:120} INFO - [2023-10-06T22:56:14.431+0000] {dag.py:2585} INFO - Sync 1 DAGs
[2023-10-06T22:56:14.447+0000] {logging_mixin.py:120} INFO - [2023-10-06T22:56:14.447+0000] {dag.py:3340} INFO - Setting next_dagrun for example_skip_dag to 2023-10-05T22:56:14.447547+00:00, run_after=2023-10-06T22:56:14.447547+00:00
[2023-10-06T22:56:14.462+0000] {processor.py:176} INFO - Processing /home/airflow/.local/lib/python3.7/site-packages/airflow/example_dags/example_skip_dag.py took 0.072 seconds
[2023-10-06T22:56:44.614+0000] {processor.py:154} INFO - Started process (PID=2718) to work on /home/airflow/.local/lib/python3.7/site-packages/airflow/example_dags/example_skip_dag.py
[2023-10-06T22:56:44.615+0000] {processor.py:756} INFO - Processing file /home/airflow/.local/lib/python3.7/site-packages/airflow/example_dags/example_skip_dag.py for tasks to queue
[2023-10-06T22:56:44.615+0000] {logging_mixin.py:120} INFO - [2023-10-06T22:56:44.615+0000] {dagbag.py:537} INFO - Filling up the DagBag from /home/airflow/.local/lib/python3.7/site-packages/airflow/example_dags/example_skip_dag.py
[2023-10-06T22:56:44.626+0000] {processor.py:766} INFO - DAG(s) dict_keys(['example_skip_dag']) retrieved from /home/airflow/.local/lib/python3.7/site-packages/airflow/example_dags/example_skip_dag.py
[2023-10-06T22:56:44.656+0000] {logging_mixin.py:120} INFO - [2023-10-06T22:56:44.656+0000] {dag.py:2585} INFO - Sync 1 DAGs
[2023-10-06T22:56:44.673+0000] {logging_mixin.py:120} INFO - [2023-10-06T22:56:44.673+0000] {dag.py:3340} INFO - Setting next_dagrun for example_skip_dag to 2023-10-05T22:56:44.672906+00:00, run_after=2023-10-06T22:56:44.672906+00:00
[2023-10-06T22:56:44.687+0000] {processor.py:176} INFO - Processing /home/airflow/.local/lib/python3.7/site-packages/airflow/example_dags/example_skip_dag.py took 0.075 seconds
[2023-10-06T22:57:14.860+0000] {processor.py:154} INFO - Started process (PID=2782) to work on /home/airflow/.local/lib/python3.7/site-packages/airflow/example_dags/example_skip_dag.py
[2023-10-06T22:57:14.861+0000] {processor.py:756} INFO - Processing file /home/airflow/.local/lib/python3.7/site-packages/airflow/example_dags/example_skip_dag.py for tasks to queue
[2023-10-06T22:57:14.861+0000] {logging_mixin.py:120} INFO - [2023-10-06T22:57:14.861+0000] {dagbag.py:537} INFO - Filling up the DagBag from /home/airflow/.local/lib/python3.7/site-packages/airflow/example_dags/example_skip_dag.py
[2023-10-06T22:57:14.871+0000] {processor.py:766} INFO - DAG(s) dict_keys(['example_skip_dag']) retrieved from /home/airflow/.local/lib/python3.7/site-packages/airflow/example_dags/example_skip_dag.py
[2023-10-06T22:57:14.900+0000] {logging_mixin.py:120} INFO - [2023-10-06T22:57:14.900+0000] {dag.py:2585} INFO - Sync 1 DAGs
[2023-10-06T22:57:14.917+0000] {logging_mixin.py:120} INFO - [2023-10-06T22:57:14.916+0000] {dag.py:3340} INFO - Setting next_dagrun for example_skip_dag to 2023-10-05T22:57:14.916769+00:00, run_after=2023-10-06T22:57:14.916769+00:00
[2023-10-06T22:57:14.932+0000] {processor.py:176} INFO - Processing /home/airflow/.local/lib/python3.7/site-packages/airflow/example_dags/example_skip_dag.py took 0.075 seconds
[2023-10-06T22:57:45.111+0000] {processor.py:154} INFO - Started process (PID=2837) to work on /home/airflow/.local/lib/python3.7/site-packages/airflow/example_dags/example_skip_dag.py
[2023-10-06T22:57:45.111+0000] {processor.py:756} INFO - Processing file /home/airflow/.local/lib/python3.7/site-packages/airflow/example_dags/example_skip_dag.py for tasks to queue
[2023-10-06T22:57:45.112+0000] {logging_mixin.py:120} INFO - [2023-10-06T22:57:45.111+0000] {dagbag.py:537} INFO - Filling up the DagBag from /home/airflow/.local/lib/python3.7/site-packages/airflow/example_dags/example_skip_dag.py
[2023-10-06T22:57:45.122+0000] {processor.py:766} INFO - DAG(s) dict_keys(['example_skip_dag']) retrieved from /home/airflow/.local/lib/python3.7/site-packages/airflow/example_dags/example_skip_dag.py
[2023-10-06T22:57:45.152+0000] {logging_mixin.py:120} INFO - [2023-10-06T22:57:45.152+0000] {dag.py:2585} INFO - Sync 1 DAGs
[2023-10-06T22:57:45.169+0000] {logging_mixin.py:120} INFO - [2023-10-06T22:57:45.169+0000] {dag.py:3340} INFO - Setting next_dagrun for example_skip_dag to 2023-10-05T22:57:45.169699+00:00, run_after=2023-10-06T22:57:45.169699+00:00
[2023-10-06T22:57:45.186+0000] {processor.py:176} INFO - Processing /home/airflow/.local/lib/python3.7/site-packages/airflow/example_dags/example_skip_dag.py took 0.078 seconds
[2023-10-06T22:58:15.406+0000] {processor.py:154} INFO - Started process (PID=2900) to work on /home/airflow/.local/lib/python3.7/site-packages/airflow/example_dags/example_skip_dag.py
[2023-10-06T22:58:15.407+0000] {processor.py:756} INFO - Processing file /home/airflow/.local/lib/python3.7/site-packages/airflow/example_dags/example_skip_dag.py for tasks to queue
[2023-10-06T22:58:15.408+0000] {logging_mixin.py:120} INFO - [2023-10-06T22:58:15.408+0000] {dagbag.py:537} INFO - Filling up the DagBag from /home/airflow/.local/lib/python3.7/site-packages/airflow/example_dags/example_skip_dag.py
[2023-10-06T22:58:15.420+0000] {processor.py:766} INFO - DAG(s) dict_keys(['example_skip_dag']) retrieved from /home/airflow/.local/lib/python3.7/site-packages/airflow/example_dags/example_skip_dag.py
[2023-10-06T22:58:15.456+0000] {logging_mixin.py:120} INFO - [2023-10-06T22:58:15.456+0000] {dag.py:2585} INFO - Sync 1 DAGs
[2023-10-06T22:58:15.475+0000] {logging_mixin.py:120} INFO - [2023-10-06T22:58:15.475+0000] {dag.py:3340} INFO - Setting next_dagrun for example_skip_dag to 2023-10-05T22:58:15.475647+00:00, run_after=2023-10-06T22:58:15.475647+00:00
[2023-10-06T22:58:15.490+0000] {processor.py:176} INFO - Processing /home/airflow/.local/lib/python3.7/site-packages/airflow/example_dags/example_skip_dag.py took 0.086 seconds
[2023-10-06T22:58:45.655+0000] {processor.py:154} INFO - Started process (PID=2963) to work on /home/airflow/.local/lib/python3.7/site-packages/airflow/example_dags/example_skip_dag.py
[2023-10-06T22:58:45.656+0000] {processor.py:756} INFO - Processing file /home/airflow/.local/lib/python3.7/site-packages/airflow/example_dags/example_skip_dag.py for tasks to queue
[2023-10-06T22:58:45.656+0000] {logging_mixin.py:120} INFO - [2023-10-06T22:58:45.656+0000] {dagbag.py:537} INFO - Filling up the DagBag from /home/airflow/.local/lib/python3.7/site-packages/airflow/example_dags/example_skip_dag.py
[2023-10-06T22:58:45.666+0000] {processor.py:766} INFO - DAG(s) dict_keys(['example_skip_dag']) retrieved from /home/airflow/.local/lib/python3.7/site-packages/airflow/example_dags/example_skip_dag.py
[2023-10-06T22:58:45.695+0000] {logging_mixin.py:120} INFO - [2023-10-06T22:58:45.695+0000] {dag.py:2585} INFO - Sync 1 DAGs
[2023-10-06T22:58:45.711+0000] {logging_mixin.py:120} INFO - [2023-10-06T22:58:45.711+0000] {dag.py:3340} INFO - Setting next_dagrun for example_skip_dag to 2023-10-05T22:58:45.711250+00:00, run_after=2023-10-06T22:58:45.711250+00:00
[2023-10-06T22:58:45.725+0000] {processor.py:176} INFO - Processing /home/airflow/.local/lib/python3.7/site-packages/airflow/example_dags/example_skip_dag.py took 0.072 seconds
[2023-10-06T22:59:15.787+0000] {processor.py:154} INFO - Started process (PID=3027) to work on /home/airflow/.local/lib/python3.7/site-packages/airflow/example_dags/example_skip_dag.py
[2023-10-06T22:59:15.788+0000] {processor.py:756} INFO - Processing file /home/airflow/.local/lib/python3.7/site-packages/airflow/example_dags/example_skip_dag.py for tasks to queue
[2023-10-06T22:59:15.788+0000] {logging_mixin.py:120} INFO - [2023-10-06T22:59:15.788+0000] {dagbag.py:537} INFO - Filling up the DagBag from /home/airflow/.local/lib/python3.7/site-packages/airflow/example_dags/example_skip_dag.py
[2023-10-06T22:59:15.798+0000] {processor.py:766} INFO - DAG(s) dict_keys(['example_skip_dag']) retrieved from /home/airflow/.local/lib/python3.7/site-packages/airflow/example_dags/example_skip_dag.py
[2023-10-06T22:59:15.826+0000] {logging_mixin.py:120} INFO - [2023-10-06T22:59:15.826+0000] {dag.py:2585} INFO - Sync 1 DAGs
[2023-10-06T22:59:15.842+0000] {logging_mixin.py:120} INFO - [2023-10-06T22:59:15.842+0000] {dag.py:3340} INFO - Setting next_dagrun for example_skip_dag to 2023-10-05T22:59:15.842391+00:00, run_after=2023-10-06T22:59:15.842391+00:00
[2023-10-06T22:59:15.856+0000] {processor.py:176} INFO - Processing /home/airflow/.local/lib/python3.7/site-packages/airflow/example_dags/example_skip_dag.py took 0.071 seconds
[2023-10-06T22:59:45.974+0000] {processor.py:154} INFO - Started process (PID=3083) to work on /home/airflow/.local/lib/python3.7/site-packages/airflow/example_dags/example_skip_dag.py
[2023-10-06T22:59:45.975+0000] {processor.py:756} INFO - Processing file /home/airflow/.local/lib/python3.7/site-packages/airflow/example_dags/example_skip_dag.py for tasks to queue
[2023-10-06T22:59:45.975+0000] {logging_mixin.py:120} INFO - [2023-10-06T22:59:45.975+0000] {dagbag.py:537} INFO - Filling up the DagBag from /home/airflow/.local/lib/python3.7/site-packages/airflow/example_dags/example_skip_dag.py
[2023-10-06T22:59:45.986+0000] {processor.py:766} INFO - DAG(s) dict_keys(['example_skip_dag']) retrieved from /home/airflow/.local/lib/python3.7/site-packages/airflow/example_dags/example_skip_dag.py
[2023-10-06T22:59:46.014+0000] {logging_mixin.py:120} INFO - [2023-10-06T22:59:46.014+0000] {dag.py:2585} INFO - Sync 1 DAGs
[2023-10-06T22:59:46.032+0000] {logging_mixin.py:120} INFO - [2023-10-06T22:59:46.032+0000] {dag.py:3340} INFO - Setting next_dagrun for example_skip_dag to 2023-10-05T22:59:46.031843+00:00, run_after=2023-10-06T22:59:46.031843+00:00
[2023-10-06T22:59:46.047+0000] {processor.py:176} INFO - Processing /home/airflow/.local/lib/python3.7/site-packages/airflow/example_dags/example_skip_dag.py took 0.075 seconds
[2023-10-06T23:00:16.161+0000] {processor.py:154} INFO - Started process (PID=3148) to work on /home/airflow/.local/lib/python3.7/site-packages/airflow/example_dags/example_skip_dag.py
[2023-10-06T23:00:16.161+0000] {processor.py:756} INFO - Processing file /home/airflow/.local/lib/python3.7/site-packages/airflow/example_dags/example_skip_dag.py for tasks to queue
[2023-10-06T23:00:16.162+0000] {logging_mixin.py:120} INFO - [2023-10-06T23:00:16.162+0000] {dagbag.py:537} INFO - Filling up the DagBag from /home/airflow/.local/lib/python3.7/site-packages/airflow/example_dags/example_skip_dag.py
[2023-10-06T23:00:16.171+0000] {processor.py:766} INFO - DAG(s) dict_keys(['example_skip_dag']) retrieved from /home/airflow/.local/lib/python3.7/site-packages/airflow/example_dags/example_skip_dag.py
[2023-10-06T23:00:16.200+0000] {logging_mixin.py:120} INFO - [2023-10-06T23:00:16.200+0000] {dag.py:2585} INFO - Sync 1 DAGs
[2023-10-06T23:00:16.216+0000] {logging_mixin.py:120} INFO - [2023-10-06T23:00:16.216+0000] {dag.py:3340} INFO - Setting next_dagrun for example_skip_dag to 2023-10-05T23:00:16.216434+00:00, run_after=2023-10-06T23:00:16.216434+00:00
[2023-10-06T23:00:16.231+0000] {processor.py:176} INFO - Processing /home/airflow/.local/lib/python3.7/site-packages/airflow/example_dags/example_skip_dag.py took 0.072 seconds
[2023-10-06T23:00:46.312+0000] {processor.py:154} INFO - Started process (PID=3210) to work on /home/airflow/.local/lib/python3.7/site-packages/airflow/example_dags/example_skip_dag.py
[2023-10-06T23:00:46.312+0000] {processor.py:756} INFO - Processing file /home/airflow/.local/lib/python3.7/site-packages/airflow/example_dags/example_skip_dag.py for tasks to queue
[2023-10-06T23:00:46.313+0000] {logging_mixin.py:120} INFO - [2023-10-06T23:00:46.312+0000] {dagbag.py:537} INFO - Filling up the DagBag from /home/airflow/.local/lib/python3.7/site-packages/airflow/example_dags/example_skip_dag.py
[2023-10-06T23:00:46.322+0000] {processor.py:766} INFO - DAG(s) dict_keys(['example_skip_dag']) retrieved from /home/airflow/.local/lib/python3.7/site-packages/airflow/example_dags/example_skip_dag.py
[2023-10-06T23:00:46.350+0000] {logging_mixin.py:120} INFO - [2023-10-06T23:00:46.350+0000] {dag.py:2585} INFO - Sync 1 DAGs
[2023-10-06T23:00:46.366+0000] {logging_mixin.py:120} INFO - [2023-10-06T23:00:46.366+0000] {dag.py:3340} INFO - Setting next_dagrun for example_skip_dag to 2023-10-05T23:00:46.366027+00:00, run_after=2023-10-06T23:00:46.366027+00:00
[2023-10-06T23:00:46.381+0000] {processor.py:176} INFO - Processing /home/airflow/.local/lib/python3.7/site-packages/airflow/example_dags/example_skip_dag.py took 0.071 seconds
[2023-10-06T23:01:16.428+0000] {processor.py:154} INFO - Started process (PID=3274) to work on /home/airflow/.local/lib/python3.7/site-packages/airflow/example_dags/example_skip_dag.py
[2023-10-06T23:01:16.429+0000] {processor.py:756} INFO - Processing file /home/airflow/.local/lib/python3.7/site-packages/airflow/example_dags/example_skip_dag.py for tasks to queue
[2023-10-06T23:01:16.430+0000] {logging_mixin.py:120} INFO - [2023-10-06T23:01:16.430+0000] {dagbag.py:537} INFO - Filling up the DagBag from /home/airflow/.local/lib/python3.7/site-packages/airflow/example_dags/example_skip_dag.py
[2023-10-06T23:01:16.439+0000] {processor.py:766} INFO - DAG(s) dict_keys(['example_skip_dag']) retrieved from /home/airflow/.local/lib/python3.7/site-packages/airflow/example_dags/example_skip_dag.py
[2023-10-06T23:01:16.467+0000] {logging_mixin.py:120} INFO - [2023-10-06T23:01:16.467+0000] {dag.py:2585} INFO - Sync 1 DAGs
[2023-10-06T23:01:16.484+0000] {logging_mixin.py:120} INFO - [2023-10-06T23:01:16.484+0000] {dag.py:3340} INFO - Setting next_dagrun for example_skip_dag to 2023-10-05T23:01:16.484003+00:00, run_after=2023-10-06T23:01:16.484003+00:00
[2023-10-06T23:01:16.499+0000] {processor.py:176} INFO - Processing /home/airflow/.local/lib/python3.7/site-packages/airflow/example_dags/example_skip_dag.py took 0.073 seconds
[2023-10-06T23:01:46.633+0000] {processor.py:154} INFO - Started process (PID=3329) to work on /home/airflow/.local/lib/python3.7/site-packages/airflow/example_dags/example_skip_dag.py
[2023-10-06T23:01:46.633+0000] {processor.py:756} INFO - Processing file /home/airflow/.local/lib/python3.7/site-packages/airflow/example_dags/example_skip_dag.py for tasks to queue
[2023-10-06T23:01:46.634+0000] {logging_mixin.py:120} INFO - [2023-10-06T23:01:46.634+0000] {dagbag.py:537} INFO - Filling up the DagBag from /home/airflow/.local/lib/python3.7/site-packages/airflow/example_dags/example_skip_dag.py
[2023-10-06T23:01:46.644+0000] {processor.py:766} INFO - DAG(s) dict_keys(['example_skip_dag']) retrieved from /home/airflow/.local/lib/python3.7/site-packages/airflow/example_dags/example_skip_dag.py
[2023-10-06T23:01:46.673+0000] {logging_mixin.py:120} INFO - [2023-10-06T23:01:46.673+0000] {dag.py:2585} INFO - Sync 1 DAGs
[2023-10-06T23:01:46.692+0000] {logging_mixin.py:120} INFO - [2023-10-06T23:01:46.692+0000] {dag.py:3340} INFO - Setting next_dagrun for example_skip_dag to 2023-10-05T23:01:46.692029+00:00, run_after=2023-10-06T23:01:46.692029+00:00
[2023-10-06T23:01:46.706+0000] {processor.py:176} INFO - Processing /home/airflow/.local/lib/python3.7/site-packages/airflow/example_dags/example_skip_dag.py took 0.075 seconds
[2023-10-06T23:02:16.768+0000] {processor.py:154} INFO - Started process (PID=3393) to work on /home/airflow/.local/lib/python3.7/site-packages/airflow/example_dags/example_skip_dag.py
[2023-10-06T23:02:16.769+0000] {processor.py:756} INFO - Processing file /home/airflow/.local/lib/python3.7/site-packages/airflow/example_dags/example_skip_dag.py for tasks to queue
[2023-10-06T23:02:16.770+0000] {logging_mixin.py:120} INFO - [2023-10-06T23:02:16.770+0000] {dagbag.py:537} INFO - Filling up the DagBag from /home/airflow/.local/lib/python3.7/site-packages/airflow/example_dags/example_skip_dag.py
[2023-10-06T23:02:16.779+0000] {processor.py:766} INFO - DAG(s) dict_keys(['example_skip_dag']) retrieved from /home/airflow/.local/lib/python3.7/site-packages/airflow/example_dags/example_skip_dag.py
[2023-10-06T23:02:16.808+0000] {logging_mixin.py:120} INFO - [2023-10-06T23:02:16.808+0000] {dag.py:2585} INFO - Sync 1 DAGs
[2023-10-06T23:02:16.824+0000] {logging_mixin.py:120} INFO - [2023-10-06T23:02:16.824+0000] {dag.py:3340} INFO - Setting next_dagrun for example_skip_dag to 2023-10-05T23:02:16.824432+00:00, run_after=2023-10-06T23:02:16.824432+00:00
[2023-10-06T23:02:16.840+0000] {processor.py:176} INFO - Processing /home/airflow/.local/lib/python3.7/site-packages/airflow/example_dags/example_skip_dag.py took 0.074 seconds
[2023-10-06T23:02:47.017+0000] {processor.py:154} INFO - Started process (PID=3457) to work on /home/airflow/.local/lib/python3.7/site-packages/airflow/example_dags/example_skip_dag.py
[2023-10-06T23:02:47.017+0000] {processor.py:756} INFO - Processing file /home/airflow/.local/lib/python3.7/site-packages/airflow/example_dags/example_skip_dag.py for tasks to queue
[2023-10-06T23:02:47.018+0000] {logging_mixin.py:120} INFO - [2023-10-06T23:02:47.018+0000] {dagbag.py:537} INFO - Filling up the DagBag from /home/airflow/.local/lib/python3.7/site-packages/airflow/example_dags/example_skip_dag.py
[2023-10-06T23:02:47.029+0000] {processor.py:766} INFO - DAG(s) dict_keys(['example_skip_dag']) retrieved from /home/airflow/.local/lib/python3.7/site-packages/airflow/example_dags/example_skip_dag.py
[2023-10-06T23:02:47.060+0000] {logging_mixin.py:120} INFO - [2023-10-06T23:02:47.059+0000] {dag.py:2585} INFO - Sync 1 DAGs
[2023-10-06T23:02:47.078+0000] {logging_mixin.py:120} INFO - [2023-10-06T23:02:47.078+0000] {dag.py:3340} INFO - Setting next_dagrun for example_skip_dag to 2023-10-05T23:02:47.078114+00:00, run_after=2023-10-06T23:02:47.078114+00:00
[2023-10-06T23:02:47.091+0000] {processor.py:176} INFO - Processing /home/airflow/.local/lib/python3.7/site-packages/airflow/example_dags/example_skip_dag.py took 0.077 seconds
[2023-10-06T23:03:18.030+0000] {processor.py:154} INFO - Started process (PID=3521) to work on /home/airflow/.local/lib/python3.7/site-packages/airflow/example_dags/example_skip_dag.py
[2023-10-06T23:03:18.031+0000] {processor.py:756} INFO - Processing file /home/airflow/.local/lib/python3.7/site-packages/airflow/example_dags/example_skip_dag.py for tasks to queue
[2023-10-06T23:03:18.032+0000] {logging_mixin.py:120} INFO - [2023-10-06T23:03:18.032+0000] {dagbag.py:537} INFO - Filling up the DagBag from /home/airflow/.local/lib/python3.7/site-packages/airflow/example_dags/example_skip_dag.py
[2023-10-06T23:03:18.043+0000] {processor.py:766} INFO - DAG(s) dict_keys(['example_skip_dag']) retrieved from /home/airflow/.local/lib/python3.7/site-packages/airflow/example_dags/example_skip_dag.py
[2023-10-06T23:03:18.075+0000] {logging_mixin.py:120} INFO - [2023-10-06T23:03:18.074+0000] {dag.py:2585} INFO - Sync 1 DAGs
[2023-10-06T23:03:18.093+0000] {logging_mixin.py:120} INFO - [2023-10-06T23:03:18.093+0000] {dag.py:3340} INFO - Setting next_dagrun for example_skip_dag to 2023-10-05T23:03:18.093559+00:00, run_after=2023-10-06T23:03:18.093559+00:00
[2023-10-06T23:03:18.111+0000] {processor.py:176} INFO - Processing /home/airflow/.local/lib/python3.7/site-packages/airflow/example_dags/example_skip_dag.py took 0.083 seconds
[2023-10-06T23:03:48.352+0000] {processor.py:154} INFO - Started process (PID=3585) to work on /home/airflow/.local/lib/python3.7/site-packages/airflow/example_dags/example_skip_dag.py
[2023-10-06T23:03:48.353+0000] {processor.py:756} INFO - Processing file /home/airflow/.local/lib/python3.7/site-packages/airflow/example_dags/example_skip_dag.py for tasks to queue
[2023-10-06T23:03:48.353+0000] {logging_mixin.py:120} INFO - [2023-10-06T23:03:48.353+0000] {dagbag.py:537} INFO - Filling up the DagBag from /home/airflow/.local/lib/python3.7/site-packages/airflow/example_dags/example_skip_dag.py
[2023-10-06T23:03:48.364+0000] {processor.py:766} INFO - DAG(s) dict_keys(['example_skip_dag']) retrieved from /home/airflow/.local/lib/python3.7/site-packages/airflow/example_dags/example_skip_dag.py
[2023-10-06T23:03:48.398+0000] {logging_mixin.py:120} INFO - [2023-10-06T23:03:48.397+0000] {dag.py:2585} INFO - Sync 1 DAGs
[2023-10-06T23:03:48.420+0000] {logging_mixin.py:120} INFO - [2023-10-06T23:03:48.420+0000] {dag.py:3340} INFO - Setting next_dagrun for example_skip_dag to 2023-10-05T23:03:48.419837+00:00, run_after=2023-10-06T23:03:48.419837+00:00
[2023-10-06T23:03:48.436+0000] {processor.py:176} INFO - Processing /home/airflow/.local/lib/python3.7/site-packages/airflow/example_dags/example_skip_dag.py took 0.086 seconds
[2023-10-06T23:04:19.364+0000] {processor.py:154} INFO - Started process (PID=3640) to work on /home/airflow/.local/lib/python3.7/site-packages/airflow/example_dags/example_skip_dag.py
[2023-10-06T23:04:19.365+0000] {processor.py:756} INFO - Processing file /home/airflow/.local/lib/python3.7/site-packages/airflow/example_dags/example_skip_dag.py for tasks to queue
[2023-10-06T23:04:19.366+0000] {logging_mixin.py:120} INFO - [2023-10-06T23:04:19.366+0000] {dagbag.py:537} INFO - Filling up the DagBag from /home/airflow/.local/lib/python3.7/site-packages/airflow/example_dags/example_skip_dag.py
[2023-10-06T23:04:19.375+0000] {processor.py:766} INFO - DAG(s) dict_keys(['example_skip_dag']) retrieved from /home/airflow/.local/lib/python3.7/site-packages/airflow/example_dags/example_skip_dag.py
[2023-10-06T23:04:19.405+0000] {logging_mixin.py:120} INFO - [2023-10-06T23:04:19.405+0000] {dag.py:2585} INFO - Sync 1 DAGs
[2023-10-06T23:04:19.421+0000] {logging_mixin.py:120} INFO - [2023-10-06T23:04:19.421+0000] {dag.py:3340} INFO - Setting next_dagrun for example_skip_dag to 2023-10-05T23:04:19.421468+00:00, run_after=2023-10-06T23:04:19.421468+00:00
[2023-10-06T23:04:19.436+0000] {processor.py:176} INFO - Processing /home/airflow/.local/lib/python3.7/site-packages/airflow/example_dags/example_skip_dag.py took 0.074 seconds
[2023-10-06T23:04:49.480+0000] {processor.py:154} INFO - Started process (PID=3705) to work on /home/airflow/.local/lib/python3.7/site-packages/airflow/example_dags/example_skip_dag.py
[2023-10-06T23:04:49.481+0000] {processor.py:756} INFO - Processing file /home/airflow/.local/lib/python3.7/site-packages/airflow/example_dags/example_skip_dag.py for tasks to queue
[2023-10-06T23:04:49.481+0000] {logging_mixin.py:120} INFO - [2023-10-06T23:04:49.481+0000] {dagbag.py:537} INFO - Filling up the DagBag from /home/airflow/.local/lib/python3.7/site-packages/airflow/example_dags/example_skip_dag.py
[2023-10-06T23:04:49.490+0000] {processor.py:766} INFO - DAG(s) dict_keys(['example_skip_dag']) retrieved from /home/airflow/.local/lib/python3.7/site-packages/airflow/example_dags/example_skip_dag.py
[2023-10-06T23:04:49.520+0000] {logging_mixin.py:120} INFO - [2023-10-06T23:04:49.520+0000] {dag.py:2585} INFO - Sync 1 DAGs
[2023-10-06T23:04:49.538+0000] {logging_mixin.py:120} INFO - [2023-10-06T23:04:49.538+0000] {dag.py:3340} INFO - Setting next_dagrun for example_skip_dag to 2023-10-05T23:04:49.538357+00:00, run_after=2023-10-06T23:04:49.538357+00:00
[2023-10-06T23:04:49.552+0000] {processor.py:176} INFO - Processing /home/airflow/.local/lib/python3.7/site-packages/airflow/example_dags/example_skip_dag.py took 0.074 seconds
[2023-10-06T23:05:19.862+0000] {processor.py:154} INFO - Started process (PID=3769) to work on /home/airflow/.local/lib/python3.7/site-packages/airflow/example_dags/example_skip_dag.py
[2023-10-06T23:05:19.864+0000] {processor.py:756} INFO - Processing file /home/airflow/.local/lib/python3.7/site-packages/airflow/example_dags/example_skip_dag.py for tasks to queue
[2023-10-06T23:05:19.864+0000] {logging_mixin.py:120} INFO - [2023-10-06T23:05:19.864+0000] {dagbag.py:537} INFO - Filling up the DagBag from /home/airflow/.local/lib/python3.7/site-packages/airflow/example_dags/example_skip_dag.py
[2023-10-06T23:05:19.874+0000] {processor.py:766} INFO - DAG(s) dict_keys(['example_skip_dag']) retrieved from /home/airflow/.local/lib/python3.7/site-packages/airflow/example_dags/example_skip_dag.py
[2023-10-06T23:05:19.901+0000] {logging_mixin.py:120} INFO - [2023-10-06T23:05:19.900+0000] {dag.py:2585} INFO - Sync 1 DAGs
[2023-10-06T23:05:19.917+0000] {logging_mixin.py:120} INFO - [2023-10-06T23:05:19.917+0000] {dag.py:3340} INFO - Setting next_dagrun for example_skip_dag to 2023-10-05T23:05:19.917246+00:00, run_after=2023-10-06T23:05:19.917246+00:00
[2023-10-06T23:05:19.932+0000] {processor.py:176} INFO - Processing /home/airflow/.local/lib/python3.7/site-packages/airflow/example_dags/example_skip_dag.py took 0.072 seconds
[2023-10-06T23:05:50.087+0000] {processor.py:154} INFO - Started process (PID=3834) to work on /home/airflow/.local/lib/python3.7/site-packages/airflow/example_dags/example_skip_dag.py
[2023-10-06T23:05:50.088+0000] {processor.py:756} INFO - Processing file /home/airflow/.local/lib/python3.7/site-packages/airflow/example_dags/example_skip_dag.py for tasks to queue
[2023-10-06T23:05:50.088+0000] {logging_mixin.py:120} INFO - [2023-10-06T23:05:50.088+0000] {dagbag.py:537} INFO - Filling up the DagBag from /home/airflow/.local/lib/python3.7/site-packages/airflow/example_dags/example_skip_dag.py
[2023-10-06T23:05:50.099+0000] {processor.py:766} INFO - DAG(s) dict_keys(['example_skip_dag']) retrieved from /home/airflow/.local/lib/python3.7/site-packages/airflow/example_dags/example_skip_dag.py
[2023-10-06T23:05:50.129+0000] {logging_mixin.py:120} INFO - [2023-10-06T23:05:50.129+0000] {dag.py:2585} INFO - Sync 1 DAGs
[2023-10-06T23:05:50.148+0000] {logging_mixin.py:120} INFO - [2023-10-06T23:05:50.148+0000] {dag.py:3340} INFO - Setting next_dagrun for example_skip_dag to 2023-10-05T23:05:50.148363+00:00, run_after=2023-10-06T23:05:50.148363+00:00
[2023-10-06T23:05:50.167+0000] {processor.py:176} INFO - Processing /home/airflow/.local/lib/python3.7/site-packages/airflow/example_dags/example_skip_dag.py took 0.082 seconds
[2023-10-06T23:06:20.201+0000] {processor.py:154} INFO - Started process (PID=3890) to work on /home/airflow/.local/lib/python3.7/site-packages/airflow/example_dags/example_skip_dag.py
[2023-10-06T23:06:20.202+0000] {processor.py:756} INFO - Processing file /home/airflow/.local/lib/python3.7/site-packages/airflow/example_dags/example_skip_dag.py for tasks to queue
[2023-10-06T23:06:20.203+0000] {logging_mixin.py:120} INFO - [2023-10-06T23:06:20.203+0000] {dagbag.py:537} INFO - Filling up the DagBag from /home/airflow/.local/lib/python3.7/site-packages/airflow/example_dags/example_skip_dag.py
[2023-10-06T23:06:20.212+0000] {processor.py:766} INFO - DAG(s) dict_keys(['example_skip_dag']) retrieved from /home/airflow/.local/lib/python3.7/site-packages/airflow/example_dags/example_skip_dag.py
[2023-10-06T23:06:20.243+0000] {logging_mixin.py:120} INFO - [2023-10-06T23:06:20.243+0000] {dag.py:2585} INFO - Sync 1 DAGs
[2023-10-06T23:06:20.259+0000] {logging_mixin.py:120} INFO - [2023-10-06T23:06:20.259+0000] {dag.py:3340} INFO - Setting next_dagrun for example_skip_dag to 2023-10-05T23:06:20.259520+00:00, run_after=2023-10-06T23:06:20.259520+00:00
[2023-10-06T23:06:20.275+0000] {processor.py:176} INFO - Processing /home/airflow/.local/lib/python3.7/site-packages/airflow/example_dags/example_skip_dag.py took 0.077 seconds
[2023-10-06T23:06:50.518+0000] {processor.py:154} INFO - Started process (PID=3953) to work on /home/airflow/.local/lib/python3.7/site-packages/airflow/example_dags/example_skip_dag.py
[2023-10-06T23:06:50.519+0000] {processor.py:756} INFO - Processing file /home/airflow/.local/lib/python3.7/site-packages/airflow/example_dags/example_skip_dag.py for tasks to queue
[2023-10-06T23:06:50.519+0000] {logging_mixin.py:120} INFO - [2023-10-06T23:06:50.519+0000] {dagbag.py:537} INFO - Filling up the DagBag from /home/airflow/.local/lib/python3.7/site-packages/airflow/example_dags/example_skip_dag.py
[2023-10-06T23:06:50.528+0000] {processor.py:766} INFO - DAG(s) dict_keys(['example_skip_dag']) retrieved from /home/airflow/.local/lib/python3.7/site-packages/airflow/example_dags/example_skip_dag.py
[2023-10-06T23:06:50.559+0000] {logging_mixin.py:120} INFO - [2023-10-06T23:06:50.559+0000] {dag.py:2585} INFO - Sync 1 DAGs
[2023-10-06T23:06:50.576+0000] {logging_mixin.py:120} INFO - [2023-10-06T23:06:50.576+0000] {dag.py:3340} INFO - Setting next_dagrun for example_skip_dag to 2023-10-05T23:06:50.576314+00:00, run_after=2023-10-06T23:06:50.576314+00:00
[2023-10-06T23:06:50.592+0000] {processor.py:176} INFO - Processing /home/airflow/.local/lib/python3.7/site-packages/airflow/example_dags/example_skip_dag.py took 0.077 seconds
[2023-10-06T23:07:20.645+0000] {processor.py:154} INFO - Started process (PID=4018) to work on /home/airflow/.local/lib/python3.7/site-packages/airflow/example_dags/example_skip_dag.py
[2023-10-06T23:07:20.646+0000] {processor.py:756} INFO - Processing file /home/airflow/.local/lib/python3.7/site-packages/airflow/example_dags/example_skip_dag.py for tasks to queue
[2023-10-06T23:07:20.646+0000] {logging_mixin.py:120} INFO - [2023-10-06T23:07:20.646+0000] {dagbag.py:537} INFO - Filling up the DagBag from /home/airflow/.local/lib/python3.7/site-packages/airflow/example_dags/example_skip_dag.py
[2023-10-06T23:07:20.656+0000] {processor.py:766} INFO - DAG(s) dict_keys(['example_skip_dag']) retrieved from /home/airflow/.local/lib/python3.7/site-packages/airflow/example_dags/example_skip_dag.py
[2023-10-06T23:07:20.686+0000] {logging_mixin.py:120} INFO - [2023-10-06T23:07:20.686+0000] {dag.py:2585} INFO - Sync 1 DAGs
[2023-10-06T23:07:20.703+0000] {logging_mixin.py:120} INFO - [2023-10-06T23:07:20.702+0000] {dag.py:3340} INFO - Setting next_dagrun for example_skip_dag to 2023-10-05T23:07:20.702655+00:00, run_after=2023-10-06T23:07:20.702655+00:00
[2023-10-06T23:07:20.719+0000] {processor.py:176} INFO - Processing /home/airflow/.local/lib/python3.7/site-packages/airflow/example_dags/example_skip_dag.py took 0.076 seconds
[2023-10-06T23:07:50.883+0000] {processor.py:154} INFO - Started process (PID=4082) to work on /home/airflow/.local/lib/python3.7/site-packages/airflow/example_dags/example_skip_dag.py
[2023-10-06T23:07:50.884+0000] {processor.py:756} INFO - Processing file /home/airflow/.local/lib/python3.7/site-packages/airflow/example_dags/example_skip_dag.py for tasks to queue
[2023-10-06T23:07:50.884+0000] {logging_mixin.py:120} INFO - [2023-10-06T23:07:50.884+0000] {dagbag.py:537} INFO - Filling up the DagBag from /home/airflow/.local/lib/python3.7/site-packages/airflow/example_dags/example_skip_dag.py
[2023-10-06T23:07:50.893+0000] {processor.py:766} INFO - DAG(s) dict_keys(['example_skip_dag']) retrieved from /home/airflow/.local/lib/python3.7/site-packages/airflow/example_dags/example_skip_dag.py
[2023-10-06T23:07:50.923+0000] {logging_mixin.py:120} INFO - [2023-10-06T23:07:50.922+0000] {dag.py:2585} INFO - Sync 1 DAGs
[2023-10-06T23:07:50.940+0000] {logging_mixin.py:120} INFO - [2023-10-06T23:07:50.940+0000] {dag.py:3340} INFO - Setting next_dagrun for example_skip_dag to 2023-10-05T23:07:50.940644+00:00, run_after=2023-10-06T23:07:50.940644+00:00
[2023-10-06T23:07:50.957+0000] {processor.py:176} INFO - Processing /home/airflow/.local/lib/python3.7/site-packages/airflow/example_dags/example_skip_dag.py took 0.076 seconds
[2023-10-06T23:08:21.947+0000] {processor.py:154} INFO - Started process (PID=4143) to work on /home/airflow/.local/lib/python3.7/site-packages/airflow/example_dags/example_skip_dag.py
[2023-10-06T23:08:21.948+0000] {processor.py:756} INFO - Processing file /home/airflow/.local/lib/python3.7/site-packages/airflow/example_dags/example_skip_dag.py for tasks to queue
[2023-10-06T23:08:21.948+0000] {logging_mixin.py:120} INFO - [2023-10-06T23:08:21.948+0000] {dagbag.py:537} INFO - Filling up the DagBag from /home/airflow/.local/lib/python3.7/site-packages/airflow/example_dags/example_skip_dag.py
[2023-10-06T23:08:21.959+0000] {processor.py:766} INFO - DAG(s) dict_keys(['example_skip_dag']) retrieved from /home/airflow/.local/lib/python3.7/site-packages/airflow/example_dags/example_skip_dag.py
[2023-10-06T23:08:21.994+0000] {logging_mixin.py:120} INFO - [2023-10-06T23:08:21.994+0000] {dag.py:2585} INFO - Sync 1 DAGs
[2023-10-06T23:08:22.011+0000] {logging_mixin.py:120} INFO - [2023-10-06T23:08:22.011+0000] {dag.py:3340} INFO - Setting next_dagrun for example_skip_dag to 2023-10-05T23:08:22.011427+00:00, run_after=2023-10-06T23:08:22.011427+00:00
[2023-10-06T23:08:22.027+0000] {processor.py:176} INFO - Processing /home/airflow/.local/lib/python3.7/site-packages/airflow/example_dags/example_skip_dag.py took 0.083 seconds
