[2023-10-06T22:34:53.353+0000] {processor.py:154} INFO - Started process (PID=47) to work on /home/airflow/.local/lib/python3.7/site-packages/airflow/example_dags/example_xcom.py
[2023-10-06T22:34:53.353+0000] {processor.py:756} INFO - Processing file /home/airflow/.local/lib/python3.7/site-packages/airflow/example_dags/example_xcom.py for tasks to queue
[2023-10-06T22:34:53.354+0000] {logging_mixin.py:120} INFO - [2023-10-06T22:34:53.354+0000] {dagbag.py:537} INFO - Filling up the DagBag from /home/airflow/.local/lib/python3.7/site-packages/airflow/example_dags/example_xcom.py
[2023-10-06T22:34:53.378+0000] {processor.py:766} INFO - DAG(s) dict_keys(['example_xcom']) retrieved from /home/airflow/.local/lib/python3.7/site-packages/airflow/example_dags/example_xcom.py
[2023-10-06T22:34:53.425+0000] {logging_mixin.py:120} INFO - [2023-10-06T22:34:53.425+0000] {dag.py:2585} INFO - Sync 1 DAGs
[2023-10-06T22:34:53.451+0000] {logging_mixin.py:120} INFO - [2023-10-06T22:34:53.451+0000] {dag.py:3340} INFO - Setting next_dagrun for example_xcom to 2021-01-01T00:00:00+00:00, run_after=2021-01-01T00:00:00+00:00
[2023-10-06T22:34:53.470+0000] {processor.py:176} INFO - Processing /home/airflow/.local/lib/python3.7/site-packages/airflow/example_dags/example_xcom.py took 0.120 seconds
[2023-10-06T22:35:23.884+0000] {processor.py:154} INFO - Started process (PID=110) to work on /home/airflow/.local/lib/python3.7/site-packages/airflow/example_dags/example_xcom.py
[2023-10-06T22:35:23.885+0000] {processor.py:756} INFO - Processing file /home/airflow/.local/lib/python3.7/site-packages/airflow/example_dags/example_xcom.py for tasks to queue
[2023-10-06T22:35:23.886+0000] {logging_mixin.py:120} INFO - [2023-10-06T22:35:23.886+0000] {dagbag.py:537} INFO - Filling up the DagBag from /home/airflow/.local/lib/python3.7/site-packages/airflow/example_dags/example_xcom.py
[2023-10-06T22:35:23.912+0000] {processor.py:766} INFO - DAG(s) dict_keys(['example_xcom']) retrieved from /home/airflow/.local/lib/python3.7/site-packages/airflow/example_dags/example_xcom.py
[2023-10-06T22:35:23.938+0000] {logging_mixin.py:120} INFO - [2023-10-06T22:35:23.938+0000] {dag.py:2585} INFO - Sync 1 DAGs
[2023-10-06T22:35:23.967+0000] {logging_mixin.py:120} INFO - [2023-10-06T22:35:23.967+0000] {dag.py:3340} INFO - Setting next_dagrun for example_xcom to 2021-01-01T00:00:00+00:00, run_after=2021-01-01T00:00:00+00:00
[2023-10-06T22:35:23.986+0000] {processor.py:176} INFO - Processing /home/airflow/.local/lib/python3.7/site-packages/airflow/example_dags/example_xcom.py took 0.105 seconds
[2023-10-06T22:35:54.934+0000] {processor.py:154} INFO - Started process (PID=173) to work on /home/airflow/.local/lib/python3.7/site-packages/airflow/example_dags/example_xcom.py
[2023-10-06T22:35:54.935+0000] {processor.py:756} INFO - Processing file /home/airflow/.local/lib/python3.7/site-packages/airflow/example_dags/example_xcom.py for tasks to queue
[2023-10-06T22:35:54.936+0000] {logging_mixin.py:120} INFO - [2023-10-06T22:35:54.935+0000] {dagbag.py:537} INFO - Filling up the DagBag from /home/airflow/.local/lib/python3.7/site-packages/airflow/example_dags/example_xcom.py
[2023-10-06T22:35:54.950+0000] {processor.py:766} INFO - DAG(s) dict_keys(['example_xcom']) retrieved from /home/airflow/.local/lib/python3.7/site-packages/airflow/example_dags/example_xcom.py
[2023-10-06T22:35:54.978+0000] {logging_mixin.py:120} INFO - [2023-10-06T22:35:54.978+0000] {dag.py:2585} INFO - Sync 1 DAGs
[2023-10-06T22:35:54.994+0000] {logging_mixin.py:120} INFO - [2023-10-06T22:35:54.994+0000] {dag.py:3340} INFO - Setting next_dagrun for example_xcom to 2021-01-01T00:00:00+00:00, run_after=2021-01-01T00:00:00+00:00
[2023-10-06T22:35:55.007+0000] {processor.py:176} INFO - Processing /home/airflow/.local/lib/python3.7/site-packages/airflow/example_dags/example_xcom.py took 0.075 seconds
[2023-10-06T22:36:25.158+0000] {processor.py:154} INFO - Started process (PID=227) to work on /home/airflow/.local/lib/python3.7/site-packages/airflow/example_dags/example_xcom.py
[2023-10-06T22:36:25.158+0000] {processor.py:756} INFO - Processing file /home/airflow/.local/lib/python3.7/site-packages/airflow/example_dags/example_xcom.py for tasks to queue
[2023-10-06T22:36:25.159+0000] {logging_mixin.py:120} INFO - [2023-10-06T22:36:25.159+0000] {dagbag.py:537} INFO - Filling up the DagBag from /home/airflow/.local/lib/python3.7/site-packages/airflow/example_dags/example_xcom.py
[2023-10-06T22:36:25.174+0000] {processor.py:766} INFO - DAG(s) dict_keys(['example_xcom']) retrieved from /home/airflow/.local/lib/python3.7/site-packages/airflow/example_dags/example_xcom.py
[2023-10-06T22:36:25.205+0000] {logging_mixin.py:120} INFO - [2023-10-06T22:36:25.205+0000] {dag.py:2585} INFO - Sync 1 DAGs
[2023-10-06T22:36:25.221+0000] {logging_mixin.py:120} INFO - [2023-10-06T22:36:25.221+0000] {dag.py:3340} INFO - Setting next_dagrun for example_xcom to 2021-01-01T00:00:00+00:00, run_after=2021-01-01T00:00:00+00:00
[2023-10-06T22:36:25.237+0000] {processor.py:176} INFO - Processing /home/airflow/.local/lib/python3.7/site-packages/airflow/example_dags/example_xcom.py took 0.082 seconds
[2023-10-06T22:36:55.846+0000] {processor.py:154} INFO - Started process (PID=291) to work on /home/airflow/.local/lib/python3.7/site-packages/airflow/example_dags/example_xcom.py
[2023-10-06T22:36:55.851+0000] {processor.py:756} INFO - Processing file /home/airflow/.local/lib/python3.7/site-packages/airflow/example_dags/example_xcom.py for tasks to queue
[2023-10-06T22:36:55.852+0000] {logging_mixin.py:120} INFO - [2023-10-06T22:36:55.851+0000] {dagbag.py:537} INFO - Filling up the DagBag from /home/airflow/.local/lib/python3.7/site-packages/airflow/example_dags/example_xcom.py
[2023-10-06T22:36:55.878+0000] {processor.py:766} INFO - DAG(s) dict_keys(['example_xcom']) retrieved from /home/airflow/.local/lib/python3.7/site-packages/airflow/example_dags/example_xcom.py
[2023-10-06T22:36:55.932+0000] {logging_mixin.py:120} INFO - [2023-10-06T22:36:55.932+0000] {dag.py:2585} INFO - Sync 1 DAGs
[2023-10-06T22:36:55.979+0000] {logging_mixin.py:120} INFO - [2023-10-06T22:36:55.979+0000] {dag.py:3340} INFO - Setting next_dagrun for example_xcom to 2021-01-01T00:00:00+00:00, run_after=2021-01-01T00:00:00+00:00
[2023-10-06T22:36:56.005+0000] {processor.py:176} INFO - Processing /home/airflow/.local/lib/python3.7/site-packages/airflow/example_dags/example_xcom.py took 0.161 seconds
[2023-10-06T22:37:26.721+0000] {processor.py:154} INFO - Started process (PID=354) to work on /home/airflow/.local/lib/python3.7/site-packages/airflow/example_dags/example_xcom.py
[2023-10-06T22:37:26.722+0000] {processor.py:756} INFO - Processing file /home/airflow/.local/lib/python3.7/site-packages/airflow/example_dags/example_xcom.py for tasks to queue
[2023-10-06T22:37:26.722+0000] {logging_mixin.py:120} INFO - [2023-10-06T22:37:26.722+0000] {dagbag.py:537} INFO - Filling up the DagBag from /home/airflow/.local/lib/python3.7/site-packages/airflow/example_dags/example_xcom.py
[2023-10-06T22:37:26.760+0000] {processor.py:766} INFO - DAG(s) dict_keys(['example_xcom']) retrieved from /home/airflow/.local/lib/python3.7/site-packages/airflow/example_dags/example_xcom.py
[2023-10-06T22:37:26.800+0000] {logging_mixin.py:120} INFO - [2023-10-06T22:37:26.799+0000] {dag.py:2585} INFO - Sync 1 DAGs
[2023-10-06T22:37:26.823+0000] {logging_mixin.py:120} INFO - [2023-10-06T22:37:26.823+0000] {dag.py:3340} INFO - Setting next_dagrun for example_xcom to 2021-01-01T00:00:00+00:00, run_after=2021-01-01T00:00:00+00:00
[2023-10-06T22:37:26.840+0000] {processor.py:176} INFO - Processing /home/airflow/.local/lib/python3.7/site-packages/airflow/example_dags/example_xcom.py took 0.121 seconds
[2023-10-06T22:37:57.286+0000] {processor.py:154} INFO - Started process (PID=418) to work on /home/airflow/.local/lib/python3.7/site-packages/airflow/example_dags/example_xcom.py
[2023-10-06T22:37:57.287+0000] {processor.py:756} INFO - Processing file /home/airflow/.local/lib/python3.7/site-packages/airflow/example_dags/example_xcom.py for tasks to queue
[2023-10-06T22:37:57.287+0000] {logging_mixin.py:120} INFO - [2023-10-06T22:37:57.287+0000] {dagbag.py:537} INFO - Filling up the DagBag from /home/airflow/.local/lib/python3.7/site-packages/airflow/example_dags/example_xcom.py
[2023-10-06T22:37:57.307+0000] {processor.py:766} INFO - DAG(s) dict_keys(['example_xcom']) retrieved from /home/airflow/.local/lib/python3.7/site-packages/airflow/example_dags/example_xcom.py
[2023-10-06T22:37:57.341+0000] {logging_mixin.py:120} INFO - [2023-10-06T22:37:57.341+0000] {dag.py:2585} INFO - Sync 1 DAGs
[2023-10-06T22:37:57.361+0000] {logging_mixin.py:120} INFO - [2023-10-06T22:37:57.361+0000] {dag.py:3340} INFO - Setting next_dagrun for example_xcom to 2021-01-01T00:00:00+00:00, run_after=2021-01-01T00:00:00+00:00
[2023-10-06T22:37:57.375+0000] {processor.py:176} INFO - Processing /home/airflow/.local/lib/python3.7/site-packages/airflow/example_dags/example_xcom.py took 0.091 seconds
[2023-10-06T22:38:27.618+0000] {processor.py:154} INFO - Started process (PID=473) to work on /home/airflow/.local/lib/python3.7/site-packages/airflow/example_dags/example_xcom.py
[2023-10-06T22:38:27.619+0000] {processor.py:756} INFO - Processing file /home/airflow/.local/lib/python3.7/site-packages/airflow/example_dags/example_xcom.py for tasks to queue
[2023-10-06T22:38:27.620+0000] {logging_mixin.py:120} INFO - [2023-10-06T22:38:27.620+0000] {dagbag.py:537} INFO - Filling up the DagBag from /home/airflow/.local/lib/python3.7/site-packages/airflow/example_dags/example_xcom.py
[2023-10-06T22:38:27.639+0000] {processor.py:766} INFO - DAG(s) dict_keys(['example_xcom']) retrieved from /home/airflow/.local/lib/python3.7/site-packages/airflow/example_dags/example_xcom.py
[2023-10-06T22:38:27.685+0000] {logging_mixin.py:120} INFO - [2023-10-06T22:38:27.685+0000] {dag.py:2585} INFO - Sync 1 DAGs
[2023-10-06T22:38:27.719+0000] {logging_mixin.py:120} INFO - [2023-10-06T22:38:27.718+0000] {dag.py:3340} INFO - Setting next_dagrun for example_xcom to 2021-01-01T00:00:00+00:00, run_after=2021-01-01T00:00:00+00:00
[2023-10-06T22:38:27.740+0000] {processor.py:176} INFO - Processing /home/airflow/.local/lib/python3.7/site-packages/airflow/example_dags/example_xcom.py took 0.124 seconds
[2023-10-06T22:38:58.459+0000] {processor.py:154} INFO - Started process (PID=536) to work on /home/airflow/.local/lib/python3.7/site-packages/airflow/example_dags/example_xcom.py
[2023-10-06T22:38:58.463+0000] {processor.py:756} INFO - Processing file /home/airflow/.local/lib/python3.7/site-packages/airflow/example_dags/example_xcom.py for tasks to queue
[2023-10-06T22:38:58.464+0000] {logging_mixin.py:120} INFO - [2023-10-06T22:38:58.464+0000] {dagbag.py:537} INFO - Filling up the DagBag from /home/airflow/.local/lib/python3.7/site-packages/airflow/example_dags/example_xcom.py
[2023-10-06T22:38:58.483+0000] {processor.py:766} INFO - DAG(s) dict_keys(['example_xcom']) retrieved from /home/airflow/.local/lib/python3.7/site-packages/airflow/example_dags/example_xcom.py
[2023-10-06T22:38:58.518+0000] {logging_mixin.py:120} INFO - [2023-10-06T22:38:58.518+0000] {dag.py:2585} INFO - Sync 1 DAGs
[2023-10-06T22:38:58.538+0000] {logging_mixin.py:120} INFO - [2023-10-06T22:38:58.538+0000] {dag.py:3340} INFO - Setting next_dagrun for example_xcom to 2021-01-01T00:00:00+00:00, run_after=2021-01-01T00:00:00+00:00
[2023-10-06T22:38:58.556+0000] {processor.py:176} INFO - Processing /home/airflow/.local/lib/python3.7/site-packages/airflow/example_dags/example_xcom.py took 0.100 seconds
[2023-10-06T22:39:29.092+0000] {processor.py:154} INFO - Started process (PID=601) to work on /home/airflow/.local/lib/python3.7/site-packages/airflow/example_dags/example_xcom.py
[2023-10-06T22:39:29.093+0000] {processor.py:756} INFO - Processing file /home/airflow/.local/lib/python3.7/site-packages/airflow/example_dags/example_xcom.py for tasks to queue
[2023-10-06T22:39:29.094+0000] {logging_mixin.py:120} INFO - [2023-10-06T22:39:29.094+0000] {dagbag.py:537} INFO - Filling up the DagBag from /home/airflow/.local/lib/python3.7/site-packages/airflow/example_dags/example_xcom.py
[2023-10-06T22:39:29.123+0000] {processor.py:766} INFO - DAG(s) dict_keys(['example_xcom']) retrieved from /home/airflow/.local/lib/python3.7/site-packages/airflow/example_dags/example_xcom.py
[2023-10-06T22:39:29.160+0000] {logging_mixin.py:120} INFO - [2023-10-06T22:39:29.160+0000] {dag.py:2585} INFO - Sync 1 DAGs
[2023-10-06T22:39:29.191+0000] {logging_mixin.py:120} INFO - [2023-10-06T22:39:29.191+0000] {dag.py:3340} INFO - Setting next_dagrun for example_xcom to 2021-01-01T00:00:00+00:00, run_after=2021-01-01T00:00:00+00:00
[2023-10-06T22:39:29.219+0000] {processor.py:176} INFO - Processing /home/airflow/.local/lib/python3.7/site-packages/airflow/example_dags/example_xcom.py took 0.130 seconds
[2023-10-06T22:39:59.390+0000] {processor.py:154} INFO - Started process (PID=664) to work on /home/airflow/.local/lib/python3.7/site-packages/airflow/example_dags/example_xcom.py
[2023-10-06T22:39:59.392+0000] {processor.py:756} INFO - Processing file /home/airflow/.local/lib/python3.7/site-packages/airflow/example_dags/example_xcom.py for tasks to queue
[2023-10-06T22:39:59.392+0000] {logging_mixin.py:120} INFO - [2023-10-06T22:39:59.392+0000] {dagbag.py:537} INFO - Filling up the DagBag from /home/airflow/.local/lib/python3.7/site-packages/airflow/example_dags/example_xcom.py
[2023-10-06T22:39:59.413+0000] {processor.py:766} INFO - DAG(s) dict_keys(['example_xcom']) retrieved from /home/airflow/.local/lib/python3.7/site-packages/airflow/example_dags/example_xcom.py
[2023-10-06T22:39:59.451+0000] {logging_mixin.py:120} INFO - [2023-10-06T22:39:59.451+0000] {dag.py:2585} INFO - Sync 1 DAGs
[2023-10-06T22:39:59.472+0000] {logging_mixin.py:120} INFO - [2023-10-06T22:39:59.472+0000] {dag.py:3340} INFO - Setting next_dagrun for example_xcom to 2021-01-01T00:00:00+00:00, run_after=2021-01-01T00:00:00+00:00
[2023-10-06T22:39:59.490+0000] {processor.py:176} INFO - Processing /home/airflow/.local/lib/python3.7/site-packages/airflow/example_dags/example_xcom.py took 0.103 seconds
[2023-10-06T22:40:30.156+0000] {processor.py:154} INFO - Started process (PID=718) to work on /home/airflow/.local/lib/python3.7/site-packages/airflow/example_dags/example_xcom.py
[2023-10-06T22:40:30.159+0000] {processor.py:756} INFO - Processing file /home/airflow/.local/lib/python3.7/site-packages/airflow/example_dags/example_xcom.py for tasks to queue
[2023-10-06T22:40:30.160+0000] {logging_mixin.py:120} INFO - [2023-10-06T22:40:30.159+0000] {dagbag.py:537} INFO - Filling up the DagBag from /home/airflow/.local/lib/python3.7/site-packages/airflow/example_dags/example_xcom.py
[2023-10-06T22:40:30.177+0000] {processor.py:766} INFO - DAG(s) dict_keys(['example_xcom']) retrieved from /home/airflow/.local/lib/python3.7/site-packages/airflow/example_dags/example_xcom.py
[2023-10-06T22:40:30.212+0000] {logging_mixin.py:120} INFO - [2023-10-06T22:40:30.212+0000] {dag.py:2585} INFO - Sync 1 DAGs
[2023-10-06T22:40:30.234+0000] {logging_mixin.py:120} INFO - [2023-10-06T22:40:30.234+0000] {dag.py:3340} INFO - Setting next_dagrun for example_xcom to 2021-01-01T00:00:00+00:00, run_after=2021-01-01T00:00:00+00:00
[2023-10-06T22:40:30.251+0000] {processor.py:176} INFO - Processing /home/airflow/.local/lib/python3.7/site-packages/airflow/example_dags/example_xcom.py took 0.097 seconds
[2023-10-06T22:41:00.741+0000] {processor.py:154} INFO - Started process (PID=781) to work on /home/airflow/.local/lib/python3.7/site-packages/airflow/example_dags/example_xcom.py
[2023-10-06T22:41:00.742+0000] {processor.py:756} INFO - Processing file /home/airflow/.local/lib/python3.7/site-packages/airflow/example_dags/example_xcom.py for tasks to queue
[2023-10-06T22:41:00.743+0000] {logging_mixin.py:120} INFO - [2023-10-06T22:41:00.742+0000] {dagbag.py:537} INFO - Filling up the DagBag from /home/airflow/.local/lib/python3.7/site-packages/airflow/example_dags/example_xcom.py
[2023-10-06T22:41:00.759+0000] {processor.py:766} INFO - DAG(s) dict_keys(['example_xcom']) retrieved from /home/airflow/.local/lib/python3.7/site-packages/airflow/example_dags/example_xcom.py
[2023-10-06T22:41:00.791+0000] {logging_mixin.py:120} INFO - [2023-10-06T22:41:00.791+0000] {dag.py:2585} INFO - Sync 1 DAGs
[2023-10-06T22:41:00.809+0000] {logging_mixin.py:120} INFO - [2023-10-06T22:41:00.809+0000] {dag.py:3340} INFO - Setting next_dagrun for example_xcom to 2021-01-01T00:00:00+00:00, run_after=2021-01-01T00:00:00+00:00
[2023-10-06T22:41:00.825+0000] {processor.py:176} INFO - Processing /home/airflow/.local/lib/python3.7/site-packages/airflow/example_dags/example_xcom.py took 0.086 seconds
[2023-10-06T22:41:31.267+0000] {processor.py:154} INFO - Started process (PID=844) to work on /home/airflow/.local/lib/python3.7/site-packages/airflow/example_dags/example_xcom.py
[2023-10-06T22:41:31.268+0000] {processor.py:756} INFO - Processing file /home/airflow/.local/lib/python3.7/site-packages/airflow/example_dags/example_xcom.py for tasks to queue
[2023-10-06T22:41:31.268+0000] {logging_mixin.py:120} INFO - [2023-10-06T22:41:31.268+0000] {dagbag.py:537} INFO - Filling up the DagBag from /home/airflow/.local/lib/python3.7/site-packages/airflow/example_dags/example_xcom.py
[2023-10-06T22:41:31.283+0000] {processor.py:766} INFO - DAG(s) dict_keys(['example_xcom']) retrieved from /home/airflow/.local/lib/python3.7/site-packages/airflow/example_dags/example_xcom.py
[2023-10-06T22:41:31.311+0000] {logging_mixin.py:120} INFO - [2023-10-06T22:41:31.311+0000] {dag.py:2585} INFO - Sync 1 DAGs
[2023-10-06T22:41:31.328+0000] {logging_mixin.py:120} INFO - [2023-10-06T22:41:31.327+0000] {dag.py:3340} INFO - Setting next_dagrun for example_xcom to 2021-01-01T00:00:00+00:00, run_after=2021-01-01T00:00:00+00:00
[2023-10-06T22:41:31.342+0000] {processor.py:176} INFO - Processing /home/airflow/.local/lib/python3.7/site-packages/airflow/example_dags/example_xcom.py took 0.077 seconds
[2023-10-06T22:42:01.584+0000] {processor.py:154} INFO - Started process (PID=907) to work on /home/airflow/.local/lib/python3.7/site-packages/airflow/example_dags/example_xcom.py
[2023-10-06T22:42:01.585+0000] {processor.py:756} INFO - Processing file /home/airflow/.local/lib/python3.7/site-packages/airflow/example_dags/example_xcom.py for tasks to queue
[2023-10-06T22:42:01.585+0000] {logging_mixin.py:120} INFO - [2023-10-06T22:42:01.585+0000] {dagbag.py:537} INFO - Filling up the DagBag from /home/airflow/.local/lib/python3.7/site-packages/airflow/example_dags/example_xcom.py
[2023-10-06T22:42:01.605+0000] {processor.py:766} INFO - DAG(s) dict_keys(['example_xcom']) retrieved from /home/airflow/.local/lib/python3.7/site-packages/airflow/example_dags/example_xcom.py
[2023-10-06T22:42:01.687+0000] {logging_mixin.py:120} INFO - [2023-10-06T22:42:01.686+0000] {dag.py:2585} INFO - Sync 1 DAGs
[2023-10-06T22:42:01.714+0000] {logging_mixin.py:120} INFO - [2023-10-06T22:42:01.714+0000] {dag.py:3340} INFO - Setting next_dagrun for example_xcom to 2021-01-01T00:00:00+00:00, run_after=2021-01-01T00:00:00+00:00
[2023-10-06T22:42:01.735+0000] {processor.py:176} INFO - Processing /home/airflow/.local/lib/python3.7/site-packages/airflow/example_dags/example_xcom.py took 0.154 seconds
[2023-10-06T22:42:32.165+0000] {processor.py:154} INFO - Started process (PID=961) to work on /home/airflow/.local/lib/python3.7/site-packages/airflow/example_dags/example_xcom.py
[2023-10-06T22:42:32.166+0000] {processor.py:756} INFO - Processing file /home/airflow/.local/lib/python3.7/site-packages/airflow/example_dags/example_xcom.py for tasks to queue
[2023-10-06T22:42:32.167+0000] {logging_mixin.py:120} INFO - [2023-10-06T22:42:32.167+0000] {dagbag.py:537} INFO - Filling up the DagBag from /home/airflow/.local/lib/python3.7/site-packages/airflow/example_dags/example_xcom.py
[2023-10-06T22:42:32.183+0000] {processor.py:766} INFO - DAG(s) dict_keys(['example_xcom']) retrieved from /home/airflow/.local/lib/python3.7/site-packages/airflow/example_dags/example_xcom.py
[2023-10-06T22:42:32.215+0000] {logging_mixin.py:120} INFO - [2023-10-06T22:42:32.215+0000] {dag.py:2585} INFO - Sync 1 DAGs
[2023-10-06T22:42:32.234+0000] {logging_mixin.py:120} INFO - [2023-10-06T22:42:32.234+0000] {dag.py:3340} INFO - Setting next_dagrun for example_xcom to 2021-01-01T00:00:00+00:00, run_after=2021-01-01T00:00:00+00:00
[2023-10-06T22:42:32.248+0000] {processor.py:176} INFO - Processing /home/airflow/.local/lib/python3.7/site-packages/airflow/example_dags/example_xcom.py took 0.085 seconds
[2023-10-06T22:43:02.515+0000] {processor.py:154} INFO - Started process (PID=1025) to work on /home/airflow/.local/lib/python3.7/site-packages/airflow/example_dags/example_xcom.py
[2023-10-06T22:43:02.516+0000] {processor.py:756} INFO - Processing file /home/airflow/.local/lib/python3.7/site-packages/airflow/example_dags/example_xcom.py for tasks to queue
[2023-10-06T22:43:02.517+0000] {logging_mixin.py:120} INFO - [2023-10-06T22:43:02.517+0000] {dagbag.py:537} INFO - Filling up the DagBag from /home/airflow/.local/lib/python3.7/site-packages/airflow/example_dags/example_xcom.py
[2023-10-06T22:43:02.533+0000] {processor.py:766} INFO - DAG(s) dict_keys(['example_xcom']) retrieved from /home/airflow/.local/lib/python3.7/site-packages/airflow/example_dags/example_xcom.py
[2023-10-06T22:43:02.563+0000] {logging_mixin.py:120} INFO - [2023-10-06T22:43:02.563+0000] {dag.py:2585} INFO - Sync 1 DAGs
[2023-10-06T22:43:02.580+0000] {logging_mixin.py:120} INFO - [2023-10-06T22:43:02.580+0000] {dag.py:3340} INFO - Setting next_dagrun for example_xcom to 2021-01-01T00:00:00+00:00, run_after=2021-01-01T00:00:00+00:00
[2023-10-06T22:43:02.595+0000] {processor.py:176} INFO - Processing /home/airflow/.local/lib/python3.7/site-packages/airflow/example_dags/example_xcom.py took 0.082 seconds
[2023-10-06T22:43:32.791+0000] {processor.py:154} INFO - Started process (PID=1089) to work on /home/airflow/.local/lib/python3.7/site-packages/airflow/example_dags/example_xcom.py
[2023-10-06T22:43:32.791+0000] {processor.py:756} INFO - Processing file /home/airflow/.local/lib/python3.7/site-packages/airflow/example_dags/example_xcom.py for tasks to queue
[2023-10-06T22:43:32.792+0000] {logging_mixin.py:120} INFO - [2023-10-06T22:43:32.792+0000] {dagbag.py:537} INFO - Filling up the DagBag from /home/airflow/.local/lib/python3.7/site-packages/airflow/example_dags/example_xcom.py
[2023-10-06T22:43:32.807+0000] {processor.py:766} INFO - DAG(s) dict_keys(['example_xcom']) retrieved from /home/airflow/.local/lib/python3.7/site-packages/airflow/example_dags/example_xcom.py
[2023-10-06T22:43:32.835+0000] {logging_mixin.py:120} INFO - [2023-10-06T22:43:32.835+0000] {dag.py:2585} INFO - Sync 1 DAGs
[2023-10-06T22:43:32.854+0000] {logging_mixin.py:120} INFO - [2023-10-06T22:43:32.854+0000] {dag.py:3340} INFO - Setting next_dagrun for example_xcom to 2021-01-01T00:00:00+00:00, run_after=2021-01-01T00:00:00+00:00
[2023-10-06T22:43:32.868+0000] {processor.py:176} INFO - Processing /home/airflow/.local/lib/python3.7/site-packages/airflow/example_dags/example_xcom.py took 0.079 seconds
[2023-10-06T22:44:03.153+0000] {processor.py:154} INFO - Started process (PID=1151) to work on /home/airflow/.local/lib/python3.7/site-packages/airflow/example_dags/example_xcom.py
[2023-10-06T22:44:03.154+0000] {processor.py:756} INFO - Processing file /home/airflow/.local/lib/python3.7/site-packages/airflow/example_dags/example_xcom.py for tasks to queue
[2023-10-06T22:44:03.155+0000] {logging_mixin.py:120} INFO - [2023-10-06T22:44:03.155+0000] {dagbag.py:537} INFO - Filling up the DagBag from /home/airflow/.local/lib/python3.7/site-packages/airflow/example_dags/example_xcom.py
[2023-10-06T22:44:03.170+0000] {processor.py:766} INFO - DAG(s) dict_keys(['example_xcom']) retrieved from /home/airflow/.local/lib/python3.7/site-packages/airflow/example_dags/example_xcom.py
[2023-10-06T22:44:03.199+0000] {logging_mixin.py:120} INFO - [2023-10-06T22:44:03.199+0000] {dag.py:2585} INFO - Sync 1 DAGs
[2023-10-06T22:44:03.215+0000] {logging_mixin.py:120} INFO - [2023-10-06T22:44:03.215+0000] {dag.py:3340} INFO - Setting next_dagrun for example_xcom to 2021-01-01T00:00:00+00:00, run_after=2021-01-01T00:00:00+00:00
[2023-10-06T22:44:03.230+0000] {processor.py:176} INFO - Processing /home/airflow/.local/lib/python3.7/site-packages/airflow/example_dags/example_xcom.py took 0.079 seconds
[2023-10-06T22:44:33.456+0000] {processor.py:154} INFO - Started process (PID=1206) to work on /home/airflow/.local/lib/python3.7/site-packages/airflow/example_dags/example_xcom.py
[2023-10-06T22:44:33.457+0000] {processor.py:756} INFO - Processing file /home/airflow/.local/lib/python3.7/site-packages/airflow/example_dags/example_xcom.py for tasks to queue
[2023-10-06T22:44:33.458+0000] {logging_mixin.py:120} INFO - [2023-10-06T22:44:33.458+0000] {dagbag.py:537} INFO - Filling up the DagBag from /home/airflow/.local/lib/python3.7/site-packages/airflow/example_dags/example_xcom.py
[2023-10-06T22:44:33.472+0000] {processor.py:766} INFO - DAG(s) dict_keys(['example_xcom']) retrieved from /home/airflow/.local/lib/python3.7/site-packages/airflow/example_dags/example_xcom.py
[2023-10-06T22:44:33.501+0000] {logging_mixin.py:120} INFO - [2023-10-06T22:44:33.501+0000] {dag.py:2585} INFO - Sync 1 DAGs
[2023-10-06T22:44:33.518+0000] {logging_mixin.py:120} INFO - [2023-10-06T22:44:33.518+0000] {dag.py:3340} INFO - Setting next_dagrun for example_xcom to 2021-01-01T00:00:00+00:00, run_after=2021-01-01T00:00:00+00:00
[2023-10-06T22:44:33.534+0000] {processor.py:176} INFO - Processing /home/airflow/.local/lib/python3.7/site-packages/airflow/example_dags/example_xcom.py took 0.080 seconds
[2023-10-06T22:45:03.923+0000] {processor.py:154} INFO - Started process (PID=1270) to work on /home/airflow/.local/lib/python3.7/site-packages/airflow/example_dags/example_xcom.py
[2023-10-06T22:45:03.924+0000] {processor.py:756} INFO - Processing file /home/airflow/.local/lib/python3.7/site-packages/airflow/example_dags/example_xcom.py for tasks to queue
[2023-10-06T22:45:03.925+0000] {logging_mixin.py:120} INFO - [2023-10-06T22:45:03.925+0000] {dagbag.py:537} INFO - Filling up the DagBag from /home/airflow/.local/lib/python3.7/site-packages/airflow/example_dags/example_xcom.py
[2023-10-06T22:45:03.942+0000] {processor.py:766} INFO - DAG(s) dict_keys(['example_xcom']) retrieved from /home/airflow/.local/lib/python3.7/site-packages/airflow/example_dags/example_xcom.py
[2023-10-06T22:45:03.971+0000] {logging_mixin.py:120} INFO - [2023-10-06T22:45:03.971+0000] {dag.py:2585} INFO - Sync 1 DAGs
[2023-10-06T22:45:03.989+0000] {logging_mixin.py:120} INFO - [2023-10-06T22:45:03.989+0000] {dag.py:3340} INFO - Setting next_dagrun for example_xcom to 2021-01-01T00:00:00+00:00, run_after=2021-01-01T00:00:00+00:00
[2023-10-06T22:45:04.002+0000] {processor.py:176} INFO - Processing /home/airflow/.local/lib/python3.7/site-packages/airflow/example_dags/example_xcom.py took 0.081 seconds
[2023-10-06T22:45:34.274+0000] {processor.py:154} INFO - Started process (PID=1334) to work on /home/airflow/.local/lib/python3.7/site-packages/airflow/example_dags/example_xcom.py
[2023-10-06T22:45:34.275+0000] {processor.py:756} INFO - Processing file /home/airflow/.local/lib/python3.7/site-packages/airflow/example_dags/example_xcom.py for tasks to queue
[2023-10-06T22:45:34.275+0000] {logging_mixin.py:120} INFO - [2023-10-06T22:45:34.275+0000] {dagbag.py:537} INFO - Filling up the DagBag from /home/airflow/.local/lib/python3.7/site-packages/airflow/example_dags/example_xcom.py
[2023-10-06T22:45:34.292+0000] {processor.py:766} INFO - DAG(s) dict_keys(['example_xcom']) retrieved from /home/airflow/.local/lib/python3.7/site-packages/airflow/example_dags/example_xcom.py
[2023-10-06T22:45:34.326+0000] {logging_mixin.py:120} INFO - [2023-10-06T22:45:34.326+0000] {dag.py:2585} INFO - Sync 1 DAGs
[2023-10-06T22:45:34.344+0000] {logging_mixin.py:120} INFO - [2023-10-06T22:45:34.344+0000] {dag.py:3340} INFO - Setting next_dagrun for example_xcom to 2021-01-01T00:00:00+00:00, run_after=2021-01-01T00:00:00+00:00
[2023-10-06T22:45:34.362+0000] {processor.py:176} INFO - Processing /home/airflow/.local/lib/python3.7/site-packages/airflow/example_dags/example_xcom.py took 0.090 seconds
[2023-10-06T22:46:04.538+0000] {processor.py:154} INFO - Started process (PID=1398) to work on /home/airflow/.local/lib/python3.7/site-packages/airflow/example_dags/example_xcom.py
[2023-10-06T22:46:04.539+0000] {processor.py:756} INFO - Processing file /home/airflow/.local/lib/python3.7/site-packages/airflow/example_dags/example_xcom.py for tasks to queue
[2023-10-06T22:46:04.539+0000] {logging_mixin.py:120} INFO - [2023-10-06T22:46:04.539+0000] {dagbag.py:537} INFO - Filling up the DagBag from /home/airflow/.local/lib/python3.7/site-packages/airflow/example_dags/example_xcom.py
[2023-10-06T22:46:04.555+0000] {processor.py:766} INFO - DAG(s) dict_keys(['example_xcom']) retrieved from /home/airflow/.local/lib/python3.7/site-packages/airflow/example_dags/example_xcom.py
[2023-10-06T22:46:04.584+0000] {logging_mixin.py:120} INFO - [2023-10-06T22:46:04.584+0000] {dag.py:2585} INFO - Sync 1 DAGs
[2023-10-06T22:46:04.599+0000] {logging_mixin.py:120} INFO - [2023-10-06T22:46:04.599+0000] {dag.py:3340} INFO - Setting next_dagrun for example_xcom to 2021-01-01T00:00:00+00:00, run_after=2021-01-01T00:00:00+00:00
[2023-10-06T22:46:04.612+0000] {processor.py:176} INFO - Processing /home/airflow/.local/lib/python3.7/site-packages/airflow/example_dags/example_xcom.py took 0.077 seconds
[2023-10-06T22:46:35.017+0000] {processor.py:154} INFO - Started process (PID=1453) to work on /home/airflow/.local/lib/python3.7/site-packages/airflow/example_dags/example_xcom.py
[2023-10-06T22:46:35.017+0000] {processor.py:756} INFO - Processing file /home/airflow/.local/lib/python3.7/site-packages/airflow/example_dags/example_xcom.py for tasks to queue
[2023-10-06T22:46:35.018+0000] {logging_mixin.py:120} INFO - [2023-10-06T22:46:35.018+0000] {dagbag.py:537} INFO - Filling up the DagBag from /home/airflow/.local/lib/python3.7/site-packages/airflow/example_dags/example_xcom.py
[2023-10-06T22:46:35.033+0000] {processor.py:766} INFO - DAG(s) dict_keys(['example_xcom']) retrieved from /home/airflow/.local/lib/python3.7/site-packages/airflow/example_dags/example_xcom.py
[2023-10-06T22:46:35.062+0000] {logging_mixin.py:120} INFO - [2023-10-06T22:46:35.062+0000] {dag.py:2585} INFO - Sync 1 DAGs
[2023-10-06T22:46:35.078+0000] {logging_mixin.py:120} INFO - [2023-10-06T22:46:35.078+0000] {dag.py:3340} INFO - Setting next_dagrun for example_xcom to 2021-01-01T00:00:00+00:00, run_after=2021-01-01T00:00:00+00:00
[2023-10-06T22:46:35.094+0000] {processor.py:176} INFO - Processing /home/airflow/.local/lib/python3.7/site-packages/airflow/example_dags/example_xcom.py took 0.079 seconds
[2023-10-06T22:47:05.449+0000] {processor.py:154} INFO - Started process (PID=1518) to work on /home/airflow/.local/lib/python3.7/site-packages/airflow/example_dags/example_xcom.py
[2023-10-06T22:47:05.450+0000] {processor.py:756} INFO - Processing file /home/airflow/.local/lib/python3.7/site-packages/airflow/example_dags/example_xcom.py for tasks to queue
[2023-10-06T22:47:05.450+0000] {logging_mixin.py:120} INFO - [2023-10-06T22:47:05.450+0000] {dagbag.py:537} INFO - Filling up the DagBag from /home/airflow/.local/lib/python3.7/site-packages/airflow/example_dags/example_xcom.py
[2023-10-06T22:47:05.466+0000] {processor.py:766} INFO - DAG(s) dict_keys(['example_xcom']) retrieved from /home/airflow/.local/lib/python3.7/site-packages/airflow/example_dags/example_xcom.py
[2023-10-06T22:47:05.495+0000] {logging_mixin.py:120} INFO - [2023-10-06T22:47:05.495+0000] {dag.py:2585} INFO - Sync 1 DAGs
[2023-10-06T22:47:05.513+0000] {logging_mixin.py:120} INFO - [2023-10-06T22:47:05.513+0000] {dag.py:3340} INFO - Setting next_dagrun for example_xcom to 2021-01-01T00:00:00+00:00, run_after=2021-01-01T00:00:00+00:00
[2023-10-06T22:47:05.528+0000] {processor.py:176} INFO - Processing /home/airflow/.local/lib/python3.7/site-packages/airflow/example_dags/example_xcom.py took 0.081 seconds
[2023-10-06T22:47:35.833+0000] {processor.py:154} INFO - Started process (PID=1581) to work on /home/airflow/.local/lib/python3.7/site-packages/airflow/example_dags/example_xcom.py
[2023-10-06T22:47:35.833+0000] {processor.py:756} INFO - Processing file /home/airflow/.local/lib/python3.7/site-packages/airflow/example_dags/example_xcom.py for tasks to queue
[2023-10-06T22:47:35.834+0000] {logging_mixin.py:120} INFO - [2023-10-06T22:47:35.833+0000] {dagbag.py:537} INFO - Filling up the DagBag from /home/airflow/.local/lib/python3.7/site-packages/airflow/example_dags/example_xcom.py
[2023-10-06T22:47:35.849+0000] {processor.py:766} INFO - DAG(s) dict_keys(['example_xcom']) retrieved from /home/airflow/.local/lib/python3.7/site-packages/airflow/example_dags/example_xcom.py
[2023-10-06T22:47:35.878+0000] {logging_mixin.py:120} INFO - [2023-10-06T22:47:35.878+0000] {dag.py:2585} INFO - Sync 1 DAGs
[2023-10-06T22:47:35.895+0000] {logging_mixin.py:120} INFO - [2023-10-06T22:47:35.895+0000] {dag.py:3340} INFO - Setting next_dagrun for example_xcom to 2021-01-01T00:00:00+00:00, run_after=2021-01-01T00:00:00+00:00
[2023-10-06T22:47:35.909+0000] {processor.py:176} INFO - Processing /home/airflow/.local/lib/python3.7/site-packages/airflow/example_dags/example_xcom.py took 0.078 seconds
[2023-10-06T22:48:06.191+0000] {processor.py:154} INFO - Started process (PID=1645) to work on /home/airflow/.local/lib/python3.7/site-packages/airflow/example_dags/example_xcom.py
[2023-10-06T22:48:06.192+0000] {processor.py:756} INFO - Processing file /home/airflow/.local/lib/python3.7/site-packages/airflow/example_dags/example_xcom.py for tasks to queue
[2023-10-06T22:48:06.192+0000] {logging_mixin.py:120} INFO - [2023-10-06T22:48:06.192+0000] {dagbag.py:537} INFO - Filling up the DagBag from /home/airflow/.local/lib/python3.7/site-packages/airflow/example_dags/example_xcom.py
[2023-10-06T22:48:06.208+0000] {processor.py:766} INFO - DAG(s) dict_keys(['example_xcom']) retrieved from /home/airflow/.local/lib/python3.7/site-packages/airflow/example_dags/example_xcom.py
[2023-10-06T22:48:06.239+0000] {logging_mixin.py:120} INFO - [2023-10-06T22:48:06.239+0000] {dag.py:2585} INFO - Sync 1 DAGs
[2023-10-06T22:48:06.256+0000] {logging_mixin.py:120} INFO - [2023-10-06T22:48:06.256+0000] {dag.py:3340} INFO - Setting next_dagrun for example_xcom to 2021-01-01T00:00:00+00:00, run_after=2021-01-01T00:00:00+00:00
[2023-10-06T22:48:06.274+0000] {processor.py:176} INFO - Processing /home/airflow/.local/lib/python3.7/site-packages/airflow/example_dags/example_xcom.py took 0.085 seconds
[2023-10-06T22:48:36.614+0000] {processor.py:154} INFO - Started process (PID=1699) to work on /home/airflow/.local/lib/python3.7/site-packages/airflow/example_dags/example_xcom.py
[2023-10-06T22:48:36.615+0000] {processor.py:756} INFO - Processing file /home/airflow/.local/lib/python3.7/site-packages/airflow/example_dags/example_xcom.py for tasks to queue
[2023-10-06T22:48:36.616+0000] {logging_mixin.py:120} INFO - [2023-10-06T22:48:36.616+0000] {dagbag.py:537} INFO - Filling up the DagBag from /home/airflow/.local/lib/python3.7/site-packages/airflow/example_dags/example_xcom.py
[2023-10-06T22:48:36.632+0000] {processor.py:766} INFO - DAG(s) dict_keys(['example_xcom']) retrieved from /home/airflow/.local/lib/python3.7/site-packages/airflow/example_dags/example_xcom.py
[2023-10-06T22:48:36.664+0000] {logging_mixin.py:120} INFO - [2023-10-06T22:48:36.664+0000] {dag.py:2585} INFO - Sync 1 DAGs
[2023-10-06T22:48:36.684+0000] {logging_mixin.py:120} INFO - [2023-10-06T22:48:36.684+0000] {dag.py:3340} INFO - Setting next_dagrun for example_xcom to 2021-01-01T00:00:00+00:00, run_after=2021-01-01T00:00:00+00:00
[2023-10-06T22:48:36.699+0000] {processor.py:176} INFO - Processing /home/airflow/.local/lib/python3.7/site-packages/airflow/example_dags/example_xcom.py took 0.088 seconds
[2023-10-06T22:49:07.215+0000] {processor.py:154} INFO - Started process (PID=1763) to work on /home/airflow/.local/lib/python3.7/site-packages/airflow/example_dags/example_xcom.py
[2023-10-06T22:49:07.216+0000] {processor.py:756} INFO - Processing file /home/airflow/.local/lib/python3.7/site-packages/airflow/example_dags/example_xcom.py for tasks to queue
[2023-10-06T22:49:07.217+0000] {logging_mixin.py:120} INFO - [2023-10-06T22:49:07.217+0000] {dagbag.py:537} INFO - Filling up the DagBag from /home/airflow/.local/lib/python3.7/site-packages/airflow/example_dags/example_xcom.py
[2023-10-06T22:49:07.232+0000] {processor.py:766} INFO - DAG(s) dict_keys(['example_xcom']) retrieved from /home/airflow/.local/lib/python3.7/site-packages/airflow/example_dags/example_xcom.py
[2023-10-06T22:49:07.261+0000] {logging_mixin.py:120} INFO - [2023-10-06T22:49:07.261+0000] {dag.py:2585} INFO - Sync 1 DAGs
[2023-10-06T22:49:07.277+0000] {logging_mixin.py:120} INFO - [2023-10-06T22:49:07.277+0000] {dag.py:3340} INFO - Setting next_dagrun for example_xcom to 2021-01-01T00:00:00+00:00, run_after=2021-01-01T00:00:00+00:00
[2023-10-06T22:49:07.291+0000] {processor.py:176} INFO - Processing /home/airflow/.local/lib/python3.7/site-packages/airflow/example_dags/example_xcom.py took 0.079 seconds
[2023-10-06T22:49:37.675+0000] {processor.py:154} INFO - Started process (PID=1827) to work on /home/airflow/.local/lib/python3.7/site-packages/airflow/example_dags/example_xcom.py
[2023-10-06T22:49:37.676+0000] {processor.py:756} INFO - Processing file /home/airflow/.local/lib/python3.7/site-packages/airflow/example_dags/example_xcom.py for tasks to queue
[2023-10-06T22:49:37.676+0000] {logging_mixin.py:120} INFO - [2023-10-06T22:49:37.676+0000] {dagbag.py:537} INFO - Filling up the DagBag from /home/airflow/.local/lib/python3.7/site-packages/airflow/example_dags/example_xcom.py
[2023-10-06T22:49:37.692+0000] {processor.py:766} INFO - DAG(s) dict_keys(['example_xcom']) retrieved from /home/airflow/.local/lib/python3.7/site-packages/airflow/example_dags/example_xcom.py
[2023-10-06T22:49:37.724+0000] {logging_mixin.py:120} INFO - [2023-10-06T22:49:37.724+0000] {dag.py:2585} INFO - Sync 1 DAGs
[2023-10-06T22:49:37.742+0000] {logging_mixin.py:120} INFO - [2023-10-06T22:49:37.742+0000] {dag.py:3340} INFO - Setting next_dagrun for example_xcom to 2021-01-01T00:00:00+00:00, run_after=2021-01-01T00:00:00+00:00
[2023-10-06T22:49:37.759+0000] {processor.py:176} INFO - Processing /home/airflow/.local/lib/python3.7/site-packages/airflow/example_dags/example_xcom.py took 0.087 seconds
[2023-10-06T22:50:08.020+0000] {processor.py:154} INFO - Started process (PID=1891) to work on /home/airflow/.local/lib/python3.7/site-packages/airflow/example_dags/example_xcom.py
[2023-10-06T22:50:08.021+0000] {processor.py:756} INFO - Processing file /home/airflow/.local/lib/python3.7/site-packages/airflow/example_dags/example_xcom.py for tasks to queue
[2023-10-06T22:50:08.022+0000] {logging_mixin.py:120} INFO - [2023-10-06T22:50:08.022+0000] {dagbag.py:537} INFO - Filling up the DagBag from /home/airflow/.local/lib/python3.7/site-packages/airflow/example_dags/example_xcom.py
[2023-10-06T22:50:08.037+0000] {processor.py:766} INFO - DAG(s) dict_keys(['example_xcom']) retrieved from /home/airflow/.local/lib/python3.7/site-packages/airflow/example_dags/example_xcom.py
[2023-10-06T22:50:08.066+0000] {logging_mixin.py:120} INFO - [2023-10-06T22:50:08.066+0000] {dag.py:2585} INFO - Sync 1 DAGs
[2023-10-06T22:50:08.081+0000] {logging_mixin.py:120} INFO - [2023-10-06T22:50:08.081+0000] {dag.py:3340} INFO - Setting next_dagrun for example_xcom to 2021-01-01T00:00:00+00:00, run_after=2021-01-01T00:00:00+00:00
[2023-10-06T22:50:08.095+0000] {processor.py:176} INFO - Processing /home/airflow/.local/lib/python3.7/site-packages/airflow/example_dags/example_xcom.py took 0.076 seconds
[2023-10-06T22:50:38.411+0000] {processor.py:154} INFO - Started process (PID=1956) to work on /home/airflow/.local/lib/python3.7/site-packages/airflow/example_dags/example_xcom.py
[2023-10-06T22:50:38.411+0000] {processor.py:756} INFO - Processing file /home/airflow/.local/lib/python3.7/site-packages/airflow/example_dags/example_xcom.py for tasks to queue
[2023-10-06T22:50:38.412+0000] {logging_mixin.py:120} INFO - [2023-10-06T22:50:38.412+0000] {dagbag.py:537} INFO - Filling up the DagBag from /home/airflow/.local/lib/python3.7/site-packages/airflow/example_dags/example_xcom.py
[2023-10-06T22:50:38.428+0000] {processor.py:766} INFO - DAG(s) dict_keys(['example_xcom']) retrieved from /home/airflow/.local/lib/python3.7/site-packages/airflow/example_dags/example_xcom.py
[2023-10-06T22:50:38.460+0000] {logging_mixin.py:120} INFO - [2023-10-06T22:50:38.460+0000] {dag.py:2585} INFO - Sync 1 DAGs
[2023-10-06T22:50:38.478+0000] {logging_mixin.py:120} INFO - [2023-10-06T22:50:38.478+0000] {dag.py:3340} INFO - Setting next_dagrun for example_xcom to 2021-01-01T00:00:00+00:00, run_after=2021-01-01T00:00:00+00:00
[2023-10-06T22:50:38.494+0000] {processor.py:176} INFO - Processing /home/airflow/.local/lib/python3.7/site-packages/airflow/example_dags/example_xcom.py took 0.086 seconds
[2023-10-06T22:51:08.610+0000] {processor.py:154} INFO - Started process (PID=2011) to work on /home/airflow/.local/lib/python3.7/site-packages/airflow/example_dags/example_xcom.py
[2023-10-06T22:51:08.611+0000] {processor.py:756} INFO - Processing file /home/airflow/.local/lib/python3.7/site-packages/airflow/example_dags/example_xcom.py for tasks to queue
[2023-10-06T22:51:08.612+0000] {logging_mixin.py:120} INFO - [2023-10-06T22:51:08.612+0000] {dagbag.py:537} INFO - Filling up the DagBag from /home/airflow/.local/lib/python3.7/site-packages/airflow/example_dags/example_xcom.py
[2023-10-06T22:51:08.627+0000] {processor.py:766} INFO - DAG(s) dict_keys(['example_xcom']) retrieved from /home/airflow/.local/lib/python3.7/site-packages/airflow/example_dags/example_xcom.py
[2023-10-06T22:51:08.657+0000] {logging_mixin.py:120} INFO - [2023-10-06T22:51:08.657+0000] {dag.py:2585} INFO - Sync 1 DAGs
[2023-10-06T22:51:08.674+0000] {logging_mixin.py:120} INFO - [2023-10-06T22:51:08.674+0000] {dag.py:3340} INFO - Setting next_dagrun for example_xcom to 2021-01-01T00:00:00+00:00, run_after=2021-01-01T00:00:00+00:00
[2023-10-06T22:51:08.687+0000] {processor.py:176} INFO - Processing /home/airflow/.local/lib/python3.7/site-packages/airflow/example_dags/example_xcom.py took 0.080 seconds
[2023-10-06T22:51:39.336+0000] {processor.py:154} INFO - Started process (PID=2074) to work on /home/airflow/.local/lib/python3.7/site-packages/airflow/example_dags/example_xcom.py
[2023-10-06T22:51:39.336+0000] {processor.py:756} INFO - Processing file /home/airflow/.local/lib/python3.7/site-packages/airflow/example_dags/example_xcom.py for tasks to queue
[2023-10-06T22:51:39.336+0000] {logging_mixin.py:120} INFO - [2023-10-06T22:51:39.336+0000] {dagbag.py:537} INFO - Filling up the DagBag from /home/airflow/.local/lib/python3.7/site-packages/airflow/example_dags/example_xcom.py
[2023-10-06T22:51:39.353+0000] {processor.py:766} INFO - DAG(s) dict_keys(['example_xcom']) retrieved from /home/airflow/.local/lib/python3.7/site-packages/airflow/example_dags/example_xcom.py
[2023-10-06T22:51:39.407+0000] {logging_mixin.py:120} INFO - [2023-10-06T22:51:39.407+0000] {dag.py:2585} INFO - Sync 1 DAGs
[2023-10-06T22:51:39.426+0000] {logging_mixin.py:120} INFO - [2023-10-06T22:51:39.426+0000] {dag.py:3340} INFO - Setting next_dagrun for example_xcom to 2021-01-01T00:00:00+00:00, run_after=2021-01-01T00:00:00+00:00
[2023-10-06T22:51:39.440+0000] {processor.py:176} INFO - Processing /home/airflow/.local/lib/python3.7/site-packages/airflow/example_dags/example_xcom.py took 0.106 seconds
[2023-10-06T22:52:09.726+0000] {processor.py:154} INFO - Started process (PID=2138) to work on /home/airflow/.local/lib/python3.7/site-packages/airflow/example_dags/example_xcom.py
[2023-10-06T22:52:09.727+0000] {processor.py:756} INFO - Processing file /home/airflow/.local/lib/python3.7/site-packages/airflow/example_dags/example_xcom.py for tasks to queue
[2023-10-06T22:52:09.727+0000] {logging_mixin.py:120} INFO - [2023-10-06T22:52:09.727+0000] {dagbag.py:537} INFO - Filling up the DagBag from /home/airflow/.local/lib/python3.7/site-packages/airflow/example_dags/example_xcom.py
[2023-10-06T22:52:09.747+0000] {processor.py:766} INFO - DAG(s) dict_keys(['example_xcom']) retrieved from /home/airflow/.local/lib/python3.7/site-packages/airflow/example_dags/example_xcom.py
[2023-10-06T22:52:09.776+0000] {logging_mixin.py:120} INFO - [2023-10-06T22:52:09.776+0000] {dag.py:2585} INFO - Sync 1 DAGs
[2023-10-06T22:52:09.792+0000] {logging_mixin.py:120} INFO - [2023-10-06T22:52:09.792+0000] {dag.py:3340} INFO - Setting next_dagrun for example_xcom to 2021-01-01T00:00:00+00:00, run_after=2021-01-01T00:00:00+00:00
[2023-10-06T22:52:09.807+0000] {processor.py:176} INFO - Processing /home/airflow/.local/lib/python3.7/site-packages/airflow/example_dags/example_xcom.py took 0.084 seconds
[2023-10-06T22:52:40.047+0000] {processor.py:154} INFO - Started process (PID=2203) to work on /home/airflow/.local/lib/python3.7/site-packages/airflow/example_dags/example_xcom.py
[2023-10-06T22:52:40.048+0000] {processor.py:756} INFO - Processing file /home/airflow/.local/lib/python3.7/site-packages/airflow/example_dags/example_xcom.py for tasks to queue
[2023-10-06T22:52:40.048+0000] {logging_mixin.py:120} INFO - [2023-10-06T22:52:40.048+0000] {dagbag.py:537} INFO - Filling up the DagBag from /home/airflow/.local/lib/python3.7/site-packages/airflow/example_dags/example_xcom.py
[2023-10-06T22:52:40.070+0000] {processor.py:766} INFO - DAG(s) dict_keys(['example_xcom']) retrieved from /home/airflow/.local/lib/python3.7/site-packages/airflow/example_dags/example_xcom.py
[2023-10-06T22:52:40.100+0000] {logging_mixin.py:120} INFO - [2023-10-06T22:52:40.100+0000] {dag.py:2585} INFO - Sync 1 DAGs
[2023-10-06T22:52:40.116+0000] {logging_mixin.py:120} INFO - [2023-10-06T22:52:40.116+0000] {dag.py:3340} INFO - Setting next_dagrun for example_xcom to 2021-01-01T00:00:00+00:00, run_after=2021-01-01T00:00:00+00:00
[2023-10-06T22:52:40.132+0000] {processor.py:176} INFO - Processing /home/airflow/.local/lib/python3.7/site-packages/airflow/example_dags/example_xcom.py took 0.088 seconds
[2023-10-06T22:53:10.255+0000] {processor.py:154} INFO - Started process (PID=2258) to work on /home/airflow/.local/lib/python3.7/site-packages/airflow/example_dags/example_xcom.py
[2023-10-06T22:53:10.256+0000] {processor.py:756} INFO - Processing file /home/airflow/.local/lib/python3.7/site-packages/airflow/example_dags/example_xcom.py for tasks to queue
[2023-10-06T22:53:10.257+0000] {logging_mixin.py:120} INFO - [2023-10-06T22:53:10.256+0000] {dagbag.py:537} INFO - Filling up the DagBag from /home/airflow/.local/lib/python3.7/site-packages/airflow/example_dags/example_xcom.py
[2023-10-06T22:53:10.274+0000] {processor.py:766} INFO - DAG(s) dict_keys(['example_xcom']) retrieved from /home/airflow/.local/lib/python3.7/site-packages/airflow/example_dags/example_xcom.py
[2023-10-06T22:53:10.309+0000] {logging_mixin.py:120} INFO - [2023-10-06T22:53:10.309+0000] {dag.py:2585} INFO - Sync 1 DAGs
[2023-10-06T22:53:10.330+0000] {logging_mixin.py:120} INFO - [2023-10-06T22:53:10.330+0000] {dag.py:3340} INFO - Setting next_dagrun for example_xcom to 2021-01-01T00:00:00+00:00, run_after=2021-01-01T00:00:00+00:00
[2023-10-06T22:53:10.348+0000] {processor.py:176} INFO - Processing /home/airflow/.local/lib/python3.7/site-packages/airflow/example_dags/example_xcom.py took 0.095 seconds
[2023-10-06T22:53:40.564+0000] {processor.py:154} INFO - Started process (PID=2322) to work on /home/airflow/.local/lib/python3.7/site-packages/airflow/example_dags/example_xcom.py
[2023-10-06T22:53:40.564+0000] {processor.py:756} INFO - Processing file /home/airflow/.local/lib/python3.7/site-packages/airflow/example_dags/example_xcom.py for tasks to queue
[2023-10-06T22:53:40.565+0000] {logging_mixin.py:120} INFO - [2023-10-06T22:53:40.564+0000] {dagbag.py:537} INFO - Filling up the DagBag from /home/airflow/.local/lib/python3.7/site-packages/airflow/example_dags/example_xcom.py
[2023-10-06T22:53:40.579+0000] {processor.py:766} INFO - DAG(s) dict_keys(['example_xcom']) retrieved from /home/airflow/.local/lib/python3.7/site-packages/airflow/example_dags/example_xcom.py
[2023-10-06T22:53:40.612+0000] {logging_mixin.py:120} INFO - [2023-10-06T22:53:40.612+0000] {dag.py:2585} INFO - Sync 1 DAGs
[2023-10-06T22:53:40.628+0000] {logging_mixin.py:120} INFO - [2023-10-06T22:53:40.628+0000] {dag.py:3340} INFO - Setting next_dagrun for example_xcom to 2021-01-01T00:00:00+00:00, run_after=2021-01-01T00:00:00+00:00
[2023-10-06T22:53:40.643+0000] {processor.py:176} INFO - Processing /home/airflow/.local/lib/python3.7/site-packages/airflow/example_dags/example_xcom.py took 0.081 seconds
[2023-10-06T22:54:10.863+0000] {processor.py:154} INFO - Started process (PID=2386) to work on /home/airflow/.local/lib/python3.7/site-packages/airflow/example_dags/example_xcom.py
[2023-10-06T22:54:10.864+0000] {processor.py:756} INFO - Processing file /home/airflow/.local/lib/python3.7/site-packages/airflow/example_dags/example_xcom.py for tasks to queue
[2023-10-06T22:54:10.864+0000] {logging_mixin.py:120} INFO - [2023-10-06T22:54:10.864+0000] {dagbag.py:537} INFO - Filling up the DagBag from /home/airflow/.local/lib/python3.7/site-packages/airflow/example_dags/example_xcom.py
[2023-10-06T22:54:10.880+0000] {processor.py:766} INFO - DAG(s) dict_keys(['example_xcom']) retrieved from /home/airflow/.local/lib/python3.7/site-packages/airflow/example_dags/example_xcom.py
[2023-10-06T22:54:10.947+0000] {logging_mixin.py:120} INFO - [2023-10-06T22:54:10.947+0000] {dag.py:2585} INFO - Sync 1 DAGs
[2023-10-06T22:54:10.966+0000] {logging_mixin.py:120} INFO - [2023-10-06T22:54:10.966+0000] {dag.py:3340} INFO - Setting next_dagrun for example_xcom to 2021-01-01T00:00:00+00:00, run_after=2021-01-01T00:00:00+00:00
[2023-10-06T22:54:10.982+0000] {processor.py:176} INFO - Processing /home/airflow/.local/lib/python3.7/site-packages/airflow/example_dags/example_xcom.py took 0.122 seconds
[2023-10-06T22:54:41.080+0000] {processor.py:154} INFO - Started process (PID=2450) to work on /home/airflow/.local/lib/python3.7/site-packages/airflow/example_dags/example_xcom.py
[2023-10-06T22:54:41.081+0000] {processor.py:756} INFO - Processing file /home/airflow/.local/lib/python3.7/site-packages/airflow/example_dags/example_xcom.py for tasks to queue
[2023-10-06T22:54:41.081+0000] {logging_mixin.py:120} INFO - [2023-10-06T22:54:41.081+0000] {dagbag.py:537} INFO - Filling up the DagBag from /home/airflow/.local/lib/python3.7/site-packages/airflow/example_dags/example_xcom.py
[2023-10-06T22:54:41.097+0000] {processor.py:766} INFO - DAG(s) dict_keys(['example_xcom']) retrieved from /home/airflow/.local/lib/python3.7/site-packages/airflow/example_dags/example_xcom.py
[2023-10-06T22:54:41.177+0000] {logging_mixin.py:120} INFO - [2023-10-06T22:54:41.177+0000] {dag.py:2585} INFO - Sync 1 DAGs
[2023-10-06T22:54:41.199+0000] {logging_mixin.py:120} INFO - [2023-10-06T22:54:41.199+0000] {dag.py:3340} INFO - Setting next_dagrun for example_xcom to 2021-01-01T00:00:00+00:00, run_after=2021-01-01T00:00:00+00:00
[2023-10-06T22:54:41.214+0000] {processor.py:176} INFO - Processing /home/airflow/.local/lib/python3.7/site-packages/airflow/example_dags/example_xcom.py took 0.136 seconds
[2023-10-06T22:55:11.300+0000] {processor.py:154} INFO - Started process (PID=2505) to work on /home/airflow/.local/lib/python3.7/site-packages/airflow/example_dags/example_xcom.py
[2023-10-06T22:55:11.301+0000] {processor.py:756} INFO - Processing file /home/airflow/.local/lib/python3.7/site-packages/airflow/example_dags/example_xcom.py for tasks to queue
[2023-10-06T22:55:11.301+0000] {logging_mixin.py:120} INFO - [2023-10-06T22:55:11.301+0000] {dagbag.py:537} INFO - Filling up the DagBag from /home/airflow/.local/lib/python3.7/site-packages/airflow/example_dags/example_xcom.py
[2023-10-06T22:55:11.316+0000] {processor.py:766} INFO - DAG(s) dict_keys(['example_xcom']) retrieved from /home/airflow/.local/lib/python3.7/site-packages/airflow/example_dags/example_xcom.py
[2023-10-06T22:55:11.345+0000] {logging_mixin.py:120} INFO - [2023-10-06T22:55:11.345+0000] {dag.py:2585} INFO - Sync 1 DAGs
[2023-10-06T22:55:11.362+0000] {logging_mixin.py:120} INFO - [2023-10-06T22:55:11.362+0000] {dag.py:3340} INFO - Setting next_dagrun for example_xcom to 2021-01-01T00:00:00+00:00, run_after=2021-01-01T00:00:00+00:00
[2023-10-06T22:55:11.377+0000] {processor.py:176} INFO - Processing /home/airflow/.local/lib/python3.7/site-packages/airflow/example_dags/example_xcom.py took 0.079 seconds
[2023-10-06T22:55:41.614+0000] {processor.py:154} INFO - Started process (PID=2569) to work on /home/airflow/.local/lib/python3.7/site-packages/airflow/example_dags/example_xcom.py
[2023-10-06T22:55:41.614+0000] {processor.py:756} INFO - Processing file /home/airflow/.local/lib/python3.7/site-packages/airflow/example_dags/example_xcom.py for tasks to queue
[2023-10-06T22:55:41.615+0000] {logging_mixin.py:120} INFO - [2023-10-06T22:55:41.615+0000] {dagbag.py:537} INFO - Filling up the DagBag from /home/airflow/.local/lib/python3.7/site-packages/airflow/example_dags/example_xcom.py
[2023-10-06T22:55:41.632+0000] {processor.py:766} INFO - DAG(s) dict_keys(['example_xcom']) retrieved from /home/airflow/.local/lib/python3.7/site-packages/airflow/example_dags/example_xcom.py
[2023-10-06T22:55:41.662+0000] {logging_mixin.py:120} INFO - [2023-10-06T22:55:41.662+0000] {dag.py:2585} INFO - Sync 1 DAGs
[2023-10-06T22:55:41.679+0000] {logging_mixin.py:120} INFO - [2023-10-06T22:55:41.679+0000] {dag.py:3340} INFO - Setting next_dagrun for example_xcom to 2021-01-01T00:00:00+00:00, run_after=2021-01-01T00:00:00+00:00
[2023-10-06T22:55:41.695+0000] {processor.py:176} INFO - Processing /home/airflow/.local/lib/python3.7/site-packages/airflow/example_dags/example_xcom.py took 0.083 seconds
[2023-10-06T22:56:12.126+0000] {processor.py:154} INFO - Started process (PID=2633) to work on /home/airflow/.local/lib/python3.7/site-packages/airflow/example_dags/example_xcom.py
[2023-10-06T22:56:12.131+0000] {processor.py:756} INFO - Processing file /home/airflow/.local/lib/python3.7/site-packages/airflow/example_dags/example_xcom.py for tasks to queue
[2023-10-06T22:56:12.131+0000] {logging_mixin.py:120} INFO - [2023-10-06T22:56:12.131+0000] {dagbag.py:537} INFO - Filling up the DagBag from /home/airflow/.local/lib/python3.7/site-packages/airflow/example_dags/example_xcom.py
[2023-10-06T22:56:12.152+0000] {processor.py:766} INFO - DAG(s) dict_keys(['example_xcom']) retrieved from /home/airflow/.local/lib/python3.7/site-packages/airflow/example_dags/example_xcom.py
[2023-10-06T22:56:12.184+0000] {logging_mixin.py:120} INFO - [2023-10-06T22:56:12.183+0000] {dag.py:2585} INFO - Sync 1 DAGs
[2023-10-06T22:56:12.200+0000] {logging_mixin.py:120} INFO - [2023-10-06T22:56:12.200+0000] {dag.py:3340} INFO - Setting next_dagrun for example_xcom to 2021-01-01T00:00:00+00:00, run_after=2021-01-01T00:00:00+00:00
[2023-10-06T22:56:12.214+0000] {processor.py:176} INFO - Processing /home/airflow/.local/lib/python3.7/site-packages/airflow/example_dags/example_xcom.py took 0.090 seconds
[2023-10-06T22:56:42.445+0000] {processor.py:154} INFO - Started process (PID=2696) to work on /home/airflow/.local/lib/python3.7/site-packages/airflow/example_dags/example_xcom.py
[2023-10-06T22:56:42.446+0000] {processor.py:756} INFO - Processing file /home/airflow/.local/lib/python3.7/site-packages/airflow/example_dags/example_xcom.py for tasks to queue
[2023-10-06T22:56:42.446+0000] {logging_mixin.py:120} INFO - [2023-10-06T22:56:42.446+0000] {dagbag.py:537} INFO - Filling up the DagBag from /home/airflow/.local/lib/python3.7/site-packages/airflow/example_dags/example_xcom.py
[2023-10-06T22:56:42.467+0000] {processor.py:766} INFO - DAG(s) dict_keys(['example_xcom']) retrieved from /home/airflow/.local/lib/python3.7/site-packages/airflow/example_dags/example_xcom.py
[2023-10-06T22:56:42.500+0000] {logging_mixin.py:120} INFO - [2023-10-06T22:56:42.500+0000] {dag.py:2585} INFO - Sync 1 DAGs
[2023-10-06T22:56:42.519+0000] {logging_mixin.py:120} INFO - [2023-10-06T22:56:42.519+0000] {dag.py:3340} INFO - Setting next_dagrun for example_xcom to 2021-01-01T00:00:00+00:00, run_after=2021-01-01T00:00:00+00:00
[2023-10-06T22:56:42.533+0000] {processor.py:176} INFO - Processing /home/airflow/.local/lib/python3.7/site-packages/airflow/example_dags/example_xcom.py took 0.090 seconds
[2023-10-06T22:57:12.592+0000] {processor.py:154} INFO - Started process (PID=2751) to work on /home/airflow/.local/lib/python3.7/site-packages/airflow/example_dags/example_xcom.py
[2023-10-06T22:57:12.593+0000] {processor.py:756} INFO - Processing file /home/airflow/.local/lib/python3.7/site-packages/airflow/example_dags/example_xcom.py for tasks to queue
[2023-10-06T22:57:12.594+0000] {logging_mixin.py:120} INFO - [2023-10-06T22:57:12.594+0000] {dagbag.py:537} INFO - Filling up the DagBag from /home/airflow/.local/lib/python3.7/site-packages/airflow/example_dags/example_xcom.py
[2023-10-06T22:57:12.609+0000] {processor.py:766} INFO - DAG(s) dict_keys(['example_xcom']) retrieved from /home/airflow/.local/lib/python3.7/site-packages/airflow/example_dags/example_xcom.py
[2023-10-06T22:57:12.639+0000] {logging_mixin.py:120} INFO - [2023-10-06T22:57:12.639+0000] {dag.py:2585} INFO - Sync 1 DAGs
[2023-10-06T22:57:12.660+0000] {logging_mixin.py:120} INFO - [2023-10-06T22:57:12.660+0000] {dag.py:3340} INFO - Setting next_dagrun for example_xcom to 2021-01-01T00:00:00+00:00, run_after=2021-01-01T00:00:00+00:00
[2023-10-06T22:57:12.674+0000] {processor.py:176} INFO - Processing /home/airflow/.local/lib/python3.7/site-packages/airflow/example_dags/example_xcom.py took 0.084 seconds
[2023-10-06T22:57:43.731+0000] {processor.py:154} INFO - Started process (PID=2815) to work on /home/airflow/.local/lib/python3.7/site-packages/airflow/example_dags/example_xcom.py
[2023-10-06T22:57:43.731+0000] {processor.py:756} INFO - Processing file /home/airflow/.local/lib/python3.7/site-packages/airflow/example_dags/example_xcom.py for tasks to queue
[2023-10-06T22:57:43.732+0000] {logging_mixin.py:120} INFO - [2023-10-06T22:57:43.732+0000] {dagbag.py:537} INFO - Filling up the DagBag from /home/airflow/.local/lib/python3.7/site-packages/airflow/example_dags/example_xcom.py
[2023-10-06T22:57:43.747+0000] {processor.py:766} INFO - DAG(s) dict_keys(['example_xcom']) retrieved from /home/airflow/.local/lib/python3.7/site-packages/airflow/example_dags/example_xcom.py
[2023-10-06T22:57:43.775+0000] {logging_mixin.py:120} INFO - [2023-10-06T22:57:43.775+0000] {dag.py:2585} INFO - Sync 1 DAGs
[2023-10-06T22:57:43.792+0000] {logging_mixin.py:120} INFO - [2023-10-06T22:57:43.792+0000] {dag.py:3340} INFO - Setting next_dagrun for example_xcom to 2021-01-01T00:00:00+00:00, run_after=2021-01-01T00:00:00+00:00
[2023-10-06T22:57:43.808+0000] {processor.py:176} INFO - Processing /home/airflow/.local/lib/python3.7/site-packages/airflow/example_dags/example_xcom.py took 0.079 seconds
[2023-10-06T22:58:14.172+0000] {processor.py:154} INFO - Started process (PID=2878) to work on /home/airflow/.local/lib/python3.7/site-packages/airflow/example_dags/example_xcom.py
[2023-10-06T22:58:14.178+0000] {processor.py:756} INFO - Processing file /home/airflow/.local/lib/python3.7/site-packages/airflow/example_dags/example_xcom.py for tasks to queue
[2023-10-06T22:58:14.179+0000] {logging_mixin.py:120} INFO - [2023-10-06T22:58:14.179+0000] {dagbag.py:537} INFO - Filling up the DagBag from /home/airflow/.local/lib/python3.7/site-packages/airflow/example_dags/example_xcom.py
[2023-10-06T22:58:14.194+0000] {processor.py:766} INFO - DAG(s) dict_keys(['example_xcom']) retrieved from /home/airflow/.local/lib/python3.7/site-packages/airflow/example_dags/example_xcom.py
[2023-10-06T22:58:14.225+0000] {logging_mixin.py:120} INFO - [2023-10-06T22:58:14.225+0000] {dag.py:2585} INFO - Sync 1 DAGs
[2023-10-06T22:58:14.241+0000] {logging_mixin.py:120} INFO - [2023-10-06T22:58:14.241+0000] {dag.py:3340} INFO - Setting next_dagrun for example_xcom to 2021-01-01T00:00:00+00:00, run_after=2021-01-01T00:00:00+00:00
[2023-10-06T22:58:14.256+0000] {processor.py:176} INFO - Processing /home/airflow/.local/lib/python3.7/site-packages/airflow/example_dags/example_xcom.py took 0.086 seconds
[2023-10-06T22:58:44.402+0000] {processor.py:154} INFO - Started process (PID=2941) to work on /home/airflow/.local/lib/python3.7/site-packages/airflow/example_dags/example_xcom.py
[2023-10-06T22:58:44.402+0000] {processor.py:756} INFO - Processing file /home/airflow/.local/lib/python3.7/site-packages/airflow/example_dags/example_xcom.py for tasks to queue
[2023-10-06T22:58:44.403+0000] {logging_mixin.py:120} INFO - [2023-10-06T22:58:44.402+0000] {dagbag.py:537} INFO - Filling up the DagBag from /home/airflow/.local/lib/python3.7/site-packages/airflow/example_dags/example_xcom.py
[2023-10-06T22:58:44.418+0000] {processor.py:766} INFO - DAG(s) dict_keys(['example_xcom']) retrieved from /home/airflow/.local/lib/python3.7/site-packages/airflow/example_dags/example_xcom.py
[2023-10-06T22:58:44.447+0000] {logging_mixin.py:120} INFO - [2023-10-06T22:58:44.447+0000] {dag.py:2585} INFO - Sync 1 DAGs
[2023-10-06T22:58:44.463+0000] {logging_mixin.py:120} INFO - [2023-10-06T22:58:44.463+0000] {dag.py:3340} INFO - Setting next_dagrun for example_xcom to 2021-01-01T00:00:00+00:00, run_after=2021-01-01T00:00:00+00:00
[2023-10-06T22:58:44.478+0000] {processor.py:176} INFO - Processing /home/airflow/.local/lib/python3.7/site-packages/airflow/example_dags/example_xcom.py took 0.078 seconds
[2023-10-06T22:59:14.605+0000] {processor.py:154} INFO - Started process (PID=3005) to work on /home/airflow/.local/lib/python3.7/site-packages/airflow/example_dags/example_xcom.py
[2023-10-06T22:59:14.611+0000] {processor.py:756} INFO - Processing file /home/airflow/.local/lib/python3.7/site-packages/airflow/example_dags/example_xcom.py for tasks to queue
[2023-10-06T22:59:14.611+0000] {logging_mixin.py:120} INFO - [2023-10-06T22:59:14.611+0000] {dagbag.py:537} INFO - Filling up the DagBag from /home/airflow/.local/lib/python3.7/site-packages/airflow/example_dags/example_xcom.py
[2023-10-06T22:59:14.626+0000] {processor.py:766} INFO - DAG(s) dict_keys(['example_xcom']) retrieved from /home/airflow/.local/lib/python3.7/site-packages/airflow/example_dags/example_xcom.py
[2023-10-06T22:59:14.654+0000] {logging_mixin.py:120} INFO - [2023-10-06T22:59:14.654+0000] {dag.py:2585} INFO - Sync 1 DAGs
[2023-10-06T22:59:14.670+0000] {logging_mixin.py:120} INFO - [2023-10-06T22:59:14.670+0000] {dag.py:3340} INFO - Setting next_dagrun for example_xcom to 2021-01-01T00:00:00+00:00, run_after=2021-01-01T00:00:00+00:00
[2023-10-06T22:59:14.685+0000] {processor.py:176} INFO - Processing /home/airflow/.local/lib/python3.7/site-packages/airflow/example_dags/example_xcom.py took 0.082 seconds
[2023-10-06T22:59:44.759+0000] {processor.py:154} INFO - Started process (PID=3061) to work on /home/airflow/.local/lib/python3.7/site-packages/airflow/example_dags/example_xcom.py
[2023-10-06T22:59:44.759+0000] {processor.py:756} INFO - Processing file /home/airflow/.local/lib/python3.7/site-packages/airflow/example_dags/example_xcom.py for tasks to queue
[2023-10-06T22:59:44.760+0000] {logging_mixin.py:120} INFO - [2023-10-06T22:59:44.760+0000] {dagbag.py:537} INFO - Filling up the DagBag from /home/airflow/.local/lib/python3.7/site-packages/airflow/example_dags/example_xcom.py
[2023-10-06T22:59:44.775+0000] {processor.py:766} INFO - DAG(s) dict_keys(['example_xcom']) retrieved from /home/airflow/.local/lib/python3.7/site-packages/airflow/example_dags/example_xcom.py
[2023-10-06T22:59:44.805+0000] {logging_mixin.py:120} INFO - [2023-10-06T22:59:44.805+0000] {dag.py:2585} INFO - Sync 1 DAGs
[2023-10-06T22:59:44.823+0000] {logging_mixin.py:120} INFO - [2023-10-06T22:59:44.823+0000] {dag.py:3340} INFO - Setting next_dagrun for example_xcom to 2021-01-01T00:00:00+00:00, run_after=2021-01-01T00:00:00+00:00
[2023-10-06T22:59:44.840+0000] {processor.py:176} INFO - Processing /home/airflow/.local/lib/python3.7/site-packages/airflow/example_dags/example_xcom.py took 0.084 seconds
[2023-10-06T23:00:14.979+0000] {processor.py:154} INFO - Started process (PID=3126) to work on /home/airflow/.local/lib/python3.7/site-packages/airflow/example_dags/example_xcom.py
[2023-10-06T23:00:14.985+0000] {processor.py:756} INFO - Processing file /home/airflow/.local/lib/python3.7/site-packages/airflow/example_dags/example_xcom.py for tasks to queue
[2023-10-06T23:00:14.986+0000] {logging_mixin.py:120} INFO - [2023-10-06T23:00:14.986+0000] {dagbag.py:537} INFO - Filling up the DagBag from /home/airflow/.local/lib/python3.7/site-packages/airflow/example_dags/example_xcom.py
[2023-10-06T23:00:15.000+0000] {processor.py:766} INFO - DAG(s) dict_keys(['example_xcom']) retrieved from /home/airflow/.local/lib/python3.7/site-packages/airflow/example_dags/example_xcom.py
[2023-10-06T23:00:15.030+0000] {logging_mixin.py:120} INFO - [2023-10-06T23:00:15.030+0000] {dag.py:2585} INFO - Sync 1 DAGs
[2023-10-06T23:00:15.045+0000] {logging_mixin.py:120} INFO - [2023-10-06T23:00:15.045+0000] {dag.py:3340} INFO - Setting next_dagrun for example_xcom to 2021-01-01T00:00:00+00:00, run_after=2021-01-01T00:00:00+00:00
[2023-10-06T23:00:15.063+0000] {processor.py:176} INFO - Processing /home/airflow/.local/lib/python3.7/site-packages/airflow/example_dags/example_xcom.py took 0.087 seconds
[2023-10-06T23:00:45.140+0000] {processor.py:154} INFO - Started process (PID=3189) to work on /home/airflow/.local/lib/python3.7/site-packages/airflow/example_dags/example_xcom.py
[2023-10-06T23:00:45.141+0000] {processor.py:756} INFO - Processing file /home/airflow/.local/lib/python3.7/site-packages/airflow/example_dags/example_xcom.py for tasks to queue
[2023-10-06T23:00:45.141+0000] {logging_mixin.py:120} INFO - [2023-10-06T23:00:45.141+0000] {dagbag.py:537} INFO - Filling up the DagBag from /home/airflow/.local/lib/python3.7/site-packages/airflow/example_dags/example_xcom.py
[2023-10-06T23:00:45.156+0000] {processor.py:766} INFO - DAG(s) dict_keys(['example_xcom']) retrieved from /home/airflow/.local/lib/python3.7/site-packages/airflow/example_dags/example_xcom.py
[2023-10-06T23:00:45.185+0000] {logging_mixin.py:120} INFO - [2023-10-06T23:00:45.184+0000] {dag.py:2585} INFO - Sync 1 DAGs
[2023-10-06T23:00:45.201+0000] {logging_mixin.py:120} INFO - [2023-10-06T23:00:45.201+0000] {dag.py:3340} INFO - Setting next_dagrun for example_xcom to 2021-01-01T00:00:00+00:00, run_after=2021-01-01T00:00:00+00:00
[2023-10-06T23:00:45.216+0000] {processor.py:176} INFO - Processing /home/airflow/.local/lib/python3.7/site-packages/airflow/example_dags/example_xcom.py took 0.078 seconds
[2023-10-06T23:01:15.309+0000] {processor.py:154} INFO - Started process (PID=3253) to work on /home/airflow/.local/lib/python3.7/site-packages/airflow/example_dags/example_xcom.py
[2023-10-06T23:01:15.311+0000] {processor.py:756} INFO - Processing file /home/airflow/.local/lib/python3.7/site-packages/airflow/example_dags/example_xcom.py for tasks to queue
[2023-10-06T23:01:15.312+0000] {logging_mixin.py:120} INFO - [2023-10-06T23:01:15.311+0000] {dagbag.py:537} INFO - Filling up the DagBag from /home/airflow/.local/lib/python3.7/site-packages/airflow/example_dags/example_xcom.py
[2023-10-06T23:01:15.328+0000] {processor.py:766} INFO - DAG(s) dict_keys(['example_xcom']) retrieved from /home/airflow/.local/lib/python3.7/site-packages/airflow/example_dags/example_xcom.py
[2023-10-06T23:01:15.357+0000] {logging_mixin.py:120} INFO - [2023-10-06T23:01:15.357+0000] {dag.py:2585} INFO - Sync 1 DAGs
[2023-10-06T23:01:15.374+0000] {logging_mixin.py:120} INFO - [2023-10-06T23:01:15.374+0000] {dag.py:3340} INFO - Setting next_dagrun for example_xcom to 2021-01-01T00:00:00+00:00, run_after=2021-01-01T00:00:00+00:00
[2023-10-06T23:01:15.391+0000] {processor.py:176} INFO - Processing /home/airflow/.local/lib/python3.7/site-packages/airflow/example_dags/example_xcom.py took 0.084 seconds
[2023-10-06T23:01:45.544+0000] {processor.py:154} INFO - Started process (PID=3308) to work on /home/airflow/.local/lib/python3.7/site-packages/airflow/example_dags/example_xcom.py
[2023-10-06T23:01:45.545+0000] {processor.py:756} INFO - Processing file /home/airflow/.local/lib/python3.7/site-packages/airflow/example_dags/example_xcom.py for tasks to queue
[2023-10-06T23:01:45.545+0000] {logging_mixin.py:120} INFO - [2023-10-06T23:01:45.545+0000] {dagbag.py:537} INFO - Filling up the DagBag from /home/airflow/.local/lib/python3.7/site-packages/airflow/example_dags/example_xcom.py
[2023-10-06T23:01:45.562+0000] {processor.py:766} INFO - DAG(s) dict_keys(['example_xcom']) retrieved from /home/airflow/.local/lib/python3.7/site-packages/airflow/example_dags/example_xcom.py
[2023-10-06T23:01:45.594+0000] {logging_mixin.py:120} INFO - [2023-10-06T23:01:45.594+0000] {dag.py:2585} INFO - Sync 1 DAGs
[2023-10-06T23:01:45.612+0000] {logging_mixin.py:120} INFO - [2023-10-06T23:01:45.612+0000] {dag.py:3340} INFO - Setting next_dagrun for example_xcom to 2021-01-01T00:00:00+00:00, run_after=2021-01-01T00:00:00+00:00
[2023-10-06T23:01:45.626+0000] {processor.py:176} INFO - Processing /home/airflow/.local/lib/python3.7/site-packages/airflow/example_dags/example_xcom.py took 0.085 seconds
[2023-10-06T23:02:15.693+0000] {processor.py:154} INFO - Started process (PID=3372) to work on /home/airflow/.local/lib/python3.7/site-packages/airflow/example_dags/example_xcom.py
[2023-10-06T23:02:15.699+0000] {processor.py:756} INFO - Processing file /home/airflow/.local/lib/python3.7/site-packages/airflow/example_dags/example_xcom.py for tasks to queue
[2023-10-06T23:02:15.699+0000] {logging_mixin.py:120} INFO - [2023-10-06T23:02:15.699+0000] {dagbag.py:537} INFO - Filling up the DagBag from /home/airflow/.local/lib/python3.7/site-packages/airflow/example_dags/example_xcom.py
[2023-10-06T23:02:15.714+0000] {processor.py:766} INFO - DAG(s) dict_keys(['example_xcom']) retrieved from /home/airflow/.local/lib/python3.7/site-packages/airflow/example_dags/example_xcom.py
[2023-10-06T23:02:15.797+0000] {logging_mixin.py:120} INFO - [2023-10-06T23:02:15.796+0000] {dag.py:2585} INFO - Sync 1 DAGs
[2023-10-06T23:02:15.816+0000] {logging_mixin.py:120} INFO - [2023-10-06T23:02:15.816+0000] {dag.py:3340} INFO - Setting next_dagrun for example_xcom to 2021-01-01T00:00:00+00:00, run_after=2021-01-01T00:00:00+00:00
[2023-10-06T23:02:15.829+0000] {processor.py:176} INFO - Processing /home/airflow/.local/lib/python3.7/site-packages/airflow/example_dags/example_xcom.py took 0.138 seconds
[2023-10-06T23:02:45.871+0000] {processor.py:154} INFO - Started process (PID=3436) to work on /home/airflow/.local/lib/python3.7/site-packages/airflow/example_dags/example_xcom.py
[2023-10-06T23:02:45.872+0000] {processor.py:756} INFO - Processing file /home/airflow/.local/lib/python3.7/site-packages/airflow/example_dags/example_xcom.py for tasks to queue
[2023-10-06T23:02:45.872+0000] {logging_mixin.py:120} INFO - [2023-10-06T23:02:45.872+0000] {dagbag.py:537} INFO - Filling up the DagBag from /home/airflow/.local/lib/python3.7/site-packages/airflow/example_dags/example_xcom.py
[2023-10-06T23:02:45.888+0000] {processor.py:766} INFO - DAG(s) dict_keys(['example_xcom']) retrieved from /home/airflow/.local/lib/python3.7/site-packages/airflow/example_dags/example_xcom.py
[2023-10-06T23:02:45.923+0000] {logging_mixin.py:120} INFO - [2023-10-06T23:02:45.922+0000] {dag.py:2585} INFO - Sync 1 DAGs
[2023-10-06T23:02:45.940+0000] {logging_mixin.py:120} INFO - [2023-10-06T23:02:45.940+0000] {dag.py:3340} INFO - Setting next_dagrun for example_xcom to 2021-01-01T00:00:00+00:00, run_after=2021-01-01T00:00:00+00:00
[2023-10-06T23:02:45.959+0000] {processor.py:176} INFO - Processing /home/airflow/.local/lib/python3.7/site-packages/airflow/example_dags/example_xcom.py took 0.090 seconds
[2023-10-06T23:03:16.005+0000] {processor.py:154} INFO - Started process (PID=3500) to work on /home/airflow/.local/lib/python3.7/site-packages/airflow/example_dags/example_xcom.py
[2023-10-06T23:03:16.006+0000] {processor.py:756} INFO - Processing file /home/airflow/.local/lib/python3.7/site-packages/airflow/example_dags/example_xcom.py for tasks to queue
[2023-10-06T23:03:16.006+0000] {logging_mixin.py:120} INFO - [2023-10-06T23:03:16.006+0000] {dagbag.py:537} INFO - Filling up the DagBag from /home/airflow/.local/lib/python3.7/site-packages/airflow/example_dags/example_xcom.py
[2023-10-06T23:03:16.023+0000] {processor.py:766} INFO - DAG(s) dict_keys(['example_xcom']) retrieved from /home/airflow/.local/lib/python3.7/site-packages/airflow/example_dags/example_xcom.py
[2023-10-06T23:03:16.057+0000] {logging_mixin.py:120} INFO - [2023-10-06T23:03:16.056+0000] {dag.py:2585} INFO - Sync 1 DAGs
[2023-10-06T23:03:16.076+0000] {logging_mixin.py:120} INFO - [2023-10-06T23:03:16.076+0000] {dag.py:3340} INFO - Setting next_dagrun for example_xcom to 2021-01-01T00:00:00+00:00, run_after=2021-01-01T00:00:00+00:00
[2023-10-06T23:03:16.093+0000] {processor.py:176} INFO - Processing /home/airflow/.local/lib/python3.7/site-packages/airflow/example_dags/example_xcom.py took 0.090 seconds
[2023-10-06T23:03:46.127+0000] {processor.py:154} INFO - Started process (PID=3555) to work on /home/airflow/.local/lib/python3.7/site-packages/airflow/example_dags/example_xcom.py
[2023-10-06T23:03:46.127+0000] {processor.py:756} INFO - Processing file /home/airflow/.local/lib/python3.7/site-packages/airflow/example_dags/example_xcom.py for tasks to queue
[2023-10-06T23:03:46.128+0000] {logging_mixin.py:120} INFO - [2023-10-06T23:03:46.128+0000] {dagbag.py:537} INFO - Filling up the DagBag from /home/airflow/.local/lib/python3.7/site-packages/airflow/example_dags/example_xcom.py
[2023-10-06T23:03:46.143+0000] {processor.py:766} INFO - DAG(s) dict_keys(['example_xcom']) retrieved from /home/airflow/.local/lib/python3.7/site-packages/airflow/example_dags/example_xcom.py
[2023-10-06T23:03:46.172+0000] {logging_mixin.py:120} INFO - [2023-10-06T23:03:46.172+0000] {dag.py:2585} INFO - Sync 1 DAGs
[2023-10-06T23:03:46.188+0000] {logging_mixin.py:120} INFO - [2023-10-06T23:03:46.188+0000] {dag.py:3340} INFO - Setting next_dagrun for example_xcom to 2021-01-01T00:00:00+00:00, run_after=2021-01-01T00:00:00+00:00
[2023-10-06T23:03:46.203+0000] {processor.py:176} INFO - Processing /home/airflow/.local/lib/python3.7/site-packages/airflow/example_dags/example_xcom.py took 0.078 seconds
[2023-10-06T23:04:16.280+0000] {processor.py:154} INFO - Started process (PID=3619) to work on /home/airflow/.local/lib/python3.7/site-packages/airflow/example_dags/example_xcom.py
[2023-10-06T23:04:16.286+0000] {processor.py:756} INFO - Processing file /home/airflow/.local/lib/python3.7/site-packages/airflow/example_dags/example_xcom.py for tasks to queue
[2023-10-06T23:04:16.286+0000] {logging_mixin.py:120} INFO - [2023-10-06T23:04:16.286+0000] {dagbag.py:537} INFO - Filling up the DagBag from /home/airflow/.local/lib/python3.7/site-packages/airflow/example_dags/example_xcom.py
[2023-10-06T23:04:16.301+0000] {processor.py:766} INFO - DAG(s) dict_keys(['example_xcom']) retrieved from /home/airflow/.local/lib/python3.7/site-packages/airflow/example_dags/example_xcom.py
[2023-10-06T23:04:16.330+0000] {logging_mixin.py:120} INFO - [2023-10-06T23:04:16.330+0000] {dag.py:2585} INFO - Sync 1 DAGs
[2023-10-06T23:04:16.346+0000] {logging_mixin.py:120} INFO - [2023-10-06T23:04:16.346+0000] {dag.py:3340} INFO - Setting next_dagrun for example_xcom to 2021-01-01T00:00:00+00:00, run_after=2021-01-01T00:00:00+00:00
[2023-10-06T23:04:16.362+0000] {processor.py:176} INFO - Processing /home/airflow/.local/lib/python3.7/site-packages/airflow/example_dags/example_xcom.py took 0.084 seconds
[2023-10-06T23:04:46.446+0000] {processor.py:154} INFO - Started process (PID=3684) to work on /home/airflow/.local/lib/python3.7/site-packages/airflow/example_dags/example_xcom.py
[2023-10-06T23:04:46.447+0000] {processor.py:756} INFO - Processing file /home/airflow/.local/lib/python3.7/site-packages/airflow/example_dags/example_xcom.py for tasks to queue
[2023-10-06T23:04:46.447+0000] {logging_mixin.py:120} INFO - [2023-10-06T23:04:46.447+0000] {dagbag.py:537} INFO - Filling up the DagBag from /home/airflow/.local/lib/python3.7/site-packages/airflow/example_dags/example_xcom.py
[2023-10-06T23:04:46.463+0000] {processor.py:766} INFO - DAG(s) dict_keys(['example_xcom']) retrieved from /home/airflow/.local/lib/python3.7/site-packages/airflow/example_dags/example_xcom.py
[2023-10-06T23:04:46.493+0000] {logging_mixin.py:120} INFO - [2023-10-06T23:04:46.493+0000] {dag.py:2585} INFO - Sync 1 DAGs
[2023-10-06T23:04:46.509+0000] {logging_mixin.py:120} INFO - [2023-10-06T23:04:46.509+0000] {dag.py:3340} INFO - Setting next_dagrun for example_xcom to 2021-01-01T00:00:00+00:00, run_after=2021-01-01T00:00:00+00:00
[2023-10-06T23:04:46.524+0000] {processor.py:176} INFO - Processing /home/airflow/.local/lib/python3.7/site-packages/airflow/example_dags/example_xcom.py took 0.080 seconds
[2023-10-06T23:05:16.720+0000] {processor.py:154} INFO - Started process (PID=3748) to work on /home/airflow/.local/lib/python3.7/site-packages/airflow/example_dags/example_xcom.py
[2023-10-06T23:05:16.726+0000] {processor.py:756} INFO - Processing file /home/airflow/.local/lib/python3.7/site-packages/airflow/example_dags/example_xcom.py for tasks to queue
[2023-10-06T23:05:16.726+0000] {logging_mixin.py:120} INFO - [2023-10-06T23:05:16.726+0000] {dagbag.py:537} INFO - Filling up the DagBag from /home/airflow/.local/lib/python3.7/site-packages/airflow/example_dags/example_xcom.py
[2023-10-06T23:05:16.742+0000] {processor.py:766} INFO - DAG(s) dict_keys(['example_xcom']) retrieved from /home/airflow/.local/lib/python3.7/site-packages/airflow/example_dags/example_xcom.py
[2023-10-06T23:05:16.773+0000] {logging_mixin.py:120} INFO - [2023-10-06T23:05:16.773+0000] {dag.py:2585} INFO - Sync 1 DAGs
[2023-10-06T23:05:16.791+0000] {logging_mixin.py:120} INFO - [2023-10-06T23:05:16.791+0000] {dag.py:3340} INFO - Setting next_dagrun for example_xcom to 2021-01-01T00:00:00+00:00, run_after=2021-01-01T00:00:00+00:00
[2023-10-06T23:05:16.808+0000] {processor.py:176} INFO - Processing /home/airflow/.local/lib/python3.7/site-packages/airflow/example_dags/example_xcom.py took 0.090 seconds
[2023-10-06T23:05:46.845+0000] {processor.py:154} INFO - Started process (PID=3804) to work on /home/airflow/.local/lib/python3.7/site-packages/airflow/example_dags/example_xcom.py
[2023-10-06T23:05:46.845+0000] {processor.py:756} INFO - Processing file /home/airflow/.local/lib/python3.7/site-packages/airflow/example_dags/example_xcom.py for tasks to queue
[2023-10-06T23:05:46.846+0000] {logging_mixin.py:120} INFO - [2023-10-06T23:05:46.845+0000] {dagbag.py:537} INFO - Filling up the DagBag from /home/airflow/.local/lib/python3.7/site-packages/airflow/example_dags/example_xcom.py
[2023-10-06T23:05:46.861+0000] {processor.py:766} INFO - DAG(s) dict_keys(['example_xcom']) retrieved from /home/airflow/.local/lib/python3.7/site-packages/airflow/example_dags/example_xcom.py
[2023-10-06T23:05:46.889+0000] {logging_mixin.py:120} INFO - [2023-10-06T23:05:46.889+0000] {dag.py:2585} INFO - Sync 1 DAGs
[2023-10-06T23:05:46.906+0000] {logging_mixin.py:120} INFO - [2023-10-06T23:05:46.906+0000] {dag.py:3340} INFO - Setting next_dagrun for example_xcom to 2021-01-01T00:00:00+00:00, run_after=2021-01-01T00:00:00+00:00
[2023-10-06T23:05:46.923+0000] {processor.py:176} INFO - Processing /home/airflow/.local/lib/python3.7/site-packages/airflow/example_dags/example_xcom.py took 0.082 seconds
[2023-10-06T23:06:17.123+0000] {processor.py:154} INFO - Started process (PID=3869) to work on /home/airflow/.local/lib/python3.7/site-packages/airflow/example_dags/example_xcom.py
[2023-10-06T23:06:17.124+0000] {processor.py:756} INFO - Processing file /home/airflow/.local/lib/python3.7/site-packages/airflow/example_dags/example_xcom.py for tasks to queue
[2023-10-06T23:06:17.125+0000] {logging_mixin.py:120} INFO - [2023-10-06T23:06:17.125+0000] {dagbag.py:537} INFO - Filling up the DagBag from /home/airflow/.local/lib/python3.7/site-packages/airflow/example_dags/example_xcom.py
[2023-10-06T23:06:17.140+0000] {processor.py:766} INFO - DAG(s) dict_keys(['example_xcom']) retrieved from /home/airflow/.local/lib/python3.7/site-packages/airflow/example_dags/example_xcom.py
[2023-10-06T23:06:17.168+0000] {logging_mixin.py:120} INFO - [2023-10-06T23:06:17.168+0000] {dag.py:2585} INFO - Sync 1 DAGs
[2023-10-06T23:06:17.184+0000] {logging_mixin.py:120} INFO - [2023-10-06T23:06:17.184+0000] {dag.py:3340} INFO - Setting next_dagrun for example_xcom to 2021-01-01T00:00:00+00:00, run_after=2021-01-01T00:00:00+00:00
[2023-10-06T23:06:17.200+0000] {processor.py:176} INFO - Processing /home/airflow/.local/lib/python3.7/site-packages/airflow/example_dags/example_xcom.py took 0.078 seconds
[2023-10-06T23:06:47.321+0000] {processor.py:154} INFO - Started process (PID=3932) to work on /home/airflow/.local/lib/python3.7/site-packages/airflow/example_dags/example_xcom.py
[2023-10-06T23:06:47.327+0000] {processor.py:756} INFO - Processing file /home/airflow/.local/lib/python3.7/site-packages/airflow/example_dags/example_xcom.py for tasks to queue
[2023-10-06T23:06:47.327+0000] {logging_mixin.py:120} INFO - [2023-10-06T23:06:47.327+0000] {dagbag.py:537} INFO - Filling up the DagBag from /home/airflow/.local/lib/python3.7/site-packages/airflow/example_dags/example_xcom.py
[2023-10-06T23:06:47.343+0000] {processor.py:766} INFO - DAG(s) dict_keys(['example_xcom']) retrieved from /home/airflow/.local/lib/python3.7/site-packages/airflow/example_dags/example_xcom.py
[2023-10-06T23:06:47.371+0000] {logging_mixin.py:120} INFO - [2023-10-06T23:06:47.371+0000] {dag.py:2585} INFO - Sync 1 DAGs
[2023-10-06T23:06:47.386+0000] {logging_mixin.py:120} INFO - [2023-10-06T23:06:47.386+0000] {dag.py:3340} INFO - Setting next_dagrun for example_xcom to 2021-01-01T00:00:00+00:00, run_after=2021-01-01T00:00:00+00:00
[2023-10-06T23:06:47.402+0000] {processor.py:176} INFO - Processing /home/airflow/.local/lib/python3.7/site-packages/airflow/example_dags/example_xcom.py took 0.084 seconds
[2023-10-06T23:07:17.492+0000] {processor.py:154} INFO - Started process (PID=3997) to work on /home/airflow/.local/lib/python3.7/site-packages/airflow/example_dags/example_xcom.py
[2023-10-06T23:07:17.498+0000] {processor.py:756} INFO - Processing file /home/airflow/.local/lib/python3.7/site-packages/airflow/example_dags/example_xcom.py for tasks to queue
[2023-10-06T23:07:17.499+0000] {logging_mixin.py:120} INFO - [2023-10-06T23:07:17.499+0000] {dagbag.py:537} INFO - Filling up the DagBag from /home/airflow/.local/lib/python3.7/site-packages/airflow/example_dags/example_xcom.py
[2023-10-06T23:07:17.513+0000] {processor.py:766} INFO - DAG(s) dict_keys(['example_xcom']) retrieved from /home/airflow/.local/lib/python3.7/site-packages/airflow/example_dags/example_xcom.py
[2023-10-06T23:07:17.545+0000] {logging_mixin.py:120} INFO - [2023-10-06T23:07:17.545+0000] {dag.py:2585} INFO - Sync 1 DAGs
[2023-10-06T23:07:17.563+0000] {logging_mixin.py:120} INFO - [2023-10-06T23:07:17.563+0000] {dag.py:3340} INFO - Setting next_dagrun for example_xcom to 2021-01-01T00:00:00+00:00, run_after=2021-01-01T00:00:00+00:00
[2023-10-06T23:07:17.581+0000] {processor.py:176} INFO - Processing /home/airflow/.local/lib/python3.7/site-packages/airflow/example_dags/example_xcom.py took 0.091 seconds
[2023-10-06T23:07:47.677+0000] {processor.py:154} INFO - Started process (PID=4052) to work on /home/airflow/.local/lib/python3.7/site-packages/airflow/example_dags/example_xcom.py
[2023-10-06T23:07:47.683+0000] {processor.py:756} INFO - Processing file /home/airflow/.local/lib/python3.7/site-packages/airflow/example_dags/example_xcom.py for tasks to queue
[2023-10-06T23:07:47.684+0000] {logging_mixin.py:120} INFO - [2023-10-06T23:07:47.683+0000] {dagbag.py:537} INFO - Filling up the DagBag from /home/airflow/.local/lib/python3.7/site-packages/airflow/example_dags/example_xcom.py
[2023-10-06T23:07:47.698+0000] {processor.py:766} INFO - DAG(s) dict_keys(['example_xcom']) retrieved from /home/airflow/.local/lib/python3.7/site-packages/airflow/example_dags/example_xcom.py
[2023-10-06T23:07:47.726+0000] {logging_mixin.py:120} INFO - [2023-10-06T23:07:47.726+0000] {dag.py:2585} INFO - Sync 1 DAGs
[2023-10-06T23:07:47.742+0000] {logging_mixin.py:120} INFO - [2023-10-06T23:07:47.742+0000] {dag.py:3340} INFO - Setting next_dagrun for example_xcom to 2021-01-01T00:00:00+00:00, run_after=2021-01-01T00:00:00+00:00
[2023-10-06T23:07:47.757+0000] {processor.py:176} INFO - Processing /home/airflow/.local/lib/python3.7/site-packages/airflow/example_dags/example_xcom.py took 0.082 seconds
[2023-10-06T23:08:17.809+0000] {processor.py:154} INFO - Started process (PID=4116) to work on /home/airflow/.local/lib/python3.7/site-packages/airflow/example_dags/example_xcom.py
[2023-10-06T23:08:17.815+0000] {processor.py:756} INFO - Processing file /home/airflow/.local/lib/python3.7/site-packages/airflow/example_dags/example_xcom.py for tasks to queue
[2023-10-06T23:08:17.815+0000] {logging_mixin.py:120} INFO - [2023-10-06T23:08:17.815+0000] {dagbag.py:537} INFO - Filling up the DagBag from /home/airflow/.local/lib/python3.7/site-packages/airflow/example_dags/example_xcom.py
[2023-10-06T23:08:17.831+0000] {processor.py:766} INFO - DAG(s) dict_keys(['example_xcom']) retrieved from /home/airflow/.local/lib/python3.7/site-packages/airflow/example_dags/example_xcom.py
[2023-10-06T23:08:17.868+0000] {logging_mixin.py:120} INFO - [2023-10-06T23:08:17.868+0000] {dag.py:2585} INFO - Sync 1 DAGs
[2023-10-06T23:08:17.883+0000] {logging_mixin.py:120} INFO - [2023-10-06T23:08:17.883+0000] {dag.py:3340} INFO - Setting next_dagrun for example_xcom to 2021-01-01T00:00:00+00:00, run_after=2021-01-01T00:00:00+00:00
[2023-10-06T23:08:17.895+0000] {processor.py:176} INFO - Processing /home/airflow/.local/lib/python3.7/site-packages/airflow/example_dags/example_xcom.py took 0.089 seconds
[2023-10-06T23:08:48.027+0000] {processor.py:154} INFO - Started process (PID=4180) to work on /home/airflow/.local/lib/python3.7/site-packages/airflow/example_dags/example_xcom.py
[2023-10-06T23:08:48.028+0000] {processor.py:756} INFO - Processing file /home/airflow/.local/lib/python3.7/site-packages/airflow/example_dags/example_xcom.py for tasks to queue
[2023-10-06T23:08:48.028+0000] {logging_mixin.py:120} INFO - [2023-10-06T23:08:48.028+0000] {dagbag.py:537} INFO - Filling up the DagBag from /home/airflow/.local/lib/python3.7/site-packages/airflow/example_dags/example_xcom.py
[2023-10-06T23:08:48.045+0000] {processor.py:766} INFO - DAG(s) dict_keys(['example_xcom']) retrieved from /home/airflow/.local/lib/python3.7/site-packages/airflow/example_dags/example_xcom.py
[2023-10-06T23:08:48.081+0000] {logging_mixin.py:120} INFO - [2023-10-06T23:08:48.081+0000] {dag.py:2585} INFO - Sync 1 DAGs
[2023-10-06T23:08:48.098+0000] {logging_mixin.py:120} INFO - [2023-10-06T23:08:48.098+0000] {dag.py:3340} INFO - Setting next_dagrun for example_xcom to 2021-01-01T00:00:00+00:00, run_after=2021-01-01T00:00:00+00:00
[2023-10-06T23:08:48.118+0000] {processor.py:176} INFO - Processing /home/airflow/.local/lib/python3.7/site-packages/airflow/example_dags/example_xcom.py took 0.093 seconds
