[2023-10-06T22:34:53.698+0000] {processor.py:154} INFO - Started process (PID=52) to work on /home/airflow/.local/lib/python3.7/site-packages/airflow/example_dags/example_branch_day_of_week_operator.py
[2023-10-06T22:34:53.698+0000] {processor.py:756} INFO - Processing file /home/airflow/.local/lib/python3.7/site-packages/airflow/example_dags/example_branch_day_of_week_operator.py for tasks to queue
[2023-10-06T22:34:53.699+0000] {logging_mixin.py:120} INFO - [2023-10-06T22:34:53.699+0000] {dagbag.py:537} INFO - Filling up the DagBag from /home/airflow/.local/lib/python3.7/site-packages/airflow/example_dags/example_branch_day_of_week_operator.py
[2023-10-06T22:34:53.709+0000] {processor.py:766} INFO - DAG(s) dict_keys(['example_weekday_branch_operator']) retrieved from /home/airflow/.local/lib/python3.7/site-packages/airflow/example_dags/example_branch_day_of_week_operator.py
[2023-10-06T22:34:53.743+0000] {logging_mixin.py:120} INFO - [2023-10-06T22:34:53.742+0000] {dag.py:2585} INFO - Sync 1 DAGs
[2023-10-06T22:34:53.775+0000] {logging_mixin.py:120} INFO - [2023-10-06T22:34:53.775+0000] {dag.py:3340} INFO - Setting next_dagrun for example_weekday_branch_operator to 2023-10-05T00:00:00+00:00, run_after=2023-10-06T00:00:00+00:00
[2023-10-06T22:34:53.801+0000] {processor.py:176} INFO - Processing /home/airflow/.local/lib/python3.7/site-packages/airflow/example_dags/example_branch_day_of_week_operator.py took 0.105 seconds
[2023-10-06T22:35:24.184+0000] {processor.py:154} INFO - Started process (PID=115) to work on /home/airflow/.local/lib/python3.7/site-packages/airflow/example_dags/example_branch_day_of_week_operator.py
[2023-10-06T22:35:24.184+0000] {processor.py:756} INFO - Processing file /home/airflow/.local/lib/python3.7/site-packages/airflow/example_dags/example_branch_day_of_week_operator.py for tasks to queue
[2023-10-06T22:35:24.185+0000] {logging_mixin.py:120} INFO - [2023-10-06T22:35:24.185+0000] {dagbag.py:537} INFO - Filling up the DagBag from /home/airflow/.local/lib/python3.7/site-packages/airflow/example_dags/example_branch_day_of_week_operator.py
[2023-10-06T22:35:24.197+0000] {processor.py:766} INFO - DAG(s) dict_keys(['example_weekday_branch_operator']) retrieved from /home/airflow/.local/lib/python3.7/site-packages/airflow/example_dags/example_branch_day_of_week_operator.py
[2023-10-06T22:35:24.216+0000] {logging_mixin.py:120} INFO - [2023-10-06T22:35:24.216+0000] {dag.py:2585} INFO - Sync 1 DAGs
[2023-10-06T22:35:24.238+0000] {logging_mixin.py:120} INFO - [2023-10-06T22:35:24.238+0000] {dag.py:3340} INFO - Setting next_dagrun for example_weekday_branch_operator to 2023-10-05T00:00:00+00:00, run_after=2023-10-06T00:00:00+00:00
[2023-10-06T22:35:24.257+0000] {processor.py:176} INFO - Processing /home/airflow/.local/lib/python3.7/site-packages/airflow/example_dags/example_branch_day_of_week_operator.py took 0.076 seconds
[2023-10-06T22:35:55.196+0000] {processor.py:154} INFO - Started process (PID=178) to work on /home/airflow/.local/lib/python3.7/site-packages/airflow/example_dags/example_branch_day_of_week_operator.py
[2023-10-06T22:35:55.197+0000] {processor.py:756} INFO - Processing file /home/airflow/.local/lib/python3.7/site-packages/airflow/example_dags/example_branch_day_of_week_operator.py for tasks to queue
[2023-10-06T22:35:55.197+0000] {logging_mixin.py:120} INFO - [2023-10-06T22:35:55.197+0000] {dagbag.py:537} INFO - Filling up the DagBag from /home/airflow/.local/lib/python3.7/site-packages/airflow/example_dags/example_branch_day_of_week_operator.py
[2023-10-06T22:35:55.207+0000] {processor.py:766} INFO - DAG(s) dict_keys(['example_weekday_branch_operator']) retrieved from /home/airflow/.local/lib/python3.7/site-packages/airflow/example_dags/example_branch_day_of_week_operator.py
[2023-10-06T22:35:55.236+0000] {logging_mixin.py:120} INFO - [2023-10-06T22:35:55.236+0000] {dag.py:2585} INFO - Sync 1 DAGs
[2023-10-06T22:35:55.254+0000] {logging_mixin.py:120} INFO - [2023-10-06T22:35:55.253+0000] {dag.py:3340} INFO - Setting next_dagrun for example_weekday_branch_operator to 2023-10-05T00:00:00+00:00, run_after=2023-10-06T00:00:00+00:00
[2023-10-06T22:35:55.267+0000] {processor.py:176} INFO - Processing /home/airflow/.local/lib/python3.7/site-packages/airflow/example_dags/example_branch_day_of_week_operator.py took 0.074 seconds
[2023-10-06T22:36:25.437+0000] {processor.py:154} INFO - Started process (PID=232) to work on /home/airflow/.local/lib/python3.7/site-packages/airflow/example_dags/example_branch_day_of_week_operator.py
[2023-10-06T22:36:25.437+0000] {processor.py:756} INFO - Processing file /home/airflow/.local/lib/python3.7/site-packages/airflow/example_dags/example_branch_day_of_week_operator.py for tasks to queue
[2023-10-06T22:36:25.438+0000] {logging_mixin.py:120} INFO - [2023-10-06T22:36:25.438+0000] {dagbag.py:537} INFO - Filling up the DagBag from /home/airflow/.local/lib/python3.7/site-packages/airflow/example_dags/example_branch_day_of_week_operator.py
[2023-10-06T22:36:25.448+0000] {processor.py:766} INFO - DAG(s) dict_keys(['example_weekday_branch_operator']) retrieved from /home/airflow/.local/lib/python3.7/site-packages/airflow/example_dags/example_branch_day_of_week_operator.py
[2023-10-06T22:36:25.475+0000] {logging_mixin.py:120} INFO - [2023-10-06T22:36:25.475+0000] {dag.py:2585} INFO - Sync 1 DAGs
[2023-10-06T22:36:25.493+0000] {logging_mixin.py:120} INFO - [2023-10-06T22:36:25.492+0000] {dag.py:3340} INFO - Setting next_dagrun for example_weekday_branch_operator to 2023-10-05T00:00:00+00:00, run_after=2023-10-06T00:00:00+00:00
[2023-10-06T22:36:25.512+0000] {processor.py:176} INFO - Processing /home/airflow/.local/lib/python3.7/site-packages/airflow/example_dags/example_branch_day_of_week_operator.py took 0.077 seconds
[2023-10-06T22:36:56.261+0000] {processor.py:154} INFO - Started process (PID=296) to work on /home/airflow/.local/lib/python3.7/site-packages/airflow/example_dags/example_branch_day_of_week_operator.py
[2023-10-06T22:36:56.262+0000] {processor.py:756} INFO - Processing file /home/airflow/.local/lib/python3.7/site-packages/airflow/example_dags/example_branch_day_of_week_operator.py for tasks to queue
[2023-10-06T22:36:56.263+0000] {logging_mixin.py:120} INFO - [2023-10-06T22:36:56.263+0000] {dagbag.py:537} INFO - Filling up the DagBag from /home/airflow/.local/lib/python3.7/site-packages/airflow/example_dags/example_branch_day_of_week_operator.py
[2023-10-06T22:36:56.274+0000] {processor.py:766} INFO - DAG(s) dict_keys(['example_weekday_branch_operator']) retrieved from /home/airflow/.local/lib/python3.7/site-packages/airflow/example_dags/example_branch_day_of_week_operator.py
[2023-10-06T22:36:56.306+0000] {logging_mixin.py:120} INFO - [2023-10-06T22:36:56.306+0000] {dag.py:2585} INFO - Sync 1 DAGs
[2023-10-06T22:36:56.326+0000] {logging_mixin.py:120} INFO - [2023-10-06T22:36:56.326+0000] {dag.py:3340} INFO - Setting next_dagrun for example_weekday_branch_operator to 2023-10-05T00:00:00+00:00, run_after=2023-10-06T00:00:00+00:00
[2023-10-06T22:36:56.342+0000] {processor.py:176} INFO - Processing /home/airflow/.local/lib/python3.7/site-packages/airflow/example_dags/example_branch_day_of_week_operator.py took 0.084 seconds
[2023-10-06T22:37:27.094+0000] {processor.py:154} INFO - Started process (PID=359) to work on /home/airflow/.local/lib/python3.7/site-packages/airflow/example_dags/example_branch_day_of_week_operator.py
[2023-10-06T22:37:27.094+0000] {processor.py:756} INFO - Processing file /home/airflow/.local/lib/python3.7/site-packages/airflow/example_dags/example_branch_day_of_week_operator.py for tasks to queue
[2023-10-06T22:37:27.095+0000] {logging_mixin.py:120} INFO - [2023-10-06T22:37:27.095+0000] {dagbag.py:537} INFO - Filling up the DagBag from /home/airflow/.local/lib/python3.7/site-packages/airflow/example_dags/example_branch_day_of_week_operator.py
[2023-10-06T22:37:27.110+0000] {processor.py:766} INFO - DAG(s) dict_keys(['example_weekday_branch_operator']) retrieved from /home/airflow/.local/lib/python3.7/site-packages/airflow/example_dags/example_branch_day_of_week_operator.py
[2023-10-06T22:37:27.151+0000] {logging_mixin.py:120} INFO - [2023-10-06T22:37:27.151+0000] {dag.py:2585} INFO - Sync 1 DAGs
[2023-10-06T22:37:27.176+0000] {logging_mixin.py:120} INFO - [2023-10-06T22:37:27.175+0000] {dag.py:3340} INFO - Setting next_dagrun for example_weekday_branch_operator to 2023-10-05T00:00:00+00:00, run_after=2023-10-06T00:00:00+00:00
[2023-10-06T22:37:27.193+0000] {processor.py:176} INFO - Processing /home/airflow/.local/lib/python3.7/site-packages/airflow/example_dags/example_branch_day_of_week_operator.py took 0.102 seconds
[2023-10-06T22:37:57.689+0000] {processor.py:154} INFO - Started process (PID=423) to work on /home/airflow/.local/lib/python3.7/site-packages/airflow/example_dags/example_branch_day_of_week_operator.py
[2023-10-06T22:37:57.690+0000] {processor.py:756} INFO - Processing file /home/airflow/.local/lib/python3.7/site-packages/airflow/example_dags/example_branch_day_of_week_operator.py for tasks to queue
[2023-10-06T22:37:57.690+0000] {logging_mixin.py:120} INFO - [2023-10-06T22:37:57.690+0000] {dagbag.py:537} INFO - Filling up the DagBag from /home/airflow/.local/lib/python3.7/site-packages/airflow/example_dags/example_branch_day_of_week_operator.py
[2023-10-06T22:37:57.703+0000] {processor.py:766} INFO - DAG(s) dict_keys(['example_weekday_branch_operator']) retrieved from /home/airflow/.local/lib/python3.7/site-packages/airflow/example_dags/example_branch_day_of_week_operator.py
[2023-10-06T22:37:57.735+0000] {logging_mixin.py:120} INFO - [2023-10-06T22:37:57.735+0000] {dag.py:2585} INFO - Sync 1 DAGs
[2023-10-06T22:37:57.756+0000] {logging_mixin.py:120} INFO - [2023-10-06T22:37:57.756+0000] {dag.py:3340} INFO - Setting next_dagrun for example_weekday_branch_operator to 2023-10-05T00:00:00+00:00, run_after=2023-10-06T00:00:00+00:00
[2023-10-06T22:37:57.771+0000] {processor.py:176} INFO - Processing /home/airflow/.local/lib/python3.7/site-packages/airflow/example_dags/example_branch_day_of_week_operator.py took 0.084 seconds
[2023-10-06T22:38:27.928+0000] {processor.py:154} INFO - Started process (PID=478) to work on /home/airflow/.local/lib/python3.7/site-packages/airflow/example_dags/example_branch_day_of_week_operator.py
[2023-10-06T22:38:27.929+0000] {processor.py:756} INFO - Processing file /home/airflow/.local/lib/python3.7/site-packages/airflow/example_dags/example_branch_day_of_week_operator.py for tasks to queue
[2023-10-06T22:38:27.929+0000] {logging_mixin.py:120} INFO - [2023-10-06T22:38:27.929+0000] {dagbag.py:537} INFO - Filling up the DagBag from /home/airflow/.local/lib/python3.7/site-packages/airflow/example_dags/example_branch_day_of_week_operator.py
[2023-10-06T22:38:27.943+0000] {processor.py:766} INFO - DAG(s) dict_keys(['example_weekday_branch_operator']) retrieved from /home/airflow/.local/lib/python3.7/site-packages/airflow/example_dags/example_branch_day_of_week_operator.py
[2023-10-06T22:38:27.985+0000] {logging_mixin.py:120} INFO - [2023-10-06T22:38:27.984+0000] {dag.py:2585} INFO - Sync 1 DAGs
[2023-10-06T22:38:28.013+0000] {logging_mixin.py:120} INFO - [2023-10-06T22:38:28.013+0000] {dag.py:3340} INFO - Setting next_dagrun for example_weekday_branch_operator to 2023-10-05T00:00:00+00:00, run_after=2023-10-06T00:00:00+00:00
[2023-10-06T22:38:28.034+0000] {processor.py:176} INFO - Processing /home/airflow/.local/lib/python3.7/site-packages/airflow/example_dags/example_branch_day_of_week_operator.py took 0.109 seconds
[2023-10-06T22:38:58.789+0000] {processor.py:154} INFO - Started process (PID=541) to work on /home/airflow/.local/lib/python3.7/site-packages/airflow/example_dags/example_branch_day_of_week_operator.py
[2023-10-06T22:38:58.790+0000] {processor.py:756} INFO - Processing file /home/airflow/.local/lib/python3.7/site-packages/airflow/example_dags/example_branch_day_of_week_operator.py for tasks to queue
[2023-10-06T22:38:58.791+0000] {logging_mixin.py:120} INFO - [2023-10-06T22:38:58.791+0000] {dagbag.py:537} INFO - Filling up the DagBag from /home/airflow/.local/lib/python3.7/site-packages/airflow/example_dags/example_branch_day_of_week_operator.py
[2023-10-06T22:38:58.803+0000] {processor.py:766} INFO - DAG(s) dict_keys(['example_weekday_branch_operator']) retrieved from /home/airflow/.local/lib/python3.7/site-packages/airflow/example_dags/example_branch_day_of_week_operator.py
[2023-10-06T22:38:58.839+0000] {logging_mixin.py:120} INFO - [2023-10-06T22:38:58.839+0000] {dag.py:2585} INFO - Sync 1 DAGs
[2023-10-06T22:38:58.858+0000] {logging_mixin.py:120} INFO - [2023-10-06T22:38:58.858+0000] {dag.py:3340} INFO - Setting next_dagrun for example_weekday_branch_operator to 2023-10-05T00:00:00+00:00, run_after=2023-10-06T00:00:00+00:00
[2023-10-06T22:38:58.877+0000] {processor.py:176} INFO - Processing /home/airflow/.local/lib/python3.7/site-packages/airflow/example_dags/example_branch_day_of_week_operator.py took 0.090 seconds
[2023-10-06T22:39:29.409+0000] {processor.py:154} INFO - Started process (PID=606) to work on /home/airflow/.local/lib/python3.7/site-packages/airflow/example_dags/example_branch_day_of_week_operator.py
[2023-10-06T22:39:29.411+0000] {processor.py:756} INFO - Processing file /home/airflow/.local/lib/python3.7/site-packages/airflow/example_dags/example_branch_day_of_week_operator.py for tasks to queue
[2023-10-06T22:39:29.412+0000] {logging_mixin.py:120} INFO - [2023-10-06T22:39:29.412+0000] {dagbag.py:537} INFO - Filling up the DagBag from /home/airflow/.local/lib/python3.7/site-packages/airflow/example_dags/example_branch_day_of_week_operator.py
[2023-10-06T22:39:29.432+0000] {processor.py:766} INFO - DAG(s) dict_keys(['example_weekday_branch_operator']) retrieved from /home/airflow/.local/lib/python3.7/site-packages/airflow/example_dags/example_branch_day_of_week_operator.py
[2023-10-06T22:39:29.485+0000] {logging_mixin.py:120} INFO - [2023-10-06T22:39:29.485+0000] {dag.py:2585} INFO - Sync 1 DAGs
[2023-10-06T22:39:29.518+0000] {logging_mixin.py:120} INFO - [2023-10-06T22:39:29.518+0000] {dag.py:3340} INFO - Setting next_dagrun for example_weekday_branch_operator to 2023-10-05T00:00:00+00:00, run_after=2023-10-06T00:00:00+00:00
[2023-10-06T22:39:29.540+0000] {processor.py:176} INFO - Processing /home/airflow/.local/lib/python3.7/site-packages/airflow/example_dags/example_branch_day_of_week_operator.py took 0.136 seconds
[2023-10-06T22:39:59.828+0000] {processor.py:154} INFO - Started process (PID=669) to work on /home/airflow/.local/lib/python3.7/site-packages/airflow/example_dags/example_branch_day_of_week_operator.py
[2023-10-06T22:39:59.829+0000] {processor.py:756} INFO - Processing file /home/airflow/.local/lib/python3.7/site-packages/airflow/example_dags/example_branch_day_of_week_operator.py for tasks to queue
[2023-10-06T22:39:59.830+0000] {logging_mixin.py:120} INFO - [2023-10-06T22:39:59.830+0000] {dagbag.py:537} INFO - Filling up the DagBag from /home/airflow/.local/lib/python3.7/site-packages/airflow/example_dags/example_branch_day_of_week_operator.py
[2023-10-06T22:39:59.844+0000] {processor.py:766} INFO - DAG(s) dict_keys(['example_weekday_branch_operator']) retrieved from /home/airflow/.local/lib/python3.7/site-packages/airflow/example_dags/example_branch_day_of_week_operator.py
[2023-10-06T22:39:59.879+0000] {logging_mixin.py:120} INFO - [2023-10-06T22:39:59.879+0000] {dag.py:2585} INFO - Sync 1 DAGs
[2023-10-06T22:39:59.904+0000] {logging_mixin.py:120} INFO - [2023-10-06T22:39:59.904+0000] {dag.py:3340} INFO - Setting next_dagrun for example_weekday_branch_operator to 2023-10-05T00:00:00+00:00, run_after=2023-10-06T00:00:00+00:00
[2023-10-06T22:39:59.922+0000] {processor.py:176} INFO - Processing /home/airflow/.local/lib/python3.7/site-packages/airflow/example_dags/example_branch_day_of_week_operator.py took 0.097 seconds
[2023-10-06T22:40:30.488+0000] {processor.py:154} INFO - Started process (PID=723) to work on /home/airflow/.local/lib/python3.7/site-packages/airflow/example_dags/example_branch_day_of_week_operator.py
[2023-10-06T22:40:30.490+0000] {processor.py:756} INFO - Processing file /home/airflow/.local/lib/python3.7/site-packages/airflow/example_dags/example_branch_day_of_week_operator.py for tasks to queue
[2023-10-06T22:40:30.490+0000] {logging_mixin.py:120} INFO - [2023-10-06T22:40:30.490+0000] {dagbag.py:537} INFO - Filling up the DagBag from /home/airflow/.local/lib/python3.7/site-packages/airflow/example_dags/example_branch_day_of_week_operator.py
[2023-10-06T22:40:30.501+0000] {processor.py:766} INFO - DAG(s) dict_keys(['example_weekday_branch_operator']) retrieved from /home/airflow/.local/lib/python3.7/site-packages/airflow/example_dags/example_branch_day_of_week_operator.py
[2023-10-06T22:40:30.532+0000] {logging_mixin.py:120} INFO - [2023-10-06T22:40:30.532+0000] {dag.py:2585} INFO - Sync 1 DAGs
[2023-10-06T22:40:30.550+0000] {logging_mixin.py:120} INFO - [2023-10-06T22:40:30.550+0000] {dag.py:3340} INFO - Setting next_dagrun for example_weekday_branch_operator to 2023-10-05T00:00:00+00:00, run_after=2023-10-06T00:00:00+00:00
[2023-10-06T22:40:30.567+0000] {processor.py:176} INFO - Processing /home/airflow/.local/lib/python3.7/site-packages/airflow/example_dags/example_branch_day_of_week_operator.py took 0.081 seconds
[2023-10-06T22:41:01.047+0000] {processor.py:154} INFO - Started process (PID=786) to work on /home/airflow/.local/lib/python3.7/site-packages/airflow/example_dags/example_branch_day_of_week_operator.py
[2023-10-06T22:41:01.048+0000] {processor.py:756} INFO - Processing file /home/airflow/.local/lib/python3.7/site-packages/airflow/example_dags/example_branch_day_of_week_operator.py for tasks to queue
[2023-10-06T22:41:01.048+0000] {logging_mixin.py:120} INFO - [2023-10-06T22:41:01.048+0000] {dagbag.py:537} INFO - Filling up the DagBag from /home/airflow/.local/lib/python3.7/site-packages/airflow/example_dags/example_branch_day_of_week_operator.py
[2023-10-06T22:41:01.061+0000] {processor.py:766} INFO - DAG(s) dict_keys(['example_weekday_branch_operator']) retrieved from /home/airflow/.local/lib/python3.7/site-packages/airflow/example_dags/example_branch_day_of_week_operator.py
[2023-10-06T22:41:01.091+0000] {logging_mixin.py:120} INFO - [2023-10-06T22:41:01.091+0000] {dag.py:2585} INFO - Sync 1 DAGs
[2023-10-06T22:41:01.108+0000] {logging_mixin.py:120} INFO - [2023-10-06T22:41:01.108+0000] {dag.py:3340} INFO - Setting next_dagrun for example_weekday_branch_operator to 2023-10-05T00:00:00+00:00, run_after=2023-10-06T00:00:00+00:00
[2023-10-06T22:41:01.123+0000] {processor.py:176} INFO - Processing /home/airflow/.local/lib/python3.7/site-packages/airflow/example_dags/example_branch_day_of_week_operator.py took 0.079 seconds
[2023-10-06T22:41:31.558+0000] {processor.py:154} INFO - Started process (PID=849) to work on /home/airflow/.local/lib/python3.7/site-packages/airflow/example_dags/example_branch_day_of_week_operator.py
[2023-10-06T22:41:31.559+0000] {processor.py:756} INFO - Processing file /home/airflow/.local/lib/python3.7/site-packages/airflow/example_dags/example_branch_day_of_week_operator.py for tasks to queue
[2023-10-06T22:41:31.559+0000] {logging_mixin.py:120} INFO - [2023-10-06T22:41:31.559+0000] {dagbag.py:537} INFO - Filling up the DagBag from /home/airflow/.local/lib/python3.7/site-packages/airflow/example_dags/example_branch_day_of_week_operator.py
[2023-10-06T22:41:31.570+0000] {processor.py:766} INFO - DAG(s) dict_keys(['example_weekday_branch_operator']) retrieved from /home/airflow/.local/lib/python3.7/site-packages/airflow/example_dags/example_branch_day_of_week_operator.py
[2023-10-06T22:41:31.600+0000] {logging_mixin.py:120} INFO - [2023-10-06T22:41:31.600+0000] {dag.py:2585} INFO - Sync 1 DAGs
[2023-10-06T22:41:31.619+0000] {logging_mixin.py:120} INFO - [2023-10-06T22:41:31.618+0000] {dag.py:3340} INFO - Setting next_dagrun for example_weekday_branch_operator to 2023-10-05T00:00:00+00:00, run_after=2023-10-06T00:00:00+00:00
[2023-10-06T22:41:31.634+0000] {processor.py:176} INFO - Processing /home/airflow/.local/lib/python3.7/site-packages/airflow/example_dags/example_branch_day_of_week_operator.py took 0.078 seconds
[2023-10-06T22:42:01.894+0000] {processor.py:154} INFO - Started process (PID=912) to work on /home/airflow/.local/lib/python3.7/site-packages/airflow/example_dags/example_branch_day_of_week_operator.py
[2023-10-06T22:42:01.895+0000] {processor.py:756} INFO - Processing file /home/airflow/.local/lib/python3.7/site-packages/airflow/example_dags/example_branch_day_of_week_operator.py for tasks to queue
[2023-10-06T22:42:01.895+0000] {logging_mixin.py:120} INFO - [2023-10-06T22:42:01.895+0000] {dagbag.py:537} INFO - Filling up the DagBag from /home/airflow/.local/lib/python3.7/site-packages/airflow/example_dags/example_branch_day_of_week_operator.py
[2023-10-06T22:42:01.907+0000] {processor.py:766} INFO - DAG(s) dict_keys(['example_weekday_branch_operator']) retrieved from /home/airflow/.local/lib/python3.7/site-packages/airflow/example_dags/example_branch_day_of_week_operator.py
[2023-10-06T22:42:01.938+0000] {logging_mixin.py:120} INFO - [2023-10-06T22:42:01.937+0000] {dag.py:2585} INFO - Sync 1 DAGs
[2023-10-06T22:42:01.956+0000] {logging_mixin.py:120} INFO - [2023-10-06T22:42:01.956+0000] {dag.py:3340} INFO - Setting next_dagrun for example_weekday_branch_operator to 2023-10-05T00:00:00+00:00, run_after=2023-10-06T00:00:00+00:00
[2023-10-06T22:42:01.972+0000] {processor.py:176} INFO - Processing /home/airflow/.local/lib/python3.7/site-packages/airflow/example_dags/example_branch_day_of_week_operator.py took 0.081 seconds
[2023-10-06T22:42:32.475+0000] {processor.py:154} INFO - Started process (PID=966) to work on /home/airflow/.local/lib/python3.7/site-packages/airflow/example_dags/example_branch_day_of_week_operator.py
[2023-10-06T22:42:32.476+0000] {processor.py:756} INFO - Processing file /home/airflow/.local/lib/python3.7/site-packages/airflow/example_dags/example_branch_day_of_week_operator.py for tasks to queue
[2023-10-06T22:42:32.477+0000] {logging_mixin.py:120} INFO - [2023-10-06T22:42:32.477+0000] {dagbag.py:537} INFO - Filling up the DagBag from /home/airflow/.local/lib/python3.7/site-packages/airflow/example_dags/example_branch_day_of_week_operator.py
[2023-10-06T22:42:32.488+0000] {processor.py:766} INFO - DAG(s) dict_keys(['example_weekday_branch_operator']) retrieved from /home/airflow/.local/lib/python3.7/site-packages/airflow/example_dags/example_branch_day_of_week_operator.py
[2023-10-06T22:42:32.521+0000] {logging_mixin.py:120} INFO - [2023-10-06T22:42:32.520+0000] {dag.py:2585} INFO - Sync 1 DAGs
[2023-10-06T22:42:32.539+0000] {logging_mixin.py:120} INFO - [2023-10-06T22:42:32.539+0000] {dag.py:3340} INFO - Setting next_dagrun for example_weekday_branch_operator to 2023-10-05T00:00:00+00:00, run_after=2023-10-06T00:00:00+00:00
[2023-10-06T22:42:32.551+0000] {processor.py:176} INFO - Processing /home/airflow/.local/lib/python3.7/site-packages/airflow/example_dags/example_branch_day_of_week_operator.py took 0.078 seconds
[2023-10-06T22:43:02.853+0000] {processor.py:154} INFO - Started process (PID=1030) to work on /home/airflow/.local/lib/python3.7/site-packages/airflow/example_dags/example_branch_day_of_week_operator.py
[2023-10-06T22:43:02.854+0000] {processor.py:756} INFO - Processing file /home/airflow/.local/lib/python3.7/site-packages/airflow/example_dags/example_branch_day_of_week_operator.py for tasks to queue
[2023-10-06T22:43:02.855+0000] {logging_mixin.py:120} INFO - [2023-10-06T22:43:02.854+0000] {dagbag.py:537} INFO - Filling up the DagBag from /home/airflow/.local/lib/python3.7/site-packages/airflow/example_dags/example_branch_day_of_week_operator.py
[2023-10-06T22:43:02.873+0000] {processor.py:766} INFO - DAG(s) dict_keys(['example_weekday_branch_operator']) retrieved from /home/airflow/.local/lib/python3.7/site-packages/airflow/example_dags/example_branch_day_of_week_operator.py
[2023-10-06T22:43:02.909+0000] {logging_mixin.py:120} INFO - [2023-10-06T22:43:02.909+0000] {dag.py:2585} INFO - Sync 1 DAGs
[2023-10-06T22:43:02.928+0000] {logging_mixin.py:120} INFO - [2023-10-06T22:43:02.928+0000] {dag.py:3340} INFO - Setting next_dagrun for example_weekday_branch_operator to 2023-10-05T00:00:00+00:00, run_after=2023-10-06T00:00:00+00:00
[2023-10-06T22:43:02.943+0000] {processor.py:176} INFO - Processing /home/airflow/.local/lib/python3.7/site-packages/airflow/example_dags/example_branch_day_of_week_operator.py took 0.094 seconds
[2023-10-06T22:43:33.141+0000] {processor.py:154} INFO - Started process (PID=1094) to work on /home/airflow/.local/lib/python3.7/site-packages/airflow/example_dags/example_branch_day_of_week_operator.py
[2023-10-06T22:43:33.142+0000] {processor.py:756} INFO - Processing file /home/airflow/.local/lib/python3.7/site-packages/airflow/example_dags/example_branch_day_of_week_operator.py for tasks to queue
[2023-10-06T22:43:33.143+0000] {logging_mixin.py:120} INFO - [2023-10-06T22:43:33.143+0000] {dagbag.py:537} INFO - Filling up the DagBag from /home/airflow/.local/lib/python3.7/site-packages/airflow/example_dags/example_branch_day_of_week_operator.py
[2023-10-06T22:43:33.153+0000] {processor.py:766} INFO - DAG(s) dict_keys(['example_weekday_branch_operator']) retrieved from /home/airflow/.local/lib/python3.7/site-packages/airflow/example_dags/example_branch_day_of_week_operator.py
[2023-10-06T22:43:33.181+0000] {logging_mixin.py:120} INFO - [2023-10-06T22:43:33.181+0000] {dag.py:2585} INFO - Sync 1 DAGs
[2023-10-06T22:43:33.200+0000] {logging_mixin.py:120} INFO - [2023-10-06T22:43:33.199+0000] {dag.py:3340} INFO - Setting next_dagrun for example_weekday_branch_operator to 2023-10-05T00:00:00+00:00, run_after=2023-10-06T00:00:00+00:00
[2023-10-06T22:43:33.214+0000] {processor.py:176} INFO - Processing /home/airflow/.local/lib/python3.7/site-packages/airflow/example_dags/example_branch_day_of_week_operator.py took 0.075 seconds
[2023-10-06T22:44:03.429+0000] {processor.py:154} INFO - Started process (PID=1156) to work on /home/airflow/.local/lib/python3.7/site-packages/airflow/example_dags/example_branch_day_of_week_operator.py
[2023-10-06T22:44:03.430+0000] {processor.py:756} INFO - Processing file /home/airflow/.local/lib/python3.7/site-packages/airflow/example_dags/example_branch_day_of_week_operator.py for tasks to queue
[2023-10-06T22:44:03.430+0000] {logging_mixin.py:120} INFO - [2023-10-06T22:44:03.430+0000] {dagbag.py:537} INFO - Filling up the DagBag from /home/airflow/.local/lib/python3.7/site-packages/airflow/example_dags/example_branch_day_of_week_operator.py
[2023-10-06T22:44:03.440+0000] {processor.py:766} INFO - DAG(s) dict_keys(['example_weekday_branch_operator']) retrieved from /home/airflow/.local/lib/python3.7/site-packages/airflow/example_dags/example_branch_day_of_week_operator.py
[2023-10-06T22:44:03.469+0000] {logging_mixin.py:120} INFO - [2023-10-06T22:44:03.469+0000] {dag.py:2585} INFO - Sync 1 DAGs
[2023-10-06T22:44:03.485+0000] {logging_mixin.py:120} INFO - [2023-10-06T22:44:03.485+0000] {dag.py:3340} INFO - Setting next_dagrun for example_weekday_branch_operator to 2023-10-05T00:00:00+00:00, run_after=2023-10-06T00:00:00+00:00
[2023-10-06T22:44:03.500+0000] {processor.py:176} INFO - Processing /home/airflow/.local/lib/python3.7/site-packages/airflow/example_dags/example_branch_day_of_week_operator.py took 0.073 seconds
[2023-10-06T22:44:33.745+0000] {processor.py:154} INFO - Started process (PID=1211) to work on /home/airflow/.local/lib/python3.7/site-packages/airflow/example_dags/example_branch_day_of_week_operator.py
[2023-10-06T22:44:33.746+0000] {processor.py:756} INFO - Processing file /home/airflow/.local/lib/python3.7/site-packages/airflow/example_dags/example_branch_day_of_week_operator.py for tasks to queue
[2023-10-06T22:44:33.746+0000] {logging_mixin.py:120} INFO - [2023-10-06T22:44:33.746+0000] {dagbag.py:537} INFO - Filling up the DagBag from /home/airflow/.local/lib/python3.7/site-packages/airflow/example_dags/example_branch_day_of_week_operator.py
[2023-10-06T22:44:33.756+0000] {processor.py:766} INFO - DAG(s) dict_keys(['example_weekday_branch_operator']) retrieved from /home/airflow/.local/lib/python3.7/site-packages/airflow/example_dags/example_branch_day_of_week_operator.py
[2023-10-06T22:44:33.783+0000] {logging_mixin.py:120} INFO - [2023-10-06T22:44:33.783+0000] {dag.py:2585} INFO - Sync 1 DAGs
[2023-10-06T22:44:33.801+0000] {logging_mixin.py:120} INFO - [2023-10-06T22:44:33.801+0000] {dag.py:3340} INFO - Setting next_dagrun for example_weekday_branch_operator to 2023-10-05T00:00:00+00:00, run_after=2023-10-06T00:00:00+00:00
[2023-10-06T22:44:33.815+0000] {processor.py:176} INFO - Processing /home/airflow/.local/lib/python3.7/site-packages/airflow/example_dags/example_branch_day_of_week_operator.py took 0.072 seconds
[2023-10-06T22:45:04.283+0000] {processor.py:154} INFO - Started process (PID=1275) to work on /home/airflow/.local/lib/python3.7/site-packages/airflow/example_dags/example_branch_day_of_week_operator.py
[2023-10-06T22:45:04.285+0000] {processor.py:756} INFO - Processing file /home/airflow/.local/lib/python3.7/site-packages/airflow/example_dags/example_branch_day_of_week_operator.py for tasks to queue
[2023-10-06T22:45:04.285+0000] {logging_mixin.py:120} INFO - [2023-10-06T22:45:04.285+0000] {dagbag.py:537} INFO - Filling up the DagBag from /home/airflow/.local/lib/python3.7/site-packages/airflow/example_dags/example_branch_day_of_week_operator.py
[2023-10-06T22:45:04.296+0000] {processor.py:766} INFO - DAG(s) dict_keys(['example_weekday_branch_operator']) retrieved from /home/airflow/.local/lib/python3.7/site-packages/airflow/example_dags/example_branch_day_of_week_operator.py
[2023-10-06T22:45:04.325+0000] {logging_mixin.py:120} INFO - [2023-10-06T22:45:04.325+0000] {dag.py:2585} INFO - Sync 1 DAGs
[2023-10-06T22:45:04.346+0000] {logging_mixin.py:120} INFO - [2023-10-06T22:45:04.346+0000] {dag.py:3340} INFO - Setting next_dagrun for example_weekday_branch_operator to 2023-10-05T00:00:00+00:00, run_after=2023-10-06T00:00:00+00:00
[2023-10-06T22:45:04.364+0000] {processor.py:176} INFO - Processing /home/airflow/.local/lib/python3.7/site-packages/airflow/example_dags/example_branch_day_of_week_operator.py took 0.083 seconds
[2023-10-06T22:45:34.580+0000] {processor.py:154} INFO - Started process (PID=1339) to work on /home/airflow/.local/lib/python3.7/site-packages/airflow/example_dags/example_branch_day_of_week_operator.py
[2023-10-06T22:45:34.581+0000] {processor.py:756} INFO - Processing file /home/airflow/.local/lib/python3.7/site-packages/airflow/example_dags/example_branch_day_of_week_operator.py for tasks to queue
[2023-10-06T22:45:34.581+0000] {logging_mixin.py:120} INFO - [2023-10-06T22:45:34.581+0000] {dagbag.py:537} INFO - Filling up the DagBag from /home/airflow/.local/lib/python3.7/site-packages/airflow/example_dags/example_branch_day_of_week_operator.py
[2023-10-06T22:45:34.593+0000] {processor.py:766} INFO - DAG(s) dict_keys(['example_weekday_branch_operator']) retrieved from /home/airflow/.local/lib/python3.7/site-packages/airflow/example_dags/example_branch_day_of_week_operator.py
[2023-10-06T22:45:34.625+0000] {logging_mixin.py:120} INFO - [2023-10-06T22:45:34.625+0000] {dag.py:2585} INFO - Sync 1 DAGs
[2023-10-06T22:45:34.645+0000] {logging_mixin.py:120} INFO - [2023-10-06T22:45:34.645+0000] {dag.py:3340} INFO - Setting next_dagrun for example_weekday_branch_operator to 2023-10-05T00:00:00+00:00, run_after=2023-10-06T00:00:00+00:00
[2023-10-06T22:45:34.661+0000] {processor.py:176} INFO - Processing /home/airflow/.local/lib/python3.7/site-packages/airflow/example_dags/example_branch_day_of_week_operator.py took 0.083 seconds
[2023-10-06T22:46:04.837+0000] {processor.py:154} INFO - Started process (PID=1403) to work on /home/airflow/.local/lib/python3.7/site-packages/airflow/example_dags/example_branch_day_of_week_operator.py
[2023-10-06T22:46:04.839+0000] {processor.py:756} INFO - Processing file /home/airflow/.local/lib/python3.7/site-packages/airflow/example_dags/example_branch_day_of_week_operator.py for tasks to queue
[2023-10-06T22:46:04.839+0000] {logging_mixin.py:120} INFO - [2023-10-06T22:46:04.839+0000] {dagbag.py:537} INFO - Filling up the DagBag from /home/airflow/.local/lib/python3.7/site-packages/airflow/example_dags/example_branch_day_of_week_operator.py
[2023-10-06T22:46:04.852+0000] {processor.py:766} INFO - DAG(s) dict_keys(['example_weekday_branch_operator']) retrieved from /home/airflow/.local/lib/python3.7/site-packages/airflow/example_dags/example_branch_day_of_week_operator.py
[2023-10-06T22:46:04.886+0000] {logging_mixin.py:120} INFO - [2023-10-06T22:46:04.886+0000] {dag.py:2585} INFO - Sync 1 DAGs
[2023-10-06T22:46:04.905+0000] {logging_mixin.py:120} INFO - [2023-10-06T22:46:04.905+0000] {dag.py:3340} INFO - Setting next_dagrun for example_weekday_branch_operator to 2023-10-05T00:00:00+00:00, run_after=2023-10-06T00:00:00+00:00
[2023-10-06T22:46:04.921+0000] {processor.py:176} INFO - Processing /home/airflow/.local/lib/python3.7/site-packages/airflow/example_dags/example_branch_day_of_week_operator.py took 0.087 seconds
[2023-10-06T22:46:35.289+0000] {processor.py:154} INFO - Started process (PID=1458) to work on /home/airflow/.local/lib/python3.7/site-packages/airflow/example_dags/example_branch_day_of_week_operator.py
[2023-10-06T22:46:35.289+0000] {processor.py:756} INFO - Processing file /home/airflow/.local/lib/python3.7/site-packages/airflow/example_dags/example_branch_day_of_week_operator.py for tasks to queue
[2023-10-06T22:46:35.290+0000] {logging_mixin.py:120} INFO - [2023-10-06T22:46:35.290+0000] {dagbag.py:537} INFO - Filling up the DagBag from /home/airflow/.local/lib/python3.7/site-packages/airflow/example_dags/example_branch_day_of_week_operator.py
[2023-10-06T22:46:35.301+0000] {processor.py:766} INFO - DAG(s) dict_keys(['example_weekday_branch_operator']) retrieved from /home/airflow/.local/lib/python3.7/site-packages/airflow/example_dags/example_branch_day_of_week_operator.py
[2023-10-06T22:46:35.329+0000] {logging_mixin.py:120} INFO - [2023-10-06T22:46:35.329+0000] {dag.py:2585} INFO - Sync 1 DAGs
[2023-10-06T22:46:35.347+0000] {logging_mixin.py:120} INFO - [2023-10-06T22:46:35.347+0000] {dag.py:3340} INFO - Setting next_dagrun for example_weekday_branch_operator to 2023-10-05T00:00:00+00:00, run_after=2023-10-06T00:00:00+00:00
[2023-10-06T22:46:35.362+0000] {processor.py:176} INFO - Processing /home/airflow/.local/lib/python3.7/site-packages/airflow/example_dags/example_branch_day_of_week_operator.py took 0.075 seconds
[2023-10-06T22:47:05.741+0000] {processor.py:154} INFO - Started process (PID=1523) to work on /home/airflow/.local/lib/python3.7/site-packages/airflow/example_dags/example_branch_day_of_week_operator.py
[2023-10-06T22:47:05.742+0000] {processor.py:756} INFO - Processing file /home/airflow/.local/lib/python3.7/site-packages/airflow/example_dags/example_branch_day_of_week_operator.py for tasks to queue
[2023-10-06T22:47:05.743+0000] {logging_mixin.py:120} INFO - [2023-10-06T22:47:05.743+0000] {dagbag.py:537} INFO - Filling up the DagBag from /home/airflow/.local/lib/python3.7/site-packages/airflow/example_dags/example_branch_day_of_week_operator.py
[2023-10-06T22:47:05.755+0000] {processor.py:766} INFO - DAG(s) dict_keys(['example_weekday_branch_operator']) retrieved from /home/airflow/.local/lib/python3.7/site-packages/airflow/example_dags/example_branch_day_of_week_operator.py
[2023-10-06T22:47:05.784+0000] {logging_mixin.py:120} INFO - [2023-10-06T22:47:05.784+0000] {dag.py:2585} INFO - Sync 1 DAGs
[2023-10-06T22:47:05.803+0000] {logging_mixin.py:120} INFO - [2023-10-06T22:47:05.802+0000] {dag.py:3340} INFO - Setting next_dagrun for example_weekday_branch_operator to 2023-10-05T00:00:00+00:00, run_after=2023-10-06T00:00:00+00:00
[2023-10-06T22:47:05.819+0000] {processor.py:176} INFO - Processing /home/airflow/.local/lib/python3.7/site-packages/airflow/example_dags/example_branch_day_of_week_operator.py took 0.080 seconds
[2023-10-06T22:47:36.119+0000] {processor.py:154} INFO - Started process (PID=1586) to work on /home/airflow/.local/lib/python3.7/site-packages/airflow/example_dags/example_branch_day_of_week_operator.py
[2023-10-06T22:47:36.121+0000] {processor.py:756} INFO - Processing file /home/airflow/.local/lib/python3.7/site-packages/airflow/example_dags/example_branch_day_of_week_operator.py for tasks to queue
[2023-10-06T22:47:36.121+0000] {logging_mixin.py:120} INFO - [2023-10-06T22:47:36.121+0000] {dagbag.py:537} INFO - Filling up the DagBag from /home/airflow/.local/lib/python3.7/site-packages/airflow/example_dags/example_branch_day_of_week_operator.py
[2023-10-06T22:47:36.134+0000] {processor.py:766} INFO - DAG(s) dict_keys(['example_weekday_branch_operator']) retrieved from /home/airflow/.local/lib/python3.7/site-packages/airflow/example_dags/example_branch_day_of_week_operator.py
[2023-10-06T22:47:36.166+0000] {logging_mixin.py:120} INFO - [2023-10-06T22:47:36.166+0000] {dag.py:2585} INFO - Sync 1 DAGs
[2023-10-06T22:47:36.186+0000] {logging_mixin.py:120} INFO - [2023-10-06T22:47:36.186+0000] {dag.py:3340} INFO - Setting next_dagrun for example_weekday_branch_operator to 2023-10-05T00:00:00+00:00, run_after=2023-10-06T00:00:00+00:00
[2023-10-06T22:47:36.205+0000] {processor.py:176} INFO - Processing /home/airflow/.local/lib/python3.7/site-packages/airflow/example_dags/example_branch_day_of_week_operator.py took 0.088 seconds
[2023-10-06T22:48:06.475+0000] {processor.py:154} INFO - Started process (PID=1650) to work on /home/airflow/.local/lib/python3.7/site-packages/airflow/example_dags/example_branch_day_of_week_operator.py
[2023-10-06T22:48:06.475+0000] {processor.py:756} INFO - Processing file /home/airflow/.local/lib/python3.7/site-packages/airflow/example_dags/example_branch_day_of_week_operator.py for tasks to queue
[2023-10-06T22:48:06.476+0000] {logging_mixin.py:120} INFO - [2023-10-06T22:48:06.476+0000] {dagbag.py:537} INFO - Filling up the DagBag from /home/airflow/.local/lib/python3.7/site-packages/airflow/example_dags/example_branch_day_of_week_operator.py
[2023-10-06T22:48:06.486+0000] {processor.py:766} INFO - DAG(s) dict_keys(['example_weekday_branch_operator']) retrieved from /home/airflow/.local/lib/python3.7/site-packages/airflow/example_dags/example_branch_day_of_week_operator.py
[2023-10-06T22:48:06.515+0000] {logging_mixin.py:120} INFO - [2023-10-06T22:48:06.514+0000] {dag.py:2585} INFO - Sync 1 DAGs
[2023-10-06T22:48:06.533+0000] {logging_mixin.py:120} INFO - [2023-10-06T22:48:06.533+0000] {dag.py:3340} INFO - Setting next_dagrun for example_weekday_branch_operator to 2023-10-05T00:00:00+00:00, run_after=2023-10-06T00:00:00+00:00
[2023-10-06T22:48:06.549+0000] {processor.py:176} INFO - Processing /home/airflow/.local/lib/python3.7/site-packages/airflow/example_dags/example_branch_day_of_week_operator.py took 0.077 seconds
[2023-10-06T22:48:36.922+0000] {processor.py:154} INFO - Started process (PID=1704) to work on /home/airflow/.local/lib/python3.7/site-packages/airflow/example_dags/example_branch_day_of_week_operator.py
[2023-10-06T22:48:36.923+0000] {processor.py:756} INFO - Processing file /home/airflow/.local/lib/python3.7/site-packages/airflow/example_dags/example_branch_day_of_week_operator.py for tasks to queue
[2023-10-06T22:48:36.924+0000] {logging_mixin.py:120} INFO - [2023-10-06T22:48:36.924+0000] {dagbag.py:537} INFO - Filling up the DagBag from /home/airflow/.local/lib/python3.7/site-packages/airflow/example_dags/example_branch_day_of_week_operator.py
[2023-10-06T22:48:36.938+0000] {processor.py:766} INFO - DAG(s) dict_keys(['example_weekday_branch_operator']) retrieved from /home/airflow/.local/lib/python3.7/site-packages/airflow/example_dags/example_branch_day_of_week_operator.py
[2023-10-06T22:48:36.973+0000] {logging_mixin.py:120} INFO - [2023-10-06T22:48:36.973+0000] {dag.py:2585} INFO - Sync 1 DAGs
[2023-10-06T22:48:36.996+0000] {logging_mixin.py:120} INFO - [2023-10-06T22:48:36.996+0000] {dag.py:3340} INFO - Setting next_dagrun for example_weekday_branch_operator to 2023-10-05T00:00:00+00:00, run_after=2023-10-06T00:00:00+00:00
[2023-10-06T22:48:37.013+0000] {processor.py:176} INFO - Processing /home/airflow/.local/lib/python3.7/site-packages/airflow/example_dags/example_branch_day_of_week_operator.py took 0.093 seconds
[2023-10-06T22:49:07.484+0000] {processor.py:154} INFO - Started process (PID=1768) to work on /home/airflow/.local/lib/python3.7/site-packages/airflow/example_dags/example_branch_day_of_week_operator.py
[2023-10-06T22:49:07.485+0000] {processor.py:756} INFO - Processing file /home/airflow/.local/lib/python3.7/site-packages/airflow/example_dags/example_branch_day_of_week_operator.py for tasks to queue
[2023-10-06T22:49:07.486+0000] {logging_mixin.py:120} INFO - [2023-10-06T22:49:07.486+0000] {dagbag.py:537} INFO - Filling up the DagBag from /home/airflow/.local/lib/python3.7/site-packages/airflow/example_dags/example_branch_day_of_week_operator.py
[2023-10-06T22:49:07.496+0000] {processor.py:766} INFO - DAG(s) dict_keys(['example_weekday_branch_operator']) retrieved from /home/airflow/.local/lib/python3.7/site-packages/airflow/example_dags/example_branch_day_of_week_operator.py
[2023-10-06T22:49:07.525+0000] {logging_mixin.py:120} INFO - [2023-10-06T22:49:07.525+0000] {dag.py:2585} INFO - Sync 1 DAGs
[2023-10-06T22:49:07.543+0000] {logging_mixin.py:120} INFO - [2023-10-06T22:49:07.542+0000] {dag.py:3340} INFO - Setting next_dagrun for example_weekday_branch_operator to 2023-10-05T00:00:00+00:00, run_after=2023-10-06T00:00:00+00:00
[2023-10-06T22:49:07.558+0000] {processor.py:176} INFO - Processing /home/airflow/.local/lib/python3.7/site-packages/airflow/example_dags/example_branch_day_of_week_operator.py took 0.076 seconds
[2023-10-06T22:49:37.970+0000] {processor.py:154} INFO - Started process (PID=1832) to work on /home/airflow/.local/lib/python3.7/site-packages/airflow/example_dags/example_branch_day_of_week_operator.py
[2023-10-06T22:49:37.970+0000] {processor.py:756} INFO - Processing file /home/airflow/.local/lib/python3.7/site-packages/airflow/example_dags/example_branch_day_of_week_operator.py for tasks to queue
[2023-10-06T22:49:37.971+0000] {logging_mixin.py:120} INFO - [2023-10-06T22:49:37.971+0000] {dagbag.py:537} INFO - Filling up the DagBag from /home/airflow/.local/lib/python3.7/site-packages/airflow/example_dags/example_branch_day_of_week_operator.py
[2023-10-06T22:49:37.981+0000] {processor.py:766} INFO - DAG(s) dict_keys(['example_weekday_branch_operator']) retrieved from /home/airflow/.local/lib/python3.7/site-packages/airflow/example_dags/example_branch_day_of_week_operator.py
[2023-10-06T22:49:38.009+0000] {logging_mixin.py:120} INFO - [2023-10-06T22:49:38.009+0000] {dag.py:2585} INFO - Sync 1 DAGs
[2023-10-06T22:49:38.026+0000] {logging_mixin.py:120} INFO - [2023-10-06T22:49:38.026+0000] {dag.py:3340} INFO - Setting next_dagrun for example_weekday_branch_operator to 2023-10-05T00:00:00+00:00, run_after=2023-10-06T00:00:00+00:00
[2023-10-06T22:49:38.040+0000] {processor.py:176} INFO - Processing /home/airflow/.local/lib/python3.7/site-packages/airflow/example_dags/example_branch_day_of_week_operator.py took 0.072 seconds
[2023-10-06T22:50:08.291+0000] {processor.py:154} INFO - Started process (PID=1896) to work on /home/airflow/.local/lib/python3.7/site-packages/airflow/example_dags/example_branch_day_of_week_operator.py
[2023-10-06T22:50:08.292+0000] {processor.py:756} INFO - Processing file /home/airflow/.local/lib/python3.7/site-packages/airflow/example_dags/example_branch_day_of_week_operator.py for tasks to queue
[2023-10-06T22:50:08.293+0000] {logging_mixin.py:120} INFO - [2023-10-06T22:50:08.292+0000] {dagbag.py:537} INFO - Filling up the DagBag from /home/airflow/.local/lib/python3.7/site-packages/airflow/example_dags/example_branch_day_of_week_operator.py
[2023-10-06T22:50:08.303+0000] {processor.py:766} INFO - DAG(s) dict_keys(['example_weekday_branch_operator']) retrieved from /home/airflow/.local/lib/python3.7/site-packages/airflow/example_dags/example_branch_day_of_week_operator.py
[2023-10-06T22:50:08.330+0000] {logging_mixin.py:120} INFO - [2023-10-06T22:50:08.330+0000] {dag.py:2585} INFO - Sync 1 DAGs
[2023-10-06T22:50:08.347+0000] {logging_mixin.py:120} INFO - [2023-10-06T22:50:08.347+0000] {dag.py:3340} INFO - Setting next_dagrun for example_weekday_branch_operator to 2023-10-05T00:00:00+00:00, run_after=2023-10-06T00:00:00+00:00
[2023-10-06T22:50:08.361+0000] {processor.py:176} INFO - Processing /home/airflow/.local/lib/python3.7/site-packages/airflow/example_dags/example_branch_day_of_week_operator.py took 0.072 seconds
[2023-10-06T22:50:38.707+0000] {processor.py:154} INFO - Started process (PID=1961) to work on /home/airflow/.local/lib/python3.7/site-packages/airflow/example_dags/example_branch_day_of_week_operator.py
[2023-10-06T22:50:38.708+0000] {processor.py:756} INFO - Processing file /home/airflow/.local/lib/python3.7/site-packages/airflow/example_dags/example_branch_day_of_week_operator.py for tasks to queue
[2023-10-06T22:50:38.708+0000] {logging_mixin.py:120} INFO - [2023-10-06T22:50:38.708+0000] {dagbag.py:537} INFO - Filling up the DagBag from /home/airflow/.local/lib/python3.7/site-packages/airflow/example_dags/example_branch_day_of_week_operator.py
[2023-10-06T22:50:38.720+0000] {processor.py:766} INFO - DAG(s) dict_keys(['example_weekday_branch_operator']) retrieved from /home/airflow/.local/lib/python3.7/site-packages/airflow/example_dags/example_branch_day_of_week_operator.py
[2023-10-06T22:50:38.753+0000] {logging_mixin.py:120} INFO - [2023-10-06T22:50:38.753+0000] {dag.py:2585} INFO - Sync 1 DAGs
[2023-10-06T22:50:38.774+0000] {logging_mixin.py:120} INFO - [2023-10-06T22:50:38.774+0000] {dag.py:3340} INFO - Setting next_dagrun for example_weekday_branch_operator to 2023-10-05T00:00:00+00:00, run_after=2023-10-06T00:00:00+00:00
[2023-10-06T22:50:38.790+0000] {processor.py:176} INFO - Processing /home/airflow/.local/lib/python3.7/site-packages/airflow/example_dags/example_branch_day_of_week_operator.py took 0.085 seconds
[2023-10-06T22:51:08.887+0000] {processor.py:154} INFO - Started process (PID=2016) to work on /home/airflow/.local/lib/python3.7/site-packages/airflow/example_dags/example_branch_day_of_week_operator.py
[2023-10-06T22:51:08.888+0000] {processor.py:756} INFO - Processing file /home/airflow/.local/lib/python3.7/site-packages/airflow/example_dags/example_branch_day_of_week_operator.py for tasks to queue
[2023-10-06T22:51:08.888+0000] {logging_mixin.py:120} INFO - [2023-10-06T22:51:08.888+0000] {dagbag.py:537} INFO - Filling up the DagBag from /home/airflow/.local/lib/python3.7/site-packages/airflow/example_dags/example_branch_day_of_week_operator.py
[2023-10-06T22:51:08.898+0000] {processor.py:766} INFO - DAG(s) dict_keys(['example_weekday_branch_operator']) retrieved from /home/airflow/.local/lib/python3.7/site-packages/airflow/example_dags/example_branch_day_of_week_operator.py
[2023-10-06T22:51:08.928+0000] {logging_mixin.py:120} INFO - [2023-10-06T22:51:08.927+0000] {dag.py:2585} INFO - Sync 1 DAGs
[2023-10-06T22:51:08.948+0000] {logging_mixin.py:120} INFO - [2023-10-06T22:51:08.948+0000] {dag.py:3340} INFO - Setting next_dagrun for example_weekday_branch_operator to 2023-10-05T00:00:00+00:00, run_after=2023-10-06T00:00:00+00:00
[2023-10-06T22:51:08.964+0000] {processor.py:176} INFO - Processing /home/airflow/.local/lib/python3.7/site-packages/airflow/example_dags/example_branch_day_of_week_operator.py took 0.079 seconds
[2023-10-06T22:51:39.632+0000] {processor.py:154} INFO - Started process (PID=2079) to work on /home/airflow/.local/lib/python3.7/site-packages/airflow/example_dags/example_branch_day_of_week_operator.py
[2023-10-06T22:51:39.633+0000] {processor.py:756} INFO - Processing file /home/airflow/.local/lib/python3.7/site-packages/airflow/example_dags/example_branch_day_of_week_operator.py for tasks to queue
[2023-10-06T22:51:39.633+0000] {logging_mixin.py:120} INFO - [2023-10-06T22:51:39.633+0000] {dagbag.py:537} INFO - Filling up the DagBag from /home/airflow/.local/lib/python3.7/site-packages/airflow/example_dags/example_branch_day_of_week_operator.py
[2023-10-06T22:51:39.643+0000] {processor.py:766} INFO - DAG(s) dict_keys(['example_weekday_branch_operator']) retrieved from /home/airflow/.local/lib/python3.7/site-packages/airflow/example_dags/example_branch_day_of_week_operator.py
[2023-10-06T22:51:39.671+0000] {logging_mixin.py:120} INFO - [2023-10-06T22:51:39.671+0000] {dag.py:2585} INFO - Sync 1 DAGs
[2023-10-06T22:51:39.688+0000] {logging_mixin.py:120} INFO - [2023-10-06T22:51:39.688+0000] {dag.py:3340} INFO - Setting next_dagrun for example_weekday_branch_operator to 2023-10-05T00:00:00+00:00, run_after=2023-10-06T00:00:00+00:00
[2023-10-06T22:51:39.707+0000] {processor.py:176} INFO - Processing /home/airflow/.local/lib/python3.7/site-packages/airflow/example_dags/example_branch_day_of_week_operator.py took 0.077 seconds
[2023-10-06T22:52:09.991+0000] {processor.py:154} INFO - Started process (PID=2143) to work on /home/airflow/.local/lib/python3.7/site-packages/airflow/example_dags/example_branch_day_of_week_operator.py
[2023-10-06T22:52:09.992+0000] {processor.py:756} INFO - Processing file /home/airflow/.local/lib/python3.7/site-packages/airflow/example_dags/example_branch_day_of_week_operator.py for tasks to queue
[2023-10-06T22:52:09.993+0000] {logging_mixin.py:120} INFO - [2023-10-06T22:52:09.992+0000] {dagbag.py:537} INFO - Filling up the DagBag from /home/airflow/.local/lib/python3.7/site-packages/airflow/example_dags/example_branch_day_of_week_operator.py
[2023-10-06T22:52:10.002+0000] {processor.py:766} INFO - DAG(s) dict_keys(['example_weekday_branch_operator']) retrieved from /home/airflow/.local/lib/python3.7/site-packages/airflow/example_dags/example_branch_day_of_week_operator.py
[2023-10-06T22:52:10.031+0000] {logging_mixin.py:120} INFO - [2023-10-06T22:52:10.030+0000] {dag.py:2585} INFO - Sync 1 DAGs
[2023-10-06T22:52:10.047+0000] {logging_mixin.py:120} INFO - [2023-10-06T22:52:10.047+0000] {dag.py:3340} INFO - Setting next_dagrun for example_weekday_branch_operator to 2023-10-05T00:00:00+00:00, run_after=2023-10-06T00:00:00+00:00
[2023-10-06T22:52:10.062+0000] {processor.py:176} INFO - Processing /home/airflow/.local/lib/python3.7/site-packages/airflow/example_dags/example_branch_day_of_week_operator.py took 0.073 seconds
[2023-10-06T22:52:40.326+0000] {processor.py:154} INFO - Started process (PID=2208) to work on /home/airflow/.local/lib/python3.7/site-packages/airflow/example_dags/example_branch_day_of_week_operator.py
[2023-10-06T22:52:40.327+0000] {processor.py:756} INFO - Processing file /home/airflow/.local/lib/python3.7/site-packages/airflow/example_dags/example_branch_day_of_week_operator.py for tasks to queue
[2023-10-06T22:52:40.327+0000] {logging_mixin.py:120} INFO - [2023-10-06T22:52:40.327+0000] {dagbag.py:537} INFO - Filling up the DagBag from /home/airflow/.local/lib/python3.7/site-packages/airflow/example_dags/example_branch_day_of_week_operator.py
[2023-10-06T22:52:40.338+0000] {processor.py:766} INFO - DAG(s) dict_keys(['example_weekday_branch_operator']) retrieved from /home/airflow/.local/lib/python3.7/site-packages/airflow/example_dags/example_branch_day_of_week_operator.py
[2023-10-06T22:52:40.365+0000] {logging_mixin.py:120} INFO - [2023-10-06T22:52:40.365+0000] {dag.py:2585} INFO - Sync 1 DAGs
[2023-10-06T22:52:40.382+0000] {logging_mixin.py:120} INFO - [2023-10-06T22:52:40.382+0000] {dag.py:3340} INFO - Setting next_dagrun for example_weekday_branch_operator to 2023-10-05T00:00:00+00:00, run_after=2023-10-06T00:00:00+00:00
[2023-10-06T22:52:40.396+0000] {processor.py:176} INFO - Processing /home/airflow/.local/lib/python3.7/site-packages/airflow/example_dags/example_branch_day_of_week_operator.py took 0.072 seconds
[2023-10-06T22:53:10.663+0000] {processor.py:154} INFO - Started process (PID=2263) to work on /home/airflow/.local/lib/python3.7/site-packages/airflow/example_dags/example_branch_day_of_week_operator.py
[2023-10-06T22:53:10.664+0000] {processor.py:756} INFO - Processing file /home/airflow/.local/lib/python3.7/site-packages/airflow/example_dags/example_branch_day_of_week_operator.py for tasks to queue
[2023-10-06T22:53:10.665+0000] {logging_mixin.py:120} INFO - [2023-10-06T22:53:10.665+0000] {dagbag.py:537} INFO - Filling up the DagBag from /home/airflow/.local/lib/python3.7/site-packages/airflow/example_dags/example_branch_day_of_week_operator.py
[2023-10-06T22:53:10.676+0000] {processor.py:766} INFO - DAG(s) dict_keys(['example_weekday_branch_operator']) retrieved from /home/airflow/.local/lib/python3.7/site-packages/airflow/example_dags/example_branch_day_of_week_operator.py
[2023-10-06T22:53:10.705+0000] {logging_mixin.py:120} INFO - [2023-10-06T22:53:10.705+0000] {dag.py:2585} INFO - Sync 1 DAGs
[2023-10-06T22:53:10.723+0000] {logging_mixin.py:120} INFO - [2023-10-06T22:53:10.723+0000] {dag.py:3340} INFO - Setting next_dagrun for example_weekday_branch_operator to 2023-10-05T00:00:00+00:00, run_after=2023-10-06T00:00:00+00:00
[2023-10-06T22:53:10.738+0000] {processor.py:176} INFO - Processing /home/airflow/.local/lib/python3.7/site-packages/airflow/example_dags/example_branch_day_of_week_operator.py took 0.077 seconds
[2023-10-06T22:53:40.843+0000] {processor.py:154} INFO - Started process (PID=2327) to work on /home/airflow/.local/lib/python3.7/site-packages/airflow/example_dags/example_branch_day_of_week_operator.py
[2023-10-06T22:53:40.844+0000] {processor.py:756} INFO - Processing file /home/airflow/.local/lib/python3.7/site-packages/airflow/example_dags/example_branch_day_of_week_operator.py for tasks to queue
[2023-10-06T22:53:40.844+0000] {logging_mixin.py:120} INFO - [2023-10-06T22:53:40.844+0000] {dagbag.py:537} INFO - Filling up the DagBag from /home/airflow/.local/lib/python3.7/site-packages/airflow/example_dags/example_branch_day_of_week_operator.py
[2023-10-06T22:53:40.854+0000] {processor.py:766} INFO - DAG(s) dict_keys(['example_weekday_branch_operator']) retrieved from /home/airflow/.local/lib/python3.7/site-packages/airflow/example_dags/example_branch_day_of_week_operator.py
[2023-10-06T22:53:40.883+0000] {logging_mixin.py:120} INFO - [2023-10-06T22:53:40.883+0000] {dag.py:2585} INFO - Sync 1 DAGs
[2023-10-06T22:53:40.900+0000] {logging_mixin.py:120} INFO - [2023-10-06T22:53:40.900+0000] {dag.py:3340} INFO - Setting next_dagrun for example_weekday_branch_operator to 2023-10-05T00:00:00+00:00, run_after=2023-10-06T00:00:00+00:00
[2023-10-06T22:53:40.915+0000] {processor.py:176} INFO - Processing /home/airflow/.local/lib/python3.7/site-packages/airflow/example_dags/example_branch_day_of_week_operator.py took 0.075 seconds
[2023-10-06T22:54:11.171+0000] {processor.py:154} INFO - Started process (PID=2391) to work on /home/airflow/.local/lib/python3.7/site-packages/airflow/example_dags/example_branch_day_of_week_operator.py
[2023-10-06T22:54:11.172+0000] {processor.py:756} INFO - Processing file /home/airflow/.local/lib/python3.7/site-packages/airflow/example_dags/example_branch_day_of_week_operator.py for tasks to queue
[2023-10-06T22:54:11.172+0000] {logging_mixin.py:120} INFO - [2023-10-06T22:54:11.172+0000] {dagbag.py:537} INFO - Filling up the DagBag from /home/airflow/.local/lib/python3.7/site-packages/airflow/example_dags/example_branch_day_of_week_operator.py
[2023-10-06T22:54:11.183+0000] {processor.py:766} INFO - DAG(s) dict_keys(['example_weekday_branch_operator']) retrieved from /home/airflow/.local/lib/python3.7/site-packages/airflow/example_dags/example_branch_day_of_week_operator.py
[2023-10-06T22:54:11.212+0000] {logging_mixin.py:120} INFO - [2023-10-06T22:54:11.212+0000] {dag.py:2585} INFO - Sync 1 DAGs
[2023-10-06T22:54:11.229+0000] {logging_mixin.py:120} INFO - [2023-10-06T22:54:11.229+0000] {dag.py:3340} INFO - Setting next_dagrun for example_weekday_branch_operator to 2023-10-05T00:00:00+00:00, run_after=2023-10-06T00:00:00+00:00
[2023-10-06T22:54:11.242+0000] {processor.py:176} INFO - Processing /home/airflow/.local/lib/python3.7/site-packages/airflow/example_dags/example_branch_day_of_week_operator.py took 0.074 seconds
[2023-10-06T22:54:41.486+0000] {processor.py:154} INFO - Started process (PID=2455) to work on /home/airflow/.local/lib/python3.7/site-packages/airflow/example_dags/example_branch_day_of_week_operator.py
[2023-10-06T22:54:41.486+0000] {processor.py:756} INFO - Processing file /home/airflow/.local/lib/python3.7/site-packages/airflow/example_dags/example_branch_day_of_week_operator.py for tasks to queue
[2023-10-06T22:54:41.486+0000] {logging_mixin.py:120} INFO - [2023-10-06T22:54:41.486+0000] {dagbag.py:537} INFO - Filling up the DagBag from /home/airflow/.local/lib/python3.7/site-packages/airflow/example_dags/example_branch_day_of_week_operator.py
[2023-10-06T22:54:41.497+0000] {processor.py:766} INFO - DAG(s) dict_keys(['example_weekday_branch_operator']) retrieved from /home/airflow/.local/lib/python3.7/site-packages/airflow/example_dags/example_branch_day_of_week_operator.py
[2023-10-06T22:54:41.525+0000] {logging_mixin.py:120} INFO - [2023-10-06T22:54:41.525+0000] {dag.py:2585} INFO - Sync 1 DAGs
[2023-10-06T22:54:41.543+0000] {logging_mixin.py:120} INFO - [2023-10-06T22:54:41.542+0000] {dag.py:3340} INFO - Setting next_dagrun for example_weekday_branch_operator to 2023-10-05T00:00:00+00:00, run_after=2023-10-06T00:00:00+00:00
[2023-10-06T22:54:41.556+0000] {processor.py:176} INFO - Processing /home/airflow/.local/lib/python3.7/site-packages/airflow/example_dags/example_branch_day_of_week_operator.py took 0.072 seconds
[2023-10-06T22:55:11.801+0000] {processor.py:154} INFO - Started process (PID=2510) to work on /home/airflow/.local/lib/python3.7/site-packages/airflow/example_dags/example_branch_day_of_week_operator.py
[2023-10-06T22:55:11.802+0000] {processor.py:756} INFO - Processing file /home/airflow/.local/lib/python3.7/site-packages/airflow/example_dags/example_branch_day_of_week_operator.py for tasks to queue
[2023-10-06T22:55:11.802+0000] {logging_mixin.py:120} INFO - [2023-10-06T22:55:11.802+0000] {dagbag.py:537} INFO - Filling up the DagBag from /home/airflow/.local/lib/python3.7/site-packages/airflow/example_dags/example_branch_day_of_week_operator.py
[2023-10-06T22:55:11.813+0000] {processor.py:766} INFO - DAG(s) dict_keys(['example_weekday_branch_operator']) retrieved from /home/airflow/.local/lib/python3.7/site-packages/airflow/example_dags/example_branch_day_of_week_operator.py
[2023-10-06T22:55:11.843+0000] {logging_mixin.py:120} INFO - [2023-10-06T22:55:11.843+0000] {dag.py:2585} INFO - Sync 1 DAGs
[2023-10-06T22:55:11.861+0000] {logging_mixin.py:120} INFO - [2023-10-06T22:55:11.861+0000] {dag.py:3340} INFO - Setting next_dagrun for example_weekday_branch_operator to 2023-10-05T00:00:00+00:00, run_after=2023-10-06T00:00:00+00:00
[2023-10-06T22:55:11.877+0000] {processor.py:176} INFO - Processing /home/airflow/.local/lib/python3.7/site-packages/airflow/example_dags/example_branch_day_of_week_operator.py took 0.078 seconds
[2023-10-06T22:55:42.065+0000] {processor.py:154} INFO - Started process (PID=2574) to work on /home/airflow/.local/lib/python3.7/site-packages/airflow/example_dags/example_branch_day_of_week_operator.py
[2023-10-06T22:55:42.066+0000] {processor.py:756} INFO - Processing file /home/airflow/.local/lib/python3.7/site-packages/airflow/example_dags/example_branch_day_of_week_operator.py for tasks to queue
[2023-10-06T22:55:42.066+0000] {logging_mixin.py:120} INFO - [2023-10-06T22:55:42.066+0000] {dagbag.py:537} INFO - Filling up the DagBag from /home/airflow/.local/lib/python3.7/site-packages/airflow/example_dags/example_branch_day_of_week_operator.py
[2023-10-06T22:55:42.077+0000] {processor.py:766} INFO - DAG(s) dict_keys(['example_weekday_branch_operator']) retrieved from /home/airflow/.local/lib/python3.7/site-packages/airflow/example_dags/example_branch_day_of_week_operator.py
[2023-10-06T22:55:42.107+0000] {logging_mixin.py:120} INFO - [2023-10-06T22:55:42.106+0000] {dag.py:2585} INFO - Sync 1 DAGs
[2023-10-06T22:55:42.124+0000] {logging_mixin.py:120} INFO - [2023-10-06T22:55:42.124+0000] {dag.py:3340} INFO - Setting next_dagrun for example_weekday_branch_operator to 2023-10-05T00:00:00+00:00, run_after=2023-10-06T00:00:00+00:00
[2023-10-06T22:55:42.138+0000] {processor.py:176} INFO - Processing /home/airflow/.local/lib/python3.7/site-packages/airflow/example_dags/example_branch_day_of_week_operator.py took 0.076 seconds
[2023-10-06T22:56:12.485+0000] {processor.py:154} INFO - Started process (PID=2638) to work on /home/airflow/.local/lib/python3.7/site-packages/airflow/example_dags/example_branch_day_of_week_operator.py
[2023-10-06T22:56:12.486+0000] {processor.py:756} INFO - Processing file /home/airflow/.local/lib/python3.7/site-packages/airflow/example_dags/example_branch_day_of_week_operator.py for tasks to queue
[2023-10-06T22:56:12.487+0000] {logging_mixin.py:120} INFO - [2023-10-06T22:56:12.486+0000] {dagbag.py:537} INFO - Filling up the DagBag from /home/airflow/.local/lib/python3.7/site-packages/airflow/example_dags/example_branch_day_of_week_operator.py
[2023-10-06T22:56:12.497+0000] {processor.py:766} INFO - DAG(s) dict_keys(['example_weekday_branch_operator']) retrieved from /home/airflow/.local/lib/python3.7/site-packages/airflow/example_dags/example_branch_day_of_week_operator.py
[2023-10-06T22:56:12.528+0000] {logging_mixin.py:120} INFO - [2023-10-06T22:56:12.528+0000] {dag.py:2585} INFO - Sync 1 DAGs
[2023-10-06T22:56:12.545+0000] {logging_mixin.py:120} INFO - [2023-10-06T22:56:12.545+0000] {dag.py:3340} INFO - Setting next_dagrun for example_weekday_branch_operator to 2023-10-05T00:00:00+00:00, run_after=2023-10-06T00:00:00+00:00
[2023-10-06T22:56:12.560+0000] {processor.py:176} INFO - Processing /home/airflow/.local/lib/python3.7/site-packages/airflow/example_dags/example_branch_day_of_week_operator.py took 0.077 seconds
[2023-10-06T22:56:42.793+0000] {processor.py:154} INFO - Started process (PID=2701) to work on /home/airflow/.local/lib/python3.7/site-packages/airflow/example_dags/example_branch_day_of_week_operator.py
[2023-10-06T22:56:42.794+0000] {processor.py:756} INFO - Processing file /home/airflow/.local/lib/python3.7/site-packages/airflow/example_dags/example_branch_day_of_week_operator.py for tasks to queue
[2023-10-06T22:56:42.794+0000] {logging_mixin.py:120} INFO - [2023-10-06T22:56:42.794+0000] {dagbag.py:537} INFO - Filling up the DagBag from /home/airflow/.local/lib/python3.7/site-packages/airflow/example_dags/example_branch_day_of_week_operator.py
[2023-10-06T22:56:42.805+0000] {processor.py:766} INFO - DAG(s) dict_keys(['example_weekday_branch_operator']) retrieved from /home/airflow/.local/lib/python3.7/site-packages/airflow/example_dags/example_branch_day_of_week_operator.py
[2023-10-06T22:56:42.833+0000] {logging_mixin.py:120} INFO - [2023-10-06T22:56:42.833+0000] {dag.py:2585} INFO - Sync 1 DAGs
[2023-10-06T22:56:42.849+0000] {logging_mixin.py:120} INFO - [2023-10-06T22:56:42.849+0000] {dag.py:3340} INFO - Setting next_dagrun for example_weekday_branch_operator to 2023-10-05T00:00:00+00:00, run_after=2023-10-06T00:00:00+00:00
[2023-10-06T22:56:42.863+0000] {processor.py:176} INFO - Processing /home/airflow/.local/lib/python3.7/site-packages/airflow/example_dags/example_branch_day_of_week_operator.py took 0.072 seconds
[2023-10-06T22:57:12.972+0000] {processor.py:154} INFO - Started process (PID=2765) to work on /home/airflow/.local/lib/python3.7/site-packages/airflow/example_dags/example_branch_day_of_week_operator.py
[2023-10-06T22:57:12.973+0000] {processor.py:756} INFO - Processing file /home/airflow/.local/lib/python3.7/site-packages/airflow/example_dags/example_branch_day_of_week_operator.py for tasks to queue
[2023-10-06T22:57:12.974+0000] {logging_mixin.py:120} INFO - [2023-10-06T22:57:12.974+0000] {dagbag.py:537} INFO - Filling up the DagBag from /home/airflow/.local/lib/python3.7/site-packages/airflow/example_dags/example_branch_day_of_week_operator.py
[2023-10-06T22:57:12.987+0000] {processor.py:766} INFO - DAG(s) dict_keys(['example_weekday_branch_operator']) retrieved from /home/airflow/.local/lib/python3.7/site-packages/airflow/example_dags/example_branch_day_of_week_operator.py
[2023-10-06T22:57:13.019+0000] {logging_mixin.py:120} INFO - [2023-10-06T22:57:13.019+0000] {dag.py:2585} INFO - Sync 1 DAGs
[2023-10-06T22:57:13.039+0000] {logging_mixin.py:120} INFO - [2023-10-06T22:57:13.039+0000] {dag.py:3340} INFO - Setting next_dagrun for example_weekday_branch_operator to 2023-10-05T00:00:00+00:00, run_after=2023-10-06T00:00:00+00:00
[2023-10-06T22:57:13.056+0000] {processor.py:176} INFO - Processing /home/airflow/.local/lib/python3.7/site-packages/airflow/example_dags/example_branch_day_of_week_operator.py took 0.087 seconds
[2023-10-06T22:57:43.995+0000] {processor.py:154} INFO - Started process (PID=2820) to work on /home/airflow/.local/lib/python3.7/site-packages/airflow/example_dags/example_branch_day_of_week_operator.py
[2023-10-06T22:57:43.996+0000] {processor.py:756} INFO - Processing file /home/airflow/.local/lib/python3.7/site-packages/airflow/example_dags/example_branch_day_of_week_operator.py for tasks to queue
[2023-10-06T22:57:43.996+0000] {logging_mixin.py:120} INFO - [2023-10-06T22:57:43.996+0000] {dagbag.py:537} INFO - Filling up the DagBag from /home/airflow/.local/lib/python3.7/site-packages/airflow/example_dags/example_branch_day_of_week_operator.py
[2023-10-06T22:57:44.007+0000] {processor.py:766} INFO - DAG(s) dict_keys(['example_weekday_branch_operator']) retrieved from /home/airflow/.local/lib/python3.7/site-packages/airflow/example_dags/example_branch_day_of_week_operator.py
[2023-10-06T22:57:44.035+0000] {logging_mixin.py:120} INFO - [2023-10-06T22:57:44.035+0000] {dag.py:2585} INFO - Sync 1 DAGs
[2023-10-06T22:57:44.053+0000] {logging_mixin.py:120} INFO - [2023-10-06T22:57:44.053+0000] {dag.py:3340} INFO - Setting next_dagrun for example_weekday_branch_operator to 2023-10-05T00:00:00+00:00, run_after=2023-10-06T00:00:00+00:00
[2023-10-06T22:57:44.066+0000] {processor.py:176} INFO - Processing /home/airflow/.local/lib/python3.7/site-packages/airflow/example_dags/example_branch_day_of_week_operator.py took 0.073 seconds
[2023-10-06T22:58:14.456+0000] {processor.py:154} INFO - Started process (PID=2883) to work on /home/airflow/.local/lib/python3.7/site-packages/airflow/example_dags/example_branch_day_of_week_operator.py
[2023-10-06T22:58:14.457+0000] {processor.py:756} INFO - Processing file /home/airflow/.local/lib/python3.7/site-packages/airflow/example_dags/example_branch_day_of_week_operator.py for tasks to queue
[2023-10-06T22:58:14.457+0000] {logging_mixin.py:120} INFO - [2023-10-06T22:58:14.457+0000] {dagbag.py:537} INFO - Filling up the DagBag from /home/airflow/.local/lib/python3.7/site-packages/airflow/example_dags/example_branch_day_of_week_operator.py
[2023-10-06T22:58:14.468+0000] {processor.py:766} INFO - DAG(s) dict_keys(['example_weekday_branch_operator']) retrieved from /home/airflow/.local/lib/python3.7/site-packages/airflow/example_dags/example_branch_day_of_week_operator.py
[2023-10-06T22:58:14.497+0000] {logging_mixin.py:120} INFO - [2023-10-06T22:58:14.497+0000] {dag.py:2585} INFO - Sync 1 DAGs
[2023-10-06T22:58:14.514+0000] {logging_mixin.py:120} INFO - [2023-10-06T22:58:14.514+0000] {dag.py:3340} INFO - Setting next_dagrun for example_weekday_branch_operator to 2023-10-05T00:00:00+00:00, run_after=2023-10-06T00:00:00+00:00
[2023-10-06T22:58:14.527+0000] {processor.py:176} INFO - Processing /home/airflow/.local/lib/python3.7/site-packages/airflow/example_dags/example_branch_day_of_week_operator.py took 0.074 seconds
[2023-10-06T22:58:44.666+0000] {processor.py:154} INFO - Started process (PID=2946) to work on /home/airflow/.local/lib/python3.7/site-packages/airflow/example_dags/example_branch_day_of_week_operator.py
[2023-10-06T22:58:44.666+0000] {processor.py:756} INFO - Processing file /home/airflow/.local/lib/python3.7/site-packages/airflow/example_dags/example_branch_day_of_week_operator.py for tasks to queue
[2023-10-06T22:58:44.666+0000] {logging_mixin.py:120} INFO - [2023-10-06T22:58:44.666+0000] {dagbag.py:537} INFO - Filling up the DagBag from /home/airflow/.local/lib/python3.7/site-packages/airflow/example_dags/example_branch_day_of_week_operator.py
[2023-10-06T22:58:44.677+0000] {processor.py:766} INFO - DAG(s) dict_keys(['example_weekday_branch_operator']) retrieved from /home/airflow/.local/lib/python3.7/site-packages/airflow/example_dags/example_branch_day_of_week_operator.py
[2023-10-06T22:58:44.705+0000] {logging_mixin.py:120} INFO - [2023-10-06T22:58:44.705+0000] {dag.py:2585} INFO - Sync 1 DAGs
[2023-10-06T22:58:44.721+0000] {logging_mixin.py:120} INFO - [2023-10-06T22:58:44.721+0000] {dag.py:3340} INFO - Setting next_dagrun for example_weekday_branch_operator to 2023-10-05T00:00:00+00:00, run_after=2023-10-06T00:00:00+00:00
[2023-10-06T22:58:44.733+0000] {processor.py:176} INFO - Processing /home/airflow/.local/lib/python3.7/site-packages/airflow/example_dags/example_branch_day_of_week_operator.py took 0.070 seconds
[2023-10-06T22:59:14.879+0000] {processor.py:154} INFO - Started process (PID=3010) to work on /home/airflow/.local/lib/python3.7/site-packages/airflow/example_dags/example_branch_day_of_week_operator.py
[2023-10-06T22:59:14.880+0000] {processor.py:756} INFO - Processing file /home/airflow/.local/lib/python3.7/site-packages/airflow/example_dags/example_branch_day_of_week_operator.py for tasks to queue
[2023-10-06T22:59:14.881+0000] {logging_mixin.py:120} INFO - [2023-10-06T22:59:14.881+0000] {dagbag.py:537} INFO - Filling up the DagBag from /home/airflow/.local/lib/python3.7/site-packages/airflow/example_dags/example_branch_day_of_week_operator.py
[2023-10-06T22:59:14.891+0000] {processor.py:766} INFO - DAG(s) dict_keys(['example_weekday_branch_operator']) retrieved from /home/airflow/.local/lib/python3.7/site-packages/airflow/example_dags/example_branch_day_of_week_operator.py
[2023-10-06T22:59:14.920+0000] {logging_mixin.py:120} INFO - [2023-10-06T22:59:14.920+0000] {dag.py:2585} INFO - Sync 1 DAGs
[2023-10-06T22:59:14.936+0000] {logging_mixin.py:120} INFO - [2023-10-06T22:59:14.936+0000] {dag.py:3340} INFO - Setting next_dagrun for example_weekday_branch_operator to 2023-10-05T00:00:00+00:00, run_after=2023-10-06T00:00:00+00:00
[2023-10-06T22:59:14.951+0000] {processor.py:176} INFO - Processing /home/airflow/.local/lib/python3.7/site-packages/airflow/example_dags/example_branch_day_of_week_operator.py took 0.074 seconds
[2023-10-06T22:59:45.020+0000] {processor.py:154} INFO - Started process (PID=3066) to work on /home/airflow/.local/lib/python3.7/site-packages/airflow/example_dags/example_branch_day_of_week_operator.py
[2023-10-06T22:59:45.020+0000] {processor.py:756} INFO - Processing file /home/airflow/.local/lib/python3.7/site-packages/airflow/example_dags/example_branch_day_of_week_operator.py for tasks to queue
[2023-10-06T22:59:45.021+0000] {logging_mixin.py:120} INFO - [2023-10-06T22:59:45.021+0000] {dagbag.py:537} INFO - Filling up the DagBag from /home/airflow/.local/lib/python3.7/site-packages/airflow/example_dags/example_branch_day_of_week_operator.py
[2023-10-06T22:59:45.031+0000] {processor.py:766} INFO - DAG(s) dict_keys(['example_weekday_branch_operator']) retrieved from /home/airflow/.local/lib/python3.7/site-packages/airflow/example_dags/example_branch_day_of_week_operator.py
[2023-10-06T22:59:45.058+0000] {logging_mixin.py:120} INFO - [2023-10-06T22:59:45.058+0000] {dag.py:2585} INFO - Sync 1 DAGs
[2023-10-06T22:59:45.077+0000] {logging_mixin.py:120} INFO - [2023-10-06T22:59:45.077+0000] {dag.py:3340} INFO - Setting next_dagrun for example_weekday_branch_operator to 2023-10-05T00:00:00+00:00, run_after=2023-10-06T00:00:00+00:00
[2023-10-06T22:59:45.095+0000] {processor.py:176} INFO - Processing /home/airflow/.local/lib/python3.7/site-packages/airflow/example_dags/example_branch_day_of_week_operator.py took 0.078 seconds
[2023-10-06T23:00:15.241+0000] {processor.py:154} INFO - Started process (PID=3131) to work on /home/airflow/.local/lib/python3.7/site-packages/airflow/example_dags/example_branch_day_of_week_operator.py
[2023-10-06T23:00:15.241+0000] {processor.py:756} INFO - Processing file /home/airflow/.local/lib/python3.7/site-packages/airflow/example_dags/example_branch_day_of_week_operator.py for tasks to queue
[2023-10-06T23:00:15.242+0000] {logging_mixin.py:120} INFO - [2023-10-06T23:00:15.242+0000] {dagbag.py:537} INFO - Filling up the DagBag from /home/airflow/.local/lib/python3.7/site-packages/airflow/example_dags/example_branch_day_of_week_operator.py
[2023-10-06T23:00:15.253+0000] {processor.py:766} INFO - DAG(s) dict_keys(['example_weekday_branch_operator']) retrieved from /home/airflow/.local/lib/python3.7/site-packages/airflow/example_dags/example_branch_day_of_week_operator.py
[2023-10-06T23:00:15.282+0000] {logging_mixin.py:120} INFO - [2023-10-06T23:00:15.281+0000] {dag.py:2585} INFO - Sync 1 DAGs
[2023-10-06T23:00:15.298+0000] {logging_mixin.py:120} INFO - [2023-10-06T23:00:15.298+0000] {dag.py:3340} INFO - Setting next_dagrun for example_weekday_branch_operator to 2023-10-05T00:00:00+00:00, run_after=2023-10-06T00:00:00+00:00
[2023-10-06T23:00:15.311+0000] {processor.py:176} INFO - Processing /home/airflow/.local/lib/python3.7/site-packages/airflow/example_dags/example_branch_day_of_week_operator.py took 0.073 seconds
[2023-10-06T23:00:45.400+0000] {processor.py:154} INFO - Started process (PID=3194) to work on /home/airflow/.local/lib/python3.7/site-packages/airflow/example_dags/example_branch_day_of_week_operator.py
[2023-10-06T23:00:45.400+0000] {processor.py:756} INFO - Processing file /home/airflow/.local/lib/python3.7/site-packages/airflow/example_dags/example_branch_day_of_week_operator.py for tasks to queue
[2023-10-06T23:00:45.401+0000] {logging_mixin.py:120} INFO - [2023-10-06T23:00:45.400+0000] {dagbag.py:537} INFO - Filling up the DagBag from /home/airflow/.local/lib/python3.7/site-packages/airflow/example_dags/example_branch_day_of_week_operator.py
[2023-10-06T23:00:45.411+0000] {processor.py:766} INFO - DAG(s) dict_keys(['example_weekday_branch_operator']) retrieved from /home/airflow/.local/lib/python3.7/site-packages/airflow/example_dags/example_branch_day_of_week_operator.py
[2023-10-06T23:00:45.440+0000] {logging_mixin.py:120} INFO - [2023-10-06T23:00:45.440+0000] {dag.py:2585} INFO - Sync 1 DAGs
[2023-10-06T23:00:45.457+0000] {logging_mixin.py:120} INFO - [2023-10-06T23:00:45.457+0000] {dag.py:3340} INFO - Setting next_dagrun for example_weekday_branch_operator to 2023-10-05T00:00:00+00:00, run_after=2023-10-06T00:00:00+00:00
[2023-10-06T23:00:45.471+0000] {processor.py:176} INFO - Processing /home/airflow/.local/lib/python3.7/site-packages/airflow/example_dags/example_branch_day_of_week_operator.py took 0.073 seconds
[2023-10-06T23:01:15.574+0000] {processor.py:154} INFO - Started process (PID=3258) to work on /home/airflow/.local/lib/python3.7/site-packages/airflow/example_dags/example_branch_day_of_week_operator.py
[2023-10-06T23:01:15.575+0000] {processor.py:756} INFO - Processing file /home/airflow/.local/lib/python3.7/site-packages/airflow/example_dags/example_branch_day_of_week_operator.py for tasks to queue
[2023-10-06T23:01:15.575+0000] {logging_mixin.py:120} INFO - [2023-10-06T23:01:15.575+0000] {dagbag.py:537} INFO - Filling up the DagBag from /home/airflow/.local/lib/python3.7/site-packages/airflow/example_dags/example_branch_day_of_week_operator.py
[2023-10-06T23:01:15.586+0000] {processor.py:766} INFO - DAG(s) dict_keys(['example_weekday_branch_operator']) retrieved from /home/airflow/.local/lib/python3.7/site-packages/airflow/example_dags/example_branch_day_of_week_operator.py
[2023-10-06T23:01:15.614+0000] {logging_mixin.py:120} INFO - [2023-10-06T23:01:15.613+0000] {dag.py:2585} INFO - Sync 1 DAGs
[2023-10-06T23:01:15.630+0000] {logging_mixin.py:120} INFO - [2023-10-06T23:01:15.630+0000] {dag.py:3340} INFO - Setting next_dagrun for example_weekday_branch_operator to 2023-10-05T00:00:00+00:00, run_after=2023-10-06T00:00:00+00:00
[2023-10-06T23:01:15.645+0000] {processor.py:176} INFO - Processing /home/airflow/.local/lib/python3.7/site-packages/airflow/example_dags/example_branch_day_of_week_operator.py took 0.073 seconds
[2023-10-06T23:01:45.812+0000] {processor.py:154} INFO - Started process (PID=3313) to work on /home/airflow/.local/lib/python3.7/site-packages/airflow/example_dags/example_branch_day_of_week_operator.py
[2023-10-06T23:01:45.813+0000] {processor.py:756} INFO - Processing file /home/airflow/.local/lib/python3.7/site-packages/airflow/example_dags/example_branch_day_of_week_operator.py for tasks to queue
[2023-10-06T23:01:45.813+0000] {logging_mixin.py:120} INFO - [2023-10-06T23:01:45.813+0000] {dagbag.py:537} INFO - Filling up the DagBag from /home/airflow/.local/lib/python3.7/site-packages/airflow/example_dags/example_branch_day_of_week_operator.py
[2023-10-06T23:01:45.824+0000] {processor.py:766} INFO - DAG(s) dict_keys(['example_weekday_branch_operator']) retrieved from /home/airflow/.local/lib/python3.7/site-packages/airflow/example_dags/example_branch_day_of_week_operator.py
[2023-10-06T23:01:45.852+0000] {logging_mixin.py:120} INFO - [2023-10-06T23:01:45.852+0000] {dag.py:2585} INFO - Sync 1 DAGs
[2023-10-06T23:01:45.870+0000] {logging_mixin.py:120} INFO - [2023-10-06T23:01:45.870+0000] {dag.py:3340} INFO - Setting next_dagrun for example_weekday_branch_operator to 2023-10-05T00:00:00+00:00, run_after=2023-10-06T00:00:00+00:00
[2023-10-06T23:01:45.884+0000] {processor.py:176} INFO - Processing /home/airflow/.local/lib/python3.7/site-packages/airflow/example_dags/example_branch_day_of_week_operator.py took 0.074 seconds
[2023-10-06T23:02:16.013+0000] {processor.py:154} INFO - Started process (PID=3377) to work on /home/airflow/.local/lib/python3.7/site-packages/airflow/example_dags/example_branch_day_of_week_operator.py
[2023-10-06T23:02:16.014+0000] {processor.py:756} INFO - Processing file /home/airflow/.local/lib/python3.7/site-packages/airflow/example_dags/example_branch_day_of_week_operator.py for tasks to queue
[2023-10-06T23:02:16.014+0000] {logging_mixin.py:120} INFO - [2023-10-06T23:02:16.014+0000] {dagbag.py:537} INFO - Filling up the DagBag from /home/airflow/.local/lib/python3.7/site-packages/airflow/example_dags/example_branch_day_of_week_operator.py
[2023-10-06T23:02:16.025+0000] {processor.py:766} INFO - DAG(s) dict_keys(['example_weekday_branch_operator']) retrieved from /home/airflow/.local/lib/python3.7/site-packages/airflow/example_dags/example_branch_day_of_week_operator.py
[2023-10-06T23:02:16.053+0000] {logging_mixin.py:120} INFO - [2023-10-06T23:02:16.053+0000] {dag.py:2585} INFO - Sync 1 DAGs
[2023-10-06T23:02:16.070+0000] {logging_mixin.py:120} INFO - [2023-10-06T23:02:16.070+0000] {dag.py:3340} INFO - Setting next_dagrun for example_weekday_branch_operator to 2023-10-05T00:00:00+00:00, run_after=2023-10-06T00:00:00+00:00
[2023-10-06T23:02:16.086+0000] {processor.py:176} INFO - Processing /home/airflow/.local/lib/python3.7/site-packages/airflow/example_dags/example_branch_day_of_week_operator.py took 0.075 seconds
[2023-10-06T23:02:46.211+0000] {processor.py:154} INFO - Started process (PID=3441) to work on /home/airflow/.local/lib/python3.7/site-packages/airflow/example_dags/example_branch_day_of_week_operator.py
[2023-10-06T23:02:46.211+0000] {processor.py:756} INFO - Processing file /home/airflow/.local/lib/python3.7/site-packages/airflow/example_dags/example_branch_day_of_week_operator.py for tasks to queue
[2023-10-06T23:02:46.212+0000] {logging_mixin.py:120} INFO - [2023-10-06T23:02:46.212+0000] {dagbag.py:537} INFO - Filling up the DagBag from /home/airflow/.local/lib/python3.7/site-packages/airflow/example_dags/example_branch_day_of_week_operator.py
[2023-10-06T23:02:46.224+0000] {processor.py:766} INFO - DAG(s) dict_keys(['example_weekday_branch_operator']) retrieved from /home/airflow/.local/lib/python3.7/site-packages/airflow/example_dags/example_branch_day_of_week_operator.py
[2023-10-06T23:02:46.254+0000] {logging_mixin.py:120} INFO - [2023-10-06T23:02:46.254+0000] {dag.py:2585} INFO - Sync 1 DAGs
[2023-10-06T23:02:46.271+0000] {logging_mixin.py:120} INFO - [2023-10-06T23:02:46.271+0000] {dag.py:3340} INFO - Setting next_dagrun for example_weekday_branch_operator to 2023-10-05T00:00:00+00:00, run_after=2023-10-06T00:00:00+00:00
[2023-10-06T23:02:46.285+0000] {processor.py:176} INFO - Processing /home/airflow/.local/lib/python3.7/site-packages/airflow/example_dags/example_branch_day_of_week_operator.py took 0.076 seconds
[2023-10-06T23:03:17.204+0000] {processor.py:154} INFO - Started process (PID=3505) to work on /home/airflow/.local/lib/python3.7/site-packages/airflow/example_dags/example_branch_day_of_week_operator.py
[2023-10-06T23:03:17.205+0000] {processor.py:756} INFO - Processing file /home/airflow/.local/lib/python3.7/site-packages/airflow/example_dags/example_branch_day_of_week_operator.py for tasks to queue
[2023-10-06T23:03:17.205+0000] {logging_mixin.py:120} INFO - [2023-10-06T23:03:17.205+0000] {dagbag.py:537} INFO - Filling up the DagBag from /home/airflow/.local/lib/python3.7/site-packages/airflow/example_dags/example_branch_day_of_week_operator.py
[2023-10-06T23:03:17.217+0000] {processor.py:766} INFO - DAG(s) dict_keys(['example_weekday_branch_operator']) retrieved from /home/airflow/.local/lib/python3.7/site-packages/airflow/example_dags/example_branch_day_of_week_operator.py
[2023-10-06T23:03:17.250+0000] {logging_mixin.py:120} INFO - [2023-10-06T23:03:17.249+0000] {dag.py:2585} INFO - Sync 1 DAGs
[2023-10-06T23:03:17.269+0000] {logging_mixin.py:120} INFO - [2023-10-06T23:03:17.269+0000] {dag.py:3340} INFO - Setting next_dagrun for example_weekday_branch_operator to 2023-10-05T00:00:00+00:00, run_after=2023-10-06T00:00:00+00:00
[2023-10-06T23:03:17.286+0000] {processor.py:176} INFO - Processing /home/airflow/.local/lib/python3.7/site-packages/airflow/example_dags/example_branch_day_of_week_operator.py took 0.084 seconds
[2023-10-06T23:03:47.311+0000] {processor.py:154} INFO - Started process (PID=3560) to work on /home/airflow/.local/lib/python3.7/site-packages/airflow/example_dags/example_branch_day_of_week_operator.py
[2023-10-06T23:03:47.312+0000] {processor.py:756} INFO - Processing file /home/airflow/.local/lib/python3.7/site-packages/airflow/example_dags/example_branch_day_of_week_operator.py for tasks to queue
[2023-10-06T23:03:47.312+0000] {logging_mixin.py:120} INFO - [2023-10-06T23:03:47.312+0000] {dagbag.py:537} INFO - Filling up the DagBag from /home/airflow/.local/lib/python3.7/site-packages/airflow/example_dags/example_branch_day_of_week_operator.py
[2023-10-06T23:03:47.323+0000] {processor.py:766} INFO - DAG(s) dict_keys(['example_weekday_branch_operator']) retrieved from /home/airflow/.local/lib/python3.7/site-packages/airflow/example_dags/example_branch_day_of_week_operator.py
[2023-10-06T23:03:47.351+0000] {logging_mixin.py:120} INFO - [2023-10-06T23:03:47.351+0000] {dag.py:2585} INFO - Sync 1 DAGs
[2023-10-06T23:03:47.369+0000] {logging_mixin.py:120} INFO - [2023-10-06T23:03:47.369+0000] {dag.py:3340} INFO - Setting next_dagrun for example_weekday_branch_operator to 2023-10-05T00:00:00+00:00, run_after=2023-10-06T00:00:00+00:00
[2023-10-06T23:03:47.383+0000] {processor.py:176} INFO - Processing /home/airflow/.local/lib/python3.7/site-packages/airflow/example_dags/example_branch_day_of_week_operator.py took 0.074 seconds
[2023-10-06T23:04:17.540+0000] {processor.py:154} INFO - Started process (PID=3624) to work on /home/airflow/.local/lib/python3.7/site-packages/airflow/example_dags/example_branch_day_of_week_operator.py
[2023-10-06T23:04:17.541+0000] {processor.py:756} INFO - Processing file /home/airflow/.local/lib/python3.7/site-packages/airflow/example_dags/example_branch_day_of_week_operator.py for tasks to queue
[2023-10-06T23:04:17.542+0000] {logging_mixin.py:120} INFO - [2023-10-06T23:04:17.542+0000] {dagbag.py:537} INFO - Filling up the DagBag from /home/airflow/.local/lib/python3.7/site-packages/airflow/example_dags/example_branch_day_of_week_operator.py
[2023-10-06T23:04:17.553+0000] {processor.py:766} INFO - DAG(s) dict_keys(['example_weekday_branch_operator']) retrieved from /home/airflow/.local/lib/python3.7/site-packages/airflow/example_dags/example_branch_day_of_week_operator.py
[2023-10-06T23:04:17.583+0000] {logging_mixin.py:120} INFO - [2023-10-06T23:04:17.583+0000] {dag.py:2585} INFO - Sync 1 DAGs
[2023-10-06T23:04:17.600+0000] {logging_mixin.py:120} INFO - [2023-10-06T23:04:17.600+0000] {dag.py:3340} INFO - Setting next_dagrun for example_weekday_branch_operator to 2023-10-05T00:00:00+00:00, run_after=2023-10-06T00:00:00+00:00
[2023-10-06T23:04:17.614+0000] {processor.py:176} INFO - Processing /home/airflow/.local/lib/python3.7/site-packages/airflow/example_dags/example_branch_day_of_week_operator.py took 0.076 seconds
[2023-10-06T23:04:47.627+0000] {processor.py:154} INFO - Started process (PID=3689) to work on /home/airflow/.local/lib/python3.7/site-packages/airflow/example_dags/example_branch_day_of_week_operator.py
[2023-10-06T23:04:47.628+0000] {processor.py:756} INFO - Processing file /home/airflow/.local/lib/python3.7/site-packages/airflow/example_dags/example_branch_day_of_week_operator.py for tasks to queue
[2023-10-06T23:04:47.628+0000] {logging_mixin.py:120} INFO - [2023-10-06T23:04:47.628+0000] {dagbag.py:537} INFO - Filling up the DagBag from /home/airflow/.local/lib/python3.7/site-packages/airflow/example_dags/example_branch_day_of_week_operator.py
[2023-10-06T23:04:47.638+0000] {processor.py:766} INFO - DAG(s) dict_keys(['example_weekday_branch_operator']) retrieved from /home/airflow/.local/lib/python3.7/site-packages/airflow/example_dags/example_branch_day_of_week_operator.py
[2023-10-06T23:04:47.666+0000] {logging_mixin.py:120} INFO - [2023-10-06T23:04:47.666+0000] {dag.py:2585} INFO - Sync 1 DAGs
[2023-10-06T23:04:47.684+0000] {logging_mixin.py:120} INFO - [2023-10-06T23:04:47.684+0000] {dag.py:3340} INFO - Setting next_dagrun for example_weekday_branch_operator to 2023-10-05T00:00:00+00:00, run_after=2023-10-06T00:00:00+00:00
[2023-10-06T23:04:47.699+0000] {processor.py:176} INFO - Processing /home/airflow/.local/lib/python3.7/site-packages/airflow/example_dags/example_branch_day_of_week_operator.py took 0.073 seconds
[2023-10-06T23:05:17.916+0000] {processor.py:154} INFO - Started process (PID=3753) to work on /home/airflow/.local/lib/python3.7/site-packages/airflow/example_dags/example_branch_day_of_week_operator.py
[2023-10-06T23:05:17.917+0000] {processor.py:756} INFO - Processing file /home/airflow/.local/lib/python3.7/site-packages/airflow/example_dags/example_branch_day_of_week_operator.py for tasks to queue
[2023-10-06T23:05:17.917+0000] {logging_mixin.py:120} INFO - [2023-10-06T23:05:17.917+0000] {dagbag.py:537} INFO - Filling up the DagBag from /home/airflow/.local/lib/python3.7/site-packages/airflow/example_dags/example_branch_day_of_week_operator.py
[2023-10-06T23:05:17.928+0000] {processor.py:766} INFO - DAG(s) dict_keys(['example_weekday_branch_operator']) retrieved from /home/airflow/.local/lib/python3.7/site-packages/airflow/example_dags/example_branch_day_of_week_operator.py
[2023-10-06T23:05:17.956+0000] {logging_mixin.py:120} INFO - [2023-10-06T23:05:17.956+0000] {dag.py:2585} INFO - Sync 1 DAGs
[2023-10-06T23:05:17.973+0000] {logging_mixin.py:120} INFO - [2023-10-06T23:05:17.973+0000] {dag.py:3340} INFO - Setting next_dagrun for example_weekday_branch_operator to 2023-10-05T00:00:00+00:00, run_after=2023-10-06T00:00:00+00:00
[2023-10-06T23:05:17.987+0000] {processor.py:176} INFO - Processing /home/airflow/.local/lib/python3.7/site-packages/airflow/example_dags/example_branch_day_of_week_operator.py took 0.073 seconds
[2023-10-06T23:05:48.094+0000] {processor.py:154} INFO - Started process (PID=3809) to work on /home/airflow/.local/lib/python3.7/site-packages/airflow/example_dags/example_branch_day_of_week_operator.py
[2023-10-06T23:05:48.095+0000] {processor.py:756} INFO - Processing file /home/airflow/.local/lib/python3.7/site-packages/airflow/example_dags/example_branch_day_of_week_operator.py for tasks to queue
[2023-10-06T23:05:48.095+0000] {logging_mixin.py:120} INFO - [2023-10-06T23:05:48.095+0000] {dagbag.py:537} INFO - Filling up the DagBag from /home/airflow/.local/lib/python3.7/site-packages/airflow/example_dags/example_branch_day_of_week_operator.py
[2023-10-06T23:05:48.106+0000] {processor.py:766} INFO - DAG(s) dict_keys(['example_weekday_branch_operator']) retrieved from /home/airflow/.local/lib/python3.7/site-packages/airflow/example_dags/example_branch_day_of_week_operator.py
[2023-10-06T23:05:48.135+0000] {logging_mixin.py:120} INFO - [2023-10-06T23:05:48.134+0000] {dag.py:2585} INFO - Sync 1 DAGs
[2023-10-06T23:05:48.152+0000] {logging_mixin.py:120} INFO - [2023-10-06T23:05:48.152+0000] {dag.py:3340} INFO - Setting next_dagrun for example_weekday_branch_operator to 2023-10-05T00:00:00+00:00, run_after=2023-10-06T00:00:00+00:00
[2023-10-06T23:05:48.166+0000] {processor.py:176} INFO - Processing /home/airflow/.local/lib/python3.7/site-packages/airflow/example_dags/example_branch_day_of_week_operator.py took 0.074 seconds
[2023-10-06T23:06:18.307+0000] {processor.py:154} INFO - Started process (PID=3874) to work on /home/airflow/.local/lib/python3.7/site-packages/airflow/example_dags/example_branch_day_of_week_operator.py
[2023-10-06T23:06:18.308+0000] {processor.py:756} INFO - Processing file /home/airflow/.local/lib/python3.7/site-packages/airflow/example_dags/example_branch_day_of_week_operator.py for tasks to queue
[2023-10-06T23:06:18.309+0000] {logging_mixin.py:120} INFO - [2023-10-06T23:06:18.309+0000] {dagbag.py:537} INFO - Filling up the DagBag from /home/airflow/.local/lib/python3.7/site-packages/airflow/example_dags/example_branch_day_of_week_operator.py
[2023-10-06T23:06:18.319+0000] {processor.py:766} INFO - DAG(s) dict_keys(['example_weekday_branch_operator']) retrieved from /home/airflow/.local/lib/python3.7/site-packages/airflow/example_dags/example_branch_day_of_week_operator.py
[2023-10-06T23:06:18.349+0000] {logging_mixin.py:120} INFO - [2023-10-06T23:06:18.349+0000] {dag.py:2585} INFO - Sync 1 DAGs
[2023-10-06T23:06:18.366+0000] {logging_mixin.py:120} INFO - [2023-10-06T23:06:18.365+0000] {dag.py:3340} INFO - Setting next_dagrun for example_weekday_branch_operator to 2023-10-05T00:00:00+00:00, run_after=2023-10-06T00:00:00+00:00
[2023-10-06T23:06:18.380+0000] {processor.py:176} INFO - Processing /home/airflow/.local/lib/python3.7/site-packages/airflow/example_dags/example_branch_day_of_week_operator.py took 0.075 seconds
[2023-10-06T23:06:48.575+0000] {processor.py:154} INFO - Started process (PID=3937) to work on /home/airflow/.local/lib/python3.7/site-packages/airflow/example_dags/example_branch_day_of_week_operator.py
[2023-10-06T23:06:48.579+0000] {processor.py:756} INFO - Processing file /home/airflow/.local/lib/python3.7/site-packages/airflow/example_dags/example_branch_day_of_week_operator.py for tasks to queue
[2023-10-06T23:06:48.580+0000] {logging_mixin.py:120} INFO - [2023-10-06T23:06:48.580+0000] {dagbag.py:537} INFO - Filling up the DagBag from /home/airflow/.local/lib/python3.7/site-packages/airflow/example_dags/example_branch_day_of_week_operator.py
[2023-10-06T23:06:48.591+0000] {processor.py:766} INFO - DAG(s) dict_keys(['example_weekday_branch_operator']) retrieved from /home/airflow/.local/lib/python3.7/site-packages/airflow/example_dags/example_branch_day_of_week_operator.py
[2023-10-06T23:06:48.619+0000] {logging_mixin.py:120} INFO - [2023-10-06T23:06:48.619+0000] {dag.py:2585} INFO - Sync 1 DAGs
[2023-10-06T23:06:48.638+0000] {logging_mixin.py:120} INFO - [2023-10-06T23:06:48.637+0000] {dag.py:3340} INFO - Setting next_dagrun for example_weekday_branch_operator to 2023-10-05T00:00:00+00:00, run_after=2023-10-06T00:00:00+00:00
[2023-10-06T23:06:48.651+0000] {processor.py:176} INFO - Processing /home/airflow/.local/lib/python3.7/site-packages/airflow/example_dags/example_branch_day_of_week_operator.py took 0.078 seconds
[2023-10-06T23:07:18.809+0000] {processor.py:154} INFO - Started process (PID=4002) to work on /home/airflow/.local/lib/python3.7/site-packages/airflow/example_dags/example_branch_day_of_week_operator.py
[2023-10-06T23:07:18.810+0000] {processor.py:756} INFO - Processing file /home/airflow/.local/lib/python3.7/site-packages/airflow/example_dags/example_branch_day_of_week_operator.py for tasks to queue
[2023-10-06T23:07:18.810+0000] {logging_mixin.py:120} INFO - [2023-10-06T23:07:18.810+0000] {dagbag.py:537} INFO - Filling up the DagBag from /home/airflow/.local/lib/python3.7/site-packages/airflow/example_dags/example_branch_day_of_week_operator.py
[2023-10-06T23:07:18.821+0000] {processor.py:766} INFO - DAG(s) dict_keys(['example_weekday_branch_operator']) retrieved from /home/airflow/.local/lib/python3.7/site-packages/airflow/example_dags/example_branch_day_of_week_operator.py
[2023-10-06T23:07:18.850+0000] {logging_mixin.py:120} INFO - [2023-10-06T23:07:18.850+0000] {dag.py:2585} INFO - Sync 1 DAGs
[2023-10-06T23:07:18.867+0000] {logging_mixin.py:120} INFO - [2023-10-06T23:07:18.867+0000] {dag.py:3340} INFO - Setting next_dagrun for example_weekday_branch_operator to 2023-10-05T00:00:00+00:00, run_after=2023-10-06T00:00:00+00:00
[2023-10-06T23:07:18.883+0000] {processor.py:176} INFO - Processing /home/airflow/.local/lib/python3.7/site-packages/airflow/example_dags/example_branch_day_of_week_operator.py took 0.076 seconds
[2023-10-06T23:07:48.966+0000] {processor.py:154} INFO - Started process (PID=4057) to work on /home/airflow/.local/lib/python3.7/site-packages/airflow/example_dags/example_branch_day_of_week_operator.py
[2023-10-06T23:07:48.967+0000] {processor.py:756} INFO - Processing file /home/airflow/.local/lib/python3.7/site-packages/airflow/example_dags/example_branch_day_of_week_operator.py for tasks to queue
[2023-10-06T23:07:48.967+0000] {logging_mixin.py:120} INFO - [2023-10-06T23:07:48.967+0000] {dagbag.py:537} INFO - Filling up the DagBag from /home/airflow/.local/lib/python3.7/site-packages/airflow/example_dags/example_branch_day_of_week_operator.py
[2023-10-06T23:07:48.980+0000] {processor.py:766} INFO - DAG(s) dict_keys(['example_weekday_branch_operator']) retrieved from /home/airflow/.local/lib/python3.7/site-packages/airflow/example_dags/example_branch_day_of_week_operator.py
[2023-10-06T23:07:49.015+0000] {logging_mixin.py:120} INFO - [2023-10-06T23:07:49.015+0000] {dag.py:2585} INFO - Sync 1 DAGs
[2023-10-06T23:07:49.040+0000] {logging_mixin.py:120} INFO - [2023-10-06T23:07:49.039+0000] {dag.py:3340} INFO - Setting next_dagrun for example_weekday_branch_operator to 2023-10-05T00:00:00+00:00, run_after=2023-10-06T00:00:00+00:00
[2023-10-06T23:07:49.056+0000] {processor.py:176} INFO - Processing /home/airflow/.local/lib/python3.7/site-packages/airflow/example_dags/example_branch_day_of_week_operator.py took 0.094 seconds
[2023-10-06T23:08:19.075+0000] {processor.py:154} INFO - Started process (PID=4121) to work on /home/airflow/.local/lib/python3.7/site-packages/airflow/example_dags/example_branch_day_of_week_operator.py
[2023-10-06T23:08:19.076+0000] {processor.py:756} INFO - Processing file /home/airflow/.local/lib/python3.7/site-packages/airflow/example_dags/example_branch_day_of_week_operator.py for tasks to queue
[2023-10-06T23:08:19.076+0000] {logging_mixin.py:120} INFO - [2023-10-06T23:08:19.076+0000] {dagbag.py:537} INFO - Filling up the DagBag from /home/airflow/.local/lib/python3.7/site-packages/airflow/example_dags/example_branch_day_of_week_operator.py
[2023-10-06T23:08:19.087+0000] {processor.py:766} INFO - DAG(s) dict_keys(['example_weekday_branch_operator']) retrieved from /home/airflow/.local/lib/python3.7/site-packages/airflow/example_dags/example_branch_day_of_week_operator.py
[2023-10-06T23:08:19.115+0000] {logging_mixin.py:120} INFO - [2023-10-06T23:08:19.115+0000] {dag.py:2585} INFO - Sync 1 DAGs
[2023-10-06T23:08:19.132+0000] {logging_mixin.py:120} INFO - [2023-10-06T23:08:19.132+0000] {dag.py:3340} INFO - Setting next_dagrun for example_weekday_branch_operator to 2023-10-05T00:00:00+00:00, run_after=2023-10-06T00:00:00+00:00
[2023-10-06T23:08:19.145+0000] {processor.py:176} INFO - Processing /home/airflow/.local/lib/python3.7/site-packages/airflow/example_dags/example_branch_day_of_week_operator.py took 0.072 seconds
[2023-10-06T23:08:49.308+0000] {processor.py:154} INFO - Started process (PID=4185) to work on /home/airflow/.local/lib/python3.7/site-packages/airflow/example_dags/example_branch_day_of_week_operator.py
[2023-10-06T23:08:49.308+0000] {processor.py:756} INFO - Processing file /home/airflow/.local/lib/python3.7/site-packages/airflow/example_dags/example_branch_day_of_week_operator.py for tasks to queue
[2023-10-06T23:08:49.309+0000] {logging_mixin.py:120} INFO - [2023-10-06T23:08:49.309+0000] {dagbag.py:537} INFO - Filling up the DagBag from /home/airflow/.local/lib/python3.7/site-packages/airflow/example_dags/example_branch_day_of_week_operator.py
[2023-10-06T23:08:49.321+0000] {processor.py:766} INFO - DAG(s) dict_keys(['example_weekday_branch_operator']) retrieved from /home/airflow/.local/lib/python3.7/site-packages/airflow/example_dags/example_branch_day_of_week_operator.py
[2023-10-06T23:08:49.353+0000] {logging_mixin.py:120} INFO - [2023-10-06T23:08:49.353+0000] {dag.py:2585} INFO - Sync 1 DAGs
[2023-10-06T23:08:49.371+0000] {logging_mixin.py:120} INFO - [2023-10-06T23:08:49.371+0000] {dag.py:3340} INFO - Setting next_dagrun for example_weekday_branch_operator to 2023-10-05T00:00:00+00:00, run_after=2023-10-06T00:00:00+00:00
[2023-10-06T23:08:49.388+0000] {processor.py:176} INFO - Processing /home/airflow/.local/lib/python3.7/site-packages/airflow/example_dags/example_branch_day_of_week_operator.py took 0.082 seconds
