[2023-10-06T22:34:53.487+0000] {processor.py:154} INFO - Started process (PID=49) to work on /home/airflow/.local/lib/python3.7/site-packages/airflow/example_dags/example_sla_dag.py
[2023-10-06T22:34:53.488+0000] {processor.py:756} INFO - Processing file /home/airflow/.local/lib/python3.7/site-packages/airflow/example_dags/example_sla_dag.py for tasks to queue
[2023-10-06T22:34:53.488+0000] {logging_mixin.py:120} INFO - [2023-10-06T22:34:53.488+0000] {dagbag.py:537} INFO - Filling up the DagBag from /home/airflow/.local/lib/python3.7/site-packages/airflow/example_dags/example_sla_dag.py
[2023-10-06T22:34:53.509+0000] {processor.py:766} INFO - DAG(s) dict_keys(['example_sla_dag']) retrieved from /home/airflow/.local/lib/python3.7/site-packages/airflow/example_dags/example_sla_dag.py
[2023-10-06T22:34:53.546+0000] {logging_mixin.py:120} INFO - [2023-10-06T22:34:53.546+0000] {dag.py:2585} INFO - Sync 1 DAGs
[2023-10-06T22:34:53.570+0000] {logging_mixin.py:120} INFO - [2023-10-06T22:34:53.569+0000] {dag.py:3340} INFO - Setting next_dagrun for example_sla_dag to 2023-10-06T22:32:00+00:00, run_after=2023-10-06T22:34:00+00:00
[2023-10-06T22:34:53.587+0000] {processor.py:176} INFO - Processing /home/airflow/.local/lib/python3.7/site-packages/airflow/example_dags/example_sla_dag.py took 0.102 seconds
[2023-10-06T22:35:24.003+0000] {processor.py:154} INFO - Started process (PID=112) to work on /home/airflow/.local/lib/python3.7/site-packages/airflow/example_dags/example_sla_dag.py
[2023-10-06T22:35:24.003+0000] {processor.py:756} INFO - Processing file /home/airflow/.local/lib/python3.7/site-packages/airflow/example_dags/example_sla_dag.py for tasks to queue
[2023-10-06T22:35:24.004+0000] {logging_mixin.py:120} INFO - [2023-10-06T22:35:24.003+0000] {dagbag.py:537} INFO - Filling up the DagBag from /home/airflow/.local/lib/python3.7/site-packages/airflow/example_dags/example_sla_dag.py
[2023-10-06T22:35:24.021+0000] {processor.py:766} INFO - DAG(s) dict_keys(['example_sla_dag']) retrieved from /home/airflow/.local/lib/python3.7/site-packages/airflow/example_dags/example_sla_dag.py
[2023-10-06T22:35:24.039+0000] {logging_mixin.py:120} INFO - [2023-10-06T22:35:24.039+0000] {dag.py:2585} INFO - Sync 1 DAGs
[2023-10-06T22:35:24.065+0000] {logging_mixin.py:120} INFO - [2023-10-06T22:35:24.064+0000] {dag.py:3340} INFO - Setting next_dagrun for example_sla_dag to 2023-10-06T22:32:00+00:00, run_after=2023-10-06T22:34:00+00:00
[2023-10-06T22:35:24.083+0000] {processor.py:176} INFO - Processing /home/airflow/.local/lib/python3.7/site-packages/airflow/example_dags/example_sla_dag.py took 0.083 seconds
[2023-10-06T22:35:55.022+0000] {processor.py:154} INFO - Started process (PID=175) to work on /home/airflow/.local/lib/python3.7/site-packages/airflow/example_dags/example_sla_dag.py
[2023-10-06T22:35:55.023+0000] {processor.py:756} INFO - Processing file /home/airflow/.local/lib/python3.7/site-packages/airflow/example_dags/example_sla_dag.py for tasks to queue
[2023-10-06T22:35:55.023+0000] {logging_mixin.py:120} INFO - [2023-10-06T22:35:55.023+0000] {dagbag.py:537} INFO - Filling up the DagBag from /home/airflow/.local/lib/python3.7/site-packages/airflow/example_dags/example_sla_dag.py
[2023-10-06T22:35:55.038+0000] {processor.py:766} INFO - DAG(s) dict_keys(['example_sla_dag']) retrieved from /home/airflow/.local/lib/python3.7/site-packages/airflow/example_dags/example_sla_dag.py
[2023-10-06T22:35:55.066+0000] {logging_mixin.py:120} INFO - [2023-10-06T22:35:55.066+0000] {dag.py:2585} INFO - Sync 1 DAGs
[2023-10-06T22:35:55.084+0000] {logging_mixin.py:120} INFO - [2023-10-06T22:35:55.084+0000] {dag.py:3340} INFO - Setting next_dagrun for example_sla_dag to 2023-10-06T22:32:00+00:00, run_after=2023-10-06T22:34:00+00:00
[2023-10-06T22:35:55.098+0000] {processor.py:176} INFO - Processing /home/airflow/.local/lib/python3.7/site-packages/airflow/example_dags/example_sla_dag.py took 0.078 seconds
[2023-10-06T22:36:25.252+0000] {processor.py:154} INFO - Started process (PID=229) to work on /home/airflow/.local/lib/python3.7/site-packages/airflow/example_dags/example_sla_dag.py
[2023-10-06T22:36:25.252+0000] {processor.py:756} INFO - Processing file /home/airflow/.local/lib/python3.7/site-packages/airflow/example_dags/example_sla_dag.py for tasks to queue
[2023-10-06T22:36:25.252+0000] {logging_mixin.py:120} INFO - [2023-10-06T22:36:25.252+0000] {dagbag.py:537} INFO - Filling up the DagBag from /home/airflow/.local/lib/python3.7/site-packages/airflow/example_dags/example_sla_dag.py
[2023-10-06T22:36:25.267+0000] {processor.py:766} INFO - DAG(s) dict_keys(['example_sla_dag']) retrieved from /home/airflow/.local/lib/python3.7/site-packages/airflow/example_dags/example_sla_dag.py
[2023-10-06T22:36:25.296+0000] {logging_mixin.py:120} INFO - [2023-10-06T22:36:25.296+0000] {dag.py:2585} INFO - Sync 1 DAGs
[2023-10-06T22:36:25.315+0000] {logging_mixin.py:120} INFO - [2023-10-06T22:36:25.315+0000] {dag.py:3340} INFO - Setting next_dagrun for example_sla_dag to 2023-10-06T22:34:00+00:00, run_after=2023-10-06T22:36:00+00:00
[2023-10-06T22:36:25.332+0000] {processor.py:176} INFO - Processing /home/airflow/.local/lib/python3.7/site-packages/airflow/example_dags/example_sla_dag.py took 0.082 seconds
[2023-10-06T22:36:56.021+0000] {processor.py:154} INFO - Started process (PID=293) to work on /home/airflow/.local/lib/python3.7/site-packages/airflow/example_dags/example_sla_dag.py
[2023-10-06T22:36:56.022+0000] {processor.py:756} INFO - Processing file /home/airflow/.local/lib/python3.7/site-packages/airflow/example_dags/example_sla_dag.py for tasks to queue
[2023-10-06T22:36:56.022+0000] {logging_mixin.py:120} INFO - [2023-10-06T22:36:56.022+0000] {dagbag.py:537} INFO - Filling up the DagBag from /home/airflow/.local/lib/python3.7/site-packages/airflow/example_dags/example_sla_dag.py
[2023-10-06T22:36:56.039+0000] {processor.py:766} INFO - DAG(s) dict_keys(['example_sla_dag']) retrieved from /home/airflow/.local/lib/python3.7/site-packages/airflow/example_dags/example_sla_dag.py
[2023-10-06T22:36:56.071+0000] {logging_mixin.py:120} INFO - [2023-10-06T22:36:56.071+0000] {dag.py:2585} INFO - Sync 1 DAGs
[2023-10-06T22:36:56.096+0000] {logging_mixin.py:120} INFO - [2023-10-06T22:36:56.095+0000] {dag.py:3340} INFO - Setting next_dagrun for example_sla_dag to 2023-10-06T22:34:00+00:00, run_after=2023-10-06T22:36:00+00:00
[2023-10-06T22:36:56.111+0000] {processor.py:176} INFO - Processing /home/airflow/.local/lib/python3.7/site-packages/airflow/example_dags/example_sla_dag.py took 0.093 seconds
[2023-10-06T22:37:26.857+0000] {processor.py:154} INFO - Started process (PID=356) to work on /home/airflow/.local/lib/python3.7/site-packages/airflow/example_dags/example_sla_dag.py
[2023-10-06T22:37:26.857+0000] {processor.py:756} INFO - Processing file /home/airflow/.local/lib/python3.7/site-packages/airflow/example_dags/example_sla_dag.py for tasks to queue
[2023-10-06T22:37:26.858+0000] {logging_mixin.py:120} INFO - [2023-10-06T22:37:26.858+0000] {dagbag.py:537} INFO - Filling up the DagBag from /home/airflow/.local/lib/python3.7/site-packages/airflow/example_dags/example_sla_dag.py
[2023-10-06T22:37:26.883+0000] {processor.py:766} INFO - DAG(s) dict_keys(['example_sla_dag']) retrieved from /home/airflow/.local/lib/python3.7/site-packages/airflow/example_dags/example_sla_dag.py
[2023-10-06T22:37:26.934+0000] {logging_mixin.py:120} INFO - [2023-10-06T22:37:26.934+0000] {dag.py:2585} INFO - Sync 1 DAGs
[2023-10-06T22:37:26.966+0000] {logging_mixin.py:120} INFO - [2023-10-06T22:37:26.966+0000] {dag.py:3340} INFO - Setting next_dagrun for example_sla_dag to 2023-10-06T22:34:00+00:00, run_after=2023-10-06T22:36:00+00:00
[2023-10-06T22:37:26.982+0000] {processor.py:176} INFO - Processing /home/airflow/.local/lib/python3.7/site-packages/airflow/example_dags/example_sla_dag.py took 0.128 seconds
[2023-10-06T22:37:57.391+0000] {processor.py:154} INFO - Started process (PID=420) to work on /home/airflow/.local/lib/python3.7/site-packages/airflow/example_dags/example_sla_dag.py
[2023-10-06T22:37:57.392+0000] {processor.py:756} INFO - Processing file /home/airflow/.local/lib/python3.7/site-packages/airflow/example_dags/example_sla_dag.py for tasks to queue
[2023-10-06T22:37:57.393+0000] {logging_mixin.py:120} INFO - [2023-10-06T22:37:57.392+0000] {dagbag.py:537} INFO - Filling up the DagBag from /home/airflow/.local/lib/python3.7/site-packages/airflow/example_dags/example_sla_dag.py
[2023-10-06T22:37:57.412+0000] {processor.py:766} INFO - DAG(s) dict_keys(['example_sla_dag']) retrieved from /home/airflow/.local/lib/python3.7/site-packages/airflow/example_dags/example_sla_dag.py
[2023-10-06T22:37:57.445+0000] {logging_mixin.py:120} INFO - [2023-10-06T22:37:57.445+0000] {dag.py:2585} INFO - Sync 1 DAGs
[2023-10-06T22:37:57.471+0000] {logging_mixin.py:120} INFO - [2023-10-06T22:37:57.471+0000] {dag.py:3340} INFO - Setting next_dagrun for example_sla_dag to 2023-10-06T22:34:00+00:00, run_after=2023-10-06T22:36:00+00:00
[2023-10-06T22:37:57.488+0000] {processor.py:176} INFO - Processing /home/airflow/.local/lib/python3.7/site-packages/airflow/example_dags/example_sla_dag.py took 0.099 seconds
[2023-10-06T22:38:27.759+0000] {processor.py:154} INFO - Started process (PID=475) to work on /home/airflow/.local/lib/python3.7/site-packages/airflow/example_dags/example_sla_dag.py
[2023-10-06T22:38:27.761+0000] {processor.py:756} INFO - Processing file /home/airflow/.local/lib/python3.7/site-packages/airflow/example_dags/example_sla_dag.py for tasks to queue
[2023-10-06T22:38:27.762+0000] {logging_mixin.py:120} INFO - [2023-10-06T22:38:27.761+0000] {dagbag.py:537} INFO - Filling up the DagBag from /home/airflow/.local/lib/python3.7/site-packages/airflow/example_dags/example_sla_dag.py
[2023-10-06T22:38:27.783+0000] {processor.py:766} INFO - DAG(s) dict_keys(['example_sla_dag']) retrieved from /home/airflow/.local/lib/python3.7/site-packages/airflow/example_dags/example_sla_dag.py
[2023-10-06T22:38:27.834+0000] {logging_mixin.py:120} INFO - [2023-10-06T22:38:27.833+0000] {dag.py:2585} INFO - Sync 1 DAGs
[2023-10-06T22:38:27.870+0000] {logging_mixin.py:120} INFO - [2023-10-06T22:38:27.870+0000] {dag.py:3340} INFO - Setting next_dagrun for example_sla_dag to 2023-10-06T22:36:00+00:00, run_after=2023-10-06T22:38:00+00:00
[2023-10-06T22:38:27.895+0000] {processor.py:176} INFO - Processing /home/airflow/.local/lib/python3.7/site-packages/airflow/example_dags/example_sla_dag.py took 0.140 seconds
[2023-10-06T22:38:58.573+0000] {processor.py:154} INFO - Started process (PID=538) to work on /home/airflow/.local/lib/python3.7/site-packages/airflow/example_dags/example_sla_dag.py
[2023-10-06T22:38:58.574+0000] {processor.py:756} INFO - Processing file /home/airflow/.local/lib/python3.7/site-packages/airflow/example_dags/example_sla_dag.py for tasks to queue
[2023-10-06T22:38:58.575+0000] {logging_mixin.py:120} INFO - [2023-10-06T22:38:58.575+0000] {dagbag.py:537} INFO - Filling up the DagBag from /home/airflow/.local/lib/python3.7/site-packages/airflow/example_dags/example_sla_dag.py
[2023-10-06T22:38:58.593+0000] {processor.py:766} INFO - DAG(s) dict_keys(['example_sla_dag']) retrieved from /home/airflow/.local/lib/python3.7/site-packages/airflow/example_dags/example_sla_dag.py
[2023-10-06T22:38:58.625+0000] {logging_mixin.py:120} INFO - [2023-10-06T22:38:58.624+0000] {dag.py:2585} INFO - Sync 1 DAGs
[2023-10-06T22:38:58.648+0000] {logging_mixin.py:120} INFO - [2023-10-06T22:38:58.648+0000] {dag.py:3340} INFO - Setting next_dagrun for example_sla_dag to 2023-10-06T22:36:00+00:00, run_after=2023-10-06T22:38:00+00:00
[2023-10-06T22:38:58.664+0000] {processor.py:176} INFO - Processing /home/airflow/.local/lib/python3.7/site-packages/airflow/example_dags/example_sla_dag.py took 0.093 seconds
[2023-10-06T22:39:29.242+0000] {processor.py:154} INFO - Started process (PID=603) to work on /home/airflow/.local/lib/python3.7/site-packages/airflow/example_dags/example_sla_dag.py
[2023-10-06T22:39:29.243+0000] {processor.py:756} INFO - Processing file /home/airflow/.local/lib/python3.7/site-packages/airflow/example_dags/example_sla_dag.py for tasks to queue
[2023-10-06T22:39:29.243+0000] {logging_mixin.py:120} INFO - [2023-10-06T22:39:29.243+0000] {dagbag.py:537} INFO - Filling up the DagBag from /home/airflow/.local/lib/python3.7/site-packages/airflow/example_dags/example_sla_dag.py
[2023-10-06T22:39:29.271+0000] {processor.py:766} INFO - DAG(s) dict_keys(['example_sla_dag']) retrieved from /home/airflow/.local/lib/python3.7/site-packages/airflow/example_dags/example_sla_dag.py
[2023-10-06T22:39:29.311+0000] {logging_mixin.py:120} INFO - [2023-10-06T22:39:29.311+0000] {dag.py:2585} INFO - Sync 1 DAGs
[2023-10-06T22:39:29.340+0000] {logging_mixin.py:120} INFO - [2023-10-06T22:39:29.340+0000] {dag.py:3340} INFO - Setting next_dagrun for example_sla_dag to 2023-10-06T22:36:00+00:00, run_after=2023-10-06T22:38:00+00:00
[2023-10-06T22:39:29.362+0000] {processor.py:176} INFO - Processing /home/airflow/.local/lib/python3.7/site-packages/airflow/example_dags/example_sla_dag.py took 0.124 seconds
[2023-10-06T22:39:59.616+0000] {processor.py:154} INFO - Started process (PID=666) to work on /home/airflow/.local/lib/python3.7/site-packages/airflow/example_dags/example_sla_dag.py
[2023-10-06T22:39:59.619+0000] {processor.py:756} INFO - Processing file /home/airflow/.local/lib/python3.7/site-packages/airflow/example_dags/example_sla_dag.py for tasks to queue
[2023-10-06T22:39:59.620+0000] {logging_mixin.py:120} INFO - [2023-10-06T22:39:59.619+0000] {dagbag.py:537} INFO - Filling up the DagBag from /home/airflow/.local/lib/python3.7/site-packages/airflow/example_dags/example_sla_dag.py
[2023-10-06T22:39:59.639+0000] {processor.py:766} INFO - DAG(s) dict_keys(['example_sla_dag']) retrieved from /home/airflow/.local/lib/python3.7/site-packages/airflow/example_dags/example_sla_dag.py
[2023-10-06T22:39:59.674+0000] {logging_mixin.py:120} INFO - [2023-10-06T22:39:59.674+0000] {dag.py:2585} INFO - Sync 1 DAGs
[2023-10-06T22:39:59.698+0000] {logging_mixin.py:120} INFO - [2023-10-06T22:39:59.698+0000] {dag.py:3340} INFO - Setting next_dagrun for example_sla_dag to 2023-10-06T22:36:00+00:00, run_after=2023-10-06T22:38:00+00:00
[2023-10-06T22:39:59.714+0000] {processor.py:176} INFO - Processing /home/airflow/.local/lib/python3.7/site-packages/airflow/example_dags/example_sla_dag.py took 0.100 seconds
[2023-10-06T22:40:30.283+0000] {processor.py:154} INFO - Started process (PID=720) to work on /home/airflow/.local/lib/python3.7/site-packages/airflow/example_dags/example_sla_dag.py
[2023-10-06T22:40:30.284+0000] {processor.py:756} INFO - Processing file /home/airflow/.local/lib/python3.7/site-packages/airflow/example_dags/example_sla_dag.py for tasks to queue
[2023-10-06T22:40:30.284+0000] {logging_mixin.py:120} INFO - [2023-10-06T22:40:30.284+0000] {dagbag.py:537} INFO - Filling up the DagBag from /home/airflow/.local/lib/python3.7/site-packages/airflow/example_dags/example_sla_dag.py
[2023-10-06T22:40:30.303+0000] {processor.py:766} INFO - DAG(s) dict_keys(['example_sla_dag']) retrieved from /home/airflow/.local/lib/python3.7/site-packages/airflow/example_dags/example_sla_dag.py
[2023-10-06T22:40:30.337+0000] {logging_mixin.py:120} INFO - [2023-10-06T22:40:30.337+0000] {dag.py:2585} INFO - Sync 1 DAGs
[2023-10-06T22:40:30.360+0000] {logging_mixin.py:120} INFO - [2023-10-06T22:40:30.360+0000] {dag.py:3340} INFO - Setting next_dagrun for example_sla_dag to 2023-10-06T22:38:00+00:00, run_after=2023-10-06T22:40:00+00:00
[2023-10-06T22:40:30.376+0000] {processor.py:176} INFO - Processing /home/airflow/.local/lib/python3.7/site-packages/airflow/example_dags/example_sla_dag.py took 0.096 seconds
[2023-10-06T22:41:00.840+0000] {processor.py:154} INFO - Started process (PID=783) to work on /home/airflow/.local/lib/python3.7/site-packages/airflow/example_dags/example_sla_dag.py
[2023-10-06T22:41:00.842+0000] {processor.py:756} INFO - Processing file /home/airflow/.local/lib/python3.7/site-packages/airflow/example_dags/example_sla_dag.py for tasks to queue
[2023-10-06T22:41:00.842+0000] {logging_mixin.py:120} INFO - [2023-10-06T22:41:00.842+0000] {dagbag.py:537} INFO - Filling up the DagBag from /home/airflow/.local/lib/python3.7/site-packages/airflow/example_dags/example_sla_dag.py
[2023-10-06T22:41:00.858+0000] {processor.py:766} INFO - DAG(s) dict_keys(['example_sla_dag']) retrieved from /home/airflow/.local/lib/python3.7/site-packages/airflow/example_dags/example_sla_dag.py
[2023-10-06T22:41:00.887+0000] {logging_mixin.py:120} INFO - [2023-10-06T22:41:00.887+0000] {dag.py:2585} INFO - Sync 1 DAGs
[2023-10-06T22:41:00.910+0000] {logging_mixin.py:120} INFO - [2023-10-06T22:41:00.910+0000] {dag.py:3340} INFO - Setting next_dagrun for example_sla_dag to 2023-10-06T22:38:00+00:00, run_after=2023-10-06T22:40:00+00:00
[2023-10-06T22:41:00.925+0000] {processor.py:176} INFO - Processing /home/airflow/.local/lib/python3.7/site-packages/airflow/example_dags/example_sla_dag.py took 0.087 seconds
[2023-10-06T22:41:31.360+0000] {processor.py:154} INFO - Started process (PID=846) to work on /home/airflow/.local/lib/python3.7/site-packages/airflow/example_dags/example_sla_dag.py
[2023-10-06T22:41:31.361+0000] {processor.py:756} INFO - Processing file /home/airflow/.local/lib/python3.7/site-packages/airflow/example_dags/example_sla_dag.py for tasks to queue
[2023-10-06T22:41:31.361+0000] {logging_mixin.py:120} INFO - [2023-10-06T22:41:31.361+0000] {dagbag.py:537} INFO - Filling up the DagBag from /home/airflow/.local/lib/python3.7/site-packages/airflow/example_dags/example_sla_dag.py
[2023-10-06T22:41:31.376+0000] {processor.py:766} INFO - DAG(s) dict_keys(['example_sla_dag']) retrieved from /home/airflow/.local/lib/python3.7/site-packages/airflow/example_dags/example_sla_dag.py
[2023-10-06T22:41:31.408+0000] {logging_mixin.py:120} INFO - [2023-10-06T22:41:31.408+0000] {dag.py:2585} INFO - Sync 1 DAGs
[2023-10-06T22:41:31.431+0000] {logging_mixin.py:120} INFO - [2023-10-06T22:41:31.430+0000] {dag.py:3340} INFO - Setting next_dagrun for example_sla_dag to 2023-10-06T22:38:00+00:00, run_after=2023-10-06T22:40:00+00:00
[2023-10-06T22:41:31.448+0000] {processor.py:176} INFO - Processing /home/airflow/.local/lib/python3.7/site-packages/airflow/example_dags/example_sla_dag.py took 0.090 seconds
[2023-10-06T22:42:01.751+0000] {processor.py:154} INFO - Started process (PID=909) to work on /home/airflow/.local/lib/python3.7/site-packages/airflow/example_dags/example_sla_dag.py
[2023-10-06T22:42:01.752+0000] {processor.py:756} INFO - Processing file /home/airflow/.local/lib/python3.7/site-packages/airflow/example_dags/example_sla_dag.py for tasks to queue
[2023-10-06T22:42:01.753+0000] {logging_mixin.py:120} INFO - [2023-10-06T22:42:01.753+0000] {dagbag.py:537} INFO - Filling up the DagBag from /home/airflow/.local/lib/python3.7/site-packages/airflow/example_dags/example_sla_dag.py
[2023-10-06T22:42:01.774+0000] {processor.py:766} INFO - DAG(s) dict_keys(['example_sla_dag']) retrieved from /home/airflow/.local/lib/python3.7/site-packages/airflow/example_dags/example_sla_dag.py
[2023-10-06T22:42:01.810+0000] {logging_mixin.py:120} INFO - [2023-10-06T22:42:01.810+0000] {dag.py:2585} INFO - Sync 1 DAGs
[2023-10-06T22:42:01.834+0000] {logging_mixin.py:120} INFO - [2023-10-06T22:42:01.834+0000] {dag.py:3340} INFO - Setting next_dagrun for example_sla_dag to 2023-10-06T22:40:00+00:00, run_after=2023-10-06T22:42:00+00:00
[2023-10-06T22:42:01.848+0000] {processor.py:176} INFO - Processing /home/airflow/.local/lib/python3.7/site-packages/airflow/example_dags/example_sla_dag.py took 0.099 seconds
[2023-10-06T22:42:32.286+0000] {processor.py:154} INFO - Started process (PID=963) to work on /home/airflow/.local/lib/python3.7/site-packages/airflow/example_dags/example_sla_dag.py
[2023-10-06T22:42:32.286+0000] {processor.py:756} INFO - Processing file /home/airflow/.local/lib/python3.7/site-packages/airflow/example_dags/example_sla_dag.py for tasks to queue
[2023-10-06T22:42:32.287+0000] {logging_mixin.py:120} INFO - [2023-10-06T22:42:32.287+0000] {dagbag.py:537} INFO - Filling up the DagBag from /home/airflow/.local/lib/python3.7/site-packages/airflow/example_dags/example_sla_dag.py
[2023-10-06T22:42:32.307+0000] {processor.py:766} INFO - DAG(s) dict_keys(['example_sla_dag']) retrieved from /home/airflow/.local/lib/python3.7/site-packages/airflow/example_dags/example_sla_dag.py
[2023-10-06T22:42:32.339+0000] {logging_mixin.py:120} INFO - [2023-10-06T22:42:32.339+0000] {dag.py:2585} INFO - Sync 1 DAGs
[2023-10-06T22:42:32.358+0000] {logging_mixin.py:120} INFO - [2023-10-06T22:42:32.358+0000] {dag.py:3340} INFO - Setting next_dagrun for example_sla_dag to 2023-10-06T22:40:00+00:00, run_after=2023-10-06T22:42:00+00:00
[2023-10-06T22:42:32.375+0000] {processor.py:176} INFO - Processing /home/airflow/.local/lib/python3.7/site-packages/airflow/example_dags/example_sla_dag.py took 0.093 seconds
[2023-10-06T22:43:02.612+0000] {processor.py:154} INFO - Started process (PID=1027) to work on /home/airflow/.local/lib/python3.7/site-packages/airflow/example_dags/example_sla_dag.py
[2023-10-06T22:43:02.613+0000] {processor.py:756} INFO - Processing file /home/airflow/.local/lib/python3.7/site-packages/airflow/example_dags/example_sla_dag.py for tasks to queue
[2023-10-06T22:43:02.614+0000] {logging_mixin.py:120} INFO - [2023-10-06T22:43:02.614+0000] {dagbag.py:537} INFO - Filling up the DagBag from /home/airflow/.local/lib/python3.7/site-packages/airflow/example_dags/example_sla_dag.py
[2023-10-06T22:43:02.630+0000] {processor.py:766} INFO - DAG(s) dict_keys(['example_sla_dag']) retrieved from /home/airflow/.local/lib/python3.7/site-packages/airflow/example_dags/example_sla_dag.py
[2023-10-06T22:43:02.662+0000] {logging_mixin.py:120} INFO - [2023-10-06T22:43:02.662+0000] {dag.py:2585} INFO - Sync 1 DAGs
[2023-10-06T22:43:02.683+0000] {logging_mixin.py:120} INFO - [2023-10-06T22:43:02.683+0000] {dag.py:3340} INFO - Setting next_dagrun for example_sla_dag to 2023-10-06T22:40:00+00:00, run_after=2023-10-06T22:42:00+00:00
[2023-10-06T22:43:02.700+0000] {processor.py:176} INFO - Processing /home/airflow/.local/lib/python3.7/site-packages/airflow/example_dags/example_sla_dag.py took 0.089 seconds
[2023-10-06T22:43:32.966+0000] {processor.py:154} INFO - Started process (PID=1091) to work on /home/airflow/.local/lib/python3.7/site-packages/airflow/example_dags/example_sla_dag.py
[2023-10-06T22:43:32.966+0000] {processor.py:756} INFO - Processing file /home/airflow/.local/lib/python3.7/site-packages/airflow/example_dags/example_sla_dag.py for tasks to queue
[2023-10-06T22:43:32.967+0000] {logging_mixin.py:120} INFO - [2023-10-06T22:43:32.967+0000] {dagbag.py:537} INFO - Filling up the DagBag from /home/airflow/.local/lib/python3.7/site-packages/airflow/example_dags/example_sla_dag.py
[2023-10-06T22:43:32.982+0000] {processor.py:766} INFO - DAG(s) dict_keys(['example_sla_dag']) retrieved from /home/airflow/.local/lib/python3.7/site-packages/airflow/example_dags/example_sla_dag.py
[2023-10-06T22:43:33.009+0000] {logging_mixin.py:120} INFO - [2023-10-06T22:43:33.009+0000] {dag.py:2585} INFO - Sync 1 DAGs
[2023-10-06T22:43:33.030+0000] {logging_mixin.py:120} INFO - [2023-10-06T22:43:33.030+0000] {dag.py:3340} INFO - Setting next_dagrun for example_sla_dag to 2023-10-06T22:40:00+00:00, run_after=2023-10-06T22:42:00+00:00
[2023-10-06T22:43:33.049+0000] {processor.py:176} INFO - Processing /home/airflow/.local/lib/python3.7/site-packages/airflow/example_dags/example_sla_dag.py took 0.086 seconds
[2023-10-06T22:44:03.335+0000] {processor.py:154} INFO - Started process (PID=1154) to work on /home/airflow/.local/lib/python3.7/site-packages/airflow/example_dags/example_sla_dag.py
[2023-10-06T22:44:03.336+0000] {processor.py:756} INFO - Processing file /home/airflow/.local/lib/python3.7/site-packages/airflow/example_dags/example_sla_dag.py for tasks to queue
[2023-10-06T22:44:03.337+0000] {logging_mixin.py:120} INFO - [2023-10-06T22:44:03.337+0000] {dagbag.py:537} INFO - Filling up the DagBag from /home/airflow/.local/lib/python3.7/site-packages/airflow/example_dags/example_sla_dag.py
[2023-10-06T22:44:03.351+0000] {processor.py:766} INFO - DAG(s) dict_keys(['example_sla_dag']) retrieved from /home/airflow/.local/lib/python3.7/site-packages/airflow/example_dags/example_sla_dag.py
[2023-10-06T22:44:03.379+0000] {logging_mixin.py:120} INFO - [2023-10-06T22:44:03.379+0000] {dag.py:2585} INFO - Sync 1 DAGs
[2023-10-06T22:44:03.399+0000] {logging_mixin.py:120} INFO - [2023-10-06T22:44:03.399+0000] {dag.py:3340} INFO - Setting next_dagrun for example_sla_dag to 2023-10-06T22:42:00+00:00, run_after=2023-10-06T22:44:00+00:00
[2023-10-06T22:44:03.414+0000] {processor.py:176} INFO - Processing /home/airflow/.local/lib/python3.7/site-packages/airflow/example_dags/example_sla_dag.py took 0.081 seconds
[2023-10-06T22:44:33.648+0000] {processor.py:154} INFO - Started process (PID=1209) to work on /home/airflow/.local/lib/python3.7/site-packages/airflow/example_dags/example_sla_dag.py
[2023-10-06T22:44:33.650+0000] {processor.py:756} INFO - Processing file /home/airflow/.local/lib/python3.7/site-packages/airflow/example_dags/example_sla_dag.py for tasks to queue
[2023-10-06T22:44:33.650+0000] {logging_mixin.py:120} INFO - [2023-10-06T22:44:33.650+0000] {dagbag.py:537} INFO - Filling up the DagBag from /home/airflow/.local/lib/python3.7/site-packages/airflow/example_dags/example_sla_dag.py
[2023-10-06T22:44:33.666+0000] {processor.py:766} INFO - DAG(s) dict_keys(['example_sla_dag']) retrieved from /home/airflow/.local/lib/python3.7/site-packages/airflow/example_dags/example_sla_dag.py
[2023-10-06T22:44:33.697+0000] {logging_mixin.py:120} INFO - [2023-10-06T22:44:33.697+0000] {dag.py:2585} INFO - Sync 1 DAGs
[2023-10-06T22:44:33.715+0000] {logging_mixin.py:120} INFO - [2023-10-06T22:44:33.715+0000] {dag.py:3340} INFO - Setting next_dagrun for example_sla_dag to 2023-10-06T22:42:00+00:00, run_after=2023-10-06T22:44:00+00:00
[2023-10-06T22:44:33.729+0000] {processor.py:176} INFO - Processing /home/airflow/.local/lib/python3.7/site-packages/airflow/example_dags/example_sla_dag.py took 0.083 seconds
[2023-10-06T22:45:04.018+0000] {processor.py:154} INFO - Started process (PID=1272) to work on /home/airflow/.local/lib/python3.7/site-packages/airflow/example_dags/example_sla_dag.py
[2023-10-06T22:45:04.019+0000] {processor.py:756} INFO - Processing file /home/airflow/.local/lib/python3.7/site-packages/airflow/example_dags/example_sla_dag.py for tasks to queue
[2023-10-06T22:45:04.019+0000] {logging_mixin.py:120} INFO - [2023-10-06T22:45:04.019+0000] {dagbag.py:537} INFO - Filling up the DagBag from /home/airflow/.local/lib/python3.7/site-packages/airflow/example_dags/example_sla_dag.py
[2023-10-06T22:45:04.035+0000] {processor.py:766} INFO - DAG(s) dict_keys(['example_sla_dag']) retrieved from /home/airflow/.local/lib/python3.7/site-packages/airflow/example_dags/example_sla_dag.py
[2023-10-06T22:45:04.065+0000] {logging_mixin.py:120} INFO - [2023-10-06T22:45:04.065+0000] {dag.py:2585} INFO - Sync 1 DAGs
[2023-10-06T22:45:04.085+0000] {logging_mixin.py:120} INFO - [2023-10-06T22:45:04.085+0000] {dag.py:3340} INFO - Setting next_dagrun for example_sla_dag to 2023-10-06T22:42:00+00:00, run_after=2023-10-06T22:44:00+00:00
[2023-10-06T22:45:04.100+0000] {processor.py:176} INFO - Processing /home/airflow/.local/lib/python3.7/site-packages/airflow/example_dags/example_sla_dag.py took 0.084 seconds
[2023-10-06T22:45:34.380+0000] {processor.py:154} INFO - Started process (PID=1336) to work on /home/airflow/.local/lib/python3.7/site-packages/airflow/example_dags/example_sla_dag.py
[2023-10-06T22:45:34.380+0000] {processor.py:756} INFO - Processing file /home/airflow/.local/lib/python3.7/site-packages/airflow/example_dags/example_sla_dag.py for tasks to queue
[2023-10-06T22:45:34.380+0000] {logging_mixin.py:120} INFO - [2023-10-06T22:45:34.380+0000] {dagbag.py:537} INFO - Filling up the DagBag from /home/airflow/.local/lib/python3.7/site-packages/airflow/example_dags/example_sla_dag.py
[2023-10-06T22:45:34.396+0000] {processor.py:766} INFO - DAG(s) dict_keys(['example_sla_dag']) retrieved from /home/airflow/.local/lib/python3.7/site-packages/airflow/example_dags/example_sla_dag.py
[2023-10-06T22:45:34.425+0000] {logging_mixin.py:120} INFO - [2023-10-06T22:45:34.425+0000] {dag.py:2585} INFO - Sync 1 DAGs
[2023-10-06T22:45:34.446+0000] {logging_mixin.py:120} INFO - [2023-10-06T22:45:34.446+0000] {dag.py:3340} INFO - Setting next_dagrun for example_sla_dag to 2023-10-06T22:42:00+00:00, run_after=2023-10-06T22:44:00+00:00
[2023-10-06T22:45:34.461+0000] {processor.py:176} INFO - Processing /home/airflow/.local/lib/python3.7/site-packages/airflow/example_dags/example_sla_dag.py took 0.084 seconds
[2023-10-06T22:46:04.627+0000] {processor.py:154} INFO - Started process (PID=1400) to work on /home/airflow/.local/lib/python3.7/site-packages/airflow/example_dags/example_sla_dag.py
[2023-10-06T22:46:04.628+0000] {processor.py:756} INFO - Processing file /home/airflow/.local/lib/python3.7/site-packages/airflow/example_dags/example_sla_dag.py for tasks to queue
[2023-10-06T22:46:04.629+0000] {logging_mixin.py:120} INFO - [2023-10-06T22:46:04.629+0000] {dagbag.py:537} INFO - Filling up the DagBag from /home/airflow/.local/lib/python3.7/site-packages/airflow/example_dags/example_sla_dag.py
[2023-10-06T22:46:04.646+0000] {processor.py:766} INFO - DAG(s) dict_keys(['example_sla_dag']) retrieved from /home/airflow/.local/lib/python3.7/site-packages/airflow/example_dags/example_sla_dag.py
[2023-10-06T22:46:04.677+0000] {logging_mixin.py:120} INFO - [2023-10-06T22:46:04.677+0000] {dag.py:2585} INFO - Sync 1 DAGs
[2023-10-06T22:46:04.699+0000] {logging_mixin.py:120} INFO - [2023-10-06T22:46:04.699+0000] {dag.py:3340} INFO - Setting next_dagrun for example_sla_dag to 2023-10-06T22:44:00+00:00, run_after=2023-10-06T22:46:00+00:00
[2023-10-06T22:46:04.718+0000] {processor.py:176} INFO - Processing /home/airflow/.local/lib/python3.7/site-packages/airflow/example_dags/example_sla_dag.py took 0.093 seconds
[2023-10-06T22:46:35.110+0000] {processor.py:154} INFO - Started process (PID=1455) to work on /home/airflow/.local/lib/python3.7/site-packages/airflow/example_dags/example_sla_dag.py
[2023-10-06T22:46:35.110+0000] {processor.py:756} INFO - Processing file /home/airflow/.local/lib/python3.7/site-packages/airflow/example_dags/example_sla_dag.py for tasks to queue
[2023-10-06T22:46:35.111+0000] {logging_mixin.py:120} INFO - [2023-10-06T22:46:35.111+0000] {dagbag.py:537} INFO - Filling up the DagBag from /home/airflow/.local/lib/python3.7/site-packages/airflow/example_dags/example_sla_dag.py
[2023-10-06T22:46:35.126+0000] {processor.py:766} INFO - DAG(s) dict_keys(['example_sla_dag']) retrieved from /home/airflow/.local/lib/python3.7/site-packages/airflow/example_dags/example_sla_dag.py
[2023-10-06T22:46:35.154+0000] {logging_mixin.py:120} INFO - [2023-10-06T22:46:35.154+0000] {dag.py:2585} INFO - Sync 1 DAGs
[2023-10-06T22:46:35.173+0000] {logging_mixin.py:120} INFO - [2023-10-06T22:46:35.173+0000] {dag.py:3340} INFO - Setting next_dagrun for example_sla_dag to 2023-10-06T22:44:00+00:00, run_after=2023-10-06T22:46:00+00:00
[2023-10-06T22:46:35.187+0000] {processor.py:176} INFO - Processing /home/airflow/.local/lib/python3.7/site-packages/airflow/example_dags/example_sla_dag.py took 0.079 seconds
[2023-10-06T22:47:05.545+0000] {processor.py:154} INFO - Started process (PID=1520) to work on /home/airflow/.local/lib/python3.7/site-packages/airflow/example_dags/example_sla_dag.py
[2023-10-06T22:47:05.546+0000] {processor.py:756} INFO - Processing file /home/airflow/.local/lib/python3.7/site-packages/airflow/example_dags/example_sla_dag.py for tasks to queue
[2023-10-06T22:47:05.547+0000] {logging_mixin.py:120} INFO - [2023-10-06T22:47:05.547+0000] {dagbag.py:537} INFO - Filling up the DagBag from /home/airflow/.local/lib/python3.7/site-packages/airflow/example_dags/example_sla_dag.py
[2023-10-06T22:47:05.568+0000] {processor.py:766} INFO - DAG(s) dict_keys(['example_sla_dag']) retrieved from /home/airflow/.local/lib/python3.7/site-packages/airflow/example_dags/example_sla_dag.py
[2023-10-06T22:47:05.599+0000] {logging_mixin.py:120} INFO - [2023-10-06T22:47:05.599+0000] {dag.py:2585} INFO - Sync 1 DAGs
[2023-10-06T22:47:05.620+0000] {logging_mixin.py:120} INFO - [2023-10-06T22:47:05.620+0000] {dag.py:3340} INFO - Setting next_dagrun for example_sla_dag to 2023-10-06T22:44:00+00:00, run_after=2023-10-06T22:46:00+00:00
[2023-10-06T22:47:05.637+0000] {processor.py:176} INFO - Processing /home/airflow/.local/lib/python3.7/site-packages/airflow/example_dags/example_sla_dag.py took 0.094 seconds
[2023-10-06T22:47:35.925+0000] {processor.py:154} INFO - Started process (PID=1583) to work on /home/airflow/.local/lib/python3.7/site-packages/airflow/example_dags/example_sla_dag.py
[2023-10-06T22:47:35.926+0000] {processor.py:756} INFO - Processing file /home/airflow/.local/lib/python3.7/site-packages/airflow/example_dags/example_sla_dag.py for tasks to queue
[2023-10-06T22:47:35.926+0000] {logging_mixin.py:120} INFO - [2023-10-06T22:47:35.926+0000] {dagbag.py:537} INFO - Filling up the DagBag from /home/airflow/.local/lib/python3.7/site-packages/airflow/example_dags/example_sla_dag.py
[2023-10-06T22:47:35.941+0000] {processor.py:766} INFO - DAG(s) dict_keys(['example_sla_dag']) retrieved from /home/airflow/.local/lib/python3.7/site-packages/airflow/example_dags/example_sla_dag.py
[2023-10-06T22:47:35.971+0000] {logging_mixin.py:120} INFO - [2023-10-06T22:47:35.971+0000] {dag.py:2585} INFO - Sync 1 DAGs
[2023-10-06T22:47:35.991+0000] {logging_mixin.py:120} INFO - [2023-10-06T22:47:35.991+0000] {dag.py:3340} INFO - Setting next_dagrun for example_sla_dag to 2023-10-06T22:44:00+00:00, run_after=2023-10-06T22:46:00+00:00
[2023-10-06T22:47:36.006+0000] {processor.py:176} INFO - Processing /home/airflow/.local/lib/python3.7/site-packages/airflow/example_dags/example_sla_dag.py took 0.083 seconds
[2023-10-06T22:48:06.290+0000] {processor.py:154} INFO - Started process (PID=1647) to work on /home/airflow/.local/lib/python3.7/site-packages/airflow/example_dags/example_sla_dag.py
[2023-10-06T22:48:06.291+0000] {processor.py:756} INFO - Processing file /home/airflow/.local/lib/python3.7/site-packages/airflow/example_dags/example_sla_dag.py for tasks to queue
[2023-10-06T22:48:06.292+0000] {logging_mixin.py:120} INFO - [2023-10-06T22:48:06.292+0000] {dagbag.py:537} INFO - Filling up the DagBag from /home/airflow/.local/lib/python3.7/site-packages/airflow/example_dags/example_sla_dag.py
[2023-10-06T22:48:06.307+0000] {processor.py:766} INFO - DAG(s) dict_keys(['example_sla_dag']) retrieved from /home/airflow/.local/lib/python3.7/site-packages/airflow/example_dags/example_sla_dag.py
[2023-10-06T22:48:06.335+0000] {logging_mixin.py:120} INFO - [2023-10-06T22:48:06.335+0000] {dag.py:2585} INFO - Sync 1 DAGs
[2023-10-06T22:48:06.354+0000] {logging_mixin.py:120} INFO - [2023-10-06T22:48:06.354+0000] {dag.py:3340} INFO - Setting next_dagrun for example_sla_dag to 2023-10-06T22:46:00+00:00, run_after=2023-10-06T22:48:00+00:00
[2023-10-06T22:48:06.372+0000] {processor.py:176} INFO - Processing /home/airflow/.local/lib/python3.7/site-packages/airflow/example_dags/example_sla_dag.py took 0.084 seconds
[2023-10-06T22:48:36.718+0000] {processor.py:154} INFO - Started process (PID=1701) to work on /home/airflow/.local/lib/python3.7/site-packages/airflow/example_dags/example_sla_dag.py
[2023-10-06T22:48:36.719+0000] {processor.py:756} INFO - Processing file /home/airflow/.local/lib/python3.7/site-packages/airflow/example_dags/example_sla_dag.py for tasks to queue
[2023-10-06T22:48:36.720+0000] {logging_mixin.py:120} INFO - [2023-10-06T22:48:36.719+0000] {dagbag.py:537} INFO - Filling up the DagBag from /home/airflow/.local/lib/python3.7/site-packages/airflow/example_dags/example_sla_dag.py
[2023-10-06T22:48:36.736+0000] {processor.py:766} INFO - DAG(s) dict_keys(['example_sla_dag']) retrieved from /home/airflow/.local/lib/python3.7/site-packages/airflow/example_dags/example_sla_dag.py
[2023-10-06T22:48:36.767+0000] {logging_mixin.py:120} INFO - [2023-10-06T22:48:36.767+0000] {dag.py:2585} INFO - Sync 1 DAGs
[2023-10-06T22:48:36.788+0000] {logging_mixin.py:120} INFO - [2023-10-06T22:48:36.788+0000] {dag.py:3340} INFO - Setting next_dagrun for example_sla_dag to 2023-10-06T22:46:00+00:00, run_after=2023-10-06T22:48:00+00:00
[2023-10-06T22:48:36.803+0000] {processor.py:176} INFO - Processing /home/airflow/.local/lib/python3.7/site-packages/airflow/example_dags/example_sla_dag.py took 0.087 seconds
[2023-10-06T22:49:07.306+0000] {processor.py:154} INFO - Started process (PID=1765) to work on /home/airflow/.local/lib/python3.7/site-packages/airflow/example_dags/example_sla_dag.py
[2023-10-06T22:49:07.307+0000] {processor.py:756} INFO - Processing file /home/airflow/.local/lib/python3.7/site-packages/airflow/example_dags/example_sla_dag.py for tasks to queue
[2023-10-06T22:49:07.307+0000] {logging_mixin.py:120} INFO - [2023-10-06T22:49:07.307+0000] {dagbag.py:537} INFO - Filling up the DagBag from /home/airflow/.local/lib/python3.7/site-packages/airflow/example_dags/example_sla_dag.py
[2023-10-06T22:49:07.321+0000] {processor.py:766} INFO - DAG(s) dict_keys(['example_sla_dag']) retrieved from /home/airflow/.local/lib/python3.7/site-packages/airflow/example_dags/example_sla_dag.py
[2023-10-06T22:49:07.351+0000] {logging_mixin.py:120} INFO - [2023-10-06T22:49:07.351+0000] {dag.py:2585} INFO - Sync 1 DAGs
[2023-10-06T22:49:07.369+0000] {logging_mixin.py:120} INFO - [2023-10-06T22:49:07.369+0000] {dag.py:3340} INFO - Setting next_dagrun for example_sla_dag to 2023-10-06T22:46:00+00:00, run_after=2023-10-06T22:48:00+00:00
[2023-10-06T22:49:07.384+0000] {processor.py:176} INFO - Processing /home/airflow/.local/lib/python3.7/site-packages/airflow/example_dags/example_sla_dag.py took 0.080 seconds
[2023-10-06T22:49:37.776+0000] {processor.py:154} INFO - Started process (PID=1829) to work on /home/airflow/.local/lib/python3.7/site-packages/airflow/example_dags/example_sla_dag.py
[2023-10-06T22:49:37.777+0000] {processor.py:756} INFO - Processing file /home/airflow/.local/lib/python3.7/site-packages/airflow/example_dags/example_sla_dag.py for tasks to queue
[2023-10-06T22:49:37.778+0000] {logging_mixin.py:120} INFO - [2023-10-06T22:49:37.778+0000] {dagbag.py:537} INFO - Filling up the DagBag from /home/airflow/.local/lib/python3.7/site-packages/airflow/example_dags/example_sla_dag.py
[2023-10-06T22:49:37.792+0000] {processor.py:766} INFO - DAG(s) dict_keys(['example_sla_dag']) retrieved from /home/airflow/.local/lib/python3.7/site-packages/airflow/example_dags/example_sla_dag.py
[2023-10-06T22:49:37.822+0000] {logging_mixin.py:120} INFO - [2023-10-06T22:49:37.822+0000] {dag.py:2585} INFO - Sync 1 DAGs
[2023-10-06T22:49:37.844+0000] {logging_mixin.py:120} INFO - [2023-10-06T22:49:37.844+0000] {dag.py:3340} INFO - Setting next_dagrun for example_sla_dag to 2023-10-06T22:46:00+00:00, run_after=2023-10-06T22:48:00+00:00
[2023-10-06T22:49:37.863+0000] {processor.py:176} INFO - Processing /home/airflow/.local/lib/python3.7/site-packages/airflow/example_dags/example_sla_dag.py took 0.090 seconds
[2023-10-06T22:50:08.110+0000] {processor.py:154} INFO - Started process (PID=1893) to work on /home/airflow/.local/lib/python3.7/site-packages/airflow/example_dags/example_sla_dag.py
[2023-10-06T22:50:08.111+0000] {processor.py:756} INFO - Processing file /home/airflow/.local/lib/python3.7/site-packages/airflow/example_dags/example_sla_dag.py for tasks to queue
[2023-10-06T22:50:08.111+0000] {logging_mixin.py:120} INFO - [2023-10-06T22:50:08.111+0000] {dagbag.py:537} INFO - Filling up the DagBag from /home/airflow/.local/lib/python3.7/site-packages/airflow/example_dags/example_sla_dag.py
[2023-10-06T22:50:08.126+0000] {processor.py:766} INFO - DAG(s) dict_keys(['example_sla_dag']) retrieved from /home/airflow/.local/lib/python3.7/site-packages/airflow/example_dags/example_sla_dag.py
[2023-10-06T22:50:08.155+0000] {logging_mixin.py:120} INFO - [2023-10-06T22:50:08.155+0000] {dag.py:2585} INFO - Sync 1 DAGs
[2023-10-06T22:50:08.174+0000] {logging_mixin.py:120} INFO - [2023-10-06T22:50:08.174+0000] {dag.py:3340} INFO - Setting next_dagrun for example_sla_dag to 2023-10-06T22:48:00+00:00, run_after=2023-10-06T22:50:00+00:00
[2023-10-06T22:50:08.189+0000] {processor.py:176} INFO - Processing /home/airflow/.local/lib/python3.7/site-packages/airflow/example_dags/example_sla_dag.py took 0.081 seconds
[2023-10-06T22:50:38.511+0000] {processor.py:154} INFO - Started process (PID=1958) to work on /home/airflow/.local/lib/python3.7/site-packages/airflow/example_dags/example_sla_dag.py
[2023-10-06T22:50:38.512+0000] {processor.py:756} INFO - Processing file /home/airflow/.local/lib/python3.7/site-packages/airflow/example_dags/example_sla_dag.py for tasks to queue
[2023-10-06T22:50:38.512+0000] {logging_mixin.py:120} INFO - [2023-10-06T22:50:38.512+0000] {dagbag.py:537} INFO - Filling up the DagBag from /home/airflow/.local/lib/python3.7/site-packages/airflow/example_dags/example_sla_dag.py
[2023-10-06T22:50:38.528+0000] {processor.py:766} INFO - DAG(s) dict_keys(['example_sla_dag']) retrieved from /home/airflow/.local/lib/python3.7/site-packages/airflow/example_dags/example_sla_dag.py
[2023-10-06T22:50:38.560+0000] {logging_mixin.py:120} INFO - [2023-10-06T22:50:38.560+0000] {dag.py:2585} INFO - Sync 1 DAGs
[2023-10-06T22:50:38.579+0000] {logging_mixin.py:120} INFO - [2023-10-06T22:50:38.579+0000] {dag.py:3340} INFO - Setting next_dagrun for example_sla_dag to 2023-10-06T22:48:00+00:00, run_after=2023-10-06T22:50:00+00:00
[2023-10-06T22:50:38.597+0000] {processor.py:176} INFO - Processing /home/airflow/.local/lib/python3.7/site-packages/airflow/example_dags/example_sla_dag.py took 0.089 seconds
[2023-10-06T22:51:08.704+0000] {processor.py:154} INFO - Started process (PID=2013) to work on /home/airflow/.local/lib/python3.7/site-packages/airflow/example_dags/example_sla_dag.py
[2023-10-06T22:51:08.704+0000] {processor.py:756} INFO - Processing file /home/airflow/.local/lib/python3.7/site-packages/airflow/example_dags/example_sla_dag.py for tasks to queue
[2023-10-06T22:51:08.705+0000] {logging_mixin.py:120} INFO - [2023-10-06T22:51:08.705+0000] {dagbag.py:537} INFO - Filling up the DagBag from /home/airflow/.local/lib/python3.7/site-packages/airflow/example_dags/example_sla_dag.py
[2023-10-06T22:51:08.719+0000] {processor.py:766} INFO - DAG(s) dict_keys(['example_sla_dag']) retrieved from /home/airflow/.local/lib/python3.7/site-packages/airflow/example_dags/example_sla_dag.py
[2023-10-06T22:51:08.748+0000] {logging_mixin.py:120} INFO - [2023-10-06T22:51:08.747+0000] {dag.py:2585} INFO - Sync 1 DAGs
[2023-10-06T22:51:08.767+0000] {logging_mixin.py:120} INFO - [2023-10-06T22:51:08.767+0000] {dag.py:3340} INFO - Setting next_dagrun for example_sla_dag to 2023-10-06T22:48:00+00:00, run_after=2023-10-06T22:50:00+00:00
[2023-10-06T22:51:08.781+0000] {processor.py:176} INFO - Processing /home/airflow/.local/lib/python3.7/site-packages/airflow/example_dags/example_sla_dag.py took 0.080 seconds
[2023-10-06T22:51:39.455+0000] {processor.py:154} INFO - Started process (PID=2076) to work on /home/airflow/.local/lib/python3.7/site-packages/airflow/example_dags/example_sla_dag.py
[2023-10-06T22:51:39.456+0000] {processor.py:756} INFO - Processing file /home/airflow/.local/lib/python3.7/site-packages/airflow/example_dags/example_sla_dag.py for tasks to queue
[2023-10-06T22:51:39.457+0000] {logging_mixin.py:120} INFO - [2023-10-06T22:51:39.457+0000] {dagbag.py:537} INFO - Filling up the DagBag from /home/airflow/.local/lib/python3.7/site-packages/airflow/example_dags/example_sla_dag.py
[2023-10-06T22:51:39.470+0000] {processor.py:766} INFO - DAG(s) dict_keys(['example_sla_dag']) retrieved from /home/airflow/.local/lib/python3.7/site-packages/airflow/example_dags/example_sla_dag.py
[2023-10-06T22:51:39.498+0000] {logging_mixin.py:120} INFO - [2023-10-06T22:51:39.498+0000] {dag.py:2585} INFO - Sync 1 DAGs
[2023-10-06T22:51:39.517+0000] {logging_mixin.py:120} INFO - [2023-10-06T22:51:39.517+0000] {dag.py:3340} INFO - Setting next_dagrun for example_sla_dag to 2023-10-06T22:48:00+00:00, run_after=2023-10-06T22:50:00+00:00
[2023-10-06T22:51:39.532+0000] {processor.py:176} INFO - Processing /home/airflow/.local/lib/python3.7/site-packages/airflow/example_dags/example_sla_dag.py took 0.079 seconds
[2023-10-06T22:52:09.822+0000] {processor.py:154} INFO - Started process (PID=2140) to work on /home/airflow/.local/lib/python3.7/site-packages/airflow/example_dags/example_sla_dag.py
[2023-10-06T22:52:09.823+0000] {processor.py:756} INFO - Processing file /home/airflow/.local/lib/python3.7/site-packages/airflow/example_dags/example_sla_dag.py for tasks to queue
[2023-10-06T22:52:09.823+0000] {logging_mixin.py:120} INFO - [2023-10-06T22:52:09.823+0000] {dagbag.py:537} INFO - Filling up the DagBag from /home/airflow/.local/lib/python3.7/site-packages/airflow/example_dags/example_sla_dag.py
[2023-10-06T22:52:09.837+0000] {processor.py:766} INFO - DAG(s) dict_keys(['example_sla_dag']) retrieved from /home/airflow/.local/lib/python3.7/site-packages/airflow/example_dags/example_sla_dag.py
[2023-10-06T22:52:09.865+0000] {logging_mixin.py:120} INFO - [2023-10-06T22:52:09.865+0000] {dag.py:2585} INFO - Sync 1 DAGs
[2023-10-06T22:52:09.882+0000] {logging_mixin.py:120} INFO - [2023-10-06T22:52:09.882+0000] {dag.py:3340} INFO - Setting next_dagrun for example_sla_dag to 2023-10-06T22:50:00+00:00, run_after=2023-10-06T22:52:00+00:00
[2023-10-06T22:52:09.897+0000] {processor.py:176} INFO - Processing /home/airflow/.local/lib/python3.7/site-packages/airflow/example_dags/example_sla_dag.py took 0.077 seconds
[2023-10-06T22:52:40.148+0000] {processor.py:154} INFO - Started process (PID=2205) to work on /home/airflow/.local/lib/python3.7/site-packages/airflow/example_dags/example_sla_dag.py
[2023-10-06T22:52:40.149+0000] {processor.py:756} INFO - Processing file /home/airflow/.local/lib/python3.7/site-packages/airflow/example_dags/example_sla_dag.py for tasks to queue
[2023-10-06T22:52:40.149+0000] {logging_mixin.py:120} INFO - [2023-10-06T22:52:40.149+0000] {dagbag.py:537} INFO - Filling up the DagBag from /home/airflow/.local/lib/python3.7/site-packages/airflow/example_dags/example_sla_dag.py
[2023-10-06T22:52:40.166+0000] {processor.py:766} INFO - DAG(s) dict_keys(['example_sla_dag']) retrieved from /home/airflow/.local/lib/python3.7/site-packages/airflow/example_dags/example_sla_dag.py
[2023-10-06T22:52:40.196+0000] {logging_mixin.py:120} INFO - [2023-10-06T22:52:40.196+0000] {dag.py:2585} INFO - Sync 1 DAGs
[2023-10-06T22:52:40.214+0000] {logging_mixin.py:120} INFO - [2023-10-06T22:52:40.214+0000] {dag.py:3340} INFO - Setting next_dagrun for example_sla_dag to 2023-10-06T22:50:00+00:00, run_after=2023-10-06T22:52:00+00:00
[2023-10-06T22:52:40.227+0000] {processor.py:176} INFO - Processing /home/airflow/.local/lib/python3.7/site-packages/airflow/example_dags/example_sla_dag.py took 0.081 seconds
[2023-10-06T22:53:10.474+0000] {processor.py:154} INFO - Started process (PID=2260) to work on /home/airflow/.local/lib/python3.7/site-packages/airflow/example_dags/example_sla_dag.py
[2023-10-06T22:53:10.474+0000] {processor.py:756} INFO - Processing file /home/airflow/.local/lib/python3.7/site-packages/airflow/example_dags/example_sla_dag.py for tasks to queue
[2023-10-06T22:53:10.475+0000] {logging_mixin.py:120} INFO - [2023-10-06T22:53:10.475+0000] {dagbag.py:537} INFO - Filling up the DagBag from /home/airflow/.local/lib/python3.7/site-packages/airflow/example_dags/example_sla_dag.py
[2023-10-06T22:53:10.493+0000] {processor.py:766} INFO - DAG(s) dict_keys(['example_sla_dag']) retrieved from /home/airflow/.local/lib/python3.7/site-packages/airflow/example_dags/example_sla_dag.py
[2023-10-06T22:53:10.525+0000] {logging_mixin.py:120} INFO - [2023-10-06T22:53:10.525+0000] {dag.py:2585} INFO - Sync 1 DAGs
[2023-10-06T22:53:10.546+0000] {logging_mixin.py:120} INFO - [2023-10-06T22:53:10.546+0000] {dag.py:3340} INFO - Setting next_dagrun for example_sla_dag to 2023-10-06T22:50:00+00:00, run_after=2023-10-06T22:52:00+00:00
[2023-10-06T22:53:10.563+0000] {processor.py:176} INFO - Processing /home/airflow/.local/lib/python3.7/site-packages/airflow/example_dags/example_sla_dag.py took 0.092 seconds
[2023-10-06T22:53:40.750+0000] {processor.py:154} INFO - Started process (PID=2324) to work on /home/airflow/.local/lib/python3.7/site-packages/airflow/example_dags/example_sla_dag.py
[2023-10-06T22:53:40.751+0000] {processor.py:756} INFO - Processing file /home/airflow/.local/lib/python3.7/site-packages/airflow/example_dags/example_sla_dag.py for tasks to queue
[2023-10-06T22:53:40.751+0000] {logging_mixin.py:120} INFO - [2023-10-06T22:53:40.751+0000] {dagbag.py:537} INFO - Filling up the DagBag from /home/airflow/.local/lib/python3.7/site-packages/airflow/example_dags/example_sla_dag.py
[2023-10-06T22:53:40.766+0000] {processor.py:766} INFO - DAG(s) dict_keys(['example_sla_dag']) retrieved from /home/airflow/.local/lib/python3.7/site-packages/airflow/example_dags/example_sla_dag.py
[2023-10-06T22:53:40.793+0000] {logging_mixin.py:120} INFO - [2023-10-06T22:53:40.793+0000] {dag.py:2585} INFO - Sync 1 DAGs
[2023-10-06T22:53:40.812+0000] {logging_mixin.py:120} INFO - [2023-10-06T22:53:40.812+0000] {dag.py:3340} INFO - Setting next_dagrun for example_sla_dag to 2023-10-06T22:50:00+00:00, run_after=2023-10-06T22:52:00+00:00
[2023-10-06T22:53:40.826+0000] {processor.py:176} INFO - Processing /home/airflow/.local/lib/python3.7/site-packages/airflow/example_dags/example_sla_dag.py took 0.079 seconds
[2023-10-06T22:54:10.994+0000] {processor.py:154} INFO - Started process (PID=2388) to work on /home/airflow/.local/lib/python3.7/site-packages/airflow/example_dags/example_sla_dag.py
[2023-10-06T22:54:10.995+0000] {processor.py:756} INFO - Processing file /home/airflow/.local/lib/python3.7/site-packages/airflow/example_dags/example_sla_dag.py for tasks to queue
[2023-10-06T22:54:10.995+0000] {logging_mixin.py:120} INFO - [2023-10-06T22:54:10.995+0000] {dagbag.py:537} INFO - Filling up the DagBag from /home/airflow/.local/lib/python3.7/site-packages/airflow/example_dags/example_sla_dag.py
[2023-10-06T22:54:11.010+0000] {processor.py:766} INFO - DAG(s) dict_keys(['example_sla_dag']) retrieved from /home/airflow/.local/lib/python3.7/site-packages/airflow/example_dags/example_sla_dag.py
[2023-10-06T22:54:11.038+0000] {logging_mixin.py:120} INFO - [2023-10-06T22:54:11.038+0000] {dag.py:2585} INFO - Sync 1 DAGs
[2023-10-06T22:54:11.056+0000] {logging_mixin.py:120} INFO - [2023-10-06T22:54:11.056+0000] {dag.py:3340} INFO - Setting next_dagrun for example_sla_dag to 2023-10-06T22:52:00+00:00, run_after=2023-10-06T22:54:00+00:00
[2023-10-06T22:54:11.073+0000] {processor.py:176} INFO - Processing /home/airflow/.local/lib/python3.7/site-packages/airflow/example_dags/example_sla_dag.py took 0.081 seconds
[2023-10-06T22:54:41.315+0000] {processor.py:154} INFO - Started process (PID=2452) to work on /home/airflow/.local/lib/python3.7/site-packages/airflow/example_dags/example_sla_dag.py
[2023-10-06T22:54:41.315+0000] {processor.py:756} INFO - Processing file /home/airflow/.local/lib/python3.7/site-packages/airflow/example_dags/example_sla_dag.py for tasks to queue
[2023-10-06T22:54:41.316+0000] {logging_mixin.py:120} INFO - [2023-10-06T22:54:41.316+0000] {dagbag.py:537} INFO - Filling up the DagBag from /home/airflow/.local/lib/python3.7/site-packages/airflow/example_dags/example_sla_dag.py
[2023-10-06T22:54:41.331+0000] {processor.py:766} INFO - DAG(s) dict_keys(['example_sla_dag']) retrieved from /home/airflow/.local/lib/python3.7/site-packages/airflow/example_dags/example_sla_dag.py
[2023-10-06T22:54:41.360+0000] {logging_mixin.py:120} INFO - [2023-10-06T22:54:41.360+0000] {dag.py:2585} INFO - Sync 1 DAGs
[2023-10-06T22:54:41.378+0000] {logging_mixin.py:120} INFO - [2023-10-06T22:54:41.378+0000] {dag.py:3340} INFO - Setting next_dagrun for example_sla_dag to 2023-10-06T22:52:00+00:00, run_after=2023-10-06T22:54:00+00:00
[2023-10-06T22:54:41.394+0000] {processor.py:176} INFO - Processing /home/airflow/.local/lib/python3.7/site-packages/airflow/example_dags/example_sla_dag.py took 0.081 seconds
[2023-10-06T22:55:11.523+0000] {processor.py:154} INFO - Started process (PID=2507) to work on /home/airflow/.local/lib/python3.7/site-packages/airflow/example_dags/example_sla_dag.py
[2023-10-06T22:55:11.524+0000] {processor.py:756} INFO - Processing file /home/airflow/.local/lib/python3.7/site-packages/airflow/example_dags/example_sla_dag.py for tasks to queue
[2023-10-06T22:55:11.524+0000] {logging_mixin.py:120} INFO - [2023-10-06T22:55:11.524+0000] {dagbag.py:537} INFO - Filling up the DagBag from /home/airflow/.local/lib/python3.7/site-packages/airflow/example_dags/example_sla_dag.py
[2023-10-06T22:55:11.540+0000] {processor.py:766} INFO - DAG(s) dict_keys(['example_sla_dag']) retrieved from /home/airflow/.local/lib/python3.7/site-packages/airflow/example_dags/example_sla_dag.py
[2023-10-06T22:55:11.570+0000] {logging_mixin.py:120} INFO - [2023-10-06T22:55:11.570+0000] {dag.py:2585} INFO - Sync 1 DAGs
[2023-10-06T22:55:11.593+0000] {logging_mixin.py:120} INFO - [2023-10-06T22:55:11.592+0000] {dag.py:3340} INFO - Setting next_dagrun for example_sla_dag to 2023-10-06T22:52:00+00:00, run_after=2023-10-06T22:54:00+00:00
[2023-10-06T22:55:11.609+0000] {processor.py:176} INFO - Processing /home/airflow/.local/lib/python3.7/site-packages/airflow/example_dags/example_sla_dag.py took 0.088 seconds
[2023-10-06T22:55:41.889+0000] {processor.py:154} INFO - Started process (PID=2571) to work on /home/airflow/.local/lib/python3.7/site-packages/airflow/example_dags/example_sla_dag.py
[2023-10-06T22:55:41.891+0000] {processor.py:756} INFO - Processing file /home/airflow/.local/lib/python3.7/site-packages/airflow/example_dags/example_sla_dag.py for tasks to queue
[2023-10-06T22:55:41.891+0000] {logging_mixin.py:120} INFO - [2023-10-06T22:55:41.891+0000] {dagbag.py:537} INFO - Filling up the DagBag from /home/airflow/.local/lib/python3.7/site-packages/airflow/example_dags/example_sla_dag.py
[2023-10-06T22:55:41.907+0000] {processor.py:766} INFO - DAG(s) dict_keys(['example_sla_dag']) retrieved from /home/airflow/.local/lib/python3.7/site-packages/airflow/example_dags/example_sla_dag.py
[2023-10-06T22:55:41.935+0000] {logging_mixin.py:120} INFO - [2023-10-06T22:55:41.935+0000] {dag.py:2585} INFO - Sync 1 DAGs
[2023-10-06T22:55:41.955+0000] {logging_mixin.py:120} INFO - [2023-10-06T22:55:41.955+0000] {dag.py:3340} INFO - Setting next_dagrun for example_sla_dag to 2023-10-06T22:52:00+00:00, run_after=2023-10-06T22:54:00+00:00
[2023-10-06T22:55:41.969+0000] {processor.py:176} INFO - Processing /home/airflow/.local/lib/python3.7/site-packages/airflow/example_dags/example_sla_dag.py took 0.082 seconds
[2023-10-06T22:56:12.318+0000] {processor.py:154} INFO - Started process (PID=2635) to work on /home/airflow/.local/lib/python3.7/site-packages/airflow/example_dags/example_sla_dag.py
[2023-10-06T22:56:12.318+0000] {processor.py:756} INFO - Processing file /home/airflow/.local/lib/python3.7/site-packages/airflow/example_dags/example_sla_dag.py for tasks to queue
[2023-10-06T22:56:12.318+0000] {logging_mixin.py:120} INFO - [2023-10-06T22:56:12.318+0000] {dagbag.py:537} INFO - Filling up the DagBag from /home/airflow/.local/lib/python3.7/site-packages/airflow/example_dags/example_sla_dag.py
[2023-10-06T22:56:12.333+0000] {processor.py:766} INFO - DAG(s) dict_keys(['example_sla_dag']) retrieved from /home/airflow/.local/lib/python3.7/site-packages/airflow/example_dags/example_sla_dag.py
[2023-10-06T22:56:12.362+0000] {logging_mixin.py:120} INFO - [2023-10-06T22:56:12.362+0000] {dag.py:2585} INFO - Sync 1 DAGs
[2023-10-06T22:56:12.380+0000] {logging_mixin.py:120} INFO - [2023-10-06T22:56:12.379+0000] {dag.py:3340} INFO - Setting next_dagrun for example_sla_dag to 2023-10-06T22:54:00+00:00, run_after=2023-10-06T22:56:00+00:00
[2023-10-06T22:56:12.393+0000] {processor.py:176} INFO - Processing /home/airflow/.local/lib/python3.7/site-packages/airflow/example_dags/example_sla_dag.py took 0.078 seconds
[2023-10-06T22:56:42.549+0000] {processor.py:154} INFO - Started process (PID=2698) to work on /home/airflow/.local/lib/python3.7/site-packages/airflow/example_dags/example_sla_dag.py
[2023-10-06T22:56:42.550+0000] {processor.py:756} INFO - Processing file /home/airflow/.local/lib/python3.7/site-packages/airflow/example_dags/example_sla_dag.py for tasks to queue
[2023-10-06T22:56:42.551+0000] {logging_mixin.py:120} INFO - [2023-10-06T22:56:42.551+0000] {dagbag.py:537} INFO - Filling up the DagBag from /home/airflow/.local/lib/python3.7/site-packages/airflow/example_dags/example_sla_dag.py
[2023-10-06T22:56:42.565+0000] {processor.py:766} INFO - DAG(s) dict_keys(['example_sla_dag']) retrieved from /home/airflow/.local/lib/python3.7/site-packages/airflow/example_dags/example_sla_dag.py
[2023-10-06T22:56:42.593+0000] {logging_mixin.py:120} INFO - [2023-10-06T22:56:42.593+0000] {dag.py:2585} INFO - Sync 1 DAGs
[2023-10-06T22:56:42.610+0000] {logging_mixin.py:120} INFO - [2023-10-06T22:56:42.610+0000] {dag.py:3340} INFO - Setting next_dagrun for example_sla_dag to 2023-10-06T22:54:00+00:00, run_after=2023-10-06T22:56:00+00:00
[2023-10-06T22:56:42.625+0000] {processor.py:176} INFO - Processing /home/airflow/.local/lib/python3.7/site-packages/airflow/example_dags/example_sla_dag.py took 0.078 seconds
[2023-10-06T22:57:12.760+0000] {processor.py:154} INFO - Started process (PID=2759) to work on /home/airflow/.local/lib/python3.7/site-packages/airflow/example_dags/example_sla_dag.py
[2023-10-06T22:57:12.760+0000] {processor.py:756} INFO - Processing file /home/airflow/.local/lib/python3.7/site-packages/airflow/example_dags/example_sla_dag.py for tasks to queue
[2023-10-06T22:57:12.761+0000] {logging_mixin.py:120} INFO - [2023-10-06T22:57:12.761+0000] {dagbag.py:537} INFO - Filling up the DagBag from /home/airflow/.local/lib/python3.7/site-packages/airflow/example_dags/example_sla_dag.py
[2023-10-06T22:57:12.782+0000] {processor.py:766} INFO - DAG(s) dict_keys(['example_sla_dag']) retrieved from /home/airflow/.local/lib/python3.7/site-packages/airflow/example_dags/example_sla_dag.py
[2023-10-06T22:57:12.814+0000] {logging_mixin.py:120} INFO - [2023-10-06T22:57:12.813+0000] {dag.py:2585} INFO - Sync 1 DAGs
[2023-10-06T22:57:12.835+0000] {logging_mixin.py:120} INFO - [2023-10-06T22:57:12.835+0000] {dag.py:3340} INFO - Setting next_dagrun for example_sla_dag to 2023-10-06T22:54:00+00:00, run_after=2023-10-06T22:56:00+00:00
[2023-10-06T22:57:12.854+0000] {processor.py:176} INFO - Processing /home/airflow/.local/lib/python3.7/site-packages/airflow/example_dags/example_sla_dag.py took 0.097 seconds
[2023-10-06T22:57:43.820+0000] {processor.py:154} INFO - Started process (PID=2817) to work on /home/airflow/.local/lib/python3.7/site-packages/airflow/example_dags/example_sla_dag.py
[2023-10-06T22:57:43.820+0000] {processor.py:756} INFO - Processing file /home/airflow/.local/lib/python3.7/site-packages/airflow/example_dags/example_sla_dag.py for tasks to queue
[2023-10-06T22:57:43.821+0000] {logging_mixin.py:120} INFO - [2023-10-06T22:57:43.821+0000] {dagbag.py:537} INFO - Filling up the DagBag from /home/airflow/.local/lib/python3.7/site-packages/airflow/example_dags/example_sla_dag.py
[2023-10-06T22:57:43.836+0000] {processor.py:766} INFO - DAG(s) dict_keys(['example_sla_dag']) retrieved from /home/airflow/.local/lib/python3.7/site-packages/airflow/example_dags/example_sla_dag.py
[2023-10-06T22:57:43.864+0000] {logging_mixin.py:120} INFO - [2023-10-06T22:57:43.864+0000] {dag.py:2585} INFO - Sync 1 DAGs
[2023-10-06T22:57:43.883+0000] {logging_mixin.py:120} INFO - [2023-10-06T22:57:43.883+0000] {dag.py:3340} INFO - Setting next_dagrun for example_sla_dag to 2023-10-06T22:54:00+00:00, run_after=2023-10-06T22:56:00+00:00
[2023-10-06T22:57:43.897+0000] {processor.py:176} INFO - Processing /home/airflow/.local/lib/python3.7/site-packages/airflow/example_dags/example_sla_dag.py took 0.080 seconds
[2023-10-06T22:58:14.269+0000] {processor.py:154} INFO - Started process (PID=2880) to work on /home/airflow/.local/lib/python3.7/site-packages/airflow/example_dags/example_sla_dag.py
[2023-10-06T22:58:14.271+0000] {processor.py:756} INFO - Processing file /home/airflow/.local/lib/python3.7/site-packages/airflow/example_dags/example_sla_dag.py for tasks to queue
[2023-10-06T22:58:14.272+0000] {logging_mixin.py:120} INFO - [2023-10-06T22:58:14.272+0000] {dagbag.py:537} INFO - Filling up the DagBag from /home/airflow/.local/lib/python3.7/site-packages/airflow/example_dags/example_sla_dag.py
[2023-10-06T22:58:14.287+0000] {processor.py:766} INFO - DAG(s) dict_keys(['example_sla_dag']) retrieved from /home/airflow/.local/lib/python3.7/site-packages/airflow/example_dags/example_sla_dag.py
[2023-10-06T22:58:14.315+0000] {logging_mixin.py:120} INFO - [2023-10-06T22:58:14.315+0000] {dag.py:2585} INFO - Sync 1 DAGs
[2023-10-06T22:58:14.333+0000] {logging_mixin.py:120} INFO - [2023-10-06T22:58:14.333+0000] {dag.py:3340} INFO - Setting next_dagrun for example_sla_dag to 2023-10-06T22:56:00+00:00, run_after=2023-10-06T22:58:00+00:00
[2023-10-06T22:58:14.349+0000] {processor.py:176} INFO - Processing /home/airflow/.local/lib/python3.7/site-packages/airflow/example_dags/example_sla_dag.py took 0.082 seconds
[2023-10-06T22:58:44.491+0000] {processor.py:154} INFO - Started process (PID=2943) to work on /home/airflow/.local/lib/python3.7/site-packages/airflow/example_dags/example_sla_dag.py
[2023-10-06T22:58:44.492+0000] {processor.py:756} INFO - Processing file /home/airflow/.local/lib/python3.7/site-packages/airflow/example_dags/example_sla_dag.py for tasks to queue
[2023-10-06T22:58:44.492+0000] {logging_mixin.py:120} INFO - [2023-10-06T22:58:44.492+0000] {dagbag.py:537} INFO - Filling up the DagBag from /home/airflow/.local/lib/python3.7/site-packages/airflow/example_dags/example_sla_dag.py
[2023-10-06T22:58:44.507+0000] {processor.py:766} INFO - DAG(s) dict_keys(['example_sla_dag']) retrieved from /home/airflow/.local/lib/python3.7/site-packages/airflow/example_dags/example_sla_dag.py
[2023-10-06T22:58:44.535+0000] {logging_mixin.py:120} INFO - [2023-10-06T22:58:44.535+0000] {dag.py:2585} INFO - Sync 1 DAGs
[2023-10-06T22:58:44.553+0000] {logging_mixin.py:120} INFO - [2023-10-06T22:58:44.553+0000] {dag.py:3340} INFO - Setting next_dagrun for example_sla_dag to 2023-10-06T22:56:00+00:00, run_after=2023-10-06T22:58:00+00:00
[2023-10-06T22:58:44.566+0000] {processor.py:176} INFO - Processing /home/airflow/.local/lib/python3.7/site-packages/airflow/example_dags/example_sla_dag.py took 0.076 seconds
[2023-10-06T22:59:14.698+0000] {processor.py:154} INFO - Started process (PID=3007) to work on /home/airflow/.local/lib/python3.7/site-packages/airflow/example_dags/example_sla_dag.py
[2023-10-06T22:59:14.699+0000] {processor.py:756} INFO - Processing file /home/airflow/.local/lib/python3.7/site-packages/airflow/example_dags/example_sla_dag.py for tasks to queue
[2023-10-06T22:59:14.700+0000] {logging_mixin.py:120} INFO - [2023-10-06T22:59:14.700+0000] {dagbag.py:537} INFO - Filling up the DagBag from /home/airflow/.local/lib/python3.7/site-packages/airflow/example_dags/example_sla_dag.py
[2023-10-06T22:59:14.715+0000] {processor.py:766} INFO - DAG(s) dict_keys(['example_sla_dag']) retrieved from /home/airflow/.local/lib/python3.7/site-packages/airflow/example_dags/example_sla_dag.py
[2023-10-06T22:59:14.742+0000] {logging_mixin.py:120} INFO - [2023-10-06T22:59:14.742+0000] {dag.py:2585} INFO - Sync 1 DAGs
[2023-10-06T22:59:14.761+0000] {logging_mixin.py:120} INFO - [2023-10-06T22:59:14.761+0000] {dag.py:3340} INFO - Setting next_dagrun for example_sla_dag to 2023-10-06T22:56:00+00:00, run_after=2023-10-06T22:58:00+00:00
[2023-10-06T22:59:14.775+0000] {processor.py:176} INFO - Processing /home/airflow/.local/lib/python3.7/site-packages/airflow/example_dags/example_sla_dag.py took 0.078 seconds
[2023-10-06T22:59:44.850+0000] {processor.py:154} INFO - Started process (PID=3063) to work on /home/airflow/.local/lib/python3.7/site-packages/airflow/example_dags/example_sla_dag.py
[2023-10-06T22:59:44.851+0000] {processor.py:756} INFO - Processing file /home/airflow/.local/lib/python3.7/site-packages/airflow/example_dags/example_sla_dag.py for tasks to queue
[2023-10-06T22:59:44.851+0000] {logging_mixin.py:120} INFO - [2023-10-06T22:59:44.851+0000] {dagbag.py:537} INFO - Filling up the DagBag from /home/airflow/.local/lib/python3.7/site-packages/airflow/example_dags/example_sla_dag.py
[2023-10-06T22:59:44.866+0000] {processor.py:766} INFO - DAG(s) dict_keys(['example_sla_dag']) retrieved from /home/airflow/.local/lib/python3.7/site-packages/airflow/example_dags/example_sla_dag.py
[2023-10-06T22:59:44.894+0000] {logging_mixin.py:120} INFO - [2023-10-06T22:59:44.893+0000] {dag.py:2585} INFO - Sync 1 DAGs
[2023-10-06T22:59:44.912+0000] {logging_mixin.py:120} INFO - [2023-10-06T22:59:44.912+0000] {dag.py:3340} INFO - Setting next_dagrun for example_sla_dag to 2023-10-06T22:56:00+00:00, run_after=2023-10-06T22:58:00+00:00
[2023-10-06T22:59:44.925+0000] {processor.py:176} INFO - Processing /home/airflow/.local/lib/python3.7/site-packages/airflow/example_dags/example_sla_dag.py took 0.077 seconds
[2023-10-06T23:00:15.072+0000] {processor.py:154} INFO - Started process (PID=3128) to work on /home/airflow/.local/lib/python3.7/site-packages/airflow/example_dags/example_sla_dag.py
[2023-10-06T23:00:15.073+0000] {processor.py:756} INFO - Processing file /home/airflow/.local/lib/python3.7/site-packages/airflow/example_dags/example_sla_dag.py for tasks to queue
[2023-10-06T23:00:15.073+0000] {logging_mixin.py:120} INFO - [2023-10-06T23:00:15.073+0000] {dagbag.py:537} INFO - Filling up the DagBag from /home/airflow/.local/lib/python3.7/site-packages/airflow/example_dags/example_sla_dag.py
[2023-10-06T23:00:15.088+0000] {processor.py:766} INFO - DAG(s) dict_keys(['example_sla_dag']) retrieved from /home/airflow/.local/lib/python3.7/site-packages/airflow/example_dags/example_sla_dag.py
[2023-10-06T23:00:15.116+0000] {logging_mixin.py:120} INFO - [2023-10-06T23:00:15.116+0000] {dag.py:2585} INFO - Sync 1 DAGs
[2023-10-06T23:00:15.135+0000] {logging_mixin.py:120} INFO - [2023-10-06T23:00:15.135+0000] {dag.py:3340} INFO - Setting next_dagrun for example_sla_dag to 2023-10-06T22:58:00+00:00, run_after=2023-10-06T23:00:00+00:00
[2023-10-06T23:00:15.147+0000] {processor.py:176} INFO - Processing /home/airflow/.local/lib/python3.7/site-packages/airflow/example_dags/example_sla_dag.py took 0.077 seconds
[2023-10-06T23:00:45.229+0000] {processor.py:154} INFO - Started process (PID=3191) to work on /home/airflow/.local/lib/python3.7/site-packages/airflow/example_dags/example_sla_dag.py
[2023-10-06T23:00:45.230+0000] {processor.py:756} INFO - Processing file /home/airflow/.local/lib/python3.7/site-packages/airflow/example_dags/example_sla_dag.py for tasks to queue
[2023-10-06T23:00:45.230+0000] {logging_mixin.py:120} INFO - [2023-10-06T23:00:45.230+0000] {dagbag.py:537} INFO - Filling up the DagBag from /home/airflow/.local/lib/python3.7/site-packages/airflow/example_dags/example_sla_dag.py
[2023-10-06T23:00:45.245+0000] {processor.py:766} INFO - DAG(s) dict_keys(['example_sla_dag']) retrieved from /home/airflow/.local/lib/python3.7/site-packages/airflow/example_dags/example_sla_dag.py
[2023-10-06T23:00:45.272+0000] {logging_mixin.py:120} INFO - [2023-10-06T23:00:45.272+0000] {dag.py:2585} INFO - Sync 1 DAGs
[2023-10-06T23:00:45.290+0000] {logging_mixin.py:120} INFO - [2023-10-06T23:00:45.289+0000] {dag.py:3340} INFO - Setting next_dagrun for example_sla_dag to 2023-10-06T22:58:00+00:00, run_after=2023-10-06T23:00:00+00:00
[2023-10-06T23:00:45.302+0000] {processor.py:176} INFO - Processing /home/airflow/.local/lib/python3.7/site-packages/airflow/example_dags/example_sla_dag.py took 0.075 seconds
[2023-10-06T23:01:15.402+0000] {processor.py:154} INFO - Started process (PID=3255) to work on /home/airflow/.local/lib/python3.7/site-packages/airflow/example_dags/example_sla_dag.py
[2023-10-06T23:01:15.403+0000] {processor.py:756} INFO - Processing file /home/airflow/.local/lib/python3.7/site-packages/airflow/example_dags/example_sla_dag.py for tasks to queue
[2023-10-06T23:01:15.404+0000] {logging_mixin.py:120} INFO - [2023-10-06T23:01:15.404+0000] {dagbag.py:537} INFO - Filling up the DagBag from /home/airflow/.local/lib/python3.7/site-packages/airflow/example_dags/example_sla_dag.py
[2023-10-06T23:01:15.419+0000] {processor.py:766} INFO - DAG(s) dict_keys(['example_sla_dag']) retrieved from /home/airflow/.local/lib/python3.7/site-packages/airflow/example_dags/example_sla_dag.py
[2023-10-06T23:01:15.447+0000] {logging_mixin.py:120} INFO - [2023-10-06T23:01:15.447+0000] {dag.py:2585} INFO - Sync 1 DAGs
[2023-10-06T23:01:15.465+0000] {logging_mixin.py:120} INFO - [2023-10-06T23:01:15.465+0000] {dag.py:3340} INFO - Setting next_dagrun for example_sla_dag to 2023-10-06T22:58:00+00:00, run_after=2023-10-06T23:00:00+00:00
[2023-10-06T23:01:15.478+0000] {processor.py:176} INFO - Processing /home/airflow/.local/lib/python3.7/site-packages/airflow/example_dags/example_sla_dag.py took 0.077 seconds
[2023-10-06T23:01:45.639+0000] {processor.py:154} INFO - Started process (PID=3310) to work on /home/airflow/.local/lib/python3.7/site-packages/airflow/example_dags/example_sla_dag.py
[2023-10-06T23:01:45.640+0000] {processor.py:756} INFO - Processing file /home/airflow/.local/lib/python3.7/site-packages/airflow/example_dags/example_sla_dag.py for tasks to queue
[2023-10-06T23:01:45.640+0000] {logging_mixin.py:120} INFO - [2023-10-06T23:01:45.640+0000] {dagbag.py:537} INFO - Filling up the DagBag from /home/airflow/.local/lib/python3.7/site-packages/airflow/example_dags/example_sla_dag.py
[2023-10-06T23:01:45.655+0000] {processor.py:766} INFO - DAG(s) dict_keys(['example_sla_dag']) retrieved from /home/airflow/.local/lib/python3.7/site-packages/airflow/example_dags/example_sla_dag.py
[2023-10-06T23:01:45.683+0000] {logging_mixin.py:120} INFO - [2023-10-06T23:01:45.683+0000] {dag.py:2585} INFO - Sync 1 DAGs
[2023-10-06T23:01:45.702+0000] {logging_mixin.py:120} INFO - [2023-10-06T23:01:45.702+0000] {dag.py:3340} INFO - Setting next_dagrun for example_sla_dag to 2023-10-06T22:58:00+00:00, run_after=2023-10-06T23:00:00+00:00
[2023-10-06T23:01:45.715+0000] {processor.py:176} INFO - Processing /home/airflow/.local/lib/python3.7/site-packages/airflow/example_dags/example_sla_dag.py took 0.078 seconds
[2023-10-06T23:02:15.842+0000] {processor.py:154} INFO - Started process (PID=3374) to work on /home/airflow/.local/lib/python3.7/site-packages/airflow/example_dags/example_sla_dag.py
[2023-10-06T23:02:15.843+0000] {processor.py:756} INFO - Processing file /home/airflow/.local/lib/python3.7/site-packages/airflow/example_dags/example_sla_dag.py for tasks to queue
[2023-10-06T23:02:15.844+0000] {logging_mixin.py:120} INFO - [2023-10-06T23:02:15.844+0000] {dagbag.py:537} INFO - Filling up the DagBag from /home/airflow/.local/lib/python3.7/site-packages/airflow/example_dags/example_sla_dag.py
[2023-10-06T23:02:15.859+0000] {processor.py:766} INFO - DAG(s) dict_keys(['example_sla_dag']) retrieved from /home/airflow/.local/lib/python3.7/site-packages/airflow/example_dags/example_sla_dag.py
[2023-10-06T23:02:15.886+0000] {logging_mixin.py:120} INFO - [2023-10-06T23:02:15.886+0000] {dag.py:2585} INFO - Sync 1 DAGs
[2023-10-06T23:02:15.904+0000] {logging_mixin.py:120} INFO - [2023-10-06T23:02:15.904+0000] {dag.py:3340} INFO - Setting next_dagrun for example_sla_dag to 2023-10-06T23:00:00+00:00, run_after=2023-10-06T23:02:00+00:00
[2023-10-06T23:02:15.918+0000] {processor.py:176} INFO - Processing /home/airflow/.local/lib/python3.7/site-packages/airflow/example_dags/example_sla_dag.py took 0.078 seconds
[2023-10-06T23:02:45.974+0000] {processor.py:154} INFO - Started process (PID=3438) to work on /home/airflow/.local/lib/python3.7/site-packages/airflow/example_dags/example_sla_dag.py
[2023-10-06T23:02:45.974+0000] {processor.py:756} INFO - Processing file /home/airflow/.local/lib/python3.7/site-packages/airflow/example_dags/example_sla_dag.py for tasks to queue
[2023-10-06T23:02:45.975+0000] {logging_mixin.py:120} INFO - [2023-10-06T23:02:45.975+0000] {dagbag.py:537} INFO - Filling up the DagBag from /home/airflow/.local/lib/python3.7/site-packages/airflow/example_dags/example_sla_dag.py
[2023-10-06T23:02:45.994+0000] {processor.py:766} INFO - DAG(s) dict_keys(['example_sla_dag']) retrieved from /home/airflow/.local/lib/python3.7/site-packages/airflow/example_dags/example_sla_dag.py
[2023-10-06T23:02:46.065+0000] {logging_mixin.py:120} INFO - [2023-10-06T23:02:46.065+0000] {dag.py:2585} INFO - Sync 1 DAGs
[2023-10-06T23:02:46.087+0000] {logging_mixin.py:120} INFO - [2023-10-06T23:02:46.087+0000] {dag.py:3340} INFO - Setting next_dagrun for example_sla_dag to 2023-10-06T23:00:00+00:00, run_after=2023-10-06T23:02:00+00:00
[2023-10-06T23:02:46.101+0000] {processor.py:176} INFO - Processing /home/airflow/.local/lib/python3.7/site-packages/airflow/example_dags/example_sla_dag.py took 0.130 seconds
[2023-10-06T23:03:17.016+0000] {processor.py:154} INFO - Started process (PID=3502) to work on /home/airflow/.local/lib/python3.7/site-packages/airflow/example_dags/example_sla_dag.py
[2023-10-06T23:03:17.017+0000] {processor.py:756} INFO - Processing file /home/airflow/.local/lib/python3.7/site-packages/airflow/example_dags/example_sla_dag.py for tasks to queue
[2023-10-06T23:03:17.018+0000] {logging_mixin.py:120} INFO - [2023-10-06T23:03:17.017+0000] {dagbag.py:537} INFO - Filling up the DagBag from /home/airflow/.local/lib/python3.7/site-packages/airflow/example_dags/example_sla_dag.py
[2023-10-06T23:03:17.034+0000] {processor.py:766} INFO - DAG(s) dict_keys(['example_sla_dag']) retrieved from /home/airflow/.local/lib/python3.7/site-packages/airflow/example_dags/example_sla_dag.py
[2023-10-06T23:03:17.066+0000] {logging_mixin.py:120} INFO - [2023-10-06T23:03:17.066+0000] {dag.py:2585} INFO - Sync 1 DAGs
[2023-10-06T23:03:17.087+0000] {logging_mixin.py:120} INFO - [2023-10-06T23:03:17.087+0000] {dag.py:3340} INFO - Setting next_dagrun for example_sla_dag to 2023-10-06T23:00:00+00:00, run_after=2023-10-06T23:02:00+00:00
[2023-10-06T23:03:17.102+0000] {processor.py:176} INFO - Processing /home/airflow/.local/lib/python3.7/site-packages/airflow/example_dags/example_sla_dag.py took 0.088 seconds
[2023-10-06T23:03:47.142+0000] {processor.py:154} INFO - Started process (PID=3557) to work on /home/airflow/.local/lib/python3.7/site-packages/airflow/example_dags/example_sla_dag.py
[2023-10-06T23:03:47.143+0000] {processor.py:756} INFO - Processing file /home/airflow/.local/lib/python3.7/site-packages/airflow/example_dags/example_sla_dag.py for tasks to queue
[2023-10-06T23:03:47.143+0000] {logging_mixin.py:120} INFO - [2023-10-06T23:03:47.143+0000] {dagbag.py:537} INFO - Filling up the DagBag from /home/airflow/.local/lib/python3.7/site-packages/airflow/example_dags/example_sla_dag.py
[2023-10-06T23:03:47.158+0000] {processor.py:766} INFO - DAG(s) dict_keys(['example_sla_dag']) retrieved from /home/airflow/.local/lib/python3.7/site-packages/airflow/example_dags/example_sla_dag.py
[2023-10-06T23:03:47.188+0000] {logging_mixin.py:120} INFO - [2023-10-06T23:03:47.188+0000] {dag.py:2585} INFO - Sync 1 DAGs
[2023-10-06T23:03:47.208+0000] {logging_mixin.py:120} INFO - [2023-10-06T23:03:47.208+0000] {dag.py:3340} INFO - Setting next_dagrun for example_sla_dag to 2023-10-06T23:00:00+00:00, run_after=2023-10-06T23:02:00+00:00
[2023-10-06T23:03:47.223+0000] {processor.py:176} INFO - Processing /home/airflow/.local/lib/python3.7/site-packages/airflow/example_dags/example_sla_dag.py took 0.083 seconds
[2023-10-06T23:04:17.366+0000] {processor.py:154} INFO - Started process (PID=3621) to work on /home/airflow/.local/lib/python3.7/site-packages/airflow/example_dags/example_sla_dag.py
[2023-10-06T23:04:17.367+0000] {processor.py:756} INFO - Processing file /home/airflow/.local/lib/python3.7/site-packages/airflow/example_dags/example_sla_dag.py for tasks to queue
[2023-10-06T23:04:17.367+0000] {logging_mixin.py:120} INFO - [2023-10-06T23:04:17.367+0000] {dagbag.py:537} INFO - Filling up the DagBag from /home/airflow/.local/lib/python3.7/site-packages/airflow/example_dags/example_sla_dag.py
[2023-10-06T23:04:17.387+0000] {processor.py:766} INFO - DAG(s) dict_keys(['example_sla_dag']) retrieved from /home/airflow/.local/lib/python3.7/site-packages/airflow/example_dags/example_sla_dag.py
[2023-10-06T23:04:17.417+0000] {logging_mixin.py:120} INFO - [2023-10-06T23:04:17.417+0000] {dag.py:2585} INFO - Sync 1 DAGs
[2023-10-06T23:04:17.435+0000] {logging_mixin.py:120} INFO - [2023-10-06T23:04:17.435+0000] {dag.py:3340} INFO - Setting next_dagrun for example_sla_dag to 2023-10-06T23:02:00+00:00, run_after=2023-10-06T23:04:00+00:00
[2023-10-06T23:04:17.449+0000] {processor.py:176} INFO - Processing /home/airflow/.local/lib/python3.7/site-packages/airflow/example_dags/example_sla_dag.py took 0.086 seconds
[2023-10-06T23:04:47.542+0000] {processor.py:154} INFO - Started process (PID=3687) to work on /home/airflow/.local/lib/python3.7/site-packages/airflow/example_dags/example_sla_dag.py
[2023-10-06T23:04:47.543+0000] {processor.py:756} INFO - Processing file /home/airflow/.local/lib/python3.7/site-packages/airflow/example_dags/example_sla_dag.py for tasks to queue
[2023-10-06T23:04:47.543+0000] {logging_mixin.py:120} INFO - [2023-10-06T23:04:47.543+0000] {dagbag.py:537} INFO - Filling up the DagBag from /home/airflow/.local/lib/python3.7/site-packages/airflow/example_dags/example_sla_dag.py
[2023-10-06T23:04:47.558+0000] {processor.py:766} INFO - DAG(s) dict_keys(['example_sla_dag']) retrieved from /home/airflow/.local/lib/python3.7/site-packages/airflow/example_dags/example_sla_dag.py
[2023-10-06T23:04:47.585+0000] {logging_mixin.py:120} INFO - [2023-10-06T23:04:47.585+0000] {dag.py:2585} INFO - Sync 1 DAGs
[2023-10-06T23:04:47.603+0000] {logging_mixin.py:120} INFO - [2023-10-06T23:04:47.603+0000] {dag.py:3340} INFO - Setting next_dagrun for example_sla_dag to 2023-10-06T23:02:00+00:00, run_after=2023-10-06T23:04:00+00:00
[2023-10-06T23:04:47.618+0000] {processor.py:176} INFO - Processing /home/airflow/.local/lib/python3.7/site-packages/airflow/example_dags/example_sla_dag.py took 0.078 seconds
[2023-10-06T23:05:17.741+0000] {processor.py:154} INFO - Started process (PID=3750) to work on /home/airflow/.local/lib/python3.7/site-packages/airflow/example_dags/example_sla_dag.py
[2023-10-06T23:05:17.747+0000] {processor.py:756} INFO - Processing file /home/airflow/.local/lib/python3.7/site-packages/airflow/example_dags/example_sla_dag.py for tasks to queue
[2023-10-06T23:05:17.748+0000] {logging_mixin.py:120} INFO - [2023-10-06T23:05:17.748+0000] {dagbag.py:537} INFO - Filling up the DagBag from /home/airflow/.local/lib/python3.7/site-packages/airflow/example_dags/example_sla_dag.py
[2023-10-06T23:05:17.763+0000] {processor.py:766} INFO - DAG(s) dict_keys(['example_sla_dag']) retrieved from /home/airflow/.local/lib/python3.7/site-packages/airflow/example_dags/example_sla_dag.py
[2023-10-06T23:05:17.791+0000] {logging_mixin.py:120} INFO - [2023-10-06T23:05:17.791+0000] {dag.py:2585} INFO - Sync 1 DAGs
[2023-10-06T23:05:17.810+0000] {logging_mixin.py:120} INFO - [2023-10-06T23:05:17.810+0000] {dag.py:3340} INFO - Setting next_dagrun for example_sla_dag to 2023-10-06T23:02:00+00:00, run_after=2023-10-06T23:04:00+00:00
[2023-10-06T23:05:17.827+0000] {processor.py:176} INFO - Processing /home/airflow/.local/lib/python3.7/site-packages/airflow/example_dags/example_sla_dag.py took 0.088 seconds
[2023-10-06T23:05:47.926+0000] {processor.py:154} INFO - Started process (PID=3806) to work on /home/airflow/.local/lib/python3.7/site-packages/airflow/example_dags/example_sla_dag.py
[2023-10-06T23:05:47.927+0000] {processor.py:756} INFO - Processing file /home/airflow/.local/lib/python3.7/site-packages/airflow/example_dags/example_sla_dag.py for tasks to queue
[2023-10-06T23:05:47.927+0000] {logging_mixin.py:120} INFO - [2023-10-06T23:05:47.927+0000] {dagbag.py:537} INFO - Filling up the DagBag from /home/airflow/.local/lib/python3.7/site-packages/airflow/example_dags/example_sla_dag.py
[2023-10-06T23:05:47.942+0000] {processor.py:766} INFO - DAG(s) dict_keys(['example_sla_dag']) retrieved from /home/airflow/.local/lib/python3.7/site-packages/airflow/example_dags/example_sla_dag.py
[2023-10-06T23:05:47.970+0000] {logging_mixin.py:120} INFO - [2023-10-06T23:05:47.970+0000] {dag.py:2585} INFO - Sync 1 DAGs
[2023-10-06T23:05:47.988+0000] {logging_mixin.py:120} INFO - [2023-10-06T23:05:47.988+0000] {dag.py:3340} INFO - Setting next_dagrun for example_sla_dag to 2023-10-06T23:02:00+00:00, run_after=2023-10-06T23:04:00+00:00
[2023-10-06T23:05:48.003+0000] {processor.py:176} INFO - Processing /home/airflow/.local/lib/python3.7/site-packages/airflow/example_dags/example_sla_dag.py took 0.079 seconds
[2023-10-06T23:06:18.138+0000] {processor.py:154} INFO - Started process (PID=3871) to work on /home/airflow/.local/lib/python3.7/site-packages/airflow/example_dags/example_sla_dag.py
[2023-10-06T23:06:18.140+0000] {processor.py:756} INFO - Processing file /home/airflow/.local/lib/python3.7/site-packages/airflow/example_dags/example_sla_dag.py for tasks to queue
[2023-10-06T23:06:18.140+0000] {logging_mixin.py:120} INFO - [2023-10-06T23:06:18.140+0000] {dagbag.py:537} INFO - Filling up the DagBag from /home/airflow/.local/lib/python3.7/site-packages/airflow/example_dags/example_sla_dag.py
[2023-10-06T23:06:18.156+0000] {processor.py:766} INFO - DAG(s) dict_keys(['example_sla_dag']) retrieved from /home/airflow/.local/lib/python3.7/site-packages/airflow/example_dags/example_sla_dag.py
[2023-10-06T23:06:18.184+0000] {logging_mixin.py:120} INFO - [2023-10-06T23:06:18.183+0000] {dag.py:2585} INFO - Sync 1 DAGs
[2023-10-06T23:06:18.202+0000] {logging_mixin.py:120} INFO - [2023-10-06T23:06:18.202+0000] {dag.py:3340} INFO - Setting next_dagrun for example_sla_dag to 2023-10-06T23:04:00+00:00, run_after=2023-10-06T23:06:00+00:00
[2023-10-06T23:06:18.216+0000] {processor.py:176} INFO - Processing /home/airflow/.local/lib/python3.7/site-packages/airflow/example_dags/example_sla_dag.py took 0.080 seconds
[2023-10-06T23:06:48.405+0000] {processor.py:154} INFO - Started process (PID=3934) to work on /home/airflow/.local/lib/python3.7/site-packages/airflow/example_dags/example_sla_dag.py
[2023-10-06T23:06:48.406+0000] {processor.py:756} INFO - Processing file /home/airflow/.local/lib/python3.7/site-packages/airflow/example_dags/example_sla_dag.py for tasks to queue
[2023-10-06T23:06:48.406+0000] {logging_mixin.py:120} INFO - [2023-10-06T23:06:48.406+0000] {dagbag.py:537} INFO - Filling up the DagBag from /home/airflow/.local/lib/python3.7/site-packages/airflow/example_dags/example_sla_dag.py
[2023-10-06T23:06:48.422+0000] {processor.py:766} INFO - DAG(s) dict_keys(['example_sla_dag']) retrieved from /home/airflow/.local/lib/python3.7/site-packages/airflow/example_dags/example_sla_dag.py
[2023-10-06T23:06:48.451+0000] {logging_mixin.py:120} INFO - [2023-10-06T23:06:48.451+0000] {dag.py:2585} INFO - Sync 1 DAGs
[2023-10-06T23:06:48.469+0000] {logging_mixin.py:120} INFO - [2023-10-06T23:06:48.469+0000] {dag.py:3340} INFO - Setting next_dagrun for example_sla_dag to 2023-10-06T23:04:00+00:00, run_after=2023-10-06T23:06:00+00:00
[2023-10-06T23:06:48.487+0000] {processor.py:176} INFO - Processing /home/airflow/.local/lib/python3.7/site-packages/airflow/example_dags/example_sla_dag.py took 0.085 seconds
[2023-10-06T23:07:18.591+0000] {processor.py:154} INFO - Started process (PID=3999) to work on /home/airflow/.local/lib/python3.7/site-packages/airflow/example_dags/example_sla_dag.py
[2023-10-06T23:07:18.592+0000] {processor.py:756} INFO - Processing file /home/airflow/.local/lib/python3.7/site-packages/airflow/example_dags/example_sla_dag.py for tasks to queue
[2023-10-06T23:07:18.592+0000] {logging_mixin.py:120} INFO - [2023-10-06T23:07:18.592+0000] {dagbag.py:537} INFO - Filling up the DagBag from /home/airflow/.local/lib/python3.7/site-packages/airflow/example_dags/example_sla_dag.py
[2023-10-06T23:07:18.610+0000] {processor.py:766} INFO - DAG(s) dict_keys(['example_sla_dag']) retrieved from /home/airflow/.local/lib/python3.7/site-packages/airflow/example_dags/example_sla_dag.py
[2023-10-06T23:07:18.682+0000] {logging_mixin.py:120} INFO - [2023-10-06T23:07:18.682+0000] {dag.py:2585} INFO - Sync 1 DAGs
[2023-10-06T23:07:18.705+0000] {logging_mixin.py:120} INFO - [2023-10-06T23:07:18.705+0000] {dag.py:3340} INFO - Setting next_dagrun for example_sla_dag to 2023-10-06T23:04:00+00:00, run_after=2023-10-06T23:06:00+00:00
[2023-10-06T23:07:18.719+0000] {processor.py:176} INFO - Processing /home/airflow/.local/lib/python3.7/site-packages/airflow/example_dags/example_sla_dag.py took 0.132 seconds
[2023-10-06T23:07:48.737+0000] {processor.py:154} INFO - Started process (PID=4054) to work on /home/airflow/.local/lib/python3.7/site-packages/airflow/example_dags/example_sla_dag.py
[2023-10-06T23:07:48.743+0000] {processor.py:756} INFO - Processing file /home/airflow/.local/lib/python3.7/site-packages/airflow/example_dags/example_sla_dag.py for tasks to queue
[2023-10-06T23:07:48.744+0000] {logging_mixin.py:120} INFO - [2023-10-06T23:07:48.743+0000] {dagbag.py:537} INFO - Filling up the DagBag from /home/airflow/.local/lib/python3.7/site-packages/airflow/example_dags/example_sla_dag.py
[2023-10-06T23:07:48.759+0000] {processor.py:766} INFO - DAG(s) dict_keys(['example_sla_dag']) retrieved from /home/airflow/.local/lib/python3.7/site-packages/airflow/example_dags/example_sla_dag.py
[2023-10-06T23:07:48.789+0000] {logging_mixin.py:120} INFO - [2023-10-06T23:07:48.788+0000] {dag.py:2585} INFO - Sync 1 DAGs
[2023-10-06T23:07:48.808+0000] {logging_mixin.py:120} INFO - [2023-10-06T23:07:48.808+0000] {dag.py:3340} INFO - Setting next_dagrun for example_sla_dag to 2023-10-06T23:04:00+00:00, run_after=2023-10-06T23:06:00+00:00
[2023-10-06T23:07:48.824+0000] {processor.py:176} INFO - Processing /home/airflow/.local/lib/python3.7/site-packages/airflow/example_dags/example_sla_dag.py took 0.088 seconds
[2023-10-06T23:08:18.907+0000] {processor.py:154} INFO - Started process (PID=4118) to work on /home/airflow/.local/lib/python3.7/site-packages/airflow/example_dags/example_sla_dag.py
[2023-10-06T23:08:18.913+0000] {processor.py:756} INFO - Processing file /home/airflow/.local/lib/python3.7/site-packages/airflow/example_dags/example_sla_dag.py for tasks to queue
[2023-10-06T23:08:18.913+0000] {logging_mixin.py:120} INFO - [2023-10-06T23:08:18.913+0000] {dagbag.py:537} INFO - Filling up the DagBag from /home/airflow/.local/lib/python3.7/site-packages/airflow/example_dags/example_sla_dag.py
[2023-10-06T23:08:18.927+0000] {processor.py:766} INFO - DAG(s) dict_keys(['example_sla_dag']) retrieved from /home/airflow/.local/lib/python3.7/site-packages/airflow/example_dags/example_sla_dag.py
[2023-10-06T23:08:18.955+0000] {logging_mixin.py:120} INFO - [2023-10-06T23:08:18.955+0000] {dag.py:2585} INFO - Sync 1 DAGs
[2023-10-06T23:08:18.974+0000] {logging_mixin.py:120} INFO - [2023-10-06T23:08:18.974+0000] {dag.py:3340} INFO - Setting next_dagrun for example_sla_dag to 2023-10-06T23:06:00+00:00, run_after=2023-10-06T23:08:00+00:00
[2023-10-06T23:08:18.987+0000] {processor.py:176} INFO - Processing /home/airflow/.local/lib/python3.7/site-packages/airflow/example_dags/example_sla_dag.py took 0.083 seconds
[2023-10-06T23:08:49.137+0000] {processor.py:154} INFO - Started process (PID=4182) to work on /home/airflow/.local/lib/python3.7/site-packages/airflow/example_dags/example_sla_dag.py
[2023-10-06T23:08:49.138+0000] {processor.py:756} INFO - Processing file /home/airflow/.local/lib/python3.7/site-packages/airflow/example_dags/example_sla_dag.py for tasks to queue
[2023-10-06T23:08:49.138+0000] {logging_mixin.py:120} INFO - [2023-10-06T23:08:49.138+0000] {dagbag.py:537} INFO - Filling up the DagBag from /home/airflow/.local/lib/python3.7/site-packages/airflow/example_dags/example_sla_dag.py
[2023-10-06T23:08:49.153+0000] {processor.py:766} INFO - DAG(s) dict_keys(['example_sla_dag']) retrieved from /home/airflow/.local/lib/python3.7/site-packages/airflow/example_dags/example_sla_dag.py
[2023-10-06T23:08:49.182+0000] {logging_mixin.py:120} INFO - [2023-10-06T23:08:49.182+0000] {dag.py:2585} INFO - Sync 1 DAGs
[2023-10-06T23:08:49.201+0000] {logging_mixin.py:120} INFO - [2023-10-06T23:08:49.201+0000] {dag.py:3340} INFO - Setting next_dagrun for example_sla_dag to 2023-10-06T23:06:00+00:00, run_after=2023-10-06T23:08:00+00:00
[2023-10-06T23:08:49.215+0000] {processor.py:176} INFO - Processing /home/airflow/.local/lib/python3.7/site-packages/airflow/example_dags/example_sla_dag.py took 0.080 seconds
