[2023-10-06T22:34:54.199+0000] {processor.py:154} INFO - Started process (PID=58) to work on /home/airflow/.local/lib/python3.7/site-packages/airflow/example_dags/example_task_group.py
[2023-10-06T22:34:54.199+0000] {processor.py:756} INFO - Processing file /home/airflow/.local/lib/python3.7/site-packages/airflow/example_dags/example_task_group.py for tasks to queue
[2023-10-06T22:34:54.200+0000] {logging_mixin.py:120} INFO - [2023-10-06T22:34:54.200+0000] {dagbag.py:537} INFO - Filling up the DagBag from /home/airflow/.local/lib/python3.7/site-packages/airflow/example_dags/example_task_group.py
[2023-10-06T22:34:54.214+0000] {processor.py:766} INFO - DAG(s) dict_keys(['example_task_group']) retrieved from /home/airflow/.local/lib/python3.7/site-packages/airflow/example_dags/example_task_group.py
[2023-10-06T22:34:54.250+0000] {logging_mixin.py:120} INFO - [2023-10-06T22:34:54.250+0000] {dag.py:2585} INFO - Sync 1 DAGs
[2023-10-06T22:34:54.269+0000] {logging_mixin.py:120} INFO - [2023-10-06T22:34:54.269+0000] {dag.py:3340} INFO - Setting next_dagrun for example_task_group to 2023-10-05T22:34:54.269317+00:00, run_after=2023-10-06T22:34:54.269317+00:00
[2023-10-06T22:34:54.288+0000] {processor.py:176} INFO - Processing /home/airflow/.local/lib/python3.7/site-packages/airflow/example_dags/example_task_group.py took 0.091 seconds
[2023-10-06T22:35:24.464+0000] {processor.py:154} INFO - Started process (PID=121) to work on /home/airflow/.local/lib/python3.7/site-packages/airflow/example_dags/example_task_group.py
[2023-10-06T22:35:24.465+0000] {processor.py:756} INFO - Processing file /home/airflow/.local/lib/python3.7/site-packages/airflow/example_dags/example_task_group.py for tasks to queue
[2023-10-06T22:35:24.465+0000] {logging_mixin.py:120} INFO - [2023-10-06T22:35:24.465+0000] {dagbag.py:537} INFO - Filling up the DagBag from /home/airflow/.local/lib/python3.7/site-packages/airflow/example_dags/example_task_group.py
[2023-10-06T22:35:24.479+0000] {processor.py:766} INFO - DAG(s) dict_keys(['example_task_group']) retrieved from /home/airflow/.local/lib/python3.7/site-packages/airflow/example_dags/example_task_group.py
[2023-10-06T22:35:24.497+0000] {logging_mixin.py:120} INFO - [2023-10-06T22:35:24.497+0000] {dag.py:2585} INFO - Sync 1 DAGs
[2023-10-06T22:35:24.517+0000] {logging_mixin.py:120} INFO - [2023-10-06T22:35:24.516+0000] {dag.py:3340} INFO - Setting next_dagrun for example_task_group to 2023-10-05T22:35:24.516574+00:00, run_after=2023-10-06T22:35:24.516574+00:00
[2023-10-06T22:35:24.534+0000] {processor.py:176} INFO - Processing /home/airflow/.local/lib/python3.7/site-packages/airflow/example_dags/example_task_group.py took 0.073 seconds
[2023-10-06T22:35:55.606+0000] {processor.py:154} INFO - Started process (PID=184) to work on /home/airflow/.local/lib/python3.7/site-packages/airflow/example_dags/example_task_group.py
[2023-10-06T22:35:55.607+0000] {processor.py:756} INFO - Processing file /home/airflow/.local/lib/python3.7/site-packages/airflow/example_dags/example_task_group.py for tasks to queue
[2023-10-06T22:35:55.608+0000] {logging_mixin.py:120} INFO - [2023-10-06T22:35:55.608+0000] {dagbag.py:537} INFO - Filling up the DagBag from /home/airflow/.local/lib/python3.7/site-packages/airflow/example_dags/example_task_group.py
[2023-10-06T22:35:55.619+0000] {processor.py:766} INFO - DAG(s) dict_keys(['example_task_group']) retrieved from /home/airflow/.local/lib/python3.7/site-packages/airflow/example_dags/example_task_group.py
[2023-10-06T22:35:55.651+0000] {logging_mixin.py:120} INFO - [2023-10-06T22:35:55.651+0000] {dag.py:2585} INFO - Sync 1 DAGs
[2023-10-06T22:35:55.671+0000] {logging_mixin.py:120} INFO - [2023-10-06T22:35:55.671+0000] {dag.py:3340} INFO - Setting next_dagrun for example_task_group to 2023-10-05T22:35:55.671034+00:00, run_after=2023-10-06T22:35:55.671034+00:00
[2023-10-06T22:35:55.687+0000] {processor.py:176} INFO - Processing /home/airflow/.local/lib/python3.7/site-packages/airflow/example_dags/example_task_group.py took 0.083 seconds
[2023-10-06T22:36:25.825+0000] {processor.py:154} INFO - Started process (PID=238) to work on /home/airflow/.local/lib/python3.7/site-packages/airflow/example_dags/example_task_group.py
[2023-10-06T22:36:25.825+0000] {processor.py:756} INFO - Processing file /home/airflow/.local/lib/python3.7/site-packages/airflow/example_dags/example_task_group.py for tasks to queue
[2023-10-06T22:36:25.826+0000] {logging_mixin.py:120} INFO - [2023-10-06T22:36:25.825+0000] {dagbag.py:537} INFO - Filling up the DagBag from /home/airflow/.local/lib/python3.7/site-packages/airflow/example_dags/example_task_group.py
[2023-10-06T22:36:25.836+0000] {processor.py:766} INFO - DAG(s) dict_keys(['example_task_group']) retrieved from /home/airflow/.local/lib/python3.7/site-packages/airflow/example_dags/example_task_group.py
[2023-10-06T22:36:25.864+0000] {logging_mixin.py:120} INFO - [2023-10-06T22:36:25.864+0000] {dag.py:2585} INFO - Sync 1 DAGs
[2023-10-06T22:36:25.881+0000] {logging_mixin.py:120} INFO - [2023-10-06T22:36:25.880+0000] {dag.py:3340} INFO - Setting next_dagrun for example_task_group to 2023-10-05T22:36:25.880747+00:00, run_after=2023-10-06T22:36:25.880747+00:00
[2023-10-06T22:36:25.894+0000] {processor.py:176} INFO - Processing /home/airflow/.local/lib/python3.7/site-packages/airflow/example_dags/example_task_group.py took 0.071 seconds
[2023-10-06T22:36:56.619+0000] {processor.py:154} INFO - Started process (PID=302) to work on /home/airflow/.local/lib/python3.7/site-packages/airflow/example_dags/example_task_group.py
[2023-10-06T22:36:56.620+0000] {processor.py:756} INFO - Processing file /home/airflow/.local/lib/python3.7/site-packages/airflow/example_dags/example_task_group.py for tasks to queue
[2023-10-06T22:36:56.621+0000] {logging_mixin.py:120} INFO - [2023-10-06T22:36:56.620+0000] {dagbag.py:537} INFO - Filling up the DagBag from /home/airflow/.local/lib/python3.7/site-packages/airflow/example_dags/example_task_group.py
[2023-10-06T22:36:56.633+0000] {processor.py:766} INFO - DAG(s) dict_keys(['example_task_group']) retrieved from /home/airflow/.local/lib/python3.7/site-packages/airflow/example_dags/example_task_group.py
[2023-10-06T22:36:56.671+0000] {logging_mixin.py:120} INFO - [2023-10-06T22:36:56.671+0000] {dag.py:2585} INFO - Sync 1 DAGs
[2023-10-06T22:36:56.714+0000] {logging_mixin.py:120} INFO - [2023-10-06T22:36:56.714+0000] {dag.py:3340} INFO - Setting next_dagrun for example_task_group to 2023-10-05T22:36:56.714300+00:00, run_after=2023-10-06T22:36:56.714300+00:00
[2023-10-06T22:36:56.730+0000] {processor.py:176} INFO - Processing /home/airflow/.local/lib/python3.7/site-packages/airflow/example_dags/example_task_group.py took 0.113 seconds
[2023-10-06T22:37:27.463+0000] {processor.py:154} INFO - Started process (PID=365) to work on /home/airflow/.local/lib/python3.7/site-packages/airflow/example_dags/example_task_group.py
[2023-10-06T22:37:27.465+0000] {processor.py:756} INFO - Processing file /home/airflow/.local/lib/python3.7/site-packages/airflow/example_dags/example_task_group.py for tasks to queue
[2023-10-06T22:37:27.465+0000] {logging_mixin.py:120} INFO - [2023-10-06T22:37:27.465+0000] {dagbag.py:537} INFO - Filling up the DagBag from /home/airflow/.local/lib/python3.7/site-packages/airflow/example_dags/example_task_group.py
[2023-10-06T22:37:27.478+0000] {processor.py:766} INFO - DAG(s) dict_keys(['example_task_group']) retrieved from /home/airflow/.local/lib/python3.7/site-packages/airflow/example_dags/example_task_group.py
[2023-10-06T22:37:27.515+0000] {logging_mixin.py:120} INFO - [2023-10-06T22:37:27.514+0000] {dag.py:2585} INFO - Sync 1 DAGs
[2023-10-06T22:37:27.538+0000] {logging_mixin.py:120} INFO - [2023-10-06T22:37:27.538+0000] {dag.py:3340} INFO - Setting next_dagrun for example_task_group to 2023-10-05T22:37:27.538290+00:00, run_after=2023-10-06T22:37:27.538290+00:00
[2023-10-06T22:37:27.554+0000] {processor.py:176} INFO - Processing /home/airflow/.local/lib/python3.7/site-packages/airflow/example_dags/example_task_group.py took 0.094 seconds
[2023-10-06T22:37:58.041+0000] {processor.py:154} INFO - Started process (PID=429) to work on /home/airflow/.local/lib/python3.7/site-packages/airflow/example_dags/example_task_group.py
[2023-10-06T22:37:58.042+0000] {processor.py:756} INFO - Processing file /home/airflow/.local/lib/python3.7/site-packages/airflow/example_dags/example_task_group.py for tasks to queue
[2023-10-06T22:37:58.043+0000] {logging_mixin.py:120} INFO - [2023-10-06T22:37:58.043+0000] {dagbag.py:537} INFO - Filling up the DagBag from /home/airflow/.local/lib/python3.7/site-packages/airflow/example_dags/example_task_group.py
[2023-10-06T22:37:58.058+0000] {processor.py:766} INFO - DAG(s) dict_keys(['example_task_group']) retrieved from /home/airflow/.local/lib/python3.7/site-packages/airflow/example_dags/example_task_group.py
[2023-10-06T22:37:58.094+0000] {logging_mixin.py:120} INFO - [2023-10-06T22:37:58.094+0000] {dag.py:2585} INFO - Sync 1 DAGs
[2023-10-06T22:37:58.118+0000] {logging_mixin.py:120} INFO - [2023-10-06T22:37:58.118+0000] {dag.py:3340} INFO - Setting next_dagrun for example_task_group to 2023-10-05T22:37:58.118224+00:00, run_after=2023-10-06T22:37:58.118224+00:00
[2023-10-06T22:37:58.136+0000] {processor.py:176} INFO - Processing /home/airflow/.local/lib/python3.7/site-packages/airflow/example_dags/example_task_group.py took 0.098 seconds
[2023-10-06T22:38:28.463+0000] {processor.py:154} INFO - Started process (PID=491) to work on /home/airflow/.local/lib/python3.7/site-packages/airflow/example_dags/example_task_group.py
[2023-10-06T22:38:28.464+0000] {processor.py:756} INFO - Processing file /home/airflow/.local/lib/python3.7/site-packages/airflow/example_dags/example_task_group.py for tasks to queue
[2023-10-06T22:38:28.464+0000] {logging_mixin.py:120} INFO - [2023-10-06T22:38:28.464+0000] {dagbag.py:537} INFO - Filling up the DagBag from /home/airflow/.local/lib/python3.7/site-packages/airflow/example_dags/example_task_group.py
[2023-10-06T22:38:28.481+0000] {processor.py:766} INFO - DAG(s) dict_keys(['example_task_group']) retrieved from /home/airflow/.local/lib/python3.7/site-packages/airflow/example_dags/example_task_group.py
[2023-10-06T22:38:28.522+0000] {logging_mixin.py:120} INFO - [2023-10-06T22:38:28.522+0000] {dag.py:2585} INFO - Sync 1 DAGs
[2023-10-06T22:38:28.546+0000] {logging_mixin.py:120} INFO - [2023-10-06T22:38:28.546+0000] {dag.py:3340} INFO - Setting next_dagrun for example_task_group to 2023-10-05T22:38:28.546322+00:00, run_after=2023-10-06T22:38:28.546322+00:00
[2023-10-06T22:38:28.571+0000] {processor.py:176} INFO - Processing /home/airflow/.local/lib/python3.7/site-packages/airflow/example_dags/example_task_group.py took 0.113 seconds
[2023-10-06T22:38:59.169+0000] {processor.py:154} INFO - Started process (PID=547) to work on /home/airflow/.local/lib/python3.7/site-packages/airflow/example_dags/example_task_group.py
[2023-10-06T22:38:59.170+0000] {processor.py:756} INFO - Processing file /home/airflow/.local/lib/python3.7/site-packages/airflow/example_dags/example_task_group.py for tasks to queue
[2023-10-06T22:38:59.170+0000] {logging_mixin.py:120} INFO - [2023-10-06T22:38:59.170+0000] {dagbag.py:537} INFO - Filling up the DagBag from /home/airflow/.local/lib/python3.7/site-packages/airflow/example_dags/example_task_group.py
[2023-10-06T22:38:59.183+0000] {processor.py:766} INFO - DAG(s) dict_keys(['example_task_group']) retrieved from /home/airflow/.local/lib/python3.7/site-packages/airflow/example_dags/example_task_group.py
[2023-10-06T22:38:59.220+0000] {logging_mixin.py:120} INFO - [2023-10-06T22:38:59.220+0000] {dag.py:2585} INFO - Sync 1 DAGs
[2023-10-06T22:38:59.240+0000] {logging_mixin.py:120} INFO - [2023-10-06T22:38:59.240+0000] {dag.py:3340} INFO - Setting next_dagrun for example_task_group to 2023-10-05T22:38:59.240266+00:00, run_after=2023-10-06T22:38:59.240266+00:00
[2023-10-06T22:38:59.259+0000] {processor.py:176} INFO - Processing /home/airflow/.local/lib/python3.7/site-packages/airflow/example_dags/example_task_group.py took 0.092 seconds
[2023-10-06T22:39:29.824+0000] {processor.py:154} INFO - Started process (PID=612) to work on /home/airflow/.local/lib/python3.7/site-packages/airflow/example_dags/example_task_group.py
[2023-10-06T22:39:29.825+0000] {processor.py:756} INFO - Processing file /home/airflow/.local/lib/python3.7/site-packages/airflow/example_dags/example_task_group.py for tasks to queue
[2023-10-06T22:39:29.826+0000] {logging_mixin.py:120} INFO - [2023-10-06T22:39:29.825+0000] {dagbag.py:537} INFO - Filling up the DagBag from /home/airflow/.local/lib/python3.7/site-packages/airflow/example_dags/example_task_group.py
[2023-10-06T22:39:29.840+0000] {processor.py:766} INFO - DAG(s) dict_keys(['example_task_group']) retrieved from /home/airflow/.local/lib/python3.7/site-packages/airflow/example_dags/example_task_group.py
[2023-10-06T22:39:29.875+0000] {logging_mixin.py:120} INFO - [2023-10-06T22:39:29.875+0000] {dag.py:2585} INFO - Sync 1 DAGs
[2023-10-06T22:39:29.904+0000] {logging_mixin.py:120} INFO - [2023-10-06T22:39:29.903+0000] {dag.py:3340} INFO - Setting next_dagrun for example_task_group to 2023-10-05T22:39:29.903704+00:00, run_after=2023-10-06T22:39:29.903704+00:00
[2023-10-06T22:39:29.920+0000] {processor.py:176} INFO - Processing /home/airflow/.local/lib/python3.7/site-packages/airflow/example_dags/example_task_group.py took 0.098 seconds
[2023-10-06T22:40:00.207+0000] {processor.py:154} INFO - Started process (PID=675) to work on /home/airflow/.local/lib/python3.7/site-packages/airflow/example_dags/example_task_group.py
[2023-10-06T22:40:00.208+0000] {processor.py:756} INFO - Processing file /home/airflow/.local/lib/python3.7/site-packages/airflow/example_dags/example_task_group.py for tasks to queue
[2023-10-06T22:40:00.208+0000] {logging_mixin.py:120} INFO - [2023-10-06T22:40:00.208+0000] {dagbag.py:537} INFO - Filling up the DagBag from /home/airflow/.local/lib/python3.7/site-packages/airflow/example_dags/example_task_group.py
[2023-10-06T22:40:00.222+0000] {processor.py:766} INFO - DAG(s) dict_keys(['example_task_group']) retrieved from /home/airflow/.local/lib/python3.7/site-packages/airflow/example_dags/example_task_group.py
[2023-10-06T22:40:00.256+0000] {logging_mixin.py:120} INFO - [2023-10-06T22:40:00.256+0000] {dag.py:2585} INFO - Sync 1 DAGs
[2023-10-06T22:40:00.276+0000] {logging_mixin.py:120} INFO - [2023-10-06T22:40:00.276+0000] {dag.py:3340} INFO - Setting next_dagrun for example_task_group to 2023-10-05T22:40:00.276128+00:00, run_after=2023-10-06T22:40:00.276128+00:00
[2023-10-06T22:40:00.292+0000] {processor.py:176} INFO - Processing /home/airflow/.local/lib/python3.7/site-packages/airflow/example_dags/example_task_group.py took 0.089 seconds
[2023-10-06T22:40:30.828+0000] {processor.py:154} INFO - Started process (PID=729) to work on /home/airflow/.local/lib/python3.7/site-packages/airflow/example_dags/example_task_group.py
[2023-10-06T22:40:30.829+0000] {processor.py:756} INFO - Processing file /home/airflow/.local/lib/python3.7/site-packages/airflow/example_dags/example_task_group.py for tasks to queue
[2023-10-06T22:40:30.830+0000] {logging_mixin.py:120} INFO - [2023-10-06T22:40:30.830+0000] {dagbag.py:537} INFO - Filling up the DagBag from /home/airflow/.local/lib/python3.7/site-packages/airflow/example_dags/example_task_group.py
[2023-10-06T22:40:30.841+0000] {processor.py:766} INFO - DAG(s) dict_keys(['example_task_group']) retrieved from /home/airflow/.local/lib/python3.7/site-packages/airflow/example_dags/example_task_group.py
[2023-10-06T22:40:30.875+0000] {logging_mixin.py:120} INFO - [2023-10-06T22:40:30.875+0000] {dag.py:2585} INFO - Sync 1 DAGs
[2023-10-06T22:40:30.894+0000] {logging_mixin.py:120} INFO - [2023-10-06T22:40:30.894+0000] {dag.py:3340} INFO - Setting next_dagrun for example_task_group to 2023-10-05T22:40:30.894230+00:00, run_after=2023-10-06T22:40:30.894230+00:00
[2023-10-06T22:40:30.910+0000] {processor.py:176} INFO - Processing /home/airflow/.local/lib/python3.7/site-packages/airflow/example_dags/example_task_group.py took 0.084 seconds
[2023-10-06T22:41:01.448+0000] {processor.py:154} INFO - Started process (PID=792) to work on /home/airflow/.local/lib/python3.7/site-packages/airflow/example_dags/example_task_group.py
[2023-10-06T22:41:01.449+0000] {processor.py:756} INFO - Processing file /home/airflow/.local/lib/python3.7/site-packages/airflow/example_dags/example_task_group.py for tasks to queue
[2023-10-06T22:41:01.449+0000] {logging_mixin.py:120} INFO - [2023-10-06T22:41:01.449+0000] {dagbag.py:537} INFO - Filling up the DagBag from /home/airflow/.local/lib/python3.7/site-packages/airflow/example_dags/example_task_group.py
[2023-10-06T22:41:01.460+0000] {processor.py:766} INFO - DAG(s) dict_keys(['example_task_group']) retrieved from /home/airflow/.local/lib/python3.7/site-packages/airflow/example_dags/example_task_group.py
[2023-10-06T22:41:01.489+0000] {logging_mixin.py:120} INFO - [2023-10-06T22:41:01.489+0000] {dag.py:2585} INFO - Sync 1 DAGs
[2023-10-06T22:41:01.506+0000] {logging_mixin.py:120} INFO - [2023-10-06T22:41:01.506+0000] {dag.py:3340} INFO - Setting next_dagrun for example_task_group to 2023-10-05T22:41:01.506318+00:00, run_after=2023-10-06T22:41:01.506318+00:00
[2023-10-06T22:41:01.523+0000] {processor.py:176} INFO - Processing /home/airflow/.local/lib/python3.7/site-packages/airflow/example_dags/example_task_group.py took 0.077 seconds
[2023-10-06T22:41:31.953+0000] {processor.py:154} INFO - Started process (PID=855) to work on /home/airflow/.local/lib/python3.7/site-packages/airflow/example_dags/example_task_group.py
[2023-10-06T22:41:31.954+0000] {processor.py:756} INFO - Processing file /home/airflow/.local/lib/python3.7/site-packages/airflow/example_dags/example_task_group.py for tasks to queue
[2023-10-06T22:41:31.955+0000] {logging_mixin.py:120} INFO - [2023-10-06T22:41:31.954+0000] {dagbag.py:537} INFO - Filling up the DagBag from /home/airflow/.local/lib/python3.7/site-packages/airflow/example_dags/example_task_group.py
[2023-10-06T22:41:31.966+0000] {processor.py:766} INFO - DAG(s) dict_keys(['example_task_group']) retrieved from /home/airflow/.local/lib/python3.7/site-packages/airflow/example_dags/example_task_group.py
[2023-10-06T22:41:31.995+0000] {logging_mixin.py:120} INFO - [2023-10-06T22:41:31.995+0000] {dag.py:2585} INFO - Sync 1 DAGs
[2023-10-06T22:41:32.012+0000] {logging_mixin.py:120} INFO - [2023-10-06T22:41:32.012+0000] {dag.py:3340} INFO - Setting next_dagrun for example_task_group to 2023-10-05T22:41:32.012479+00:00, run_after=2023-10-06T22:41:32.012479+00:00
[2023-10-06T22:41:32.044+0000] {processor.py:176} INFO - Processing /home/airflow/.local/lib/python3.7/site-packages/airflow/example_dags/example_task_group.py took 0.093 seconds
[2023-10-06T22:42:02.192+0000] {processor.py:154} INFO - Started process (PID=918) to work on /home/airflow/.local/lib/python3.7/site-packages/airflow/example_dags/example_task_group.py
[2023-10-06T22:42:02.193+0000] {processor.py:756} INFO - Processing file /home/airflow/.local/lib/python3.7/site-packages/airflow/example_dags/example_task_group.py for tasks to queue
[2023-10-06T22:42:02.193+0000] {logging_mixin.py:120} INFO - [2023-10-06T22:42:02.193+0000] {dagbag.py:537} INFO - Filling up the DagBag from /home/airflow/.local/lib/python3.7/site-packages/airflow/example_dags/example_task_group.py
[2023-10-06T22:42:02.205+0000] {processor.py:766} INFO - DAG(s) dict_keys(['example_task_group']) retrieved from /home/airflow/.local/lib/python3.7/site-packages/airflow/example_dags/example_task_group.py
[2023-10-06T22:42:02.233+0000] {logging_mixin.py:120} INFO - [2023-10-06T22:42:02.233+0000] {dag.py:2585} INFO - Sync 1 DAGs
[2023-10-06T22:42:02.250+0000] {logging_mixin.py:120} INFO - [2023-10-06T22:42:02.250+0000] {dag.py:3340} INFO - Setting next_dagrun for example_task_group to 2023-10-05T22:42:02.250103+00:00, run_after=2023-10-06T22:42:02.250103+00:00
[2023-10-06T22:42:02.265+0000] {processor.py:176} INFO - Processing /home/airflow/.local/lib/python3.7/site-packages/airflow/example_dags/example_task_group.py took 0.075 seconds
[2023-10-06T22:42:32.800+0000] {processor.py:154} INFO - Started process (PID=972) to work on /home/airflow/.local/lib/python3.7/site-packages/airflow/example_dags/example_task_group.py
[2023-10-06T22:42:32.801+0000] {processor.py:756} INFO - Processing file /home/airflow/.local/lib/python3.7/site-packages/airflow/example_dags/example_task_group.py for tasks to queue
[2023-10-06T22:42:32.802+0000] {logging_mixin.py:120} INFO - [2023-10-06T22:42:32.802+0000] {dagbag.py:537} INFO - Filling up the DagBag from /home/airflow/.local/lib/python3.7/site-packages/airflow/example_dags/example_task_group.py
[2023-10-06T22:42:32.813+0000] {processor.py:766} INFO - DAG(s) dict_keys(['example_task_group']) retrieved from /home/airflow/.local/lib/python3.7/site-packages/airflow/example_dags/example_task_group.py
[2023-10-06T22:42:32.847+0000] {logging_mixin.py:120} INFO - [2023-10-06T22:42:32.847+0000] {dag.py:2585} INFO - Sync 1 DAGs
[2023-10-06T22:42:32.867+0000] {logging_mixin.py:120} INFO - [2023-10-06T22:42:32.867+0000] {dag.py:3340} INFO - Setting next_dagrun for example_task_group to 2023-10-05T22:42:32.867146+00:00, run_after=2023-10-06T22:42:32.867146+00:00
[2023-10-06T22:42:32.885+0000] {processor.py:176} INFO - Processing /home/airflow/.local/lib/python3.7/site-packages/airflow/example_dags/example_task_group.py took 0.087 seconds
[2023-10-06T22:43:03.189+0000] {processor.py:154} INFO - Started process (PID=1036) to work on /home/airflow/.local/lib/python3.7/site-packages/airflow/example_dags/example_task_group.py
[2023-10-06T22:43:03.190+0000] {processor.py:756} INFO - Processing file /home/airflow/.local/lib/python3.7/site-packages/airflow/example_dags/example_task_group.py for tasks to queue
[2023-10-06T22:43:03.190+0000] {logging_mixin.py:120} INFO - [2023-10-06T22:43:03.190+0000] {dagbag.py:537} INFO - Filling up the DagBag from /home/airflow/.local/lib/python3.7/site-packages/airflow/example_dags/example_task_group.py
[2023-10-06T22:43:03.202+0000] {processor.py:766} INFO - DAG(s) dict_keys(['example_task_group']) retrieved from /home/airflow/.local/lib/python3.7/site-packages/airflow/example_dags/example_task_group.py
[2023-10-06T22:43:03.235+0000] {logging_mixin.py:120} INFO - [2023-10-06T22:43:03.235+0000] {dag.py:2585} INFO - Sync 1 DAGs
[2023-10-06T22:43:03.254+0000] {logging_mixin.py:120} INFO - [2023-10-06T22:43:03.254+0000] {dag.py:3340} INFO - Setting next_dagrun for example_task_group to 2023-10-05T22:43:03.254082+00:00, run_after=2023-10-06T22:43:03.254082+00:00
[2023-10-06T22:43:03.270+0000] {processor.py:176} INFO - Processing /home/airflow/.local/lib/python3.7/site-packages/airflow/example_dags/example_task_group.py took 0.084 seconds
[2023-10-06T22:43:33.577+0000] {processor.py:154} INFO - Started process (PID=1100) to work on /home/airflow/.local/lib/python3.7/site-packages/airflow/example_dags/example_task_group.py
[2023-10-06T22:43:33.577+0000] {processor.py:756} INFO - Processing file /home/airflow/.local/lib/python3.7/site-packages/airflow/example_dags/example_task_group.py for tasks to queue
[2023-10-06T22:43:33.578+0000] {logging_mixin.py:120} INFO - [2023-10-06T22:43:33.578+0000] {dagbag.py:537} INFO - Filling up the DagBag from /home/airflow/.local/lib/python3.7/site-packages/airflow/example_dags/example_task_group.py
[2023-10-06T22:43:33.588+0000] {processor.py:766} INFO - DAG(s) dict_keys(['example_task_group']) retrieved from /home/airflow/.local/lib/python3.7/site-packages/airflow/example_dags/example_task_group.py
[2023-10-06T22:43:33.622+0000] {logging_mixin.py:120} INFO - [2023-10-06T22:43:33.622+0000] {dag.py:2585} INFO - Sync 1 DAGs
[2023-10-06T22:43:33.640+0000] {logging_mixin.py:120} INFO - [2023-10-06T22:43:33.640+0000] {dag.py:3340} INFO - Setting next_dagrun for example_task_group to 2023-10-05T22:43:33.640149+00:00, run_after=2023-10-06T22:43:33.640149+00:00
[2023-10-06T22:43:33.657+0000] {processor.py:176} INFO - Processing /home/airflow/.local/lib/python3.7/site-packages/airflow/example_dags/example_task_group.py took 0.082 seconds
[2023-10-06T22:44:03.817+0000] {processor.py:154} INFO - Started process (PID=1162) to work on /home/airflow/.local/lib/python3.7/site-packages/airflow/example_dags/example_task_group.py
[2023-10-06T22:44:03.817+0000] {processor.py:756} INFO - Processing file /home/airflow/.local/lib/python3.7/site-packages/airflow/example_dags/example_task_group.py for tasks to queue
[2023-10-06T22:44:03.818+0000] {logging_mixin.py:120} INFO - [2023-10-06T22:44:03.818+0000] {dagbag.py:537} INFO - Filling up the DagBag from /home/airflow/.local/lib/python3.7/site-packages/airflow/example_dags/example_task_group.py
[2023-10-06T22:44:03.830+0000] {processor.py:766} INFO - DAG(s) dict_keys(['example_task_group']) retrieved from /home/airflow/.local/lib/python3.7/site-packages/airflow/example_dags/example_task_group.py
[2023-10-06T22:44:03.910+0000] {logging_mixin.py:120} INFO - [2023-10-06T22:44:03.910+0000] {dag.py:2585} INFO - Sync 1 DAGs
[2023-10-06T22:44:03.933+0000] {logging_mixin.py:120} INFO - [2023-10-06T22:44:03.933+0000] {dag.py:3340} INFO - Setting next_dagrun for example_task_group to 2023-10-05T22:44:03.933324+00:00, run_after=2023-10-06T22:44:03.933324+00:00
[2023-10-06T22:44:03.951+0000] {processor.py:176} INFO - Processing /home/airflow/.local/lib/python3.7/site-packages/airflow/example_dags/example_task_group.py took 0.137 seconds
[2023-10-06T22:44:34.130+0000] {processor.py:154} INFO - Started process (PID=1217) to work on /home/airflow/.local/lib/python3.7/site-packages/airflow/example_dags/example_task_group.py
[2023-10-06T22:44:34.131+0000] {processor.py:756} INFO - Processing file /home/airflow/.local/lib/python3.7/site-packages/airflow/example_dags/example_task_group.py for tasks to queue
[2023-10-06T22:44:34.131+0000] {logging_mixin.py:120} INFO - [2023-10-06T22:44:34.131+0000] {dagbag.py:537} INFO - Filling up the DagBag from /home/airflow/.local/lib/python3.7/site-packages/airflow/example_dags/example_task_group.py
[2023-10-06T22:44:34.144+0000] {processor.py:766} INFO - DAG(s) dict_keys(['example_task_group']) retrieved from /home/airflow/.local/lib/python3.7/site-packages/airflow/example_dags/example_task_group.py
[2023-10-06T22:44:34.175+0000] {logging_mixin.py:120} INFO - [2023-10-06T22:44:34.175+0000] {dag.py:2585} INFO - Sync 1 DAGs
[2023-10-06T22:44:34.191+0000] {logging_mixin.py:120} INFO - [2023-10-06T22:44:34.191+0000] {dag.py:3340} INFO - Setting next_dagrun for example_task_group to 2023-10-05T22:44:34.191101+00:00, run_after=2023-10-06T22:44:34.191101+00:00
[2023-10-06T22:44:34.205+0000] {processor.py:176} INFO - Processing /home/airflow/.local/lib/python3.7/site-packages/airflow/example_dags/example_task_group.py took 0.078 seconds
[2023-10-06T22:45:04.603+0000] {processor.py:154} INFO - Started process (PID=1281) to work on /home/airflow/.local/lib/python3.7/site-packages/airflow/example_dags/example_task_group.py
[2023-10-06T22:45:04.604+0000] {processor.py:756} INFO - Processing file /home/airflow/.local/lib/python3.7/site-packages/airflow/example_dags/example_task_group.py for tasks to queue
[2023-10-06T22:45:04.605+0000] {logging_mixin.py:120} INFO - [2023-10-06T22:45:04.605+0000] {dagbag.py:537} INFO - Filling up the DagBag from /home/airflow/.local/lib/python3.7/site-packages/airflow/example_dags/example_task_group.py
[2023-10-06T22:45:04.619+0000] {processor.py:766} INFO - DAG(s) dict_keys(['example_task_group']) retrieved from /home/airflow/.local/lib/python3.7/site-packages/airflow/example_dags/example_task_group.py
[2023-10-06T22:45:04.653+0000] {logging_mixin.py:120} INFO - [2023-10-06T22:45:04.653+0000] {dag.py:2585} INFO - Sync 1 DAGs
[2023-10-06T22:45:04.673+0000] {logging_mixin.py:120} INFO - [2023-10-06T22:45:04.673+0000] {dag.py:3340} INFO - Setting next_dagrun for example_task_group to 2023-10-05T22:45:04.673043+00:00, run_after=2023-10-06T22:45:04.673043+00:00
[2023-10-06T22:45:04.693+0000] {processor.py:176} INFO - Processing /home/airflow/.local/lib/python3.7/site-packages/airflow/example_dags/example_task_group.py took 0.093 seconds
[2023-10-06T22:45:34.979+0000] {processor.py:154} INFO - Started process (PID=1345) to work on /home/airflow/.local/lib/python3.7/site-packages/airflow/example_dags/example_task_group.py
[2023-10-06T22:45:34.981+0000] {processor.py:756} INFO - Processing file /home/airflow/.local/lib/python3.7/site-packages/airflow/example_dags/example_task_group.py for tasks to queue
[2023-10-06T22:45:34.981+0000] {logging_mixin.py:120} INFO - [2023-10-06T22:45:34.981+0000] {dagbag.py:537} INFO - Filling up the DagBag from /home/airflow/.local/lib/python3.7/site-packages/airflow/example_dags/example_task_group.py
[2023-10-06T22:45:34.992+0000] {processor.py:766} INFO - DAG(s) dict_keys(['example_task_group']) retrieved from /home/airflow/.local/lib/python3.7/site-packages/airflow/example_dags/example_task_group.py
[2023-10-06T22:45:35.022+0000] {logging_mixin.py:120} INFO - [2023-10-06T22:45:35.022+0000] {dag.py:2585} INFO - Sync 1 DAGs
[2023-10-06T22:45:35.039+0000] {logging_mixin.py:120} INFO - [2023-10-06T22:45:35.039+0000] {dag.py:3340} INFO - Setting next_dagrun for example_task_group to 2023-10-05T22:45:35.039509+00:00, run_after=2023-10-06T22:45:35.039509+00:00
[2023-10-06T22:45:35.054+0000] {processor.py:176} INFO - Processing /home/airflow/.local/lib/python3.7/site-packages/airflow/example_dags/example_task_group.py took 0.077 seconds
[2023-10-06T22:46:05.281+0000] {processor.py:154} INFO - Started process (PID=1408) to work on /home/airflow/.local/lib/python3.7/site-packages/airflow/example_dags/example_task_group.py
[2023-10-06T22:46:05.282+0000] {processor.py:756} INFO - Processing file /home/airflow/.local/lib/python3.7/site-packages/airflow/example_dags/example_task_group.py for tasks to queue
[2023-10-06T22:46:05.283+0000] {logging_mixin.py:120} INFO - [2023-10-06T22:46:05.283+0000] {dagbag.py:537} INFO - Filling up the DagBag from /home/airflow/.local/lib/python3.7/site-packages/airflow/example_dags/example_task_group.py
[2023-10-06T22:46:05.296+0000] {processor.py:766} INFO - DAG(s) dict_keys(['example_task_group']) retrieved from /home/airflow/.local/lib/python3.7/site-packages/airflow/example_dags/example_task_group.py
[2023-10-06T22:46:05.329+0000] {logging_mixin.py:120} INFO - [2023-10-06T22:46:05.329+0000] {dag.py:2585} INFO - Sync 1 DAGs
[2023-10-06T22:46:05.347+0000] {logging_mixin.py:120} INFO - [2023-10-06T22:46:05.347+0000] {dag.py:3340} INFO - Setting next_dagrun for example_task_group to 2023-10-05T22:46:05.347394+00:00, run_after=2023-10-06T22:46:05.347394+00:00
[2023-10-06T22:46:05.363+0000] {processor.py:176} INFO - Processing /home/airflow/.local/lib/python3.7/site-packages/airflow/example_dags/example_task_group.py took 0.083 seconds
[2023-10-06T22:46:35.686+0000] {processor.py:154} INFO - Started process (PID=1464) to work on /home/airflow/.local/lib/python3.7/site-packages/airflow/example_dags/example_task_group.py
[2023-10-06T22:46:35.686+0000] {processor.py:756} INFO - Processing file /home/airflow/.local/lib/python3.7/site-packages/airflow/example_dags/example_task_group.py for tasks to queue
[2023-10-06T22:46:35.687+0000] {logging_mixin.py:120} INFO - [2023-10-06T22:46:35.687+0000] {dagbag.py:537} INFO - Filling up the DagBag from /home/airflow/.local/lib/python3.7/site-packages/airflow/example_dags/example_task_group.py
[2023-10-06T22:46:35.699+0000] {processor.py:766} INFO - DAG(s) dict_keys(['example_task_group']) retrieved from /home/airflow/.local/lib/python3.7/site-packages/airflow/example_dags/example_task_group.py
[2023-10-06T22:46:35.730+0000] {logging_mixin.py:120} INFO - [2023-10-06T22:46:35.729+0000] {dag.py:2585} INFO - Sync 1 DAGs
[2023-10-06T22:46:35.746+0000] {logging_mixin.py:120} INFO - [2023-10-06T22:46:35.746+0000] {dag.py:3340} INFO - Setting next_dagrun for example_task_group to 2023-10-05T22:46:35.746533+00:00, run_after=2023-10-06T22:46:35.746533+00:00
[2023-10-06T22:46:35.763+0000] {processor.py:176} INFO - Processing /home/airflow/.local/lib/python3.7/site-packages/airflow/example_dags/example_task_group.py took 0.080 seconds
[2023-10-06T22:47:06.149+0000] {processor.py:154} INFO - Started process (PID=1529) to work on /home/airflow/.local/lib/python3.7/site-packages/airflow/example_dags/example_task_group.py
[2023-10-06T22:47:06.150+0000] {processor.py:756} INFO - Processing file /home/airflow/.local/lib/python3.7/site-packages/airflow/example_dags/example_task_group.py for tasks to queue
[2023-10-06T22:47:06.151+0000] {logging_mixin.py:120} INFO - [2023-10-06T22:47:06.151+0000] {dagbag.py:537} INFO - Filling up the DagBag from /home/airflow/.local/lib/python3.7/site-packages/airflow/example_dags/example_task_group.py
[2023-10-06T22:47:06.162+0000] {processor.py:766} INFO - DAG(s) dict_keys(['example_task_group']) retrieved from /home/airflow/.local/lib/python3.7/site-packages/airflow/example_dags/example_task_group.py
[2023-10-06T22:47:06.195+0000] {logging_mixin.py:120} INFO - [2023-10-06T22:47:06.195+0000] {dag.py:2585} INFO - Sync 1 DAGs
[2023-10-06T22:47:06.213+0000] {logging_mixin.py:120} INFO - [2023-10-06T22:47:06.213+0000] {dag.py:3340} INFO - Setting next_dagrun for example_task_group to 2023-10-05T22:47:06.213232+00:00, run_after=2023-10-06T22:47:06.213232+00:00
[2023-10-06T22:47:06.233+0000] {processor.py:176} INFO - Processing /home/airflow/.local/lib/python3.7/site-packages/airflow/example_dags/example_task_group.py took 0.086 seconds
[2023-10-06T22:47:36.532+0000] {processor.py:154} INFO - Started process (PID=1592) to work on /home/airflow/.local/lib/python3.7/site-packages/airflow/example_dags/example_task_group.py
[2023-10-06T22:47:36.533+0000] {processor.py:756} INFO - Processing file /home/airflow/.local/lib/python3.7/site-packages/airflow/example_dags/example_task_group.py for tasks to queue
[2023-10-06T22:47:36.533+0000] {logging_mixin.py:120} INFO - [2023-10-06T22:47:36.533+0000] {dagbag.py:537} INFO - Filling up the DagBag from /home/airflow/.local/lib/python3.7/site-packages/airflow/example_dags/example_task_group.py
[2023-10-06T22:47:36.543+0000] {processor.py:766} INFO - DAG(s) dict_keys(['example_task_group']) retrieved from /home/airflow/.local/lib/python3.7/site-packages/airflow/example_dags/example_task_group.py
[2023-10-06T22:47:36.574+0000] {logging_mixin.py:120} INFO - [2023-10-06T22:47:36.573+0000] {dag.py:2585} INFO - Sync 1 DAGs
[2023-10-06T22:47:36.591+0000] {logging_mixin.py:120} INFO - [2023-10-06T22:47:36.590+0000] {dag.py:3340} INFO - Setting next_dagrun for example_task_group to 2023-10-05T22:47:36.590789+00:00, run_after=2023-10-06T22:47:36.590789+00:00
[2023-10-06T22:47:36.607+0000] {processor.py:176} INFO - Processing /home/airflow/.local/lib/python3.7/site-packages/airflow/example_dags/example_task_group.py took 0.077 seconds
[2023-10-06T22:48:06.873+0000] {processor.py:154} INFO - Started process (PID=1656) to work on /home/airflow/.local/lib/python3.7/site-packages/airflow/example_dags/example_task_group.py
[2023-10-06T22:48:06.874+0000] {processor.py:756} INFO - Processing file /home/airflow/.local/lib/python3.7/site-packages/airflow/example_dags/example_task_group.py for tasks to queue
[2023-10-06T22:48:06.875+0000] {logging_mixin.py:120} INFO - [2023-10-06T22:48:06.875+0000] {dagbag.py:537} INFO - Filling up the DagBag from /home/airflow/.local/lib/python3.7/site-packages/airflow/example_dags/example_task_group.py
[2023-10-06T22:48:06.886+0000] {processor.py:766} INFO - DAG(s) dict_keys(['example_task_group']) retrieved from /home/airflow/.local/lib/python3.7/site-packages/airflow/example_dags/example_task_group.py
[2023-10-06T22:48:06.915+0000] {logging_mixin.py:120} INFO - [2023-10-06T22:48:06.915+0000] {dag.py:2585} INFO - Sync 1 DAGs
[2023-10-06T22:48:06.932+0000] {logging_mixin.py:120} INFO - [2023-10-06T22:48:06.932+0000] {dag.py:3340} INFO - Setting next_dagrun for example_task_group to 2023-10-05T22:48:06.932361+00:00, run_after=2023-10-06T22:48:06.932361+00:00
[2023-10-06T22:48:06.947+0000] {processor.py:176} INFO - Processing /home/airflow/.local/lib/python3.7/site-packages/airflow/example_dags/example_task_group.py took 0.077 seconds
[2023-10-06T22:48:37.549+0000] {processor.py:154} INFO - Started process (PID=1719) to work on /home/airflow/.local/lib/python3.7/site-packages/airflow/example_dags/example_task_group.py
[2023-10-06T22:48:37.550+0000] {processor.py:756} INFO - Processing file /home/airflow/.local/lib/python3.7/site-packages/airflow/example_dags/example_task_group.py for tasks to queue
[2023-10-06T22:48:37.550+0000] {logging_mixin.py:120} INFO - [2023-10-06T22:48:37.550+0000] {dagbag.py:537} INFO - Filling up the DagBag from /home/airflow/.local/lib/python3.7/site-packages/airflow/example_dags/example_task_group.py
[2023-10-06T22:48:37.567+0000] {processor.py:766} INFO - DAG(s) dict_keys(['example_task_group']) retrieved from /home/airflow/.local/lib/python3.7/site-packages/airflow/example_dags/example_task_group.py
[2023-10-06T22:48:37.678+0000] {logging_mixin.py:120} INFO - [2023-10-06T22:48:37.678+0000] {dag.py:2585} INFO - Sync 1 DAGs
[2023-10-06T22:48:37.707+0000] {logging_mixin.py:120} INFO - [2023-10-06T22:48:37.707+0000] {dag.py:3340} INFO - Setting next_dagrun for example_task_group to 2023-10-05T22:48:37.706795+00:00, run_after=2023-10-06T22:48:37.706795+00:00
[2023-10-06T22:48:37.727+0000] {processor.py:176} INFO - Processing /home/airflow/.local/lib/python3.7/site-packages/airflow/example_dags/example_task_group.py took 0.181 seconds
[2023-10-06T22:49:08.048+0000] {processor.py:154} INFO - Started process (PID=1774) to work on /home/airflow/.local/lib/python3.7/site-packages/airflow/example_dags/example_task_group.py
[2023-10-06T22:49:08.049+0000] {processor.py:756} INFO - Processing file /home/airflow/.local/lib/python3.7/site-packages/airflow/example_dags/example_task_group.py for tasks to queue
[2023-10-06T22:49:08.050+0000] {logging_mixin.py:120} INFO - [2023-10-06T22:49:08.050+0000] {dagbag.py:537} INFO - Filling up the DagBag from /home/airflow/.local/lib/python3.7/site-packages/airflow/example_dags/example_task_group.py
[2023-10-06T22:49:08.061+0000] {processor.py:766} INFO - DAG(s) dict_keys(['example_task_group']) retrieved from /home/airflow/.local/lib/python3.7/site-packages/airflow/example_dags/example_task_group.py
[2023-10-06T22:49:08.094+0000] {logging_mixin.py:120} INFO - [2023-10-06T22:49:08.094+0000] {dag.py:2585} INFO - Sync 1 DAGs
[2023-10-06T22:49:08.110+0000] {logging_mixin.py:120} INFO - [2023-10-06T22:49:08.110+0000] {dag.py:3340} INFO - Setting next_dagrun for example_task_group to 2023-10-05T22:49:08.110649+00:00, run_after=2023-10-06T22:49:08.110649+00:00
[2023-10-06T22:49:08.128+0000] {processor.py:176} INFO - Processing /home/airflow/.local/lib/python3.7/site-packages/airflow/example_dags/example_task_group.py took 0.081 seconds
[2023-10-06T22:49:38.345+0000] {processor.py:154} INFO - Started process (PID=1838) to work on /home/airflow/.local/lib/python3.7/site-packages/airflow/example_dags/example_task_group.py
[2023-10-06T22:49:38.346+0000] {processor.py:756} INFO - Processing file /home/airflow/.local/lib/python3.7/site-packages/airflow/example_dags/example_task_group.py for tasks to queue
[2023-10-06T22:49:38.346+0000] {logging_mixin.py:120} INFO - [2023-10-06T22:49:38.346+0000] {dagbag.py:537} INFO - Filling up the DagBag from /home/airflow/.local/lib/python3.7/site-packages/airflow/example_dags/example_task_group.py
[2023-10-06T22:49:38.358+0000] {processor.py:766} INFO - DAG(s) dict_keys(['example_task_group']) retrieved from /home/airflow/.local/lib/python3.7/site-packages/airflow/example_dags/example_task_group.py
[2023-10-06T22:49:38.396+0000] {logging_mixin.py:120} INFO - [2023-10-06T22:49:38.396+0000] {dag.py:2585} INFO - Sync 1 DAGs
[2023-10-06T22:49:38.418+0000] {logging_mixin.py:120} INFO - [2023-10-06T22:49:38.418+0000] {dag.py:3340} INFO - Setting next_dagrun for example_task_group to 2023-10-05T22:49:38.418235+00:00, run_after=2023-10-06T22:49:38.418235+00:00
[2023-10-06T22:49:38.436+0000] {processor.py:176} INFO - Processing /home/airflow/.local/lib/python3.7/site-packages/airflow/example_dags/example_task_group.py took 0.094 seconds
[2023-10-06T22:50:08.724+0000] {processor.py:154} INFO - Started process (PID=1902) to work on /home/airflow/.local/lib/python3.7/site-packages/airflow/example_dags/example_task_group.py
[2023-10-06T22:50:08.726+0000] {processor.py:756} INFO - Processing file /home/airflow/.local/lib/python3.7/site-packages/airflow/example_dags/example_task_group.py for tasks to queue
[2023-10-06T22:50:08.726+0000] {logging_mixin.py:120} INFO - [2023-10-06T22:50:08.726+0000] {dagbag.py:537} INFO - Filling up the DagBag from /home/airflow/.local/lib/python3.7/site-packages/airflow/example_dags/example_task_group.py
[2023-10-06T22:50:08.737+0000] {processor.py:766} INFO - DAG(s) dict_keys(['example_task_group']) retrieved from /home/airflow/.local/lib/python3.7/site-packages/airflow/example_dags/example_task_group.py
[2023-10-06T22:50:08.768+0000] {logging_mixin.py:120} INFO - [2023-10-06T22:50:08.768+0000] {dag.py:2585} INFO - Sync 1 DAGs
[2023-10-06T22:50:08.784+0000] {logging_mixin.py:120} INFO - [2023-10-06T22:50:08.784+0000] {dag.py:3340} INFO - Setting next_dagrun for example_task_group to 2023-10-05T22:50:08.783960+00:00, run_after=2023-10-06T22:50:08.783960+00:00
[2023-10-06T22:50:08.799+0000] {processor.py:176} INFO - Processing /home/airflow/.local/lib/python3.7/site-packages/airflow/example_dags/example_task_group.py took 0.077 seconds
[2023-10-06T22:50:39.096+0000] {processor.py:154} INFO - Started process (PID=1967) to work on /home/airflow/.local/lib/python3.7/site-packages/airflow/example_dags/example_task_group.py
[2023-10-06T22:50:39.097+0000] {processor.py:756} INFO - Processing file /home/airflow/.local/lib/python3.7/site-packages/airflow/example_dags/example_task_group.py for tasks to queue
[2023-10-06T22:50:39.097+0000] {logging_mixin.py:120} INFO - [2023-10-06T22:50:39.097+0000] {dagbag.py:537} INFO - Filling up the DagBag from /home/airflow/.local/lib/python3.7/site-packages/airflow/example_dags/example_task_group.py
[2023-10-06T22:50:39.108+0000] {processor.py:766} INFO - DAG(s) dict_keys(['example_task_group']) retrieved from /home/airflow/.local/lib/python3.7/site-packages/airflow/example_dags/example_task_group.py
[2023-10-06T22:50:39.138+0000] {logging_mixin.py:120} INFO - [2023-10-06T22:50:39.138+0000] {dag.py:2585} INFO - Sync 1 DAGs
[2023-10-06T22:50:39.154+0000] {logging_mixin.py:120} INFO - [2023-10-06T22:50:39.154+0000] {dag.py:3340} INFO - Setting next_dagrun for example_task_group to 2023-10-05T22:50:39.154113+00:00, run_after=2023-10-06T22:50:39.154113+00:00
[2023-10-06T22:50:39.168+0000] {processor.py:176} INFO - Processing /home/airflow/.local/lib/python3.7/site-packages/airflow/example_dags/example_task_group.py took 0.074 seconds
[2023-10-06T22:51:09.326+0000] {processor.py:154} INFO - Started process (PID=2022) to work on /home/airflow/.local/lib/python3.7/site-packages/airflow/example_dags/example_task_group.py
[2023-10-06T22:51:09.327+0000] {processor.py:756} INFO - Processing file /home/airflow/.local/lib/python3.7/site-packages/airflow/example_dags/example_task_group.py for tasks to queue
[2023-10-06T22:51:09.328+0000] {logging_mixin.py:120} INFO - [2023-10-06T22:51:09.328+0000] {dagbag.py:537} INFO - Filling up the DagBag from /home/airflow/.local/lib/python3.7/site-packages/airflow/example_dags/example_task_group.py
[2023-10-06T22:51:09.340+0000] {processor.py:766} INFO - DAG(s) dict_keys(['example_task_group']) retrieved from /home/airflow/.local/lib/python3.7/site-packages/airflow/example_dags/example_task_group.py
[2023-10-06T22:51:09.373+0000] {logging_mixin.py:120} INFO - [2023-10-06T22:51:09.373+0000] {dag.py:2585} INFO - Sync 1 DAGs
[2023-10-06T22:51:09.392+0000] {logging_mixin.py:120} INFO - [2023-10-06T22:51:09.392+0000] {dag.py:3340} INFO - Setting next_dagrun for example_task_group to 2023-10-05T22:51:09.392015+00:00, run_after=2023-10-06T22:51:09.392015+00:00
[2023-10-06T22:51:09.409+0000] {processor.py:176} INFO - Processing /home/airflow/.local/lib/python3.7/site-packages/airflow/example_dags/example_task_group.py took 0.086 seconds
[2023-10-06T22:51:40.021+0000] {processor.py:154} INFO - Started process (PID=2085) to work on /home/airflow/.local/lib/python3.7/site-packages/airflow/example_dags/example_task_group.py
[2023-10-06T22:51:40.022+0000] {processor.py:756} INFO - Processing file /home/airflow/.local/lib/python3.7/site-packages/airflow/example_dags/example_task_group.py for tasks to queue
[2023-10-06T22:51:40.022+0000] {logging_mixin.py:120} INFO - [2023-10-06T22:51:40.022+0000] {dagbag.py:537} INFO - Filling up the DagBag from /home/airflow/.local/lib/python3.7/site-packages/airflow/example_dags/example_task_group.py
[2023-10-06T22:51:40.033+0000] {processor.py:766} INFO - DAG(s) dict_keys(['example_task_group']) retrieved from /home/airflow/.local/lib/python3.7/site-packages/airflow/example_dags/example_task_group.py
[2023-10-06T22:51:40.063+0000] {logging_mixin.py:120} INFO - [2023-10-06T22:51:40.063+0000] {dag.py:2585} INFO - Sync 1 DAGs
[2023-10-06T22:51:40.080+0000] {logging_mixin.py:120} INFO - [2023-10-06T22:51:40.080+0000] {dag.py:3340} INFO - Setting next_dagrun for example_task_group to 2023-10-05T22:51:40.080280+00:00, run_after=2023-10-06T22:51:40.080280+00:00
[2023-10-06T22:51:40.095+0000] {processor.py:176} INFO - Processing /home/airflow/.local/lib/python3.7/site-packages/airflow/example_dags/example_task_group.py took 0.075 seconds
[2023-10-06T22:52:10.373+0000] {processor.py:154} INFO - Started process (PID=2149) to work on /home/airflow/.local/lib/python3.7/site-packages/airflow/example_dags/example_task_group.py
[2023-10-06T22:52:10.374+0000] {processor.py:756} INFO - Processing file /home/airflow/.local/lib/python3.7/site-packages/airflow/example_dags/example_task_group.py for tasks to queue
[2023-10-06T22:52:10.375+0000] {logging_mixin.py:120} INFO - [2023-10-06T22:52:10.375+0000] {dagbag.py:537} INFO - Filling up the DagBag from /home/airflow/.local/lib/python3.7/site-packages/airflow/example_dags/example_task_group.py
[2023-10-06T22:52:10.385+0000] {processor.py:766} INFO - DAG(s) dict_keys(['example_task_group']) retrieved from /home/airflow/.local/lib/python3.7/site-packages/airflow/example_dags/example_task_group.py
[2023-10-06T22:52:10.414+0000] {logging_mixin.py:120} INFO - [2023-10-06T22:52:10.414+0000] {dag.py:2585} INFO - Sync 1 DAGs
[2023-10-06T22:52:10.430+0000] {logging_mixin.py:120} INFO - [2023-10-06T22:52:10.430+0000] {dag.py:3340} INFO - Setting next_dagrun for example_task_group to 2023-10-05T22:52:10.430493+00:00, run_after=2023-10-06T22:52:10.430493+00:00
[2023-10-06T22:52:10.446+0000] {processor.py:176} INFO - Processing /home/airflow/.local/lib/python3.7/site-packages/airflow/example_dags/example_task_group.py took 0.075 seconds
[2023-10-06T22:52:40.625+0000] {processor.py:154} INFO - Started process (PID=2214) to work on /home/airflow/.local/lib/python3.7/site-packages/airflow/example_dags/example_task_group.py
[2023-10-06T22:52:40.626+0000] {processor.py:756} INFO - Processing file /home/airflow/.local/lib/python3.7/site-packages/airflow/example_dags/example_task_group.py for tasks to queue
[2023-10-06T22:52:40.626+0000] {logging_mixin.py:120} INFO - [2023-10-06T22:52:40.626+0000] {dagbag.py:537} INFO - Filling up the DagBag from /home/airflow/.local/lib/python3.7/site-packages/airflow/example_dags/example_task_group.py
[2023-10-06T22:52:40.638+0000] {processor.py:766} INFO - DAG(s) dict_keys(['example_task_group']) retrieved from /home/airflow/.local/lib/python3.7/site-packages/airflow/example_dags/example_task_group.py
[2023-10-06T22:52:40.668+0000] {logging_mixin.py:120} INFO - [2023-10-06T22:52:40.667+0000] {dag.py:2585} INFO - Sync 1 DAGs
[2023-10-06T22:52:40.684+0000] {logging_mixin.py:120} INFO - [2023-10-06T22:52:40.684+0000] {dag.py:3340} INFO - Setting next_dagrun for example_task_group to 2023-10-05T22:52:40.684340+00:00, run_after=2023-10-06T22:52:40.684340+00:00
[2023-10-06T22:52:40.700+0000] {processor.py:176} INFO - Processing /home/airflow/.local/lib/python3.7/site-packages/airflow/example_dags/example_task_group.py took 0.077 seconds
[2023-10-06T22:53:10.984+0000] {processor.py:154} INFO - Started process (PID=2269) to work on /home/airflow/.local/lib/python3.7/site-packages/airflow/example_dags/example_task_group.py
[2023-10-06T22:53:10.985+0000] {processor.py:756} INFO - Processing file /home/airflow/.local/lib/python3.7/site-packages/airflow/example_dags/example_task_group.py for tasks to queue
[2023-10-06T22:53:10.985+0000] {logging_mixin.py:120} INFO - [2023-10-06T22:53:10.985+0000] {dagbag.py:537} INFO - Filling up the DagBag from /home/airflow/.local/lib/python3.7/site-packages/airflow/example_dags/example_task_group.py
[2023-10-06T22:53:10.997+0000] {processor.py:766} INFO - DAG(s) dict_keys(['example_task_group']) retrieved from /home/airflow/.local/lib/python3.7/site-packages/airflow/example_dags/example_task_group.py
[2023-10-06T22:53:11.030+0000] {logging_mixin.py:120} INFO - [2023-10-06T22:53:11.030+0000] {dag.py:2585} INFO - Sync 1 DAGs
[2023-10-06T22:53:11.052+0000] {logging_mixin.py:120} INFO - [2023-10-06T22:53:11.052+0000] {dag.py:3340} INFO - Setting next_dagrun for example_task_group to 2023-10-05T22:53:11.052151+00:00, run_after=2023-10-06T22:53:11.052151+00:00
[2023-10-06T22:53:11.068+0000] {processor.py:176} INFO - Processing /home/airflow/.local/lib/python3.7/site-packages/airflow/example_dags/example_task_group.py took 0.087 seconds
[2023-10-06T22:53:41.134+0000] {processor.py:154} INFO - Started process (PID=2333) to work on /home/airflow/.local/lib/python3.7/site-packages/airflow/example_dags/example_task_group.py
[2023-10-06T22:53:41.135+0000] {processor.py:756} INFO - Processing file /home/airflow/.local/lib/python3.7/site-packages/airflow/example_dags/example_task_group.py for tasks to queue
[2023-10-06T22:53:41.135+0000] {logging_mixin.py:120} INFO - [2023-10-06T22:53:41.135+0000] {dagbag.py:537} INFO - Filling up the DagBag from /home/airflow/.local/lib/python3.7/site-packages/airflow/example_dags/example_task_group.py
[2023-10-06T22:53:41.146+0000] {processor.py:766} INFO - DAG(s) dict_keys(['example_task_group']) retrieved from /home/airflow/.local/lib/python3.7/site-packages/airflow/example_dags/example_task_group.py
[2023-10-06T22:53:41.175+0000] {logging_mixin.py:120} INFO - [2023-10-06T22:53:41.175+0000] {dag.py:2585} INFO - Sync 1 DAGs
[2023-10-06T22:53:41.193+0000] {logging_mixin.py:120} INFO - [2023-10-06T22:53:41.192+0000] {dag.py:3340} INFO - Setting next_dagrun for example_task_group to 2023-10-05T22:53:41.192811+00:00, run_after=2023-10-06T22:53:41.192811+00:00
[2023-10-06T22:53:41.208+0000] {processor.py:176} INFO - Processing /home/airflow/.local/lib/python3.7/site-packages/airflow/example_dags/example_task_group.py took 0.075 seconds
[2023-10-06T22:54:11.465+0000] {processor.py:154} INFO - Started process (PID=2397) to work on /home/airflow/.local/lib/python3.7/site-packages/airflow/example_dags/example_task_group.py
[2023-10-06T22:54:11.467+0000] {processor.py:756} INFO - Processing file /home/airflow/.local/lib/python3.7/site-packages/airflow/example_dags/example_task_group.py for tasks to queue
[2023-10-06T22:54:11.467+0000] {logging_mixin.py:120} INFO - [2023-10-06T22:54:11.467+0000] {dagbag.py:537} INFO - Filling up the DagBag from /home/airflow/.local/lib/python3.7/site-packages/airflow/example_dags/example_task_group.py
[2023-10-06T22:54:11.478+0000] {processor.py:766} INFO - DAG(s) dict_keys(['example_task_group']) retrieved from /home/airflow/.local/lib/python3.7/site-packages/airflow/example_dags/example_task_group.py
[2023-10-06T22:54:11.509+0000] {logging_mixin.py:120} INFO - [2023-10-06T22:54:11.508+0000] {dag.py:2585} INFO - Sync 1 DAGs
[2023-10-06T22:54:11.525+0000] {logging_mixin.py:120} INFO - [2023-10-06T22:54:11.525+0000] {dag.py:3340} INFO - Setting next_dagrun for example_task_group to 2023-10-05T22:54:11.525390+00:00, run_after=2023-10-06T22:54:11.525390+00:00
[2023-10-06T22:54:11.539+0000] {processor.py:176} INFO - Processing /home/airflow/.local/lib/python3.7/site-packages/airflow/example_dags/example_task_group.py took 0.076 seconds
[2023-10-06T22:54:41.784+0000] {processor.py:154} INFO - Started process (PID=2461) to work on /home/airflow/.local/lib/python3.7/site-packages/airflow/example_dags/example_task_group.py
[2023-10-06T22:54:41.785+0000] {processor.py:756} INFO - Processing file /home/airflow/.local/lib/python3.7/site-packages/airflow/example_dags/example_task_group.py for tasks to queue
[2023-10-06T22:54:41.785+0000] {logging_mixin.py:120} INFO - [2023-10-06T22:54:41.785+0000] {dagbag.py:537} INFO - Filling up the DagBag from /home/airflow/.local/lib/python3.7/site-packages/airflow/example_dags/example_task_group.py
[2023-10-06T22:54:41.796+0000] {processor.py:766} INFO - DAG(s) dict_keys(['example_task_group']) retrieved from /home/airflow/.local/lib/python3.7/site-packages/airflow/example_dags/example_task_group.py
[2023-10-06T22:54:41.823+0000] {logging_mixin.py:120} INFO - [2023-10-06T22:54:41.823+0000] {dag.py:2585} INFO - Sync 1 DAGs
[2023-10-06T22:54:41.839+0000] {logging_mixin.py:120} INFO - [2023-10-06T22:54:41.839+0000] {dag.py:3340} INFO - Setting next_dagrun for example_task_group to 2023-10-05T22:54:41.839038+00:00, run_after=2023-10-06T22:54:41.839038+00:00
[2023-10-06T22:54:41.852+0000] {processor.py:176} INFO - Processing /home/airflow/.local/lib/python3.7/site-packages/airflow/example_dags/example_task_group.py took 0.070 seconds
[2023-10-06T22:55:12.084+0000] {processor.py:154} INFO - Started process (PID=2516) to work on /home/airflow/.local/lib/python3.7/site-packages/airflow/example_dags/example_task_group.py
[2023-10-06T22:55:12.086+0000] {processor.py:756} INFO - Processing file /home/airflow/.local/lib/python3.7/site-packages/airflow/example_dags/example_task_group.py for tasks to queue
[2023-10-06T22:55:12.086+0000] {logging_mixin.py:120} INFO - [2023-10-06T22:55:12.086+0000] {dagbag.py:537} INFO - Filling up the DagBag from /home/airflow/.local/lib/python3.7/site-packages/airflow/example_dags/example_task_group.py
[2023-10-06T22:55:12.097+0000] {processor.py:766} INFO - DAG(s) dict_keys(['example_task_group']) retrieved from /home/airflow/.local/lib/python3.7/site-packages/airflow/example_dags/example_task_group.py
[2023-10-06T22:55:12.127+0000] {logging_mixin.py:120} INFO - [2023-10-06T22:55:12.127+0000] {dag.py:2585} INFO - Sync 1 DAGs
[2023-10-06T22:55:12.143+0000] {logging_mixin.py:120} INFO - [2023-10-06T22:55:12.143+0000] {dag.py:3340} INFO - Setting next_dagrun for example_task_group to 2023-10-05T22:55:12.143347+00:00, run_after=2023-10-06T22:55:12.143347+00:00
[2023-10-06T22:55:12.160+0000] {processor.py:176} INFO - Processing /home/airflow/.local/lib/python3.7/site-packages/airflow/example_dags/example_task_group.py took 0.078 seconds
[2023-10-06T22:55:42.391+0000] {processor.py:154} INFO - Started process (PID=2580) to work on /home/airflow/.local/lib/python3.7/site-packages/airflow/example_dags/example_task_group.py
[2023-10-06T22:55:42.391+0000] {processor.py:756} INFO - Processing file /home/airflow/.local/lib/python3.7/site-packages/airflow/example_dags/example_task_group.py for tasks to queue
[2023-10-06T22:55:42.392+0000] {logging_mixin.py:120} INFO - [2023-10-06T22:55:42.391+0000] {dagbag.py:537} INFO - Filling up the DagBag from /home/airflow/.local/lib/python3.7/site-packages/airflow/example_dags/example_task_group.py
[2023-10-06T22:55:42.403+0000] {processor.py:766} INFO - DAG(s) dict_keys(['example_task_group']) retrieved from /home/airflow/.local/lib/python3.7/site-packages/airflow/example_dags/example_task_group.py
[2023-10-06T22:55:42.432+0000] {logging_mixin.py:120} INFO - [2023-10-06T22:55:42.432+0000] {dag.py:2585} INFO - Sync 1 DAGs
[2023-10-06T22:55:42.450+0000] {logging_mixin.py:120} INFO - [2023-10-06T22:55:42.450+0000] {dag.py:3340} INFO - Setting next_dagrun for example_task_group to 2023-10-05T22:55:42.449969+00:00, run_after=2023-10-06T22:55:42.449969+00:00
[2023-10-06T22:55:42.465+0000] {processor.py:176} INFO - Processing /home/airflow/.local/lib/python3.7/site-packages/airflow/example_dags/example_task_group.py took 0.077 seconds
[2023-10-06T22:56:12.763+0000] {processor.py:154} INFO - Started process (PID=2644) to work on /home/airflow/.local/lib/python3.7/site-packages/airflow/example_dags/example_task_group.py
[2023-10-06T22:56:12.764+0000] {processor.py:756} INFO - Processing file /home/airflow/.local/lib/python3.7/site-packages/airflow/example_dags/example_task_group.py for tasks to queue
[2023-10-06T22:56:12.765+0000] {logging_mixin.py:120} INFO - [2023-10-06T22:56:12.765+0000] {dagbag.py:537} INFO - Filling up the DagBag from /home/airflow/.local/lib/python3.7/site-packages/airflow/example_dags/example_task_group.py
[2023-10-06T22:56:12.776+0000] {processor.py:766} INFO - DAG(s) dict_keys(['example_task_group']) retrieved from /home/airflow/.local/lib/python3.7/site-packages/airflow/example_dags/example_task_group.py
[2023-10-06T22:56:12.805+0000] {logging_mixin.py:120} INFO - [2023-10-06T22:56:12.804+0000] {dag.py:2585} INFO - Sync 1 DAGs
[2023-10-06T22:56:12.825+0000] {logging_mixin.py:120} INFO - [2023-10-06T22:56:12.825+0000] {dag.py:3340} INFO - Setting next_dagrun for example_task_group to 2023-10-05T22:56:12.825479+00:00, run_after=2023-10-06T22:56:12.825479+00:00
[2023-10-06T22:56:12.841+0000] {processor.py:176} INFO - Processing /home/airflow/.local/lib/python3.7/site-packages/airflow/example_dags/example_task_group.py took 0.080 seconds
[2023-10-06T22:56:43.061+0000] {processor.py:154} INFO - Started process (PID=2707) to work on /home/airflow/.local/lib/python3.7/site-packages/airflow/example_dags/example_task_group.py
[2023-10-06T22:56:43.062+0000] {processor.py:756} INFO - Processing file /home/airflow/.local/lib/python3.7/site-packages/airflow/example_dags/example_task_group.py for tasks to queue
[2023-10-06T22:56:43.062+0000] {logging_mixin.py:120} INFO - [2023-10-06T22:56:43.062+0000] {dagbag.py:537} INFO - Filling up the DagBag from /home/airflow/.local/lib/python3.7/site-packages/airflow/example_dags/example_task_group.py
[2023-10-06T22:56:43.073+0000] {processor.py:766} INFO - DAG(s) dict_keys(['example_task_group']) retrieved from /home/airflow/.local/lib/python3.7/site-packages/airflow/example_dags/example_task_group.py
[2023-10-06T22:56:43.102+0000] {logging_mixin.py:120} INFO - [2023-10-06T22:56:43.102+0000] {dag.py:2585} INFO - Sync 1 DAGs
[2023-10-06T22:56:43.119+0000] {logging_mixin.py:120} INFO - [2023-10-06T22:56:43.119+0000] {dag.py:3340} INFO - Setting next_dagrun for example_task_group to 2023-10-05T22:56:43.118876+00:00, run_after=2023-10-06T22:56:43.118876+00:00
[2023-10-06T22:56:43.134+0000] {processor.py:176} INFO - Processing /home/airflow/.local/lib/python3.7/site-packages/airflow/example_dags/example_task_group.py took 0.075 seconds
[2023-10-06T22:57:13.296+0000] {processor.py:154} INFO - Started process (PID=2771) to work on /home/airflow/.local/lib/python3.7/site-packages/airflow/example_dags/example_task_group.py
[2023-10-06T22:57:13.298+0000] {processor.py:756} INFO - Processing file /home/airflow/.local/lib/python3.7/site-packages/airflow/example_dags/example_task_group.py for tasks to queue
[2023-10-06T22:57:13.298+0000] {logging_mixin.py:120} INFO - [2023-10-06T22:57:13.298+0000] {dagbag.py:537} INFO - Filling up the DagBag from /home/airflow/.local/lib/python3.7/site-packages/airflow/example_dags/example_task_group.py
[2023-10-06T22:57:13.310+0000] {processor.py:766} INFO - DAG(s) dict_keys(['example_task_group']) retrieved from /home/airflow/.local/lib/python3.7/site-packages/airflow/example_dags/example_task_group.py
[2023-10-06T22:57:13.340+0000] {logging_mixin.py:120} INFO - [2023-10-06T22:57:13.340+0000] {dag.py:2585} INFO - Sync 1 DAGs
[2023-10-06T22:57:13.358+0000] {logging_mixin.py:120} INFO - [2023-10-06T22:57:13.358+0000] {dag.py:3340} INFO - Setting next_dagrun for example_task_group to 2023-10-05T22:57:13.358217+00:00, run_after=2023-10-06T22:57:13.358217+00:00
[2023-10-06T22:57:13.377+0000] {processor.py:176} INFO - Processing /home/airflow/.local/lib/python3.7/site-packages/airflow/example_dags/example_task_group.py took 0.083 seconds
[2023-10-06T22:57:44.293+0000] {processor.py:154} INFO - Started process (PID=2826) to work on /home/airflow/.local/lib/python3.7/site-packages/airflow/example_dags/example_task_group.py
[2023-10-06T22:57:44.293+0000] {processor.py:756} INFO - Processing file /home/airflow/.local/lib/python3.7/site-packages/airflow/example_dags/example_task_group.py for tasks to queue
[2023-10-06T22:57:44.294+0000] {logging_mixin.py:120} INFO - [2023-10-06T22:57:44.294+0000] {dagbag.py:537} INFO - Filling up the DagBag from /home/airflow/.local/lib/python3.7/site-packages/airflow/example_dags/example_task_group.py
[2023-10-06T22:57:44.304+0000] {processor.py:766} INFO - DAG(s) dict_keys(['example_task_group']) retrieved from /home/airflow/.local/lib/python3.7/site-packages/airflow/example_dags/example_task_group.py
[2023-10-06T22:57:44.335+0000] {logging_mixin.py:120} INFO - [2023-10-06T22:57:44.335+0000] {dag.py:2585} INFO - Sync 1 DAGs
[2023-10-06T22:57:44.355+0000] {logging_mixin.py:120} INFO - [2023-10-06T22:57:44.355+0000] {dag.py:3340} INFO - Setting next_dagrun for example_task_group to 2023-10-05T22:57:44.355358+00:00, run_after=2023-10-06T22:57:44.355358+00:00
[2023-10-06T22:57:44.370+0000] {processor.py:176} INFO - Processing /home/airflow/.local/lib/python3.7/site-packages/airflow/example_dags/example_task_group.py took 0.079 seconds
[2023-10-06T22:58:14.769+0000] {processor.py:154} INFO - Started process (PID=2889) to work on /home/airflow/.local/lib/python3.7/site-packages/airflow/example_dags/example_task_group.py
[2023-10-06T22:58:14.770+0000] {processor.py:756} INFO - Processing file /home/airflow/.local/lib/python3.7/site-packages/airflow/example_dags/example_task_group.py for tasks to queue
[2023-10-06T22:58:14.771+0000] {logging_mixin.py:120} INFO - [2023-10-06T22:58:14.771+0000] {dagbag.py:537} INFO - Filling up the DagBag from /home/airflow/.local/lib/python3.7/site-packages/airflow/example_dags/example_task_group.py
[2023-10-06T22:58:14.782+0000] {processor.py:766} INFO - DAG(s) dict_keys(['example_task_group']) retrieved from /home/airflow/.local/lib/python3.7/site-packages/airflow/example_dags/example_task_group.py
[2023-10-06T22:58:14.812+0000] {logging_mixin.py:120} INFO - [2023-10-06T22:58:14.812+0000] {dag.py:2585} INFO - Sync 1 DAGs
[2023-10-06T22:58:14.829+0000] {logging_mixin.py:120} INFO - [2023-10-06T22:58:14.829+0000] {dag.py:3340} INFO - Setting next_dagrun for example_task_group to 2023-10-05T22:58:14.829255+00:00, run_after=2023-10-06T22:58:14.829255+00:00
[2023-10-06T22:58:14.845+0000] {processor.py:176} INFO - Processing /home/airflow/.local/lib/python3.7/site-packages/airflow/example_dags/example_task_group.py took 0.078 seconds
[2023-10-06T22:58:44.953+0000] {processor.py:154} INFO - Started process (PID=2952) to work on /home/airflow/.local/lib/python3.7/site-packages/airflow/example_dags/example_task_group.py
[2023-10-06T22:58:44.953+0000] {processor.py:756} INFO - Processing file /home/airflow/.local/lib/python3.7/site-packages/airflow/example_dags/example_task_group.py for tasks to queue
[2023-10-06T22:58:44.954+0000] {logging_mixin.py:120} INFO - [2023-10-06T22:58:44.954+0000] {dagbag.py:537} INFO - Filling up the DagBag from /home/airflow/.local/lib/python3.7/site-packages/airflow/example_dags/example_task_group.py
[2023-10-06T22:58:44.965+0000] {processor.py:766} INFO - DAG(s) dict_keys(['example_task_group']) retrieved from /home/airflow/.local/lib/python3.7/site-packages/airflow/example_dags/example_task_group.py
[2023-10-06T22:58:44.993+0000] {logging_mixin.py:120} INFO - [2023-10-06T22:58:44.993+0000] {dag.py:2585} INFO - Sync 1 DAGs
[2023-10-06T22:58:45.009+0000] {logging_mixin.py:120} INFO - [2023-10-06T22:58:45.009+0000] {dag.py:3340} INFO - Setting next_dagrun for example_task_group to 2023-10-05T22:58:45.009279+00:00, run_after=2023-10-06T22:58:45.009279+00:00
[2023-10-06T22:58:45.025+0000] {processor.py:176} INFO - Processing /home/airflow/.local/lib/python3.7/site-packages/airflow/example_dags/example_task_group.py took 0.074 seconds
[2023-10-06T22:59:15.183+0000] {processor.py:154} INFO - Started process (PID=3016) to work on /home/airflow/.local/lib/python3.7/site-packages/airflow/example_dags/example_task_group.py
[2023-10-06T22:59:15.185+0000] {processor.py:756} INFO - Processing file /home/airflow/.local/lib/python3.7/site-packages/airflow/example_dags/example_task_group.py for tasks to queue
[2023-10-06T22:59:15.185+0000] {logging_mixin.py:120} INFO - [2023-10-06T22:59:15.185+0000] {dagbag.py:537} INFO - Filling up the DagBag from /home/airflow/.local/lib/python3.7/site-packages/airflow/example_dags/example_task_group.py
[2023-10-06T22:59:15.196+0000] {processor.py:766} INFO - DAG(s) dict_keys(['example_task_group']) retrieved from /home/airflow/.local/lib/python3.7/site-packages/airflow/example_dags/example_task_group.py
[2023-10-06T22:59:15.225+0000] {logging_mixin.py:120} INFO - [2023-10-06T22:59:15.225+0000] {dag.py:2585} INFO - Sync 1 DAGs
[2023-10-06T22:59:15.242+0000] {logging_mixin.py:120} INFO - [2023-10-06T22:59:15.242+0000] {dag.py:3340} INFO - Setting next_dagrun for example_task_group to 2023-10-05T22:59:15.242109+00:00, run_after=2023-10-06T22:59:15.242109+00:00
[2023-10-06T22:59:15.257+0000] {processor.py:176} INFO - Processing /home/airflow/.local/lib/python3.7/site-packages/airflow/example_dags/example_task_group.py took 0.076 seconds
[2023-10-06T22:59:45.403+0000] {processor.py:154} INFO - Started process (PID=3072) to work on /home/airflow/.local/lib/python3.7/site-packages/airflow/example_dags/example_task_group.py
[2023-10-06T22:59:45.403+0000] {processor.py:756} INFO - Processing file /home/airflow/.local/lib/python3.7/site-packages/airflow/example_dags/example_task_group.py for tasks to queue
[2023-10-06T22:59:45.404+0000] {logging_mixin.py:120} INFO - [2023-10-06T22:59:45.404+0000] {dagbag.py:537} INFO - Filling up the DagBag from /home/airflow/.local/lib/python3.7/site-packages/airflow/example_dags/example_task_group.py
[2023-10-06T22:59:45.415+0000] {processor.py:766} INFO - DAG(s) dict_keys(['example_task_group']) retrieved from /home/airflow/.local/lib/python3.7/site-packages/airflow/example_dags/example_task_group.py
[2023-10-06T22:59:45.447+0000] {logging_mixin.py:120} INFO - [2023-10-06T22:59:45.447+0000] {dag.py:2585} INFO - Sync 1 DAGs
[2023-10-06T22:59:45.466+0000] {logging_mixin.py:120} INFO - [2023-10-06T22:59:45.466+0000] {dag.py:3340} INFO - Setting next_dagrun for example_task_group to 2023-10-05T22:59:45.465790+00:00, run_after=2023-10-06T22:59:45.465790+00:00
[2023-10-06T22:59:45.481+0000] {processor.py:176} INFO - Processing /home/airflow/.local/lib/python3.7/site-packages/airflow/example_dags/example_task_group.py took 0.081 seconds
[2023-10-06T23:00:15.537+0000] {processor.py:154} INFO - Started process (PID=3137) to work on /home/airflow/.local/lib/python3.7/site-packages/airflow/example_dags/example_task_group.py
[2023-10-06T23:00:15.538+0000] {processor.py:756} INFO - Processing file /home/airflow/.local/lib/python3.7/site-packages/airflow/example_dags/example_task_group.py for tasks to queue
[2023-10-06T23:00:15.539+0000] {logging_mixin.py:120} INFO - [2023-10-06T23:00:15.539+0000] {dagbag.py:537} INFO - Filling up the DagBag from /home/airflow/.local/lib/python3.7/site-packages/airflow/example_dags/example_task_group.py
[2023-10-06T23:00:15.550+0000] {processor.py:766} INFO - DAG(s) dict_keys(['example_task_group']) retrieved from /home/airflow/.local/lib/python3.7/site-packages/airflow/example_dags/example_task_group.py
[2023-10-06T23:00:15.579+0000] {logging_mixin.py:120} INFO - [2023-10-06T23:00:15.578+0000] {dag.py:2585} INFO - Sync 1 DAGs
[2023-10-06T23:00:15.595+0000] {logging_mixin.py:120} INFO - [2023-10-06T23:00:15.595+0000] {dag.py:3340} INFO - Setting next_dagrun for example_task_group to 2023-10-05T23:00:15.595253+00:00, run_after=2023-10-06T23:00:15.595253+00:00
[2023-10-06T23:00:15.609+0000] {processor.py:176} INFO - Processing /home/airflow/.local/lib/python3.7/site-packages/airflow/example_dags/example_task_group.py took 0.073 seconds
[2023-10-06T23:00:45.694+0000] {processor.py:154} INFO - Started process (PID=3200) to work on /home/airflow/.local/lib/python3.7/site-packages/airflow/example_dags/example_task_group.py
[2023-10-06T23:00:45.695+0000] {processor.py:756} INFO - Processing file /home/airflow/.local/lib/python3.7/site-packages/airflow/example_dags/example_task_group.py for tasks to queue
[2023-10-06T23:00:45.695+0000] {logging_mixin.py:120} INFO - [2023-10-06T23:00:45.695+0000] {dagbag.py:537} INFO - Filling up the DagBag from /home/airflow/.local/lib/python3.7/site-packages/airflow/example_dags/example_task_group.py
[2023-10-06T23:00:45.706+0000] {processor.py:766} INFO - DAG(s) dict_keys(['example_task_group']) retrieved from /home/airflow/.local/lib/python3.7/site-packages/airflow/example_dags/example_task_group.py
[2023-10-06T23:00:45.735+0000] {logging_mixin.py:120} INFO - [2023-10-06T23:00:45.735+0000] {dag.py:2585} INFO - Sync 1 DAGs
[2023-10-06T23:00:45.751+0000] {logging_mixin.py:120} INFO - [2023-10-06T23:00:45.751+0000] {dag.py:3340} INFO - Setting next_dagrun for example_task_group to 2023-10-05T23:00:45.750856+00:00, run_after=2023-10-06T23:00:45.750856+00:00
[2023-10-06T23:00:45.765+0000] {processor.py:176} INFO - Processing /home/airflow/.local/lib/python3.7/site-packages/airflow/example_dags/example_task_group.py took 0.072 seconds
[2023-10-06T23:01:15.874+0000] {processor.py:154} INFO - Started process (PID=3264) to work on /home/airflow/.local/lib/python3.7/site-packages/airflow/example_dags/example_task_group.py
[2023-10-06T23:01:15.875+0000] {processor.py:756} INFO - Processing file /home/airflow/.local/lib/python3.7/site-packages/airflow/example_dags/example_task_group.py for tasks to queue
[2023-10-06T23:01:15.876+0000] {logging_mixin.py:120} INFO - [2023-10-06T23:01:15.876+0000] {dagbag.py:537} INFO - Filling up the DagBag from /home/airflow/.local/lib/python3.7/site-packages/airflow/example_dags/example_task_group.py
[2023-10-06T23:01:15.887+0000] {processor.py:766} INFO - DAG(s) dict_keys(['example_task_group']) retrieved from /home/airflow/.local/lib/python3.7/site-packages/airflow/example_dags/example_task_group.py
[2023-10-06T23:01:15.917+0000] {logging_mixin.py:120} INFO - [2023-10-06T23:01:15.917+0000] {dag.py:2585} INFO - Sync 1 DAGs
[2023-10-06T23:01:15.933+0000] {logging_mixin.py:120} INFO - [2023-10-06T23:01:15.933+0000] {dag.py:3340} INFO - Setting next_dagrun for example_task_group to 2023-10-05T23:01:15.933522+00:00, run_after=2023-10-06T23:01:15.933522+00:00
[2023-10-06T23:01:15.950+0000] {processor.py:176} INFO - Processing /home/airflow/.local/lib/python3.7/site-packages/airflow/example_dags/example_task_group.py took 0.078 seconds
[2023-10-06T23:01:46.148+0000] {processor.py:154} INFO - Started process (PID=3319) to work on /home/airflow/.local/lib/python3.7/site-packages/airflow/example_dags/example_task_group.py
[2023-10-06T23:01:46.149+0000] {processor.py:756} INFO - Processing file /home/airflow/.local/lib/python3.7/site-packages/airflow/example_dags/example_task_group.py for tasks to queue
[2023-10-06T23:01:46.149+0000] {logging_mixin.py:120} INFO - [2023-10-06T23:01:46.149+0000] {dagbag.py:537} INFO - Filling up the DagBag from /home/airflow/.local/lib/python3.7/site-packages/airflow/example_dags/example_task_group.py
[2023-10-06T23:01:46.160+0000] {processor.py:766} INFO - DAG(s) dict_keys(['example_task_group']) retrieved from /home/airflow/.local/lib/python3.7/site-packages/airflow/example_dags/example_task_group.py
[2023-10-06T23:01:46.191+0000] {logging_mixin.py:120} INFO - [2023-10-06T23:01:46.191+0000] {dag.py:2585} INFO - Sync 1 DAGs
[2023-10-06T23:01:46.210+0000] {logging_mixin.py:120} INFO - [2023-10-06T23:01:46.210+0000] {dag.py:3340} INFO - Setting next_dagrun for example_task_group to 2023-10-05T23:01:46.210112+00:00, run_after=2023-10-06T23:01:46.210112+00:00
[2023-10-06T23:01:46.225+0000] {processor.py:176} INFO - Processing /home/airflow/.local/lib/python3.7/site-packages/airflow/example_dags/example_task_group.py took 0.079 seconds
[2023-10-06T23:02:16.317+0000] {processor.py:154} INFO - Started process (PID=3383) to work on /home/airflow/.local/lib/python3.7/site-packages/airflow/example_dags/example_task_group.py
[2023-10-06T23:02:16.318+0000] {processor.py:756} INFO - Processing file /home/airflow/.local/lib/python3.7/site-packages/airflow/example_dags/example_task_group.py for tasks to queue
[2023-10-06T23:02:16.319+0000] {logging_mixin.py:120} INFO - [2023-10-06T23:02:16.319+0000] {dagbag.py:537} INFO - Filling up the DagBag from /home/airflow/.local/lib/python3.7/site-packages/airflow/example_dags/example_task_group.py
[2023-10-06T23:02:16.330+0000] {processor.py:766} INFO - DAG(s) dict_keys(['example_task_group']) retrieved from /home/airflow/.local/lib/python3.7/site-packages/airflow/example_dags/example_task_group.py
[2023-10-06T23:02:16.359+0000] {logging_mixin.py:120} INFO - [2023-10-06T23:02:16.358+0000] {dag.py:2585} INFO - Sync 1 DAGs
[2023-10-06T23:02:16.375+0000] {logging_mixin.py:120} INFO - [2023-10-06T23:02:16.375+0000] {dag.py:3340} INFO - Setting next_dagrun for example_task_group to 2023-10-05T23:02:16.374971+00:00, run_after=2023-10-06T23:02:16.374971+00:00
[2023-10-06T23:02:16.389+0000] {processor.py:176} INFO - Processing /home/airflow/.local/lib/python3.7/site-packages/airflow/example_dags/example_task_group.py took 0.074 seconds
[2023-10-06T23:02:46.527+0000] {processor.py:154} INFO - Started process (PID=3447) to work on /home/airflow/.local/lib/python3.7/site-packages/airflow/example_dags/example_task_group.py
[2023-10-06T23:02:46.528+0000] {processor.py:756} INFO - Processing file /home/airflow/.local/lib/python3.7/site-packages/airflow/example_dags/example_task_group.py for tasks to queue
[2023-10-06T23:02:46.528+0000] {logging_mixin.py:120} INFO - [2023-10-06T23:02:46.528+0000] {dagbag.py:537} INFO - Filling up the DagBag from /home/airflow/.local/lib/python3.7/site-packages/airflow/example_dags/example_task_group.py
[2023-10-06T23:02:46.541+0000] {processor.py:766} INFO - DAG(s) dict_keys(['example_task_group']) retrieved from /home/airflow/.local/lib/python3.7/site-packages/airflow/example_dags/example_task_group.py
[2023-10-06T23:02:46.575+0000] {logging_mixin.py:120} INFO - [2023-10-06T23:02:46.575+0000] {dag.py:2585} INFO - Sync 1 DAGs
[2023-10-06T23:02:46.594+0000] {logging_mixin.py:120} INFO - [2023-10-06T23:02:46.594+0000] {dag.py:3340} INFO - Setting next_dagrun for example_task_group to 2023-10-05T23:02:46.594242+00:00, run_after=2023-10-06T23:02:46.594242+00:00
[2023-10-06T23:02:46.612+0000] {processor.py:176} INFO - Processing /home/airflow/.local/lib/python3.7/site-packages/airflow/example_dags/example_task_group.py took 0.087 seconds
[2023-10-06T23:03:17.511+0000] {processor.py:154} INFO - Started process (PID=3511) to work on /home/airflow/.local/lib/python3.7/site-packages/airflow/example_dags/example_task_group.py
[2023-10-06T23:03:17.512+0000] {processor.py:756} INFO - Processing file /home/airflow/.local/lib/python3.7/site-packages/airflow/example_dags/example_task_group.py for tasks to queue
[2023-10-06T23:03:17.512+0000] {logging_mixin.py:120} INFO - [2023-10-06T23:03:17.512+0000] {dagbag.py:537} INFO - Filling up the DagBag from /home/airflow/.local/lib/python3.7/site-packages/airflow/example_dags/example_task_group.py
[2023-10-06T23:03:17.526+0000] {processor.py:766} INFO - DAG(s) dict_keys(['example_task_group']) retrieved from /home/airflow/.local/lib/python3.7/site-packages/airflow/example_dags/example_task_group.py
[2023-10-06T23:03:17.560+0000] {logging_mixin.py:120} INFO - [2023-10-06T23:03:17.559+0000] {dag.py:2585} INFO - Sync 1 DAGs
[2023-10-06T23:03:17.581+0000] {logging_mixin.py:120} INFO - [2023-10-06T23:03:17.581+0000] {dag.py:3340} INFO - Setting next_dagrun for example_task_group to 2023-10-05T23:03:17.581126+00:00, run_after=2023-10-06T23:03:17.581126+00:00
[2023-10-06T23:03:17.601+0000] {processor.py:176} INFO - Processing /home/airflow/.local/lib/python3.7/site-packages/airflow/example_dags/example_task_group.py took 0.093 seconds
[2023-10-06T23:03:47.707+0000] {processor.py:154} INFO - Started process (PID=3566) to work on /home/airflow/.local/lib/python3.7/site-packages/airflow/example_dags/example_task_group.py
[2023-10-06T23:03:47.708+0000] {processor.py:756} INFO - Processing file /home/airflow/.local/lib/python3.7/site-packages/airflow/example_dags/example_task_group.py for tasks to queue
[2023-10-06T23:03:47.708+0000] {logging_mixin.py:120} INFO - [2023-10-06T23:03:47.708+0000] {dagbag.py:537} INFO - Filling up the DagBag from /home/airflow/.local/lib/python3.7/site-packages/airflow/example_dags/example_task_group.py
[2023-10-06T23:03:47.720+0000] {processor.py:766} INFO - DAG(s) dict_keys(['example_task_group']) retrieved from /home/airflow/.local/lib/python3.7/site-packages/airflow/example_dags/example_task_group.py
[2023-10-06T23:03:47.752+0000] {logging_mixin.py:120} INFO - [2023-10-06T23:03:47.752+0000] {dag.py:2585} INFO - Sync 1 DAGs
[2023-10-06T23:03:47.770+0000] {logging_mixin.py:120} INFO - [2023-10-06T23:03:47.770+0000] {dag.py:3340} INFO - Setting next_dagrun for example_task_group to 2023-10-05T23:03:47.770080+00:00, run_after=2023-10-06T23:03:47.770080+00:00
[2023-10-06T23:03:47.785+0000] {processor.py:176} INFO - Processing /home/airflow/.local/lib/python3.7/site-packages/airflow/example_dags/example_task_group.py took 0.080 seconds
[2023-10-06T23:04:17.814+0000] {processor.py:154} INFO - Started process (PID=3630) to work on /home/airflow/.local/lib/python3.7/site-packages/airflow/example_dags/example_task_group.py
[2023-10-06T23:04:17.815+0000] {processor.py:756} INFO - Processing file /home/airflow/.local/lib/python3.7/site-packages/airflow/example_dags/example_task_group.py for tasks to queue
[2023-10-06T23:04:17.816+0000] {logging_mixin.py:120} INFO - [2023-10-06T23:04:17.816+0000] {dagbag.py:537} INFO - Filling up the DagBag from /home/airflow/.local/lib/python3.7/site-packages/airflow/example_dags/example_task_group.py
[2023-10-06T23:04:17.826+0000] {processor.py:766} INFO - DAG(s) dict_keys(['example_task_group']) retrieved from /home/airflow/.local/lib/python3.7/site-packages/airflow/example_dags/example_task_group.py
[2023-10-06T23:04:17.857+0000] {logging_mixin.py:120} INFO - [2023-10-06T23:04:17.857+0000] {dag.py:2585} INFO - Sync 1 DAGs
[2023-10-06T23:04:17.873+0000] {logging_mixin.py:120} INFO - [2023-10-06T23:04:17.873+0000] {dag.py:3340} INFO - Setting next_dagrun for example_task_group to 2023-10-05T23:04:17.873392+00:00, run_after=2023-10-06T23:04:17.873392+00:00
[2023-10-06T23:04:17.889+0000] {processor.py:176} INFO - Processing /home/airflow/.local/lib/python3.7/site-packages/airflow/example_dags/example_task_group.py took 0.076 seconds
[2023-10-06T23:04:48.095+0000] {processor.py:154} INFO - Started process (PID=3695) to work on /home/airflow/.local/lib/python3.7/site-packages/airflow/example_dags/example_task_group.py
[2023-10-06T23:04:48.096+0000] {processor.py:756} INFO - Processing file /home/airflow/.local/lib/python3.7/site-packages/airflow/example_dags/example_task_group.py for tasks to queue
[2023-10-06T23:04:48.096+0000] {logging_mixin.py:120} INFO - [2023-10-06T23:04:48.096+0000] {dagbag.py:537} INFO - Filling up the DagBag from /home/airflow/.local/lib/python3.7/site-packages/airflow/example_dags/example_task_group.py
[2023-10-06T23:04:48.106+0000] {processor.py:766} INFO - DAG(s) dict_keys(['example_task_group']) retrieved from /home/airflow/.local/lib/python3.7/site-packages/airflow/example_dags/example_task_group.py
[2023-10-06T23:04:48.136+0000] {logging_mixin.py:120} INFO - [2023-10-06T23:04:48.136+0000] {dag.py:2585} INFO - Sync 1 DAGs
[2023-10-06T23:04:48.153+0000] {logging_mixin.py:120} INFO - [2023-10-06T23:04:48.153+0000] {dag.py:3340} INFO - Setting next_dagrun for example_task_group to 2023-10-05T23:04:48.153338+00:00, run_after=2023-10-06T23:04:48.153338+00:00
[2023-10-06T23:04:48.169+0000] {processor.py:176} INFO - Processing /home/airflow/.local/lib/python3.7/site-packages/airflow/example_dags/example_task_group.py took 0.076 seconds
[2023-10-06T23:05:18.303+0000] {processor.py:154} INFO - Started process (PID=3759) to work on /home/airflow/.local/lib/python3.7/site-packages/airflow/example_dags/example_task_group.py
[2023-10-06T23:05:18.304+0000] {processor.py:756} INFO - Processing file /home/airflow/.local/lib/python3.7/site-packages/airflow/example_dags/example_task_group.py for tasks to queue
[2023-10-06T23:05:18.304+0000] {logging_mixin.py:120} INFO - [2023-10-06T23:05:18.304+0000] {dagbag.py:537} INFO - Filling up the DagBag from /home/airflow/.local/lib/python3.7/site-packages/airflow/example_dags/example_task_group.py
[2023-10-06T23:05:18.315+0000] {processor.py:766} INFO - DAG(s) dict_keys(['example_task_group']) retrieved from /home/airflow/.local/lib/python3.7/site-packages/airflow/example_dags/example_task_group.py
[2023-10-06T23:05:18.345+0000] {logging_mixin.py:120} INFO - [2023-10-06T23:05:18.345+0000] {dag.py:2585} INFO - Sync 1 DAGs
[2023-10-06T23:05:18.361+0000] {logging_mixin.py:120} INFO - [2023-10-06T23:05:18.361+0000] {dag.py:3340} INFO - Setting next_dagrun for example_task_group to 2023-10-05T23:05:18.361026+00:00, run_after=2023-10-06T23:05:18.361026+00:00
[2023-10-06T23:05:18.377+0000] {processor.py:176} INFO - Processing /home/airflow/.local/lib/python3.7/site-packages/airflow/example_dags/example_task_group.py took 0.077 seconds
[2023-10-06T23:05:48.515+0000] {processor.py:154} INFO - Started process (PID=3822) to work on /home/airflow/.local/lib/python3.7/site-packages/airflow/example_dags/example_task_group.py
[2023-10-06T23:05:48.515+0000] {processor.py:756} INFO - Processing file /home/airflow/.local/lib/python3.7/site-packages/airflow/example_dags/example_task_group.py for tasks to queue
[2023-10-06T23:05:48.516+0000] {logging_mixin.py:120} INFO - [2023-10-06T23:05:48.516+0000] {dagbag.py:537} INFO - Filling up the DagBag from /home/airflow/.local/lib/python3.7/site-packages/airflow/example_dags/example_task_group.py
[2023-10-06T23:05:48.527+0000] {processor.py:766} INFO - DAG(s) dict_keys(['example_task_group']) retrieved from /home/airflow/.local/lib/python3.7/site-packages/airflow/example_dags/example_task_group.py
[2023-10-06T23:05:48.565+0000] {logging_mixin.py:120} INFO - [2023-10-06T23:05:48.565+0000] {dag.py:2585} INFO - Sync 1 DAGs
[2023-10-06T23:05:48.588+0000] {logging_mixin.py:120} INFO - [2023-10-06T23:05:48.588+0000] {dag.py:3340} INFO - Setting next_dagrun for example_task_group to 2023-10-05T23:05:48.588377+00:00, run_after=2023-10-06T23:05:48.588377+00:00
[2023-10-06T23:05:48.605+0000] {processor.py:176} INFO - Processing /home/airflow/.local/lib/python3.7/site-packages/airflow/example_dags/example_task_group.py took 0.093 seconds
[2023-10-06T23:06:19.530+0000] {processor.py:154} INFO - Started process (PID=3880) to work on /home/airflow/.local/lib/python3.7/site-packages/airflow/example_dags/example_task_group.py
[2023-10-06T23:06:19.531+0000] {processor.py:756} INFO - Processing file /home/airflow/.local/lib/python3.7/site-packages/airflow/example_dags/example_task_group.py for tasks to queue
[2023-10-06T23:06:19.531+0000] {logging_mixin.py:120} INFO - [2023-10-06T23:06:19.531+0000] {dagbag.py:537} INFO - Filling up the DagBag from /home/airflow/.local/lib/python3.7/site-packages/airflow/example_dags/example_task_group.py
[2023-10-06T23:06:19.542+0000] {processor.py:766} INFO - DAG(s) dict_keys(['example_task_group']) retrieved from /home/airflow/.local/lib/python3.7/site-packages/airflow/example_dags/example_task_group.py
[2023-10-06T23:06:19.571+0000] {logging_mixin.py:120} INFO - [2023-10-06T23:06:19.571+0000] {dag.py:2585} INFO - Sync 1 DAGs
[2023-10-06T23:06:19.593+0000] {logging_mixin.py:120} INFO - [2023-10-06T23:06:19.593+0000] {dag.py:3340} INFO - Setting next_dagrun for example_task_group to 2023-10-05T23:06:19.593211+00:00, run_after=2023-10-06T23:06:19.593211+00:00
[2023-10-06T23:06:19.607+0000] {processor.py:176} INFO - Processing /home/airflow/.local/lib/python3.7/site-packages/airflow/example_dags/example_task_group.py took 0.080 seconds
[2023-10-06T23:06:49.860+0000] {processor.py:154} INFO - Started process (PID=3943) to work on /home/airflow/.local/lib/python3.7/site-packages/airflow/example_dags/example_task_group.py
[2023-10-06T23:06:49.862+0000] {processor.py:756} INFO - Processing file /home/airflow/.local/lib/python3.7/site-packages/airflow/example_dags/example_task_group.py for tasks to queue
[2023-10-06T23:06:49.863+0000] {logging_mixin.py:120} INFO - [2023-10-06T23:06:49.863+0000] {dagbag.py:537} INFO - Filling up the DagBag from /home/airflow/.local/lib/python3.7/site-packages/airflow/example_dags/example_task_group.py
[2023-10-06T23:06:49.874+0000] {processor.py:766} INFO - DAG(s) dict_keys(['example_task_group']) retrieved from /home/airflow/.local/lib/python3.7/site-packages/airflow/example_dags/example_task_group.py
[2023-10-06T23:06:49.903+0000] {logging_mixin.py:120} INFO - [2023-10-06T23:06:49.903+0000] {dag.py:2585} INFO - Sync 1 DAGs
[2023-10-06T23:06:49.919+0000] {logging_mixin.py:120} INFO - [2023-10-06T23:06:49.919+0000] {dag.py:3340} INFO - Setting next_dagrun for example_task_group to 2023-10-05T23:06:49.919606+00:00, run_after=2023-10-06T23:06:49.919606+00:00
[2023-10-06T23:06:49.935+0000] {processor.py:176} INFO - Processing /home/airflow/.local/lib/python3.7/site-packages/airflow/example_dags/example_task_group.py took 0.077 seconds
[2023-10-06T23:07:20.033+0000] {processor.py:154} INFO - Started process (PID=4008) to work on /home/airflow/.local/lib/python3.7/site-packages/airflow/example_dags/example_task_group.py
[2023-10-06T23:07:20.037+0000] {processor.py:756} INFO - Processing file /home/airflow/.local/lib/python3.7/site-packages/airflow/example_dags/example_task_group.py for tasks to queue
[2023-10-06T23:07:20.037+0000] {logging_mixin.py:120} INFO - [2023-10-06T23:07:20.037+0000] {dagbag.py:537} INFO - Filling up the DagBag from /home/airflow/.local/lib/python3.7/site-packages/airflow/example_dags/example_task_group.py
[2023-10-06T23:07:20.049+0000] {processor.py:766} INFO - DAG(s) dict_keys(['example_task_group']) retrieved from /home/airflow/.local/lib/python3.7/site-packages/airflow/example_dags/example_task_group.py
[2023-10-06T23:07:20.083+0000] {logging_mixin.py:120} INFO - [2023-10-06T23:07:20.083+0000] {dag.py:2585} INFO - Sync 1 DAGs
[2023-10-06T23:07:20.101+0000] {logging_mixin.py:120} INFO - [2023-10-06T23:07:20.101+0000] {dag.py:3340} INFO - Setting next_dagrun for example_task_group to 2023-10-05T23:07:20.101026+00:00, run_after=2023-10-06T23:07:20.101026+00:00
[2023-10-06T23:07:20.118+0000] {processor.py:176} INFO - Processing /home/airflow/.local/lib/python3.7/site-packages/airflow/example_dags/example_task_group.py took 0.087 seconds
[2023-10-06T23:07:50.314+0000] {processor.py:154} INFO - Started process (PID=4072) to work on /home/airflow/.local/lib/python3.7/site-packages/airflow/example_dags/example_task_group.py
[2023-10-06T23:07:50.315+0000] {processor.py:756} INFO - Processing file /home/airflow/.local/lib/python3.7/site-packages/airflow/example_dags/example_task_group.py for tasks to queue
[2023-10-06T23:07:50.316+0000] {logging_mixin.py:120} INFO - [2023-10-06T23:07:50.316+0000] {dagbag.py:537} INFO - Filling up the DagBag from /home/airflow/.local/lib/python3.7/site-packages/airflow/example_dags/example_task_group.py
[2023-10-06T23:07:50.328+0000] {processor.py:766} INFO - DAG(s) dict_keys(['example_task_group']) retrieved from /home/airflow/.local/lib/python3.7/site-packages/airflow/example_dags/example_task_group.py
[2023-10-06T23:07:50.359+0000] {logging_mixin.py:120} INFO - [2023-10-06T23:07:50.359+0000] {dag.py:2585} INFO - Sync 1 DAGs
[2023-10-06T23:07:50.379+0000] {logging_mixin.py:120} INFO - [2023-10-06T23:07:50.379+0000] {dag.py:3340} INFO - Setting next_dagrun for example_task_group to 2023-10-05T23:07:50.379473+00:00, run_after=2023-10-06T23:07:50.379473+00:00
[2023-10-06T23:07:50.395+0000] {processor.py:176} INFO - Processing /home/airflow/.local/lib/python3.7/site-packages/airflow/example_dags/example_task_group.py took 0.083 seconds
[2023-10-06T23:08:21.290+0000] {processor.py:154} INFO - Started process (PID=4127) to work on /home/airflow/.local/lib/python3.7/site-packages/airflow/example_dags/example_task_group.py
[2023-10-06T23:08:21.294+0000] {processor.py:756} INFO - Processing file /home/airflow/.local/lib/python3.7/site-packages/airflow/example_dags/example_task_group.py for tasks to queue
[2023-10-06T23:08:21.295+0000] {logging_mixin.py:120} INFO - [2023-10-06T23:08:21.295+0000] {dagbag.py:537} INFO - Filling up the DagBag from /home/airflow/.local/lib/python3.7/site-packages/airflow/example_dags/example_task_group.py
[2023-10-06T23:08:21.305+0000] {processor.py:766} INFO - DAG(s) dict_keys(['example_task_group']) retrieved from /home/airflow/.local/lib/python3.7/site-packages/airflow/example_dags/example_task_group.py
[2023-10-06T23:08:21.336+0000] {logging_mixin.py:120} INFO - [2023-10-06T23:08:21.336+0000] {dag.py:2585} INFO - Sync 1 DAGs
[2023-10-06T23:08:21.352+0000] {logging_mixin.py:120} INFO - [2023-10-06T23:08:21.351+0000] {dag.py:3340} INFO - Setting next_dagrun for example_task_group to 2023-10-05T23:08:21.351774+00:00, run_after=2023-10-06T23:08:21.351774+00:00
[2023-10-06T23:08:21.365+0000] {processor.py:176} INFO - Processing /home/airflow/.local/lib/python3.7/site-packages/airflow/example_dags/example_task_group.py took 0.078 seconds
