[2023-10-06T22:34:55.300+0000] {processor.py:154} INFO - Started process (PID=74) to work on /home/airflow/.local/lib/python3.7/site-packages/airflow/example_dags/example_branch_python_dop_operator_3.py
[2023-10-06T22:34:55.301+0000] {processor.py:756} INFO - Processing file /home/airflow/.local/lib/python3.7/site-packages/airflow/example_dags/example_branch_python_dop_operator_3.py for tasks to queue
[2023-10-06T22:34:55.301+0000] {logging_mixin.py:120} INFO - [2023-10-06T22:34:55.301+0000] {dagbag.py:537} INFO - Filling up the DagBag from /home/airflow/.local/lib/python3.7/site-packages/airflow/example_dags/example_branch_python_dop_operator_3.py
[2023-10-06T22:34:55.320+0000] {processor.py:766} INFO - DAG(s) dict_keys(['example_branch_dop_operator_v3']) retrieved from /home/airflow/.local/lib/python3.7/site-packages/airflow/example_dags/example_branch_python_dop_operator_3.py
[2023-10-06T22:34:55.352+0000] {logging_mixin.py:120} INFO - [2023-10-06T22:34:55.352+0000] {dag.py:2585} INFO - Sync 1 DAGs
[2023-10-06T22:34:55.376+0000] {logging_mixin.py:120} INFO - [2023-10-06T22:34:55.376+0000] {dag.py:3340} INFO - Setting next_dagrun for example_branch_dop_operator_v3 to 2023-10-06T22:33:00+00:00, run_after=2023-10-06T22:34:00+00:00
[2023-10-06T22:34:55.391+0000] {processor.py:176} INFO - Processing /home/airflow/.local/lib/python3.7/site-packages/airflow/example_dags/example_branch_python_dop_operator_3.py took 0.093 seconds
[2023-10-06T22:35:25.407+0000] {processor.py:154} INFO - Started process (PID=136) to work on /home/airflow/.local/lib/python3.7/site-packages/airflow/example_dags/example_branch_python_dop_operator_3.py
[2023-10-06T22:35:25.407+0000] {processor.py:756} INFO - Processing file /home/airflow/.local/lib/python3.7/site-packages/airflow/example_dags/example_branch_python_dop_operator_3.py for tasks to queue
[2023-10-06T22:35:25.408+0000] {logging_mixin.py:120} INFO - [2023-10-06T22:35:25.407+0000] {dagbag.py:537} INFO - Filling up the DagBag from /home/airflow/.local/lib/python3.7/site-packages/airflow/example_dags/example_branch_python_dop_operator_3.py
[2023-10-06T22:35:25.424+0000] {processor.py:766} INFO - DAG(s) dict_keys(['example_branch_dop_operator_v3']) retrieved from /home/airflow/.local/lib/python3.7/site-packages/airflow/example_dags/example_branch_python_dop_operator_3.py
[2023-10-06T22:35:25.442+0000] {logging_mixin.py:120} INFO - [2023-10-06T22:35:25.442+0000] {dag.py:2585} INFO - Sync 1 DAGs
[2023-10-06T22:35:25.464+0000] {logging_mixin.py:120} INFO - [2023-10-06T22:35:25.463+0000] {dag.py:3340} INFO - Setting next_dagrun for example_branch_dop_operator_v3 to 2023-10-06T22:34:00+00:00, run_after=2023-10-06T22:35:00+00:00
[2023-10-06T22:35:25.478+0000] {processor.py:176} INFO - Processing /home/airflow/.local/lib/python3.7/site-packages/airflow/example_dags/example_branch_python_dop_operator_3.py took 0.074 seconds
[2023-10-06T22:35:56.514+0000] {processor.py:154} INFO - Started process (PID=199) to work on /home/airflow/.local/lib/python3.7/site-packages/airflow/example_dags/example_branch_python_dop_operator_3.py
[2023-10-06T22:35:56.515+0000] {processor.py:756} INFO - Processing file /home/airflow/.local/lib/python3.7/site-packages/airflow/example_dags/example_branch_python_dop_operator_3.py for tasks to queue
[2023-10-06T22:35:56.516+0000] {logging_mixin.py:120} INFO - [2023-10-06T22:35:56.516+0000] {dagbag.py:537} INFO - Filling up the DagBag from /home/airflow/.local/lib/python3.7/site-packages/airflow/example_dags/example_branch_python_dop_operator_3.py
[2023-10-06T22:35:56.533+0000] {processor.py:766} INFO - DAG(s) dict_keys(['example_branch_dop_operator_v3']) retrieved from /home/airflow/.local/lib/python3.7/site-packages/airflow/example_dags/example_branch_python_dop_operator_3.py
[2023-10-06T22:35:56.564+0000] {logging_mixin.py:120} INFO - [2023-10-06T22:35:56.563+0000] {dag.py:2585} INFO - Sync 1 DAGs
[2023-10-06T22:35:56.584+0000] {logging_mixin.py:120} INFO - [2023-10-06T22:35:56.584+0000] {dag.py:3340} INFO - Setting next_dagrun for example_branch_dop_operator_v3 to 2023-10-06T22:34:00+00:00, run_after=2023-10-06T22:35:00+00:00
[2023-10-06T22:35:56.599+0000] {processor.py:176} INFO - Processing /home/airflow/.local/lib/python3.7/site-packages/airflow/example_dags/example_branch_python_dop_operator_3.py took 0.087 seconds
[2023-10-06T22:36:26.888+0000] {processor.py:154} INFO - Started process (PID=262) to work on /home/airflow/.local/lib/python3.7/site-packages/airflow/example_dags/example_branch_python_dop_operator_3.py
[2023-10-06T22:36:26.889+0000] {processor.py:756} INFO - Processing file /home/airflow/.local/lib/python3.7/site-packages/airflow/example_dags/example_branch_python_dop_operator_3.py for tasks to queue
[2023-10-06T22:36:26.890+0000] {logging_mixin.py:120} INFO - [2023-10-06T22:36:26.890+0000] {dagbag.py:537} INFO - Filling up the DagBag from /home/airflow/.local/lib/python3.7/site-packages/airflow/example_dags/example_branch_python_dop_operator_3.py
[2023-10-06T22:36:26.909+0000] {processor.py:766} INFO - DAG(s) dict_keys(['example_branch_dop_operator_v3']) retrieved from /home/airflow/.local/lib/python3.7/site-packages/airflow/example_dags/example_branch_python_dop_operator_3.py
[2023-10-06T22:36:26.940+0000] {logging_mixin.py:120} INFO - [2023-10-06T22:36:26.940+0000] {dag.py:2585} INFO - Sync 1 DAGs
[2023-10-06T22:36:26.965+0000] {logging_mixin.py:120} INFO - [2023-10-06T22:36:26.964+0000] {dag.py:3340} INFO - Setting next_dagrun for example_branch_dop_operator_v3 to 2023-10-06T22:35:00+00:00, run_after=2023-10-06T22:36:00+00:00
[2023-10-06T22:36:26.983+0000] {processor.py:176} INFO - Processing /home/airflow/.local/lib/python3.7/site-packages/airflow/example_dags/example_branch_python_dop_operator_3.py took 0.098 seconds
[2023-10-06T22:36:57.736+0000] {processor.py:154} INFO - Started process (PID=318) to work on /home/airflow/.local/lib/python3.7/site-packages/airflow/example_dags/example_branch_python_dop_operator_3.py
[2023-10-06T22:36:57.737+0000] {processor.py:756} INFO - Processing file /home/airflow/.local/lib/python3.7/site-packages/airflow/example_dags/example_branch_python_dop_operator_3.py for tasks to queue
[2023-10-06T22:36:57.737+0000] {logging_mixin.py:120} INFO - [2023-10-06T22:36:57.737+0000] {dagbag.py:537} INFO - Filling up the DagBag from /home/airflow/.local/lib/python3.7/site-packages/airflow/example_dags/example_branch_python_dop_operator_3.py
[2023-10-06T22:36:57.758+0000] {processor.py:766} INFO - DAG(s) dict_keys(['example_branch_dop_operator_v3']) retrieved from /home/airflow/.local/lib/python3.7/site-packages/airflow/example_dags/example_branch_python_dop_operator_3.py
[2023-10-06T22:36:57.798+0000] {logging_mixin.py:120} INFO - [2023-10-06T22:36:57.798+0000] {dag.py:2585} INFO - Sync 1 DAGs
[2023-10-06T22:36:57.858+0000] {logging_mixin.py:120} INFO - [2023-10-06T22:36:57.858+0000] {dag.py:3340} INFO - Setting next_dagrun for example_branch_dop_operator_v3 to 2023-10-06T22:35:00+00:00, run_after=2023-10-06T22:36:00+00:00
[2023-10-06T22:36:57.875+0000] {processor.py:176} INFO - Processing /home/airflow/.local/lib/python3.7/site-packages/airflow/example_dags/example_branch_python_dop_operator_3.py took 0.141 seconds
[2023-10-06T22:37:28.579+0000] {processor.py:154} INFO - Started process (PID=381) to work on /home/airflow/.local/lib/python3.7/site-packages/airflow/example_dags/example_branch_python_dop_operator_3.py
[2023-10-06T22:37:28.580+0000] {processor.py:756} INFO - Processing file /home/airflow/.local/lib/python3.7/site-packages/airflow/example_dags/example_branch_python_dop_operator_3.py for tasks to queue
[2023-10-06T22:37:28.581+0000] {logging_mixin.py:120} INFO - [2023-10-06T22:37:28.580+0000] {dagbag.py:537} INFO - Filling up the DagBag from /home/airflow/.local/lib/python3.7/site-packages/airflow/example_dags/example_branch_python_dop_operator_3.py
[2023-10-06T22:37:28.607+0000] {processor.py:766} INFO - DAG(s) dict_keys(['example_branch_dop_operator_v3']) retrieved from /home/airflow/.local/lib/python3.7/site-packages/airflow/example_dags/example_branch_python_dop_operator_3.py
[2023-10-06T22:37:28.659+0000] {logging_mixin.py:120} INFO - [2023-10-06T22:37:28.659+0000] {dag.py:2585} INFO - Sync 1 DAGs
[2023-10-06T22:37:28.689+0000] {logging_mixin.py:120} INFO - [2023-10-06T22:37:28.689+0000] {dag.py:3340} INFO - Setting next_dagrun for example_branch_dop_operator_v3 to 2023-10-06T22:36:00+00:00, run_after=2023-10-06T22:37:00+00:00
[2023-10-06T22:37:28.709+0000] {processor.py:176} INFO - Processing /home/airflow/.local/lib/python3.7/site-packages/airflow/example_dags/example_branch_python_dop_operator_3.py took 0.132 seconds
[2023-10-06T22:37:58.991+0000] {processor.py:154} INFO - Started process (PID=445) to work on /home/airflow/.local/lib/python3.7/site-packages/airflow/example_dags/example_branch_python_dop_operator_3.py
[2023-10-06T22:37:58.992+0000] {processor.py:756} INFO - Processing file /home/airflow/.local/lib/python3.7/site-packages/airflow/example_dags/example_branch_python_dop_operator_3.py for tasks to queue
[2023-10-06T22:37:58.993+0000] {logging_mixin.py:120} INFO - [2023-10-06T22:37:58.993+0000] {dagbag.py:537} INFO - Filling up the DagBag from /home/airflow/.local/lib/python3.7/site-packages/airflow/example_dags/example_branch_python_dop_operator_3.py
[2023-10-06T22:37:59.010+0000] {processor.py:766} INFO - DAG(s) dict_keys(['example_branch_dop_operator_v3']) retrieved from /home/airflow/.local/lib/python3.7/site-packages/airflow/example_dags/example_branch_python_dop_operator_3.py
[2023-10-06T22:37:59.039+0000] {logging_mixin.py:120} INFO - [2023-10-06T22:37:59.039+0000] {dag.py:2585} INFO - Sync 1 DAGs
[2023-10-06T22:37:59.059+0000] {logging_mixin.py:120} INFO - [2023-10-06T22:37:59.058+0000] {dag.py:3340} INFO - Setting next_dagrun for example_branch_dop_operator_v3 to 2023-10-06T22:36:00+00:00, run_after=2023-10-06T22:37:00+00:00
[2023-10-06T22:37:59.073+0000] {processor.py:176} INFO - Processing /home/airflow/.local/lib/python3.7/site-packages/airflow/example_dags/example_branch_python_dop_operator_3.py took 0.084 seconds
[2023-10-06T22:38:29.693+0000] {processor.py:154} INFO - Started process (PID=509) to work on /home/airflow/.local/lib/python3.7/site-packages/airflow/example_dags/example_branch_python_dop_operator_3.py
[2023-10-06T22:38:29.693+0000] {processor.py:756} INFO - Processing file /home/airflow/.local/lib/python3.7/site-packages/airflow/example_dags/example_branch_python_dop_operator_3.py for tasks to queue
[2023-10-06T22:38:29.694+0000] {logging_mixin.py:120} INFO - [2023-10-06T22:38:29.694+0000] {dagbag.py:537} INFO - Filling up the DagBag from /home/airflow/.local/lib/python3.7/site-packages/airflow/example_dags/example_branch_python_dop_operator_3.py
[2023-10-06T22:38:29.715+0000] {processor.py:766} INFO - DAG(s) dict_keys(['example_branch_dop_operator_v3']) retrieved from /home/airflow/.local/lib/python3.7/site-packages/airflow/example_dags/example_branch_python_dop_operator_3.py
[2023-10-06T22:38:29.753+0000] {logging_mixin.py:120} INFO - [2023-10-06T22:38:29.753+0000] {dag.py:2585} INFO - Sync 1 DAGs
[2023-10-06T22:38:29.778+0000] {logging_mixin.py:120} INFO - [2023-10-06T22:38:29.777+0000] {dag.py:3340} INFO - Setting next_dagrun for example_branch_dop_operator_v3 to 2023-10-06T22:37:00+00:00, run_after=2023-10-06T22:38:00+00:00
[2023-10-06T22:38:29.797+0000] {processor.py:176} INFO - Processing /home/airflow/.local/lib/python3.7/site-packages/airflow/example_dags/example_branch_python_dop_operator_3.py took 0.107 seconds
[2023-10-06T22:39:00.291+0000] {processor.py:154} INFO - Started process (PID=563) to work on /home/airflow/.local/lib/python3.7/site-packages/airflow/example_dags/example_branch_python_dop_operator_3.py
[2023-10-06T22:39:00.292+0000] {processor.py:756} INFO - Processing file /home/airflow/.local/lib/python3.7/site-packages/airflow/example_dags/example_branch_python_dop_operator_3.py for tasks to queue
[2023-10-06T22:39:00.293+0000] {logging_mixin.py:120} INFO - [2023-10-06T22:39:00.292+0000] {dagbag.py:537} INFO - Filling up the DagBag from /home/airflow/.local/lib/python3.7/site-packages/airflow/example_dags/example_branch_python_dop_operator_3.py
[2023-10-06T22:39:00.317+0000] {processor.py:766} INFO - DAG(s) dict_keys(['example_branch_dop_operator_v3']) retrieved from /home/airflow/.local/lib/python3.7/site-packages/airflow/example_dags/example_branch_python_dop_operator_3.py
[2023-10-06T22:39:00.365+0000] {logging_mixin.py:120} INFO - [2023-10-06T22:39:00.365+0000] {dag.py:2585} INFO - Sync 1 DAGs
[2023-10-06T22:39:00.394+0000] {logging_mixin.py:120} INFO - [2023-10-06T22:39:00.394+0000] {dag.py:3340} INFO - Setting next_dagrun for example_branch_dop_operator_v3 to 2023-10-06T22:38:00+00:00, run_after=2023-10-06T22:39:00+00:00
[2023-10-06T22:39:00.413+0000] {processor.py:176} INFO - Processing /home/airflow/.local/lib/python3.7/site-packages/airflow/example_dags/example_branch_python_dop_operator_3.py took 0.126 seconds
[2023-10-06T22:39:31.552+0000] {processor.py:154} INFO - Started process (PID=628) to work on /home/airflow/.local/lib/python3.7/site-packages/airflow/example_dags/example_branch_python_dop_operator_3.py
[2023-10-06T22:39:31.553+0000] {processor.py:756} INFO - Processing file /home/airflow/.local/lib/python3.7/site-packages/airflow/example_dags/example_branch_python_dop_operator_3.py for tasks to queue
[2023-10-06T22:39:31.553+0000] {logging_mixin.py:120} INFO - [2023-10-06T22:39:31.553+0000] {dagbag.py:537} INFO - Filling up the DagBag from /home/airflow/.local/lib/python3.7/site-packages/airflow/example_dags/example_branch_python_dop_operator_3.py
[2023-10-06T22:39:31.576+0000] {processor.py:766} INFO - DAG(s) dict_keys(['example_branch_dop_operator_v3']) retrieved from /home/airflow/.local/lib/python3.7/site-packages/airflow/example_dags/example_branch_python_dop_operator_3.py
[2023-10-06T22:39:31.615+0000] {logging_mixin.py:120} INFO - [2023-10-06T22:39:31.614+0000] {dag.py:2585} INFO - Sync 1 DAGs
[2023-10-06T22:39:31.651+0000] {logging_mixin.py:120} INFO - [2023-10-06T22:39:31.651+0000] {dag.py:3340} INFO - Setting next_dagrun for example_branch_dop_operator_v3 to 2023-10-06T22:38:00+00:00, run_after=2023-10-06T22:39:00+00:00
[2023-10-06T22:39:31.676+0000] {processor.py:176} INFO - Processing /home/airflow/.local/lib/python3.7/site-packages/airflow/example_dags/example_branch_python_dop_operator_3.py took 0.127 seconds
[2023-10-06T22:40:02.441+0000] {processor.py:154} INFO - Started process (PID=690) to work on /home/airflow/.local/lib/python3.7/site-packages/airflow/example_dags/example_branch_python_dop_operator_3.py
[2023-10-06T22:40:02.442+0000] {processor.py:756} INFO - Processing file /home/airflow/.local/lib/python3.7/site-packages/airflow/example_dags/example_branch_python_dop_operator_3.py for tasks to queue
[2023-10-06T22:40:02.443+0000] {logging_mixin.py:120} INFO - [2023-10-06T22:40:02.443+0000] {dagbag.py:537} INFO - Filling up the DagBag from /home/airflow/.local/lib/python3.7/site-packages/airflow/example_dags/example_branch_python_dop_operator_3.py
[2023-10-06T22:40:02.467+0000] {processor.py:766} INFO - DAG(s) dict_keys(['example_branch_dop_operator_v3']) retrieved from /home/airflow/.local/lib/python3.7/site-packages/airflow/example_dags/example_branch_python_dop_operator_3.py
[2023-10-06T22:40:02.503+0000] {logging_mixin.py:120} INFO - [2023-10-06T22:40:02.503+0000] {dag.py:2585} INFO - Sync 1 DAGs
[2023-10-06T22:40:02.530+0000] {logging_mixin.py:120} INFO - [2023-10-06T22:40:02.530+0000] {dag.py:3340} INFO - Setting next_dagrun for example_branch_dop_operator_v3 to 2023-10-06T22:39:00+00:00, run_after=2023-10-06T22:40:00+00:00
[2023-10-06T22:40:02.547+0000] {processor.py:176} INFO - Processing /home/airflow/.local/lib/python3.7/site-packages/airflow/example_dags/example_branch_python_dop_operator_3.py took 0.109 seconds
[2023-10-06T22:40:33.067+0000] {processor.py:154} INFO - Started process (PID=754) to work on /home/airflow/.local/lib/python3.7/site-packages/airflow/example_dags/example_branch_python_dop_operator_3.py
[2023-10-06T22:40:33.070+0000] {processor.py:756} INFO - Processing file /home/airflow/.local/lib/python3.7/site-packages/airflow/example_dags/example_branch_python_dop_operator_3.py for tasks to queue
[2023-10-06T22:40:33.071+0000] {logging_mixin.py:120} INFO - [2023-10-06T22:40:33.071+0000] {dagbag.py:537} INFO - Filling up the DagBag from /home/airflow/.local/lib/python3.7/site-packages/airflow/example_dags/example_branch_python_dop_operator_3.py
[2023-10-06T22:40:33.091+0000] {processor.py:766} INFO - DAG(s) dict_keys(['example_branch_dop_operator_v3']) retrieved from /home/airflow/.local/lib/python3.7/site-packages/airflow/example_dags/example_branch_python_dop_operator_3.py
[2023-10-06T22:40:33.139+0000] {logging_mixin.py:120} INFO - [2023-10-06T22:40:33.139+0000] {dag.py:2585} INFO - Sync 1 DAGs
[2023-10-06T22:40:33.172+0000] {logging_mixin.py:120} INFO - [2023-10-06T22:40:33.172+0000] {dag.py:3340} INFO - Setting next_dagrun for example_branch_dop_operator_v3 to 2023-10-06T22:39:00+00:00, run_after=2023-10-06T22:40:00+00:00
[2023-10-06T22:40:33.204+0000] {processor.py:176} INFO - Processing /home/airflow/.local/lib/python3.7/site-packages/airflow/example_dags/example_branch_python_dop_operator_3.py took 0.139 seconds
[2023-10-06T22:41:03.573+0000] {processor.py:154} INFO - Started process (PID=808) to work on /home/airflow/.local/lib/python3.7/site-packages/airflow/example_dags/example_branch_python_dop_operator_3.py
[2023-10-06T22:41:03.574+0000] {processor.py:756} INFO - Processing file /home/airflow/.local/lib/python3.7/site-packages/airflow/example_dags/example_branch_python_dop_operator_3.py for tasks to queue
[2023-10-06T22:41:03.575+0000] {logging_mixin.py:120} INFO - [2023-10-06T22:41:03.575+0000] {dagbag.py:537} INFO - Filling up the DagBag from /home/airflow/.local/lib/python3.7/site-packages/airflow/example_dags/example_branch_python_dop_operator_3.py
[2023-10-06T22:41:03.594+0000] {processor.py:766} INFO - DAG(s) dict_keys(['example_branch_dop_operator_v3']) retrieved from /home/airflow/.local/lib/python3.7/site-packages/airflow/example_dags/example_branch_python_dop_operator_3.py
[2023-10-06T22:41:03.623+0000] {logging_mixin.py:120} INFO - [2023-10-06T22:41:03.623+0000] {dag.py:2585} INFO - Sync 1 DAGs
[2023-10-06T22:41:03.645+0000] {logging_mixin.py:120} INFO - [2023-10-06T22:41:03.644+0000] {dag.py:3340} INFO - Setting next_dagrun for example_branch_dop_operator_v3 to 2023-10-06T22:40:00+00:00, run_after=2023-10-06T22:41:00+00:00
[2023-10-06T22:41:03.664+0000] {processor.py:176} INFO - Processing /home/airflow/.local/lib/python3.7/site-packages/airflow/example_dags/example_branch_python_dop_operator_3.py took 0.093 seconds
[2023-10-06T22:41:33.903+0000] {processor.py:154} INFO - Started process (PID=870) to work on /home/airflow/.local/lib/python3.7/site-packages/airflow/example_dags/example_branch_python_dop_operator_3.py
[2023-10-06T22:41:33.903+0000] {processor.py:756} INFO - Processing file /home/airflow/.local/lib/python3.7/site-packages/airflow/example_dags/example_branch_python_dop_operator_3.py for tasks to queue
[2023-10-06T22:41:33.904+0000] {logging_mixin.py:120} INFO - [2023-10-06T22:41:33.904+0000] {dagbag.py:537} INFO - Filling up the DagBag from /home/airflow/.local/lib/python3.7/site-packages/airflow/example_dags/example_branch_python_dop_operator_3.py
[2023-10-06T22:41:33.920+0000] {processor.py:766} INFO - DAG(s) dict_keys(['example_branch_dop_operator_v3']) retrieved from /home/airflow/.local/lib/python3.7/site-packages/airflow/example_dags/example_branch_python_dop_operator_3.py
[2023-10-06T22:41:33.950+0000] {logging_mixin.py:120} INFO - [2023-10-06T22:41:33.950+0000] {dag.py:2585} INFO - Sync 1 DAGs
[2023-10-06T22:41:33.970+0000] {logging_mixin.py:120} INFO - [2023-10-06T22:41:33.970+0000] {dag.py:3340} INFO - Setting next_dagrun for example_branch_dop_operator_v3 to 2023-10-06T22:40:00+00:00, run_after=2023-10-06T22:41:00+00:00
[2023-10-06T22:41:33.985+0000] {processor.py:176} INFO - Processing /home/airflow/.local/lib/python3.7/site-packages/airflow/example_dags/example_branch_python_dop_operator_3.py took 0.084 seconds
[2023-10-06T22:42:04.519+0000] {processor.py:154} INFO - Started process (PID=934) to work on /home/airflow/.local/lib/python3.7/site-packages/airflow/example_dags/example_branch_python_dop_operator_3.py
[2023-10-06T22:42:04.521+0000] {processor.py:756} INFO - Processing file /home/airflow/.local/lib/python3.7/site-packages/airflow/example_dags/example_branch_python_dop_operator_3.py for tasks to queue
[2023-10-06T22:42:04.521+0000] {logging_mixin.py:120} INFO - [2023-10-06T22:42:04.521+0000] {dagbag.py:537} INFO - Filling up the DagBag from /home/airflow/.local/lib/python3.7/site-packages/airflow/example_dags/example_branch_python_dop_operator_3.py
[2023-10-06T22:42:04.541+0000] {processor.py:766} INFO - DAG(s) dict_keys(['example_branch_dop_operator_v3']) retrieved from /home/airflow/.local/lib/python3.7/site-packages/airflow/example_dags/example_branch_python_dop_operator_3.py
[2023-10-06T22:42:04.578+0000] {logging_mixin.py:120} INFO - [2023-10-06T22:42:04.578+0000] {dag.py:2585} INFO - Sync 1 DAGs
[2023-10-06T22:42:04.604+0000] {logging_mixin.py:120} INFO - [2023-10-06T22:42:04.604+0000] {dag.py:3340} INFO - Setting next_dagrun for example_branch_dop_operator_v3 to 2023-10-06T22:41:00+00:00, run_after=2023-10-06T22:42:00+00:00
[2023-10-06T22:42:04.625+0000] {processor.py:176} INFO - Processing /home/airflow/.local/lib/python3.7/site-packages/airflow/example_dags/example_branch_python_dop_operator_3.py took 0.109 seconds
[2023-10-06T22:42:34.815+0000] {processor.py:154} INFO - Started process (PID=997) to work on /home/airflow/.local/lib/python3.7/site-packages/airflow/example_dags/example_branch_python_dop_operator_3.py
[2023-10-06T22:42:34.816+0000] {processor.py:756} INFO - Processing file /home/airflow/.local/lib/python3.7/site-packages/airflow/example_dags/example_branch_python_dop_operator_3.py for tasks to queue
[2023-10-06T22:42:34.817+0000] {logging_mixin.py:120} INFO - [2023-10-06T22:42:34.817+0000] {dagbag.py:537} INFO - Filling up the DagBag from /home/airflow/.local/lib/python3.7/site-packages/airflow/example_dags/example_branch_python_dop_operator_3.py
[2023-10-06T22:42:34.835+0000] {processor.py:766} INFO - DAG(s) dict_keys(['example_branch_dop_operator_v3']) retrieved from /home/airflow/.local/lib/python3.7/site-packages/airflow/example_dags/example_branch_python_dop_operator_3.py
[2023-10-06T22:42:34.876+0000] {logging_mixin.py:120} INFO - [2023-10-06T22:42:34.876+0000] {dag.py:2585} INFO - Sync 1 DAGs
[2023-10-06T22:42:34.898+0000] {logging_mixin.py:120} INFO - [2023-10-06T22:42:34.898+0000] {dag.py:3340} INFO - Setting next_dagrun for example_branch_dop_operator_v3 to 2023-10-06T22:41:00+00:00, run_after=2023-10-06T22:42:00+00:00
[2023-10-06T22:42:34.916+0000] {processor.py:176} INFO - Processing /home/airflow/.local/lib/python3.7/site-packages/airflow/example_dags/example_branch_python_dop_operator_3.py took 0.103 seconds
[2023-10-06T22:43:05.180+0000] {processor.py:154} INFO - Started process (PID=1052) to work on /home/airflow/.local/lib/python3.7/site-packages/airflow/example_dags/example_branch_python_dop_operator_3.py
[2023-10-06T22:43:05.181+0000] {processor.py:756} INFO - Processing file /home/airflow/.local/lib/python3.7/site-packages/airflow/example_dags/example_branch_python_dop_operator_3.py for tasks to queue
[2023-10-06T22:43:05.181+0000] {logging_mixin.py:120} INFO - [2023-10-06T22:43:05.181+0000] {dagbag.py:537} INFO - Filling up the DagBag from /home/airflow/.local/lib/python3.7/site-packages/airflow/example_dags/example_branch_python_dop_operator_3.py
[2023-10-06T22:43:05.198+0000] {processor.py:766} INFO - DAG(s) dict_keys(['example_branch_dop_operator_v3']) retrieved from /home/airflow/.local/lib/python3.7/site-packages/airflow/example_dags/example_branch_python_dop_operator_3.py
[2023-10-06T22:43:05.227+0000] {logging_mixin.py:120} INFO - [2023-10-06T22:43:05.227+0000] {dag.py:2585} INFO - Sync 1 DAGs
[2023-10-06T22:43:05.249+0000] {logging_mixin.py:120} INFO - [2023-10-06T22:43:05.249+0000] {dag.py:3340} INFO - Setting next_dagrun for example_branch_dop_operator_v3 to 2023-10-06T22:42:00+00:00, run_after=2023-10-06T22:43:00+00:00
[2023-10-06T22:43:05.264+0000] {processor.py:176} INFO - Processing /home/airflow/.local/lib/python3.7/site-packages/airflow/example_dags/example_branch_python_dop_operator_3.py took 0.086 seconds
[2023-10-06T22:43:35.608+0000] {processor.py:154} INFO - Started process (PID=1116) to work on /home/airflow/.local/lib/python3.7/site-packages/airflow/example_dags/example_branch_python_dop_operator_3.py
[2023-10-06T22:43:35.609+0000] {processor.py:756} INFO - Processing file /home/airflow/.local/lib/python3.7/site-packages/airflow/example_dags/example_branch_python_dop_operator_3.py for tasks to queue
[2023-10-06T22:43:35.609+0000] {logging_mixin.py:120} INFO - [2023-10-06T22:43:35.609+0000] {dagbag.py:537} INFO - Filling up the DagBag from /home/airflow/.local/lib/python3.7/site-packages/airflow/example_dags/example_branch_python_dop_operator_3.py
[2023-10-06T22:43:35.625+0000] {processor.py:766} INFO - DAG(s) dict_keys(['example_branch_dop_operator_v3']) retrieved from /home/airflow/.local/lib/python3.7/site-packages/airflow/example_dags/example_branch_python_dop_operator_3.py
[2023-10-06T22:43:35.655+0000] {logging_mixin.py:120} INFO - [2023-10-06T22:43:35.655+0000] {dag.py:2585} INFO - Sync 1 DAGs
[2023-10-06T22:43:35.674+0000] {logging_mixin.py:120} INFO - [2023-10-06T22:43:35.674+0000] {dag.py:3340} INFO - Setting next_dagrun for example_branch_dop_operator_v3 to 2023-10-06T22:42:00+00:00, run_after=2023-10-06T22:43:00+00:00
[2023-10-06T22:43:35.689+0000] {processor.py:176} INFO - Processing /home/airflow/.local/lib/python3.7/site-packages/airflow/example_dags/example_branch_python_dop_operator_3.py took 0.083 seconds
[2023-10-06T22:44:05.843+0000] {processor.py:154} INFO - Started process (PID=1177) to work on /home/airflow/.local/lib/python3.7/site-packages/airflow/example_dags/example_branch_python_dop_operator_3.py
[2023-10-06T22:44:05.844+0000] {processor.py:756} INFO - Processing file /home/airflow/.local/lib/python3.7/site-packages/airflow/example_dags/example_branch_python_dop_operator_3.py for tasks to queue
[2023-10-06T22:44:05.845+0000] {logging_mixin.py:120} INFO - [2023-10-06T22:44:05.845+0000] {dagbag.py:537} INFO - Filling up the DagBag from /home/airflow/.local/lib/python3.7/site-packages/airflow/example_dags/example_branch_python_dop_operator_3.py
[2023-10-06T22:44:05.861+0000] {processor.py:766} INFO - DAG(s) dict_keys(['example_branch_dop_operator_v3']) retrieved from /home/airflow/.local/lib/python3.7/site-packages/airflow/example_dags/example_branch_python_dop_operator_3.py
[2023-10-06T22:44:05.891+0000] {logging_mixin.py:120} INFO - [2023-10-06T22:44:05.891+0000] {dag.py:2585} INFO - Sync 1 DAGs
[2023-10-06T22:44:05.911+0000] {logging_mixin.py:120} INFO - [2023-10-06T22:44:05.911+0000] {dag.py:3340} INFO - Setting next_dagrun for example_branch_dop_operator_v3 to 2023-10-06T22:43:00+00:00, run_after=2023-10-06T22:44:00+00:00
[2023-10-06T22:44:05.926+0000] {processor.py:176} INFO - Processing /home/airflow/.local/lib/python3.7/site-packages/airflow/example_dags/example_branch_python_dop_operator_3.py took 0.086 seconds
[2023-10-06T22:44:36.220+0000] {processor.py:154} INFO - Started process (PID=1241) to work on /home/airflow/.local/lib/python3.7/site-packages/airflow/example_dags/example_branch_python_dop_operator_3.py
[2023-10-06T22:44:36.221+0000] {processor.py:756} INFO - Processing file /home/airflow/.local/lib/python3.7/site-packages/airflow/example_dags/example_branch_python_dop_operator_3.py for tasks to queue
[2023-10-06T22:44:36.222+0000] {logging_mixin.py:120} INFO - [2023-10-06T22:44:36.222+0000] {dagbag.py:537} INFO - Filling up the DagBag from /home/airflow/.local/lib/python3.7/site-packages/airflow/example_dags/example_branch_python_dop_operator_3.py
[2023-10-06T22:44:36.239+0000] {processor.py:766} INFO - DAG(s) dict_keys(['example_branch_dop_operator_v3']) retrieved from /home/airflow/.local/lib/python3.7/site-packages/airflow/example_dags/example_branch_python_dop_operator_3.py
[2023-10-06T22:44:36.269+0000] {logging_mixin.py:120} INFO - [2023-10-06T22:44:36.269+0000] {dag.py:2585} INFO - Sync 1 DAGs
[2023-10-06T22:44:36.294+0000] {logging_mixin.py:120} INFO - [2023-10-06T22:44:36.293+0000] {dag.py:3340} INFO - Setting next_dagrun for example_branch_dop_operator_v3 to 2023-10-06T22:43:00+00:00, run_after=2023-10-06T22:44:00+00:00
[2023-10-06T22:44:36.311+0000] {processor.py:176} INFO - Processing /home/airflow/.local/lib/python3.7/site-packages/airflow/example_dags/example_branch_python_dop_operator_3.py took 0.093 seconds
[2023-10-06T22:45:06.584+0000] {processor.py:154} INFO - Started process (PID=1296) to work on /home/airflow/.local/lib/python3.7/site-packages/airflow/example_dags/example_branch_python_dop_operator_3.py
[2023-10-06T22:45:06.585+0000] {processor.py:756} INFO - Processing file /home/airflow/.local/lib/python3.7/site-packages/airflow/example_dags/example_branch_python_dop_operator_3.py for tasks to queue
[2023-10-06T22:45:06.585+0000] {logging_mixin.py:120} INFO - [2023-10-06T22:45:06.585+0000] {dagbag.py:537} INFO - Filling up the DagBag from /home/airflow/.local/lib/python3.7/site-packages/airflow/example_dags/example_branch_python_dop_operator_3.py
[2023-10-06T22:45:06.603+0000] {processor.py:766} INFO - DAG(s) dict_keys(['example_branch_dop_operator_v3']) retrieved from /home/airflow/.local/lib/python3.7/site-packages/airflow/example_dags/example_branch_python_dop_operator_3.py
[2023-10-06T22:45:06.637+0000] {logging_mixin.py:120} INFO - [2023-10-06T22:45:06.637+0000] {dag.py:2585} INFO - Sync 1 DAGs
[2023-10-06T22:45:06.661+0000] {logging_mixin.py:120} INFO - [2023-10-06T22:45:06.661+0000] {dag.py:3340} INFO - Setting next_dagrun for example_branch_dop_operator_v3 to 2023-10-06T22:44:00+00:00, run_after=2023-10-06T22:45:00+00:00
[2023-10-06T22:45:06.683+0000] {processor.py:176} INFO - Processing /home/airflow/.local/lib/python3.7/site-packages/airflow/example_dags/example_branch_python_dop_operator_3.py took 0.102 seconds
[2023-10-06T22:45:36.870+0000] {processor.py:154} INFO - Started process (PID=1360) to work on /home/airflow/.local/lib/python3.7/site-packages/airflow/example_dags/example_branch_python_dop_operator_3.py
[2023-10-06T22:45:36.870+0000] {processor.py:756} INFO - Processing file /home/airflow/.local/lib/python3.7/site-packages/airflow/example_dags/example_branch_python_dop_operator_3.py for tasks to queue
[2023-10-06T22:45:36.871+0000] {logging_mixin.py:120} INFO - [2023-10-06T22:45:36.870+0000] {dagbag.py:537} INFO - Filling up the DagBag from /home/airflow/.local/lib/python3.7/site-packages/airflow/example_dags/example_branch_python_dop_operator_3.py
[2023-10-06T22:45:36.887+0000] {processor.py:766} INFO - DAG(s) dict_keys(['example_branch_dop_operator_v3']) retrieved from /home/airflow/.local/lib/python3.7/site-packages/airflow/example_dags/example_branch_python_dop_operator_3.py
[2023-10-06T22:45:36.917+0000] {logging_mixin.py:120} INFO - [2023-10-06T22:45:36.917+0000] {dag.py:2585} INFO - Sync 1 DAGs
[2023-10-06T22:45:36.938+0000] {logging_mixin.py:120} INFO - [2023-10-06T22:45:36.938+0000] {dag.py:3340} INFO - Setting next_dagrun for example_branch_dop_operator_v3 to 2023-10-06T22:44:00+00:00, run_after=2023-10-06T22:45:00+00:00
[2023-10-06T22:45:36.952+0000] {processor.py:176} INFO - Processing /home/airflow/.local/lib/python3.7/site-packages/airflow/example_dags/example_branch_python_dop_operator_3.py took 0.085 seconds
[2023-10-06T22:46:07.444+0000] {processor.py:154} INFO - Started process (PID=1425) to work on /home/airflow/.local/lib/python3.7/site-packages/airflow/example_dags/example_branch_python_dop_operator_3.py
[2023-10-06T22:46:07.445+0000] {processor.py:756} INFO - Processing file /home/airflow/.local/lib/python3.7/site-packages/airflow/example_dags/example_branch_python_dop_operator_3.py for tasks to queue
[2023-10-06T22:46:07.445+0000] {logging_mixin.py:120} INFO - [2023-10-06T22:46:07.445+0000] {dagbag.py:537} INFO - Filling up the DagBag from /home/airflow/.local/lib/python3.7/site-packages/airflow/example_dags/example_branch_python_dop_operator_3.py
[2023-10-06T22:46:07.461+0000] {processor.py:766} INFO - DAG(s) dict_keys(['example_branch_dop_operator_v3']) retrieved from /home/airflow/.local/lib/python3.7/site-packages/airflow/example_dags/example_branch_python_dop_operator_3.py
[2023-10-06T22:46:07.491+0000] {logging_mixin.py:120} INFO - [2023-10-06T22:46:07.491+0000] {dag.py:2585} INFO - Sync 1 DAGs
[2023-10-06T22:46:07.510+0000] {logging_mixin.py:120} INFO - [2023-10-06T22:46:07.510+0000] {dag.py:3340} INFO - Setting next_dagrun for example_branch_dop_operator_v3 to 2023-10-06T22:45:00+00:00, run_after=2023-10-06T22:46:00+00:00
[2023-10-06T22:46:07.525+0000] {processor.py:176} INFO - Processing /home/airflow/.local/lib/python3.7/site-packages/airflow/example_dags/example_branch_python_dop_operator_3.py took 0.083 seconds
[2023-10-06T22:46:37.809+0000] {processor.py:154} INFO - Started process (PID=1489) to work on /home/airflow/.local/lib/python3.7/site-packages/airflow/example_dags/example_branch_python_dop_operator_3.py
[2023-10-06T22:46:37.810+0000] {processor.py:756} INFO - Processing file /home/airflow/.local/lib/python3.7/site-packages/airflow/example_dags/example_branch_python_dop_operator_3.py for tasks to queue
[2023-10-06T22:46:37.810+0000] {logging_mixin.py:120} INFO - [2023-10-06T22:46:37.810+0000] {dagbag.py:537} INFO - Filling up the DagBag from /home/airflow/.local/lib/python3.7/site-packages/airflow/example_dags/example_branch_python_dop_operator_3.py
[2023-10-06T22:46:37.827+0000] {processor.py:766} INFO - DAG(s) dict_keys(['example_branch_dop_operator_v3']) retrieved from /home/airflow/.local/lib/python3.7/site-packages/airflow/example_dags/example_branch_python_dop_operator_3.py
[2023-10-06T22:46:37.856+0000] {logging_mixin.py:120} INFO - [2023-10-06T22:46:37.856+0000] {dag.py:2585} INFO - Sync 1 DAGs
[2023-10-06T22:46:37.880+0000] {logging_mixin.py:120} INFO - [2023-10-06T22:46:37.879+0000] {dag.py:3340} INFO - Setting next_dagrun for example_branch_dop_operator_v3 to 2023-10-06T22:45:00+00:00, run_after=2023-10-06T22:46:00+00:00
[2023-10-06T22:46:37.897+0000] {processor.py:176} INFO - Processing /home/airflow/.local/lib/python3.7/site-packages/airflow/example_dags/example_branch_python_dop_operator_3.py took 0.090 seconds
[2023-10-06T22:47:08.205+0000] {processor.py:154} INFO - Started process (PID=1544) to work on /home/airflow/.local/lib/python3.7/site-packages/airflow/example_dags/example_branch_python_dop_operator_3.py
[2023-10-06T22:47:08.206+0000] {processor.py:756} INFO - Processing file /home/airflow/.local/lib/python3.7/site-packages/airflow/example_dags/example_branch_python_dop_operator_3.py for tasks to queue
[2023-10-06T22:47:08.207+0000] {logging_mixin.py:120} INFO - [2023-10-06T22:47:08.207+0000] {dagbag.py:537} INFO - Filling up the DagBag from /home/airflow/.local/lib/python3.7/site-packages/airflow/example_dags/example_branch_python_dop_operator_3.py
[2023-10-06T22:47:08.222+0000] {processor.py:766} INFO - DAG(s) dict_keys(['example_branch_dop_operator_v3']) retrieved from /home/airflow/.local/lib/python3.7/site-packages/airflow/example_dags/example_branch_python_dop_operator_3.py
[2023-10-06T22:47:08.252+0000] {logging_mixin.py:120} INFO - [2023-10-06T22:47:08.252+0000] {dag.py:2585} INFO - Sync 1 DAGs
[2023-10-06T22:47:08.275+0000] {logging_mixin.py:120} INFO - [2023-10-06T22:47:08.274+0000] {dag.py:3340} INFO - Setting next_dagrun for example_branch_dop_operator_v3 to 2023-10-06T22:46:00+00:00, run_after=2023-10-06T22:47:00+00:00
[2023-10-06T22:47:08.289+0000] {processor.py:176} INFO - Processing /home/airflow/.local/lib/python3.7/site-packages/airflow/example_dags/example_branch_python_dop_operator_3.py took 0.086 seconds
[2023-10-06T22:47:38.541+0000] {processor.py:154} INFO - Started process (PID=1607) to work on /home/airflow/.local/lib/python3.7/site-packages/airflow/example_dags/example_branch_python_dop_operator_3.py
[2023-10-06T22:47:38.541+0000] {processor.py:756} INFO - Processing file /home/airflow/.local/lib/python3.7/site-packages/airflow/example_dags/example_branch_python_dop_operator_3.py for tasks to queue
[2023-10-06T22:47:38.541+0000] {logging_mixin.py:120} INFO - [2023-10-06T22:47:38.541+0000] {dagbag.py:537} INFO - Filling up the DagBag from /home/airflow/.local/lib/python3.7/site-packages/airflow/example_dags/example_branch_python_dop_operator_3.py
[2023-10-06T22:47:38.558+0000] {processor.py:766} INFO - DAG(s) dict_keys(['example_branch_dop_operator_v3']) retrieved from /home/airflow/.local/lib/python3.7/site-packages/airflow/example_dags/example_branch_python_dop_operator_3.py
[2023-10-06T22:47:38.588+0000] {logging_mixin.py:120} INFO - [2023-10-06T22:47:38.588+0000] {dag.py:2585} INFO - Sync 1 DAGs
[2023-10-06T22:47:38.609+0000] {logging_mixin.py:120} INFO - [2023-10-06T22:47:38.609+0000] {dag.py:3340} INFO - Setting next_dagrun for example_branch_dop_operator_v3 to 2023-10-06T22:46:00+00:00, run_after=2023-10-06T22:47:00+00:00
[2023-10-06T22:47:38.624+0000] {processor.py:176} INFO - Processing /home/airflow/.local/lib/python3.7/site-packages/airflow/example_dags/example_branch_python_dop_operator_3.py took 0.085 seconds
[2023-10-06T22:48:08.926+0000] {processor.py:154} INFO - Started process (PID=1671) to work on /home/airflow/.local/lib/python3.7/site-packages/airflow/example_dags/example_branch_python_dop_operator_3.py
[2023-10-06T22:48:08.927+0000] {processor.py:756} INFO - Processing file /home/airflow/.local/lib/python3.7/site-packages/airflow/example_dags/example_branch_python_dop_operator_3.py for tasks to queue
[2023-10-06T22:48:08.928+0000] {logging_mixin.py:120} INFO - [2023-10-06T22:48:08.928+0000] {dagbag.py:537} INFO - Filling up the DagBag from /home/airflow/.local/lib/python3.7/site-packages/airflow/example_dags/example_branch_python_dop_operator_3.py
[2023-10-06T22:48:08.946+0000] {processor.py:766} INFO - DAG(s) dict_keys(['example_branch_dop_operator_v3']) retrieved from /home/airflow/.local/lib/python3.7/site-packages/airflow/example_dags/example_branch_python_dop_operator_3.py
[2023-10-06T22:48:08.976+0000] {logging_mixin.py:120} INFO - [2023-10-06T22:48:08.975+0000] {dag.py:2585} INFO - Sync 1 DAGs
[2023-10-06T22:48:08.994+0000] {logging_mixin.py:120} INFO - [2023-10-06T22:48:08.994+0000] {dag.py:3340} INFO - Setting next_dagrun for example_branch_dop_operator_v3 to 2023-10-06T22:47:00+00:00, run_after=2023-10-06T22:48:00+00:00
[2023-10-06T22:48:09.008+0000] {processor.py:176} INFO - Processing /home/airflow/.local/lib/python3.7/site-packages/airflow/example_dags/example_branch_python_dop_operator_3.py took 0.084 seconds
[2023-10-06T22:48:39.632+0000] {processor.py:154} INFO - Started process (PID=1735) to work on /home/airflow/.local/lib/python3.7/site-packages/airflow/example_dags/example_branch_python_dop_operator_3.py
[2023-10-06T22:48:39.633+0000] {processor.py:756} INFO - Processing file /home/airflow/.local/lib/python3.7/site-packages/airflow/example_dags/example_branch_python_dop_operator_3.py for tasks to queue
[2023-10-06T22:48:39.633+0000] {logging_mixin.py:120} INFO - [2023-10-06T22:48:39.633+0000] {dagbag.py:537} INFO - Filling up the DagBag from /home/airflow/.local/lib/python3.7/site-packages/airflow/example_dags/example_branch_python_dop_operator_3.py
[2023-10-06T22:48:39.650+0000] {processor.py:766} INFO - DAG(s) dict_keys(['example_branch_dop_operator_v3']) retrieved from /home/airflow/.local/lib/python3.7/site-packages/airflow/example_dags/example_branch_python_dop_operator_3.py
[2023-10-06T22:48:39.680+0000] {logging_mixin.py:120} INFO - [2023-10-06T22:48:39.680+0000] {dag.py:2585} INFO - Sync 1 DAGs
[2023-10-06T22:48:39.700+0000] {logging_mixin.py:120} INFO - [2023-10-06T22:48:39.700+0000] {dag.py:3340} INFO - Setting next_dagrun for example_branch_dop_operator_v3 to 2023-10-06T22:47:00+00:00, run_after=2023-10-06T22:48:00+00:00
[2023-10-06T22:48:39.716+0000] {processor.py:176} INFO - Processing /home/airflow/.local/lib/python3.7/site-packages/airflow/example_dags/example_branch_python_dop_operator_3.py took 0.086 seconds
[2023-10-06T22:49:09.977+0000] {processor.py:154} INFO - Started process (PID=1789) to work on /home/airflow/.local/lib/python3.7/site-packages/airflow/example_dags/example_branch_python_dop_operator_3.py
[2023-10-06T22:49:09.978+0000] {processor.py:756} INFO - Processing file /home/airflow/.local/lib/python3.7/site-packages/airflow/example_dags/example_branch_python_dop_operator_3.py for tasks to queue
[2023-10-06T22:49:09.979+0000] {logging_mixin.py:120} INFO - [2023-10-06T22:49:09.979+0000] {dagbag.py:537} INFO - Filling up the DagBag from /home/airflow/.local/lib/python3.7/site-packages/airflow/example_dags/example_branch_python_dop_operator_3.py
[2023-10-06T22:49:09.996+0000] {processor.py:766} INFO - DAG(s) dict_keys(['example_branch_dop_operator_v3']) retrieved from /home/airflow/.local/lib/python3.7/site-packages/airflow/example_dags/example_branch_python_dop_operator_3.py
[2023-10-06T22:49:10.026+0000] {logging_mixin.py:120} INFO - [2023-10-06T22:49:10.026+0000] {dag.py:2585} INFO - Sync 1 DAGs
[2023-10-06T22:49:10.046+0000] {logging_mixin.py:120} INFO - [2023-10-06T22:49:10.046+0000] {dag.py:3340} INFO - Setting next_dagrun for example_branch_dop_operator_v3 to 2023-10-06T22:48:00+00:00, run_after=2023-10-06T22:49:00+00:00
[2023-10-06T22:49:10.061+0000] {processor.py:176} INFO - Processing /home/airflow/.local/lib/python3.7/site-packages/airflow/example_dags/example_branch_python_dop_operator_3.py took 0.087 seconds
[2023-10-06T22:49:40.333+0000] {processor.py:154} INFO - Started process (PID=1853) to work on /home/airflow/.local/lib/python3.7/site-packages/airflow/example_dags/example_branch_python_dop_operator_3.py
[2023-10-06T22:49:40.333+0000] {processor.py:756} INFO - Processing file /home/airflow/.local/lib/python3.7/site-packages/airflow/example_dags/example_branch_python_dop_operator_3.py for tasks to queue
[2023-10-06T22:49:40.334+0000] {logging_mixin.py:120} INFO - [2023-10-06T22:49:40.334+0000] {dagbag.py:537} INFO - Filling up the DagBag from /home/airflow/.local/lib/python3.7/site-packages/airflow/example_dags/example_branch_python_dop_operator_3.py
[2023-10-06T22:49:40.351+0000] {processor.py:766} INFO - DAG(s) dict_keys(['example_branch_dop_operator_v3']) retrieved from /home/airflow/.local/lib/python3.7/site-packages/airflow/example_dags/example_branch_python_dop_operator_3.py
[2023-10-06T22:49:40.386+0000] {logging_mixin.py:120} INFO - [2023-10-06T22:49:40.386+0000] {dag.py:2585} INFO - Sync 1 DAGs
[2023-10-06T22:49:40.411+0000] {logging_mixin.py:120} INFO - [2023-10-06T22:49:40.411+0000] {dag.py:3340} INFO - Setting next_dagrun for example_branch_dop_operator_v3 to 2023-10-06T22:48:00+00:00, run_after=2023-10-06T22:49:00+00:00
[2023-10-06T22:49:40.431+0000] {processor.py:176} INFO - Processing /home/airflow/.local/lib/python3.7/site-packages/airflow/example_dags/example_branch_python_dop_operator_3.py took 0.101 seconds
[2023-10-06T22:50:10.755+0000] {processor.py:154} INFO - Started process (PID=1918) to work on /home/airflow/.local/lib/python3.7/site-packages/airflow/example_dags/example_branch_python_dop_operator_3.py
[2023-10-06T22:50:10.756+0000] {processor.py:756} INFO - Processing file /home/airflow/.local/lib/python3.7/site-packages/airflow/example_dags/example_branch_python_dop_operator_3.py for tasks to queue
[2023-10-06T22:50:10.756+0000] {logging_mixin.py:120} INFO - [2023-10-06T22:50:10.756+0000] {dagbag.py:537} INFO - Filling up the DagBag from /home/airflow/.local/lib/python3.7/site-packages/airflow/example_dags/example_branch_python_dop_operator_3.py
[2023-10-06T22:50:10.773+0000] {processor.py:766} INFO - DAG(s) dict_keys(['example_branch_dop_operator_v3']) retrieved from /home/airflow/.local/lib/python3.7/site-packages/airflow/example_dags/example_branch_python_dop_operator_3.py
[2023-10-06T22:50:10.805+0000] {logging_mixin.py:120} INFO - [2023-10-06T22:50:10.805+0000] {dag.py:2585} INFO - Sync 1 DAGs
[2023-10-06T22:50:10.827+0000] {logging_mixin.py:120} INFO - [2023-10-06T22:50:10.827+0000] {dag.py:3340} INFO - Setting next_dagrun for example_branch_dop_operator_v3 to 2023-10-06T22:49:00+00:00, run_after=2023-10-06T22:50:00+00:00
[2023-10-06T22:50:10.847+0000] {processor.py:176} INFO - Processing /home/airflow/.local/lib/python3.7/site-packages/airflow/example_dags/example_branch_python_dop_operator_3.py took 0.095 seconds
[2023-10-06T22:50:40.920+0000] {processor.py:154} INFO - Started process (PID=1982) to work on /home/airflow/.local/lib/python3.7/site-packages/airflow/example_dags/example_branch_python_dop_operator_3.py
[2023-10-06T22:50:40.920+0000] {processor.py:756} INFO - Processing file /home/airflow/.local/lib/python3.7/site-packages/airflow/example_dags/example_branch_python_dop_operator_3.py for tasks to queue
[2023-10-06T22:50:40.920+0000] {logging_mixin.py:120} INFO - [2023-10-06T22:50:40.920+0000] {dagbag.py:537} INFO - Filling up the DagBag from /home/airflow/.local/lib/python3.7/site-packages/airflow/example_dags/example_branch_python_dop_operator_3.py
[2023-10-06T22:50:40.935+0000] {processor.py:766} INFO - DAG(s) dict_keys(['example_branch_dop_operator_v3']) retrieved from /home/airflow/.local/lib/python3.7/site-packages/airflow/example_dags/example_branch_python_dop_operator_3.py
[2023-10-06T22:50:40.964+0000] {logging_mixin.py:120} INFO - [2023-10-06T22:50:40.964+0000] {dag.py:2585} INFO - Sync 1 DAGs
[2023-10-06T22:50:40.983+0000] {logging_mixin.py:120} INFO - [2023-10-06T22:50:40.983+0000] {dag.py:3340} INFO - Setting next_dagrun for example_branch_dop_operator_v3 to 2023-10-06T22:49:00+00:00, run_after=2023-10-06T22:50:00+00:00
[2023-10-06T22:50:40.996+0000] {processor.py:176} INFO - Processing /home/airflow/.local/lib/python3.7/site-packages/airflow/example_dags/example_branch_python_dop_operator_3.py took 0.079 seconds
[2023-10-06T22:51:11.528+0000] {processor.py:154} INFO - Started process (PID=2047) to work on /home/airflow/.local/lib/python3.7/site-packages/airflow/example_dags/example_branch_python_dop_operator_3.py
[2023-10-06T22:51:11.529+0000] {processor.py:756} INFO - Processing file /home/airflow/.local/lib/python3.7/site-packages/airflow/example_dags/example_branch_python_dop_operator_3.py for tasks to queue
[2023-10-06T22:51:11.530+0000] {logging_mixin.py:120} INFO - [2023-10-06T22:51:11.529+0000] {dagbag.py:537} INFO - Filling up the DagBag from /home/airflow/.local/lib/python3.7/site-packages/airflow/example_dags/example_branch_python_dop_operator_3.py
[2023-10-06T22:51:11.548+0000] {processor.py:766} INFO - DAG(s) dict_keys(['example_branch_dop_operator_v3']) retrieved from /home/airflow/.local/lib/python3.7/site-packages/airflow/example_dags/example_branch_python_dop_operator_3.py
[2023-10-06T22:51:11.590+0000] {logging_mixin.py:120} INFO - [2023-10-06T22:51:11.590+0000] {dag.py:2585} INFO - Sync 1 DAGs
[2023-10-06T22:51:11.615+0000] {logging_mixin.py:120} INFO - [2023-10-06T22:51:11.615+0000] {dag.py:3340} INFO - Setting next_dagrun for example_branch_dop_operator_v3 to 2023-10-06T22:50:00+00:00, run_after=2023-10-06T22:51:00+00:00
[2023-10-06T22:51:11.630+0000] {processor.py:176} INFO - Processing /home/airflow/.local/lib/python3.7/site-packages/airflow/example_dags/example_branch_python_dop_operator_3.py took 0.105 seconds
[2023-10-06T22:51:42.024+0000] {processor.py:154} INFO - Started process (PID=2101) to work on /home/airflow/.local/lib/python3.7/site-packages/airflow/example_dags/example_branch_python_dop_operator_3.py
[2023-10-06T22:51:42.024+0000] {processor.py:756} INFO - Processing file /home/airflow/.local/lib/python3.7/site-packages/airflow/example_dags/example_branch_python_dop_operator_3.py for tasks to queue
[2023-10-06T22:51:42.025+0000] {logging_mixin.py:120} INFO - [2023-10-06T22:51:42.024+0000] {dagbag.py:537} INFO - Filling up the DagBag from /home/airflow/.local/lib/python3.7/site-packages/airflow/example_dags/example_branch_python_dop_operator_3.py
[2023-10-06T22:51:42.042+0000] {processor.py:766} INFO - DAG(s) dict_keys(['example_branch_dop_operator_v3']) retrieved from /home/airflow/.local/lib/python3.7/site-packages/airflow/example_dags/example_branch_python_dop_operator_3.py
[2023-10-06T22:51:42.071+0000] {logging_mixin.py:120} INFO - [2023-10-06T22:51:42.071+0000] {dag.py:2585} INFO - Sync 1 DAGs
[2023-10-06T22:51:42.092+0000] {logging_mixin.py:120} INFO - [2023-10-06T22:51:42.092+0000] {dag.py:3340} INFO - Setting next_dagrun for example_branch_dop_operator_v3 to 2023-10-06T22:50:00+00:00, run_after=2023-10-06T22:51:00+00:00
[2023-10-06T22:51:42.107+0000] {processor.py:176} INFO - Processing /home/airflow/.local/lib/python3.7/site-packages/airflow/example_dags/example_branch_python_dop_operator_3.py took 0.086 seconds
[2023-10-06T22:52:12.389+0000] {processor.py:154} INFO - Started process (PID=2165) to work on /home/airflow/.local/lib/python3.7/site-packages/airflow/example_dags/example_branch_python_dop_operator_3.py
[2023-10-06T22:52:12.390+0000] {processor.py:756} INFO - Processing file /home/airflow/.local/lib/python3.7/site-packages/airflow/example_dags/example_branch_python_dop_operator_3.py for tasks to queue
[2023-10-06T22:52:12.391+0000] {logging_mixin.py:120} INFO - [2023-10-06T22:52:12.391+0000] {dagbag.py:537} INFO - Filling up the DagBag from /home/airflow/.local/lib/python3.7/site-packages/airflow/example_dags/example_branch_python_dop_operator_3.py
[2023-10-06T22:52:12.409+0000] {processor.py:766} INFO - DAG(s) dict_keys(['example_branch_dop_operator_v3']) retrieved from /home/airflow/.local/lib/python3.7/site-packages/airflow/example_dags/example_branch_python_dop_operator_3.py
[2023-10-06T22:52:12.441+0000] {logging_mixin.py:120} INFO - [2023-10-06T22:52:12.441+0000] {dag.py:2585} INFO - Sync 1 DAGs
[2023-10-06T22:52:12.461+0000] {logging_mixin.py:120} INFO - [2023-10-06T22:52:12.461+0000] {dag.py:3340} INFO - Setting next_dagrun for example_branch_dop_operator_v3 to 2023-10-06T22:51:00+00:00, run_after=2023-10-06T22:52:00+00:00
[2023-10-06T22:52:12.475+0000] {processor.py:176} INFO - Processing /home/airflow/.local/lib/python3.7/site-packages/airflow/example_dags/example_branch_python_dop_operator_3.py took 0.088 seconds
[2023-10-06T22:52:42.569+0000] {processor.py:154} INFO - Started process (PID=2229) to work on /home/airflow/.local/lib/python3.7/site-packages/airflow/example_dags/example_branch_python_dop_operator_3.py
[2023-10-06T22:52:42.570+0000] {processor.py:756} INFO - Processing file /home/airflow/.local/lib/python3.7/site-packages/airflow/example_dags/example_branch_python_dop_operator_3.py for tasks to queue
[2023-10-06T22:52:42.570+0000] {logging_mixin.py:120} INFO - [2023-10-06T22:52:42.570+0000] {dagbag.py:537} INFO - Filling up the DagBag from /home/airflow/.local/lib/python3.7/site-packages/airflow/example_dags/example_branch_python_dop_operator_3.py
[2023-10-06T22:52:42.585+0000] {processor.py:766} INFO - DAG(s) dict_keys(['example_branch_dop_operator_v3']) retrieved from /home/airflow/.local/lib/python3.7/site-packages/airflow/example_dags/example_branch_python_dop_operator_3.py
[2023-10-06T22:52:42.615+0000] {logging_mixin.py:120} INFO - [2023-10-06T22:52:42.615+0000] {dag.py:2585} INFO - Sync 1 DAGs
[2023-10-06T22:52:42.634+0000] {logging_mixin.py:120} INFO - [2023-10-06T22:52:42.634+0000] {dag.py:3340} INFO - Setting next_dagrun for example_branch_dop_operator_v3 to 2023-10-06T22:51:00+00:00, run_after=2023-10-06T22:52:00+00:00
[2023-10-06T22:52:42.651+0000] {processor.py:176} INFO - Processing /home/airflow/.local/lib/python3.7/site-packages/airflow/example_dags/example_branch_python_dop_operator_3.py took 0.084 seconds
[2023-10-06T22:53:12.831+0000] {processor.py:154} INFO - Started process (PID=2293) to work on /home/airflow/.local/lib/python3.7/site-packages/airflow/example_dags/example_branch_python_dop_operator_3.py
[2023-10-06T22:53:12.832+0000] {processor.py:756} INFO - Processing file /home/airflow/.local/lib/python3.7/site-packages/airflow/example_dags/example_branch_python_dop_operator_3.py for tasks to queue
[2023-10-06T22:53:12.833+0000] {logging_mixin.py:120} INFO - [2023-10-06T22:53:12.833+0000] {dagbag.py:537} INFO - Filling up the DagBag from /home/airflow/.local/lib/python3.7/site-packages/airflow/example_dags/example_branch_python_dop_operator_3.py
[2023-10-06T22:53:12.849+0000] {processor.py:766} INFO - DAG(s) dict_keys(['example_branch_dop_operator_v3']) retrieved from /home/airflow/.local/lib/python3.7/site-packages/airflow/example_dags/example_branch_python_dop_operator_3.py
[2023-10-06T22:53:12.883+0000] {logging_mixin.py:120} INFO - [2023-10-06T22:53:12.883+0000] {dag.py:2585} INFO - Sync 1 DAGs
[2023-10-06T22:53:12.906+0000] {logging_mixin.py:120} INFO - [2023-10-06T22:53:12.906+0000] {dag.py:3340} INFO - Setting next_dagrun for example_branch_dop_operator_v3 to 2023-10-06T22:52:00+00:00, run_after=2023-10-06T22:53:00+00:00
[2023-10-06T22:53:12.920+0000] {processor.py:176} INFO - Processing /home/airflow/.local/lib/python3.7/site-packages/airflow/example_dags/example_branch_python_dop_operator_3.py took 0.092 seconds
[2023-10-06T22:53:43.079+0000] {processor.py:154} INFO - Started process (PID=2348) to work on /home/airflow/.local/lib/python3.7/site-packages/airflow/example_dags/example_branch_python_dop_operator_3.py
[2023-10-06T22:53:43.079+0000] {processor.py:756} INFO - Processing file /home/airflow/.local/lib/python3.7/site-packages/airflow/example_dags/example_branch_python_dop_operator_3.py for tasks to queue
[2023-10-06T22:53:43.080+0000] {logging_mixin.py:120} INFO - [2023-10-06T22:53:43.080+0000] {dagbag.py:537} INFO - Filling up the DagBag from /home/airflow/.local/lib/python3.7/site-packages/airflow/example_dags/example_branch_python_dop_operator_3.py
[2023-10-06T22:53:43.097+0000] {processor.py:766} INFO - DAG(s) dict_keys(['example_branch_dop_operator_v3']) retrieved from /home/airflow/.local/lib/python3.7/site-packages/airflow/example_dags/example_branch_python_dop_operator_3.py
[2023-10-06T22:53:43.125+0000] {logging_mixin.py:120} INFO - [2023-10-06T22:53:43.125+0000] {dag.py:2585} INFO - Sync 1 DAGs
[2023-10-06T22:53:43.146+0000] {logging_mixin.py:120} INFO - [2023-10-06T22:53:43.146+0000] {dag.py:3340} INFO - Setting next_dagrun for example_branch_dop_operator_v3 to 2023-10-06T22:52:00+00:00, run_after=2023-10-06T22:53:00+00:00
[2023-10-06T22:53:43.164+0000] {processor.py:176} INFO - Processing /home/airflow/.local/lib/python3.7/site-packages/airflow/example_dags/example_branch_python_dop_operator_3.py took 0.088 seconds
[2023-10-06T22:54:13.291+0000] {processor.py:154} INFO - Started process (PID=2412) to work on /home/airflow/.local/lib/python3.7/site-packages/airflow/example_dags/example_branch_python_dop_operator_3.py
[2023-10-06T22:54:13.292+0000] {processor.py:756} INFO - Processing file /home/airflow/.local/lib/python3.7/site-packages/airflow/example_dags/example_branch_python_dop_operator_3.py for tasks to queue
[2023-10-06T22:54:13.293+0000] {logging_mixin.py:120} INFO - [2023-10-06T22:54:13.293+0000] {dagbag.py:537} INFO - Filling up the DagBag from /home/airflow/.local/lib/python3.7/site-packages/airflow/example_dags/example_branch_python_dop_operator_3.py
[2023-10-06T22:54:13.309+0000] {processor.py:766} INFO - DAG(s) dict_keys(['example_branch_dop_operator_v3']) retrieved from /home/airflow/.local/lib/python3.7/site-packages/airflow/example_dags/example_branch_python_dop_operator_3.py
[2023-10-06T22:54:13.338+0000] {logging_mixin.py:120} INFO - [2023-10-06T22:54:13.338+0000] {dag.py:2585} INFO - Sync 1 DAGs
[2023-10-06T22:54:13.357+0000] {logging_mixin.py:120} INFO - [2023-10-06T22:54:13.357+0000] {dag.py:3340} INFO - Setting next_dagrun for example_branch_dop_operator_v3 to 2023-10-06T22:53:00+00:00, run_after=2023-10-06T22:54:00+00:00
[2023-10-06T22:54:13.372+0000] {processor.py:176} INFO - Processing /home/airflow/.local/lib/python3.7/site-packages/airflow/example_dags/example_branch_python_dop_operator_3.py took 0.083 seconds
[2023-10-06T22:54:43.599+0000] {processor.py:154} INFO - Started process (PID=2476) to work on /home/airflow/.local/lib/python3.7/site-packages/airflow/example_dags/example_branch_python_dop_operator_3.py
[2023-10-06T22:54:43.599+0000] {processor.py:756} INFO - Processing file /home/airflow/.local/lib/python3.7/site-packages/airflow/example_dags/example_branch_python_dop_operator_3.py for tasks to queue
[2023-10-06T22:54:43.599+0000] {logging_mixin.py:120} INFO - [2023-10-06T22:54:43.599+0000] {dagbag.py:537} INFO - Filling up the DagBag from /home/airflow/.local/lib/python3.7/site-packages/airflow/example_dags/example_branch_python_dop_operator_3.py
[2023-10-06T22:54:43.615+0000] {processor.py:766} INFO - DAG(s) dict_keys(['example_branch_dop_operator_v3']) retrieved from /home/airflow/.local/lib/python3.7/site-packages/airflow/example_dags/example_branch_python_dop_operator_3.py
[2023-10-06T22:54:43.641+0000] {logging_mixin.py:120} INFO - [2023-10-06T22:54:43.641+0000] {dag.py:2585} INFO - Sync 1 DAGs
[2023-10-06T22:54:43.660+0000] {logging_mixin.py:120} INFO - [2023-10-06T22:54:43.660+0000] {dag.py:3340} INFO - Setting next_dagrun for example_branch_dop_operator_v3 to 2023-10-06T22:53:00+00:00, run_after=2023-10-06T22:54:00+00:00
[2023-10-06T22:54:43.672+0000] {processor.py:176} INFO - Processing /home/airflow/.local/lib/python3.7/site-packages/airflow/example_dags/example_branch_python_dop_operator_3.py took 0.076 seconds
[2023-10-06T22:55:13.940+0000] {processor.py:154} INFO - Started process (PID=2540) to work on /home/airflow/.local/lib/python3.7/site-packages/airflow/example_dags/example_branch_python_dop_operator_3.py
[2023-10-06T22:55:13.941+0000] {processor.py:756} INFO - Processing file /home/airflow/.local/lib/python3.7/site-packages/airflow/example_dags/example_branch_python_dop_operator_3.py for tasks to queue
[2023-10-06T22:55:13.942+0000] {logging_mixin.py:120} INFO - [2023-10-06T22:55:13.942+0000] {dagbag.py:537} INFO - Filling up the DagBag from /home/airflow/.local/lib/python3.7/site-packages/airflow/example_dags/example_branch_python_dop_operator_3.py
[2023-10-06T22:55:13.957+0000] {processor.py:766} INFO - DAG(s) dict_keys(['example_branch_dop_operator_v3']) retrieved from /home/airflow/.local/lib/python3.7/site-packages/airflow/example_dags/example_branch_python_dop_operator_3.py
[2023-10-06T22:55:13.985+0000] {logging_mixin.py:120} INFO - [2023-10-06T22:55:13.985+0000] {dag.py:2585} INFO - Sync 1 DAGs
[2023-10-06T22:55:14.006+0000] {logging_mixin.py:120} INFO - [2023-10-06T22:55:14.006+0000] {dag.py:3340} INFO - Setting next_dagrun for example_branch_dop_operator_v3 to 2023-10-06T22:54:00+00:00, run_after=2023-10-06T22:55:00+00:00
[2023-10-06T22:55:14.023+0000] {processor.py:176} INFO - Processing /home/airflow/.local/lib/python3.7/site-packages/airflow/example_dags/example_branch_python_dop_operator_3.py took 0.085 seconds
[2023-10-06T22:55:44.269+0000] {processor.py:154} INFO - Started process (PID=2595) to work on /home/airflow/.local/lib/python3.7/site-packages/airflow/example_dags/example_branch_python_dop_operator_3.py
[2023-10-06T22:55:44.269+0000] {processor.py:756} INFO - Processing file /home/airflow/.local/lib/python3.7/site-packages/airflow/example_dags/example_branch_python_dop_operator_3.py for tasks to queue
[2023-10-06T22:55:44.270+0000] {logging_mixin.py:120} INFO - [2023-10-06T22:55:44.269+0000] {dagbag.py:537} INFO - Filling up the DagBag from /home/airflow/.local/lib/python3.7/site-packages/airflow/example_dags/example_branch_python_dop_operator_3.py
[2023-10-06T22:55:44.285+0000] {processor.py:766} INFO - DAG(s) dict_keys(['example_branch_dop_operator_v3']) retrieved from /home/airflow/.local/lib/python3.7/site-packages/airflow/example_dags/example_branch_python_dop_operator_3.py
[2023-10-06T22:55:44.316+0000] {logging_mixin.py:120} INFO - [2023-10-06T22:55:44.316+0000] {dag.py:2585} INFO - Sync 1 DAGs
[2023-10-06T22:55:44.336+0000] {logging_mixin.py:120} INFO - [2023-10-06T22:55:44.336+0000] {dag.py:3340} INFO - Setting next_dagrun for example_branch_dop_operator_v3 to 2023-10-06T22:54:00+00:00, run_after=2023-10-06T22:55:00+00:00
[2023-10-06T22:55:44.357+0000] {processor.py:176} INFO - Processing /home/airflow/.local/lib/python3.7/site-packages/airflow/example_dags/example_branch_python_dop_operator_3.py took 0.090 seconds
[2023-10-06T22:56:14.666+0000] {processor.py:154} INFO - Started process (PID=2659) to work on /home/airflow/.local/lib/python3.7/site-packages/airflow/example_dags/example_branch_python_dop_operator_3.py
[2023-10-06T22:56:14.668+0000] {processor.py:756} INFO - Processing file /home/airflow/.local/lib/python3.7/site-packages/airflow/example_dags/example_branch_python_dop_operator_3.py for tasks to queue
[2023-10-06T22:56:14.668+0000] {logging_mixin.py:120} INFO - [2023-10-06T22:56:14.668+0000] {dagbag.py:537} INFO - Filling up the DagBag from /home/airflow/.local/lib/python3.7/site-packages/airflow/example_dags/example_branch_python_dop_operator_3.py
[2023-10-06T22:56:14.684+0000] {processor.py:766} INFO - DAG(s) dict_keys(['example_branch_dop_operator_v3']) retrieved from /home/airflow/.local/lib/python3.7/site-packages/airflow/example_dags/example_branch_python_dop_operator_3.py
[2023-10-06T22:56:14.713+0000] {logging_mixin.py:120} INFO - [2023-10-06T22:56:14.713+0000] {dag.py:2585} INFO - Sync 1 DAGs
[2023-10-06T22:56:14.734+0000] {logging_mixin.py:120} INFO - [2023-10-06T22:56:14.734+0000] {dag.py:3340} INFO - Setting next_dagrun for example_branch_dop_operator_v3 to 2023-10-06T22:55:00+00:00, run_after=2023-10-06T22:56:00+00:00
[2023-10-06T22:56:14.750+0000] {processor.py:176} INFO - Processing /home/airflow/.local/lib/python3.7/site-packages/airflow/example_dags/example_branch_python_dop_operator_3.py took 0.086 seconds
[2023-10-06T22:56:44.838+0000] {processor.py:154} INFO - Started process (PID=2722) to work on /home/airflow/.local/lib/python3.7/site-packages/airflow/example_dags/example_branch_python_dop_operator_3.py
[2023-10-06T22:56:44.838+0000] {processor.py:756} INFO - Processing file /home/airflow/.local/lib/python3.7/site-packages/airflow/example_dags/example_branch_python_dop_operator_3.py for tasks to queue
[2023-10-06T22:56:44.839+0000] {logging_mixin.py:120} INFO - [2023-10-06T22:56:44.839+0000] {dagbag.py:537} INFO - Filling up the DagBag from /home/airflow/.local/lib/python3.7/site-packages/airflow/example_dags/example_branch_python_dop_operator_3.py
[2023-10-06T22:56:44.854+0000] {processor.py:766} INFO - DAG(s) dict_keys(['example_branch_dop_operator_v3']) retrieved from /home/airflow/.local/lib/python3.7/site-packages/airflow/example_dags/example_branch_python_dop_operator_3.py
[2023-10-06T22:56:44.882+0000] {logging_mixin.py:120} INFO - [2023-10-06T22:56:44.882+0000] {dag.py:2585} INFO - Sync 1 DAGs
[2023-10-06T22:56:44.902+0000] {logging_mixin.py:120} INFO - [2023-10-06T22:56:44.902+0000] {dag.py:3340} INFO - Setting next_dagrun for example_branch_dop_operator_v3 to 2023-10-06T22:55:00+00:00, run_after=2023-10-06T22:56:00+00:00
[2023-10-06T22:56:44.919+0000] {processor.py:176} INFO - Processing /home/airflow/.local/lib/python3.7/site-packages/airflow/example_dags/example_branch_python_dop_operator_3.py took 0.083 seconds
[2023-10-06T22:57:15.090+0000] {processor.py:154} INFO - Started process (PID=2786) to work on /home/airflow/.local/lib/python3.7/site-packages/airflow/example_dags/example_branch_python_dop_operator_3.py
[2023-10-06T22:57:15.091+0000] {processor.py:756} INFO - Processing file /home/airflow/.local/lib/python3.7/site-packages/airflow/example_dags/example_branch_python_dop_operator_3.py for tasks to queue
[2023-10-06T22:57:15.092+0000] {logging_mixin.py:120} INFO - [2023-10-06T22:57:15.092+0000] {dagbag.py:537} INFO - Filling up the DagBag from /home/airflow/.local/lib/python3.7/site-packages/airflow/example_dags/example_branch_python_dop_operator_3.py
[2023-10-06T22:57:15.107+0000] {processor.py:766} INFO - DAG(s) dict_keys(['example_branch_dop_operator_v3']) retrieved from /home/airflow/.local/lib/python3.7/site-packages/airflow/example_dags/example_branch_python_dop_operator_3.py
[2023-10-06T22:57:15.137+0000] {logging_mixin.py:120} INFO - [2023-10-06T22:57:15.137+0000] {dag.py:2585} INFO - Sync 1 DAGs
[2023-10-06T22:57:15.156+0000] {logging_mixin.py:120} INFO - [2023-10-06T22:57:15.156+0000] {dag.py:3340} INFO - Setting next_dagrun for example_branch_dop_operator_v3 to 2023-10-06T22:56:00+00:00, run_after=2023-10-06T22:57:00+00:00
[2023-10-06T22:57:15.171+0000] {processor.py:176} INFO - Processing /home/airflow/.local/lib/python3.7/site-packages/airflow/example_dags/example_branch_python_dop_operator_3.py took 0.083 seconds
[2023-10-06T22:57:45.409+0000] {processor.py:154} INFO - Started process (PID=2841) to work on /home/airflow/.local/lib/python3.7/site-packages/airflow/example_dags/example_branch_python_dop_operator_3.py
[2023-10-06T22:57:45.410+0000] {processor.py:756} INFO - Processing file /home/airflow/.local/lib/python3.7/site-packages/airflow/example_dags/example_branch_python_dop_operator_3.py for tasks to queue
[2023-10-06T22:57:45.411+0000] {logging_mixin.py:120} INFO - [2023-10-06T22:57:45.410+0000] {dagbag.py:537} INFO - Filling up the DagBag from /home/airflow/.local/lib/python3.7/site-packages/airflow/example_dags/example_branch_python_dop_operator_3.py
[2023-10-06T22:57:45.428+0000] {processor.py:766} INFO - DAG(s) dict_keys(['example_branch_dop_operator_v3']) retrieved from /home/airflow/.local/lib/python3.7/site-packages/airflow/example_dags/example_branch_python_dop_operator_3.py
[2023-10-06T22:57:45.459+0000] {logging_mixin.py:120} INFO - [2023-10-06T22:57:45.459+0000] {dag.py:2585} INFO - Sync 1 DAGs
[2023-10-06T22:57:45.479+0000] {logging_mixin.py:120} INFO - [2023-10-06T22:57:45.479+0000] {dag.py:3340} INFO - Setting next_dagrun for example_branch_dop_operator_v3 to 2023-10-06T22:56:00+00:00, run_after=2023-10-06T22:57:00+00:00
[2023-10-06T22:57:45.495+0000] {processor.py:176} INFO - Processing /home/airflow/.local/lib/python3.7/site-packages/airflow/example_dags/example_branch_python_dop_operator_3.py took 0.088 seconds
[2023-10-06T22:58:15.614+0000] {processor.py:154} INFO - Started process (PID=2904) to work on /home/airflow/.local/lib/python3.7/site-packages/airflow/example_dags/example_branch_python_dop_operator_3.py
[2023-10-06T22:58:15.615+0000] {processor.py:756} INFO - Processing file /home/airflow/.local/lib/python3.7/site-packages/airflow/example_dags/example_branch_python_dop_operator_3.py for tasks to queue
[2023-10-06T22:58:15.616+0000] {logging_mixin.py:120} INFO - [2023-10-06T22:58:15.616+0000] {dagbag.py:537} INFO - Filling up the DagBag from /home/airflow/.local/lib/python3.7/site-packages/airflow/example_dags/example_branch_python_dop_operator_3.py
[2023-10-06T22:58:15.632+0000] {processor.py:766} INFO - DAG(s) dict_keys(['example_branch_dop_operator_v3']) retrieved from /home/airflow/.local/lib/python3.7/site-packages/airflow/example_dags/example_branch_python_dop_operator_3.py
[2023-10-06T22:58:15.661+0000] {logging_mixin.py:120} INFO - [2023-10-06T22:58:15.661+0000] {dag.py:2585} INFO - Sync 1 DAGs
[2023-10-06T22:58:15.682+0000] {logging_mixin.py:120} INFO - [2023-10-06T22:58:15.682+0000] {dag.py:3340} INFO - Setting next_dagrun for example_branch_dop_operator_v3 to 2023-10-06T22:57:00+00:00, run_after=2023-10-06T22:58:00+00:00
[2023-10-06T22:58:15.700+0000] {processor.py:176} INFO - Processing /home/airflow/.local/lib/python3.7/site-packages/airflow/example_dags/example_branch_python_dop_operator_3.py took 0.088 seconds
[2023-10-06T22:58:45.834+0000] {processor.py:154} INFO - Started process (PID=2966) to work on /home/airflow/.local/lib/python3.7/site-packages/airflow/example_dags/example_branch_python_dop_operator_3.py
[2023-10-06T22:58:45.834+0000] {processor.py:756} INFO - Processing file /home/airflow/.local/lib/python3.7/site-packages/airflow/example_dags/example_branch_python_dop_operator_3.py for tasks to queue
[2023-10-06T22:58:45.835+0000] {logging_mixin.py:120} INFO - [2023-10-06T22:58:45.835+0000] {dagbag.py:537} INFO - Filling up the DagBag from /home/airflow/.local/lib/python3.7/site-packages/airflow/example_dags/example_branch_python_dop_operator_3.py
[2023-10-06T22:58:45.851+0000] {processor.py:766} INFO - DAG(s) dict_keys(['example_branch_dop_operator_v3']) retrieved from /home/airflow/.local/lib/python3.7/site-packages/airflow/example_dags/example_branch_python_dop_operator_3.py
[2023-10-06T22:58:45.882+0000] {logging_mixin.py:120} INFO - [2023-10-06T22:58:45.882+0000] {dag.py:2585} INFO - Sync 1 DAGs
[2023-10-06T22:58:45.903+0000] {logging_mixin.py:120} INFO - [2023-10-06T22:58:45.903+0000] {dag.py:3340} INFO - Setting next_dagrun for example_branch_dop_operator_v3 to 2023-10-06T22:57:00+00:00, run_after=2023-10-06T22:58:00+00:00
[2023-10-06T22:58:45.917+0000] {processor.py:176} INFO - Processing /home/airflow/.local/lib/python3.7/site-packages/airflow/example_dags/example_branch_python_dop_operator_3.py took 0.085 seconds
[2023-10-06T22:59:15.983+0000] {processor.py:154} INFO - Started process (PID=3030) to work on /home/airflow/.local/lib/python3.7/site-packages/airflow/example_dags/example_branch_python_dop_operator_3.py
[2023-10-06T22:59:15.984+0000] {processor.py:756} INFO - Processing file /home/airflow/.local/lib/python3.7/site-packages/airflow/example_dags/example_branch_python_dop_operator_3.py for tasks to queue
[2023-10-06T22:59:15.984+0000] {logging_mixin.py:120} INFO - [2023-10-06T22:59:15.984+0000] {dagbag.py:537} INFO - Filling up the DagBag from /home/airflow/.local/lib/python3.7/site-packages/airflow/example_dags/example_branch_python_dop_operator_3.py
[2023-10-06T22:59:15.999+0000] {processor.py:766} INFO - DAG(s) dict_keys(['example_branch_dop_operator_v3']) retrieved from /home/airflow/.local/lib/python3.7/site-packages/airflow/example_dags/example_branch_python_dop_operator_3.py
[2023-10-06T22:59:16.027+0000] {logging_mixin.py:120} INFO - [2023-10-06T22:59:16.027+0000] {dag.py:2585} INFO - Sync 1 DAGs
[2023-10-06T22:59:16.047+0000] {logging_mixin.py:120} INFO - [2023-10-06T22:59:16.047+0000] {dag.py:3340} INFO - Setting next_dagrun for example_branch_dop_operator_v3 to 2023-10-06T22:58:00+00:00, run_after=2023-10-06T22:59:00+00:00
[2023-10-06T22:59:16.061+0000] {processor.py:176} INFO - Processing /home/airflow/.local/lib/python3.7/site-packages/airflow/example_dags/example_branch_python_dop_operator_3.py took 0.081 seconds
[2023-10-06T22:59:46.196+0000] {processor.py:154} INFO - Started process (PID=3093) to work on /home/airflow/.local/lib/python3.7/site-packages/airflow/example_dags/example_branch_python_dop_operator_3.py
[2023-10-06T22:59:46.196+0000] {processor.py:756} INFO - Processing file /home/airflow/.local/lib/python3.7/site-packages/airflow/example_dags/example_branch_python_dop_operator_3.py for tasks to queue
[2023-10-06T22:59:46.197+0000] {logging_mixin.py:120} INFO - [2023-10-06T22:59:46.197+0000] {dagbag.py:537} INFO - Filling up the DagBag from /home/airflow/.local/lib/python3.7/site-packages/airflow/example_dags/example_branch_python_dop_operator_3.py
[2023-10-06T22:59:46.216+0000] {processor.py:766} INFO - DAG(s) dict_keys(['example_branch_dop_operator_v3']) retrieved from /home/airflow/.local/lib/python3.7/site-packages/airflow/example_dags/example_branch_python_dop_operator_3.py
[2023-10-06T22:59:46.246+0000] {logging_mixin.py:120} INFO - [2023-10-06T22:59:46.246+0000] {dag.py:2585} INFO - Sync 1 DAGs
[2023-10-06T22:59:46.269+0000] {logging_mixin.py:120} INFO - [2023-10-06T22:59:46.269+0000] {dag.py:3340} INFO - Setting next_dagrun for example_branch_dop_operator_v3 to 2023-10-06T22:58:00+00:00, run_after=2023-10-06T22:59:00+00:00
[2023-10-06T22:59:46.285+0000] {processor.py:176} INFO - Processing /home/airflow/.local/lib/python3.7/site-packages/airflow/example_dags/example_branch_python_dop_operator_3.py took 0.092 seconds
[2023-10-06T23:00:16.348+0000] {processor.py:154} INFO - Started process (PID=3151) to work on /home/airflow/.local/lib/python3.7/site-packages/airflow/example_dags/example_branch_python_dop_operator_3.py
[2023-10-06T23:00:16.349+0000] {processor.py:756} INFO - Processing file /home/airflow/.local/lib/python3.7/site-packages/airflow/example_dags/example_branch_python_dop_operator_3.py for tasks to queue
[2023-10-06T23:00:16.349+0000] {logging_mixin.py:120} INFO - [2023-10-06T23:00:16.349+0000] {dagbag.py:537} INFO - Filling up the DagBag from /home/airflow/.local/lib/python3.7/site-packages/airflow/example_dags/example_branch_python_dop_operator_3.py
[2023-10-06T23:00:16.364+0000] {processor.py:766} INFO - DAG(s) dict_keys(['example_branch_dop_operator_v3']) retrieved from /home/airflow/.local/lib/python3.7/site-packages/airflow/example_dags/example_branch_python_dop_operator_3.py
[2023-10-06T23:00:16.391+0000] {logging_mixin.py:120} INFO - [2023-10-06T23:00:16.391+0000] {dag.py:2585} INFO - Sync 1 DAGs
[2023-10-06T23:00:16.411+0000] {logging_mixin.py:120} INFO - [2023-10-06T23:00:16.410+0000] {dag.py:3340} INFO - Setting next_dagrun for example_branch_dop_operator_v3 to 2023-10-06T22:59:00+00:00, run_after=2023-10-06T23:00:00+00:00
[2023-10-06T23:00:16.425+0000] {processor.py:176} INFO - Processing /home/airflow/.local/lib/python3.7/site-packages/airflow/example_dags/example_branch_python_dop_operator_3.py took 0.079 seconds
[2023-10-06T23:00:46.587+0000] {processor.py:154} INFO - Started process (PID=3214) to work on /home/airflow/.local/lib/python3.7/site-packages/airflow/example_dags/example_branch_python_dop_operator_3.py
[2023-10-06T23:00:46.588+0000] {processor.py:756} INFO - Processing file /home/airflow/.local/lib/python3.7/site-packages/airflow/example_dags/example_branch_python_dop_operator_3.py for tasks to queue
[2023-10-06T23:00:46.589+0000] {logging_mixin.py:120} INFO - [2023-10-06T23:00:46.589+0000] {dagbag.py:537} INFO - Filling up the DagBag from /home/airflow/.local/lib/python3.7/site-packages/airflow/example_dags/example_branch_python_dop_operator_3.py
[2023-10-06T23:00:46.605+0000] {processor.py:766} INFO - DAG(s) dict_keys(['example_branch_dop_operator_v3']) retrieved from /home/airflow/.local/lib/python3.7/site-packages/airflow/example_dags/example_branch_python_dop_operator_3.py
[2023-10-06T23:00:46.632+0000] {logging_mixin.py:120} INFO - [2023-10-06T23:00:46.632+0000] {dag.py:2585} INFO - Sync 1 DAGs
[2023-10-06T23:00:46.651+0000] {logging_mixin.py:120} INFO - [2023-10-06T23:00:46.651+0000] {dag.py:3340} INFO - Setting next_dagrun for example_branch_dop_operator_v3 to 2023-10-06T22:59:00+00:00, run_after=2023-10-06T23:00:00+00:00
[2023-10-06T23:00:46.666+0000] {processor.py:176} INFO - Processing /home/airflow/.local/lib/python3.7/site-packages/airflow/example_dags/example_branch_python_dop_operator_3.py took 0.081 seconds
[2023-10-06T23:01:16.727+0000] {processor.py:154} INFO - Started process (PID=3278) to work on /home/airflow/.local/lib/python3.7/site-packages/airflow/example_dags/example_branch_python_dop_operator_3.py
[2023-10-06T23:01:16.728+0000] {processor.py:756} INFO - Processing file /home/airflow/.local/lib/python3.7/site-packages/airflow/example_dags/example_branch_python_dop_operator_3.py for tasks to queue
[2023-10-06T23:01:16.728+0000] {logging_mixin.py:120} INFO - [2023-10-06T23:01:16.728+0000] {dagbag.py:537} INFO - Filling up the DagBag from /home/airflow/.local/lib/python3.7/site-packages/airflow/example_dags/example_branch_python_dop_operator_3.py
[2023-10-06T23:01:16.744+0000] {processor.py:766} INFO - DAG(s) dict_keys(['example_branch_dop_operator_v3']) retrieved from /home/airflow/.local/lib/python3.7/site-packages/airflow/example_dags/example_branch_python_dop_operator_3.py
[2023-10-06T23:01:16.771+0000] {logging_mixin.py:120} INFO - [2023-10-06T23:01:16.771+0000] {dag.py:2585} INFO - Sync 1 DAGs
[2023-10-06T23:01:16.791+0000] {logging_mixin.py:120} INFO - [2023-10-06T23:01:16.791+0000] {dag.py:3340} INFO - Setting next_dagrun for example_branch_dop_operator_v3 to 2023-10-06T23:00:00+00:00, run_after=2023-10-06T23:01:00+00:00
[2023-10-06T23:01:16.805+0000] {processor.py:176} INFO - Processing /home/airflow/.local/lib/python3.7/site-packages/airflow/example_dags/example_branch_python_dop_operator_3.py took 0.080 seconds
[2023-10-06T23:01:46.962+0000] {processor.py:154} INFO - Started process (PID=3339) to work on /home/airflow/.local/lib/python3.7/site-packages/airflow/example_dags/example_branch_python_dop_operator_3.py
[2023-10-06T23:01:46.963+0000] {processor.py:756} INFO - Processing file /home/airflow/.local/lib/python3.7/site-packages/airflow/example_dags/example_branch_python_dop_operator_3.py for tasks to queue
[2023-10-06T23:01:46.964+0000] {logging_mixin.py:120} INFO - [2023-10-06T23:01:46.963+0000] {dagbag.py:537} INFO - Filling up the DagBag from /home/airflow/.local/lib/python3.7/site-packages/airflow/example_dags/example_branch_python_dop_operator_3.py
[2023-10-06T23:01:46.985+0000] {processor.py:766} INFO - DAG(s) dict_keys(['example_branch_dop_operator_v3']) retrieved from /home/airflow/.local/lib/python3.7/site-packages/airflow/example_dags/example_branch_python_dop_operator_3.py
[2023-10-06T23:01:47.014+0000] {logging_mixin.py:120} INFO - [2023-10-06T23:01:47.014+0000] {dag.py:2585} INFO - Sync 1 DAGs
[2023-10-06T23:01:47.035+0000] {logging_mixin.py:120} INFO - [2023-10-06T23:01:47.035+0000] {dag.py:3340} INFO - Setting next_dagrun for example_branch_dop_operator_v3 to 2023-10-06T23:00:00+00:00, run_after=2023-10-06T23:01:00+00:00
[2023-10-06T23:01:47.050+0000] {processor.py:176} INFO - Processing /home/airflow/.local/lib/python3.7/site-packages/airflow/example_dags/example_branch_python_dop_operator_3.py took 0.091 seconds
[2023-10-06T23:02:17.973+0000] {processor.py:154} INFO - Started process (PID=3397) to work on /home/airflow/.local/lib/python3.7/site-packages/airflow/example_dags/example_branch_python_dop_operator_3.py
[2023-10-06T23:02:17.974+0000] {processor.py:756} INFO - Processing file /home/airflow/.local/lib/python3.7/site-packages/airflow/example_dags/example_branch_python_dop_operator_3.py for tasks to queue
[2023-10-06T23:02:17.975+0000] {logging_mixin.py:120} INFO - [2023-10-06T23:02:17.975+0000] {dagbag.py:537} INFO - Filling up the DagBag from /home/airflow/.local/lib/python3.7/site-packages/airflow/example_dags/example_branch_python_dop_operator_3.py
[2023-10-06T23:02:17.990+0000] {processor.py:766} INFO - DAG(s) dict_keys(['example_branch_dop_operator_v3']) retrieved from /home/airflow/.local/lib/python3.7/site-packages/airflow/example_dags/example_branch_python_dop_operator_3.py
[2023-10-06T23:02:18.018+0000] {logging_mixin.py:120} INFO - [2023-10-06T23:02:18.018+0000] {dag.py:2585} INFO - Sync 1 DAGs
[2023-10-06T23:02:18.038+0000] {logging_mixin.py:120} INFO - [2023-10-06T23:02:18.037+0000] {dag.py:3340} INFO - Setting next_dagrun for example_branch_dop_operator_v3 to 2023-10-06T23:01:00+00:00, run_after=2023-10-06T23:02:00+00:00
[2023-10-06T23:02:18.054+0000] {processor.py:176} INFO - Processing /home/airflow/.local/lib/python3.7/site-packages/airflow/example_dags/example_branch_python_dop_operator_3.py took 0.083 seconds
[2023-10-06T23:02:48.225+0000] {processor.py:154} INFO - Started process (PID=3461) to work on /home/airflow/.local/lib/python3.7/site-packages/airflow/example_dags/example_branch_python_dop_operator_3.py
[2023-10-06T23:02:48.225+0000] {processor.py:756} INFO - Processing file /home/airflow/.local/lib/python3.7/site-packages/airflow/example_dags/example_branch_python_dop_operator_3.py for tasks to queue
[2023-10-06T23:02:48.226+0000] {logging_mixin.py:120} INFO - [2023-10-06T23:02:48.226+0000] {dagbag.py:537} INFO - Filling up the DagBag from /home/airflow/.local/lib/python3.7/site-packages/airflow/example_dags/example_branch_python_dop_operator_3.py
[2023-10-06T23:02:48.243+0000] {processor.py:766} INFO - DAG(s) dict_keys(['example_branch_dop_operator_v3']) retrieved from /home/airflow/.local/lib/python3.7/site-packages/airflow/example_dags/example_branch_python_dop_operator_3.py
[2023-10-06T23:02:48.274+0000] {logging_mixin.py:120} INFO - [2023-10-06T23:02:48.274+0000] {dag.py:2585} INFO - Sync 1 DAGs
[2023-10-06T23:02:48.295+0000] {logging_mixin.py:120} INFO - [2023-10-06T23:02:48.295+0000] {dag.py:3340} INFO - Setting next_dagrun for example_branch_dop_operator_v3 to 2023-10-06T23:01:00+00:00, run_after=2023-10-06T23:02:00+00:00
[2023-10-06T23:02:48.311+0000] {processor.py:176} INFO - Processing /home/airflow/.local/lib/python3.7/site-packages/airflow/example_dags/example_branch_python_dop_operator_3.py took 0.089 seconds
[2023-10-06T23:03:19.247+0000] {processor.py:154} INFO - Started process (PID=3525) to work on /home/airflow/.local/lib/python3.7/site-packages/airflow/example_dags/example_branch_python_dop_operator_3.py
[2023-10-06T23:03:19.248+0000] {processor.py:756} INFO - Processing file /home/airflow/.local/lib/python3.7/site-packages/airflow/example_dags/example_branch_python_dop_operator_3.py for tasks to queue
[2023-10-06T23:03:19.248+0000] {logging_mixin.py:120} INFO - [2023-10-06T23:03:19.248+0000] {dagbag.py:537} INFO - Filling up the DagBag from /home/airflow/.local/lib/python3.7/site-packages/airflow/example_dags/example_branch_python_dop_operator_3.py
[2023-10-06T23:03:19.265+0000] {processor.py:766} INFO - DAG(s) dict_keys(['example_branch_dop_operator_v3']) retrieved from /home/airflow/.local/lib/python3.7/site-packages/airflow/example_dags/example_branch_python_dop_operator_3.py
[2023-10-06T23:03:19.296+0000] {logging_mixin.py:120} INFO - [2023-10-06T23:03:19.296+0000] {dag.py:2585} INFO - Sync 1 DAGs
[2023-10-06T23:03:19.318+0000] {logging_mixin.py:120} INFO - [2023-10-06T23:03:19.318+0000] {dag.py:3340} INFO - Setting next_dagrun for example_branch_dop_operator_v3 to 2023-10-06T23:02:00+00:00, run_after=2023-10-06T23:03:00+00:00
[2023-10-06T23:03:19.334+0000] {processor.py:176} INFO - Processing /home/airflow/.local/lib/python3.7/site-packages/airflow/example_dags/example_branch_python_dop_operator_3.py took 0.089 seconds
[2023-10-06T23:03:49.566+0000] {processor.py:154} INFO - Started process (PID=3589) to work on /home/airflow/.local/lib/python3.7/site-packages/airflow/example_dags/example_branch_python_dop_operator_3.py
[2023-10-06T23:03:49.566+0000] {processor.py:756} INFO - Processing file /home/airflow/.local/lib/python3.7/site-packages/airflow/example_dags/example_branch_python_dop_operator_3.py for tasks to queue
[2023-10-06T23:03:49.567+0000] {logging_mixin.py:120} INFO - [2023-10-06T23:03:49.566+0000] {dagbag.py:537} INFO - Filling up the DagBag from /home/airflow/.local/lib/python3.7/site-packages/airflow/example_dags/example_branch_python_dop_operator_3.py
[2023-10-06T23:03:49.583+0000] {processor.py:766} INFO - DAG(s) dict_keys(['example_branch_dop_operator_v3']) retrieved from /home/airflow/.local/lib/python3.7/site-packages/airflow/example_dags/example_branch_python_dop_operator_3.py
[2023-10-06T23:03:49.612+0000] {logging_mixin.py:120} INFO - [2023-10-06T23:03:49.611+0000] {dag.py:2585} INFO - Sync 1 DAGs
[2023-10-06T23:03:49.630+0000] {logging_mixin.py:120} INFO - [2023-10-06T23:03:49.630+0000] {dag.py:3340} INFO - Setting next_dagrun for example_branch_dop_operator_v3 to 2023-10-06T23:02:00+00:00, run_after=2023-10-06T23:03:00+00:00
[2023-10-06T23:03:49.645+0000] {processor.py:176} INFO - Processing /home/airflow/.local/lib/python3.7/site-packages/airflow/example_dags/example_branch_python_dop_operator_3.py took 0.082 seconds
[2023-10-06T23:04:20.569+0000] {processor.py:154} INFO - Started process (PID=3644) to work on /home/airflow/.local/lib/python3.7/site-packages/airflow/example_dags/example_branch_python_dop_operator_3.py
[2023-10-06T23:04:20.570+0000] {processor.py:756} INFO - Processing file /home/airflow/.local/lib/python3.7/site-packages/airflow/example_dags/example_branch_python_dop_operator_3.py for tasks to queue
[2023-10-06T23:04:20.570+0000] {logging_mixin.py:120} INFO - [2023-10-06T23:04:20.570+0000] {dagbag.py:537} INFO - Filling up the DagBag from /home/airflow/.local/lib/python3.7/site-packages/airflow/example_dags/example_branch_python_dop_operator_3.py
[2023-10-06T23:04:20.586+0000] {processor.py:766} INFO - DAG(s) dict_keys(['example_branch_dop_operator_v3']) retrieved from /home/airflow/.local/lib/python3.7/site-packages/airflow/example_dags/example_branch_python_dop_operator_3.py
[2023-10-06T23:04:20.614+0000] {logging_mixin.py:120} INFO - [2023-10-06T23:04:20.614+0000] {dag.py:2585} INFO - Sync 1 DAGs
[2023-10-06T23:04:20.635+0000] {logging_mixin.py:120} INFO - [2023-10-06T23:04:20.635+0000] {dag.py:3340} INFO - Setting next_dagrun for example_branch_dop_operator_v3 to 2023-10-06T23:03:00+00:00, run_after=2023-10-06T23:04:00+00:00
[2023-10-06T23:04:20.650+0000] {processor.py:176} INFO - Processing /home/airflow/.local/lib/python3.7/site-packages/airflow/example_dags/example_branch_python_dop_operator_3.py took 0.084 seconds
[2023-10-06T23:04:50.686+0000] {processor.py:154} INFO - Started process (PID=3709) to work on /home/airflow/.local/lib/python3.7/site-packages/airflow/example_dags/example_branch_python_dop_operator_3.py
[2023-10-06T23:04:50.686+0000] {processor.py:756} INFO - Processing file /home/airflow/.local/lib/python3.7/site-packages/airflow/example_dags/example_branch_python_dop_operator_3.py for tasks to queue
[2023-10-06T23:04:50.687+0000] {logging_mixin.py:120} INFO - [2023-10-06T23:04:50.687+0000] {dagbag.py:537} INFO - Filling up the DagBag from /home/airflow/.local/lib/python3.7/site-packages/airflow/example_dags/example_branch_python_dop_operator_3.py
[2023-10-06T23:04:50.702+0000] {processor.py:766} INFO - DAG(s) dict_keys(['example_branch_dop_operator_v3']) retrieved from /home/airflow/.local/lib/python3.7/site-packages/airflow/example_dags/example_branch_python_dop_operator_3.py
[2023-10-06T23:04:50.729+0000] {logging_mixin.py:120} INFO - [2023-10-06T23:04:50.729+0000] {dag.py:2585} INFO - Sync 1 DAGs
[2023-10-06T23:04:50.749+0000] {logging_mixin.py:120} INFO - [2023-10-06T23:04:50.749+0000] {dag.py:3340} INFO - Setting next_dagrun for example_branch_dop_operator_v3 to 2023-10-06T23:03:00+00:00, run_after=2023-10-06T23:04:00+00:00
[2023-10-06T23:04:50.764+0000] {processor.py:176} INFO - Processing /home/airflow/.local/lib/python3.7/site-packages/airflow/example_dags/example_branch_python_dop_operator_3.py took 0.080 seconds
[2023-10-06T23:05:21.068+0000] {processor.py:154} INFO - Started process (PID=3773) to work on /home/airflow/.local/lib/python3.7/site-packages/airflow/example_dags/example_branch_python_dop_operator_3.py
[2023-10-06T23:05:21.070+0000] {processor.py:756} INFO - Processing file /home/airflow/.local/lib/python3.7/site-packages/airflow/example_dags/example_branch_python_dop_operator_3.py for tasks to queue
[2023-10-06T23:05:21.070+0000] {logging_mixin.py:120} INFO - [2023-10-06T23:05:21.070+0000] {dagbag.py:537} INFO - Filling up the DagBag from /home/airflow/.local/lib/python3.7/site-packages/airflow/example_dags/example_branch_python_dop_operator_3.py
[2023-10-06T23:05:21.086+0000] {processor.py:766} INFO - DAG(s) dict_keys(['example_branch_dop_operator_v3']) retrieved from /home/airflow/.local/lib/python3.7/site-packages/airflow/example_dags/example_branch_python_dop_operator_3.py
[2023-10-06T23:05:21.114+0000] {logging_mixin.py:120} INFO - [2023-10-06T23:05:21.114+0000] {dag.py:2585} INFO - Sync 1 DAGs
[2023-10-06T23:05:21.134+0000] {logging_mixin.py:120} INFO - [2023-10-06T23:05:21.134+0000] {dag.py:3340} INFO - Setting next_dagrun for example_branch_dop_operator_v3 to 2023-10-06T23:04:00+00:00, run_after=2023-10-06T23:05:00+00:00
[2023-10-06T23:05:21.150+0000] {processor.py:176} INFO - Processing /home/airflow/.local/lib/python3.7/site-packages/airflow/example_dags/example_branch_python_dop_operator_3.py took 0.083 seconds
[2023-10-06T23:05:51.306+0000] {processor.py:154} INFO - Started process (PID=3838) to work on /home/airflow/.local/lib/python3.7/site-packages/airflow/example_dags/example_branch_python_dop_operator_3.py
[2023-10-06T23:05:51.306+0000] {processor.py:756} INFO - Processing file /home/airflow/.local/lib/python3.7/site-packages/airflow/example_dags/example_branch_python_dop_operator_3.py for tasks to queue
[2023-10-06T23:05:51.307+0000] {logging_mixin.py:120} INFO - [2023-10-06T23:05:51.307+0000] {dagbag.py:537} INFO - Filling up the DagBag from /home/airflow/.local/lib/python3.7/site-packages/airflow/example_dags/example_branch_python_dop_operator_3.py
[2023-10-06T23:05:51.329+0000] {processor.py:766} INFO - DAG(s) dict_keys(['example_branch_dop_operator_v3']) retrieved from /home/airflow/.local/lib/python3.7/site-packages/airflow/example_dags/example_branch_python_dop_operator_3.py
[2023-10-06T23:05:51.361+0000] {logging_mixin.py:120} INFO - [2023-10-06T23:05:51.361+0000] {dag.py:2585} INFO - Sync 1 DAGs
[2023-10-06T23:05:51.381+0000] {logging_mixin.py:120} INFO - [2023-10-06T23:05:51.381+0000] {dag.py:3340} INFO - Setting next_dagrun for example_branch_dop_operator_v3 to 2023-10-06T23:04:00+00:00, run_after=2023-10-06T23:05:00+00:00
[2023-10-06T23:05:51.397+0000] {processor.py:176} INFO - Processing /home/airflow/.local/lib/python3.7/site-packages/airflow/example_dags/example_branch_python_dop_operator_3.py took 0.095 seconds
[2023-10-06T23:06:21.504+0000] {processor.py:154} INFO - Started process (PID=3894) to work on /home/airflow/.local/lib/python3.7/site-packages/airflow/example_dags/example_branch_python_dop_operator_3.py
[2023-10-06T23:06:21.506+0000] {processor.py:756} INFO - Processing file /home/airflow/.local/lib/python3.7/site-packages/airflow/example_dags/example_branch_python_dop_operator_3.py for tasks to queue
[2023-10-06T23:06:21.507+0000] {logging_mixin.py:120} INFO - [2023-10-06T23:06:21.507+0000] {dagbag.py:537} INFO - Filling up the DagBag from /home/airflow/.local/lib/python3.7/site-packages/airflow/example_dags/example_branch_python_dop_operator_3.py
[2023-10-06T23:06:21.524+0000] {processor.py:766} INFO - DAG(s) dict_keys(['example_branch_dop_operator_v3']) retrieved from /home/airflow/.local/lib/python3.7/site-packages/airflow/example_dags/example_branch_python_dop_operator_3.py
[2023-10-06T23:06:21.575+0000] {logging_mixin.py:120} INFO - [2023-10-06T23:06:21.575+0000] {dag.py:2585} INFO - Sync 1 DAGs
[2023-10-06T23:06:21.603+0000] {logging_mixin.py:120} INFO - [2023-10-06T23:06:21.603+0000] {dag.py:3340} INFO - Setting next_dagrun for example_branch_dop_operator_v3 to 2023-10-06T23:05:00+00:00, run_after=2023-10-06T23:06:00+00:00
[2023-10-06T23:06:21.623+0000] {processor.py:176} INFO - Processing /home/airflow/.local/lib/python3.7/site-packages/airflow/example_dags/example_branch_python_dop_operator_3.py took 0.123 seconds
[2023-10-06T23:06:51.708+0000] {processor.py:154} INFO - Started process (PID=3956) to work on /home/airflow/.local/lib/python3.7/site-packages/airflow/example_dags/example_branch_python_dop_operator_3.py
[2023-10-06T23:06:51.709+0000] {processor.py:756} INFO - Processing file /home/airflow/.local/lib/python3.7/site-packages/airflow/example_dags/example_branch_python_dop_operator_3.py for tasks to queue
[2023-10-06T23:06:51.709+0000] {logging_mixin.py:120} INFO - [2023-10-06T23:06:51.709+0000] {dagbag.py:537} INFO - Filling up the DagBag from /home/airflow/.local/lib/python3.7/site-packages/airflow/example_dags/example_branch_python_dop_operator_3.py
[2023-10-06T23:06:51.724+0000] {processor.py:766} INFO - DAG(s) dict_keys(['example_branch_dop_operator_v3']) retrieved from /home/airflow/.local/lib/python3.7/site-packages/airflow/example_dags/example_branch_python_dop_operator_3.py
[2023-10-06T23:06:51.750+0000] {logging_mixin.py:120} INFO - [2023-10-06T23:06:51.750+0000] {dag.py:2585} INFO - Sync 1 DAGs
[2023-10-06T23:06:51.769+0000] {logging_mixin.py:120} INFO - [2023-10-06T23:06:51.769+0000] {dag.py:3340} INFO - Setting next_dagrun for example_branch_dop_operator_v3 to 2023-10-06T23:05:00+00:00, run_after=2023-10-06T23:06:00+00:00
[2023-10-06T23:06:51.787+0000] {processor.py:176} INFO - Processing /home/airflow/.local/lib/python3.7/site-packages/airflow/example_dags/example_branch_python_dop_operator_3.py took 0.081 seconds
[2023-10-06T23:07:21.859+0000] {processor.py:154} INFO - Started process (PID=4021) to work on /home/airflow/.local/lib/python3.7/site-packages/airflow/example_dags/example_branch_python_dop_operator_3.py
[2023-10-06T23:07:21.860+0000] {processor.py:756} INFO - Processing file /home/airflow/.local/lib/python3.7/site-packages/airflow/example_dags/example_branch_python_dop_operator_3.py for tasks to queue
[2023-10-06T23:07:21.861+0000] {logging_mixin.py:120} INFO - [2023-10-06T23:07:21.861+0000] {dagbag.py:537} INFO - Filling up the DagBag from /home/airflow/.local/lib/python3.7/site-packages/airflow/example_dags/example_branch_python_dop_operator_3.py
[2023-10-06T23:07:21.877+0000] {processor.py:766} INFO - DAG(s) dict_keys(['example_branch_dop_operator_v3']) retrieved from /home/airflow/.local/lib/python3.7/site-packages/airflow/example_dags/example_branch_python_dop_operator_3.py
[2023-10-06T23:07:21.904+0000] {logging_mixin.py:120} INFO - [2023-10-06T23:07:21.904+0000] {dag.py:2585} INFO - Sync 1 DAGs
[2023-10-06T23:07:21.923+0000] {logging_mixin.py:120} INFO - [2023-10-06T23:07:21.923+0000] {dag.py:3340} INFO - Setting next_dagrun for example_branch_dop_operator_v3 to 2023-10-06T23:06:00+00:00, run_after=2023-10-06T23:07:00+00:00
[2023-10-06T23:07:21.935+0000] {processor.py:176} INFO - Processing /home/airflow/.local/lib/python3.7/site-packages/airflow/example_dags/example_branch_python_dop_operator_3.py took 0.078 seconds
[2023-10-06T23:07:51.985+0000] {processor.py:154} INFO - Started process (PID=4085) to work on /home/airflow/.local/lib/python3.7/site-packages/airflow/example_dags/example_branch_python_dop_operator_3.py
[2023-10-06T23:07:51.989+0000] {processor.py:756} INFO - Processing file /home/airflow/.local/lib/python3.7/site-packages/airflow/example_dags/example_branch_python_dop_operator_3.py for tasks to queue
[2023-10-06T23:07:51.989+0000] {logging_mixin.py:120} INFO - [2023-10-06T23:07:51.989+0000] {dagbag.py:537} INFO - Filling up the DagBag from /home/airflow/.local/lib/python3.7/site-packages/airflow/example_dags/example_branch_python_dop_operator_3.py
[2023-10-06T23:07:52.004+0000] {processor.py:766} INFO - DAG(s) dict_keys(['example_branch_dop_operator_v3']) retrieved from /home/airflow/.local/lib/python3.7/site-packages/airflow/example_dags/example_branch_python_dop_operator_3.py
[2023-10-06T23:07:52.031+0000] {logging_mixin.py:120} INFO - [2023-10-06T23:07:52.031+0000] {dag.py:2585} INFO - Sync 1 DAGs
[2023-10-06T23:07:52.050+0000] {logging_mixin.py:120} INFO - [2023-10-06T23:07:52.049+0000] {dag.py:3340} INFO - Setting next_dagrun for example_branch_dop_operator_v3 to 2023-10-06T23:06:00+00:00, run_after=2023-10-06T23:07:00+00:00
[2023-10-06T23:07:52.064+0000] {processor.py:176} INFO - Processing /home/airflow/.local/lib/python3.7/site-packages/airflow/example_dags/example_branch_python_dop_operator_3.py took 0.081 seconds
[2023-10-06T23:08:22.147+0000] {processor.py:154} INFO - Started process (PID=4149) to work on /home/airflow/.local/lib/python3.7/site-packages/airflow/example_dags/example_branch_python_dop_operator_3.py
[2023-10-06T23:08:22.148+0000] {processor.py:756} INFO - Processing file /home/airflow/.local/lib/python3.7/site-packages/airflow/example_dags/example_branch_python_dop_operator_3.py for tasks to queue
[2023-10-06T23:08:22.148+0000] {logging_mixin.py:120} INFO - [2023-10-06T23:08:22.148+0000] {dagbag.py:537} INFO - Filling up the DagBag from /home/airflow/.local/lib/python3.7/site-packages/airflow/example_dags/example_branch_python_dop_operator_3.py
[2023-10-06T23:08:22.166+0000] {processor.py:766} INFO - DAG(s) dict_keys(['example_branch_dop_operator_v3']) retrieved from /home/airflow/.local/lib/python3.7/site-packages/airflow/example_dags/example_branch_python_dop_operator_3.py
[2023-10-06T23:08:22.197+0000] {logging_mixin.py:120} INFO - [2023-10-06T23:08:22.197+0000] {dag.py:2585} INFO - Sync 1 DAGs
[2023-10-06T23:08:22.218+0000] {logging_mixin.py:120} INFO - [2023-10-06T23:08:22.217+0000] {dag.py:3340} INFO - Setting next_dagrun for example_branch_dop_operator_v3 to 2023-10-06T23:07:00+00:00, run_after=2023-10-06T23:08:00+00:00
[2023-10-06T23:08:22.235+0000] {processor.py:176} INFO - Processing /home/airflow/.local/lib/python3.7/site-packages/airflow/example_dags/example_branch_python_dop_operator_3.py took 0.090 seconds
