[2023-10-06T22:34:54.731+0000] {processor.py:154} INFO - Started process (PID=66) to work on /home/airflow/.local/lib/python3.7/site-packages/airflow/example_dags/example_nested_branch_dag.py
[2023-10-06T22:34:54.732+0000] {processor.py:756} INFO - Processing file /home/airflow/.local/lib/python3.7/site-packages/airflow/example_dags/example_nested_branch_dag.py for tasks to queue
[2023-10-06T22:34:54.733+0000] {logging_mixin.py:120} INFO - [2023-10-06T22:34:54.732+0000] {dagbag.py:537} INFO - Filling up the DagBag from /home/airflow/.local/lib/python3.7/site-packages/airflow/example_dags/example_nested_branch_dag.py
[2023-10-06T22:34:54.753+0000] {processor.py:766} INFO - DAG(s) dict_keys(['example_nested_branch_dag']) retrieved from /home/airflow/.local/lib/python3.7/site-packages/airflow/example_dags/example_nested_branch_dag.py
[2023-10-06T22:34:54.791+0000] {logging_mixin.py:120} INFO - [2023-10-06T22:34:54.790+0000] {dag.py:2585} INFO - Sync 1 DAGs
[2023-10-06T22:34:54.813+0000] {logging_mixin.py:120} INFO - [2023-10-06T22:34:54.813+0000] {dag.py:3340} INFO - Setting next_dagrun for example_nested_branch_dag to 2023-10-05T00:00:00+00:00, run_after=2023-10-06T00:00:00+00:00
[2023-10-06T22:34:54.831+0000] {processor.py:176} INFO - Processing /home/airflow/.local/lib/python3.7/site-packages/airflow/example_dags/example_nested_branch_dag.py took 0.102 seconds
[2023-10-06T22:35:24.902+0000] {processor.py:154} INFO - Started process (PID=129) to work on /home/airflow/.local/lib/python3.7/site-packages/airflow/example_dags/example_nested_branch_dag.py
[2023-10-06T22:35:24.902+0000] {processor.py:756} INFO - Processing file /home/airflow/.local/lib/python3.7/site-packages/airflow/example_dags/example_nested_branch_dag.py for tasks to queue
[2023-10-06T22:35:24.903+0000] {logging_mixin.py:120} INFO - [2023-10-06T22:35:24.903+0000] {dagbag.py:537} INFO - Filling up the DagBag from /home/airflow/.local/lib/python3.7/site-packages/airflow/example_dags/example_nested_branch_dag.py
[2023-10-06T22:35:24.922+0000] {processor.py:766} INFO - DAG(s) dict_keys(['example_nested_branch_dag']) retrieved from /home/airflow/.local/lib/python3.7/site-packages/airflow/example_dags/example_nested_branch_dag.py
[2023-10-06T22:35:24.943+0000] {logging_mixin.py:120} INFO - [2023-10-06T22:35:24.943+0000] {dag.py:2585} INFO - Sync 1 DAGs
[2023-10-06T22:35:24.964+0000] {logging_mixin.py:120} INFO - [2023-10-06T22:35:24.964+0000] {dag.py:3340} INFO - Setting next_dagrun for example_nested_branch_dag to 2023-10-05T00:00:00+00:00, run_after=2023-10-06T00:00:00+00:00
[2023-10-06T22:35:24.981+0000] {processor.py:176} INFO - Processing /home/airflow/.local/lib/python3.7/site-packages/airflow/example_dags/example_nested_branch_dag.py took 0.081 seconds
[2023-10-06T22:35:56.025+0000] {processor.py:154} INFO - Started process (PID=192) to work on /home/airflow/.local/lib/python3.7/site-packages/airflow/example_dags/example_nested_branch_dag.py
[2023-10-06T22:35:56.026+0000] {processor.py:756} INFO - Processing file /home/airflow/.local/lib/python3.7/site-packages/airflow/example_dags/example_nested_branch_dag.py for tasks to queue
[2023-10-06T22:35:56.027+0000] {logging_mixin.py:120} INFO - [2023-10-06T22:35:56.027+0000] {dagbag.py:537} INFO - Filling up the DagBag from /home/airflow/.local/lib/python3.7/site-packages/airflow/example_dags/example_nested_branch_dag.py
[2023-10-06T22:35:56.044+0000] {processor.py:766} INFO - DAG(s) dict_keys(['example_nested_branch_dag']) retrieved from /home/airflow/.local/lib/python3.7/site-packages/airflow/example_dags/example_nested_branch_dag.py
[2023-10-06T22:35:56.077+0000] {logging_mixin.py:120} INFO - [2023-10-06T22:35:56.076+0000] {dag.py:2585} INFO - Sync 1 DAGs
[2023-10-06T22:35:56.096+0000] {logging_mixin.py:120} INFO - [2023-10-06T22:35:56.096+0000] {dag.py:3340} INFO - Setting next_dagrun for example_nested_branch_dag to 2023-10-05T00:00:00+00:00, run_after=2023-10-06T00:00:00+00:00
[2023-10-06T22:35:56.115+0000] {processor.py:176} INFO - Processing /home/airflow/.local/lib/python3.7/site-packages/airflow/example_dags/example_nested_branch_dag.py took 0.092 seconds
[2023-10-06T22:36:26.345+0000] {processor.py:154} INFO - Started process (PID=255) to work on /home/airflow/.local/lib/python3.7/site-packages/airflow/example_dags/example_nested_branch_dag.py
[2023-10-06T22:36:26.346+0000] {processor.py:756} INFO - Processing file /home/airflow/.local/lib/python3.7/site-packages/airflow/example_dags/example_nested_branch_dag.py for tasks to queue
[2023-10-06T22:36:26.346+0000] {logging_mixin.py:120} INFO - [2023-10-06T22:36:26.346+0000] {dagbag.py:537} INFO - Filling up the DagBag from /home/airflow/.local/lib/python3.7/site-packages/airflow/example_dags/example_nested_branch_dag.py
[2023-10-06T22:36:26.365+0000] {processor.py:766} INFO - DAG(s) dict_keys(['example_nested_branch_dag']) retrieved from /home/airflow/.local/lib/python3.7/site-packages/airflow/example_dags/example_nested_branch_dag.py
[2023-10-06T22:36:26.397+0000] {logging_mixin.py:120} INFO - [2023-10-06T22:36:26.397+0000] {dag.py:2585} INFO - Sync 1 DAGs
[2023-10-06T22:36:26.416+0000] {logging_mixin.py:120} INFO - [2023-10-06T22:36:26.416+0000] {dag.py:3340} INFO - Setting next_dagrun for example_nested_branch_dag to 2023-10-05T00:00:00+00:00, run_after=2023-10-06T00:00:00+00:00
[2023-10-06T22:36:26.435+0000] {processor.py:176} INFO - Processing /home/airflow/.local/lib/python3.7/site-packages/airflow/example_dags/example_nested_branch_dag.py took 0.092 seconds
[2023-10-06T22:36:57.211+0000] {processor.py:154} INFO - Started process (PID=310) to work on /home/airflow/.local/lib/python3.7/site-packages/airflow/example_dags/example_nested_branch_dag.py
[2023-10-06T22:36:57.212+0000] {processor.py:756} INFO - Processing file /home/airflow/.local/lib/python3.7/site-packages/airflow/example_dags/example_nested_branch_dag.py for tasks to queue
[2023-10-06T22:36:57.212+0000] {logging_mixin.py:120} INFO - [2023-10-06T22:36:57.212+0000] {dagbag.py:537} INFO - Filling up the DagBag from /home/airflow/.local/lib/python3.7/site-packages/airflow/example_dags/example_nested_branch_dag.py
[2023-10-06T22:36:57.242+0000] {processor.py:766} INFO - DAG(s) dict_keys(['example_nested_branch_dag']) retrieved from /home/airflow/.local/lib/python3.7/site-packages/airflow/example_dags/example_nested_branch_dag.py
[2023-10-06T22:36:57.285+0000] {logging_mixin.py:120} INFO - [2023-10-06T22:36:57.285+0000] {dag.py:2585} INFO - Sync 1 DAGs
[2023-10-06T22:36:57.308+0000] {logging_mixin.py:120} INFO - [2023-10-06T22:36:57.308+0000] {dag.py:3340} INFO - Setting next_dagrun for example_nested_branch_dag to 2023-10-05T00:00:00+00:00, run_after=2023-10-06T00:00:00+00:00
[2023-10-06T22:36:57.323+0000] {processor.py:176} INFO - Processing /home/airflow/.local/lib/python3.7/site-packages/airflow/example_dags/example_nested_branch_dag.py took 0.115 seconds
[2023-10-06T22:37:28.008+0000] {processor.py:154} INFO - Started process (PID=373) to work on /home/airflow/.local/lib/python3.7/site-packages/airflow/example_dags/example_nested_branch_dag.py
[2023-10-06T22:37:28.009+0000] {processor.py:756} INFO - Processing file /home/airflow/.local/lib/python3.7/site-packages/airflow/example_dags/example_nested_branch_dag.py for tasks to queue
[2023-10-06T22:37:28.009+0000] {logging_mixin.py:120} INFO - [2023-10-06T22:37:28.009+0000] {dagbag.py:537} INFO - Filling up the DagBag from /home/airflow/.local/lib/python3.7/site-packages/airflow/example_dags/example_nested_branch_dag.py
[2023-10-06T22:37:28.028+0000] {processor.py:766} INFO - DAG(s) dict_keys(['example_nested_branch_dag']) retrieved from /home/airflow/.local/lib/python3.7/site-packages/airflow/example_dags/example_nested_branch_dag.py
[2023-10-06T22:37:28.067+0000] {logging_mixin.py:120} INFO - [2023-10-06T22:37:28.067+0000] {dag.py:2585} INFO - Sync 1 DAGs
[2023-10-06T22:37:28.089+0000] {logging_mixin.py:120} INFO - [2023-10-06T22:37:28.089+0000] {dag.py:3340} INFO - Setting next_dagrun for example_nested_branch_dag to 2023-10-05T00:00:00+00:00, run_after=2023-10-06T00:00:00+00:00
[2023-10-06T22:37:28.106+0000] {processor.py:176} INFO - Processing /home/airflow/.local/lib/python3.7/site-packages/airflow/example_dags/example_nested_branch_dag.py took 0.100 seconds
[2023-10-06T22:37:58.533+0000] {processor.py:154} INFO - Started process (PID=437) to work on /home/airflow/.local/lib/python3.7/site-packages/airflow/example_dags/example_nested_branch_dag.py
[2023-10-06T22:37:58.534+0000] {processor.py:756} INFO - Processing file /home/airflow/.local/lib/python3.7/site-packages/airflow/example_dags/example_nested_branch_dag.py for tasks to queue
[2023-10-06T22:37:58.535+0000] {logging_mixin.py:120} INFO - [2023-10-06T22:37:58.535+0000] {dagbag.py:537} INFO - Filling up the DagBag from /home/airflow/.local/lib/python3.7/site-packages/airflow/example_dags/example_nested_branch_dag.py
[2023-10-06T22:37:58.556+0000] {processor.py:766} INFO - DAG(s) dict_keys(['example_nested_branch_dag']) retrieved from /home/airflow/.local/lib/python3.7/site-packages/airflow/example_dags/example_nested_branch_dag.py
[2023-10-06T22:37:58.591+0000] {logging_mixin.py:120} INFO - [2023-10-06T22:37:58.591+0000] {dag.py:2585} INFO - Sync 1 DAGs
[2023-10-06T22:37:58.610+0000] {logging_mixin.py:120} INFO - [2023-10-06T22:37:58.610+0000] {dag.py:3340} INFO - Setting next_dagrun for example_nested_branch_dag to 2023-10-05T00:00:00+00:00, run_after=2023-10-06T00:00:00+00:00
[2023-10-06T22:37:58.623+0000] {processor.py:176} INFO - Processing /home/airflow/.local/lib/python3.7/site-packages/airflow/example_dags/example_nested_branch_dag.py took 0.093 seconds
[2023-10-06T22:38:29.106+0000] {processor.py:154} INFO - Started process (PID=501) to work on /home/airflow/.local/lib/python3.7/site-packages/airflow/example_dags/example_nested_branch_dag.py
[2023-10-06T22:38:29.107+0000] {processor.py:756} INFO - Processing file /home/airflow/.local/lib/python3.7/site-packages/airflow/example_dags/example_nested_branch_dag.py for tasks to queue
[2023-10-06T22:38:29.107+0000] {logging_mixin.py:120} INFO - [2023-10-06T22:38:29.107+0000] {dagbag.py:537} INFO - Filling up the DagBag from /home/airflow/.local/lib/python3.7/site-packages/airflow/example_dags/example_nested_branch_dag.py
[2023-10-06T22:38:29.130+0000] {processor.py:766} INFO - DAG(s) dict_keys(['example_nested_branch_dag']) retrieved from /home/airflow/.local/lib/python3.7/site-packages/airflow/example_dags/example_nested_branch_dag.py
[2023-10-06T22:38:29.168+0000] {logging_mixin.py:120} INFO - [2023-10-06T22:38:29.168+0000] {dag.py:2585} INFO - Sync 1 DAGs
[2023-10-06T22:38:29.193+0000] {logging_mixin.py:120} INFO - [2023-10-06T22:38:29.193+0000] {dag.py:3340} INFO - Setting next_dagrun for example_nested_branch_dag to 2023-10-05T00:00:00+00:00, run_after=2023-10-06T00:00:00+00:00
[2023-10-06T22:38:29.216+0000] {processor.py:176} INFO - Processing /home/airflow/.local/lib/python3.7/site-packages/airflow/example_dags/example_nested_branch_dag.py took 0.113 seconds
[2023-10-06T22:38:59.668+0000] {processor.py:154} INFO - Started process (PID=555) to work on /home/airflow/.local/lib/python3.7/site-packages/airflow/example_dags/example_nested_branch_dag.py
[2023-10-06T22:38:59.669+0000] {processor.py:756} INFO - Processing file /home/airflow/.local/lib/python3.7/site-packages/airflow/example_dags/example_nested_branch_dag.py for tasks to queue
[2023-10-06T22:38:59.670+0000] {logging_mixin.py:120} INFO - [2023-10-06T22:38:59.670+0000] {dagbag.py:537} INFO - Filling up the DagBag from /home/airflow/.local/lib/python3.7/site-packages/airflow/example_dags/example_nested_branch_dag.py
[2023-10-06T22:38:59.692+0000] {processor.py:766} INFO - DAG(s) dict_keys(['example_nested_branch_dag']) retrieved from /home/airflow/.local/lib/python3.7/site-packages/airflow/example_dags/example_nested_branch_dag.py
[2023-10-06T22:38:59.732+0000] {logging_mixin.py:120} INFO - [2023-10-06T22:38:59.732+0000] {dag.py:2585} INFO - Sync 1 DAGs
[2023-10-06T22:38:59.770+0000] {logging_mixin.py:120} INFO - [2023-10-06T22:38:59.770+0000] {dag.py:3340} INFO - Setting next_dagrun for example_nested_branch_dag to 2023-10-05T00:00:00+00:00, run_after=2023-10-06T00:00:00+00:00
[2023-10-06T22:38:59.798+0000] {processor.py:176} INFO - Processing /home/airflow/.local/lib/python3.7/site-packages/airflow/example_dags/example_nested_branch_dag.py took 0.133 seconds
[2023-10-06T22:39:30.907+0000] {processor.py:154} INFO - Started process (PID=620) to work on /home/airflow/.local/lib/python3.7/site-packages/airflow/example_dags/example_nested_branch_dag.py
[2023-10-06T22:39:30.908+0000] {processor.py:756} INFO - Processing file /home/airflow/.local/lib/python3.7/site-packages/airflow/example_dags/example_nested_branch_dag.py for tasks to queue
[2023-10-06T22:39:30.909+0000] {logging_mixin.py:120} INFO - [2023-10-06T22:39:30.908+0000] {dagbag.py:537} INFO - Filling up the DagBag from /home/airflow/.local/lib/python3.7/site-packages/airflow/example_dags/example_nested_branch_dag.py
[2023-10-06T22:39:30.938+0000] {processor.py:766} INFO - DAG(s) dict_keys(['example_nested_branch_dag']) retrieved from /home/airflow/.local/lib/python3.7/site-packages/airflow/example_dags/example_nested_branch_dag.py
[2023-10-06T22:39:30.986+0000] {logging_mixin.py:120} INFO - [2023-10-06T22:39:30.985+0000] {dag.py:2585} INFO - Sync 1 DAGs
[2023-10-06T22:39:31.012+0000] {logging_mixin.py:120} INFO - [2023-10-06T22:39:31.011+0000] {dag.py:3340} INFO - Setting next_dagrun for example_nested_branch_dag to 2023-10-05T00:00:00+00:00, run_after=2023-10-06T00:00:00+00:00
[2023-10-06T22:39:31.031+0000] {processor.py:176} INFO - Processing /home/airflow/.local/lib/python3.7/site-packages/airflow/example_dags/example_nested_branch_dag.py took 0.128 seconds
[2023-10-06T22:40:01.884+0000] {processor.py:154} INFO - Started process (PID=683) to work on /home/airflow/.local/lib/python3.7/site-packages/airflow/example_dags/example_nested_branch_dag.py
[2023-10-06T22:40:01.887+0000] {processor.py:756} INFO - Processing file /home/airflow/.local/lib/python3.7/site-packages/airflow/example_dags/example_nested_branch_dag.py for tasks to queue
[2023-10-06T22:40:01.887+0000] {logging_mixin.py:120} INFO - [2023-10-06T22:40:01.887+0000] {dagbag.py:537} INFO - Filling up the DagBag from /home/airflow/.local/lib/python3.7/site-packages/airflow/example_dags/example_nested_branch_dag.py
[2023-10-06T22:40:01.907+0000] {processor.py:766} INFO - DAG(s) dict_keys(['example_nested_branch_dag']) retrieved from /home/airflow/.local/lib/python3.7/site-packages/airflow/example_dags/example_nested_branch_dag.py
[2023-10-06T22:40:01.944+0000] {logging_mixin.py:120} INFO - [2023-10-06T22:40:01.944+0000] {dag.py:2585} INFO - Sync 1 DAGs
[2023-10-06T22:40:01.968+0000] {logging_mixin.py:120} INFO - [2023-10-06T22:40:01.967+0000] {dag.py:3340} INFO - Setting next_dagrun for example_nested_branch_dag to 2023-10-05T00:00:00+00:00, run_after=2023-10-06T00:00:00+00:00
[2023-10-06T22:40:01.985+0000] {processor.py:176} INFO - Processing /home/airflow/.local/lib/python3.7/site-packages/airflow/example_dags/example_nested_branch_dag.py took 0.104 seconds
[2023-10-06T22:40:32.311+0000] {processor.py:154} INFO - Started process (PID=737) to work on /home/airflow/.local/lib/python3.7/site-packages/airflow/example_dags/example_nested_branch_dag.py
[2023-10-06T22:40:32.314+0000] {processor.py:756} INFO - Processing file /home/airflow/.local/lib/python3.7/site-packages/airflow/example_dags/example_nested_branch_dag.py for tasks to queue
[2023-10-06T22:40:32.315+0000] {logging_mixin.py:120} INFO - [2023-10-06T22:40:32.315+0000] {dagbag.py:537} INFO - Filling up the DagBag from /home/airflow/.local/lib/python3.7/site-packages/airflow/example_dags/example_nested_branch_dag.py
[2023-10-06T22:40:32.336+0000] {processor.py:766} INFO - DAG(s) dict_keys(['example_nested_branch_dag']) retrieved from /home/airflow/.local/lib/python3.7/site-packages/airflow/example_dags/example_nested_branch_dag.py
[2023-10-06T22:40:32.411+0000] {logging_mixin.py:120} INFO - [2023-10-06T22:40:32.410+0000] {dag.py:2585} INFO - Sync 1 DAGs
[2023-10-06T22:40:32.435+0000] {logging_mixin.py:120} INFO - [2023-10-06T22:40:32.435+0000] {dag.py:3340} INFO - Setting next_dagrun for example_nested_branch_dag to 2023-10-05T00:00:00+00:00, run_after=2023-10-06T00:00:00+00:00
[2023-10-06T22:40:32.470+0000] {processor.py:176} INFO - Processing /home/airflow/.local/lib/python3.7/site-packages/airflow/example_dags/example_nested_branch_dag.py took 0.162 seconds
[2023-10-06T22:41:02.908+0000] {processor.py:154} INFO - Started process (PID=800) to work on /home/airflow/.local/lib/python3.7/site-packages/airflow/example_dags/example_nested_branch_dag.py
[2023-10-06T22:41:02.909+0000] {processor.py:756} INFO - Processing file /home/airflow/.local/lib/python3.7/site-packages/airflow/example_dags/example_nested_branch_dag.py for tasks to queue
[2023-10-06T22:41:02.909+0000] {logging_mixin.py:120} INFO - [2023-10-06T22:41:02.909+0000] {dagbag.py:537} INFO - Filling up the DagBag from /home/airflow/.local/lib/python3.7/site-packages/airflow/example_dags/example_nested_branch_dag.py
[2023-10-06T22:41:02.926+0000] {processor.py:766} INFO - DAG(s) dict_keys(['example_nested_branch_dag']) retrieved from /home/airflow/.local/lib/python3.7/site-packages/airflow/example_dags/example_nested_branch_dag.py
[2023-10-06T22:41:02.954+0000] {logging_mixin.py:120} INFO - [2023-10-06T22:41:02.954+0000] {dag.py:2585} INFO - Sync 1 DAGs
[2023-10-06T22:41:02.972+0000] {logging_mixin.py:120} INFO - [2023-10-06T22:41:02.971+0000] {dag.py:3340} INFO - Setting next_dagrun for example_nested_branch_dag to 2023-10-05T00:00:00+00:00, run_after=2023-10-06T00:00:00+00:00
[2023-10-06T22:41:02.987+0000] {processor.py:176} INFO - Processing /home/airflow/.local/lib/python3.7/site-packages/airflow/example_dags/example_nested_branch_dag.py took 0.082 seconds
[2023-10-06T22:41:33.437+0000] {processor.py:154} INFO - Started process (PID=863) to work on /home/airflow/.local/lib/python3.7/site-packages/airflow/example_dags/example_nested_branch_dag.py
[2023-10-06T22:41:33.438+0000] {processor.py:756} INFO - Processing file /home/airflow/.local/lib/python3.7/site-packages/airflow/example_dags/example_nested_branch_dag.py for tasks to queue
[2023-10-06T22:41:33.438+0000] {logging_mixin.py:120} INFO - [2023-10-06T22:41:33.438+0000] {dagbag.py:537} INFO - Filling up the DagBag from /home/airflow/.local/lib/python3.7/site-packages/airflow/example_dags/example_nested_branch_dag.py
[2023-10-06T22:41:33.461+0000] {processor.py:766} INFO - DAG(s) dict_keys(['example_nested_branch_dag']) retrieved from /home/airflow/.local/lib/python3.7/site-packages/airflow/example_dags/example_nested_branch_dag.py
[2023-10-06T22:41:33.543+0000] {logging_mixin.py:120} INFO - [2023-10-06T22:41:33.542+0000] {dag.py:2585} INFO - Sync 1 DAGs
[2023-10-06T22:41:33.563+0000] {logging_mixin.py:120} INFO - [2023-10-06T22:41:33.563+0000] {dag.py:3340} INFO - Setting next_dagrun for example_nested_branch_dag to 2023-10-05T00:00:00+00:00, run_after=2023-10-06T00:00:00+00:00
[2023-10-06T22:41:33.576+0000] {processor.py:176} INFO - Processing /home/airflow/.local/lib/python3.7/site-packages/airflow/example_dags/example_nested_branch_dag.py took 0.142 seconds
[2023-10-06T22:42:03.863+0000] {processor.py:154} INFO - Started process (PID=926) to work on /home/airflow/.local/lib/python3.7/site-packages/airflow/example_dags/example_nested_branch_dag.py
[2023-10-06T22:42:03.865+0000] {processor.py:756} INFO - Processing file /home/airflow/.local/lib/python3.7/site-packages/airflow/example_dags/example_nested_branch_dag.py for tasks to queue
[2023-10-06T22:42:03.865+0000] {logging_mixin.py:120} INFO - [2023-10-06T22:42:03.865+0000] {dagbag.py:537} INFO - Filling up the DagBag from /home/airflow/.local/lib/python3.7/site-packages/airflow/example_dags/example_nested_branch_dag.py
[2023-10-06T22:42:03.894+0000] {processor.py:766} INFO - DAG(s) dict_keys(['example_nested_branch_dag']) retrieved from /home/airflow/.local/lib/python3.7/site-packages/airflow/example_dags/example_nested_branch_dag.py
[2023-10-06T22:42:03.937+0000] {logging_mixin.py:120} INFO - [2023-10-06T22:42:03.936+0000] {dag.py:2585} INFO - Sync 1 DAGs
[2023-10-06T22:42:03.963+0000] {logging_mixin.py:120} INFO - [2023-10-06T22:42:03.962+0000] {dag.py:3340} INFO - Setting next_dagrun for example_nested_branch_dag to 2023-10-05T00:00:00+00:00, run_after=2023-10-06T00:00:00+00:00
[2023-10-06T22:42:03.985+0000] {processor.py:176} INFO - Processing /home/airflow/.local/lib/python3.7/site-packages/airflow/example_dags/example_nested_branch_dag.py took 0.126 seconds
[2023-10-06T22:42:34.254+0000] {processor.py:154} INFO - Started process (PID=987) to work on /home/airflow/.local/lib/python3.7/site-packages/airflow/example_dags/example_nested_branch_dag.py
[2023-10-06T22:42:34.255+0000] {processor.py:756} INFO - Processing file /home/airflow/.local/lib/python3.7/site-packages/airflow/example_dags/example_nested_branch_dag.py for tasks to queue
[2023-10-06T22:42:34.256+0000] {logging_mixin.py:120} INFO - [2023-10-06T22:42:34.256+0000] {dagbag.py:537} INFO - Filling up the DagBag from /home/airflow/.local/lib/python3.7/site-packages/airflow/example_dags/example_nested_branch_dag.py
[2023-10-06T22:42:34.276+0000] {processor.py:766} INFO - DAG(s) dict_keys(['example_nested_branch_dag']) retrieved from /home/airflow/.local/lib/python3.7/site-packages/airflow/example_dags/example_nested_branch_dag.py
[2023-10-06T22:42:34.316+0000] {logging_mixin.py:120} INFO - [2023-10-06T22:42:34.316+0000] {dag.py:2585} INFO - Sync 1 DAGs
[2023-10-06T22:42:34.337+0000] {logging_mixin.py:120} INFO - [2023-10-06T22:42:34.337+0000] {dag.py:3340} INFO - Setting next_dagrun for example_nested_branch_dag to 2023-10-05T00:00:00+00:00, run_after=2023-10-06T00:00:00+00:00
[2023-10-06T22:42:34.360+0000] {processor.py:176} INFO - Processing /home/airflow/.local/lib/python3.7/site-packages/airflow/example_dags/example_nested_branch_dag.py took 0.110 seconds
[2023-10-06T22:43:04.591+0000] {processor.py:154} INFO - Started process (PID=1044) to work on /home/airflow/.local/lib/python3.7/site-packages/airflow/example_dags/example_nested_branch_dag.py
[2023-10-06T22:43:04.592+0000] {processor.py:756} INFO - Processing file /home/airflow/.local/lib/python3.7/site-packages/airflow/example_dags/example_nested_branch_dag.py for tasks to queue
[2023-10-06T22:43:04.592+0000] {logging_mixin.py:120} INFO - [2023-10-06T22:43:04.592+0000] {dagbag.py:537} INFO - Filling up the DagBag from /home/airflow/.local/lib/python3.7/site-packages/airflow/example_dags/example_nested_branch_dag.py
[2023-10-06T22:43:04.608+0000] {processor.py:766} INFO - DAG(s) dict_keys(['example_nested_branch_dag']) retrieved from /home/airflow/.local/lib/python3.7/site-packages/airflow/example_dags/example_nested_branch_dag.py
[2023-10-06T22:43:04.641+0000] {logging_mixin.py:120} INFO - [2023-10-06T22:43:04.641+0000] {dag.py:2585} INFO - Sync 1 DAGs
[2023-10-06T22:43:04.662+0000] {logging_mixin.py:120} INFO - [2023-10-06T22:43:04.662+0000] {dag.py:3340} INFO - Setting next_dagrun for example_nested_branch_dag to 2023-10-05T00:00:00+00:00, run_after=2023-10-06T00:00:00+00:00
[2023-10-06T22:43:04.678+0000] {processor.py:176} INFO - Processing /home/airflow/.local/lib/python3.7/site-packages/airflow/example_dags/example_nested_branch_dag.py took 0.089 seconds
[2023-10-06T22:43:35.038+0000] {processor.py:154} INFO - Started process (PID=1108) to work on /home/airflow/.local/lib/python3.7/site-packages/airflow/example_dags/example_nested_branch_dag.py
[2023-10-06T22:43:35.039+0000] {processor.py:756} INFO - Processing file /home/airflow/.local/lib/python3.7/site-packages/airflow/example_dags/example_nested_branch_dag.py for tasks to queue
[2023-10-06T22:43:35.039+0000] {logging_mixin.py:120} INFO - [2023-10-06T22:43:35.039+0000] {dagbag.py:537} INFO - Filling up the DagBag from /home/airflow/.local/lib/python3.7/site-packages/airflow/example_dags/example_nested_branch_dag.py
[2023-10-06T22:43:35.056+0000] {processor.py:766} INFO - DAG(s) dict_keys(['example_nested_branch_dag']) retrieved from /home/airflow/.local/lib/python3.7/site-packages/airflow/example_dags/example_nested_branch_dag.py
[2023-10-06T22:43:35.089+0000] {logging_mixin.py:120} INFO - [2023-10-06T22:43:35.089+0000] {dag.py:2585} INFO - Sync 1 DAGs
[2023-10-06T22:43:35.109+0000] {logging_mixin.py:120} INFO - [2023-10-06T22:43:35.109+0000] {dag.py:3340} INFO - Setting next_dagrun for example_nested_branch_dag to 2023-10-05T00:00:00+00:00, run_after=2023-10-06T00:00:00+00:00
[2023-10-06T22:43:35.126+0000] {processor.py:176} INFO - Processing /home/airflow/.local/lib/python3.7/site-packages/airflow/example_dags/example_nested_branch_dag.py took 0.091 seconds
[2023-10-06T22:44:05.345+0000] {processor.py:154} INFO - Started process (PID=1170) to work on /home/airflow/.local/lib/python3.7/site-packages/airflow/example_dags/example_nested_branch_dag.py
[2023-10-06T22:44:05.346+0000] {processor.py:756} INFO - Processing file /home/airflow/.local/lib/python3.7/site-packages/airflow/example_dags/example_nested_branch_dag.py for tasks to queue
[2023-10-06T22:44:05.346+0000] {logging_mixin.py:120} INFO - [2023-10-06T22:44:05.346+0000] {dagbag.py:537} INFO - Filling up the DagBag from /home/airflow/.local/lib/python3.7/site-packages/airflow/example_dags/example_nested_branch_dag.py
[2023-10-06T22:44:05.363+0000] {processor.py:766} INFO - DAG(s) dict_keys(['example_nested_branch_dag']) retrieved from /home/airflow/.local/lib/python3.7/site-packages/airflow/example_dags/example_nested_branch_dag.py
[2023-10-06T22:44:05.392+0000] {logging_mixin.py:120} INFO - [2023-10-06T22:44:05.392+0000] {dag.py:2585} INFO - Sync 1 DAGs
[2023-10-06T22:44:05.410+0000] {logging_mixin.py:120} INFO - [2023-10-06T22:44:05.410+0000] {dag.py:3340} INFO - Setting next_dagrun for example_nested_branch_dag to 2023-10-05T00:00:00+00:00, run_after=2023-10-06T00:00:00+00:00
[2023-10-06T22:44:05.426+0000] {processor.py:176} INFO - Processing /home/airflow/.local/lib/python3.7/site-packages/airflow/example_dags/example_nested_branch_dag.py took 0.083 seconds
[2023-10-06T22:44:35.694+0000] {processor.py:154} INFO - Started process (PID=1234) to work on /home/airflow/.local/lib/python3.7/site-packages/airflow/example_dags/example_nested_branch_dag.py
[2023-10-06T22:44:35.695+0000] {processor.py:756} INFO - Processing file /home/airflow/.local/lib/python3.7/site-packages/airflow/example_dags/example_nested_branch_dag.py for tasks to queue
[2023-10-06T22:44:35.696+0000] {logging_mixin.py:120} INFO - [2023-10-06T22:44:35.696+0000] {dagbag.py:537} INFO - Filling up the DagBag from /home/airflow/.local/lib/python3.7/site-packages/airflow/example_dags/example_nested_branch_dag.py
[2023-10-06T22:44:35.715+0000] {processor.py:766} INFO - DAG(s) dict_keys(['example_nested_branch_dag']) retrieved from /home/airflow/.local/lib/python3.7/site-packages/airflow/example_dags/example_nested_branch_dag.py
[2023-10-06T22:44:35.750+0000] {logging_mixin.py:120} INFO - [2023-10-06T22:44:35.749+0000] {dag.py:2585} INFO - Sync 1 DAGs
[2023-10-06T22:44:35.769+0000] {logging_mixin.py:120} INFO - [2023-10-06T22:44:35.768+0000] {dag.py:3340} INFO - Setting next_dagrun for example_nested_branch_dag to 2023-10-05T00:00:00+00:00, run_after=2023-10-06T00:00:00+00:00
[2023-10-06T22:44:35.786+0000] {processor.py:176} INFO - Processing /home/airflow/.local/lib/python3.7/site-packages/airflow/example_dags/example_nested_branch_dag.py took 0.094 seconds
[2023-10-06T22:45:06.012+0000] {processor.py:154} INFO - Started process (PID=1289) to work on /home/airflow/.local/lib/python3.7/site-packages/airflow/example_dags/example_nested_branch_dag.py
[2023-10-06T22:45:06.014+0000] {processor.py:756} INFO - Processing file /home/airflow/.local/lib/python3.7/site-packages/airflow/example_dags/example_nested_branch_dag.py for tasks to queue
[2023-10-06T22:45:06.015+0000] {logging_mixin.py:120} INFO - [2023-10-06T22:45:06.015+0000] {dagbag.py:537} INFO - Filling up the DagBag from /home/airflow/.local/lib/python3.7/site-packages/airflow/example_dags/example_nested_branch_dag.py
[2023-10-06T22:45:06.032+0000] {processor.py:766} INFO - DAG(s) dict_keys(['example_nested_branch_dag']) retrieved from /home/airflow/.local/lib/python3.7/site-packages/airflow/example_dags/example_nested_branch_dag.py
[2023-10-06T22:45:06.066+0000] {logging_mixin.py:120} INFO - [2023-10-06T22:45:06.065+0000] {dag.py:2585} INFO - Sync 1 DAGs
[2023-10-06T22:45:06.088+0000] {logging_mixin.py:120} INFO - [2023-10-06T22:45:06.088+0000] {dag.py:3340} INFO - Setting next_dagrun for example_nested_branch_dag to 2023-10-05T00:00:00+00:00, run_after=2023-10-06T00:00:00+00:00
[2023-10-06T22:45:06.105+0000] {processor.py:176} INFO - Processing /home/airflow/.local/lib/python3.7/site-packages/airflow/example_dags/example_nested_branch_dag.py took 0.095 seconds
[2023-10-06T22:45:36.370+0000] {processor.py:154} INFO - Started process (PID=1353) to work on /home/airflow/.local/lib/python3.7/site-packages/airflow/example_dags/example_nested_branch_dag.py
[2023-10-06T22:45:36.371+0000] {processor.py:756} INFO - Processing file /home/airflow/.local/lib/python3.7/site-packages/airflow/example_dags/example_nested_branch_dag.py for tasks to queue
[2023-10-06T22:45:36.371+0000] {logging_mixin.py:120} INFO - [2023-10-06T22:45:36.371+0000] {dagbag.py:537} INFO - Filling up the DagBag from /home/airflow/.local/lib/python3.7/site-packages/airflow/example_dags/example_nested_branch_dag.py
[2023-10-06T22:45:36.387+0000] {processor.py:766} INFO - DAG(s) dict_keys(['example_nested_branch_dag']) retrieved from /home/airflow/.local/lib/python3.7/site-packages/airflow/example_dags/example_nested_branch_dag.py
[2023-10-06T22:45:36.417+0000] {logging_mixin.py:120} INFO - [2023-10-06T22:45:36.416+0000] {dag.py:2585} INFO - Sync 1 DAGs
[2023-10-06T22:45:36.434+0000] {logging_mixin.py:120} INFO - [2023-10-06T22:45:36.434+0000] {dag.py:3340} INFO - Setting next_dagrun for example_nested_branch_dag to 2023-10-05T00:00:00+00:00, run_after=2023-10-06T00:00:00+00:00
[2023-10-06T22:45:36.450+0000] {processor.py:176} INFO - Processing /home/airflow/.local/lib/python3.7/site-packages/airflow/example_dags/example_nested_branch_dag.py took 0.081 seconds
[2023-10-06T22:46:06.853+0000] {processor.py:154} INFO - Started process (PID=1417) to work on /home/airflow/.local/lib/python3.7/site-packages/airflow/example_dags/example_nested_branch_dag.py
[2023-10-06T22:46:06.855+0000] {processor.py:756} INFO - Processing file /home/airflow/.local/lib/python3.7/site-packages/airflow/example_dags/example_nested_branch_dag.py for tasks to queue
[2023-10-06T22:46:06.855+0000] {logging_mixin.py:120} INFO - [2023-10-06T22:46:06.855+0000] {dagbag.py:537} INFO - Filling up the DagBag from /home/airflow/.local/lib/python3.7/site-packages/airflow/example_dags/example_nested_branch_dag.py
[2023-10-06T22:46:06.873+0000] {processor.py:766} INFO - DAG(s) dict_keys(['example_nested_branch_dag']) retrieved from /home/airflow/.local/lib/python3.7/site-packages/airflow/example_dags/example_nested_branch_dag.py
[2023-10-06T22:46:06.904+0000] {logging_mixin.py:120} INFO - [2023-10-06T22:46:06.904+0000] {dag.py:2585} INFO - Sync 1 DAGs
[2023-10-06T22:46:06.922+0000] {logging_mixin.py:120} INFO - [2023-10-06T22:46:06.922+0000] {dag.py:3340} INFO - Setting next_dagrun for example_nested_branch_dag to 2023-10-05T00:00:00+00:00, run_after=2023-10-06T00:00:00+00:00
[2023-10-06T22:46:06.940+0000] {processor.py:176} INFO - Processing /home/airflow/.local/lib/python3.7/site-packages/airflow/example_dags/example_nested_branch_dag.py took 0.089 seconds
[2023-10-06T22:46:37.266+0000] {processor.py:154} INFO - Started process (PID=1482) to work on /home/airflow/.local/lib/python3.7/site-packages/airflow/example_dags/example_nested_branch_dag.py
[2023-10-06T22:46:37.266+0000] {processor.py:756} INFO - Processing file /home/airflow/.local/lib/python3.7/site-packages/airflow/example_dags/example_nested_branch_dag.py for tasks to queue
[2023-10-06T22:46:37.267+0000] {logging_mixin.py:120} INFO - [2023-10-06T22:46:37.267+0000] {dagbag.py:537} INFO - Filling up the DagBag from /home/airflow/.local/lib/python3.7/site-packages/airflow/example_dags/example_nested_branch_dag.py
[2023-10-06T22:46:37.292+0000] {processor.py:766} INFO - DAG(s) dict_keys(['example_nested_branch_dag']) retrieved from /home/airflow/.local/lib/python3.7/site-packages/airflow/example_dags/example_nested_branch_dag.py
[2023-10-06T22:46:37.329+0000] {logging_mixin.py:120} INFO - [2023-10-06T22:46:37.329+0000] {dag.py:2585} INFO - Sync 1 DAGs
[2023-10-06T22:46:37.347+0000] {logging_mixin.py:120} INFO - [2023-10-06T22:46:37.347+0000] {dag.py:3340} INFO - Setting next_dagrun for example_nested_branch_dag to 2023-10-05T00:00:00+00:00, run_after=2023-10-06T00:00:00+00:00
[2023-10-06T22:46:37.368+0000] {processor.py:176} INFO - Processing /home/airflow/.local/lib/python3.7/site-packages/airflow/example_dags/example_nested_branch_dag.py took 0.105 seconds
[2023-10-06T22:47:07.655+0000] {processor.py:154} INFO - Started process (PID=1537) to work on /home/airflow/.local/lib/python3.7/site-packages/airflow/example_dags/example_nested_branch_dag.py
[2023-10-06T22:47:07.656+0000] {processor.py:756} INFO - Processing file /home/airflow/.local/lib/python3.7/site-packages/airflow/example_dags/example_nested_branch_dag.py for tasks to queue
[2023-10-06T22:47:07.657+0000] {logging_mixin.py:120} INFO - [2023-10-06T22:47:07.656+0000] {dagbag.py:537} INFO - Filling up the DagBag from /home/airflow/.local/lib/python3.7/site-packages/airflow/example_dags/example_nested_branch_dag.py
[2023-10-06T22:47:07.674+0000] {processor.py:766} INFO - DAG(s) dict_keys(['example_nested_branch_dag']) retrieved from /home/airflow/.local/lib/python3.7/site-packages/airflow/example_dags/example_nested_branch_dag.py
[2023-10-06T22:47:07.706+0000] {logging_mixin.py:120} INFO - [2023-10-06T22:47:07.706+0000] {dag.py:2585} INFO - Sync 1 DAGs
[2023-10-06T22:47:07.725+0000] {logging_mixin.py:120} INFO - [2023-10-06T22:47:07.725+0000] {dag.py:3340} INFO - Setting next_dagrun for example_nested_branch_dag to 2023-10-05T00:00:00+00:00, run_after=2023-10-06T00:00:00+00:00
[2023-10-06T22:47:07.743+0000] {processor.py:176} INFO - Processing /home/airflow/.local/lib/python3.7/site-packages/airflow/example_dags/example_nested_branch_dag.py took 0.090 seconds
[2023-10-06T22:47:38.012+0000] {processor.py:154} INFO - Started process (PID=1600) to work on /home/airflow/.local/lib/python3.7/site-packages/airflow/example_dags/example_nested_branch_dag.py
[2023-10-06T22:47:38.012+0000] {processor.py:756} INFO - Processing file /home/airflow/.local/lib/python3.7/site-packages/airflow/example_dags/example_nested_branch_dag.py for tasks to queue
[2023-10-06T22:47:38.012+0000] {logging_mixin.py:120} INFO - [2023-10-06T22:47:38.012+0000] {dagbag.py:537} INFO - Filling up the DagBag from /home/airflow/.local/lib/python3.7/site-packages/airflow/example_dags/example_nested_branch_dag.py
[2023-10-06T22:47:38.029+0000] {processor.py:766} INFO - DAG(s) dict_keys(['example_nested_branch_dag']) retrieved from /home/airflow/.local/lib/python3.7/site-packages/airflow/example_dags/example_nested_branch_dag.py
[2023-10-06T22:47:38.059+0000] {logging_mixin.py:120} INFO - [2023-10-06T22:47:38.059+0000] {dag.py:2585} INFO - Sync 1 DAGs
[2023-10-06T22:47:38.078+0000] {logging_mixin.py:120} INFO - [2023-10-06T22:47:38.078+0000] {dag.py:3340} INFO - Setting next_dagrun for example_nested_branch_dag to 2023-10-05T00:00:00+00:00, run_after=2023-10-06T00:00:00+00:00
[2023-10-06T22:47:38.095+0000] {processor.py:176} INFO - Processing /home/airflow/.local/lib/python3.7/site-packages/airflow/example_dags/example_nested_branch_dag.py took 0.086 seconds
[2023-10-06T22:48:08.296+0000] {processor.py:154} INFO - Started process (PID=1664) to work on /home/airflow/.local/lib/python3.7/site-packages/airflow/example_dags/example_nested_branch_dag.py
[2023-10-06T22:48:08.298+0000] {processor.py:756} INFO - Processing file /home/airflow/.local/lib/python3.7/site-packages/airflow/example_dags/example_nested_branch_dag.py for tasks to queue
[2023-10-06T22:48:08.300+0000] {logging_mixin.py:120} INFO - [2023-10-06T22:48:08.299+0000] {dagbag.py:537} INFO - Filling up the DagBag from /home/airflow/.local/lib/python3.7/site-packages/airflow/example_dags/example_nested_branch_dag.py
[2023-10-06T22:48:08.322+0000] {processor.py:766} INFO - DAG(s) dict_keys(['example_nested_branch_dag']) retrieved from /home/airflow/.local/lib/python3.7/site-packages/airflow/example_dags/example_nested_branch_dag.py
[2023-10-06T22:48:08.356+0000] {logging_mixin.py:120} INFO - [2023-10-06T22:48:08.356+0000] {dag.py:2585} INFO - Sync 1 DAGs
[2023-10-06T22:48:08.373+0000] {logging_mixin.py:120} INFO - [2023-10-06T22:48:08.373+0000] {dag.py:3340} INFO - Setting next_dagrun for example_nested_branch_dag to 2023-10-05T00:00:00+00:00, run_after=2023-10-06T00:00:00+00:00
[2023-10-06T22:48:08.391+0000] {processor.py:176} INFO - Processing /home/airflow/.local/lib/python3.7/site-packages/airflow/example_dags/example_nested_branch_dag.py took 0.097 seconds
[2023-10-06T22:48:39.071+0000] {processor.py:154} INFO - Started process (PID=1727) to work on /home/airflow/.local/lib/python3.7/site-packages/airflow/example_dags/example_nested_branch_dag.py
[2023-10-06T22:48:39.071+0000] {processor.py:756} INFO - Processing file /home/airflow/.local/lib/python3.7/site-packages/airflow/example_dags/example_nested_branch_dag.py for tasks to queue
[2023-10-06T22:48:39.072+0000] {logging_mixin.py:120} INFO - [2023-10-06T22:48:39.072+0000] {dagbag.py:537} INFO - Filling up the DagBag from /home/airflow/.local/lib/python3.7/site-packages/airflow/example_dags/example_nested_branch_dag.py
[2023-10-06T22:48:39.089+0000] {processor.py:766} INFO - DAG(s) dict_keys(['example_nested_branch_dag']) retrieved from /home/airflow/.local/lib/python3.7/site-packages/airflow/example_dags/example_nested_branch_dag.py
[2023-10-06T22:48:39.120+0000] {logging_mixin.py:120} INFO - [2023-10-06T22:48:39.120+0000] {dag.py:2585} INFO - Sync 1 DAGs
[2023-10-06T22:48:39.138+0000] {logging_mixin.py:120} INFO - [2023-10-06T22:48:39.138+0000] {dag.py:3340} INFO - Setting next_dagrun for example_nested_branch_dag to 2023-10-05T00:00:00+00:00, run_after=2023-10-06T00:00:00+00:00
[2023-10-06T22:48:39.153+0000] {processor.py:176} INFO - Processing /home/airflow/.local/lib/python3.7/site-packages/airflow/example_dags/example_nested_branch_dag.py took 0.085 seconds
[2023-10-06T22:49:09.459+0000] {processor.py:154} INFO - Started process (PID=1782) to work on /home/airflow/.local/lib/python3.7/site-packages/airflow/example_dags/example_nested_branch_dag.py
[2023-10-06T22:49:09.460+0000] {processor.py:756} INFO - Processing file /home/airflow/.local/lib/python3.7/site-packages/airflow/example_dags/example_nested_branch_dag.py for tasks to queue
[2023-10-06T22:49:09.460+0000] {logging_mixin.py:120} INFO - [2023-10-06T22:49:09.460+0000] {dagbag.py:537} INFO - Filling up the DagBag from /home/airflow/.local/lib/python3.7/site-packages/airflow/example_dags/example_nested_branch_dag.py
[2023-10-06T22:49:09.477+0000] {processor.py:766} INFO - DAG(s) dict_keys(['example_nested_branch_dag']) retrieved from /home/airflow/.local/lib/python3.7/site-packages/airflow/example_dags/example_nested_branch_dag.py
[2023-10-06T22:49:09.506+0000] {logging_mixin.py:120} INFO - [2023-10-06T22:49:09.506+0000] {dag.py:2585} INFO - Sync 1 DAGs
[2023-10-06T22:49:09.524+0000] {logging_mixin.py:120} INFO - [2023-10-06T22:49:09.524+0000] {dag.py:3340} INFO - Setting next_dagrun for example_nested_branch_dag to 2023-10-05T00:00:00+00:00, run_after=2023-10-06T00:00:00+00:00
[2023-10-06T22:49:09.539+0000] {processor.py:176} INFO - Processing /home/airflow/.local/lib/python3.7/site-packages/airflow/example_dags/example_nested_branch_dag.py took 0.082 seconds
[2023-10-06T22:49:39.899+0000] {processor.py:154} INFO - Started process (PID=1846) to work on /home/airflow/.local/lib/python3.7/site-packages/airflow/example_dags/example_nested_branch_dag.py
[2023-10-06T22:49:39.900+0000] {processor.py:756} INFO - Processing file /home/airflow/.local/lib/python3.7/site-packages/airflow/example_dags/example_nested_branch_dag.py for tasks to queue
[2023-10-06T22:49:39.900+0000] {logging_mixin.py:120} INFO - [2023-10-06T22:49:39.900+0000] {dagbag.py:537} INFO - Filling up the DagBag from /home/airflow/.local/lib/python3.7/site-packages/airflow/example_dags/example_nested_branch_dag.py
[2023-10-06T22:49:39.921+0000] {processor.py:766} INFO - DAG(s) dict_keys(['example_nested_branch_dag']) retrieved from /home/airflow/.local/lib/python3.7/site-packages/airflow/example_dags/example_nested_branch_dag.py
[2023-10-06T22:49:39.956+0000] {logging_mixin.py:120} INFO - [2023-10-06T22:49:39.956+0000] {dag.py:2585} INFO - Sync 1 DAGs
[2023-10-06T22:49:39.976+0000] {logging_mixin.py:120} INFO - [2023-10-06T22:49:39.976+0000] {dag.py:3340} INFO - Setting next_dagrun for example_nested_branch_dag to 2023-10-05T00:00:00+00:00, run_after=2023-10-06T00:00:00+00:00
[2023-10-06T22:49:39.992+0000] {processor.py:176} INFO - Processing /home/airflow/.local/lib/python3.7/site-packages/airflow/example_dags/example_nested_branch_dag.py took 0.095 seconds
[2023-10-06T22:50:10.187+0000] {processor.py:154} INFO - Started process (PID=1910) to work on /home/airflow/.local/lib/python3.7/site-packages/airflow/example_dags/example_nested_branch_dag.py
[2023-10-06T22:50:10.188+0000] {processor.py:756} INFO - Processing file /home/airflow/.local/lib/python3.7/site-packages/airflow/example_dags/example_nested_branch_dag.py for tasks to queue
[2023-10-06T22:50:10.188+0000] {logging_mixin.py:120} INFO - [2023-10-06T22:50:10.188+0000] {dagbag.py:537} INFO - Filling up the DagBag from /home/airflow/.local/lib/python3.7/site-packages/airflow/example_dags/example_nested_branch_dag.py
[2023-10-06T22:50:10.204+0000] {processor.py:766} INFO - DAG(s) dict_keys(['example_nested_branch_dag']) retrieved from /home/airflow/.local/lib/python3.7/site-packages/airflow/example_dags/example_nested_branch_dag.py
[2023-10-06T22:50:10.232+0000] {logging_mixin.py:120} INFO - [2023-10-06T22:50:10.231+0000] {dag.py:2585} INFO - Sync 1 DAGs
[2023-10-06T22:50:10.248+0000] {logging_mixin.py:120} INFO - [2023-10-06T22:50:10.248+0000] {dag.py:3340} INFO - Setting next_dagrun for example_nested_branch_dag to 2023-10-05T00:00:00+00:00, run_after=2023-10-06T00:00:00+00:00
[2023-10-06T22:50:10.263+0000] {processor.py:176} INFO - Processing /home/airflow/.local/lib/python3.7/site-packages/airflow/example_dags/example_nested_branch_dag.py took 0.079 seconds
[2023-10-06T22:50:40.467+0000] {processor.py:154} INFO - Started process (PID=1975) to work on /home/airflow/.local/lib/python3.7/site-packages/airflow/example_dags/example_nested_branch_dag.py
[2023-10-06T22:50:40.468+0000] {processor.py:756} INFO - Processing file /home/airflow/.local/lib/python3.7/site-packages/airflow/example_dags/example_nested_branch_dag.py for tasks to queue
[2023-10-06T22:50:40.468+0000] {logging_mixin.py:120} INFO - [2023-10-06T22:50:40.468+0000] {dagbag.py:537} INFO - Filling up the DagBag from /home/airflow/.local/lib/python3.7/site-packages/airflow/example_dags/example_nested_branch_dag.py
[2023-10-06T22:50:40.484+0000] {processor.py:766} INFO - DAG(s) dict_keys(['example_nested_branch_dag']) retrieved from /home/airflow/.local/lib/python3.7/site-packages/airflow/example_dags/example_nested_branch_dag.py
[2023-10-06T22:50:40.514+0000] {logging_mixin.py:120} INFO - [2023-10-06T22:50:40.513+0000] {dag.py:2585} INFO - Sync 1 DAGs
[2023-10-06T22:50:40.530+0000] {logging_mixin.py:120} INFO - [2023-10-06T22:50:40.530+0000] {dag.py:3340} INFO - Setting next_dagrun for example_nested_branch_dag to 2023-10-05T00:00:00+00:00, run_after=2023-10-06T00:00:00+00:00
[2023-10-06T22:50:40.545+0000] {processor.py:176} INFO - Processing /home/airflow/.local/lib/python3.7/site-packages/airflow/example_dags/example_nested_branch_dag.py took 0.080 seconds
[2023-10-06T22:51:10.738+0000] {processor.py:154} INFO - Started process (PID=2030) to work on /home/airflow/.local/lib/python3.7/site-packages/airflow/example_dags/example_nested_branch_dag.py
[2023-10-06T22:51:10.739+0000] {processor.py:756} INFO - Processing file /home/airflow/.local/lib/python3.7/site-packages/airflow/example_dags/example_nested_branch_dag.py for tasks to queue
[2023-10-06T22:51:10.740+0000] {logging_mixin.py:120} INFO - [2023-10-06T22:51:10.740+0000] {dagbag.py:537} INFO - Filling up the DagBag from /home/airflow/.local/lib/python3.7/site-packages/airflow/example_dags/example_nested_branch_dag.py
[2023-10-06T22:51:10.759+0000] {processor.py:766} INFO - DAG(s) dict_keys(['example_nested_branch_dag']) retrieved from /home/airflow/.local/lib/python3.7/site-packages/airflow/example_dags/example_nested_branch_dag.py
[2023-10-06T22:51:10.792+0000] {logging_mixin.py:120} INFO - [2023-10-06T22:51:10.792+0000] {dag.py:2585} INFO - Sync 1 DAGs
[2023-10-06T22:51:10.813+0000] {logging_mixin.py:120} INFO - [2023-10-06T22:51:10.812+0000] {dag.py:3340} INFO - Setting next_dagrun for example_nested_branch_dag to 2023-10-05T00:00:00+00:00, run_after=2023-10-06T00:00:00+00:00
[2023-10-06T22:51:10.831+0000] {processor.py:176} INFO - Processing /home/airflow/.local/lib/python3.7/site-packages/airflow/example_dags/example_nested_branch_dag.py took 0.095 seconds
[2023-10-06T22:51:41.468+0000] {processor.py:154} INFO - Started process (PID=2093) to work on /home/airflow/.local/lib/python3.7/site-packages/airflow/example_dags/example_nested_branch_dag.py
[2023-10-06T22:51:41.469+0000] {processor.py:756} INFO - Processing file /home/airflow/.local/lib/python3.7/site-packages/airflow/example_dags/example_nested_branch_dag.py for tasks to queue
[2023-10-06T22:51:41.469+0000] {logging_mixin.py:120} INFO - [2023-10-06T22:51:41.469+0000] {dagbag.py:537} INFO - Filling up the DagBag from /home/airflow/.local/lib/python3.7/site-packages/airflow/example_dags/example_nested_branch_dag.py
[2023-10-06T22:51:41.486+0000] {processor.py:766} INFO - DAG(s) dict_keys(['example_nested_branch_dag']) retrieved from /home/airflow/.local/lib/python3.7/site-packages/airflow/example_dags/example_nested_branch_dag.py
[2023-10-06T22:51:41.515+0000] {logging_mixin.py:120} INFO - [2023-10-06T22:51:41.515+0000] {dag.py:2585} INFO - Sync 1 DAGs
[2023-10-06T22:51:41.536+0000] {logging_mixin.py:120} INFO - [2023-10-06T22:51:41.536+0000] {dag.py:3340} INFO - Setting next_dagrun for example_nested_branch_dag to 2023-10-05T00:00:00+00:00, run_after=2023-10-06T00:00:00+00:00
[2023-10-06T22:51:41.551+0000] {processor.py:176} INFO - Processing /home/airflow/.local/lib/python3.7/site-packages/airflow/example_dags/example_nested_branch_dag.py took 0.085 seconds
[2023-10-06T22:52:11.836+0000] {processor.py:154} INFO - Started process (PID=2157) to work on /home/airflow/.local/lib/python3.7/site-packages/airflow/example_dags/example_nested_branch_dag.py
[2023-10-06T22:52:11.837+0000] {processor.py:756} INFO - Processing file /home/airflow/.local/lib/python3.7/site-packages/airflow/example_dags/example_nested_branch_dag.py for tasks to queue
[2023-10-06T22:52:11.837+0000] {logging_mixin.py:120} INFO - [2023-10-06T22:52:11.837+0000] {dagbag.py:537} INFO - Filling up the DagBag from /home/airflow/.local/lib/python3.7/site-packages/airflow/example_dags/example_nested_branch_dag.py
[2023-10-06T22:52:11.853+0000] {processor.py:766} INFO - DAG(s) dict_keys(['example_nested_branch_dag']) retrieved from /home/airflow/.local/lib/python3.7/site-packages/airflow/example_dags/example_nested_branch_dag.py
[2023-10-06T22:52:11.883+0000] {logging_mixin.py:120} INFO - [2023-10-06T22:52:11.883+0000] {dag.py:2585} INFO - Sync 1 DAGs
[2023-10-06T22:52:11.900+0000] {logging_mixin.py:120} INFO - [2023-10-06T22:52:11.900+0000] {dag.py:3340} INFO - Setting next_dagrun for example_nested_branch_dag to 2023-10-05T00:00:00+00:00, run_after=2023-10-06T00:00:00+00:00
[2023-10-06T22:52:11.916+0000] {processor.py:176} INFO - Processing /home/airflow/.local/lib/python3.7/site-packages/airflow/example_dags/example_nested_branch_dag.py took 0.082 seconds
[2023-10-06T22:52:41.992+0000] {processor.py:154} INFO - Started process (PID=2222) to work on /home/airflow/.local/lib/python3.7/site-packages/airflow/example_dags/example_nested_branch_dag.py
[2023-10-06T22:52:41.993+0000] {processor.py:756} INFO - Processing file /home/airflow/.local/lib/python3.7/site-packages/airflow/example_dags/example_nested_branch_dag.py for tasks to queue
[2023-10-06T22:52:41.993+0000] {logging_mixin.py:120} INFO - [2023-10-06T22:52:41.993+0000] {dagbag.py:537} INFO - Filling up the DagBag from /home/airflow/.local/lib/python3.7/site-packages/airflow/example_dags/example_nested_branch_dag.py
[2023-10-06T22:52:42.011+0000] {processor.py:766} INFO - DAG(s) dict_keys(['example_nested_branch_dag']) retrieved from /home/airflow/.local/lib/python3.7/site-packages/airflow/example_dags/example_nested_branch_dag.py
[2023-10-06T22:52:42.041+0000] {logging_mixin.py:120} INFO - [2023-10-06T22:52:42.041+0000] {dag.py:2585} INFO - Sync 1 DAGs
[2023-10-06T22:52:42.057+0000] {logging_mixin.py:120} INFO - [2023-10-06T22:52:42.057+0000] {dag.py:3340} INFO - Setting next_dagrun for example_nested_branch_dag to 2023-10-05T00:00:00+00:00, run_after=2023-10-06T00:00:00+00:00
[2023-10-06T22:52:42.072+0000] {processor.py:176} INFO - Processing /home/airflow/.local/lib/python3.7/site-packages/airflow/example_dags/example_nested_branch_dag.py took 0.082 seconds
[2023-10-06T22:53:12.391+0000] {processor.py:154} INFO - Started process (PID=2286) to work on /home/airflow/.local/lib/python3.7/site-packages/airflow/example_dags/example_nested_branch_dag.py
[2023-10-06T22:53:12.393+0000] {processor.py:756} INFO - Processing file /home/airflow/.local/lib/python3.7/site-packages/airflow/example_dags/example_nested_branch_dag.py for tasks to queue
[2023-10-06T22:53:12.393+0000] {logging_mixin.py:120} INFO - [2023-10-06T22:53:12.393+0000] {dagbag.py:537} INFO - Filling up the DagBag from /home/airflow/.local/lib/python3.7/site-packages/airflow/example_dags/example_nested_branch_dag.py
[2023-10-06T22:53:12.412+0000] {processor.py:766} INFO - DAG(s) dict_keys(['example_nested_branch_dag']) retrieved from /home/airflow/.local/lib/python3.7/site-packages/airflow/example_dags/example_nested_branch_dag.py
[2023-10-06T22:53:12.452+0000] {logging_mixin.py:120} INFO - [2023-10-06T22:53:12.452+0000] {dag.py:2585} INFO - Sync 1 DAGs
[2023-10-06T22:53:12.476+0000] {logging_mixin.py:120} INFO - [2023-10-06T22:53:12.476+0000] {dag.py:3340} INFO - Setting next_dagrun for example_nested_branch_dag to 2023-10-05T00:00:00+00:00, run_after=2023-10-06T00:00:00+00:00
[2023-10-06T22:53:12.492+0000] {processor.py:176} INFO - Processing /home/airflow/.local/lib/python3.7/site-packages/airflow/example_dags/example_nested_branch_dag.py took 0.104 seconds
[2023-10-06T22:53:42.679+0000] {processor.py:154} INFO - Started process (PID=2341) to work on /home/airflow/.local/lib/python3.7/site-packages/airflow/example_dags/example_nested_branch_dag.py
[2023-10-06T22:53:42.680+0000] {processor.py:756} INFO - Processing file /home/airflow/.local/lib/python3.7/site-packages/airflow/example_dags/example_nested_branch_dag.py for tasks to queue
[2023-10-06T22:53:42.680+0000] {logging_mixin.py:120} INFO - [2023-10-06T22:53:42.680+0000] {dagbag.py:537} INFO - Filling up the DagBag from /home/airflow/.local/lib/python3.7/site-packages/airflow/example_dags/example_nested_branch_dag.py
[2023-10-06T22:53:42.696+0000] {processor.py:766} INFO - DAG(s) dict_keys(['example_nested_branch_dag']) retrieved from /home/airflow/.local/lib/python3.7/site-packages/airflow/example_dags/example_nested_branch_dag.py
[2023-10-06T22:53:42.724+0000] {logging_mixin.py:120} INFO - [2023-10-06T22:53:42.724+0000] {dag.py:2585} INFO - Sync 1 DAGs
[2023-10-06T22:53:42.742+0000] {logging_mixin.py:120} INFO - [2023-10-06T22:53:42.742+0000] {dag.py:3340} INFO - Setting next_dagrun for example_nested_branch_dag to 2023-10-05T00:00:00+00:00, run_after=2023-10-06T00:00:00+00:00
[2023-10-06T22:53:42.756+0000] {processor.py:176} INFO - Processing /home/airflow/.local/lib/python3.7/site-packages/airflow/example_dags/example_nested_branch_dag.py took 0.079 seconds
[2023-10-06T22:54:12.836+0000] {processor.py:154} INFO - Started process (PID=2405) to work on /home/airflow/.local/lib/python3.7/site-packages/airflow/example_dags/example_nested_branch_dag.py
[2023-10-06T22:54:12.837+0000] {processor.py:756} INFO - Processing file /home/airflow/.local/lib/python3.7/site-packages/airflow/example_dags/example_nested_branch_dag.py for tasks to queue
[2023-10-06T22:54:12.837+0000] {logging_mixin.py:120} INFO - [2023-10-06T22:54:12.837+0000] {dagbag.py:537} INFO - Filling up the DagBag from /home/airflow/.local/lib/python3.7/site-packages/airflow/example_dags/example_nested_branch_dag.py
[2023-10-06T22:54:12.853+0000] {processor.py:766} INFO - DAG(s) dict_keys(['example_nested_branch_dag']) retrieved from /home/airflow/.local/lib/python3.7/site-packages/airflow/example_dags/example_nested_branch_dag.py
[2023-10-06T22:54:12.883+0000] {logging_mixin.py:120} INFO - [2023-10-06T22:54:12.882+0000] {dag.py:2585} INFO - Sync 1 DAGs
[2023-10-06T22:54:12.899+0000] {logging_mixin.py:120} INFO - [2023-10-06T22:54:12.899+0000] {dag.py:3340} INFO - Setting next_dagrun for example_nested_branch_dag to 2023-10-05T00:00:00+00:00, run_after=2023-10-06T00:00:00+00:00
[2023-10-06T22:54:12.915+0000] {processor.py:176} INFO - Processing /home/airflow/.local/lib/python3.7/site-packages/airflow/example_dags/example_nested_branch_dag.py took 0.082 seconds
[2023-10-06T22:54:43.141+0000] {processor.py:154} INFO - Started process (PID=2469) to work on /home/airflow/.local/lib/python3.7/site-packages/airflow/example_dags/example_nested_branch_dag.py
[2023-10-06T22:54:43.141+0000] {processor.py:756} INFO - Processing file /home/airflow/.local/lib/python3.7/site-packages/airflow/example_dags/example_nested_branch_dag.py for tasks to queue
[2023-10-06T22:54:43.141+0000] {logging_mixin.py:120} INFO - [2023-10-06T22:54:43.141+0000] {dagbag.py:537} INFO - Filling up the DagBag from /home/airflow/.local/lib/python3.7/site-packages/airflow/example_dags/example_nested_branch_dag.py
[2023-10-06T22:54:43.158+0000] {processor.py:766} INFO - DAG(s) dict_keys(['example_nested_branch_dag']) retrieved from /home/airflow/.local/lib/python3.7/site-packages/airflow/example_dags/example_nested_branch_dag.py
[2023-10-06T22:54:43.186+0000] {logging_mixin.py:120} INFO - [2023-10-06T22:54:43.186+0000] {dag.py:2585} INFO - Sync 1 DAGs
[2023-10-06T22:54:43.203+0000] {logging_mixin.py:120} INFO - [2023-10-06T22:54:43.203+0000] {dag.py:3340} INFO - Setting next_dagrun for example_nested_branch_dag to 2023-10-05T00:00:00+00:00, run_after=2023-10-06T00:00:00+00:00
[2023-10-06T22:54:43.219+0000] {processor.py:176} INFO - Processing /home/airflow/.local/lib/python3.7/site-packages/airflow/example_dags/example_nested_branch_dag.py took 0.080 seconds
[2023-10-06T22:55:13.548+0000] {processor.py:154} INFO - Started process (PID=2533) to work on /home/airflow/.local/lib/python3.7/site-packages/airflow/example_dags/example_nested_branch_dag.py
[2023-10-06T22:55:13.549+0000] {processor.py:756} INFO - Processing file /home/airflow/.local/lib/python3.7/site-packages/airflow/example_dags/example_nested_branch_dag.py for tasks to queue
[2023-10-06T22:55:13.549+0000] {logging_mixin.py:120} INFO - [2023-10-06T22:55:13.549+0000] {dagbag.py:537} INFO - Filling up the DagBag from /home/airflow/.local/lib/python3.7/site-packages/airflow/example_dags/example_nested_branch_dag.py
[2023-10-06T22:55:13.566+0000] {processor.py:766} INFO - DAG(s) dict_keys(['example_nested_branch_dag']) retrieved from /home/airflow/.local/lib/python3.7/site-packages/airflow/example_dags/example_nested_branch_dag.py
[2023-10-06T22:55:13.595+0000] {logging_mixin.py:120} INFO - [2023-10-06T22:55:13.595+0000] {dag.py:2585} INFO - Sync 1 DAGs
[2023-10-06T22:55:13.613+0000] {logging_mixin.py:120} INFO - [2023-10-06T22:55:13.613+0000] {dag.py:3340} INFO - Setting next_dagrun for example_nested_branch_dag to 2023-10-05T00:00:00+00:00, run_after=2023-10-06T00:00:00+00:00
[2023-10-06T22:55:13.630+0000] {processor.py:176} INFO - Processing /home/airflow/.local/lib/python3.7/site-packages/airflow/example_dags/example_nested_branch_dag.py took 0.085 seconds
[2023-10-06T22:55:43.766+0000] {processor.py:154} INFO - Started process (PID=2588) to work on /home/airflow/.local/lib/python3.7/site-packages/airflow/example_dags/example_nested_branch_dag.py
[2023-10-06T22:55:43.767+0000] {processor.py:756} INFO - Processing file /home/airflow/.local/lib/python3.7/site-packages/airflow/example_dags/example_nested_branch_dag.py for tasks to queue
[2023-10-06T22:55:43.767+0000] {logging_mixin.py:120} INFO - [2023-10-06T22:55:43.767+0000] {dagbag.py:537} INFO - Filling up the DagBag from /home/airflow/.local/lib/python3.7/site-packages/airflow/example_dags/example_nested_branch_dag.py
[2023-10-06T22:55:43.788+0000] {processor.py:766} INFO - DAG(s) dict_keys(['example_nested_branch_dag']) retrieved from /home/airflow/.local/lib/python3.7/site-packages/airflow/example_dags/example_nested_branch_dag.py
[2023-10-06T22:55:43.820+0000] {logging_mixin.py:120} INFO - [2023-10-06T22:55:43.820+0000] {dag.py:2585} INFO - Sync 1 DAGs
[2023-10-06T22:55:43.840+0000] {logging_mixin.py:120} INFO - [2023-10-06T22:55:43.840+0000] {dag.py:3340} INFO - Setting next_dagrun for example_nested_branch_dag to 2023-10-05T00:00:00+00:00, run_after=2023-10-06T00:00:00+00:00
[2023-10-06T22:55:43.856+0000] {processor.py:176} INFO - Processing /home/airflow/.local/lib/python3.7/site-packages/airflow/example_dags/example_nested_branch_dag.py took 0.093 seconds
[2023-10-06T22:56:14.212+0000] {processor.py:154} INFO - Started process (PID=2652) to work on /home/airflow/.local/lib/python3.7/site-packages/airflow/example_dags/example_nested_branch_dag.py
[2023-10-06T22:56:14.213+0000] {processor.py:756} INFO - Processing file /home/airflow/.local/lib/python3.7/site-packages/airflow/example_dags/example_nested_branch_dag.py for tasks to queue
[2023-10-06T22:56:14.213+0000] {logging_mixin.py:120} INFO - [2023-10-06T22:56:14.213+0000] {dagbag.py:537} INFO - Filling up the DagBag from /home/airflow/.local/lib/python3.7/site-packages/airflow/example_dags/example_nested_branch_dag.py
[2023-10-06T22:56:14.230+0000] {processor.py:766} INFO - DAG(s) dict_keys(['example_nested_branch_dag']) retrieved from /home/airflow/.local/lib/python3.7/site-packages/airflow/example_dags/example_nested_branch_dag.py
[2023-10-06T22:56:14.259+0000] {logging_mixin.py:120} INFO - [2023-10-06T22:56:14.259+0000] {dag.py:2585} INFO - Sync 1 DAGs
[2023-10-06T22:56:14.276+0000] {logging_mixin.py:120} INFO - [2023-10-06T22:56:14.276+0000] {dag.py:3340} INFO - Setting next_dagrun for example_nested_branch_dag to 2023-10-05T00:00:00+00:00, run_after=2023-10-06T00:00:00+00:00
[2023-10-06T22:56:14.293+0000] {processor.py:176} INFO - Processing /home/airflow/.local/lib/python3.7/site-packages/airflow/example_dags/example_nested_branch_dag.py took 0.085 seconds
[2023-10-06T22:56:44.430+0000] {processor.py:154} INFO - Started process (PID=2715) to work on /home/airflow/.local/lib/python3.7/site-packages/airflow/example_dags/example_nested_branch_dag.py
[2023-10-06T22:56:44.431+0000] {processor.py:756} INFO - Processing file /home/airflow/.local/lib/python3.7/site-packages/airflow/example_dags/example_nested_branch_dag.py for tasks to queue
[2023-10-06T22:56:44.431+0000] {logging_mixin.py:120} INFO - [2023-10-06T22:56:44.431+0000] {dagbag.py:537} INFO - Filling up the DagBag from /home/airflow/.local/lib/python3.7/site-packages/airflow/example_dags/example_nested_branch_dag.py
[2023-10-06T22:56:44.446+0000] {processor.py:766} INFO - DAG(s) dict_keys(['example_nested_branch_dag']) retrieved from /home/airflow/.local/lib/python3.7/site-packages/airflow/example_dags/example_nested_branch_dag.py
[2023-10-06T22:56:44.475+0000] {logging_mixin.py:120} INFO - [2023-10-06T22:56:44.475+0000] {dag.py:2585} INFO - Sync 1 DAGs
[2023-10-06T22:56:44.492+0000] {logging_mixin.py:120} INFO - [2023-10-06T22:56:44.492+0000] {dag.py:3340} INFO - Setting next_dagrun for example_nested_branch_dag to 2023-10-05T00:00:00+00:00, run_after=2023-10-06T00:00:00+00:00
[2023-10-06T22:56:44.509+0000] {processor.py:176} INFO - Processing /home/airflow/.local/lib/python3.7/site-packages/airflow/example_dags/example_nested_branch_dag.py took 0.081 seconds
[2023-10-06T22:57:14.684+0000] {processor.py:154} INFO - Started process (PID=2779) to work on /home/airflow/.local/lib/python3.7/site-packages/airflow/example_dags/example_nested_branch_dag.py
[2023-10-06T22:57:14.685+0000] {processor.py:756} INFO - Processing file /home/airflow/.local/lib/python3.7/site-packages/airflow/example_dags/example_nested_branch_dag.py for tasks to queue
[2023-10-06T22:57:14.686+0000] {logging_mixin.py:120} INFO - [2023-10-06T22:57:14.686+0000] {dagbag.py:537} INFO - Filling up the DagBag from /home/airflow/.local/lib/python3.7/site-packages/airflow/example_dags/example_nested_branch_dag.py
[2023-10-06T22:57:14.702+0000] {processor.py:766} INFO - DAG(s) dict_keys(['example_nested_branch_dag']) retrieved from /home/airflow/.local/lib/python3.7/site-packages/airflow/example_dags/example_nested_branch_dag.py
[2023-10-06T22:57:14.729+0000] {logging_mixin.py:120} INFO - [2023-10-06T22:57:14.729+0000] {dag.py:2585} INFO - Sync 1 DAGs
[2023-10-06T22:57:14.747+0000] {logging_mixin.py:120} INFO - [2023-10-06T22:57:14.746+0000] {dag.py:3340} INFO - Setting next_dagrun for example_nested_branch_dag to 2023-10-05T00:00:00+00:00, run_after=2023-10-06T00:00:00+00:00
[2023-10-06T22:57:14.761+0000] {processor.py:176} INFO - Processing /home/airflow/.local/lib/python3.7/site-packages/airflow/example_dags/example_nested_branch_dag.py took 0.079 seconds
[2023-10-06T22:57:44.913+0000] {processor.py:154} INFO - Started process (PID=2834) to work on /home/airflow/.local/lib/python3.7/site-packages/airflow/example_dags/example_nested_branch_dag.py
[2023-10-06T22:57:44.914+0000] {processor.py:756} INFO - Processing file /home/airflow/.local/lib/python3.7/site-packages/airflow/example_dags/example_nested_branch_dag.py for tasks to queue
[2023-10-06T22:57:44.914+0000] {logging_mixin.py:120} INFO - [2023-10-06T22:57:44.914+0000] {dagbag.py:537} INFO - Filling up the DagBag from /home/airflow/.local/lib/python3.7/site-packages/airflow/example_dags/example_nested_branch_dag.py
[2023-10-06T22:57:44.931+0000] {processor.py:766} INFO - DAG(s) dict_keys(['example_nested_branch_dag']) retrieved from /home/airflow/.local/lib/python3.7/site-packages/airflow/example_dags/example_nested_branch_dag.py
[2023-10-06T22:57:44.962+0000] {logging_mixin.py:120} INFO - [2023-10-06T22:57:44.962+0000] {dag.py:2585} INFO - Sync 1 DAGs
[2023-10-06T22:57:44.980+0000] {logging_mixin.py:120} INFO - [2023-10-06T22:57:44.980+0000] {dag.py:3340} INFO - Setting next_dagrun for example_nested_branch_dag to 2023-10-05T00:00:00+00:00, run_after=2023-10-06T00:00:00+00:00
[2023-10-06T22:57:44.995+0000] {processor.py:176} INFO - Processing /home/airflow/.local/lib/python3.7/site-packages/airflow/example_dags/example_nested_branch_dag.py took 0.085 seconds
[2023-10-06T22:58:15.146+0000] {processor.py:154} INFO - Started process (PID=2897) to work on /home/airflow/.local/lib/python3.7/site-packages/airflow/example_dags/example_nested_branch_dag.py
[2023-10-06T22:58:15.147+0000] {processor.py:756} INFO - Processing file /home/airflow/.local/lib/python3.7/site-packages/airflow/example_dags/example_nested_branch_dag.py for tasks to queue
[2023-10-06T22:58:15.148+0000] {logging_mixin.py:120} INFO - [2023-10-06T22:58:15.147+0000] {dagbag.py:537} INFO - Filling up the DagBag from /home/airflow/.local/lib/python3.7/site-packages/airflow/example_dags/example_nested_branch_dag.py
[2023-10-06T22:58:15.164+0000] {processor.py:766} INFO - DAG(s) dict_keys(['example_nested_branch_dag']) retrieved from /home/airflow/.local/lib/python3.7/site-packages/airflow/example_dags/example_nested_branch_dag.py
[2023-10-06T22:58:15.194+0000] {logging_mixin.py:120} INFO - [2023-10-06T22:58:15.194+0000] {dag.py:2585} INFO - Sync 1 DAGs
[2023-10-06T22:58:15.212+0000] {logging_mixin.py:120} INFO - [2023-10-06T22:58:15.212+0000] {dag.py:3340} INFO - Setting next_dagrun for example_nested_branch_dag to 2023-10-05T00:00:00+00:00, run_after=2023-10-06T00:00:00+00:00
[2023-10-06T22:58:15.228+0000] {processor.py:176} INFO - Processing /home/airflow/.local/lib/python3.7/site-packages/airflow/example_dags/example_nested_branch_dag.py took 0.084 seconds
[2023-10-06T22:58:45.380+0000] {processor.py:154} INFO - Started process (PID=2960) to work on /home/airflow/.local/lib/python3.7/site-packages/airflow/example_dags/example_nested_branch_dag.py
[2023-10-06T22:58:45.381+0000] {processor.py:756} INFO - Processing file /home/airflow/.local/lib/python3.7/site-packages/airflow/example_dags/example_nested_branch_dag.py for tasks to queue
[2023-10-06T22:58:45.381+0000] {logging_mixin.py:120} INFO - [2023-10-06T22:58:45.381+0000] {dagbag.py:537} INFO - Filling up the DagBag from /home/airflow/.local/lib/python3.7/site-packages/airflow/example_dags/example_nested_branch_dag.py
[2023-10-06T22:58:45.396+0000] {processor.py:766} INFO - DAG(s) dict_keys(['example_nested_branch_dag']) retrieved from /home/airflow/.local/lib/python3.7/site-packages/airflow/example_dags/example_nested_branch_dag.py
[2023-10-06T22:58:45.425+0000] {logging_mixin.py:120} INFO - [2023-10-06T22:58:45.425+0000] {dag.py:2585} INFO - Sync 1 DAGs
[2023-10-06T22:58:45.442+0000] {logging_mixin.py:120} INFO - [2023-10-06T22:58:45.442+0000] {dag.py:3340} INFO - Setting next_dagrun for example_nested_branch_dag to 2023-10-05T00:00:00+00:00, run_after=2023-10-06T00:00:00+00:00
[2023-10-06T22:58:45.459+0000] {processor.py:176} INFO - Processing /home/airflow/.local/lib/python3.7/site-packages/airflow/example_dags/example_nested_branch_dag.py took 0.081 seconds
[2023-10-06T22:59:15.511+0000] {processor.py:154} INFO - Started process (PID=3023) to work on /home/airflow/.local/lib/python3.7/site-packages/airflow/example_dags/example_nested_branch_dag.py
[2023-10-06T22:59:15.511+0000] {processor.py:756} INFO - Processing file /home/airflow/.local/lib/python3.7/site-packages/airflow/example_dags/example_nested_branch_dag.py for tasks to queue
[2023-10-06T22:59:15.512+0000] {logging_mixin.py:120} INFO - [2023-10-06T22:59:15.512+0000] {dagbag.py:537} INFO - Filling up the DagBag from /home/airflow/.local/lib/python3.7/site-packages/airflow/example_dags/example_nested_branch_dag.py
[2023-10-06T22:59:15.528+0000] {processor.py:766} INFO - DAG(s) dict_keys(['example_nested_branch_dag']) retrieved from /home/airflow/.local/lib/python3.7/site-packages/airflow/example_dags/example_nested_branch_dag.py
[2023-10-06T22:59:15.556+0000] {logging_mixin.py:120} INFO - [2023-10-06T22:59:15.556+0000] {dag.py:2585} INFO - Sync 1 DAGs
[2023-10-06T22:59:15.574+0000] {logging_mixin.py:120} INFO - [2023-10-06T22:59:15.574+0000] {dag.py:3340} INFO - Setting next_dagrun for example_nested_branch_dag to 2023-10-05T00:00:00+00:00, run_after=2023-10-06T00:00:00+00:00
[2023-10-06T22:59:15.587+0000] {processor.py:176} INFO - Processing /home/airflow/.local/lib/python3.7/site-packages/airflow/example_dags/example_nested_branch_dag.py took 0.078 seconds
[2023-10-06T22:59:45.759+0000] {processor.py:154} INFO - Started process (PID=3079) to work on /home/airflow/.local/lib/python3.7/site-packages/airflow/example_dags/example_nested_branch_dag.py
[2023-10-06T22:59:45.760+0000] {processor.py:756} INFO - Processing file /home/airflow/.local/lib/python3.7/site-packages/airflow/example_dags/example_nested_branch_dag.py for tasks to queue
[2023-10-06T22:59:45.761+0000] {logging_mixin.py:120} INFO - [2023-10-06T22:59:45.761+0000] {dagbag.py:537} INFO - Filling up the DagBag from /home/airflow/.local/lib/python3.7/site-packages/airflow/example_dags/example_nested_branch_dag.py
[2023-10-06T22:59:45.778+0000] {processor.py:766} INFO - DAG(s) dict_keys(['example_nested_branch_dag']) retrieved from /home/airflow/.local/lib/python3.7/site-packages/airflow/example_dags/example_nested_branch_dag.py
[2023-10-06T22:59:45.810+0000] {logging_mixin.py:120} INFO - [2023-10-06T22:59:45.810+0000] {dag.py:2585} INFO - Sync 1 DAGs
[2023-10-06T22:59:45.830+0000] {logging_mixin.py:120} INFO - [2023-10-06T22:59:45.830+0000] {dag.py:3340} INFO - Setting next_dagrun for example_nested_branch_dag to 2023-10-05T00:00:00+00:00, run_after=2023-10-06T00:00:00+00:00
[2023-10-06T22:59:45.845+0000] {processor.py:176} INFO - Processing /home/airflow/.local/lib/python3.7/site-packages/airflow/example_dags/example_nested_branch_dag.py took 0.089 seconds
[2023-10-06T23:00:15.975+0000] {processor.py:154} INFO - Started process (PID=3144) to work on /home/airflow/.local/lib/python3.7/site-packages/airflow/example_dags/example_nested_branch_dag.py
[2023-10-06T23:00:15.976+0000] {processor.py:756} INFO - Processing file /home/airflow/.local/lib/python3.7/site-packages/airflow/example_dags/example_nested_branch_dag.py for tasks to queue
[2023-10-06T23:00:15.976+0000] {logging_mixin.py:120} INFO - [2023-10-06T23:00:15.976+0000] {dagbag.py:537} INFO - Filling up the DagBag from /home/airflow/.local/lib/python3.7/site-packages/airflow/example_dags/example_nested_branch_dag.py
[2023-10-06T23:00:15.991+0000] {processor.py:766} INFO - DAG(s) dict_keys(['example_nested_branch_dag']) retrieved from /home/airflow/.local/lib/python3.7/site-packages/airflow/example_dags/example_nested_branch_dag.py
[2023-10-06T23:00:16.020+0000] {logging_mixin.py:120} INFO - [2023-10-06T23:00:16.020+0000] {dag.py:2585} INFO - Sync 1 DAGs
[2023-10-06T23:00:16.037+0000] {logging_mixin.py:120} INFO - [2023-10-06T23:00:16.037+0000] {dag.py:3340} INFO - Setting next_dagrun for example_nested_branch_dag to 2023-10-05T00:00:00+00:00, run_after=2023-10-06T00:00:00+00:00
[2023-10-06T23:00:16.052+0000] {processor.py:176} INFO - Processing /home/airflow/.local/lib/python3.7/site-packages/airflow/example_dags/example_nested_branch_dag.py took 0.080 seconds
[2023-10-06T23:00:46.128+0000] {processor.py:154} INFO - Started process (PID=3207) to work on /home/airflow/.local/lib/python3.7/site-packages/airflow/example_dags/example_nested_branch_dag.py
[2023-10-06T23:00:46.129+0000] {processor.py:756} INFO - Processing file /home/airflow/.local/lib/python3.7/site-packages/airflow/example_dags/example_nested_branch_dag.py for tasks to queue
[2023-10-06T23:00:46.129+0000] {logging_mixin.py:120} INFO - [2023-10-06T23:00:46.129+0000] {dagbag.py:537} INFO - Filling up the DagBag from /home/airflow/.local/lib/python3.7/site-packages/airflow/example_dags/example_nested_branch_dag.py
[2023-10-06T23:00:46.146+0000] {processor.py:766} INFO - DAG(s) dict_keys(['example_nested_branch_dag']) retrieved from /home/airflow/.local/lib/python3.7/site-packages/airflow/example_dags/example_nested_branch_dag.py
[2023-10-06T23:00:46.178+0000] {logging_mixin.py:120} INFO - [2023-10-06T23:00:46.178+0000] {dag.py:2585} INFO - Sync 1 DAGs
[2023-10-06T23:00:46.195+0000] {logging_mixin.py:120} INFO - [2023-10-06T23:00:46.195+0000] {dag.py:3340} INFO - Setting next_dagrun for example_nested_branch_dag to 2023-10-05T00:00:00+00:00, run_after=2023-10-06T00:00:00+00:00
[2023-10-06T23:00:46.215+0000] {processor.py:176} INFO - Processing /home/airflow/.local/lib/python3.7/site-packages/airflow/example_dags/example_nested_branch_dag.py took 0.090 seconds
[2023-10-06T23:01:16.247+0000] {processor.py:154} INFO - Started process (PID=3272) to work on /home/airflow/.local/lib/python3.7/site-packages/airflow/example_dags/example_nested_branch_dag.py
[2023-10-06T23:01:16.248+0000] {processor.py:756} INFO - Processing file /home/airflow/.local/lib/python3.7/site-packages/airflow/example_dags/example_nested_branch_dag.py for tasks to queue
[2023-10-06T23:01:16.248+0000] {logging_mixin.py:120} INFO - [2023-10-06T23:01:16.248+0000] {dagbag.py:537} INFO - Filling up the DagBag from /home/airflow/.local/lib/python3.7/site-packages/airflow/example_dags/example_nested_branch_dag.py
[2023-10-06T23:01:16.264+0000] {processor.py:766} INFO - DAG(s) dict_keys(['example_nested_branch_dag']) retrieved from /home/airflow/.local/lib/python3.7/site-packages/airflow/example_dags/example_nested_branch_dag.py
[2023-10-06T23:01:16.292+0000] {logging_mixin.py:120} INFO - [2023-10-06T23:01:16.292+0000] {dag.py:2585} INFO - Sync 1 DAGs
[2023-10-06T23:01:16.310+0000] {logging_mixin.py:120} INFO - [2023-10-06T23:01:16.310+0000] {dag.py:3340} INFO - Setting next_dagrun for example_nested_branch_dag to 2023-10-05T00:00:00+00:00, run_after=2023-10-06T00:00:00+00:00
[2023-10-06T23:01:16.323+0000] {processor.py:176} INFO - Processing /home/airflow/.local/lib/python3.7/site-packages/airflow/example_dags/example_nested_branch_dag.py took 0.079 seconds
[2023-10-06T23:01:46.536+0000] {processor.py:154} INFO - Started process (PID=3327) to work on /home/airflow/.local/lib/python3.7/site-packages/airflow/example_dags/example_nested_branch_dag.py
[2023-10-06T23:01:46.537+0000] {processor.py:756} INFO - Processing file /home/airflow/.local/lib/python3.7/site-packages/airflow/example_dags/example_nested_branch_dag.py for tasks to queue
[2023-10-06T23:01:46.537+0000] {logging_mixin.py:120} INFO - [2023-10-06T23:01:46.537+0000] {dagbag.py:537} INFO - Filling up the DagBag from /home/airflow/.local/lib/python3.7/site-packages/airflow/example_dags/example_nested_branch_dag.py
[2023-10-06T23:01:46.553+0000] {processor.py:766} INFO - DAG(s) dict_keys(['example_nested_branch_dag']) retrieved from /home/airflow/.local/lib/python3.7/site-packages/airflow/example_dags/example_nested_branch_dag.py
[2023-10-06T23:01:46.583+0000] {logging_mixin.py:120} INFO - [2023-10-06T23:01:46.583+0000] {dag.py:2585} INFO - Sync 1 DAGs
[2023-10-06T23:01:46.602+0000] {logging_mixin.py:120} INFO - [2023-10-06T23:01:46.601+0000] {dag.py:3340} INFO - Setting next_dagrun for example_nested_branch_dag to 2023-10-05T00:00:00+00:00, run_after=2023-10-06T00:00:00+00:00
[2023-10-06T23:01:46.617+0000] {processor.py:176} INFO - Processing /home/airflow/.local/lib/python3.7/site-packages/airflow/example_dags/example_nested_branch_dag.py took 0.084 seconds
[2023-10-06T23:02:16.641+0000] {processor.py:154} INFO - Started process (PID=3390) to work on /home/airflow/.local/lib/python3.7/site-packages/airflow/example_dags/example_nested_branch_dag.py
[2023-10-06T23:02:16.642+0000] {processor.py:756} INFO - Processing file /home/airflow/.local/lib/python3.7/site-packages/airflow/example_dags/example_nested_branch_dag.py for tasks to queue
[2023-10-06T23:02:16.642+0000] {logging_mixin.py:120} INFO - [2023-10-06T23:02:16.642+0000] {dagbag.py:537} INFO - Filling up the DagBag from /home/airflow/.local/lib/python3.7/site-packages/airflow/example_dags/example_nested_branch_dag.py
[2023-10-06T23:02:16.658+0000] {processor.py:766} INFO - DAG(s) dict_keys(['example_nested_branch_dag']) retrieved from /home/airflow/.local/lib/python3.7/site-packages/airflow/example_dags/example_nested_branch_dag.py
[2023-10-06T23:02:16.690+0000] {logging_mixin.py:120} INFO - [2023-10-06T23:02:16.690+0000] {dag.py:2585} INFO - Sync 1 DAGs
[2023-10-06T23:02:16.708+0000] {logging_mixin.py:120} INFO - [2023-10-06T23:02:16.707+0000] {dag.py:3340} INFO - Setting next_dagrun for example_nested_branch_dag to 2023-10-05T00:00:00+00:00, run_after=2023-10-06T00:00:00+00:00
[2023-10-06T23:02:16.721+0000] {processor.py:176} INFO - Processing /home/airflow/.local/lib/python3.7/site-packages/airflow/example_dags/example_nested_branch_dag.py took 0.083 seconds
[2023-10-06T23:02:46.887+0000] {processor.py:154} INFO - Started process (PID=3454) to work on /home/airflow/.local/lib/python3.7/site-packages/airflow/example_dags/example_nested_branch_dag.py
[2023-10-06T23:02:46.888+0000] {processor.py:756} INFO - Processing file /home/airflow/.local/lib/python3.7/site-packages/airflow/example_dags/example_nested_branch_dag.py for tasks to queue
[2023-10-06T23:02:46.888+0000] {logging_mixin.py:120} INFO - [2023-10-06T23:02:46.888+0000] {dagbag.py:537} INFO - Filling up the DagBag from /home/airflow/.local/lib/python3.7/site-packages/airflow/example_dags/example_nested_branch_dag.py
[2023-10-06T23:02:46.906+0000] {processor.py:766} INFO - DAG(s) dict_keys(['example_nested_branch_dag']) retrieved from /home/airflow/.local/lib/python3.7/site-packages/airflow/example_dags/example_nested_branch_dag.py
[2023-10-06T23:02:46.941+0000] {logging_mixin.py:120} INFO - [2023-10-06T23:02:46.941+0000] {dag.py:2585} INFO - Sync 1 DAGs
[2023-10-06T23:02:46.961+0000] {logging_mixin.py:120} INFO - [2023-10-06T23:02:46.961+0000] {dag.py:3340} INFO - Setting next_dagrun for example_nested_branch_dag to 2023-10-05T00:00:00+00:00, run_after=2023-10-06T00:00:00+00:00
[2023-10-06T23:02:46.977+0000] {processor.py:176} INFO - Processing /home/airflow/.local/lib/python3.7/site-packages/airflow/example_dags/example_nested_branch_dag.py took 0.092 seconds
[2023-10-06T23:03:17.863+0000] {processor.py:154} INFO - Started process (PID=3518) to work on /home/airflow/.local/lib/python3.7/site-packages/airflow/example_dags/example_nested_branch_dag.py
[2023-10-06T23:03:17.864+0000] {processor.py:756} INFO - Processing file /home/airflow/.local/lib/python3.7/site-packages/airflow/example_dags/example_nested_branch_dag.py for tasks to queue
[2023-10-06T23:03:17.864+0000] {logging_mixin.py:120} INFO - [2023-10-06T23:03:17.864+0000] {dagbag.py:537} INFO - Filling up the DagBag from /home/airflow/.local/lib/python3.7/site-packages/airflow/example_dags/example_nested_branch_dag.py
[2023-10-06T23:03:17.884+0000] {processor.py:766} INFO - DAG(s) dict_keys(['example_nested_branch_dag']) retrieved from /home/airflow/.local/lib/python3.7/site-packages/airflow/example_dags/example_nested_branch_dag.py
[2023-10-06T23:03:17.916+0000] {logging_mixin.py:120} INFO - [2023-10-06T23:03:17.916+0000] {dag.py:2585} INFO - Sync 1 DAGs
[2023-10-06T23:03:17.939+0000] {logging_mixin.py:120} INFO - [2023-10-06T23:03:17.939+0000] {dag.py:3340} INFO - Setting next_dagrun for example_nested_branch_dag to 2023-10-05T00:00:00+00:00, run_after=2023-10-06T00:00:00+00:00
[2023-10-06T23:03:17.957+0000] {processor.py:176} INFO - Processing /home/airflow/.local/lib/python3.7/site-packages/airflow/example_dags/example_nested_branch_dag.py took 0.098 seconds
[2023-10-06T23:03:48.230+0000] {processor.py:154} INFO - Started process (PID=3582) to work on /home/airflow/.local/lib/python3.7/site-packages/airflow/example_dags/example_nested_branch_dag.py
[2023-10-06T23:03:48.231+0000] {processor.py:756} INFO - Processing file /home/airflow/.local/lib/python3.7/site-packages/airflow/example_dags/example_nested_branch_dag.py for tasks to queue
[2023-10-06T23:03:48.232+0000] {logging_mixin.py:120} INFO - [2023-10-06T23:03:48.232+0000] {dagbag.py:537} INFO - Filling up the DagBag from /home/airflow/.local/lib/python3.7/site-packages/airflow/example_dags/example_nested_branch_dag.py
[2023-10-06T23:03:48.257+0000] {processor.py:766} INFO - DAG(s) dict_keys(['example_nested_branch_dag']) retrieved from /home/airflow/.local/lib/python3.7/site-packages/airflow/example_dags/example_nested_branch_dag.py
[2023-10-06T23:03:48.296+0000] {logging_mixin.py:120} INFO - [2023-10-06T23:03:48.296+0000] {dag.py:2585} INFO - Sync 1 DAGs
[2023-10-06T23:03:48.316+0000] {logging_mixin.py:120} INFO - [2023-10-06T23:03:48.316+0000] {dag.py:3340} INFO - Setting next_dagrun for example_nested_branch_dag to 2023-10-05T00:00:00+00:00, run_after=2023-10-06T00:00:00+00:00
[2023-10-06T23:03:48.334+0000] {processor.py:176} INFO - Processing /home/airflow/.local/lib/python3.7/site-packages/airflow/example_dags/example_nested_branch_dag.py took 0.107 seconds
[2023-10-06T23:04:19.185+0000] {processor.py:154} INFO - Started process (PID=3637) to work on /home/airflow/.local/lib/python3.7/site-packages/airflow/example_dags/example_nested_branch_dag.py
[2023-10-06T23:04:19.186+0000] {processor.py:756} INFO - Processing file /home/airflow/.local/lib/python3.7/site-packages/airflow/example_dags/example_nested_branch_dag.py for tasks to queue
[2023-10-06T23:04:19.186+0000] {logging_mixin.py:120} INFO - [2023-10-06T23:04:19.186+0000] {dagbag.py:537} INFO - Filling up the DagBag from /home/airflow/.local/lib/python3.7/site-packages/airflow/example_dags/example_nested_branch_dag.py
[2023-10-06T23:04:19.202+0000] {processor.py:766} INFO - DAG(s) dict_keys(['example_nested_branch_dag']) retrieved from /home/airflow/.local/lib/python3.7/site-packages/airflow/example_dags/example_nested_branch_dag.py
[2023-10-06T23:04:19.230+0000] {logging_mixin.py:120} INFO - [2023-10-06T23:04:19.230+0000] {dag.py:2585} INFO - Sync 1 DAGs
[2023-10-06T23:04:19.246+0000] {logging_mixin.py:120} INFO - [2023-10-06T23:04:19.246+0000] {dag.py:3340} INFO - Setting next_dagrun for example_nested_branch_dag to 2023-10-05T00:00:00+00:00, run_after=2023-10-06T00:00:00+00:00
[2023-10-06T23:04:19.261+0000] {processor.py:176} INFO - Processing /home/airflow/.local/lib/python3.7/site-packages/airflow/example_dags/example_nested_branch_dag.py took 0.079 seconds
[2023-10-06T23:04:49.371+0000] {processor.py:154} INFO - Started process (PID=3702) to work on /home/airflow/.local/lib/python3.7/site-packages/airflow/example_dags/example_nested_branch_dag.py
[2023-10-06T23:04:49.372+0000] {processor.py:756} INFO - Processing file /home/airflow/.local/lib/python3.7/site-packages/airflow/example_dags/example_nested_branch_dag.py for tasks to queue
[2023-10-06T23:04:49.373+0000] {logging_mixin.py:120} INFO - [2023-10-06T23:04:49.372+0000] {dagbag.py:537} INFO - Filling up the DagBag from /home/airflow/.local/lib/python3.7/site-packages/airflow/example_dags/example_nested_branch_dag.py
[2023-10-06T23:04:49.390+0000] {processor.py:766} INFO - DAG(s) dict_keys(['example_nested_branch_dag']) retrieved from /home/airflow/.local/lib/python3.7/site-packages/airflow/example_dags/example_nested_branch_dag.py
[2023-10-06T23:04:49.419+0000] {logging_mixin.py:120} INFO - [2023-10-06T23:04:49.419+0000] {dag.py:2585} INFO - Sync 1 DAGs
[2023-10-06T23:04:49.436+0000] {logging_mixin.py:120} INFO - [2023-10-06T23:04:49.436+0000] {dag.py:3340} INFO - Setting next_dagrun for example_nested_branch_dag to 2023-10-05T00:00:00+00:00, run_after=2023-10-06T00:00:00+00:00
[2023-10-06T23:04:49.450+0000] {processor.py:176} INFO - Processing /home/airflow/.local/lib/python3.7/site-packages/airflow/example_dags/example_nested_branch_dag.py took 0.081 seconds
[2023-10-06T23:05:19.672+0000] {processor.py:154} INFO - Started process (PID=3766) to work on /home/airflow/.local/lib/python3.7/site-packages/airflow/example_dags/example_nested_branch_dag.py
[2023-10-06T23:05:19.673+0000] {processor.py:756} INFO - Processing file /home/airflow/.local/lib/python3.7/site-packages/airflow/example_dags/example_nested_branch_dag.py for tasks to queue
[2023-10-06T23:05:19.673+0000] {logging_mixin.py:120} INFO - [2023-10-06T23:05:19.673+0000] {dagbag.py:537} INFO - Filling up the DagBag from /home/airflow/.local/lib/python3.7/site-packages/airflow/example_dags/example_nested_branch_dag.py
[2023-10-06T23:05:19.690+0000] {processor.py:766} INFO - DAG(s) dict_keys(['example_nested_branch_dag']) retrieved from /home/airflow/.local/lib/python3.7/site-packages/airflow/example_dags/example_nested_branch_dag.py
[2023-10-06T23:05:19.720+0000] {logging_mixin.py:120} INFO - [2023-10-06T23:05:19.720+0000] {dag.py:2585} INFO - Sync 1 DAGs
[2023-10-06T23:05:19.738+0000] {logging_mixin.py:120} INFO - [2023-10-06T23:05:19.738+0000] {dag.py:3340} INFO - Setting next_dagrun for example_nested_branch_dag to 2023-10-05T00:00:00+00:00, run_after=2023-10-06T00:00:00+00:00
[2023-10-06T23:05:19.754+0000] {processor.py:176} INFO - Processing /home/airflow/.local/lib/python3.7/site-packages/airflow/example_dags/example_nested_branch_dag.py took 0.084 seconds
[2023-10-06T23:05:49.895+0000] {processor.py:154} INFO - Started process (PID=3831) to work on /home/airflow/.local/lib/python3.7/site-packages/airflow/example_dags/example_nested_branch_dag.py
[2023-10-06T23:05:49.896+0000] {processor.py:756} INFO - Processing file /home/airflow/.local/lib/python3.7/site-packages/airflow/example_dags/example_nested_branch_dag.py for tasks to queue
[2023-10-06T23:05:49.896+0000] {logging_mixin.py:120} INFO - [2023-10-06T23:05:49.896+0000] {dagbag.py:537} INFO - Filling up the DagBag from /home/airflow/.local/lib/python3.7/site-packages/airflow/example_dags/example_nested_branch_dag.py
[2023-10-06T23:05:49.913+0000] {processor.py:766} INFO - DAG(s) dict_keys(['example_nested_branch_dag']) retrieved from /home/airflow/.local/lib/python3.7/site-packages/airflow/example_dags/example_nested_branch_dag.py
[2023-10-06T23:05:49.944+0000] {logging_mixin.py:120} INFO - [2023-10-06T23:05:49.944+0000] {dag.py:2585} INFO - Sync 1 DAGs
[2023-10-06T23:05:49.962+0000] {logging_mixin.py:120} INFO - [2023-10-06T23:05:49.962+0000] {dag.py:3340} INFO - Setting next_dagrun for example_nested_branch_dag to 2023-10-05T00:00:00+00:00, run_after=2023-10-06T00:00:00+00:00
[2023-10-06T23:05:49.977+0000] {processor.py:176} INFO - Processing /home/airflow/.local/lib/python3.7/site-packages/airflow/example_dags/example_nested_branch_dag.py took 0.084 seconds
[2023-10-06T23:06:20.030+0000] {processor.py:154} INFO - Started process (PID=3887) to work on /home/airflow/.local/lib/python3.7/site-packages/airflow/example_dags/example_nested_branch_dag.py
[2023-10-06T23:06:20.031+0000] {processor.py:756} INFO - Processing file /home/airflow/.local/lib/python3.7/site-packages/airflow/example_dags/example_nested_branch_dag.py for tasks to queue
[2023-10-06T23:06:20.032+0000] {logging_mixin.py:120} INFO - [2023-10-06T23:06:20.032+0000] {dagbag.py:537} INFO - Filling up the DagBag from /home/airflow/.local/lib/python3.7/site-packages/airflow/example_dags/example_nested_branch_dag.py
[2023-10-06T23:06:20.047+0000] {processor.py:766} INFO - DAG(s) dict_keys(['example_nested_branch_dag']) retrieved from /home/airflow/.local/lib/python3.7/site-packages/airflow/example_dags/example_nested_branch_dag.py
[2023-10-06T23:06:20.078+0000] {logging_mixin.py:120} INFO - [2023-10-06T23:06:20.078+0000] {dag.py:2585} INFO - Sync 1 DAGs
[2023-10-06T23:06:20.095+0000] {logging_mixin.py:120} INFO - [2023-10-06T23:06:20.095+0000] {dag.py:3340} INFO - Setting next_dagrun for example_nested_branch_dag to 2023-10-05T00:00:00+00:00, run_after=2023-10-06T00:00:00+00:00
[2023-10-06T23:06:20.109+0000] {processor.py:176} INFO - Processing /home/airflow/.local/lib/python3.7/site-packages/airflow/example_dags/example_nested_branch_dag.py took 0.082 seconds
[2023-10-06T23:06:50.343+0000] {processor.py:154} INFO - Started process (PID=3950) to work on /home/airflow/.local/lib/python3.7/site-packages/airflow/example_dags/example_nested_branch_dag.py
[2023-10-06T23:06:50.344+0000] {processor.py:756} INFO - Processing file /home/airflow/.local/lib/python3.7/site-packages/airflow/example_dags/example_nested_branch_dag.py for tasks to queue
[2023-10-06T23:06:50.344+0000] {logging_mixin.py:120} INFO - [2023-10-06T23:06:50.344+0000] {dagbag.py:537} INFO - Filling up the DagBag from /home/airflow/.local/lib/python3.7/site-packages/airflow/example_dags/example_nested_branch_dag.py
[2023-10-06T23:06:50.360+0000] {processor.py:766} INFO - DAG(s) dict_keys(['example_nested_branch_dag']) retrieved from /home/airflow/.local/lib/python3.7/site-packages/airflow/example_dags/example_nested_branch_dag.py
[2023-10-06T23:06:50.389+0000] {logging_mixin.py:120} INFO - [2023-10-06T23:06:50.389+0000] {dag.py:2585} INFO - Sync 1 DAGs
[2023-10-06T23:06:50.406+0000] {logging_mixin.py:120} INFO - [2023-10-06T23:06:50.406+0000] {dag.py:3340} INFO - Setting next_dagrun for example_nested_branch_dag to 2023-10-05T00:00:00+00:00, run_after=2023-10-06T00:00:00+00:00
[2023-10-06T23:06:50.422+0000] {processor.py:176} INFO - Processing /home/airflow/.local/lib/python3.7/site-packages/airflow/example_dags/example_nested_branch_dag.py took 0.082 seconds
[2023-10-06T23:07:20.468+0000] {processor.py:154} INFO - Started process (PID=4015) to work on /home/airflow/.local/lib/python3.7/site-packages/airflow/example_dags/example_nested_branch_dag.py
[2023-10-06T23:07:20.468+0000] {processor.py:756} INFO - Processing file /home/airflow/.local/lib/python3.7/site-packages/airflow/example_dags/example_nested_branch_dag.py for tasks to queue
[2023-10-06T23:07:20.469+0000] {logging_mixin.py:120} INFO - [2023-10-06T23:07:20.469+0000] {dagbag.py:537} INFO - Filling up the DagBag from /home/airflow/.local/lib/python3.7/site-packages/airflow/example_dags/example_nested_branch_dag.py
[2023-10-06T23:07:20.486+0000] {processor.py:766} INFO - DAG(s) dict_keys(['example_nested_branch_dag']) retrieved from /home/airflow/.local/lib/python3.7/site-packages/airflow/example_dags/example_nested_branch_dag.py
[2023-10-06T23:07:20.513+0000] {logging_mixin.py:120} INFO - [2023-10-06T23:07:20.513+0000] {dag.py:2585} INFO - Sync 1 DAGs
[2023-10-06T23:07:20.531+0000] {logging_mixin.py:120} INFO - [2023-10-06T23:07:20.531+0000] {dag.py:3340} INFO - Setting next_dagrun for example_nested_branch_dag to 2023-10-05T00:00:00+00:00, run_after=2023-10-06T00:00:00+00:00
[2023-10-06T23:07:20.546+0000] {processor.py:176} INFO - Processing /home/airflow/.local/lib/python3.7/site-packages/airflow/example_dags/example_nested_branch_dag.py took 0.080 seconds
[2023-10-06T23:07:50.773+0000] {processor.py:154} INFO - Started process (PID=4079) to work on /home/airflow/.local/lib/python3.7/site-packages/airflow/example_dags/example_nested_branch_dag.py
[2023-10-06T23:07:50.774+0000] {processor.py:756} INFO - Processing file /home/airflow/.local/lib/python3.7/site-packages/airflow/example_dags/example_nested_branch_dag.py for tasks to queue
[2023-10-06T23:07:50.774+0000] {logging_mixin.py:120} INFO - [2023-10-06T23:07:50.774+0000] {dagbag.py:537} INFO - Filling up the DagBag from /home/airflow/.local/lib/python3.7/site-packages/airflow/example_dags/example_nested_branch_dag.py
[2023-10-06T23:07:50.791+0000] {processor.py:766} INFO - DAG(s) dict_keys(['example_nested_branch_dag']) retrieved from /home/airflow/.local/lib/python3.7/site-packages/airflow/example_dags/example_nested_branch_dag.py
[2023-10-06T23:07:50.823+0000] {logging_mixin.py:120} INFO - [2023-10-06T23:07:50.823+0000] {dag.py:2585} INFO - Sync 1 DAGs
[2023-10-06T23:07:50.842+0000] {logging_mixin.py:120} INFO - [2023-10-06T23:07:50.842+0000] {dag.py:3340} INFO - Setting next_dagrun for example_nested_branch_dag to 2023-10-05T00:00:00+00:00, run_after=2023-10-06T00:00:00+00:00
[2023-10-06T23:07:50.858+0000] {processor.py:176} INFO - Processing /home/airflow/.local/lib/python3.7/site-packages/airflow/example_dags/example_nested_branch_dag.py took 0.087 seconds
[2023-10-06T23:08:21.728+0000] {processor.py:154} INFO - Started process (PID=4134) to work on /home/airflow/.local/lib/python3.7/site-packages/airflow/example_dags/example_nested_branch_dag.py
[2023-10-06T23:08:21.729+0000] {processor.py:756} INFO - Processing file /home/airflow/.local/lib/python3.7/site-packages/airflow/example_dags/example_nested_branch_dag.py for tasks to queue
[2023-10-06T23:08:21.730+0000] {logging_mixin.py:120} INFO - [2023-10-06T23:08:21.730+0000] {dagbag.py:537} INFO - Filling up the DagBag from /home/airflow/.local/lib/python3.7/site-packages/airflow/example_dags/example_nested_branch_dag.py
[2023-10-06T23:08:21.746+0000] {processor.py:766} INFO - DAG(s) dict_keys(['example_nested_branch_dag']) retrieved from /home/airflow/.local/lib/python3.7/site-packages/airflow/example_dags/example_nested_branch_dag.py
[2023-10-06T23:08:21.774+0000] {logging_mixin.py:120} INFO - [2023-10-06T23:08:21.774+0000] {dag.py:2585} INFO - Sync 1 DAGs
[2023-10-06T23:08:21.791+0000] {logging_mixin.py:120} INFO - [2023-10-06T23:08:21.791+0000] {dag.py:3340} INFO - Setting next_dagrun for example_nested_branch_dag to 2023-10-05T00:00:00+00:00, run_after=2023-10-06T00:00:00+00:00
[2023-10-06T23:08:21.806+0000] {processor.py:176} INFO - Processing /home/airflow/.local/lib/python3.7/site-packages/airflow/example_dags/example_nested_branch_dag.py took 0.080 seconds
