[2023-10-06T22:34:53.484+0000] {processor.py:154} INFO - Started process (PID=48) to work on /home/airflow/.local/lib/python3.7/site-packages/airflow/example_dags/example_local_kubernetes_executor.py
[2023-10-06T22:34:53.485+0000] {processor.py:756} INFO - Processing file /home/airflow/.local/lib/python3.7/site-packages/airflow/example_dags/example_local_kubernetes_executor.py for tasks to queue
[2023-10-06T22:34:53.485+0000] {logging_mixin.py:120} INFO - [2023-10-06T22:34:53.485+0000] {dagbag.py:537} INFO - Filling up the DagBag from /home/airflow/.local/lib/python3.7/site-packages/airflow/example_dags/example_local_kubernetes_executor.py
[2023-10-06T22:34:53.504+0000] {processor.py:766} INFO - DAG(s) dict_keys(['example_local_kubernetes_executor']) retrieved from /home/airflow/.local/lib/python3.7/site-packages/airflow/example_dags/example_local_kubernetes_executor.py
[2023-10-06T22:34:53.543+0000] {logging_mixin.py:120} INFO - [2023-10-06T22:34:53.542+0000] {dag.py:2585} INFO - Sync 1 DAGs
[2023-10-06T22:34:53.564+0000] {logging_mixin.py:120} INFO - [2023-10-06T22:34:53.564+0000] {dag.py:3340} INFO - Setting next_dagrun for example_local_kubernetes_executor to None, run_after=None
[2023-10-06T22:34:53.583+0000] {processor.py:176} INFO - Processing /home/airflow/.local/lib/python3.7/site-packages/airflow/example_dags/example_local_kubernetes_executor.py took 0.100 seconds
[2023-10-06T22:35:24.000+0000] {processor.py:154} INFO - Started process (PID=111) to work on /home/airflow/.local/lib/python3.7/site-packages/airflow/example_dags/example_local_kubernetes_executor.py
[2023-10-06T22:35:24.001+0000] {processor.py:756} INFO - Processing file /home/airflow/.local/lib/python3.7/site-packages/airflow/example_dags/example_local_kubernetes_executor.py for tasks to queue
[2023-10-06T22:35:24.001+0000] {logging_mixin.py:120} INFO - [2023-10-06T22:35:24.001+0000] {dagbag.py:537} INFO - Filling up the DagBag from /home/airflow/.local/lib/python3.7/site-packages/airflow/example_dags/example_local_kubernetes_executor.py
[2023-10-06T22:35:24.019+0000] {processor.py:766} INFO - DAG(s) dict_keys(['example_local_kubernetes_executor']) retrieved from /home/airflow/.local/lib/python3.7/site-packages/airflow/example_dags/example_local_kubernetes_executor.py
[2023-10-06T22:35:24.039+0000] {logging_mixin.py:120} INFO - [2023-10-06T22:35:24.039+0000] {dag.py:2585} INFO - Sync 1 DAGs
[2023-10-06T22:35:24.062+0000] {logging_mixin.py:120} INFO - [2023-10-06T22:35:24.061+0000] {dag.py:3340} INFO - Setting next_dagrun for example_local_kubernetes_executor to None, run_after=None
[2023-10-06T22:35:24.079+0000] {processor.py:176} INFO - Processing /home/airflow/.local/lib/python3.7/site-packages/airflow/example_dags/example_local_kubernetes_executor.py took 0.081 seconds
[2023-10-06T22:35:55.020+0000] {processor.py:154} INFO - Started process (PID=174) to work on /home/airflow/.local/lib/python3.7/site-packages/airflow/example_dags/example_local_kubernetes_executor.py
[2023-10-06T22:35:55.021+0000] {processor.py:756} INFO - Processing file /home/airflow/.local/lib/python3.7/site-packages/airflow/example_dags/example_local_kubernetes_executor.py for tasks to queue
[2023-10-06T22:35:55.021+0000] {logging_mixin.py:120} INFO - [2023-10-06T22:35:55.021+0000] {dagbag.py:537} INFO - Filling up the DagBag from /home/airflow/.local/lib/python3.7/site-packages/airflow/example_dags/example_local_kubernetes_executor.py
[2023-10-06T22:35:55.036+0000] {processor.py:766} INFO - DAG(s) dict_keys(['example_local_kubernetes_executor']) retrieved from /home/airflow/.local/lib/python3.7/site-packages/airflow/example_dags/example_local_kubernetes_executor.py
[2023-10-06T22:35:55.066+0000] {logging_mixin.py:120} INFO - [2023-10-06T22:35:55.066+0000] {dag.py:2585} INFO - Sync 1 DAGs
[2023-10-06T22:35:55.082+0000] {logging_mixin.py:120} INFO - [2023-10-06T22:35:55.082+0000] {dag.py:3340} INFO - Setting next_dagrun for example_local_kubernetes_executor to None, run_after=None
[2023-10-06T22:35:55.099+0000] {processor.py:176} INFO - Processing /home/airflow/.local/lib/python3.7/site-packages/airflow/example_dags/example_local_kubernetes_executor.py took 0.081 seconds
[2023-10-06T22:36:25.250+0000] {processor.py:154} INFO - Started process (PID=228) to work on /home/airflow/.local/lib/python3.7/site-packages/airflow/example_dags/example_local_kubernetes_executor.py
[2023-10-06T22:36:25.250+0000] {processor.py:756} INFO - Processing file /home/airflow/.local/lib/python3.7/site-packages/airflow/example_dags/example_local_kubernetes_executor.py for tasks to queue
[2023-10-06T22:36:25.251+0000] {logging_mixin.py:120} INFO - [2023-10-06T22:36:25.250+0000] {dagbag.py:537} INFO - Filling up the DagBag from /home/airflow/.local/lib/python3.7/site-packages/airflow/example_dags/example_local_kubernetes_executor.py
[2023-10-06T22:36:25.266+0000] {processor.py:766} INFO - DAG(s) dict_keys(['example_local_kubernetes_executor']) retrieved from /home/airflow/.local/lib/python3.7/site-packages/airflow/example_dags/example_local_kubernetes_executor.py
[2023-10-06T22:36:25.296+0000] {logging_mixin.py:120} INFO - [2023-10-06T22:36:25.296+0000] {dag.py:2585} INFO - Sync 1 DAGs
[2023-10-06T22:36:25.313+0000] {logging_mixin.py:120} INFO - [2023-10-06T22:36:25.313+0000] {dag.py:3340} INFO - Setting next_dagrun for example_local_kubernetes_executor to None, run_after=None
[2023-10-06T22:36:25.329+0000] {processor.py:176} INFO - Processing /home/airflow/.local/lib/python3.7/site-packages/airflow/example_dags/example_local_kubernetes_executor.py took 0.081 seconds
[2023-10-06T22:36:56.018+0000] {processor.py:154} INFO - Started process (PID=292) to work on /home/airflow/.local/lib/python3.7/site-packages/airflow/example_dags/example_local_kubernetes_executor.py
[2023-10-06T22:36:56.019+0000] {processor.py:756} INFO - Processing file /home/airflow/.local/lib/python3.7/site-packages/airflow/example_dags/example_local_kubernetes_executor.py for tasks to queue
[2023-10-06T22:36:56.019+0000] {logging_mixin.py:120} INFO - [2023-10-06T22:36:56.019+0000] {dagbag.py:537} INFO - Filling up the DagBag from /home/airflow/.local/lib/python3.7/site-packages/airflow/example_dags/example_local_kubernetes_executor.py
[2023-10-06T22:36:56.035+0000] {processor.py:766} INFO - DAG(s) dict_keys(['example_local_kubernetes_executor']) retrieved from /home/airflow/.local/lib/python3.7/site-packages/airflow/example_dags/example_local_kubernetes_executor.py
[2023-10-06T22:36:56.067+0000] {logging_mixin.py:120} INFO - [2023-10-06T22:36:56.067+0000] {dag.py:2585} INFO - Sync 1 DAGs
[2023-10-06T22:36:56.087+0000] {logging_mixin.py:120} INFO - [2023-10-06T22:36:56.087+0000] {dag.py:3340} INFO - Setting next_dagrun for example_local_kubernetes_executor to None, run_after=None
[2023-10-06T22:36:56.130+0000] {processor.py:176} INFO - Processing /home/airflow/.local/lib/python3.7/site-packages/airflow/example_dags/example_local_kubernetes_executor.py took 0.114 seconds
[2023-10-06T22:37:26.854+0000] {processor.py:154} INFO - Started process (PID=355) to work on /home/airflow/.local/lib/python3.7/site-packages/airflow/example_dags/example_local_kubernetes_executor.py
[2023-10-06T22:37:26.855+0000] {processor.py:756} INFO - Processing file /home/airflow/.local/lib/python3.7/site-packages/airflow/example_dags/example_local_kubernetes_executor.py for tasks to queue
[2023-10-06T22:37:26.855+0000] {logging_mixin.py:120} INFO - [2023-10-06T22:37:26.855+0000] {dagbag.py:537} INFO - Filling up the DagBag from /home/airflow/.local/lib/python3.7/site-packages/airflow/example_dags/example_local_kubernetes_executor.py
[2023-10-06T22:37:26.874+0000] {processor.py:766} INFO - DAG(s) dict_keys(['example_local_kubernetes_executor']) retrieved from /home/airflow/.local/lib/python3.7/site-packages/airflow/example_dags/example_local_kubernetes_executor.py
[2023-10-06T22:37:26.930+0000] {logging_mixin.py:120} INFO - [2023-10-06T22:37:26.928+0000] {dag.py:2585} INFO - Sync 1 DAGs
[2023-10-06T22:37:26.958+0000] {logging_mixin.py:120} INFO - [2023-10-06T22:37:26.958+0000] {dag.py:3340} INFO - Setting next_dagrun for example_local_kubernetes_executor to None, run_after=None
[2023-10-06T22:37:26.973+0000] {processor.py:176} INFO - Processing /home/airflow/.local/lib/python3.7/site-packages/airflow/example_dags/example_local_kubernetes_executor.py took 0.121 seconds
[2023-10-06T22:37:57.389+0000] {processor.py:154} INFO - Started process (PID=419) to work on /home/airflow/.local/lib/python3.7/site-packages/airflow/example_dags/example_local_kubernetes_executor.py
[2023-10-06T22:37:57.390+0000] {processor.py:756} INFO - Processing file /home/airflow/.local/lib/python3.7/site-packages/airflow/example_dags/example_local_kubernetes_executor.py for tasks to queue
[2023-10-06T22:37:57.390+0000] {logging_mixin.py:120} INFO - [2023-10-06T22:37:57.390+0000] {dagbag.py:537} INFO - Filling up the DagBag from /home/airflow/.local/lib/python3.7/site-packages/airflow/example_dags/example_local_kubernetes_executor.py
[2023-10-06T22:37:57.413+0000] {processor.py:766} INFO - DAG(s) dict_keys(['example_local_kubernetes_executor']) retrieved from /home/airflow/.local/lib/python3.7/site-packages/airflow/example_dags/example_local_kubernetes_executor.py
[2023-10-06T22:37:57.449+0000] {logging_mixin.py:120} INFO - [2023-10-06T22:37:57.448+0000] {dag.py:2585} INFO - Sync 1 DAGs
[2023-10-06T22:37:57.468+0000] {logging_mixin.py:120} INFO - [2023-10-06T22:37:57.468+0000] {dag.py:3340} INFO - Setting next_dagrun for example_local_kubernetes_executor to None, run_after=None
[2023-10-06T22:37:57.484+0000] {processor.py:176} INFO - Processing /home/airflow/.local/lib/python3.7/site-packages/airflow/example_dags/example_local_kubernetes_executor.py took 0.098 seconds
[2023-10-06T22:38:27.633+0000] {processor.py:154} INFO - Started process (PID=474) to work on /home/airflow/.local/lib/python3.7/site-packages/airflow/example_dags/example_local_kubernetes_executor.py
[2023-10-06T22:38:27.634+0000] {processor.py:756} INFO - Processing file /home/airflow/.local/lib/python3.7/site-packages/airflow/example_dags/example_local_kubernetes_executor.py for tasks to queue
[2023-10-06T22:38:27.635+0000] {logging_mixin.py:120} INFO - [2023-10-06T22:38:27.635+0000] {dagbag.py:537} INFO - Filling up the DagBag from /home/airflow/.local/lib/python3.7/site-packages/airflow/example_dags/example_local_kubernetes_executor.py
[2023-10-06T22:38:27.656+0000] {processor.py:766} INFO - DAG(s) dict_keys(['example_local_kubernetes_executor']) retrieved from /home/airflow/.local/lib/python3.7/site-packages/airflow/example_dags/example_local_kubernetes_executor.py
[2023-10-06T22:38:27.707+0000] {logging_mixin.py:120} INFO - [2023-10-06T22:38:27.706+0000] {dag.py:2585} INFO - Sync 1 DAGs
[2023-10-06T22:38:27.736+0000] {logging_mixin.py:120} INFO - [2023-10-06T22:38:27.736+0000] {dag.py:3340} INFO - Setting next_dagrun for example_local_kubernetes_executor to None, run_after=None
[2023-10-06T22:38:27.756+0000] {processor.py:176} INFO - Processing /home/airflow/.local/lib/python3.7/site-packages/airflow/example_dags/example_local_kubernetes_executor.py took 0.125 seconds
[2023-10-06T22:38:58.570+0000] {processor.py:154} INFO - Started process (PID=537) to work on /home/airflow/.local/lib/python3.7/site-packages/airflow/example_dags/example_local_kubernetes_executor.py
[2023-10-06T22:38:58.571+0000] {processor.py:756} INFO - Processing file /home/airflow/.local/lib/python3.7/site-packages/airflow/example_dags/example_local_kubernetes_executor.py for tasks to queue
[2023-10-06T22:38:58.572+0000] {logging_mixin.py:120} INFO - [2023-10-06T22:38:58.572+0000] {dagbag.py:537} INFO - Filling up the DagBag from /home/airflow/.local/lib/python3.7/site-packages/airflow/example_dags/example_local_kubernetes_executor.py
[2023-10-06T22:38:58.591+0000] {processor.py:766} INFO - DAG(s) dict_keys(['example_local_kubernetes_executor']) retrieved from /home/airflow/.local/lib/python3.7/site-packages/airflow/example_dags/example_local_kubernetes_executor.py
[2023-10-06T22:38:58.625+0000] {logging_mixin.py:120} INFO - [2023-10-06T22:38:58.624+0000] {dag.py:2585} INFO - Sync 1 DAGs
[2023-10-06T22:38:58.646+0000] {logging_mixin.py:120} INFO - [2023-10-06T22:38:58.646+0000] {dag.py:3340} INFO - Setting next_dagrun for example_local_kubernetes_executor to None, run_after=None
[2023-10-06T22:38:58.662+0000] {processor.py:176} INFO - Processing /home/airflow/.local/lib/python3.7/site-packages/airflow/example_dags/example_local_kubernetes_executor.py took 0.094 seconds
[2023-10-06T22:39:29.110+0000] {processor.py:154} INFO - Started process (PID=602) to work on /home/airflow/.local/lib/python3.7/site-packages/airflow/example_dags/example_local_kubernetes_executor.py
[2023-10-06T22:39:29.111+0000] {processor.py:756} INFO - Processing file /home/airflow/.local/lib/python3.7/site-packages/airflow/example_dags/example_local_kubernetes_executor.py for tasks to queue
[2023-10-06T22:39:29.111+0000] {logging_mixin.py:120} INFO - [2023-10-06T22:39:29.111+0000] {dagbag.py:537} INFO - Filling up the DagBag from /home/airflow/.local/lib/python3.7/site-packages/airflow/example_dags/example_local_kubernetes_executor.py
[2023-10-06T22:39:29.137+0000] {processor.py:766} INFO - DAG(s) dict_keys(['example_local_kubernetes_executor']) retrieved from /home/airflow/.local/lib/python3.7/site-packages/airflow/example_dags/example_local_kubernetes_executor.py
[2023-10-06T22:39:29.186+0000] {logging_mixin.py:120} INFO - [2023-10-06T22:39:29.186+0000] {dag.py:2585} INFO - Sync 1 DAGs
[2023-10-06T22:39:29.223+0000] {logging_mixin.py:120} INFO - [2023-10-06T22:39:29.223+0000] {dag.py:3340} INFO - Setting next_dagrun for example_local_kubernetes_executor to None, run_after=None
[2023-10-06T22:39:29.250+0000] {processor.py:176} INFO - Processing /home/airflow/.local/lib/python3.7/site-packages/airflow/example_dags/example_local_kubernetes_executor.py took 0.144 seconds
[2023-10-06T22:39:59.506+0000] {processor.py:154} INFO - Started process (PID=665) to work on /home/airflow/.local/lib/python3.7/site-packages/airflow/example_dags/example_local_kubernetes_executor.py
[2023-10-06T22:39:59.508+0000] {processor.py:756} INFO - Processing file /home/airflow/.local/lib/python3.7/site-packages/airflow/example_dags/example_local_kubernetes_executor.py for tasks to queue
[2023-10-06T22:39:59.508+0000] {logging_mixin.py:120} INFO - [2023-10-06T22:39:59.508+0000] {dagbag.py:537} INFO - Filling up the DagBag from /home/airflow/.local/lib/python3.7/site-packages/airflow/example_dags/example_local_kubernetes_executor.py
[2023-10-06T22:39:59.528+0000] {processor.py:766} INFO - DAG(s) dict_keys(['example_local_kubernetes_executor']) retrieved from /home/airflow/.local/lib/python3.7/site-packages/airflow/example_dags/example_local_kubernetes_executor.py
[2023-10-06T22:39:59.563+0000] {logging_mixin.py:120} INFO - [2023-10-06T22:39:59.563+0000] {dag.py:2585} INFO - Sync 1 DAGs
[2023-10-06T22:39:59.583+0000] {logging_mixin.py:120} INFO - [2023-10-06T22:39:59.583+0000] {dag.py:3340} INFO - Setting next_dagrun for example_local_kubernetes_executor to None, run_after=None
[2023-10-06T22:39:59.601+0000] {processor.py:176} INFO - Processing /home/airflow/.local/lib/python3.7/site-packages/airflow/example_dags/example_local_kubernetes_executor.py took 0.097 seconds
[2023-10-06T22:40:30.280+0000] {processor.py:154} INFO - Started process (PID=719) to work on /home/airflow/.local/lib/python3.7/site-packages/airflow/example_dags/example_local_kubernetes_executor.py
[2023-10-06T22:40:30.281+0000] {processor.py:756} INFO - Processing file /home/airflow/.local/lib/python3.7/site-packages/airflow/example_dags/example_local_kubernetes_executor.py for tasks to queue
[2023-10-06T22:40:30.281+0000] {logging_mixin.py:120} INFO - [2023-10-06T22:40:30.281+0000] {dagbag.py:537} INFO - Filling up the DagBag from /home/airflow/.local/lib/python3.7/site-packages/airflow/example_dags/example_local_kubernetes_executor.py
[2023-10-06T22:40:30.304+0000] {processor.py:766} INFO - DAG(s) dict_keys(['example_local_kubernetes_executor']) retrieved from /home/airflow/.local/lib/python3.7/site-packages/airflow/example_dags/example_local_kubernetes_executor.py
[2023-10-06T22:40:30.338+0000] {logging_mixin.py:120} INFO - [2023-10-06T22:40:30.338+0000] {dag.py:2585} INFO - Sync 1 DAGs
[2023-10-06T22:40:30.358+0000] {logging_mixin.py:120} INFO - [2023-10-06T22:40:30.357+0000] {dag.py:3340} INFO - Setting next_dagrun for example_local_kubernetes_executor to None, run_after=None
[2023-10-06T22:40:30.377+0000] {processor.py:176} INFO - Processing /home/airflow/.local/lib/python3.7/site-packages/airflow/example_dags/example_local_kubernetes_executor.py took 0.100 seconds
[2023-10-06T22:41:00.838+0000] {processor.py:154} INFO - Started process (PID=782) to work on /home/airflow/.local/lib/python3.7/site-packages/airflow/example_dags/example_local_kubernetes_executor.py
[2023-10-06T22:41:00.839+0000] {processor.py:756} INFO - Processing file /home/airflow/.local/lib/python3.7/site-packages/airflow/example_dags/example_local_kubernetes_executor.py for tasks to queue
[2023-10-06T22:41:00.840+0000] {logging_mixin.py:120} INFO - [2023-10-06T22:41:00.839+0000] {dagbag.py:537} INFO - Filling up the DagBag from /home/airflow/.local/lib/python3.7/site-packages/airflow/example_dags/example_local_kubernetes_executor.py
[2023-10-06T22:41:00.856+0000] {processor.py:766} INFO - DAG(s) dict_keys(['example_local_kubernetes_executor']) retrieved from /home/airflow/.local/lib/python3.7/site-packages/airflow/example_dags/example_local_kubernetes_executor.py
[2023-10-06T22:41:00.887+0000] {logging_mixin.py:120} INFO - [2023-10-06T22:41:00.887+0000] {dag.py:2585} INFO - Sync 1 DAGs
[2023-10-06T22:41:00.905+0000] {logging_mixin.py:120} INFO - [2023-10-06T22:41:00.905+0000] {dag.py:3340} INFO - Setting next_dagrun for example_local_kubernetes_executor to None, run_after=None
[2023-10-06T22:41:00.923+0000] {processor.py:176} INFO - Processing /home/airflow/.local/lib/python3.7/site-packages/airflow/example_dags/example_local_kubernetes_executor.py took 0.087 seconds
[2023-10-06T22:41:31.357+0000] {processor.py:154} INFO - Started process (PID=845) to work on /home/airflow/.local/lib/python3.7/site-packages/airflow/example_dags/example_local_kubernetes_executor.py
[2023-10-06T22:41:31.357+0000] {processor.py:756} INFO - Processing file /home/airflow/.local/lib/python3.7/site-packages/airflow/example_dags/example_local_kubernetes_executor.py for tasks to queue
[2023-10-06T22:41:31.358+0000] {logging_mixin.py:120} INFO - [2023-10-06T22:41:31.358+0000] {dagbag.py:537} INFO - Filling up the DagBag from /home/airflow/.local/lib/python3.7/site-packages/airflow/example_dags/example_local_kubernetes_executor.py
[2023-10-06T22:41:31.374+0000] {processor.py:766} INFO - DAG(s) dict_keys(['example_local_kubernetes_executor']) retrieved from /home/airflow/.local/lib/python3.7/site-packages/airflow/example_dags/example_local_kubernetes_executor.py
[2023-10-06T22:41:31.408+0000] {logging_mixin.py:120} INFO - [2023-10-06T22:41:31.408+0000] {dag.py:2585} INFO - Sync 1 DAGs
[2023-10-06T22:41:31.429+0000] {logging_mixin.py:120} INFO - [2023-10-06T22:41:31.429+0000] {dag.py:3340} INFO - Setting next_dagrun for example_local_kubernetes_executor to None, run_after=None
[2023-10-06T22:41:31.446+0000] {processor.py:176} INFO - Processing /home/airflow/.local/lib/python3.7/site-packages/airflow/example_dags/example_local_kubernetes_executor.py took 0.092 seconds
[2023-10-06T22:42:01.663+0000] {processor.py:154} INFO - Started process (PID=908) to work on /home/airflow/.local/lib/python3.7/site-packages/airflow/example_dags/example_local_kubernetes_executor.py
[2023-10-06T22:42:01.664+0000] {processor.py:756} INFO - Processing file /home/airflow/.local/lib/python3.7/site-packages/airflow/example_dags/example_local_kubernetes_executor.py for tasks to queue
[2023-10-06T22:42:01.664+0000] {logging_mixin.py:120} INFO - [2023-10-06T22:42:01.664+0000] {dagbag.py:537} INFO - Filling up the DagBag from /home/airflow/.local/lib/python3.7/site-packages/airflow/example_dags/example_local_kubernetes_executor.py
[2023-10-06T22:42:01.692+0000] {processor.py:766} INFO - DAG(s) dict_keys(['example_local_kubernetes_executor']) retrieved from /home/airflow/.local/lib/python3.7/site-packages/airflow/example_dags/example_local_kubernetes_executor.py
[2023-10-06T22:42:01.731+0000] {logging_mixin.py:120} INFO - [2023-10-06T22:42:01.731+0000] {dag.py:2585} INFO - Sync 1 DAGs
[2023-10-06T22:42:01.752+0000] {logging_mixin.py:120} INFO - [2023-10-06T22:42:01.752+0000] {dag.py:3340} INFO - Setting next_dagrun for example_local_kubernetes_executor to None, run_after=None
[2023-10-06T22:42:01.774+0000] {processor.py:176} INFO - Processing /home/airflow/.local/lib/python3.7/site-packages/airflow/example_dags/example_local_kubernetes_executor.py took 0.114 seconds
[2023-10-06T22:42:32.281+0000] {processor.py:154} INFO - Started process (PID=962) to work on /home/airflow/.local/lib/python3.7/site-packages/airflow/example_dags/example_local_kubernetes_executor.py
[2023-10-06T22:42:32.283+0000] {processor.py:756} INFO - Processing file /home/airflow/.local/lib/python3.7/site-packages/airflow/example_dags/example_local_kubernetes_executor.py for tasks to queue
[2023-10-06T22:42:32.283+0000] {logging_mixin.py:120} INFO - [2023-10-06T22:42:32.283+0000] {dagbag.py:537} INFO - Filling up the DagBag from /home/airflow/.local/lib/python3.7/site-packages/airflow/example_dags/example_local_kubernetes_executor.py
[2023-10-06T22:42:32.308+0000] {processor.py:766} INFO - DAG(s) dict_keys(['example_local_kubernetes_executor']) retrieved from /home/airflow/.local/lib/python3.7/site-packages/airflow/example_dags/example_local_kubernetes_executor.py
[2023-10-06T22:42:32.341+0000] {logging_mixin.py:120} INFO - [2023-10-06T22:42:32.341+0000] {dag.py:2585} INFO - Sync 1 DAGs
[2023-10-06T22:42:32.359+0000] {logging_mixin.py:120} INFO - [2023-10-06T22:42:32.359+0000] {dag.py:3340} INFO - Setting next_dagrun for example_local_kubernetes_executor to None, run_after=None
[2023-10-06T22:42:32.376+0000] {processor.py:176} INFO - Processing /home/airflow/.local/lib/python3.7/site-packages/airflow/example_dags/example_local_kubernetes_executor.py took 0.097 seconds
[2023-10-06T22:43:02.610+0000] {processor.py:154} INFO - Started process (PID=1026) to work on /home/airflow/.local/lib/python3.7/site-packages/airflow/example_dags/example_local_kubernetes_executor.py
[2023-10-06T22:43:02.611+0000] {processor.py:756} INFO - Processing file /home/airflow/.local/lib/python3.7/site-packages/airflow/example_dags/example_local_kubernetes_executor.py for tasks to queue
[2023-10-06T22:43:02.611+0000] {logging_mixin.py:120} INFO - [2023-10-06T22:43:02.611+0000] {dagbag.py:537} INFO - Filling up the DagBag from /home/airflow/.local/lib/python3.7/site-packages/airflow/example_dags/example_local_kubernetes_executor.py
[2023-10-06T22:43:02.628+0000] {processor.py:766} INFO - DAG(s) dict_keys(['example_local_kubernetes_executor']) retrieved from /home/airflow/.local/lib/python3.7/site-packages/airflow/example_dags/example_local_kubernetes_executor.py
[2023-10-06T22:43:02.658+0000] {logging_mixin.py:120} INFO - [2023-10-06T22:43:02.658+0000] {dag.py:2585} INFO - Sync 1 DAGs
[2023-10-06T22:43:02.676+0000] {logging_mixin.py:120} INFO - [2023-10-06T22:43:02.676+0000] {dag.py:3340} INFO - Setting next_dagrun for example_local_kubernetes_executor to None, run_after=None
[2023-10-06T22:43:02.693+0000] {processor.py:176} INFO - Processing /home/airflow/.local/lib/python3.7/site-packages/airflow/example_dags/example_local_kubernetes_executor.py took 0.086 seconds
[2023-10-06T22:43:32.880+0000] {processor.py:154} INFO - Started process (PID=1090) to work on /home/airflow/.local/lib/python3.7/site-packages/airflow/example_dags/example_local_kubernetes_executor.py
[2023-10-06T22:43:32.881+0000] {processor.py:756} INFO - Processing file /home/airflow/.local/lib/python3.7/site-packages/airflow/example_dags/example_local_kubernetes_executor.py for tasks to queue
[2023-10-06T22:43:32.881+0000] {logging_mixin.py:120} INFO - [2023-10-06T22:43:32.881+0000] {dagbag.py:537} INFO - Filling up the DagBag from /home/airflow/.local/lib/python3.7/site-packages/airflow/example_dags/example_local_kubernetes_executor.py
[2023-10-06T22:43:32.897+0000] {processor.py:766} INFO - DAG(s) dict_keys(['example_local_kubernetes_executor']) retrieved from /home/airflow/.local/lib/python3.7/site-packages/airflow/example_dags/example_local_kubernetes_executor.py
[2023-10-06T22:43:32.923+0000] {logging_mixin.py:120} INFO - [2023-10-06T22:43:32.923+0000] {dag.py:2585} INFO - Sync 1 DAGs
[2023-10-06T22:43:32.939+0000] {logging_mixin.py:120} INFO - [2023-10-06T22:43:32.939+0000] {dag.py:3340} INFO - Setting next_dagrun for example_local_kubernetes_executor to None, run_after=None
[2023-10-06T22:43:32.953+0000] {processor.py:176} INFO - Processing /home/airflow/.local/lib/python3.7/site-packages/airflow/example_dags/example_local_kubernetes_executor.py took 0.075 seconds
[2023-10-06T22:44:03.243+0000] {processor.py:154} INFO - Started process (PID=1152) to work on /home/airflow/.local/lib/python3.7/site-packages/airflow/example_dags/example_local_kubernetes_executor.py
[2023-10-06T22:44:03.245+0000] {processor.py:756} INFO - Processing file /home/airflow/.local/lib/python3.7/site-packages/airflow/example_dags/example_local_kubernetes_executor.py for tasks to queue
[2023-10-06T22:44:03.245+0000] {logging_mixin.py:120} INFO - [2023-10-06T22:44:03.245+0000] {dagbag.py:537} INFO - Filling up the DagBag from /home/airflow/.local/lib/python3.7/site-packages/airflow/example_dags/example_local_kubernetes_executor.py
[2023-10-06T22:44:03.260+0000] {processor.py:766} INFO - DAG(s) dict_keys(['example_local_kubernetes_executor']) retrieved from /home/airflow/.local/lib/python3.7/site-packages/airflow/example_dags/example_local_kubernetes_executor.py
[2023-10-06T22:44:03.288+0000] {logging_mixin.py:120} INFO - [2023-10-06T22:44:03.288+0000] {dag.py:2585} INFO - Sync 1 DAGs
[2023-10-06T22:44:03.305+0000] {logging_mixin.py:120} INFO - [2023-10-06T22:44:03.304+0000] {dag.py:3340} INFO - Setting next_dagrun for example_local_kubernetes_executor to None, run_after=None
[2023-10-06T22:44:03.322+0000] {processor.py:176} INFO - Processing /home/airflow/.local/lib/python3.7/site-packages/airflow/example_dags/example_local_kubernetes_executor.py took 0.081 seconds
[2023-10-06T22:44:33.547+0000] {processor.py:154} INFO - Started process (PID=1207) to work on /home/airflow/.local/lib/python3.7/site-packages/airflow/example_dags/example_local_kubernetes_executor.py
[2023-10-06T22:44:33.548+0000] {processor.py:756} INFO - Processing file /home/airflow/.local/lib/python3.7/site-packages/airflow/example_dags/example_local_kubernetes_executor.py for tasks to queue
[2023-10-06T22:44:33.548+0000] {logging_mixin.py:120} INFO - [2023-10-06T22:44:33.548+0000] {dagbag.py:537} INFO - Filling up the DagBag from /home/airflow/.local/lib/python3.7/site-packages/airflow/example_dags/example_local_kubernetes_executor.py
[2023-10-06T22:44:33.564+0000] {processor.py:766} INFO - DAG(s) dict_keys(['example_local_kubernetes_executor']) retrieved from /home/airflow/.local/lib/python3.7/site-packages/airflow/example_dags/example_local_kubernetes_executor.py
[2023-10-06T22:44:33.596+0000] {logging_mixin.py:120} INFO - [2023-10-06T22:44:33.595+0000] {dag.py:2585} INFO - Sync 1 DAGs
[2023-10-06T22:44:33.615+0000] {logging_mixin.py:120} INFO - [2023-10-06T22:44:33.615+0000] {dag.py:3340} INFO - Setting next_dagrun for example_local_kubernetes_executor to None, run_after=None
[2023-10-06T22:44:33.633+0000] {processor.py:176} INFO - Processing /home/airflow/.local/lib/python3.7/site-packages/airflow/example_dags/example_local_kubernetes_executor.py took 0.088 seconds
[2023-10-06T22:45:04.016+0000] {processor.py:154} INFO - Started process (PID=1271) to work on /home/airflow/.local/lib/python3.7/site-packages/airflow/example_dags/example_local_kubernetes_executor.py
[2023-10-06T22:45:04.017+0000] {processor.py:756} INFO - Processing file /home/airflow/.local/lib/python3.7/site-packages/airflow/example_dags/example_local_kubernetes_executor.py for tasks to queue
[2023-10-06T22:45:04.017+0000] {logging_mixin.py:120} INFO - [2023-10-06T22:45:04.017+0000] {dagbag.py:537} INFO - Filling up the DagBag from /home/airflow/.local/lib/python3.7/site-packages/airflow/example_dags/example_local_kubernetes_executor.py
[2023-10-06T22:45:04.033+0000] {processor.py:766} INFO - DAG(s) dict_keys(['example_local_kubernetes_executor']) retrieved from /home/airflow/.local/lib/python3.7/site-packages/airflow/example_dags/example_local_kubernetes_executor.py
[2023-10-06T22:45:04.063+0000] {logging_mixin.py:120} INFO - [2023-10-06T22:45:04.063+0000] {dag.py:2585} INFO - Sync 1 DAGs
[2023-10-06T22:45:04.082+0000] {logging_mixin.py:120} INFO - [2023-10-06T22:45:04.082+0000] {dag.py:3340} INFO - Setting next_dagrun for example_local_kubernetes_executor to None, run_after=None
[2023-10-06T22:45:04.100+0000] {processor.py:176} INFO - Processing /home/airflow/.local/lib/python3.7/site-packages/airflow/example_dags/example_local_kubernetes_executor.py took 0.086 seconds
[2023-10-06T22:45:34.378+0000] {processor.py:154} INFO - Started process (PID=1335) to work on /home/airflow/.local/lib/python3.7/site-packages/airflow/example_dags/example_local_kubernetes_executor.py
[2023-10-06T22:45:34.378+0000] {processor.py:756} INFO - Processing file /home/airflow/.local/lib/python3.7/site-packages/airflow/example_dags/example_local_kubernetes_executor.py for tasks to queue
[2023-10-06T22:45:34.379+0000] {logging_mixin.py:120} INFO - [2023-10-06T22:45:34.378+0000] {dagbag.py:537} INFO - Filling up the DagBag from /home/airflow/.local/lib/python3.7/site-packages/airflow/example_dags/example_local_kubernetes_executor.py
[2023-10-06T22:45:34.395+0000] {processor.py:766} INFO - DAG(s) dict_keys(['example_local_kubernetes_executor']) retrieved from /home/airflow/.local/lib/python3.7/site-packages/airflow/example_dags/example_local_kubernetes_executor.py
[2023-10-06T22:45:34.424+0000] {logging_mixin.py:120} INFO - [2023-10-06T22:45:34.424+0000] {dag.py:2585} INFO - Sync 1 DAGs
[2023-10-06T22:45:34.445+0000] {logging_mixin.py:120} INFO - [2023-10-06T22:45:34.444+0000] {dag.py:3340} INFO - Setting next_dagrun for example_local_kubernetes_executor to None, run_after=None
[2023-10-06T22:45:34.461+0000] {processor.py:176} INFO - Processing /home/airflow/.local/lib/python3.7/site-packages/airflow/example_dags/example_local_kubernetes_executor.py took 0.086 seconds
[2023-10-06T22:46:04.625+0000] {processor.py:154} INFO - Started process (PID=1399) to work on /home/airflow/.local/lib/python3.7/site-packages/airflow/example_dags/example_local_kubernetes_executor.py
[2023-10-06T22:46:04.626+0000] {processor.py:756} INFO - Processing file /home/airflow/.local/lib/python3.7/site-packages/airflow/example_dags/example_local_kubernetes_executor.py for tasks to queue
[2023-10-06T22:46:04.626+0000] {logging_mixin.py:120} INFO - [2023-10-06T22:46:04.626+0000] {dagbag.py:537} INFO - Filling up the DagBag from /home/airflow/.local/lib/python3.7/site-packages/airflow/example_dags/example_local_kubernetes_executor.py
[2023-10-06T22:46:04.643+0000] {processor.py:766} INFO - DAG(s) dict_keys(['example_local_kubernetes_executor']) retrieved from /home/airflow/.local/lib/python3.7/site-packages/airflow/example_dags/example_local_kubernetes_executor.py
[2023-10-06T22:46:04.676+0000] {logging_mixin.py:120} INFO - [2023-10-06T22:46:04.676+0000] {dag.py:2585} INFO - Sync 1 DAGs
[2023-10-06T22:46:04.696+0000] {logging_mixin.py:120} INFO - [2023-10-06T22:46:04.696+0000] {dag.py:3340} INFO - Setting next_dagrun for example_local_kubernetes_executor to None, run_after=None
[2023-10-06T22:46:04.715+0000] {processor.py:176} INFO - Processing /home/airflow/.local/lib/python3.7/site-packages/airflow/example_dags/example_local_kubernetes_executor.py took 0.092 seconds
[2023-10-06T22:46:35.107+0000] {processor.py:154} INFO - Started process (PID=1454) to work on /home/airflow/.local/lib/python3.7/site-packages/airflow/example_dags/example_local_kubernetes_executor.py
[2023-10-06T22:46:35.108+0000] {processor.py:756} INFO - Processing file /home/airflow/.local/lib/python3.7/site-packages/airflow/example_dags/example_local_kubernetes_executor.py for tasks to queue
[2023-10-06T22:46:35.108+0000] {logging_mixin.py:120} INFO - [2023-10-06T22:46:35.108+0000] {dagbag.py:537} INFO - Filling up the DagBag from /home/airflow/.local/lib/python3.7/site-packages/airflow/example_dags/example_local_kubernetes_executor.py
[2023-10-06T22:46:35.123+0000] {processor.py:766} INFO - DAG(s) dict_keys(['example_local_kubernetes_executor']) retrieved from /home/airflow/.local/lib/python3.7/site-packages/airflow/example_dags/example_local_kubernetes_executor.py
[2023-10-06T22:46:35.153+0000] {logging_mixin.py:120} INFO - [2023-10-06T22:46:35.152+0000] {dag.py:2585} INFO - Sync 1 DAGs
[2023-10-06T22:46:35.169+0000] {logging_mixin.py:120} INFO - [2023-10-06T22:46:35.169+0000] {dag.py:3340} INFO - Setting next_dagrun for example_local_kubernetes_executor to None, run_after=None
[2023-10-06T22:46:35.184+0000] {processor.py:176} INFO - Processing /home/airflow/.local/lib/python3.7/site-packages/airflow/example_dags/example_local_kubernetes_executor.py took 0.079 seconds
[2023-10-06T22:47:05.542+0000] {processor.py:154} INFO - Started process (PID=1519) to work on /home/airflow/.local/lib/python3.7/site-packages/airflow/example_dags/example_local_kubernetes_executor.py
[2023-10-06T22:47:05.543+0000] {processor.py:756} INFO - Processing file /home/airflow/.local/lib/python3.7/site-packages/airflow/example_dags/example_local_kubernetes_executor.py for tasks to queue
[2023-10-06T22:47:05.544+0000] {logging_mixin.py:120} INFO - [2023-10-06T22:47:05.544+0000] {dagbag.py:537} INFO - Filling up the DagBag from /home/airflow/.local/lib/python3.7/site-packages/airflow/example_dags/example_local_kubernetes_executor.py
[2023-10-06T22:47:05.566+0000] {processor.py:766} INFO - DAG(s) dict_keys(['example_local_kubernetes_executor']) retrieved from /home/airflow/.local/lib/python3.7/site-packages/airflow/example_dags/example_local_kubernetes_executor.py
[2023-10-06T22:47:05.599+0000] {logging_mixin.py:120} INFO - [2023-10-06T22:47:05.599+0000] {dag.py:2585} INFO - Sync 1 DAGs
[2023-10-06T22:47:05.616+0000] {logging_mixin.py:120} INFO - [2023-10-06T22:47:05.615+0000] {dag.py:3340} INFO - Setting next_dagrun for example_local_kubernetes_executor to None, run_after=None
[2023-10-06T22:47:05.633+0000] {processor.py:176} INFO - Processing /home/airflow/.local/lib/python3.7/site-packages/airflow/example_dags/example_local_kubernetes_executor.py took 0.093 seconds
[2023-10-06T22:47:35.922+0000] {processor.py:154} INFO - Started process (PID=1582) to work on /home/airflow/.local/lib/python3.7/site-packages/airflow/example_dags/example_local_kubernetes_executor.py
[2023-10-06T22:47:35.923+0000] {processor.py:756} INFO - Processing file /home/airflow/.local/lib/python3.7/site-packages/airflow/example_dags/example_local_kubernetes_executor.py for tasks to queue
[2023-10-06T22:47:35.923+0000] {logging_mixin.py:120} INFO - [2023-10-06T22:47:35.923+0000] {dagbag.py:537} INFO - Filling up the DagBag from /home/airflow/.local/lib/python3.7/site-packages/airflow/example_dags/example_local_kubernetes_executor.py
[2023-10-06T22:47:35.939+0000] {processor.py:766} INFO - DAG(s) dict_keys(['example_local_kubernetes_executor']) retrieved from /home/airflow/.local/lib/python3.7/site-packages/airflow/example_dags/example_local_kubernetes_executor.py
[2023-10-06T22:47:35.969+0000] {logging_mixin.py:120} INFO - [2023-10-06T22:47:35.969+0000] {dag.py:2585} INFO - Sync 1 DAGs
[2023-10-06T22:47:35.987+0000] {logging_mixin.py:120} INFO - [2023-10-06T22:47:35.987+0000] {dag.py:3340} INFO - Setting next_dagrun for example_local_kubernetes_executor to None, run_after=None
[2023-10-06T22:47:36.002+0000] {processor.py:176} INFO - Processing /home/airflow/.local/lib/python3.7/site-packages/airflow/example_dags/example_local_kubernetes_executor.py took 0.082 seconds
[2023-10-06T22:48:06.287+0000] {processor.py:154} INFO - Started process (PID=1646) to work on /home/airflow/.local/lib/python3.7/site-packages/airflow/example_dags/example_local_kubernetes_executor.py
[2023-10-06T22:48:06.289+0000] {processor.py:756} INFO - Processing file /home/airflow/.local/lib/python3.7/site-packages/airflow/example_dags/example_local_kubernetes_executor.py for tasks to queue
[2023-10-06T22:48:06.290+0000] {logging_mixin.py:120} INFO - [2023-10-06T22:48:06.290+0000] {dagbag.py:537} INFO - Filling up the DagBag from /home/airflow/.local/lib/python3.7/site-packages/airflow/example_dags/example_local_kubernetes_executor.py
[2023-10-06T22:48:06.305+0000] {processor.py:766} INFO - DAG(s) dict_keys(['example_local_kubernetes_executor']) retrieved from /home/airflow/.local/lib/python3.7/site-packages/airflow/example_dags/example_local_kubernetes_executor.py
[2023-10-06T22:48:06.335+0000] {logging_mixin.py:120} INFO - [2023-10-06T22:48:06.335+0000] {dag.py:2585} INFO - Sync 1 DAGs
[2023-10-06T22:48:06.353+0000] {logging_mixin.py:120} INFO - [2023-10-06T22:48:06.353+0000] {dag.py:3340} INFO - Setting next_dagrun for example_local_kubernetes_executor to None, run_after=None
[2023-10-06T22:48:06.369+0000] {processor.py:176} INFO - Processing /home/airflow/.local/lib/python3.7/site-packages/airflow/example_dags/example_local_kubernetes_executor.py took 0.084 seconds
[2023-10-06T22:48:36.715+0000] {processor.py:154} INFO - Started process (PID=1700) to work on /home/airflow/.local/lib/python3.7/site-packages/airflow/example_dags/example_local_kubernetes_executor.py
[2023-10-06T22:48:36.716+0000] {processor.py:756} INFO - Processing file /home/airflow/.local/lib/python3.7/site-packages/airflow/example_dags/example_local_kubernetes_executor.py for tasks to queue
[2023-10-06T22:48:36.717+0000] {logging_mixin.py:120} INFO - [2023-10-06T22:48:36.716+0000] {dagbag.py:537} INFO - Filling up the DagBag from /home/airflow/.local/lib/python3.7/site-packages/airflow/example_dags/example_local_kubernetes_executor.py
[2023-10-06T22:48:36.734+0000] {processor.py:766} INFO - DAG(s) dict_keys(['example_local_kubernetes_executor']) retrieved from /home/airflow/.local/lib/python3.7/site-packages/airflow/example_dags/example_local_kubernetes_executor.py
[2023-10-06T22:48:36.766+0000] {logging_mixin.py:120} INFO - [2023-10-06T22:48:36.765+0000] {dag.py:2585} INFO - Sync 1 DAGs
[2023-10-06T22:48:36.785+0000] {logging_mixin.py:120} INFO - [2023-10-06T22:48:36.785+0000] {dag.py:3340} INFO - Setting next_dagrun for example_local_kubernetes_executor to None, run_after=None
[2023-10-06T22:48:36.801+0000] {processor.py:176} INFO - Processing /home/airflow/.local/lib/python3.7/site-packages/airflow/example_dags/example_local_kubernetes_executor.py took 0.089 seconds
[2023-10-06T22:49:07.304+0000] {processor.py:154} INFO - Started process (PID=1764) to work on /home/airflow/.local/lib/python3.7/site-packages/airflow/example_dags/example_local_kubernetes_executor.py
[2023-10-06T22:49:07.304+0000] {processor.py:756} INFO - Processing file /home/airflow/.local/lib/python3.7/site-packages/airflow/example_dags/example_local_kubernetes_executor.py for tasks to queue
[2023-10-06T22:49:07.305+0000] {logging_mixin.py:120} INFO - [2023-10-06T22:49:07.304+0000] {dagbag.py:537} INFO - Filling up the DagBag from /home/airflow/.local/lib/python3.7/site-packages/airflow/example_dags/example_local_kubernetes_executor.py
[2023-10-06T22:49:07.320+0000] {processor.py:766} INFO - DAG(s) dict_keys(['example_local_kubernetes_executor']) retrieved from /home/airflow/.local/lib/python3.7/site-packages/airflow/example_dags/example_local_kubernetes_executor.py
[2023-10-06T22:49:07.351+0000] {logging_mixin.py:120} INFO - [2023-10-06T22:49:07.351+0000] {dag.py:2585} INFO - Sync 1 DAGs
[2023-10-06T22:49:07.368+0000] {logging_mixin.py:120} INFO - [2023-10-06T22:49:07.368+0000] {dag.py:3340} INFO - Setting next_dagrun for example_local_kubernetes_executor to None, run_after=None
[2023-10-06T22:49:07.385+0000] {processor.py:176} INFO - Processing /home/airflow/.local/lib/python3.7/site-packages/airflow/example_dags/example_local_kubernetes_executor.py took 0.083 seconds
[2023-10-06T22:49:37.773+0000] {processor.py:154} INFO - Started process (PID=1828) to work on /home/airflow/.local/lib/python3.7/site-packages/airflow/example_dags/example_local_kubernetes_executor.py
[2023-10-06T22:49:37.774+0000] {processor.py:756} INFO - Processing file /home/airflow/.local/lib/python3.7/site-packages/airflow/example_dags/example_local_kubernetes_executor.py for tasks to queue
[2023-10-06T22:49:37.775+0000] {logging_mixin.py:120} INFO - [2023-10-06T22:49:37.774+0000] {dagbag.py:537} INFO - Filling up the DagBag from /home/airflow/.local/lib/python3.7/site-packages/airflow/example_dags/example_local_kubernetes_executor.py
[2023-10-06T22:49:37.790+0000] {processor.py:766} INFO - DAG(s) dict_keys(['example_local_kubernetes_executor']) retrieved from /home/airflow/.local/lib/python3.7/site-packages/airflow/example_dags/example_local_kubernetes_executor.py
[2023-10-06T22:49:37.823+0000] {logging_mixin.py:120} INFO - [2023-10-06T22:49:37.823+0000] {dag.py:2585} INFO - Sync 1 DAGs
[2023-10-06T22:49:37.843+0000] {logging_mixin.py:120} INFO - [2023-10-06T22:49:37.843+0000] {dag.py:3340} INFO - Setting next_dagrun for example_local_kubernetes_executor to None, run_after=None
[2023-10-06T22:49:37.861+0000] {processor.py:176} INFO - Processing /home/airflow/.local/lib/python3.7/site-packages/airflow/example_dags/example_local_kubernetes_executor.py took 0.091 seconds
[2023-10-06T22:50:08.108+0000] {processor.py:154} INFO - Started process (PID=1892) to work on /home/airflow/.local/lib/python3.7/site-packages/airflow/example_dags/example_local_kubernetes_executor.py
[2023-10-06T22:50:08.108+0000] {processor.py:756} INFO - Processing file /home/airflow/.local/lib/python3.7/site-packages/airflow/example_dags/example_local_kubernetes_executor.py for tasks to queue
[2023-10-06T22:50:08.109+0000] {logging_mixin.py:120} INFO - [2023-10-06T22:50:08.109+0000] {dagbag.py:537} INFO - Filling up the DagBag from /home/airflow/.local/lib/python3.7/site-packages/airflow/example_dags/example_local_kubernetes_executor.py
[2023-10-06T22:50:08.124+0000] {processor.py:766} INFO - DAG(s) dict_keys(['example_local_kubernetes_executor']) retrieved from /home/airflow/.local/lib/python3.7/site-packages/airflow/example_dags/example_local_kubernetes_executor.py
[2023-10-06T22:50:08.155+0000] {logging_mixin.py:120} INFO - [2023-10-06T22:50:08.155+0000] {dag.py:2585} INFO - Sync 1 DAGs
[2023-10-06T22:50:08.172+0000] {logging_mixin.py:120} INFO - [2023-10-06T22:50:08.172+0000] {dag.py:3340} INFO - Setting next_dagrun for example_local_kubernetes_executor to None, run_after=None
[2023-10-06T22:50:08.187+0000] {processor.py:176} INFO - Processing /home/airflow/.local/lib/python3.7/site-packages/airflow/example_dags/example_local_kubernetes_executor.py took 0.082 seconds
[2023-10-06T22:50:38.508+0000] {processor.py:154} INFO - Started process (PID=1957) to work on /home/airflow/.local/lib/python3.7/site-packages/airflow/example_dags/example_local_kubernetes_executor.py
[2023-10-06T22:50:38.510+0000] {processor.py:756} INFO - Processing file /home/airflow/.local/lib/python3.7/site-packages/airflow/example_dags/example_local_kubernetes_executor.py for tasks to queue
[2023-10-06T22:50:38.510+0000] {logging_mixin.py:120} INFO - [2023-10-06T22:50:38.510+0000] {dagbag.py:537} INFO - Filling up the DagBag from /home/airflow/.local/lib/python3.7/site-packages/airflow/example_dags/example_local_kubernetes_executor.py
[2023-10-06T22:50:38.527+0000] {processor.py:766} INFO - DAG(s) dict_keys(['example_local_kubernetes_executor']) retrieved from /home/airflow/.local/lib/python3.7/site-packages/airflow/example_dags/example_local_kubernetes_executor.py
[2023-10-06T22:50:38.559+0000] {logging_mixin.py:120} INFO - [2023-10-06T22:50:38.559+0000] {dag.py:2585} INFO - Sync 1 DAGs
[2023-10-06T22:50:38.577+0000] {logging_mixin.py:120} INFO - [2023-10-06T22:50:38.577+0000] {dag.py:3340} INFO - Setting next_dagrun for example_local_kubernetes_executor to None, run_after=None
[2023-10-06T22:50:38.592+0000] {processor.py:176} INFO - Processing /home/airflow/.local/lib/python3.7/site-packages/airflow/example_dags/example_local_kubernetes_executor.py took 0.086 seconds
[2023-10-06T22:51:08.701+0000] {processor.py:154} INFO - Started process (PID=2012) to work on /home/airflow/.local/lib/python3.7/site-packages/airflow/example_dags/example_local_kubernetes_executor.py
[2023-10-06T22:51:08.702+0000] {processor.py:756} INFO - Processing file /home/airflow/.local/lib/python3.7/site-packages/airflow/example_dags/example_local_kubernetes_executor.py for tasks to queue
[2023-10-06T22:51:08.702+0000] {logging_mixin.py:120} INFO - [2023-10-06T22:51:08.702+0000] {dagbag.py:537} INFO - Filling up the DagBag from /home/airflow/.local/lib/python3.7/site-packages/airflow/example_dags/example_local_kubernetes_executor.py
[2023-10-06T22:51:08.718+0000] {processor.py:766} INFO - DAG(s) dict_keys(['example_local_kubernetes_executor']) retrieved from /home/airflow/.local/lib/python3.7/site-packages/airflow/example_dags/example_local_kubernetes_executor.py
[2023-10-06T22:51:08.747+0000] {logging_mixin.py:120} INFO - [2023-10-06T22:51:08.746+0000] {dag.py:2585} INFO - Sync 1 DAGs
[2023-10-06T22:51:08.764+0000] {logging_mixin.py:120} INFO - [2023-10-06T22:51:08.764+0000] {dag.py:3340} INFO - Setting next_dagrun for example_local_kubernetes_executor to None, run_after=None
[2023-10-06T22:51:08.781+0000] {processor.py:176} INFO - Processing /home/airflow/.local/lib/python3.7/site-packages/airflow/example_dags/example_local_kubernetes_executor.py took 0.083 seconds
[2023-10-06T22:51:39.452+0000] {processor.py:154} INFO - Started process (PID=2075) to work on /home/airflow/.local/lib/python3.7/site-packages/airflow/example_dags/example_local_kubernetes_executor.py
[2023-10-06T22:51:39.454+0000] {processor.py:756} INFO - Processing file /home/airflow/.local/lib/python3.7/site-packages/airflow/example_dags/example_local_kubernetes_executor.py for tasks to queue
[2023-10-06T22:51:39.455+0000] {logging_mixin.py:120} INFO - [2023-10-06T22:51:39.454+0000] {dagbag.py:537} INFO - Filling up the DagBag from /home/airflow/.local/lib/python3.7/site-packages/airflow/example_dags/example_local_kubernetes_executor.py
[2023-10-06T22:51:39.469+0000] {processor.py:766} INFO - DAG(s) dict_keys(['example_local_kubernetes_executor']) retrieved from /home/airflow/.local/lib/python3.7/site-packages/airflow/example_dags/example_local_kubernetes_executor.py
[2023-10-06T22:51:39.499+0000] {logging_mixin.py:120} INFO - [2023-10-06T22:51:39.498+0000] {dag.py:2585} INFO - Sync 1 DAGs
[2023-10-06T22:51:39.516+0000] {logging_mixin.py:120} INFO - [2023-10-06T22:51:39.516+0000] {dag.py:3340} INFO - Setting next_dagrun for example_local_kubernetes_executor to None, run_after=None
[2023-10-06T22:51:39.531+0000] {processor.py:176} INFO - Processing /home/airflow/.local/lib/python3.7/site-packages/airflow/example_dags/example_local_kubernetes_executor.py took 0.080 seconds
[2023-10-06T22:52:09.820+0000] {processor.py:154} INFO - Started process (PID=2139) to work on /home/airflow/.local/lib/python3.7/site-packages/airflow/example_dags/example_local_kubernetes_executor.py
[2023-10-06T22:52:09.820+0000] {processor.py:756} INFO - Processing file /home/airflow/.local/lib/python3.7/site-packages/airflow/example_dags/example_local_kubernetes_executor.py for tasks to queue
[2023-10-06T22:52:09.821+0000] {logging_mixin.py:120} INFO - [2023-10-06T22:52:09.821+0000] {dagbag.py:537} INFO - Filling up the DagBag from /home/airflow/.local/lib/python3.7/site-packages/airflow/example_dags/example_local_kubernetes_executor.py
[2023-10-06T22:52:09.836+0000] {processor.py:766} INFO - DAG(s) dict_keys(['example_local_kubernetes_executor']) retrieved from /home/airflow/.local/lib/python3.7/site-packages/airflow/example_dags/example_local_kubernetes_executor.py
[2023-10-06T22:52:09.864+0000] {logging_mixin.py:120} INFO - [2023-10-06T22:52:09.864+0000] {dag.py:2585} INFO - Sync 1 DAGs
[2023-10-06T22:52:09.880+0000] {logging_mixin.py:120} INFO - [2023-10-06T22:52:09.880+0000] {dag.py:3340} INFO - Setting next_dagrun for example_local_kubernetes_executor to None, run_after=None
[2023-10-06T22:52:09.895+0000] {processor.py:176} INFO - Processing /home/airflow/.local/lib/python3.7/site-packages/airflow/example_dags/example_local_kubernetes_executor.py took 0.077 seconds
[2023-10-06T22:52:40.051+0000] {processor.py:154} INFO - Started process (PID=2204) to work on /home/airflow/.local/lib/python3.7/site-packages/airflow/example_dags/example_local_kubernetes_executor.py
[2023-10-06T22:52:40.052+0000] {processor.py:756} INFO - Processing file /home/airflow/.local/lib/python3.7/site-packages/airflow/example_dags/example_local_kubernetes_executor.py for tasks to queue
[2023-10-06T22:52:40.052+0000] {logging_mixin.py:120} INFO - [2023-10-06T22:52:40.052+0000] {dagbag.py:537} INFO - Filling up the DagBag from /home/airflow/.local/lib/python3.7/site-packages/airflow/example_dags/example_local_kubernetes_executor.py
[2023-10-06T22:52:40.072+0000] {processor.py:766} INFO - DAG(s) dict_keys(['example_local_kubernetes_executor']) retrieved from /home/airflow/.local/lib/python3.7/site-packages/airflow/example_dags/example_local_kubernetes_executor.py
[2023-10-06T22:52:40.100+0000] {logging_mixin.py:120} INFO - [2023-10-06T22:52:40.100+0000] {dag.py:2585} INFO - Sync 1 DAGs
[2023-10-06T22:52:40.117+0000] {logging_mixin.py:120} INFO - [2023-10-06T22:52:40.117+0000] {dag.py:3340} INFO - Setting next_dagrun for example_local_kubernetes_executor to None, run_after=None
[2023-10-06T22:52:40.134+0000] {processor.py:176} INFO - Processing /home/airflow/.local/lib/python3.7/site-packages/airflow/example_dags/example_local_kubernetes_executor.py took 0.086 seconds
[2023-10-06T22:53:10.366+0000] {processor.py:154} INFO - Started process (PID=2259) to work on /home/airflow/.local/lib/python3.7/site-packages/airflow/example_dags/example_local_kubernetes_executor.py
[2023-10-06T22:53:10.367+0000] {processor.py:756} INFO - Processing file /home/airflow/.local/lib/python3.7/site-packages/airflow/example_dags/example_local_kubernetes_executor.py for tasks to queue
[2023-10-06T22:53:10.368+0000] {logging_mixin.py:120} INFO - [2023-10-06T22:53:10.367+0000] {dagbag.py:537} INFO - Filling up the DagBag from /home/airflow/.local/lib/python3.7/site-packages/airflow/example_dags/example_local_kubernetes_executor.py
[2023-10-06T22:53:10.386+0000] {processor.py:766} INFO - DAG(s) dict_keys(['example_local_kubernetes_executor']) retrieved from /home/airflow/.local/lib/python3.7/site-packages/airflow/example_dags/example_local_kubernetes_executor.py
[2023-10-06T22:53:10.420+0000] {logging_mixin.py:120} INFO - [2023-10-06T22:53:10.420+0000] {dag.py:2585} INFO - Sync 1 DAGs
[2023-10-06T22:53:10.439+0000] {logging_mixin.py:120} INFO - [2023-10-06T22:53:10.439+0000] {dag.py:3340} INFO - Setting next_dagrun for example_local_kubernetes_executor to None, run_after=None
[2023-10-06T22:53:10.457+0000] {processor.py:176} INFO - Processing /home/airflow/.local/lib/python3.7/site-packages/airflow/example_dags/example_local_kubernetes_executor.py took 0.094 seconds
[2023-10-06T22:53:40.659+0000] {processor.py:154} INFO - Started process (PID=2323) to work on /home/airflow/.local/lib/python3.7/site-packages/airflow/example_dags/example_local_kubernetes_executor.py
[2023-10-06T22:53:40.660+0000] {processor.py:756} INFO - Processing file /home/airflow/.local/lib/python3.7/site-packages/airflow/example_dags/example_local_kubernetes_executor.py for tasks to queue
[2023-10-06T22:53:40.661+0000] {logging_mixin.py:120} INFO - [2023-10-06T22:53:40.660+0000] {dagbag.py:537} INFO - Filling up the DagBag from /home/airflow/.local/lib/python3.7/site-packages/airflow/example_dags/example_local_kubernetes_executor.py
[2023-10-06T22:53:40.678+0000] {processor.py:766} INFO - DAG(s) dict_keys(['example_local_kubernetes_executor']) retrieved from /home/airflow/.local/lib/python3.7/site-packages/airflow/example_dags/example_local_kubernetes_executor.py
[2023-10-06T22:53:40.706+0000] {logging_mixin.py:120} INFO - [2023-10-06T22:53:40.706+0000] {dag.py:2585} INFO - Sync 1 DAGs
[2023-10-06T22:53:40.722+0000] {logging_mixin.py:120} INFO - [2023-10-06T22:53:40.722+0000] {dag.py:3340} INFO - Setting next_dagrun for example_local_kubernetes_executor to None, run_after=None
[2023-10-06T22:53:40.737+0000] {processor.py:176} INFO - Processing /home/airflow/.local/lib/python3.7/site-packages/airflow/example_dags/example_local_kubernetes_executor.py took 0.081 seconds
[2023-10-06T22:54:10.865+0000] {processor.py:154} INFO - Started process (PID=2387) to work on /home/airflow/.local/lib/python3.7/site-packages/airflow/example_dags/example_local_kubernetes_executor.py
[2023-10-06T22:54:10.866+0000] {processor.py:756} INFO - Processing file /home/airflow/.local/lib/python3.7/site-packages/airflow/example_dags/example_local_kubernetes_executor.py for tasks to queue
[2023-10-06T22:54:10.866+0000] {logging_mixin.py:120} INFO - [2023-10-06T22:54:10.866+0000] {dagbag.py:537} INFO - Filling up the DagBag from /home/airflow/.local/lib/python3.7/site-packages/airflow/example_dags/example_local_kubernetes_executor.py
[2023-10-06T22:54:10.881+0000] {processor.py:766} INFO - DAG(s) dict_keys(['example_local_kubernetes_executor']) retrieved from /home/airflow/.local/lib/python3.7/site-packages/airflow/example_dags/example_local_kubernetes_executor.py
[2023-10-06T22:54:10.947+0000] {logging_mixin.py:120} INFO - [2023-10-06T22:54:10.947+0000] {dag.py:2585} INFO - Sync 1 DAGs
[2023-10-06T22:54:10.966+0000] {logging_mixin.py:120} INFO - [2023-10-06T22:54:10.966+0000] {dag.py:3340} INFO - Setting next_dagrun for example_local_kubernetes_executor to None, run_after=None
[2023-10-06T22:54:10.981+0000] {processor.py:176} INFO - Processing /home/airflow/.local/lib/python3.7/site-packages/airflow/example_dags/example_local_kubernetes_executor.py took 0.118 seconds
[2023-10-06T22:54:41.227+0000] {processor.py:154} INFO - Started process (PID=2451) to work on /home/airflow/.local/lib/python3.7/site-packages/airflow/example_dags/example_local_kubernetes_executor.py
[2023-10-06T22:54:41.228+0000] {processor.py:756} INFO - Processing file /home/airflow/.local/lib/python3.7/site-packages/airflow/example_dags/example_local_kubernetes_executor.py for tasks to queue
[2023-10-06T22:54:41.229+0000] {logging_mixin.py:120} INFO - [2023-10-06T22:54:41.229+0000] {dagbag.py:537} INFO - Filling up the DagBag from /home/airflow/.local/lib/python3.7/site-packages/airflow/example_dags/example_local_kubernetes_executor.py
[2023-10-06T22:54:41.244+0000] {processor.py:766} INFO - DAG(s) dict_keys(['example_local_kubernetes_executor']) retrieved from /home/airflow/.local/lib/python3.7/site-packages/airflow/example_dags/example_local_kubernetes_executor.py
[2023-10-06T22:54:41.272+0000] {logging_mixin.py:120} INFO - [2023-10-06T22:54:41.272+0000] {dag.py:2585} INFO - Sync 1 DAGs
[2023-10-06T22:54:41.287+0000] {logging_mixin.py:120} INFO - [2023-10-06T22:54:41.287+0000] {dag.py:3340} INFO - Setting next_dagrun for example_local_kubernetes_executor to None, run_after=None
[2023-10-06T22:54:41.302+0000] {processor.py:176} INFO - Processing /home/airflow/.local/lib/python3.7/site-packages/airflow/example_dags/example_local_kubernetes_executor.py took 0.077 seconds
[2023-10-06T22:55:11.393+0000] {processor.py:154} INFO - Started process (PID=2506) to work on /home/airflow/.local/lib/python3.7/site-packages/airflow/example_dags/example_local_kubernetes_executor.py
[2023-10-06T22:55:11.394+0000] {processor.py:756} INFO - Processing file /home/airflow/.local/lib/python3.7/site-packages/airflow/example_dags/example_local_kubernetes_executor.py for tasks to queue
[2023-10-06T22:55:11.395+0000] {logging_mixin.py:120} INFO - [2023-10-06T22:55:11.394+0000] {dagbag.py:537} INFO - Filling up the DagBag from /home/airflow/.local/lib/python3.7/site-packages/airflow/example_dags/example_local_kubernetes_executor.py
[2023-10-06T22:55:11.410+0000] {processor.py:766} INFO - DAG(s) dict_keys(['example_local_kubernetes_executor']) retrieved from /home/airflow/.local/lib/python3.7/site-packages/airflow/example_dags/example_local_kubernetes_executor.py
[2023-10-06T22:55:11.475+0000] {logging_mixin.py:120} INFO - [2023-10-06T22:55:11.475+0000] {dag.py:2585} INFO - Sync 1 DAGs
[2023-10-06T22:55:11.496+0000] {logging_mixin.py:120} INFO - [2023-10-06T22:55:11.496+0000] {dag.py:3340} INFO - Setting next_dagrun for example_local_kubernetes_executor to None, run_after=None
[2023-10-06T22:55:11.511+0000] {processor.py:176} INFO - Processing /home/airflow/.local/lib/python3.7/site-packages/airflow/example_dags/example_local_kubernetes_executor.py took 0.119 seconds
[2023-10-06T22:55:41.792+0000] {processor.py:154} INFO - Started process (PID=2570) to work on /home/airflow/.local/lib/python3.7/site-packages/airflow/example_dags/example_local_kubernetes_executor.py
[2023-10-06T22:55:41.798+0000] {processor.py:756} INFO - Processing file /home/airflow/.local/lib/python3.7/site-packages/airflow/example_dags/example_local_kubernetes_executor.py for tasks to queue
[2023-10-06T22:55:41.798+0000] {logging_mixin.py:120} INFO - [2023-10-06T22:55:41.798+0000] {dagbag.py:537} INFO - Filling up the DagBag from /home/airflow/.local/lib/python3.7/site-packages/airflow/example_dags/example_local_kubernetes_executor.py
[2023-10-06T22:55:41.818+0000] {processor.py:766} INFO - DAG(s) dict_keys(['example_local_kubernetes_executor']) retrieved from /home/airflow/.local/lib/python3.7/site-packages/airflow/example_dags/example_local_kubernetes_executor.py
[2023-10-06T22:55:41.847+0000] {logging_mixin.py:120} INFO - [2023-10-06T22:55:41.846+0000] {dag.py:2585} INFO - Sync 1 DAGs
[2023-10-06T22:55:41.863+0000] {logging_mixin.py:120} INFO - [2023-10-06T22:55:41.863+0000] {dag.py:3340} INFO - Setting next_dagrun for example_local_kubernetes_executor to None, run_after=None
[2023-10-06T22:55:41.876+0000] {processor.py:176} INFO - Processing /home/airflow/.local/lib/python3.7/site-packages/airflow/example_dags/example_local_kubernetes_executor.py took 0.087 seconds
[2023-10-06T22:56:12.227+0000] {processor.py:154} INFO - Started process (PID=2634) to work on /home/airflow/.local/lib/python3.7/site-packages/airflow/example_dags/example_local_kubernetes_executor.py
[2023-10-06T22:56:12.228+0000] {processor.py:756} INFO - Processing file /home/airflow/.local/lib/python3.7/site-packages/airflow/example_dags/example_local_kubernetes_executor.py for tasks to queue
[2023-10-06T22:56:12.228+0000] {logging_mixin.py:120} INFO - [2023-10-06T22:56:12.228+0000] {dagbag.py:537} INFO - Filling up the DagBag from /home/airflow/.local/lib/python3.7/site-packages/airflow/example_dags/example_local_kubernetes_executor.py
[2023-10-06T22:56:12.244+0000] {processor.py:766} INFO - DAG(s) dict_keys(['example_local_kubernetes_executor']) retrieved from /home/airflow/.local/lib/python3.7/site-packages/airflow/example_dags/example_local_kubernetes_executor.py
[2023-10-06T22:56:12.274+0000] {logging_mixin.py:120} INFO - [2023-10-06T22:56:12.273+0000] {dag.py:2585} INFO - Sync 1 DAGs
[2023-10-06T22:56:12.289+0000] {logging_mixin.py:120} INFO - [2023-10-06T22:56:12.289+0000] {dag.py:3340} INFO - Setting next_dagrun for example_local_kubernetes_executor to None, run_after=None
[2023-10-06T22:56:12.305+0000] {processor.py:176} INFO - Processing /home/airflow/.local/lib/python3.7/site-packages/airflow/example_dags/example_local_kubernetes_executor.py took 0.080 seconds
[2023-10-06T22:56:42.547+0000] {processor.py:154} INFO - Started process (PID=2697) to work on /home/airflow/.local/lib/python3.7/site-packages/airflow/example_dags/example_local_kubernetes_executor.py
[2023-10-06T22:56:42.548+0000] {processor.py:756} INFO - Processing file /home/airflow/.local/lib/python3.7/site-packages/airflow/example_dags/example_local_kubernetes_executor.py for tasks to queue
[2023-10-06T22:56:42.548+0000] {logging_mixin.py:120} INFO - [2023-10-06T22:56:42.548+0000] {dagbag.py:537} INFO - Filling up the DagBag from /home/airflow/.local/lib/python3.7/site-packages/airflow/example_dags/example_local_kubernetes_executor.py
[2023-10-06T22:56:42.563+0000] {processor.py:766} INFO - DAG(s) dict_keys(['example_local_kubernetes_executor']) retrieved from /home/airflow/.local/lib/python3.7/site-packages/airflow/example_dags/example_local_kubernetes_executor.py
[2023-10-06T22:56:42.593+0000] {logging_mixin.py:120} INFO - [2023-10-06T22:56:42.592+0000] {dag.py:2585} INFO - Sync 1 DAGs
[2023-10-06T22:56:42.608+0000] {logging_mixin.py:120} INFO - [2023-10-06T22:56:42.608+0000] {dag.py:3340} INFO - Setting next_dagrun for example_local_kubernetes_executor to None, run_after=None
[2023-10-06T22:56:42.624+0000] {processor.py:176} INFO - Processing /home/airflow/.local/lib/python3.7/site-packages/airflow/example_dags/example_local_kubernetes_executor.py took 0.079 seconds
[2023-10-06T22:57:12.756+0000] {processor.py:154} INFO - Started process (PID=2758) to work on /home/airflow/.local/lib/python3.7/site-packages/airflow/example_dags/example_local_kubernetes_executor.py
[2023-10-06T22:57:12.757+0000] {processor.py:756} INFO - Processing file /home/airflow/.local/lib/python3.7/site-packages/airflow/example_dags/example_local_kubernetes_executor.py for tasks to queue
[2023-10-06T22:57:12.758+0000] {logging_mixin.py:120} INFO - [2023-10-06T22:57:12.758+0000] {dagbag.py:537} INFO - Filling up the DagBag from /home/airflow/.local/lib/python3.7/site-packages/airflow/example_dags/example_local_kubernetes_executor.py
[2023-10-06T22:57:12.779+0000] {processor.py:766} INFO - DAG(s) dict_keys(['example_local_kubernetes_executor']) retrieved from /home/airflow/.local/lib/python3.7/site-packages/airflow/example_dags/example_local_kubernetes_executor.py
[2023-10-06T22:57:12.816+0000] {logging_mixin.py:120} INFO - [2023-10-06T22:57:12.816+0000] {dag.py:2585} INFO - Sync 1 DAGs
[2023-10-06T22:57:12.834+0000] {logging_mixin.py:120} INFO - [2023-10-06T22:57:12.834+0000] {dag.py:3340} INFO - Setting next_dagrun for example_local_kubernetes_executor to None, run_after=None
[2023-10-06T22:57:12.852+0000] {processor.py:176} INFO - Processing /home/airflow/.local/lib/python3.7/site-packages/airflow/example_dags/example_local_kubernetes_executor.py took 0.098 seconds
[2023-10-06T22:57:43.734+0000] {processor.py:154} INFO - Started process (PID=2816) to work on /home/airflow/.local/lib/python3.7/site-packages/airflow/example_dags/example_local_kubernetes_executor.py
[2023-10-06T22:57:43.734+0000] {processor.py:756} INFO - Processing file /home/airflow/.local/lib/python3.7/site-packages/airflow/example_dags/example_local_kubernetes_executor.py for tasks to queue
[2023-10-06T22:57:43.735+0000] {logging_mixin.py:120} INFO - [2023-10-06T22:57:43.735+0000] {dagbag.py:537} INFO - Filling up the DagBag from /home/airflow/.local/lib/python3.7/site-packages/airflow/example_dags/example_local_kubernetes_executor.py
[2023-10-06T22:57:43.749+0000] {processor.py:766} INFO - DAG(s) dict_keys(['example_local_kubernetes_executor']) retrieved from /home/airflow/.local/lib/python3.7/site-packages/airflow/example_dags/example_local_kubernetes_executor.py
[2023-10-06T22:57:43.775+0000] {logging_mixin.py:120} INFO - [2023-10-06T22:57:43.775+0000] {dag.py:2585} INFO - Sync 1 DAGs
[2023-10-06T22:57:43.792+0000] {logging_mixin.py:120} INFO - [2023-10-06T22:57:43.791+0000] {dag.py:3340} INFO - Setting next_dagrun for example_local_kubernetes_executor to None, run_after=None
[2023-10-06T22:57:43.807+0000] {processor.py:176} INFO - Processing /home/airflow/.local/lib/python3.7/site-packages/airflow/example_dags/example_local_kubernetes_executor.py took 0.076 seconds
[2023-10-06T22:58:14.176+0000] {processor.py:154} INFO - Started process (PID=2879) to work on /home/airflow/.local/lib/python3.7/site-packages/airflow/example_dags/example_local_kubernetes_executor.py
[2023-10-06T22:58:14.178+0000] {processor.py:756} INFO - Processing file /home/airflow/.local/lib/python3.7/site-packages/airflow/example_dags/example_local_kubernetes_executor.py for tasks to queue
[2023-10-06T22:58:14.179+0000] {logging_mixin.py:120} INFO - [2023-10-06T22:58:14.179+0000] {dagbag.py:537} INFO - Filling up the DagBag from /home/airflow/.local/lib/python3.7/site-packages/airflow/example_dags/example_local_kubernetes_executor.py
[2023-10-06T22:58:14.194+0000] {processor.py:766} INFO - DAG(s) dict_keys(['example_local_kubernetes_executor']) retrieved from /home/airflow/.local/lib/python3.7/site-packages/airflow/example_dags/example_local_kubernetes_executor.py
[2023-10-06T22:58:14.225+0000] {logging_mixin.py:120} INFO - [2023-10-06T22:58:14.225+0000] {dag.py:2585} INFO - Sync 1 DAGs
[2023-10-06T22:58:14.242+0000] {logging_mixin.py:120} INFO - [2023-10-06T22:58:14.242+0000] {dag.py:3340} INFO - Setting next_dagrun for example_local_kubernetes_executor to None, run_after=None
[2023-10-06T22:58:14.259+0000] {processor.py:176} INFO - Processing /home/airflow/.local/lib/python3.7/site-packages/airflow/example_dags/example_local_kubernetes_executor.py took 0.085 seconds
[2023-10-06T22:58:44.405+0000] {processor.py:154} INFO - Started process (PID=2942) to work on /home/airflow/.local/lib/python3.7/site-packages/airflow/example_dags/example_local_kubernetes_executor.py
[2023-10-06T22:58:44.406+0000] {processor.py:756} INFO - Processing file /home/airflow/.local/lib/python3.7/site-packages/airflow/example_dags/example_local_kubernetes_executor.py for tasks to queue
[2023-10-06T22:58:44.406+0000] {logging_mixin.py:120} INFO - [2023-10-06T22:58:44.406+0000] {dagbag.py:537} INFO - Filling up the DagBag from /home/airflow/.local/lib/python3.7/site-packages/airflow/example_dags/example_local_kubernetes_executor.py
[2023-10-06T22:58:44.420+0000] {processor.py:766} INFO - DAG(s) dict_keys(['example_local_kubernetes_executor']) retrieved from /home/airflow/.local/lib/python3.7/site-packages/airflow/example_dags/example_local_kubernetes_executor.py
[2023-10-06T22:58:44.446+0000] {logging_mixin.py:120} INFO - [2023-10-06T22:58:44.446+0000] {dag.py:2585} INFO - Sync 1 DAGs
[2023-10-06T22:58:44.462+0000] {logging_mixin.py:120} INFO - [2023-10-06T22:58:44.462+0000] {dag.py:3340} INFO - Setting next_dagrun for example_local_kubernetes_executor to None, run_after=None
[2023-10-06T22:58:44.478+0000] {processor.py:176} INFO - Processing /home/airflow/.local/lib/python3.7/site-packages/airflow/example_dags/example_local_kubernetes_executor.py took 0.075 seconds
[2023-10-06T22:59:14.607+0000] {processor.py:154} INFO - Started process (PID=3006) to work on /home/airflow/.local/lib/python3.7/site-packages/airflow/example_dags/example_local_kubernetes_executor.py
[2023-10-06T22:59:14.611+0000] {processor.py:756} INFO - Processing file /home/airflow/.local/lib/python3.7/site-packages/airflow/example_dags/example_local_kubernetes_executor.py for tasks to queue
[2023-10-06T22:59:14.611+0000] {logging_mixin.py:120} INFO - [2023-10-06T22:59:14.611+0000] {dagbag.py:537} INFO - Filling up the DagBag from /home/airflow/.local/lib/python3.7/site-packages/airflow/example_dags/example_local_kubernetes_executor.py
[2023-10-06T22:59:14.626+0000] {processor.py:766} INFO - DAG(s) dict_keys(['example_local_kubernetes_executor']) retrieved from /home/airflow/.local/lib/python3.7/site-packages/airflow/example_dags/example_local_kubernetes_executor.py
[2023-10-06T22:59:14.653+0000] {logging_mixin.py:120} INFO - [2023-10-06T22:59:14.653+0000] {dag.py:2585} INFO - Sync 1 DAGs
[2023-10-06T22:59:14.670+0000] {logging_mixin.py:120} INFO - [2023-10-06T22:59:14.670+0000] {dag.py:3340} INFO - Setting next_dagrun for example_local_kubernetes_executor to None, run_after=None
[2023-10-06T22:59:14.688+0000] {processor.py:176} INFO - Processing /home/airflow/.local/lib/python3.7/site-packages/airflow/example_dags/example_local_kubernetes_executor.py took 0.083 seconds
[2023-10-06T22:59:44.761+0000] {processor.py:154} INFO - Started process (PID=3062) to work on /home/airflow/.local/lib/python3.7/site-packages/airflow/example_dags/example_local_kubernetes_executor.py
[2023-10-06T22:59:44.762+0000] {processor.py:756} INFO - Processing file /home/airflow/.local/lib/python3.7/site-packages/airflow/example_dags/example_local_kubernetes_executor.py for tasks to queue
[2023-10-06T22:59:44.762+0000] {logging_mixin.py:120} INFO - [2023-10-06T22:59:44.762+0000] {dagbag.py:537} INFO - Filling up the DagBag from /home/airflow/.local/lib/python3.7/site-packages/airflow/example_dags/example_local_kubernetes_executor.py
[2023-10-06T22:59:44.776+0000] {processor.py:766} INFO - DAG(s) dict_keys(['example_local_kubernetes_executor']) retrieved from /home/airflow/.local/lib/python3.7/site-packages/airflow/example_dags/example_local_kubernetes_executor.py
[2023-10-06T22:59:44.805+0000] {logging_mixin.py:120} INFO - [2023-10-06T22:59:44.805+0000] {dag.py:2585} INFO - Sync 1 DAGs
[2023-10-06T22:59:44.823+0000] {logging_mixin.py:120} INFO - [2023-10-06T22:59:44.823+0000] {dag.py:3340} INFO - Setting next_dagrun for example_local_kubernetes_executor to None, run_after=None
[2023-10-06T22:59:44.838+0000] {processor.py:176} INFO - Processing /home/airflow/.local/lib/python3.7/site-packages/airflow/example_dags/example_local_kubernetes_executor.py took 0.080 seconds
[2023-10-06T23:00:14.981+0000] {processor.py:154} INFO - Started process (PID=3127) to work on /home/airflow/.local/lib/python3.7/site-packages/airflow/example_dags/example_local_kubernetes_executor.py
[2023-10-06T23:00:14.985+0000] {processor.py:756} INFO - Processing file /home/airflow/.local/lib/python3.7/site-packages/airflow/example_dags/example_local_kubernetes_executor.py for tasks to queue
[2023-10-06T23:00:14.985+0000] {logging_mixin.py:120} INFO - [2023-10-06T23:00:14.985+0000] {dagbag.py:537} INFO - Filling up the DagBag from /home/airflow/.local/lib/python3.7/site-packages/airflow/example_dags/example_local_kubernetes_executor.py
[2023-10-06T23:00:15.000+0000] {processor.py:766} INFO - DAG(s) dict_keys(['example_local_kubernetes_executor']) retrieved from /home/airflow/.local/lib/python3.7/site-packages/airflow/example_dags/example_local_kubernetes_executor.py
[2023-10-06T23:00:15.029+0000] {logging_mixin.py:120} INFO - [2023-10-06T23:00:15.029+0000] {dag.py:2585} INFO - Sync 1 DAGs
[2023-10-06T23:00:15.044+0000] {logging_mixin.py:120} INFO - [2023-10-06T23:00:15.044+0000] {dag.py:3340} INFO - Setting next_dagrun for example_local_kubernetes_executor to None, run_after=None
[2023-10-06T23:00:15.059+0000] {processor.py:176} INFO - Processing /home/airflow/.local/lib/python3.7/site-packages/airflow/example_dags/example_local_kubernetes_executor.py took 0.080 seconds
[2023-10-06T23:00:45.143+0000] {processor.py:154} INFO - Started process (PID=3190) to work on /home/airflow/.local/lib/python3.7/site-packages/airflow/example_dags/example_local_kubernetes_executor.py
[2023-10-06T23:00:45.143+0000] {processor.py:756} INFO - Processing file /home/airflow/.local/lib/python3.7/site-packages/airflow/example_dags/example_local_kubernetes_executor.py for tasks to queue
[2023-10-06T23:00:45.143+0000] {logging_mixin.py:120} INFO - [2023-10-06T23:00:45.143+0000] {dagbag.py:537} INFO - Filling up the DagBag from /home/airflow/.local/lib/python3.7/site-packages/airflow/example_dags/example_local_kubernetes_executor.py
[2023-10-06T23:00:45.158+0000] {processor.py:766} INFO - DAG(s) dict_keys(['example_local_kubernetes_executor']) retrieved from /home/airflow/.local/lib/python3.7/site-packages/airflow/example_dags/example_local_kubernetes_executor.py
[2023-10-06T23:00:45.186+0000] {logging_mixin.py:120} INFO - [2023-10-06T23:00:45.186+0000] {dag.py:2585} INFO - Sync 1 DAGs
[2023-10-06T23:00:45.204+0000] {logging_mixin.py:120} INFO - [2023-10-06T23:00:45.204+0000] {dag.py:3340} INFO - Setting next_dagrun for example_local_kubernetes_executor to None, run_after=None
[2023-10-06T23:00:45.219+0000] {processor.py:176} INFO - Processing /home/airflow/.local/lib/python3.7/site-packages/airflow/example_dags/example_local_kubernetes_executor.py took 0.078 seconds
[2023-10-06T23:01:15.312+0000] {processor.py:154} INFO - Started process (PID=3254) to work on /home/airflow/.local/lib/python3.7/site-packages/airflow/example_dags/example_local_kubernetes_executor.py
[2023-10-06T23:01:15.314+0000] {processor.py:756} INFO - Processing file /home/airflow/.local/lib/python3.7/site-packages/airflow/example_dags/example_local_kubernetes_executor.py for tasks to queue
[2023-10-06T23:01:15.314+0000] {logging_mixin.py:120} INFO - [2023-10-06T23:01:15.314+0000] {dagbag.py:537} INFO - Filling up the DagBag from /home/airflow/.local/lib/python3.7/site-packages/airflow/example_dags/example_local_kubernetes_executor.py
[2023-10-06T23:01:15.329+0000] {processor.py:766} INFO - DAG(s) dict_keys(['example_local_kubernetes_executor']) retrieved from /home/airflow/.local/lib/python3.7/site-packages/airflow/example_dags/example_local_kubernetes_executor.py
[2023-10-06T23:01:15.357+0000] {logging_mixin.py:120} INFO - [2023-10-06T23:01:15.357+0000] {dag.py:2585} INFO - Sync 1 DAGs
[2023-10-06T23:01:15.373+0000] {logging_mixin.py:120} INFO - [2023-10-06T23:01:15.373+0000] {dag.py:3340} INFO - Setting next_dagrun for example_local_kubernetes_executor to None, run_after=None
[2023-10-06T23:01:15.391+0000] {processor.py:176} INFO - Processing /home/airflow/.local/lib/python3.7/site-packages/airflow/example_dags/example_local_kubernetes_executor.py took 0.080 seconds
[2023-10-06T23:01:45.547+0000] {processor.py:154} INFO - Started process (PID=3309) to work on /home/airflow/.local/lib/python3.7/site-packages/airflow/example_dags/example_local_kubernetes_executor.py
[2023-10-06T23:01:45.548+0000] {processor.py:756} INFO - Processing file /home/airflow/.local/lib/python3.7/site-packages/airflow/example_dags/example_local_kubernetes_executor.py for tasks to queue
[2023-10-06T23:01:45.549+0000] {logging_mixin.py:120} INFO - [2023-10-06T23:01:45.548+0000] {dagbag.py:537} INFO - Filling up the DagBag from /home/airflow/.local/lib/python3.7/site-packages/airflow/example_dags/example_local_kubernetes_executor.py
[2023-10-06T23:01:45.565+0000] {processor.py:766} INFO - DAG(s) dict_keys(['example_local_kubernetes_executor']) retrieved from /home/airflow/.local/lib/python3.7/site-packages/airflow/example_dags/example_local_kubernetes_executor.py
[2023-10-06T23:01:45.594+0000] {logging_mixin.py:120} INFO - [2023-10-06T23:01:45.594+0000] {dag.py:2585} INFO - Sync 1 DAGs
[2023-10-06T23:01:45.613+0000] {logging_mixin.py:120} INFO - [2023-10-06T23:01:45.613+0000] {dag.py:3340} INFO - Setting next_dagrun for example_local_kubernetes_executor to None, run_after=None
[2023-10-06T23:01:45.629+0000] {processor.py:176} INFO - Processing /home/airflow/.local/lib/python3.7/site-packages/airflow/example_dags/example_local_kubernetes_executor.py took 0.083 seconds
[2023-10-06T23:02:15.696+0000] {processor.py:154} INFO - Started process (PID=3373) to work on /home/airflow/.local/lib/python3.7/site-packages/airflow/example_dags/example_local_kubernetes_executor.py
[2023-10-06T23:02:15.699+0000] {processor.py:756} INFO - Processing file /home/airflow/.local/lib/python3.7/site-packages/airflow/example_dags/example_local_kubernetes_executor.py for tasks to queue
[2023-10-06T23:02:15.699+0000] {logging_mixin.py:120} INFO - [2023-10-06T23:02:15.699+0000] {dagbag.py:537} INFO - Filling up the DagBag from /home/airflow/.local/lib/python3.7/site-packages/airflow/example_dags/example_local_kubernetes_executor.py
[2023-10-06T23:02:15.714+0000] {processor.py:766} INFO - DAG(s) dict_keys(['example_local_kubernetes_executor']) retrieved from /home/airflow/.local/lib/python3.7/site-packages/airflow/example_dags/example_local_kubernetes_executor.py
[2023-10-06T23:02:15.799+0000] {logging_mixin.py:120} INFO - [2023-10-06T23:02:15.799+0000] {dag.py:2585} INFO - Sync 1 DAGs
[2023-10-06T23:02:15.818+0000] {logging_mixin.py:120} INFO - [2023-10-06T23:02:15.818+0000] {dag.py:3340} INFO - Setting next_dagrun for example_local_kubernetes_executor to None, run_after=None
[2023-10-06T23:02:15.833+0000] {processor.py:176} INFO - Processing /home/airflow/.local/lib/python3.7/site-packages/airflow/example_dags/example_local_kubernetes_executor.py took 0.139 seconds
[2023-10-06T23:02:45.875+0000] {processor.py:154} INFO - Started process (PID=3437) to work on /home/airflow/.local/lib/python3.7/site-packages/airflow/example_dags/example_local_kubernetes_executor.py
[2023-10-06T23:02:45.875+0000] {processor.py:756} INFO - Processing file /home/airflow/.local/lib/python3.7/site-packages/airflow/example_dags/example_local_kubernetes_executor.py for tasks to queue
[2023-10-06T23:02:45.876+0000] {logging_mixin.py:120} INFO - [2023-10-06T23:02:45.876+0000] {dagbag.py:537} INFO - Filling up the DagBag from /home/airflow/.local/lib/python3.7/site-packages/airflow/example_dags/example_local_kubernetes_executor.py
[2023-10-06T23:02:45.891+0000] {processor.py:766} INFO - DAG(s) dict_keys(['example_local_kubernetes_executor']) retrieved from /home/airflow/.local/lib/python3.7/site-packages/airflow/example_dags/example_local_kubernetes_executor.py
[2023-10-06T23:02:45.924+0000] {logging_mixin.py:120} INFO - [2023-10-06T23:02:45.924+0000] {dag.py:2585} INFO - Sync 1 DAGs
[2023-10-06T23:02:45.941+0000] {logging_mixin.py:120} INFO - [2023-10-06T23:02:45.941+0000] {dag.py:3340} INFO - Setting next_dagrun for example_local_kubernetes_executor to None, run_after=None
[2023-10-06T23:02:45.958+0000] {processor.py:176} INFO - Processing /home/airflow/.local/lib/python3.7/site-packages/airflow/example_dags/example_local_kubernetes_executor.py took 0.085 seconds
[2023-10-06T23:03:16.008+0000] {processor.py:154} INFO - Started process (PID=3501) to work on /home/airflow/.local/lib/python3.7/site-packages/airflow/example_dags/example_local_kubernetes_executor.py
[2023-10-06T23:03:16.009+0000] {processor.py:756} INFO - Processing file /home/airflow/.local/lib/python3.7/site-packages/airflow/example_dags/example_local_kubernetes_executor.py for tasks to queue
[2023-10-06T23:03:16.010+0000] {logging_mixin.py:120} INFO - [2023-10-06T23:03:16.010+0000] {dagbag.py:537} INFO - Filling up the DagBag from /home/airflow/.local/lib/python3.7/site-packages/airflow/example_dags/example_local_kubernetes_executor.py
[2023-10-06T23:03:16.026+0000] {processor.py:766} INFO - DAG(s) dict_keys(['example_local_kubernetes_executor']) retrieved from /home/airflow/.local/lib/python3.7/site-packages/airflow/example_dags/example_local_kubernetes_executor.py
[2023-10-06T23:03:16.057+0000] {logging_mixin.py:120} INFO - [2023-10-06T23:03:16.056+0000] {dag.py:2585} INFO - Sync 1 DAGs
[2023-10-06T23:03:16.076+0000] {logging_mixin.py:120} INFO - [2023-10-06T23:03:16.076+0000] {dag.py:3340} INFO - Setting next_dagrun for example_local_kubernetes_executor to None, run_after=None
[2023-10-06T23:03:16.093+0000] {processor.py:176} INFO - Processing /home/airflow/.local/lib/python3.7/site-packages/airflow/example_dags/example_local_kubernetes_executor.py took 0.087 seconds
[2023-10-06T23:03:46.130+0000] {processor.py:154} INFO - Started process (PID=3556) to work on /home/airflow/.local/lib/python3.7/site-packages/airflow/example_dags/example_local_kubernetes_executor.py
[2023-10-06T23:03:46.131+0000] {processor.py:756} INFO - Processing file /home/airflow/.local/lib/python3.7/site-packages/airflow/example_dags/example_local_kubernetes_executor.py for tasks to queue
[2023-10-06T23:03:46.131+0000] {logging_mixin.py:120} INFO - [2023-10-06T23:03:46.131+0000] {dagbag.py:537} INFO - Filling up the DagBag from /home/airflow/.local/lib/python3.7/site-packages/airflow/example_dags/example_local_kubernetes_executor.py
[2023-10-06T23:03:46.145+0000] {processor.py:766} INFO - DAG(s) dict_keys(['example_local_kubernetes_executor']) retrieved from /home/airflow/.local/lib/python3.7/site-packages/airflow/example_dags/example_local_kubernetes_executor.py
[2023-10-06T23:03:46.172+0000] {logging_mixin.py:120} INFO - [2023-10-06T23:03:46.171+0000] {dag.py:2585} INFO - Sync 1 DAGs
[2023-10-06T23:03:46.189+0000] {logging_mixin.py:120} INFO - [2023-10-06T23:03:46.189+0000] {dag.py:3340} INFO - Setting next_dagrun for example_local_kubernetes_executor to None, run_after=None
[2023-10-06T23:03:46.206+0000] {processor.py:176} INFO - Processing /home/airflow/.local/lib/python3.7/site-packages/airflow/example_dags/example_local_kubernetes_executor.py took 0.078 seconds
[2023-10-06T23:04:16.282+0000] {processor.py:154} INFO - Started process (PID=3620) to work on /home/airflow/.local/lib/python3.7/site-packages/airflow/example_dags/example_local_kubernetes_executor.py
[2023-10-06T23:04:16.286+0000] {processor.py:756} INFO - Processing file /home/airflow/.local/lib/python3.7/site-packages/airflow/example_dags/example_local_kubernetes_executor.py for tasks to queue
[2023-10-06T23:04:16.286+0000] {logging_mixin.py:120} INFO - [2023-10-06T23:04:16.286+0000] {dagbag.py:537} INFO - Filling up the DagBag from /home/airflow/.local/lib/python3.7/site-packages/airflow/example_dags/example_local_kubernetes_executor.py
[2023-10-06T23:04:16.301+0000] {processor.py:766} INFO - DAG(s) dict_keys(['example_local_kubernetes_executor']) retrieved from /home/airflow/.local/lib/python3.7/site-packages/airflow/example_dags/example_local_kubernetes_executor.py
[2023-10-06T23:04:16.329+0000] {logging_mixin.py:120} INFO - [2023-10-06T23:04:16.329+0000] {dag.py:2585} INFO - Sync 1 DAGs
[2023-10-06T23:04:16.346+0000] {logging_mixin.py:120} INFO - [2023-10-06T23:04:16.346+0000] {dag.py:3340} INFO - Setting next_dagrun for example_local_kubernetes_executor to None, run_after=None
[2023-10-06T23:04:16.361+0000] {processor.py:176} INFO - Processing /home/airflow/.local/lib/python3.7/site-packages/airflow/example_dags/example_local_kubernetes_executor.py took 0.081 seconds
[2023-10-06T23:04:46.450+0000] {processor.py:154} INFO - Started process (PID=3685) to work on /home/airflow/.local/lib/python3.7/site-packages/airflow/example_dags/example_local_kubernetes_executor.py
[2023-10-06T23:04:46.451+0000] {processor.py:756} INFO - Processing file /home/airflow/.local/lib/python3.7/site-packages/airflow/example_dags/example_local_kubernetes_executor.py for tasks to queue
[2023-10-06T23:04:46.451+0000] {logging_mixin.py:120} INFO - [2023-10-06T23:04:46.451+0000] {dagbag.py:537} INFO - Filling up the DagBag from /home/airflow/.local/lib/python3.7/site-packages/airflow/example_dags/example_local_kubernetes_executor.py
[2023-10-06T23:04:46.466+0000] {processor.py:766} INFO - DAG(s) dict_keys(['example_local_kubernetes_executor']) retrieved from /home/airflow/.local/lib/python3.7/site-packages/airflow/example_dags/example_local_kubernetes_executor.py
[2023-10-06T23:04:46.494+0000] {logging_mixin.py:120} INFO - [2023-10-06T23:04:46.494+0000] {dag.py:2585} INFO - Sync 1 DAGs
[2023-10-06T23:04:46.510+0000] {logging_mixin.py:120} INFO - [2023-10-06T23:04:46.510+0000] {dag.py:3340} INFO - Setting next_dagrun for example_local_kubernetes_executor to None, run_after=None
[2023-10-06T23:04:46.524+0000] {processor.py:176} INFO - Processing /home/airflow/.local/lib/python3.7/site-packages/airflow/example_dags/example_local_kubernetes_executor.py took 0.076 seconds
[2023-10-06T23:05:16.723+0000] {processor.py:154} INFO - Started process (PID=3749) to work on /home/airflow/.local/lib/python3.7/site-packages/airflow/example_dags/example_local_kubernetes_executor.py
[2023-10-06T23:05:16.726+0000] {processor.py:756} INFO - Processing file /home/airflow/.local/lib/python3.7/site-packages/airflow/example_dags/example_local_kubernetes_executor.py for tasks to queue
[2023-10-06T23:05:16.726+0000] {logging_mixin.py:120} INFO - [2023-10-06T23:05:16.726+0000] {dagbag.py:537} INFO - Filling up the DagBag from /home/airflow/.local/lib/python3.7/site-packages/airflow/example_dags/example_local_kubernetes_executor.py
[2023-10-06T23:05:16.742+0000] {processor.py:766} INFO - DAG(s) dict_keys(['example_local_kubernetes_executor']) retrieved from /home/airflow/.local/lib/python3.7/site-packages/airflow/example_dags/example_local_kubernetes_executor.py
[2023-10-06T23:05:16.773+0000] {logging_mixin.py:120} INFO - [2023-10-06T23:05:16.773+0000] {dag.py:2585} INFO - Sync 1 DAGs
[2023-10-06T23:05:16.792+0000] {logging_mixin.py:120} INFO - [2023-10-06T23:05:16.792+0000] {dag.py:3340} INFO - Setting next_dagrun for example_local_kubernetes_executor to None, run_after=None
[2023-10-06T23:05:16.811+0000] {processor.py:176} INFO - Processing /home/airflow/.local/lib/python3.7/site-packages/airflow/example_dags/example_local_kubernetes_executor.py took 0.090 seconds
[2023-10-06T23:05:46.847+0000] {processor.py:154} INFO - Started process (PID=3805) to work on /home/airflow/.local/lib/python3.7/site-packages/airflow/example_dags/example_local_kubernetes_executor.py
[2023-10-06T23:05:46.847+0000] {processor.py:756} INFO - Processing file /home/airflow/.local/lib/python3.7/site-packages/airflow/example_dags/example_local_kubernetes_executor.py for tasks to queue
[2023-10-06T23:05:46.848+0000] {logging_mixin.py:120} INFO - [2023-10-06T23:05:46.848+0000] {dagbag.py:537} INFO - Filling up the DagBag from /home/airflow/.local/lib/python3.7/site-packages/airflow/example_dags/example_local_kubernetes_executor.py
[2023-10-06T23:05:46.862+0000] {processor.py:766} INFO - DAG(s) dict_keys(['example_local_kubernetes_executor']) retrieved from /home/airflow/.local/lib/python3.7/site-packages/airflow/example_dags/example_local_kubernetes_executor.py
[2023-10-06T23:05:46.889+0000] {logging_mixin.py:120} INFO - [2023-10-06T23:05:46.888+0000] {dag.py:2585} INFO - Sync 1 DAGs
[2023-10-06T23:05:46.905+0000] {logging_mixin.py:120} INFO - [2023-10-06T23:05:46.905+0000] {dag.py:3340} INFO - Setting next_dagrun for example_local_kubernetes_executor to None, run_after=None
[2023-10-06T23:05:46.920+0000] {processor.py:176} INFO - Processing /home/airflow/.local/lib/python3.7/site-packages/airflow/example_dags/example_local_kubernetes_executor.py took 0.076 seconds
[2023-10-06T23:06:17.126+0000] {processor.py:154} INFO - Started process (PID=3870) to work on /home/airflow/.local/lib/python3.7/site-packages/airflow/example_dags/example_local_kubernetes_executor.py
[2023-10-06T23:06:17.127+0000] {processor.py:756} INFO - Processing file /home/airflow/.local/lib/python3.7/site-packages/airflow/example_dags/example_local_kubernetes_executor.py for tasks to queue
[2023-10-06T23:06:17.128+0000] {logging_mixin.py:120} INFO - [2023-10-06T23:06:17.127+0000] {dagbag.py:537} INFO - Filling up the DagBag from /home/airflow/.local/lib/python3.7/site-packages/airflow/example_dags/example_local_kubernetes_executor.py
[2023-10-06T23:06:17.141+0000] {processor.py:766} INFO - DAG(s) dict_keys(['example_local_kubernetes_executor']) retrieved from /home/airflow/.local/lib/python3.7/site-packages/airflow/example_dags/example_local_kubernetes_executor.py
[2023-10-06T23:06:17.168+0000] {logging_mixin.py:120} INFO - [2023-10-06T23:06:17.168+0000] {dag.py:2585} INFO - Sync 1 DAGs
[2023-10-06T23:06:17.184+0000] {logging_mixin.py:120} INFO - [2023-10-06T23:06:17.184+0000] {dag.py:3340} INFO - Setting next_dagrun for example_local_kubernetes_executor to None, run_after=None
[2023-10-06T23:06:17.198+0000] {processor.py:176} INFO - Processing /home/airflow/.local/lib/python3.7/site-packages/airflow/example_dags/example_local_kubernetes_executor.py took 0.073 seconds
[2023-10-06T23:06:47.324+0000] {processor.py:154} INFO - Started process (PID=3933) to work on /home/airflow/.local/lib/python3.7/site-packages/airflow/example_dags/example_local_kubernetes_executor.py
[2023-10-06T23:06:47.327+0000] {processor.py:756} INFO - Processing file /home/airflow/.local/lib/python3.7/site-packages/airflow/example_dags/example_local_kubernetes_executor.py for tasks to queue
[2023-10-06T23:06:47.327+0000] {logging_mixin.py:120} INFO - [2023-10-06T23:06:47.327+0000] {dagbag.py:537} INFO - Filling up the DagBag from /home/airflow/.local/lib/python3.7/site-packages/airflow/example_dags/example_local_kubernetes_executor.py
[2023-10-06T23:06:47.342+0000] {processor.py:766} INFO - DAG(s) dict_keys(['example_local_kubernetes_executor']) retrieved from /home/airflow/.local/lib/python3.7/site-packages/airflow/example_dags/example_local_kubernetes_executor.py
[2023-10-06T23:06:47.371+0000] {logging_mixin.py:120} INFO - [2023-10-06T23:06:47.371+0000] {dag.py:2585} INFO - Sync 1 DAGs
[2023-10-06T23:06:47.388+0000] {logging_mixin.py:120} INFO - [2023-10-06T23:06:47.387+0000] {dag.py:3340} INFO - Setting next_dagrun for example_local_kubernetes_executor to None, run_after=None
[2023-10-06T23:06:47.404+0000] {processor.py:176} INFO - Processing /home/airflow/.local/lib/python3.7/site-packages/airflow/example_dags/example_local_kubernetes_executor.py took 0.083 seconds
[2023-10-06T23:07:17.495+0000] {processor.py:154} INFO - Started process (PID=3998) to work on /home/airflow/.local/lib/python3.7/site-packages/airflow/example_dags/example_local_kubernetes_executor.py
[2023-10-06T23:07:17.498+0000] {processor.py:756} INFO - Processing file /home/airflow/.local/lib/python3.7/site-packages/airflow/example_dags/example_local_kubernetes_executor.py for tasks to queue
[2023-10-06T23:07:17.498+0000] {logging_mixin.py:120} INFO - [2023-10-06T23:07:17.498+0000] {dagbag.py:537} INFO - Filling up the DagBag from /home/airflow/.local/lib/python3.7/site-packages/airflow/example_dags/example_local_kubernetes_executor.py
[2023-10-06T23:07:17.513+0000] {processor.py:766} INFO - DAG(s) dict_keys(['example_local_kubernetes_executor']) retrieved from /home/airflow/.local/lib/python3.7/site-packages/airflow/example_dags/example_local_kubernetes_executor.py
[2023-10-06T23:07:17.544+0000] {logging_mixin.py:120} INFO - [2023-10-06T23:07:17.544+0000] {dag.py:2585} INFO - Sync 1 DAGs
[2023-10-06T23:07:17.563+0000] {logging_mixin.py:120} INFO - [2023-10-06T23:07:17.562+0000] {dag.py:3340} INFO - Setting next_dagrun for example_local_kubernetes_executor to None, run_after=None
[2023-10-06T23:07:17.578+0000] {processor.py:176} INFO - Processing /home/airflow/.local/lib/python3.7/site-packages/airflow/example_dags/example_local_kubernetes_executor.py took 0.086 seconds
[2023-10-06T23:07:47.679+0000] {processor.py:154} INFO - Started process (PID=4053) to work on /home/airflow/.local/lib/python3.7/site-packages/airflow/example_dags/example_local_kubernetes_executor.py
[2023-10-06T23:07:47.683+0000] {processor.py:756} INFO - Processing file /home/airflow/.local/lib/python3.7/site-packages/airflow/example_dags/example_local_kubernetes_executor.py for tasks to queue
[2023-10-06T23:07:47.684+0000] {logging_mixin.py:120} INFO - [2023-10-06T23:07:47.683+0000] {dagbag.py:537} INFO - Filling up the DagBag from /home/airflow/.local/lib/python3.7/site-packages/airflow/example_dags/example_local_kubernetes_executor.py
[2023-10-06T23:07:47.698+0000] {processor.py:766} INFO - DAG(s) dict_keys(['example_local_kubernetes_executor']) retrieved from /home/airflow/.local/lib/python3.7/site-packages/airflow/example_dags/example_local_kubernetes_executor.py
[2023-10-06T23:07:47.726+0000] {logging_mixin.py:120} INFO - [2023-10-06T23:07:47.726+0000] {dag.py:2585} INFO - Sync 1 DAGs
[2023-10-06T23:07:47.743+0000] {logging_mixin.py:120} INFO - [2023-10-06T23:07:47.743+0000] {dag.py:3340} INFO - Setting next_dagrun for example_local_kubernetes_executor to None, run_after=None
[2023-10-06T23:07:47.760+0000] {processor.py:176} INFO - Processing /home/airflow/.local/lib/python3.7/site-packages/airflow/example_dags/example_local_kubernetes_executor.py took 0.082 seconds
[2023-10-06T23:08:17.811+0000] {processor.py:154} INFO - Started process (PID=4117) to work on /home/airflow/.local/lib/python3.7/site-packages/airflow/example_dags/example_local_kubernetes_executor.py
[2023-10-06T23:08:17.815+0000] {processor.py:756} INFO - Processing file /home/airflow/.local/lib/python3.7/site-packages/airflow/example_dags/example_local_kubernetes_executor.py for tasks to queue
[2023-10-06T23:08:17.815+0000] {logging_mixin.py:120} INFO - [2023-10-06T23:08:17.815+0000] {dagbag.py:537} INFO - Filling up the DagBag from /home/airflow/.local/lib/python3.7/site-packages/airflow/example_dags/example_local_kubernetes_executor.py
[2023-10-06T23:08:17.831+0000] {processor.py:766} INFO - DAG(s) dict_keys(['example_local_kubernetes_executor']) retrieved from /home/airflow/.local/lib/python3.7/site-packages/airflow/example_dags/example_local_kubernetes_executor.py
[2023-10-06T23:08:17.858+0000] {logging_mixin.py:120} INFO - [2023-10-06T23:08:17.858+0000] {dag.py:2585} INFO - Sync 1 DAGs
[2023-10-06T23:08:17.874+0000] {logging_mixin.py:120} INFO - [2023-10-06T23:08:17.874+0000] {dag.py:3340} INFO - Setting next_dagrun for example_local_kubernetes_executor to None, run_after=None
[2023-10-06T23:08:17.889+0000] {processor.py:176} INFO - Processing /home/airflow/.local/lib/python3.7/site-packages/airflow/example_dags/example_local_kubernetes_executor.py took 0.080 seconds
[2023-10-06T23:08:48.029+0000] {processor.py:154} INFO - Started process (PID=4181) to work on /home/airflow/.local/lib/python3.7/site-packages/airflow/example_dags/example_local_kubernetes_executor.py
[2023-10-06T23:08:48.030+0000] {processor.py:756} INFO - Processing file /home/airflow/.local/lib/python3.7/site-packages/airflow/example_dags/example_local_kubernetes_executor.py for tasks to queue
[2023-10-06T23:08:48.030+0000] {logging_mixin.py:120} INFO - [2023-10-06T23:08:48.030+0000] {dagbag.py:537} INFO - Filling up the DagBag from /home/airflow/.local/lib/python3.7/site-packages/airflow/example_dags/example_local_kubernetes_executor.py
[2023-10-06T23:08:48.046+0000] {processor.py:766} INFO - DAG(s) dict_keys(['example_local_kubernetes_executor']) retrieved from /home/airflow/.local/lib/python3.7/site-packages/airflow/example_dags/example_local_kubernetes_executor.py
[2023-10-06T23:08:48.080+0000] {logging_mixin.py:120} INFO - [2023-10-06T23:08:48.080+0000] {dag.py:2585} INFO - Sync 1 DAGs
[2023-10-06T23:08:48.098+0000] {logging_mixin.py:120} INFO - [2023-10-06T23:08:48.098+0000] {dag.py:3340} INFO - Setting next_dagrun for example_local_kubernetes_executor to None, run_after=None
[2023-10-06T23:08:48.114+0000] {processor.py:176} INFO - Processing /home/airflow/.local/lib/python3.7/site-packages/airflow/example_dags/example_local_kubernetes_executor.py took 0.087 seconds
