[2023-10-06T22:34:54.417+0000] {processor.py:154} INFO - Started process (PID=62) to work on /home/airflow/.local/lib/python3.7/site-packages/airflow/example_dags/example_latest_only_with_trigger.py
[2023-10-06T22:34:54.417+0000] {processor.py:756} INFO - Processing file /home/airflow/.local/lib/python3.7/site-packages/airflow/example_dags/example_latest_only_with_trigger.py for tasks to queue
[2023-10-06T22:34:54.418+0000] {logging_mixin.py:120} INFO - [2023-10-06T22:34:54.418+0000] {dagbag.py:537} INFO - Filling up the DagBag from /home/airflow/.local/lib/python3.7/site-packages/airflow/example_dags/example_latest_only_with_trigger.py
[2023-10-06T22:34:54.432+0000] {processor.py:766} INFO - DAG(s) dict_keys(['latest_only_with_trigger']) retrieved from /home/airflow/.local/lib/python3.7/site-packages/airflow/example_dags/example_latest_only_with_trigger.py
[2023-10-06T22:34:54.464+0000] {logging_mixin.py:120} INFO - [2023-10-06T22:34:54.463+0000] {dag.py:2585} INFO - Sync 1 DAGs
[2023-10-06T22:34:54.481+0000] {logging_mixin.py:120} INFO - [2023-10-06T22:34:54.481+0000] {dag.py:3340} INFO - Setting next_dagrun for latest_only_with_trigger to 2023-10-06T18:34:54.481458+00:00, run_after=2023-10-06T22:34:54.481458+00:00
[2023-10-06T22:34:54.500+0000] {processor.py:176} INFO - Processing /home/airflow/.local/lib/python3.7/site-packages/airflow/example_dags/example_latest_only_with_trigger.py took 0.086 seconds
[2023-10-06T22:35:24.653+0000] {processor.py:154} INFO - Started process (PID=125) to work on /home/airflow/.local/lib/python3.7/site-packages/airflow/example_dags/example_latest_only_with_trigger.py
[2023-10-06T22:35:24.653+0000] {processor.py:756} INFO - Processing file /home/airflow/.local/lib/python3.7/site-packages/airflow/example_dags/example_latest_only_with_trigger.py for tasks to queue
[2023-10-06T22:35:24.654+0000] {logging_mixin.py:120} INFO - [2023-10-06T22:35:24.654+0000] {dagbag.py:537} INFO - Filling up the DagBag from /home/airflow/.local/lib/python3.7/site-packages/airflow/example_dags/example_latest_only_with_trigger.py
[2023-10-06T22:35:24.665+0000] {processor.py:766} INFO - DAG(s) dict_keys(['latest_only_with_trigger']) retrieved from /home/airflow/.local/lib/python3.7/site-packages/airflow/example_dags/example_latest_only_with_trigger.py
[2023-10-06T22:35:24.687+0000] {logging_mixin.py:120} INFO - [2023-10-06T22:35:24.687+0000] {dag.py:2585} INFO - Sync 1 DAGs
[2023-10-06T22:35:24.706+0000] {logging_mixin.py:120} INFO - [2023-10-06T22:35:24.706+0000] {dag.py:3340} INFO - Setting next_dagrun for latest_only_with_trigger to 2023-10-06T18:35:24.705837+00:00, run_after=2023-10-06T22:35:24.705837+00:00
[2023-10-06T22:35:24.724+0000] {processor.py:176} INFO - Processing /home/airflow/.local/lib/python3.7/site-packages/airflow/example_dags/example_latest_only_with_trigger.py took 0.075 seconds
[2023-10-06T22:35:55.794+0000] {processor.py:154} INFO - Started process (PID=188) to work on /home/airflow/.local/lib/python3.7/site-packages/airflow/example_dags/example_latest_only_with_trigger.py
[2023-10-06T22:35:55.795+0000] {processor.py:756} INFO - Processing file /home/airflow/.local/lib/python3.7/site-packages/airflow/example_dags/example_latest_only_with_trigger.py for tasks to queue
[2023-10-06T22:35:55.796+0000] {logging_mixin.py:120} INFO - [2023-10-06T22:35:55.796+0000] {dagbag.py:537} INFO - Filling up the DagBag from /home/airflow/.local/lib/python3.7/site-packages/airflow/example_dags/example_latest_only_with_trigger.py
[2023-10-06T22:35:55.814+0000] {processor.py:766} INFO - DAG(s) dict_keys(['latest_only_with_trigger']) retrieved from /home/airflow/.local/lib/python3.7/site-packages/airflow/example_dags/example_latest_only_with_trigger.py
[2023-10-06T22:35:55.858+0000] {logging_mixin.py:120} INFO - [2023-10-06T22:35:55.857+0000] {dag.py:2585} INFO - Sync 1 DAGs
[2023-10-06T22:35:55.877+0000] {logging_mixin.py:120} INFO - [2023-10-06T22:35:55.877+0000] {dag.py:3340} INFO - Setting next_dagrun for latest_only_with_trigger to 2023-10-06T18:35:55.876943+00:00, run_after=2023-10-06T22:35:55.876943+00:00
[2023-10-06T22:35:55.894+0000] {processor.py:176} INFO - Processing /home/airflow/.local/lib/python3.7/site-packages/airflow/example_dags/example_latest_only_with_trigger.py took 0.102 seconds
[2023-10-06T22:36:26.002+0000] {processor.py:154} INFO - Started process (PID=242) to work on /home/airflow/.local/lib/python3.7/site-packages/airflow/example_dags/example_latest_only_with_trigger.py
[2023-10-06T22:36:26.002+0000] {processor.py:756} INFO - Processing file /home/airflow/.local/lib/python3.7/site-packages/airflow/example_dags/example_latest_only_with_trigger.py for tasks to queue
[2023-10-06T22:36:26.002+0000] {logging_mixin.py:120} INFO - [2023-10-06T22:36:26.002+0000] {dagbag.py:537} INFO - Filling up the DagBag from /home/airflow/.local/lib/python3.7/site-packages/airflow/example_dags/example_latest_only_with_trigger.py
[2023-10-06T22:36:26.012+0000] {processor.py:766} INFO - DAG(s) dict_keys(['latest_only_with_trigger']) retrieved from /home/airflow/.local/lib/python3.7/site-packages/airflow/example_dags/example_latest_only_with_trigger.py
[2023-10-06T22:36:26.107+0000] {logging_mixin.py:120} INFO - [2023-10-06T22:36:26.106+0000] {dag.py:2585} INFO - Sync 1 DAGs
[2023-10-06T22:36:26.125+0000] {logging_mixin.py:120} INFO - [2023-10-06T22:36:26.125+0000] {dag.py:3340} INFO - Setting next_dagrun for latest_only_with_trigger to 2023-10-06T18:36:26.125048+00:00, run_after=2023-10-06T22:36:26.125048+00:00
[2023-10-06T22:36:26.146+0000] {processor.py:176} INFO - Processing /home/airflow/.local/lib/python3.7/site-packages/airflow/example_dags/example_latest_only_with_trigger.py took 0.146 seconds
[2023-10-06T22:36:56.903+0000] {processor.py:154} INFO - Started process (PID=306) to work on /home/airflow/.local/lib/python3.7/site-packages/airflow/example_dags/example_latest_only_with_trigger.py
[2023-10-06T22:36:56.904+0000] {processor.py:756} INFO - Processing file /home/airflow/.local/lib/python3.7/site-packages/airflow/example_dags/example_latest_only_with_trigger.py for tasks to queue
[2023-10-06T22:36:56.905+0000] {logging_mixin.py:120} INFO - [2023-10-06T22:36:56.904+0000] {dagbag.py:537} INFO - Filling up the DagBag from /home/airflow/.local/lib/python3.7/site-packages/airflow/example_dags/example_latest_only_with_trigger.py
[2023-10-06T22:36:56.917+0000] {processor.py:766} INFO - DAG(s) dict_keys(['latest_only_with_trigger']) retrieved from /home/airflow/.local/lib/python3.7/site-packages/airflow/example_dags/example_latest_only_with_trigger.py
[2023-10-06T22:36:56.949+0000] {logging_mixin.py:120} INFO - [2023-10-06T22:36:56.949+0000] {dag.py:2585} INFO - Sync 1 DAGs
[2023-10-06T22:36:56.975+0000] {logging_mixin.py:120} INFO - [2023-10-06T22:36:56.975+0000] {dag.py:3340} INFO - Setting next_dagrun for latest_only_with_trigger to 2023-10-06T18:36:56.975073+00:00, run_after=2023-10-06T22:36:56.975073+00:00
[2023-10-06T22:36:56.994+0000] {processor.py:176} INFO - Processing /home/airflow/.local/lib/python3.7/site-packages/airflow/example_dags/example_latest_only_with_trigger.py took 0.094 seconds
[2023-10-06T22:37:27.681+0000] {processor.py:154} INFO - Started process (PID=369) to work on /home/airflow/.local/lib/python3.7/site-packages/airflow/example_dags/example_latest_only_with_trigger.py
[2023-10-06T22:37:27.682+0000] {processor.py:756} INFO - Processing file /home/airflow/.local/lib/python3.7/site-packages/airflow/example_dags/example_latest_only_with_trigger.py for tasks to queue
[2023-10-06T22:37:27.683+0000] {logging_mixin.py:120} INFO - [2023-10-06T22:37:27.683+0000] {dagbag.py:537} INFO - Filling up the DagBag from /home/airflow/.local/lib/python3.7/site-packages/airflow/example_dags/example_latest_only_with_trigger.py
[2023-10-06T22:37:27.694+0000] {processor.py:766} INFO - DAG(s) dict_keys(['latest_only_with_trigger']) retrieved from /home/airflow/.local/lib/python3.7/site-packages/airflow/example_dags/example_latest_only_with_trigger.py
[2023-10-06T22:37:27.727+0000] {logging_mixin.py:120} INFO - [2023-10-06T22:37:27.727+0000] {dag.py:2585} INFO - Sync 1 DAGs
[2023-10-06T22:37:27.750+0000] {logging_mixin.py:120} INFO - [2023-10-06T22:37:27.750+0000] {dag.py:3340} INFO - Setting next_dagrun for latest_only_with_trigger to 2023-10-06T18:37:27.749905+00:00, run_after=2023-10-06T22:37:27.749905+00:00
[2023-10-06T22:37:27.779+0000] {processor.py:176} INFO - Processing /home/airflow/.local/lib/python3.7/site-packages/airflow/example_dags/example_latest_only_with_trigger.py took 0.101 seconds
[2023-10-06T22:37:58.269+0000] {processor.py:154} INFO - Started process (PID=433) to work on /home/airflow/.local/lib/python3.7/site-packages/airflow/example_dags/example_latest_only_with_trigger.py
[2023-10-06T22:37:58.270+0000] {processor.py:756} INFO - Processing file /home/airflow/.local/lib/python3.7/site-packages/airflow/example_dags/example_latest_only_with_trigger.py for tasks to queue
[2023-10-06T22:37:58.270+0000] {logging_mixin.py:120} INFO - [2023-10-06T22:37:58.270+0000] {dagbag.py:537} INFO - Filling up the DagBag from /home/airflow/.local/lib/python3.7/site-packages/airflow/example_dags/example_latest_only_with_trigger.py
[2023-10-06T22:37:58.282+0000] {processor.py:766} INFO - DAG(s) dict_keys(['latest_only_with_trigger']) retrieved from /home/airflow/.local/lib/python3.7/site-packages/airflow/example_dags/example_latest_only_with_trigger.py
[2023-10-06T22:37:58.322+0000] {logging_mixin.py:120} INFO - [2023-10-06T22:37:58.322+0000] {dag.py:2585} INFO - Sync 1 DAGs
[2023-10-06T22:37:58.344+0000] {logging_mixin.py:120} INFO - [2023-10-06T22:37:58.343+0000] {dag.py:3340} INFO - Setting next_dagrun for latest_only_with_trigger to 2023-10-06T18:37:58.343616+00:00, run_after=2023-10-06T22:37:58.343616+00:00
[2023-10-06T22:37:58.359+0000] {processor.py:176} INFO - Processing /home/airflow/.local/lib/python3.7/site-packages/airflow/example_dags/example_latest_only_with_trigger.py took 0.093 seconds
[2023-10-06T22:38:28.721+0000] {processor.py:154} INFO - Started process (PID=497) to work on /home/airflow/.local/lib/python3.7/site-packages/airflow/example_dags/example_latest_only_with_trigger.py
[2023-10-06T22:38:28.722+0000] {processor.py:756} INFO - Processing file /home/airflow/.local/lib/python3.7/site-packages/airflow/example_dags/example_latest_only_with_trigger.py for tasks to queue
[2023-10-06T22:38:28.723+0000] {logging_mixin.py:120} INFO - [2023-10-06T22:38:28.723+0000] {dagbag.py:537} INFO - Filling up the DagBag from /home/airflow/.local/lib/python3.7/site-packages/airflow/example_dags/example_latest_only_with_trigger.py
[2023-10-06T22:38:28.742+0000] {processor.py:766} INFO - DAG(s) dict_keys(['latest_only_with_trigger']) retrieved from /home/airflow/.local/lib/python3.7/site-packages/airflow/example_dags/example_latest_only_with_trigger.py
[2023-10-06T22:38:28.793+0000] {logging_mixin.py:120} INFO - [2023-10-06T22:38:28.793+0000] {dag.py:2585} INFO - Sync 1 DAGs
[2023-10-06T22:38:28.832+0000] {logging_mixin.py:120} INFO - [2023-10-06T22:38:28.831+0000] {dag.py:3340} INFO - Setting next_dagrun for latest_only_with_trigger to 2023-10-06T18:38:28.831535+00:00, run_after=2023-10-06T22:38:28.831535+00:00
[2023-10-06T22:38:28.850+0000] {processor.py:176} INFO - Processing /home/airflow/.local/lib/python3.7/site-packages/airflow/example_dags/example_latest_only_with_trigger.py took 0.133 seconds
[2023-10-06T22:38:59.393+0000] {processor.py:154} INFO - Started process (PID=551) to work on /home/airflow/.local/lib/python3.7/site-packages/airflow/example_dags/example_latest_only_with_trigger.py
[2023-10-06T22:38:59.394+0000] {processor.py:756} INFO - Processing file /home/airflow/.local/lib/python3.7/site-packages/airflow/example_dags/example_latest_only_with_trigger.py for tasks to queue
[2023-10-06T22:38:59.394+0000] {logging_mixin.py:120} INFO - [2023-10-06T22:38:59.394+0000] {dagbag.py:537} INFO - Filling up the DagBag from /home/airflow/.local/lib/python3.7/site-packages/airflow/example_dags/example_latest_only_with_trigger.py
[2023-10-06T22:38:59.406+0000] {processor.py:766} INFO - DAG(s) dict_keys(['latest_only_with_trigger']) retrieved from /home/airflow/.local/lib/python3.7/site-packages/airflow/example_dags/example_latest_only_with_trigger.py
[2023-10-06T22:38:59.438+0000] {logging_mixin.py:120} INFO - [2023-10-06T22:38:59.438+0000] {dag.py:2585} INFO - Sync 1 DAGs
[2023-10-06T22:38:59.459+0000] {logging_mixin.py:120} INFO - [2023-10-06T22:38:59.459+0000] {dag.py:3340} INFO - Setting next_dagrun for latest_only_with_trigger to 2023-10-06T18:38:59.459463+00:00, run_after=2023-10-06T22:38:59.459463+00:00
[2023-10-06T22:38:59.480+0000] {processor.py:176} INFO - Processing /home/airflow/.local/lib/python3.7/site-packages/airflow/example_dags/example_latest_only_with_trigger.py took 0.090 seconds
[2023-10-06T22:39:30.454+0000] {processor.py:154} INFO - Started process (PID=616) to work on /home/airflow/.local/lib/python3.7/site-packages/airflow/example_dags/example_latest_only_with_trigger.py
[2023-10-06T22:39:30.455+0000] {processor.py:756} INFO - Processing file /home/airflow/.local/lib/python3.7/site-packages/airflow/example_dags/example_latest_only_with_trigger.py for tasks to queue
[2023-10-06T22:39:30.456+0000] {logging_mixin.py:120} INFO - [2023-10-06T22:39:30.456+0000] {dagbag.py:537} INFO - Filling up the DagBag from /home/airflow/.local/lib/python3.7/site-packages/airflow/example_dags/example_latest_only_with_trigger.py
[2023-10-06T22:39:30.471+0000] {processor.py:766} INFO - DAG(s) dict_keys(['latest_only_with_trigger']) retrieved from /home/airflow/.local/lib/python3.7/site-packages/airflow/example_dags/example_latest_only_with_trigger.py
[2023-10-06T22:39:30.514+0000] {logging_mixin.py:120} INFO - [2023-10-06T22:39:30.514+0000] {dag.py:2585} INFO - Sync 1 DAGs
[2023-10-06T22:39:30.544+0000] {logging_mixin.py:120} INFO - [2023-10-06T22:39:30.543+0000] {dag.py:3340} INFO - Setting next_dagrun for latest_only_with_trigger to 2023-10-06T18:39:30.543392+00:00, run_after=2023-10-06T22:39:30.543392+00:00
[2023-10-06T22:39:30.566+0000] {processor.py:176} INFO - Processing /home/airflow/.local/lib/python3.7/site-packages/airflow/example_dags/example_latest_only_with_trigger.py took 0.115 seconds
[2023-10-06T22:40:00.635+0000] {processor.py:154} INFO - Started process (PID=679) to work on /home/airflow/.local/lib/python3.7/site-packages/airflow/example_dags/example_latest_only_with_trigger.py
[2023-10-06T22:40:00.636+0000] {processor.py:756} INFO - Processing file /home/airflow/.local/lib/python3.7/site-packages/airflow/example_dags/example_latest_only_with_trigger.py for tasks to queue
[2023-10-06T22:40:00.637+0000] {logging_mixin.py:120} INFO - [2023-10-06T22:40:00.637+0000] {dagbag.py:537} INFO - Filling up the DagBag from /home/airflow/.local/lib/python3.7/site-packages/airflow/example_dags/example_latest_only_with_trigger.py
[2023-10-06T22:40:00.648+0000] {processor.py:766} INFO - DAG(s) dict_keys(['latest_only_with_trigger']) retrieved from /home/airflow/.local/lib/python3.7/site-packages/airflow/example_dags/example_latest_only_with_trigger.py
[2023-10-06T22:40:00.680+0000] {logging_mixin.py:120} INFO - [2023-10-06T22:40:00.680+0000] {dag.py:2585} INFO - Sync 1 DAGs
[2023-10-06T22:40:00.700+0000] {logging_mixin.py:120} INFO - [2023-10-06T22:40:00.700+0000] {dag.py:3340} INFO - Setting next_dagrun for latest_only_with_trigger to 2023-10-06T18:40:00.700256+00:00, run_after=2023-10-06T22:40:00.700256+00:00
[2023-10-06T22:40:00.718+0000] {processor.py:176} INFO - Processing /home/airflow/.local/lib/python3.7/site-packages/airflow/example_dags/example_latest_only_with_trigger.py took 0.085 seconds
[2023-10-06T22:40:31.029+0000] {processor.py:154} INFO - Started process (PID=733) to work on /home/airflow/.local/lib/python3.7/site-packages/airflow/example_dags/example_latest_only_with_trigger.py
[2023-10-06T22:40:31.030+0000] {processor.py:756} INFO - Processing file /home/airflow/.local/lib/python3.7/site-packages/airflow/example_dags/example_latest_only_with_trigger.py for tasks to queue
[2023-10-06T22:40:31.030+0000] {logging_mixin.py:120} INFO - [2023-10-06T22:40:31.030+0000] {dagbag.py:537} INFO - Filling up the DagBag from /home/airflow/.local/lib/python3.7/site-packages/airflow/example_dags/example_latest_only_with_trigger.py
[2023-10-06T22:40:31.041+0000] {processor.py:766} INFO - DAG(s) dict_keys(['latest_only_with_trigger']) retrieved from /home/airflow/.local/lib/python3.7/site-packages/airflow/example_dags/example_latest_only_with_trigger.py
[2023-10-06T22:40:31.074+0000] {logging_mixin.py:120} INFO - [2023-10-06T22:40:31.074+0000] {dag.py:2585} INFO - Sync 1 DAGs
[2023-10-06T22:40:31.097+0000] {logging_mixin.py:120} INFO - [2023-10-06T22:40:31.096+0000] {dag.py:3340} INFO - Setting next_dagrun for latest_only_with_trigger to 2023-10-06T18:40:31.096699+00:00, run_after=2023-10-06T22:40:31.096699+00:00
[2023-10-06T22:40:31.114+0000] {processor.py:176} INFO - Processing /home/airflow/.local/lib/python3.7/site-packages/airflow/example_dags/example_latest_only_with_trigger.py took 0.088 seconds
[2023-10-06T22:41:01.720+0000] {processor.py:154} INFO - Started process (PID=796) to work on /home/airflow/.local/lib/python3.7/site-packages/airflow/example_dags/example_latest_only_with_trigger.py
[2023-10-06T22:41:01.721+0000] {processor.py:756} INFO - Processing file /home/airflow/.local/lib/python3.7/site-packages/airflow/example_dags/example_latest_only_with_trigger.py for tasks to queue
[2023-10-06T22:41:01.721+0000] {logging_mixin.py:120} INFO - [2023-10-06T22:41:01.721+0000] {dagbag.py:537} INFO - Filling up the DagBag from /home/airflow/.local/lib/python3.7/site-packages/airflow/example_dags/example_latest_only_with_trigger.py
[2023-10-06T22:41:01.731+0000] {processor.py:766} INFO - DAG(s) dict_keys(['latest_only_with_trigger']) retrieved from /home/airflow/.local/lib/python3.7/site-packages/airflow/example_dags/example_latest_only_with_trigger.py
[2023-10-06T22:41:01.764+0000] {logging_mixin.py:120} INFO - [2023-10-06T22:41:01.764+0000] {dag.py:2585} INFO - Sync 1 DAGs
[2023-10-06T22:41:01.781+0000] {logging_mixin.py:120} INFO - [2023-10-06T22:41:01.781+0000] {dag.py:3340} INFO - Setting next_dagrun for latest_only_with_trigger to 2023-10-06T18:41:01.781042+00:00, run_after=2023-10-06T22:41:01.781042+00:00
[2023-10-06T22:41:01.797+0000] {processor.py:176} INFO - Processing /home/airflow/.local/lib/python3.7/site-packages/airflow/example_dags/example_latest_only_with_trigger.py took 0.079 seconds
[2023-10-06T22:41:32.238+0000] {processor.py:154} INFO - Started process (PID=859) to work on /home/airflow/.local/lib/python3.7/site-packages/airflow/example_dags/example_latest_only_with_trigger.py
[2023-10-06T22:41:32.239+0000] {processor.py:756} INFO - Processing file /home/airflow/.local/lib/python3.7/site-packages/airflow/example_dags/example_latest_only_with_trigger.py for tasks to queue
[2023-10-06T22:41:32.239+0000] {logging_mixin.py:120} INFO - [2023-10-06T22:41:32.239+0000] {dagbag.py:537} INFO - Filling up the DagBag from /home/airflow/.local/lib/python3.7/site-packages/airflow/example_dags/example_latest_only_with_trigger.py
[2023-10-06T22:41:32.250+0000] {processor.py:766} INFO - DAG(s) dict_keys(['latest_only_with_trigger']) retrieved from /home/airflow/.local/lib/python3.7/site-packages/airflow/example_dags/example_latest_only_with_trigger.py
[2023-10-06T22:41:32.279+0000] {logging_mixin.py:120} INFO - [2023-10-06T22:41:32.278+0000] {dag.py:2585} INFO - Sync 1 DAGs
[2023-10-06T22:41:32.297+0000] {logging_mixin.py:120} INFO - [2023-10-06T22:41:32.296+0000] {dag.py:3340} INFO - Setting next_dagrun for latest_only_with_trigger to 2023-10-06T18:41:32.296813+00:00, run_after=2023-10-06T22:41:32.296813+00:00
[2023-10-06T22:41:32.314+0000] {processor.py:176} INFO - Processing /home/airflow/.local/lib/python3.7/site-packages/airflow/example_dags/example_latest_only_with_trigger.py took 0.078 seconds
[2023-10-06T22:42:02.376+0000] {processor.py:154} INFO - Started process (PID=922) to work on /home/airflow/.local/lib/python3.7/site-packages/airflow/example_dags/example_latest_only_with_trigger.py
[2023-10-06T22:42:02.377+0000] {processor.py:756} INFO - Processing file /home/airflow/.local/lib/python3.7/site-packages/airflow/example_dags/example_latest_only_with_trigger.py for tasks to queue
[2023-10-06T22:42:02.377+0000] {logging_mixin.py:120} INFO - [2023-10-06T22:42:02.377+0000] {dagbag.py:537} INFO - Filling up the DagBag from /home/airflow/.local/lib/python3.7/site-packages/airflow/example_dags/example_latest_only_with_trigger.py
[2023-10-06T22:42:02.387+0000] {processor.py:766} INFO - DAG(s) dict_keys(['latest_only_with_trigger']) retrieved from /home/airflow/.local/lib/python3.7/site-packages/airflow/example_dags/example_latest_only_with_trigger.py
[2023-10-06T22:42:02.415+0000] {logging_mixin.py:120} INFO - [2023-10-06T22:42:02.415+0000] {dag.py:2585} INFO - Sync 1 DAGs
[2023-10-06T22:42:02.431+0000] {logging_mixin.py:120} INFO - [2023-10-06T22:42:02.431+0000] {dag.py:3340} INFO - Setting next_dagrun for latest_only_with_trigger to 2023-10-06T18:42:02.431669+00:00, run_after=2023-10-06T22:42:02.431669+00:00
[2023-10-06T22:42:02.448+0000] {processor.py:176} INFO - Processing /home/airflow/.local/lib/python3.7/site-packages/airflow/example_dags/example_latest_only_with_trigger.py took 0.075 seconds
[2023-10-06T22:42:32.994+0000] {processor.py:154} INFO - Started process (PID=976) to work on /home/airflow/.local/lib/python3.7/site-packages/airflow/example_dags/example_latest_only_with_trigger.py
[2023-10-06T22:42:32.995+0000] {processor.py:756} INFO - Processing file /home/airflow/.local/lib/python3.7/site-packages/airflow/example_dags/example_latest_only_with_trigger.py for tasks to queue
[2023-10-06T22:42:32.995+0000] {logging_mixin.py:120} INFO - [2023-10-06T22:42:32.995+0000] {dagbag.py:537} INFO - Filling up the DagBag from /home/airflow/.local/lib/python3.7/site-packages/airflow/example_dags/example_latest_only_with_trigger.py
[2023-10-06T22:42:33.005+0000] {processor.py:766} INFO - DAG(s) dict_keys(['latest_only_with_trigger']) retrieved from /home/airflow/.local/lib/python3.7/site-packages/airflow/example_dags/example_latest_only_with_trigger.py
[2023-10-06T22:42:33.033+0000] {logging_mixin.py:120} INFO - [2023-10-06T22:42:33.033+0000] {dag.py:2585} INFO - Sync 1 DAGs
[2023-10-06T22:42:33.049+0000] {logging_mixin.py:120} INFO - [2023-10-06T22:42:33.049+0000] {dag.py:3340} INFO - Setting next_dagrun for latest_only_with_trigger to 2023-10-06T18:42:33.049481+00:00, run_after=2023-10-06T22:42:33.049481+00:00
[2023-10-06T22:42:33.064+0000] {processor.py:176} INFO - Processing /home/airflow/.local/lib/python3.7/site-packages/airflow/example_dags/example_latest_only_with_trigger.py took 0.072 seconds
[2023-10-06T22:43:03.383+0000] {processor.py:154} INFO - Started process (PID=1040) to work on /home/airflow/.local/lib/python3.7/site-packages/airflow/example_dags/example_latest_only_with_trigger.py
[2023-10-06T22:43:03.384+0000] {processor.py:756} INFO - Processing file /home/airflow/.local/lib/python3.7/site-packages/airflow/example_dags/example_latest_only_with_trigger.py for tasks to queue
[2023-10-06T22:43:03.385+0000] {logging_mixin.py:120} INFO - [2023-10-06T22:43:03.384+0000] {dagbag.py:537} INFO - Filling up the DagBag from /home/airflow/.local/lib/python3.7/site-packages/airflow/example_dags/example_latest_only_with_trigger.py
[2023-10-06T22:43:03.395+0000] {processor.py:766} INFO - DAG(s) dict_keys(['latest_only_with_trigger']) retrieved from /home/airflow/.local/lib/python3.7/site-packages/airflow/example_dags/example_latest_only_with_trigger.py
[2023-10-06T22:43:03.423+0000] {logging_mixin.py:120} INFO - [2023-10-06T22:43:03.422+0000] {dag.py:2585} INFO - Sync 1 DAGs
[2023-10-06T22:43:03.442+0000] {logging_mixin.py:120} INFO - [2023-10-06T22:43:03.442+0000] {dag.py:3340} INFO - Setting next_dagrun for latest_only_with_trigger to 2023-10-06T18:43:03.442022+00:00, run_after=2023-10-06T22:43:03.442022+00:00
[2023-10-06T22:43:03.461+0000] {processor.py:176} INFO - Processing /home/airflow/.local/lib/python3.7/site-packages/airflow/example_dags/example_latest_only_with_trigger.py took 0.080 seconds
[2023-10-06T22:43:33.849+0000] {processor.py:154} INFO - Started process (PID=1104) to work on /home/airflow/.local/lib/python3.7/site-packages/airflow/example_dags/example_latest_only_with_trigger.py
[2023-10-06T22:43:33.850+0000] {processor.py:756} INFO - Processing file /home/airflow/.local/lib/python3.7/site-packages/airflow/example_dags/example_latest_only_with_trigger.py for tasks to queue
[2023-10-06T22:43:33.850+0000] {logging_mixin.py:120} INFO - [2023-10-06T22:43:33.850+0000] {dagbag.py:537} INFO - Filling up the DagBag from /home/airflow/.local/lib/python3.7/site-packages/airflow/example_dags/example_latest_only_with_trigger.py
[2023-10-06T22:43:33.860+0000] {processor.py:766} INFO - DAG(s) dict_keys(['latest_only_with_trigger']) retrieved from /home/airflow/.local/lib/python3.7/site-packages/airflow/example_dags/example_latest_only_with_trigger.py
[2023-10-06T22:43:33.890+0000] {logging_mixin.py:120} INFO - [2023-10-06T22:43:33.889+0000] {dag.py:2585} INFO - Sync 1 DAGs
[2023-10-06T22:43:33.910+0000] {logging_mixin.py:120} INFO - [2023-10-06T22:43:33.910+0000] {dag.py:3340} INFO - Setting next_dagrun for latest_only_with_trigger to 2023-10-06T18:43:33.910114+00:00, run_after=2023-10-06T22:43:33.910114+00:00
[2023-10-06T22:43:33.924+0000] {processor.py:176} INFO - Processing /home/airflow/.local/lib/python3.7/site-packages/airflow/example_dags/example_latest_only_with_trigger.py took 0.077 seconds
[2023-10-06T22:44:04.151+0000] {processor.py:154} INFO - Started process (PID=1166) to work on /home/airflow/.local/lib/python3.7/site-packages/airflow/example_dags/example_latest_only_with_trigger.py
[2023-10-06T22:44:04.152+0000] {processor.py:756} INFO - Processing file /home/airflow/.local/lib/python3.7/site-packages/airflow/example_dags/example_latest_only_with_trigger.py for tasks to queue
[2023-10-06T22:44:04.152+0000] {logging_mixin.py:120} INFO - [2023-10-06T22:44:04.152+0000] {dagbag.py:537} INFO - Filling up the DagBag from /home/airflow/.local/lib/python3.7/site-packages/airflow/example_dags/example_latest_only_with_trigger.py
[2023-10-06T22:44:04.164+0000] {processor.py:766} INFO - DAG(s) dict_keys(['latest_only_with_trigger']) retrieved from /home/airflow/.local/lib/python3.7/site-packages/airflow/example_dags/example_latest_only_with_trigger.py
[2023-10-06T22:44:04.196+0000] {logging_mixin.py:120} INFO - [2023-10-06T22:44:04.196+0000] {dag.py:2585} INFO - Sync 1 DAGs
[2023-10-06T22:44:04.216+0000] {logging_mixin.py:120} INFO - [2023-10-06T22:44:04.216+0000] {dag.py:3340} INFO - Setting next_dagrun for latest_only_with_trigger to 2023-10-06T18:44:04.216197+00:00, run_after=2023-10-06T22:44:04.216197+00:00
[2023-10-06T22:44:04.229+0000] {processor.py:176} INFO - Processing /home/airflow/.local/lib/python3.7/site-packages/airflow/example_dags/example_latest_only_with_trigger.py took 0.081 seconds
[2023-10-06T22:44:34.471+0000] {processor.py:154} INFO - Started process (PID=1221) to work on /home/airflow/.local/lib/python3.7/site-packages/airflow/example_dags/example_latest_only_with_trigger.py
[2023-10-06T22:44:34.472+0000] {processor.py:756} INFO - Processing file /home/airflow/.local/lib/python3.7/site-packages/airflow/example_dags/example_latest_only_with_trigger.py for tasks to queue
[2023-10-06T22:44:34.472+0000] {logging_mixin.py:120} INFO - [2023-10-06T22:44:34.472+0000] {dagbag.py:537} INFO - Filling up the DagBag from /home/airflow/.local/lib/python3.7/site-packages/airflow/example_dags/example_latest_only_with_trigger.py
[2023-10-06T22:44:34.486+0000] {processor.py:766} INFO - DAG(s) dict_keys(['latest_only_with_trigger']) retrieved from /home/airflow/.local/lib/python3.7/site-packages/airflow/example_dags/example_latest_only_with_trigger.py
[2023-10-06T22:44:34.518+0000] {logging_mixin.py:120} INFO - [2023-10-06T22:44:34.518+0000] {dag.py:2585} INFO - Sync 1 DAGs
[2023-10-06T22:44:34.535+0000] {logging_mixin.py:120} INFO - [2023-10-06T22:44:34.535+0000] {dag.py:3340} INFO - Setting next_dagrun for latest_only_with_trigger to 2023-10-06T18:44:34.534975+00:00, run_after=2023-10-06T22:44:34.534975+00:00
[2023-10-06T22:44:34.551+0000] {processor.py:176} INFO - Processing /home/airflow/.local/lib/python3.7/site-packages/airflow/example_dags/example_latest_only_with_trigger.py took 0.082 seconds
[2023-10-06T22:45:04.805+0000] {processor.py:154} INFO - Started process (PID=1285) to work on /home/airflow/.local/lib/python3.7/site-packages/airflow/example_dags/example_latest_only_with_trigger.py
[2023-10-06T22:45:04.806+0000] {processor.py:756} INFO - Processing file /home/airflow/.local/lib/python3.7/site-packages/airflow/example_dags/example_latest_only_with_trigger.py for tasks to queue
[2023-10-06T22:45:04.807+0000] {logging_mixin.py:120} INFO - [2023-10-06T22:45:04.806+0000] {dagbag.py:537} INFO - Filling up the DagBag from /home/airflow/.local/lib/python3.7/site-packages/airflow/example_dags/example_latest_only_with_trigger.py
[2023-10-06T22:45:04.817+0000] {processor.py:766} INFO - DAG(s) dict_keys(['latest_only_with_trigger']) retrieved from /home/airflow/.local/lib/python3.7/site-packages/airflow/example_dags/example_latest_only_with_trigger.py
[2023-10-06T22:45:04.847+0000] {logging_mixin.py:120} INFO - [2023-10-06T22:45:04.847+0000] {dag.py:2585} INFO - Sync 1 DAGs
[2023-10-06T22:45:04.865+0000] {logging_mixin.py:120} INFO - [2023-10-06T22:45:04.865+0000] {dag.py:3340} INFO - Setting next_dagrun for latest_only_with_trigger to 2023-10-06T18:45:04.865417+00:00, run_after=2023-10-06T22:45:04.865417+00:00
[2023-10-06T22:45:04.882+0000] {processor.py:176} INFO - Processing /home/airflow/.local/lib/python3.7/site-packages/airflow/example_dags/example_latest_only_with_trigger.py took 0.079 seconds
[2023-10-06T22:45:35.257+0000] {processor.py:154} INFO - Started process (PID=1349) to work on /home/airflow/.local/lib/python3.7/site-packages/airflow/example_dags/example_latest_only_with_trigger.py
[2023-10-06T22:45:35.259+0000] {processor.py:756} INFO - Processing file /home/airflow/.local/lib/python3.7/site-packages/airflow/example_dags/example_latest_only_with_trigger.py for tasks to queue
[2023-10-06T22:45:35.259+0000] {logging_mixin.py:120} INFO - [2023-10-06T22:45:35.259+0000] {dagbag.py:537} INFO - Filling up the DagBag from /home/airflow/.local/lib/python3.7/site-packages/airflow/example_dags/example_latest_only_with_trigger.py
[2023-10-06T22:45:35.270+0000] {processor.py:766} INFO - DAG(s) dict_keys(['latest_only_with_trigger']) retrieved from /home/airflow/.local/lib/python3.7/site-packages/airflow/example_dags/example_latest_only_with_trigger.py
[2023-10-06T22:45:35.302+0000] {logging_mixin.py:120} INFO - [2023-10-06T22:45:35.302+0000] {dag.py:2585} INFO - Sync 1 DAGs
[2023-10-06T22:45:35.321+0000] {logging_mixin.py:120} INFO - [2023-10-06T22:45:35.321+0000] {dag.py:3340} INFO - Setting next_dagrun for latest_only_with_trigger to 2023-10-06T18:45:35.321052+00:00, run_after=2023-10-06T22:45:35.321052+00:00
[2023-10-06T22:45:35.336+0000] {processor.py:176} INFO - Processing /home/airflow/.local/lib/python3.7/site-packages/airflow/example_dags/example_latest_only_with_trigger.py took 0.080 seconds
[2023-10-06T22:46:05.616+0000] {processor.py:154} INFO - Started process (PID=1413) to work on /home/airflow/.local/lib/python3.7/site-packages/airflow/example_dags/example_latest_only_with_trigger.py
[2023-10-06T22:46:05.616+0000] {processor.py:756} INFO - Processing file /home/airflow/.local/lib/python3.7/site-packages/airflow/example_dags/example_latest_only_with_trigger.py for tasks to queue
[2023-10-06T22:46:05.617+0000] {logging_mixin.py:120} INFO - [2023-10-06T22:46:05.616+0000] {dagbag.py:537} INFO - Filling up the DagBag from /home/airflow/.local/lib/python3.7/site-packages/airflow/example_dags/example_latest_only_with_trigger.py
[2023-10-06T22:46:05.629+0000] {processor.py:766} INFO - DAG(s) dict_keys(['latest_only_with_trigger']) retrieved from /home/airflow/.local/lib/python3.7/site-packages/airflow/example_dags/example_latest_only_with_trigger.py
[2023-10-06T22:46:05.668+0000] {logging_mixin.py:120} INFO - [2023-10-06T22:46:05.668+0000] {dag.py:2585} INFO - Sync 1 DAGs
[2023-10-06T22:46:05.692+0000] {logging_mixin.py:120} INFO - [2023-10-06T22:46:05.692+0000] {dag.py:3340} INFO - Setting next_dagrun for latest_only_with_trigger to 2023-10-06T18:46:05.691878+00:00, run_after=2023-10-06T22:46:05.691878+00:00
[2023-10-06T22:46:05.714+0000] {processor.py:176} INFO - Processing /home/airflow/.local/lib/python3.7/site-packages/airflow/example_dags/example_latest_only_with_trigger.py took 0.102 seconds
[2023-10-06T22:46:36.052+0000] {processor.py:154} INFO - Started process (PID=1476) to work on /home/airflow/.local/lib/python3.7/site-packages/airflow/example_dags/example_latest_only_with_trigger.py
[2023-10-06T22:46:36.053+0000] {processor.py:756} INFO - Processing file /home/airflow/.local/lib/python3.7/site-packages/airflow/example_dags/example_latest_only_with_trigger.py for tasks to queue
[2023-10-06T22:46:36.054+0000] {logging_mixin.py:120} INFO - [2023-10-06T22:46:36.054+0000] {dagbag.py:537} INFO - Filling up the DagBag from /home/airflow/.local/lib/python3.7/site-packages/airflow/example_dags/example_latest_only_with_trigger.py
[2023-10-06T22:46:36.067+0000] {processor.py:766} INFO - DAG(s) dict_keys(['latest_only_with_trigger']) retrieved from /home/airflow/.local/lib/python3.7/site-packages/airflow/example_dags/example_latest_only_with_trigger.py
[2023-10-06T22:46:36.101+0000] {logging_mixin.py:120} INFO - [2023-10-06T22:46:36.101+0000] {dag.py:2585} INFO - Sync 1 DAGs
[2023-10-06T22:46:36.120+0000] {logging_mixin.py:120} INFO - [2023-10-06T22:46:36.120+0000] {dag.py:3340} INFO - Setting next_dagrun for latest_only_with_trigger to 2023-10-06T18:46:36.120326+00:00, run_after=2023-10-06T22:46:36.120326+00:00
[2023-10-06T22:46:36.138+0000] {processor.py:176} INFO - Processing /home/airflow/.local/lib/python3.7/site-packages/airflow/example_dags/example_latest_only_with_trigger.py took 0.089 seconds
[2023-10-06T22:47:06.441+0000] {processor.py:154} INFO - Started process (PID=1533) to work on /home/airflow/.local/lib/python3.7/site-packages/airflow/example_dags/example_latest_only_with_trigger.py
[2023-10-06T22:47:06.442+0000] {processor.py:756} INFO - Processing file /home/airflow/.local/lib/python3.7/site-packages/airflow/example_dags/example_latest_only_with_trigger.py for tasks to queue
[2023-10-06T22:47:06.442+0000] {logging_mixin.py:120} INFO - [2023-10-06T22:47:06.442+0000] {dagbag.py:537} INFO - Filling up the DagBag from /home/airflow/.local/lib/python3.7/site-packages/airflow/example_dags/example_latest_only_with_trigger.py
[2023-10-06T22:47:06.452+0000] {processor.py:766} INFO - DAG(s) dict_keys(['latest_only_with_trigger']) retrieved from /home/airflow/.local/lib/python3.7/site-packages/airflow/example_dags/example_latest_only_with_trigger.py
[2023-10-06T22:47:06.484+0000] {logging_mixin.py:120} INFO - [2023-10-06T22:47:06.484+0000] {dag.py:2585} INFO - Sync 1 DAGs
[2023-10-06T22:47:06.504+0000] {logging_mixin.py:120} INFO - [2023-10-06T22:47:06.504+0000] {dag.py:3340} INFO - Setting next_dagrun for latest_only_with_trigger to 2023-10-06T18:47:06.504236+00:00, run_after=2023-10-06T22:47:06.504236+00:00
[2023-10-06T22:47:06.518+0000] {processor.py:176} INFO - Processing /home/airflow/.local/lib/python3.7/site-packages/airflow/example_dags/example_latest_only_with_trigger.py took 0.080 seconds
[2023-10-06T22:47:36.799+0000] {processor.py:154} INFO - Started process (PID=1596) to work on /home/airflow/.local/lib/python3.7/site-packages/airflow/example_dags/example_latest_only_with_trigger.py
[2023-10-06T22:47:36.800+0000] {processor.py:756} INFO - Processing file /home/airflow/.local/lib/python3.7/site-packages/airflow/example_dags/example_latest_only_with_trigger.py for tasks to queue
[2023-10-06T22:47:36.801+0000] {logging_mixin.py:120} INFO - [2023-10-06T22:47:36.800+0000] {dagbag.py:537} INFO - Filling up the DagBag from /home/airflow/.local/lib/python3.7/site-packages/airflow/example_dags/example_latest_only_with_trigger.py
[2023-10-06T22:47:36.810+0000] {processor.py:766} INFO - DAG(s) dict_keys(['latest_only_with_trigger']) retrieved from /home/airflow/.local/lib/python3.7/site-packages/airflow/example_dags/example_latest_only_with_trigger.py
[2023-10-06T22:47:36.847+0000] {logging_mixin.py:120} INFO - [2023-10-06T22:47:36.846+0000] {dag.py:2585} INFO - Sync 1 DAGs
[2023-10-06T22:47:36.867+0000] {logging_mixin.py:120} INFO - [2023-10-06T22:47:36.867+0000] {dag.py:3340} INFO - Setting next_dagrun for latest_only_with_trigger to 2023-10-06T18:47:36.867604+00:00, run_after=2023-10-06T22:47:36.867604+00:00
[2023-10-06T22:47:36.885+0000] {processor.py:176} INFO - Processing /home/airflow/.local/lib/python3.7/site-packages/airflow/example_dags/example_latest_only_with_trigger.py took 0.089 seconds
[2023-10-06T22:48:07.063+0000] {processor.py:154} INFO - Started process (PID=1660) to work on /home/airflow/.local/lib/python3.7/site-packages/airflow/example_dags/example_latest_only_with_trigger.py
[2023-10-06T22:48:07.063+0000] {processor.py:756} INFO - Processing file /home/airflow/.local/lib/python3.7/site-packages/airflow/example_dags/example_latest_only_with_trigger.py for tasks to queue
[2023-10-06T22:48:07.063+0000] {logging_mixin.py:120} INFO - [2023-10-06T22:48:07.063+0000] {dagbag.py:537} INFO - Filling up the DagBag from /home/airflow/.local/lib/python3.7/site-packages/airflow/example_dags/example_latest_only_with_trigger.py
[2023-10-06T22:48:07.074+0000] {processor.py:766} INFO - DAG(s) dict_keys(['latest_only_with_trigger']) retrieved from /home/airflow/.local/lib/python3.7/site-packages/airflow/example_dags/example_latest_only_with_trigger.py
[2023-10-06T22:48:07.104+0000] {logging_mixin.py:120} INFO - [2023-10-06T22:48:07.104+0000] {dag.py:2585} INFO - Sync 1 DAGs
[2023-10-06T22:48:07.122+0000] {logging_mixin.py:120} INFO - [2023-10-06T22:48:07.121+0000] {dag.py:3340} INFO - Setting next_dagrun for latest_only_with_trigger to 2023-10-06T18:48:07.121659+00:00, run_after=2023-10-06T22:48:07.121659+00:00
[2023-10-06T22:48:07.137+0000] {processor.py:176} INFO - Processing /home/airflow/.local/lib/python3.7/site-packages/airflow/example_dags/example_latest_only_with_trigger.py took 0.076 seconds
[2023-10-06T22:48:37.851+0000] {processor.py:154} INFO - Started process (PID=1723) to work on /home/airflow/.local/lib/python3.7/site-packages/airflow/example_dags/example_latest_only_with_trigger.py
[2023-10-06T22:48:37.852+0000] {processor.py:756} INFO - Processing file /home/airflow/.local/lib/python3.7/site-packages/airflow/example_dags/example_latest_only_with_trigger.py for tasks to queue
[2023-10-06T22:48:37.853+0000] {logging_mixin.py:120} INFO - [2023-10-06T22:48:37.853+0000] {dagbag.py:537} INFO - Filling up the DagBag from /home/airflow/.local/lib/python3.7/site-packages/airflow/example_dags/example_latest_only_with_trigger.py
[2023-10-06T22:48:37.864+0000] {processor.py:766} INFO - DAG(s) dict_keys(['latest_only_with_trigger']) retrieved from /home/airflow/.local/lib/python3.7/site-packages/airflow/example_dags/example_latest_only_with_trigger.py
[2023-10-06T22:48:37.898+0000] {logging_mixin.py:120} INFO - [2023-10-06T22:48:37.898+0000] {dag.py:2585} INFO - Sync 1 DAGs
[2023-10-06T22:48:37.920+0000] {logging_mixin.py:120} INFO - [2023-10-06T22:48:37.920+0000] {dag.py:3340} INFO - Setting next_dagrun for latest_only_with_trigger to 2023-10-06T18:48:37.920377+00:00, run_after=2023-10-06T22:48:37.920377+00:00
[2023-10-06T22:48:37.938+0000] {processor.py:176} INFO - Processing /home/airflow/.local/lib/python3.7/site-packages/airflow/example_dags/example_latest_only_with_trigger.py took 0.090 seconds
[2023-10-06T22:49:08.262+0000] {processor.py:154} INFO - Started process (PID=1778) to work on /home/airflow/.local/lib/python3.7/site-packages/airflow/example_dags/example_latest_only_with_trigger.py
[2023-10-06T22:49:08.262+0000] {processor.py:756} INFO - Processing file /home/airflow/.local/lib/python3.7/site-packages/airflow/example_dags/example_latest_only_with_trigger.py for tasks to queue
[2023-10-06T22:49:08.263+0000] {logging_mixin.py:120} INFO - [2023-10-06T22:49:08.263+0000] {dagbag.py:537} INFO - Filling up the DagBag from /home/airflow/.local/lib/python3.7/site-packages/airflow/example_dags/example_latest_only_with_trigger.py
[2023-10-06T22:49:08.274+0000] {processor.py:766} INFO - DAG(s) dict_keys(['latest_only_with_trigger']) retrieved from /home/airflow/.local/lib/python3.7/site-packages/airflow/example_dags/example_latest_only_with_trigger.py
[2023-10-06T22:49:08.306+0000] {logging_mixin.py:120} INFO - [2023-10-06T22:49:08.305+0000] {dag.py:2585} INFO - Sync 1 DAGs
[2023-10-06T22:49:08.322+0000] {logging_mixin.py:120} INFO - [2023-10-06T22:49:08.322+0000] {dag.py:3340} INFO - Setting next_dagrun for latest_only_with_trigger to 2023-10-06T18:49:08.322398+00:00, run_after=2023-10-06T22:49:08.322398+00:00
[2023-10-06T22:49:08.338+0000] {processor.py:176} INFO - Processing /home/airflow/.local/lib/python3.7/site-packages/airflow/example_dags/example_latest_only_with_trigger.py took 0.078 seconds
[2023-10-06T22:49:38.648+0000] {processor.py:154} INFO - Started process (PID=1842) to work on /home/airflow/.local/lib/python3.7/site-packages/airflow/example_dags/example_latest_only_with_trigger.py
[2023-10-06T22:49:38.649+0000] {processor.py:756} INFO - Processing file /home/airflow/.local/lib/python3.7/site-packages/airflow/example_dags/example_latest_only_with_trigger.py for tasks to queue
[2023-10-06T22:49:38.650+0000] {logging_mixin.py:120} INFO - [2023-10-06T22:49:38.649+0000] {dagbag.py:537} INFO - Filling up the DagBag from /home/airflow/.local/lib/python3.7/site-packages/airflow/example_dags/example_latest_only_with_trigger.py
[2023-10-06T22:49:38.659+0000] {processor.py:766} INFO - DAG(s) dict_keys(['latest_only_with_trigger']) retrieved from /home/airflow/.local/lib/python3.7/site-packages/airflow/example_dags/example_latest_only_with_trigger.py
[2023-10-06T22:49:38.690+0000] {logging_mixin.py:120} INFO - [2023-10-06T22:49:38.690+0000] {dag.py:2585} INFO - Sync 1 DAGs
[2023-10-06T22:49:38.708+0000] {logging_mixin.py:120} INFO - [2023-10-06T22:49:38.708+0000] {dag.py:3340} INFO - Setting next_dagrun for latest_only_with_trigger to 2023-10-06T18:49:38.707984+00:00, run_after=2023-10-06T22:49:38.707984+00:00
[2023-10-06T22:49:38.720+0000] {processor.py:176} INFO - Processing /home/airflow/.local/lib/python3.7/site-packages/airflow/example_dags/example_latest_only_with_trigger.py took 0.074 seconds
[2023-10-06T22:50:08.997+0000] {processor.py:154} INFO - Started process (PID=1906) to work on /home/airflow/.local/lib/python3.7/site-packages/airflow/example_dags/example_latest_only_with_trigger.py
[2023-10-06T22:50:08.997+0000] {processor.py:756} INFO - Processing file /home/airflow/.local/lib/python3.7/site-packages/airflow/example_dags/example_latest_only_with_trigger.py for tasks to queue
[2023-10-06T22:50:08.998+0000] {logging_mixin.py:120} INFO - [2023-10-06T22:50:08.998+0000] {dagbag.py:537} INFO - Filling up the DagBag from /home/airflow/.local/lib/python3.7/site-packages/airflow/example_dags/example_latest_only_with_trigger.py
[2023-10-06T22:50:09.007+0000] {processor.py:766} INFO - DAG(s) dict_keys(['latest_only_with_trigger']) retrieved from /home/airflow/.local/lib/python3.7/site-packages/airflow/example_dags/example_latest_only_with_trigger.py
[2023-10-06T22:50:09.035+0000] {logging_mixin.py:120} INFO - [2023-10-06T22:50:09.035+0000] {dag.py:2585} INFO - Sync 1 DAGs
[2023-10-06T22:50:09.052+0000] {logging_mixin.py:120} INFO - [2023-10-06T22:50:09.052+0000] {dag.py:3340} INFO - Setting next_dagrun for latest_only_with_trigger to 2023-10-06T18:50:09.052107+00:00, run_after=2023-10-06T22:50:09.052107+00:00
[2023-10-06T22:50:09.068+0000] {processor.py:176} INFO - Processing /home/airflow/.local/lib/python3.7/site-packages/airflow/example_dags/example_latest_only_with_trigger.py took 0.073 seconds
[2023-10-06T22:50:39.274+0000] {processor.py:154} INFO - Started process (PID=1971) to work on /home/airflow/.local/lib/python3.7/site-packages/airflow/example_dags/example_latest_only_with_trigger.py
[2023-10-06T22:50:39.275+0000] {processor.py:756} INFO - Processing file /home/airflow/.local/lib/python3.7/site-packages/airflow/example_dags/example_latest_only_with_trigger.py for tasks to queue
[2023-10-06T22:50:39.276+0000] {logging_mixin.py:120} INFO - [2023-10-06T22:50:39.276+0000] {dagbag.py:537} INFO - Filling up the DagBag from /home/airflow/.local/lib/python3.7/site-packages/airflow/example_dags/example_latest_only_with_trigger.py
[2023-10-06T22:50:39.285+0000] {processor.py:766} INFO - DAG(s) dict_keys(['latest_only_with_trigger']) retrieved from /home/airflow/.local/lib/python3.7/site-packages/airflow/example_dags/example_latest_only_with_trigger.py
[2023-10-06T22:50:39.314+0000] {logging_mixin.py:120} INFO - [2023-10-06T22:50:39.314+0000] {dag.py:2585} INFO - Sync 1 DAGs
[2023-10-06T22:50:39.331+0000] {logging_mixin.py:120} INFO - [2023-10-06T22:50:39.331+0000] {dag.py:3340} INFO - Setting next_dagrun for latest_only_with_trigger to 2023-10-06T18:50:39.331058+00:00, run_after=2023-10-06T22:50:39.331058+00:00
[2023-10-06T22:50:39.347+0000] {processor.py:176} INFO - Processing /home/airflow/.local/lib/python3.7/site-packages/airflow/example_dags/example_latest_only_with_trigger.py took 0.075 seconds
[2023-10-06T22:51:09.520+0000] {processor.py:154} INFO - Started process (PID=2026) to work on /home/airflow/.local/lib/python3.7/site-packages/airflow/example_dags/example_latest_only_with_trigger.py
[2023-10-06T22:51:09.521+0000] {processor.py:756} INFO - Processing file /home/airflow/.local/lib/python3.7/site-packages/airflow/example_dags/example_latest_only_with_trigger.py for tasks to queue
[2023-10-06T22:51:09.521+0000] {logging_mixin.py:120} INFO - [2023-10-06T22:51:09.521+0000] {dagbag.py:537} INFO - Filling up the DagBag from /home/airflow/.local/lib/python3.7/site-packages/airflow/example_dags/example_latest_only_with_trigger.py
[2023-10-06T22:51:09.532+0000] {processor.py:766} INFO - DAG(s) dict_keys(['latest_only_with_trigger']) retrieved from /home/airflow/.local/lib/python3.7/site-packages/airflow/example_dags/example_latest_only_with_trigger.py
[2023-10-06T22:51:09.565+0000] {logging_mixin.py:120} INFO - [2023-10-06T22:51:09.565+0000] {dag.py:2585} INFO - Sync 1 DAGs
[2023-10-06T22:51:09.585+0000] {logging_mixin.py:120} INFO - [2023-10-06T22:51:09.585+0000] {dag.py:3340} INFO - Setting next_dagrun for latest_only_with_trigger to 2023-10-06T18:51:09.585517+00:00, run_after=2023-10-06T22:51:09.585517+00:00
[2023-10-06T22:51:09.603+0000] {processor.py:176} INFO - Processing /home/airflow/.local/lib/python3.7/site-packages/airflow/example_dags/example_latest_only_with_trigger.py took 0.085 seconds
[2023-10-06T22:51:40.288+0000] {processor.py:154} INFO - Started process (PID=2089) to work on /home/airflow/.local/lib/python3.7/site-packages/airflow/example_dags/example_latest_only_with_trigger.py
[2023-10-06T22:51:40.289+0000] {processor.py:756} INFO - Processing file /home/airflow/.local/lib/python3.7/site-packages/airflow/example_dags/example_latest_only_with_trigger.py for tasks to queue
[2023-10-06T22:51:40.289+0000] {logging_mixin.py:120} INFO - [2023-10-06T22:51:40.289+0000] {dagbag.py:537} INFO - Filling up the DagBag from /home/airflow/.local/lib/python3.7/site-packages/airflow/example_dags/example_latest_only_with_trigger.py
[2023-10-06T22:51:40.299+0000] {processor.py:766} INFO - DAG(s) dict_keys(['latest_only_with_trigger']) retrieved from /home/airflow/.local/lib/python3.7/site-packages/airflow/example_dags/example_latest_only_with_trigger.py
[2023-10-06T22:51:40.326+0000] {logging_mixin.py:120} INFO - [2023-10-06T22:51:40.326+0000] {dag.py:2585} INFO - Sync 1 DAGs
[2023-10-06T22:51:40.342+0000] {logging_mixin.py:120} INFO - [2023-10-06T22:51:40.342+0000] {dag.py:3340} INFO - Setting next_dagrun for latest_only_with_trigger to 2023-10-06T18:51:40.342562+00:00, run_after=2023-10-06T22:51:40.342562+00:00
[2023-10-06T22:51:40.356+0000] {processor.py:176} INFO - Processing /home/airflow/.local/lib/python3.7/site-packages/airflow/example_dags/example_latest_only_with_trigger.py took 0.071 seconds
[2023-10-06T22:52:10.641+0000] {processor.py:154} INFO - Started process (PID=2153) to work on /home/airflow/.local/lib/python3.7/site-packages/airflow/example_dags/example_latest_only_with_trigger.py
[2023-10-06T22:52:10.642+0000] {processor.py:756} INFO - Processing file /home/airflow/.local/lib/python3.7/site-packages/airflow/example_dags/example_latest_only_with_trigger.py for tasks to queue
[2023-10-06T22:52:10.642+0000] {logging_mixin.py:120} INFO - [2023-10-06T22:52:10.642+0000] {dagbag.py:537} INFO - Filling up the DagBag from /home/airflow/.local/lib/python3.7/site-packages/airflow/example_dags/example_latest_only_with_trigger.py
[2023-10-06T22:52:10.651+0000] {processor.py:766} INFO - DAG(s) dict_keys(['latest_only_with_trigger']) retrieved from /home/airflow/.local/lib/python3.7/site-packages/airflow/example_dags/example_latest_only_with_trigger.py
[2023-10-06T22:52:10.682+0000] {logging_mixin.py:120} INFO - [2023-10-06T22:52:10.682+0000] {dag.py:2585} INFO - Sync 1 DAGs
[2023-10-06T22:52:10.701+0000] {logging_mixin.py:120} INFO - [2023-10-06T22:52:10.700+0000] {dag.py:3340} INFO - Setting next_dagrun for latest_only_with_trigger to 2023-10-06T18:52:10.700605+00:00, run_after=2023-10-06T22:52:10.700605+00:00
[2023-10-06T22:52:10.715+0000] {processor.py:176} INFO - Processing /home/airflow/.local/lib/python3.7/site-packages/airflow/example_dags/example_latest_only_with_trigger.py took 0.076 seconds
[2023-10-06T22:52:40.809+0000] {processor.py:154} INFO - Started process (PID=2218) to work on /home/airflow/.local/lib/python3.7/site-packages/airflow/example_dags/example_latest_only_with_trigger.py
[2023-10-06T22:52:40.810+0000] {processor.py:756} INFO - Processing file /home/airflow/.local/lib/python3.7/site-packages/airflow/example_dags/example_latest_only_with_trigger.py for tasks to queue
[2023-10-06T22:52:40.811+0000] {logging_mixin.py:120} INFO - [2023-10-06T22:52:40.811+0000] {dagbag.py:537} INFO - Filling up the DagBag from /home/airflow/.local/lib/python3.7/site-packages/airflow/example_dags/example_latest_only_with_trigger.py
[2023-10-06T22:52:40.821+0000] {processor.py:766} INFO - DAG(s) dict_keys(['latest_only_with_trigger']) retrieved from /home/airflow/.local/lib/python3.7/site-packages/airflow/example_dags/example_latest_only_with_trigger.py
[2023-10-06T22:52:40.848+0000] {logging_mixin.py:120} INFO - [2023-10-06T22:52:40.848+0000] {dag.py:2585} INFO - Sync 1 DAGs
[2023-10-06T22:52:40.865+0000] {logging_mixin.py:120} INFO - [2023-10-06T22:52:40.865+0000] {dag.py:3340} INFO - Setting next_dagrun for latest_only_with_trigger to 2023-10-06T18:52:40.865256+00:00, run_after=2023-10-06T22:52:40.865256+00:00
[2023-10-06T22:52:40.879+0000] {processor.py:176} INFO - Processing /home/airflow/.local/lib/python3.7/site-packages/airflow/example_dags/example_latest_only_with_trigger.py took 0.072 seconds
[2023-10-06T22:53:11.179+0000] {processor.py:154} INFO - Started process (PID=2273) to work on /home/airflow/.local/lib/python3.7/site-packages/airflow/example_dags/example_latest_only_with_trigger.py
[2023-10-06T22:53:11.179+0000] {processor.py:756} INFO - Processing file /home/airflow/.local/lib/python3.7/site-packages/airflow/example_dags/example_latest_only_with_trigger.py for tasks to queue
[2023-10-06T22:53:11.180+0000] {logging_mixin.py:120} INFO - [2023-10-06T22:53:11.180+0000] {dagbag.py:537} INFO - Filling up the DagBag from /home/airflow/.local/lib/python3.7/site-packages/airflow/example_dags/example_latest_only_with_trigger.py
[2023-10-06T22:53:11.190+0000] {processor.py:766} INFO - DAG(s) dict_keys(['latest_only_with_trigger']) retrieved from /home/airflow/.local/lib/python3.7/site-packages/airflow/example_dags/example_latest_only_with_trigger.py
[2023-10-06T22:53:11.220+0000] {logging_mixin.py:120} INFO - [2023-10-06T22:53:11.220+0000] {dag.py:2585} INFO - Sync 1 DAGs
[2023-10-06T22:53:11.236+0000] {logging_mixin.py:120} INFO - [2023-10-06T22:53:11.236+0000] {dag.py:3340} INFO - Setting next_dagrun for latest_only_with_trigger to 2023-10-06T18:53:11.236419+00:00, run_after=2023-10-06T22:53:11.236419+00:00
[2023-10-06T22:53:11.255+0000] {processor.py:176} INFO - Processing /home/airflow/.local/lib/python3.7/site-packages/airflow/example_dags/example_latest_only_with_trigger.py took 0.078 seconds
[2023-10-06T22:53:41.310+0000] {processor.py:154} INFO - Started process (PID=2337) to work on /home/airflow/.local/lib/python3.7/site-packages/airflow/example_dags/example_latest_only_with_trigger.py
[2023-10-06T22:53:41.311+0000] {processor.py:756} INFO - Processing file /home/airflow/.local/lib/python3.7/site-packages/airflow/example_dags/example_latest_only_with_trigger.py for tasks to queue
[2023-10-06T22:53:41.311+0000] {logging_mixin.py:120} INFO - [2023-10-06T22:53:41.311+0000] {dagbag.py:537} INFO - Filling up the DagBag from /home/airflow/.local/lib/python3.7/site-packages/airflow/example_dags/example_latest_only_with_trigger.py
[2023-10-06T22:53:41.321+0000] {processor.py:766} INFO - DAG(s) dict_keys(['latest_only_with_trigger']) retrieved from /home/airflow/.local/lib/python3.7/site-packages/airflow/example_dags/example_latest_only_with_trigger.py
[2023-10-06T22:53:41.350+0000] {logging_mixin.py:120} INFO - [2023-10-06T22:53:41.350+0000] {dag.py:2585} INFO - Sync 1 DAGs
[2023-10-06T22:53:41.368+0000] {logging_mixin.py:120} INFO - [2023-10-06T22:53:41.368+0000] {dag.py:3340} INFO - Setting next_dagrun for latest_only_with_trigger to 2023-10-06T18:53:41.367922+00:00, run_after=2023-10-06T22:53:41.367922+00:00
[2023-10-06T22:53:41.382+0000] {processor.py:176} INFO - Processing /home/airflow/.local/lib/python3.7/site-packages/airflow/example_dags/example_latest_only_with_trigger.py took 0.074 seconds
[2023-10-06T22:54:11.643+0000] {processor.py:154} INFO - Started process (PID=2401) to work on /home/airflow/.local/lib/python3.7/site-packages/airflow/example_dags/example_latest_only_with_trigger.py
[2023-10-06T22:54:11.644+0000] {processor.py:756} INFO - Processing file /home/airflow/.local/lib/python3.7/site-packages/airflow/example_dags/example_latest_only_with_trigger.py for tasks to queue
[2023-10-06T22:54:11.644+0000] {logging_mixin.py:120} INFO - [2023-10-06T22:54:11.644+0000] {dagbag.py:537} INFO - Filling up the DagBag from /home/airflow/.local/lib/python3.7/site-packages/airflow/example_dags/example_latest_only_with_trigger.py
[2023-10-06T22:54:11.654+0000] {processor.py:766} INFO - DAG(s) dict_keys(['latest_only_with_trigger']) retrieved from /home/airflow/.local/lib/python3.7/site-packages/airflow/example_dags/example_latest_only_with_trigger.py
[2023-10-06T22:54:11.683+0000] {logging_mixin.py:120} INFO - [2023-10-06T22:54:11.683+0000] {dag.py:2585} INFO - Sync 1 DAGs
[2023-10-06T22:54:11.700+0000] {logging_mixin.py:120} INFO - [2023-10-06T22:54:11.700+0000] {dag.py:3340} INFO - Setting next_dagrun for latest_only_with_trigger to 2023-10-06T18:54:11.700167+00:00, run_after=2023-10-06T22:54:11.700167+00:00
[2023-10-06T22:54:11.715+0000] {processor.py:176} INFO - Processing /home/airflow/.local/lib/python3.7/site-packages/airflow/example_dags/example_latest_only_with_trigger.py took 0.074 seconds
[2023-10-06T22:54:41.956+0000] {processor.py:154} INFO - Started process (PID=2465) to work on /home/airflow/.local/lib/python3.7/site-packages/airflow/example_dags/example_latest_only_with_trigger.py
[2023-10-06T22:54:41.957+0000] {processor.py:756} INFO - Processing file /home/airflow/.local/lib/python3.7/site-packages/airflow/example_dags/example_latest_only_with_trigger.py for tasks to queue
[2023-10-06T22:54:41.957+0000] {logging_mixin.py:120} INFO - [2023-10-06T22:54:41.957+0000] {dagbag.py:537} INFO - Filling up the DagBag from /home/airflow/.local/lib/python3.7/site-packages/airflow/example_dags/example_latest_only_with_trigger.py
[2023-10-06T22:54:41.967+0000] {processor.py:766} INFO - DAG(s) dict_keys(['latest_only_with_trigger']) retrieved from /home/airflow/.local/lib/python3.7/site-packages/airflow/example_dags/example_latest_only_with_trigger.py
[2023-10-06T22:54:41.995+0000] {logging_mixin.py:120} INFO - [2023-10-06T22:54:41.995+0000] {dag.py:2585} INFO - Sync 1 DAGs
[2023-10-06T22:54:42.011+0000] {logging_mixin.py:120} INFO - [2023-10-06T22:54:42.011+0000] {dag.py:3340} INFO - Setting next_dagrun for latest_only_with_trigger to 2023-10-06T18:54:42.011259+00:00, run_after=2023-10-06T22:54:42.011259+00:00
[2023-10-06T22:54:42.026+0000] {processor.py:176} INFO - Processing /home/airflow/.local/lib/python3.7/site-packages/airflow/example_dags/example_latest_only_with_trigger.py took 0.073 seconds
[2023-10-06T22:55:12.347+0000] {processor.py:154} INFO - Started process (PID=2527) to work on /home/airflow/.local/lib/python3.7/site-packages/airflow/example_dags/example_latest_only_with_trigger.py
[2023-10-06T22:55:12.347+0000] {processor.py:756} INFO - Processing file /home/airflow/.local/lib/python3.7/site-packages/airflow/example_dags/example_latest_only_with_trigger.py for tasks to queue
[2023-10-06T22:55:12.348+0000] {logging_mixin.py:120} INFO - [2023-10-06T22:55:12.348+0000] {dagbag.py:537} INFO - Filling up the DagBag from /home/airflow/.local/lib/python3.7/site-packages/airflow/example_dags/example_latest_only_with_trigger.py
[2023-10-06T22:55:12.358+0000] {processor.py:766} INFO - DAG(s) dict_keys(['latest_only_with_trigger']) retrieved from /home/airflow/.local/lib/python3.7/site-packages/airflow/example_dags/example_latest_only_with_trigger.py
[2023-10-06T22:55:12.388+0000] {logging_mixin.py:120} INFO - [2023-10-06T22:55:12.388+0000] {dag.py:2585} INFO - Sync 1 DAGs
[2023-10-06T22:55:12.406+0000] {logging_mixin.py:120} INFO - [2023-10-06T22:55:12.406+0000] {dag.py:3340} INFO - Setting next_dagrun for latest_only_with_trigger to 2023-10-06T18:55:12.406118+00:00, run_after=2023-10-06T22:55:12.406118+00:00
[2023-10-06T22:55:12.424+0000] {processor.py:176} INFO - Processing /home/airflow/.local/lib/python3.7/site-packages/airflow/example_dags/example_latest_only_with_trigger.py took 0.080 seconds
[2023-10-06T22:55:42.565+0000] {processor.py:154} INFO - Started process (PID=2584) to work on /home/airflow/.local/lib/python3.7/site-packages/airflow/example_dags/example_latest_only_with_trigger.py
[2023-10-06T22:55:42.566+0000] {processor.py:756} INFO - Processing file /home/airflow/.local/lib/python3.7/site-packages/airflow/example_dags/example_latest_only_with_trigger.py for tasks to queue
[2023-10-06T22:55:42.567+0000] {logging_mixin.py:120} INFO - [2023-10-06T22:55:42.567+0000] {dagbag.py:537} INFO - Filling up the DagBag from /home/airflow/.local/lib/python3.7/site-packages/airflow/example_dags/example_latest_only_with_trigger.py
[2023-10-06T22:55:42.577+0000] {processor.py:766} INFO - DAG(s) dict_keys(['latest_only_with_trigger']) retrieved from /home/airflow/.local/lib/python3.7/site-packages/airflow/example_dags/example_latest_only_with_trigger.py
[2023-10-06T22:55:42.603+0000] {logging_mixin.py:120} INFO - [2023-10-06T22:55:42.603+0000] {dag.py:2585} INFO - Sync 1 DAGs
[2023-10-06T22:55:42.620+0000] {logging_mixin.py:120} INFO - [2023-10-06T22:55:42.619+0000] {dag.py:3340} INFO - Setting next_dagrun for latest_only_with_trigger to 2023-10-06T18:55:42.619730+00:00, run_after=2023-10-06T22:55:42.619730+00:00
[2023-10-06T22:55:42.632+0000] {processor.py:176} INFO - Processing /home/airflow/.local/lib/python3.7/site-packages/airflow/example_dags/example_latest_only_with_trigger.py took 0.069 seconds
[2023-10-06T22:56:13.007+0000] {processor.py:154} INFO - Started process (PID=2648) to work on /home/airflow/.local/lib/python3.7/site-packages/airflow/example_dags/example_latest_only_with_trigger.py
[2023-10-06T22:56:13.007+0000] {processor.py:756} INFO - Processing file /home/airflow/.local/lib/python3.7/site-packages/airflow/example_dags/example_latest_only_with_trigger.py for tasks to queue
[2023-10-06T22:56:13.008+0000] {logging_mixin.py:120} INFO - [2023-10-06T22:56:13.008+0000] {dagbag.py:537} INFO - Filling up the DagBag from /home/airflow/.local/lib/python3.7/site-packages/airflow/example_dags/example_latest_only_with_trigger.py
[2023-10-06T22:56:13.017+0000] {processor.py:766} INFO - DAG(s) dict_keys(['latest_only_with_trigger']) retrieved from /home/airflow/.local/lib/python3.7/site-packages/airflow/example_dags/example_latest_only_with_trigger.py
[2023-10-06T22:56:13.046+0000] {logging_mixin.py:120} INFO - [2023-10-06T22:56:13.046+0000] {dag.py:2585} INFO - Sync 1 DAGs
[2023-10-06T22:56:13.064+0000] {logging_mixin.py:120} INFO - [2023-10-06T22:56:13.063+0000] {dag.py:3340} INFO - Setting next_dagrun for latest_only_with_trigger to 2023-10-06T18:56:13.063658+00:00, run_after=2023-10-06T22:56:13.063658+00:00
[2023-10-06T22:56:13.077+0000] {processor.py:176} INFO - Processing /home/airflow/.local/lib/python3.7/site-packages/airflow/example_dags/example_latest_only_with_trigger.py took 0.072 seconds
[2023-10-06T22:56:43.238+0000] {processor.py:154} INFO - Started process (PID=2711) to work on /home/airflow/.local/lib/python3.7/site-packages/airflow/example_dags/example_latest_only_with_trigger.py
[2023-10-06T22:56:43.239+0000] {processor.py:756} INFO - Processing file /home/airflow/.local/lib/python3.7/site-packages/airflow/example_dags/example_latest_only_with_trigger.py for tasks to queue
[2023-10-06T22:56:43.239+0000] {logging_mixin.py:120} INFO - [2023-10-06T22:56:43.239+0000] {dagbag.py:537} INFO - Filling up the DagBag from /home/airflow/.local/lib/python3.7/site-packages/airflow/example_dags/example_latest_only_with_trigger.py
[2023-10-06T22:56:43.249+0000] {processor.py:766} INFO - DAG(s) dict_keys(['latest_only_with_trigger']) retrieved from /home/airflow/.local/lib/python3.7/site-packages/airflow/example_dags/example_latest_only_with_trigger.py
[2023-10-06T22:56:43.278+0000] {logging_mixin.py:120} INFO - [2023-10-06T22:56:43.278+0000] {dag.py:2585} INFO - Sync 1 DAGs
[2023-10-06T22:56:43.295+0000] {logging_mixin.py:120} INFO - [2023-10-06T22:56:43.295+0000] {dag.py:3340} INFO - Setting next_dagrun for latest_only_with_trigger to 2023-10-06T18:56:43.295153+00:00, run_after=2023-10-06T22:56:43.295153+00:00
[2023-10-06T22:56:43.308+0000] {processor.py:176} INFO - Processing /home/airflow/.local/lib/python3.7/site-packages/airflow/example_dags/example_latest_only_with_trigger.py took 0.073 seconds
[2023-10-06T22:57:13.496+0000] {processor.py:154} INFO - Started process (PID=2775) to work on /home/airflow/.local/lib/python3.7/site-packages/airflow/example_dags/example_latest_only_with_trigger.py
[2023-10-06T22:57:13.497+0000] {processor.py:756} INFO - Processing file /home/airflow/.local/lib/python3.7/site-packages/airflow/example_dags/example_latest_only_with_trigger.py for tasks to queue
[2023-10-06T22:57:13.497+0000] {logging_mixin.py:120} INFO - [2023-10-06T22:57:13.497+0000] {dagbag.py:537} INFO - Filling up the DagBag from /home/airflow/.local/lib/python3.7/site-packages/airflow/example_dags/example_latest_only_with_trigger.py
[2023-10-06T22:57:13.507+0000] {processor.py:766} INFO - DAG(s) dict_keys(['latest_only_with_trigger']) retrieved from /home/airflow/.local/lib/python3.7/site-packages/airflow/example_dags/example_latest_only_with_trigger.py
[2023-10-06T22:57:13.537+0000] {logging_mixin.py:120} INFO - [2023-10-06T22:57:13.537+0000] {dag.py:2585} INFO - Sync 1 DAGs
[2023-10-06T22:57:13.556+0000] {logging_mixin.py:120} INFO - [2023-10-06T22:57:13.555+0000] {dag.py:3340} INFO - Setting next_dagrun for latest_only_with_trigger to 2023-10-06T18:57:13.555562+00:00, run_after=2023-10-06T22:57:13.555562+00:00
[2023-10-06T22:57:13.571+0000] {processor.py:176} INFO - Processing /home/airflow/.local/lib/python3.7/site-packages/airflow/example_dags/example_latest_only_with_trigger.py took 0.077 seconds
[2023-10-06T22:57:44.526+0000] {processor.py:154} INFO - Started process (PID=2830) to work on /home/airflow/.local/lib/python3.7/site-packages/airflow/example_dags/example_latest_only_with_trigger.py
[2023-10-06T22:57:44.527+0000] {processor.py:756} INFO - Processing file /home/airflow/.local/lib/python3.7/site-packages/airflow/example_dags/example_latest_only_with_trigger.py for tasks to queue
[2023-10-06T22:57:44.527+0000] {logging_mixin.py:120} INFO - [2023-10-06T22:57:44.527+0000] {dagbag.py:537} INFO - Filling up the DagBag from /home/airflow/.local/lib/python3.7/site-packages/airflow/example_dags/example_latest_only_with_trigger.py
[2023-10-06T22:57:44.538+0000] {processor.py:766} INFO - DAG(s) dict_keys(['latest_only_with_trigger']) retrieved from /home/airflow/.local/lib/python3.7/site-packages/airflow/example_dags/example_latest_only_with_trigger.py
[2023-10-06T22:57:44.569+0000] {logging_mixin.py:120} INFO - [2023-10-06T22:57:44.568+0000] {dag.py:2585} INFO - Sync 1 DAGs
[2023-10-06T22:57:44.586+0000] {logging_mixin.py:120} INFO - [2023-10-06T22:57:44.586+0000] {dag.py:3340} INFO - Setting next_dagrun for latest_only_with_trigger to 2023-10-06T18:57:44.586499+00:00, run_after=2023-10-06T22:57:44.586499+00:00
[2023-10-06T22:57:44.603+0000] {processor.py:176} INFO - Processing /home/airflow/.local/lib/python3.7/site-packages/airflow/example_dags/example_latest_only_with_trigger.py took 0.080 seconds
[2023-10-06T22:58:14.956+0000] {processor.py:154} INFO - Started process (PID=2893) to work on /home/airflow/.local/lib/python3.7/site-packages/airflow/example_dags/example_latest_only_with_trigger.py
[2023-10-06T22:58:14.957+0000] {processor.py:756} INFO - Processing file /home/airflow/.local/lib/python3.7/site-packages/airflow/example_dags/example_latest_only_with_trigger.py for tasks to queue
[2023-10-06T22:58:14.957+0000] {logging_mixin.py:120} INFO - [2023-10-06T22:58:14.957+0000] {dagbag.py:537} INFO - Filling up the DagBag from /home/airflow/.local/lib/python3.7/site-packages/airflow/example_dags/example_latest_only_with_trigger.py
[2023-10-06T22:58:14.968+0000] {processor.py:766} INFO - DAG(s) dict_keys(['latest_only_with_trigger']) retrieved from /home/airflow/.local/lib/python3.7/site-packages/airflow/example_dags/example_latest_only_with_trigger.py
[2023-10-06T22:58:14.997+0000] {logging_mixin.py:120} INFO - [2023-10-06T22:58:14.997+0000] {dag.py:2585} INFO - Sync 1 DAGs
[2023-10-06T22:58:15.014+0000] {logging_mixin.py:120} INFO - [2023-10-06T22:58:15.014+0000] {dag.py:3340} INFO - Setting next_dagrun for latest_only_with_trigger to 2023-10-06T18:58:15.014216+00:00, run_after=2023-10-06T22:58:15.014216+00:00
[2023-10-06T22:58:15.031+0000] {processor.py:176} INFO - Processing /home/airflow/.local/lib/python3.7/site-packages/airflow/example_dags/example_latest_only_with_trigger.py took 0.077 seconds
[2023-10-06T22:58:45.128+0000] {processor.py:154} INFO - Started process (PID=2956) to work on /home/airflow/.local/lib/python3.7/site-packages/airflow/example_dags/example_latest_only_with_trigger.py
[2023-10-06T22:58:45.128+0000] {processor.py:756} INFO - Processing file /home/airflow/.local/lib/python3.7/site-packages/airflow/example_dags/example_latest_only_with_trigger.py for tasks to queue
[2023-10-06T22:58:45.129+0000] {logging_mixin.py:120} INFO - [2023-10-06T22:58:45.129+0000] {dagbag.py:537} INFO - Filling up the DagBag from /home/airflow/.local/lib/python3.7/site-packages/airflow/example_dags/example_latest_only_with_trigger.py
[2023-10-06T22:58:45.138+0000] {processor.py:766} INFO - DAG(s) dict_keys(['latest_only_with_trigger']) retrieved from /home/airflow/.local/lib/python3.7/site-packages/airflow/example_dags/example_latest_only_with_trigger.py
[2023-10-06T22:58:45.167+0000] {logging_mixin.py:120} INFO - [2023-10-06T22:58:45.167+0000] {dag.py:2585} INFO - Sync 1 DAGs
[2023-10-06T22:58:45.183+0000] {logging_mixin.py:120} INFO - [2023-10-06T22:58:45.183+0000] {dag.py:3340} INFO - Setting next_dagrun for latest_only_with_trigger to 2023-10-06T18:58:45.183124+00:00, run_after=2023-10-06T22:58:45.183124+00:00
[2023-10-06T22:58:45.197+0000] {processor.py:176} INFO - Processing /home/airflow/.local/lib/python3.7/site-packages/airflow/example_dags/example_latest_only_with_trigger.py took 0.072 seconds
[2023-10-06T22:59:15.363+0000] {processor.py:154} INFO - Started process (PID=3020) to work on /home/airflow/.local/lib/python3.7/site-packages/airflow/example_dags/example_latest_only_with_trigger.py
[2023-10-06T22:59:15.364+0000] {processor.py:756} INFO - Processing file /home/airflow/.local/lib/python3.7/site-packages/airflow/example_dags/example_latest_only_with_trigger.py for tasks to queue
[2023-10-06T22:59:15.364+0000] {logging_mixin.py:120} INFO - [2023-10-06T22:59:15.364+0000] {dagbag.py:537} INFO - Filling up the DagBag from /home/airflow/.local/lib/python3.7/site-packages/airflow/example_dags/example_latest_only_with_trigger.py
[2023-10-06T22:59:15.374+0000] {processor.py:766} INFO - DAG(s) dict_keys(['latest_only_with_trigger']) retrieved from /home/airflow/.local/lib/python3.7/site-packages/airflow/example_dags/example_latest_only_with_trigger.py
[2023-10-06T22:59:15.402+0000] {logging_mixin.py:120} INFO - [2023-10-06T22:59:15.402+0000] {dag.py:2585} INFO - Sync 1 DAGs
[2023-10-06T22:59:15.418+0000] {logging_mixin.py:120} INFO - [2023-10-06T22:59:15.418+0000] {dag.py:3340} INFO - Setting next_dagrun for latest_only_with_trigger to 2023-10-06T18:59:15.417890+00:00, run_after=2023-10-06T22:59:15.417890+00:00
[2023-10-06T22:59:15.433+0000] {processor.py:176} INFO - Processing /home/airflow/.local/lib/python3.7/site-packages/airflow/example_dags/example_latest_only_with_trigger.py took 0.072 seconds
[2023-10-06T22:59:45.593+0000] {processor.py:154} INFO - Started process (PID=3076) to work on /home/airflow/.local/lib/python3.7/site-packages/airflow/example_dags/example_latest_only_with_trigger.py
[2023-10-06T22:59:45.594+0000] {processor.py:756} INFO - Processing file /home/airflow/.local/lib/python3.7/site-packages/airflow/example_dags/example_latest_only_with_trigger.py for tasks to queue
[2023-10-06T22:59:45.594+0000] {logging_mixin.py:120} INFO - [2023-10-06T22:59:45.594+0000] {dagbag.py:537} INFO - Filling up the DagBag from /home/airflow/.local/lib/python3.7/site-packages/airflow/example_dags/example_latest_only_with_trigger.py
[2023-10-06T22:59:45.605+0000] {processor.py:766} INFO - DAG(s) dict_keys(['latest_only_with_trigger']) retrieved from /home/airflow/.local/lib/python3.7/site-packages/airflow/example_dags/example_latest_only_with_trigger.py
[2023-10-06T22:59:45.634+0000] {logging_mixin.py:120} INFO - [2023-10-06T22:59:45.634+0000] {dag.py:2585} INFO - Sync 1 DAGs
[2023-10-06T22:59:45.651+0000] {logging_mixin.py:120} INFO - [2023-10-06T22:59:45.651+0000] {dag.py:3340} INFO - Setting next_dagrun for latest_only_with_trigger to 2023-10-06T18:59:45.651633+00:00, run_after=2023-10-06T22:59:45.651633+00:00
[2023-10-06T22:59:45.666+0000] {processor.py:176} INFO - Processing /home/airflow/.local/lib/python3.7/site-packages/airflow/example_dags/example_latest_only_with_trigger.py took 0.076 seconds
[2023-10-06T23:00:15.713+0000] {processor.py:154} INFO - Started process (PID=3141) to work on /home/airflow/.local/lib/python3.7/site-packages/airflow/example_dags/example_latest_only_with_trigger.py
[2023-10-06T23:00:15.714+0000] {processor.py:756} INFO - Processing file /home/airflow/.local/lib/python3.7/site-packages/airflow/example_dags/example_latest_only_with_trigger.py for tasks to queue
[2023-10-06T23:00:15.714+0000] {logging_mixin.py:120} INFO - [2023-10-06T23:00:15.714+0000] {dagbag.py:537} INFO - Filling up the DagBag from /home/airflow/.local/lib/python3.7/site-packages/airflow/example_dags/example_latest_only_with_trigger.py
[2023-10-06T23:00:15.723+0000] {processor.py:766} INFO - DAG(s) dict_keys(['latest_only_with_trigger']) retrieved from /home/airflow/.local/lib/python3.7/site-packages/airflow/example_dags/example_latest_only_with_trigger.py
[2023-10-06T23:00:15.751+0000] {logging_mixin.py:120} INFO - [2023-10-06T23:00:15.751+0000] {dag.py:2585} INFO - Sync 1 DAGs
[2023-10-06T23:00:15.770+0000] {logging_mixin.py:120} INFO - [2023-10-06T23:00:15.770+0000] {dag.py:3340} INFO - Setting next_dagrun for latest_only_with_trigger to 2023-10-06T19:00:15.770472+00:00, run_after=2023-10-06T23:00:15.770472+00:00
[2023-10-06T23:00:15.788+0000] {processor.py:176} INFO - Processing /home/airflow/.local/lib/python3.7/site-packages/airflow/example_dags/example_latest_only_with_trigger.py took 0.078 seconds
[2023-10-06T23:00:45.868+0000] {processor.py:154} INFO - Started process (PID=3204) to work on /home/airflow/.local/lib/python3.7/site-packages/airflow/example_dags/example_latest_only_with_trigger.py
[2023-10-06T23:00:45.869+0000] {processor.py:756} INFO - Processing file /home/airflow/.local/lib/python3.7/site-packages/airflow/example_dags/example_latest_only_with_trigger.py for tasks to queue
[2023-10-06T23:00:45.869+0000] {logging_mixin.py:120} INFO - [2023-10-06T23:00:45.869+0000] {dagbag.py:537} INFO - Filling up the DagBag from /home/airflow/.local/lib/python3.7/site-packages/airflow/example_dags/example_latest_only_with_trigger.py
[2023-10-06T23:00:45.879+0000] {processor.py:766} INFO - DAG(s) dict_keys(['latest_only_with_trigger']) retrieved from /home/airflow/.local/lib/python3.7/site-packages/airflow/example_dags/example_latest_only_with_trigger.py
[2023-10-06T23:00:45.907+0000] {logging_mixin.py:120} INFO - [2023-10-06T23:00:45.907+0000] {dag.py:2585} INFO - Sync 1 DAGs
[2023-10-06T23:00:45.924+0000] {logging_mixin.py:120} INFO - [2023-10-06T23:00:45.924+0000] {dag.py:3340} INFO - Setting next_dagrun for latest_only_with_trigger to 2023-10-06T19:00:45.924514+00:00, run_after=2023-10-06T23:00:45.924514+00:00
[2023-10-06T23:00:45.944+0000] {processor.py:176} INFO - Processing /home/airflow/.local/lib/python3.7/site-packages/airflow/example_dags/example_latest_only_with_trigger.py took 0.078 seconds
[2023-10-06T23:01:16.058+0000] {processor.py:154} INFO - Started process (PID=3268) to work on /home/airflow/.local/lib/python3.7/site-packages/airflow/example_dags/example_latest_only_with_trigger.py
[2023-10-06T23:01:16.059+0000] {processor.py:756} INFO - Processing file /home/airflow/.local/lib/python3.7/site-packages/airflow/example_dags/example_latest_only_with_trigger.py for tasks to queue
[2023-10-06T23:01:16.059+0000] {logging_mixin.py:120} INFO - [2023-10-06T23:01:16.059+0000] {dagbag.py:537} INFO - Filling up the DagBag from /home/airflow/.local/lib/python3.7/site-packages/airflow/example_dags/example_latest_only_with_trigger.py
[2023-10-06T23:01:16.071+0000] {processor.py:766} INFO - DAG(s) dict_keys(['latest_only_with_trigger']) retrieved from /home/airflow/.local/lib/python3.7/site-packages/airflow/example_dags/example_latest_only_with_trigger.py
[2023-10-06T23:01:16.100+0000] {logging_mixin.py:120} INFO - [2023-10-06T23:01:16.100+0000] {dag.py:2585} INFO - Sync 1 DAGs
[2023-10-06T23:01:16.117+0000] {logging_mixin.py:120} INFO - [2023-10-06T23:01:16.117+0000] {dag.py:3340} INFO - Setting next_dagrun for latest_only_with_trigger to 2023-10-06T19:01:16.117492+00:00, run_after=2023-10-06T23:01:16.117492+00:00
[2023-10-06T23:01:16.134+0000] {processor.py:176} INFO - Processing /home/airflow/.local/lib/python3.7/site-packages/airflow/example_dags/example_latest_only_with_trigger.py took 0.078 seconds
[2023-10-06T23:01:46.338+0000] {processor.py:154} INFO - Started process (PID=3323) to work on /home/airflow/.local/lib/python3.7/site-packages/airflow/example_dags/example_latest_only_with_trigger.py
[2023-10-06T23:01:46.338+0000] {processor.py:756} INFO - Processing file /home/airflow/.local/lib/python3.7/site-packages/airflow/example_dags/example_latest_only_with_trigger.py for tasks to queue
[2023-10-06T23:01:46.339+0000] {logging_mixin.py:120} INFO - [2023-10-06T23:01:46.339+0000] {dagbag.py:537} INFO - Filling up the DagBag from /home/airflow/.local/lib/python3.7/site-packages/airflow/example_dags/example_latest_only_with_trigger.py
[2023-10-06T23:01:46.349+0000] {processor.py:766} INFO - DAG(s) dict_keys(['latest_only_with_trigger']) retrieved from /home/airflow/.local/lib/python3.7/site-packages/airflow/example_dags/example_latest_only_with_trigger.py
[2023-10-06T23:01:46.380+0000] {logging_mixin.py:120} INFO - [2023-10-06T23:01:46.380+0000] {dag.py:2585} INFO - Sync 1 DAGs
[2023-10-06T23:01:46.403+0000] {logging_mixin.py:120} INFO - [2023-10-06T23:01:46.403+0000] {dag.py:3340} INFO - Setting next_dagrun for latest_only_with_trigger to 2023-10-06T19:01:46.402810+00:00, run_after=2023-10-06T23:01:46.402810+00:00
[2023-10-06T23:01:46.417+0000] {processor.py:176} INFO - Processing /home/airflow/.local/lib/python3.7/site-packages/airflow/example_dags/example_latest_only_with_trigger.py took 0.081 seconds
[2023-10-06T23:02:16.500+0000] {processor.py:154} INFO - Started process (PID=3387) to work on /home/airflow/.local/lib/python3.7/site-packages/airflow/example_dags/example_latest_only_with_trigger.py
[2023-10-06T23:02:16.501+0000] {processor.py:756} INFO - Processing file /home/airflow/.local/lib/python3.7/site-packages/airflow/example_dags/example_latest_only_with_trigger.py for tasks to queue
[2023-10-06T23:02:16.502+0000] {logging_mixin.py:120} INFO - [2023-10-06T23:02:16.502+0000] {dagbag.py:537} INFO - Filling up the DagBag from /home/airflow/.local/lib/python3.7/site-packages/airflow/example_dags/example_latest_only_with_trigger.py
[2023-10-06T23:02:16.511+0000] {processor.py:766} INFO - DAG(s) dict_keys(['latest_only_with_trigger']) retrieved from /home/airflow/.local/lib/python3.7/site-packages/airflow/example_dags/example_latest_only_with_trigger.py
[2023-10-06T23:02:16.541+0000] {logging_mixin.py:120} INFO - [2023-10-06T23:02:16.541+0000] {dag.py:2585} INFO - Sync 1 DAGs
[2023-10-06T23:02:16.558+0000] {logging_mixin.py:120} INFO - [2023-10-06T23:02:16.558+0000] {dag.py:3340} INFO - Setting next_dagrun for latest_only_with_trigger to 2023-10-06T19:02:16.558503+00:00, run_after=2023-10-06T23:02:16.558503+00:00
[2023-10-06T23:02:16.574+0000] {processor.py:176} INFO - Processing /home/airflow/.local/lib/python3.7/site-packages/airflow/example_dags/example_latest_only_with_trigger.py took 0.076 seconds
[2023-10-06T23:02:46.728+0000] {processor.py:154} INFO - Started process (PID=3451) to work on /home/airflow/.local/lib/python3.7/site-packages/airflow/example_dags/example_latest_only_with_trigger.py
[2023-10-06T23:02:46.728+0000] {processor.py:756} INFO - Processing file /home/airflow/.local/lib/python3.7/site-packages/airflow/example_dags/example_latest_only_with_trigger.py for tasks to queue
[2023-10-06T23:02:46.729+0000] {logging_mixin.py:120} INFO - [2023-10-06T23:02:46.728+0000] {dagbag.py:537} INFO - Filling up the DagBag from /home/airflow/.local/lib/python3.7/site-packages/airflow/example_dags/example_latest_only_with_trigger.py
[2023-10-06T23:02:46.738+0000] {processor.py:766} INFO - DAG(s) dict_keys(['latest_only_with_trigger']) retrieved from /home/airflow/.local/lib/python3.7/site-packages/airflow/example_dags/example_latest_only_with_trigger.py
[2023-10-06T23:02:46.770+0000] {logging_mixin.py:120} INFO - [2023-10-06T23:02:46.770+0000] {dag.py:2585} INFO - Sync 1 DAGs
[2023-10-06T23:02:46.788+0000] {logging_mixin.py:120} INFO - [2023-10-06T23:02:46.788+0000] {dag.py:3340} INFO - Setting next_dagrun for latest_only_with_trigger to 2023-10-06T19:02:46.788293+00:00, run_after=2023-10-06T23:02:46.788293+00:00
[2023-10-06T23:02:46.803+0000] {processor.py:176} INFO - Processing /home/airflow/.local/lib/python3.7/site-packages/airflow/example_dags/example_latest_only_with_trigger.py took 0.078 seconds
[2023-10-06T23:03:17.719+0000] {processor.py:154} INFO - Started process (PID=3515) to work on /home/airflow/.local/lib/python3.7/site-packages/airflow/example_dags/example_latest_only_with_trigger.py
[2023-10-06T23:03:17.720+0000] {processor.py:756} INFO - Processing file /home/airflow/.local/lib/python3.7/site-packages/airflow/example_dags/example_latest_only_with_trigger.py for tasks to queue
[2023-10-06T23:03:17.721+0000] {logging_mixin.py:120} INFO - [2023-10-06T23:03:17.720+0000] {dagbag.py:537} INFO - Filling up the DagBag from /home/airflow/.local/lib/python3.7/site-packages/airflow/example_dags/example_latest_only_with_trigger.py
[2023-10-06T23:03:17.731+0000] {processor.py:766} INFO - DAG(s) dict_keys(['latest_only_with_trigger']) retrieved from /home/airflow/.local/lib/python3.7/site-packages/airflow/example_dags/example_latest_only_with_trigger.py
[2023-10-06T23:03:17.764+0000] {logging_mixin.py:120} INFO - [2023-10-06T23:03:17.764+0000] {dag.py:2585} INFO - Sync 1 DAGs
[2023-10-06T23:03:17.784+0000] {logging_mixin.py:120} INFO - [2023-10-06T23:03:17.784+0000] {dag.py:3340} INFO - Setting next_dagrun for latest_only_with_trigger to 2023-10-06T19:03:17.784403+00:00, run_after=2023-10-06T23:03:17.784403+00:00
[2023-10-06T23:03:17.803+0000] {processor.py:176} INFO - Processing /home/airflow/.local/lib/python3.7/site-packages/airflow/example_dags/example_latest_only_with_trigger.py took 0.086 seconds
[2023-10-06T23:03:48.019+0000] {processor.py:154} INFO - Started process (PID=3577) to work on /home/airflow/.local/lib/python3.7/site-packages/airflow/example_dags/example_latest_only_with_trigger.py
[2023-10-06T23:03:48.020+0000] {processor.py:756} INFO - Processing file /home/airflow/.local/lib/python3.7/site-packages/airflow/example_dags/example_latest_only_with_trigger.py for tasks to queue
[2023-10-06T23:03:48.020+0000] {logging_mixin.py:120} INFO - [2023-10-06T23:03:48.020+0000] {dagbag.py:537} INFO - Filling up the DagBag from /home/airflow/.local/lib/python3.7/site-packages/airflow/example_dags/example_latest_only_with_trigger.py
[2023-10-06T23:03:48.031+0000] {processor.py:766} INFO - DAG(s) dict_keys(['latest_only_with_trigger']) retrieved from /home/airflow/.local/lib/python3.7/site-packages/airflow/example_dags/example_latest_only_with_trigger.py
[2023-10-06T23:03:48.064+0000] {logging_mixin.py:120} INFO - [2023-10-06T23:03:48.064+0000] {dag.py:2585} INFO - Sync 1 DAGs
[2023-10-06T23:03:48.085+0000] {logging_mixin.py:120} INFO - [2023-10-06T23:03:48.085+0000] {dag.py:3340} INFO - Setting next_dagrun for latest_only_with_trigger to 2023-10-06T19:03:48.084932+00:00, run_after=2023-10-06T23:03:48.084932+00:00
[2023-10-06T23:03:48.104+0000] {processor.py:176} INFO - Processing /home/airflow/.local/lib/python3.7/site-packages/airflow/example_dags/example_latest_only_with_trigger.py took 0.088 seconds
[2023-10-06T23:04:19.010+0000] {processor.py:154} INFO - Started process (PID=3634) to work on /home/airflow/.local/lib/python3.7/site-packages/airflow/example_dags/example_latest_only_with_trigger.py
[2023-10-06T23:04:19.011+0000] {processor.py:756} INFO - Processing file /home/airflow/.local/lib/python3.7/site-packages/airflow/example_dags/example_latest_only_with_trigger.py for tasks to queue
[2023-10-06T23:04:19.011+0000] {logging_mixin.py:120} INFO - [2023-10-06T23:04:19.011+0000] {dagbag.py:537} INFO - Filling up the DagBag from /home/airflow/.local/lib/python3.7/site-packages/airflow/example_dags/example_latest_only_with_trigger.py
[2023-10-06T23:04:19.021+0000] {processor.py:766} INFO - DAG(s) dict_keys(['latest_only_with_trigger']) retrieved from /home/airflow/.local/lib/python3.7/site-packages/airflow/example_dags/example_latest_only_with_trigger.py
[2023-10-06T23:04:19.051+0000] {logging_mixin.py:120} INFO - [2023-10-06T23:04:19.050+0000] {dag.py:2585} INFO - Sync 1 DAGs
[2023-10-06T23:04:19.067+0000] {logging_mixin.py:120} INFO - [2023-10-06T23:04:19.067+0000] {dag.py:3340} INFO - Setting next_dagrun for latest_only_with_trigger to 2023-10-06T19:04:19.067121+00:00, run_after=2023-10-06T23:04:19.067121+00:00
[2023-10-06T23:04:19.083+0000] {processor.py:176} INFO - Processing /home/airflow/.local/lib/python3.7/site-packages/airflow/example_dags/example_latest_only_with_trigger.py took 0.076 seconds
[2023-10-06T23:04:49.197+0000] {processor.py:154} INFO - Started process (PID=3699) to work on /home/airflow/.local/lib/python3.7/site-packages/airflow/example_dags/example_latest_only_with_trigger.py
[2023-10-06T23:04:49.197+0000] {processor.py:756} INFO - Processing file /home/airflow/.local/lib/python3.7/site-packages/airflow/example_dags/example_latest_only_with_trigger.py for tasks to queue
[2023-10-06T23:04:49.198+0000] {logging_mixin.py:120} INFO - [2023-10-06T23:04:49.198+0000] {dagbag.py:537} INFO - Filling up the DagBag from /home/airflow/.local/lib/python3.7/site-packages/airflow/example_dags/example_latest_only_with_trigger.py
[2023-10-06T23:04:49.207+0000] {processor.py:766} INFO - DAG(s) dict_keys(['latest_only_with_trigger']) retrieved from /home/airflow/.local/lib/python3.7/site-packages/airflow/example_dags/example_latest_only_with_trigger.py
[2023-10-06T23:04:49.236+0000] {logging_mixin.py:120} INFO - [2023-10-06T23:04:49.236+0000] {dag.py:2585} INFO - Sync 1 DAGs
[2023-10-06T23:04:49.254+0000] {logging_mixin.py:120} INFO - [2023-10-06T23:04:49.254+0000] {dag.py:3340} INFO - Setting next_dagrun for latest_only_with_trigger to 2023-10-06T19:04:49.253788+00:00, run_after=2023-10-06T23:04:49.253788+00:00
[2023-10-06T23:04:49.268+0000] {processor.py:176} INFO - Processing /home/airflow/.local/lib/python3.7/site-packages/airflow/example_dags/example_latest_only_with_trigger.py took 0.073 seconds
[2023-10-06T23:05:19.503+0000] {processor.py:154} INFO - Started process (PID=3763) to work on /home/airflow/.local/lib/python3.7/site-packages/airflow/example_dags/example_latest_only_with_trigger.py
[2023-10-06T23:05:19.504+0000] {processor.py:756} INFO - Processing file /home/airflow/.local/lib/python3.7/site-packages/airflow/example_dags/example_latest_only_with_trigger.py for tasks to queue
[2023-10-06T23:05:19.504+0000] {logging_mixin.py:120} INFO - [2023-10-06T23:05:19.504+0000] {dagbag.py:537} INFO - Filling up the DagBag from /home/airflow/.local/lib/python3.7/site-packages/airflow/example_dags/example_latest_only_with_trigger.py
[2023-10-06T23:05:19.514+0000] {processor.py:766} INFO - DAG(s) dict_keys(['latest_only_with_trigger']) retrieved from /home/airflow/.local/lib/python3.7/site-packages/airflow/example_dags/example_latest_only_with_trigger.py
[2023-10-06T23:05:19.542+0000] {logging_mixin.py:120} INFO - [2023-10-06T23:05:19.542+0000] {dag.py:2585} INFO - Sync 1 DAGs
[2023-10-06T23:05:19.558+0000] {logging_mixin.py:120} INFO - [2023-10-06T23:05:19.558+0000] {dag.py:3340} INFO - Setting next_dagrun for latest_only_with_trigger to 2023-10-06T19:05:19.558385+00:00, run_after=2023-10-06T23:05:19.558385+00:00
[2023-10-06T23:05:19.573+0000] {processor.py:176} INFO - Processing /home/airflow/.local/lib/python3.7/site-packages/airflow/example_dags/example_latest_only_with_trigger.py took 0.073 seconds
[2023-10-06T23:05:49.709+0000] {processor.py:154} INFO - Started process (PID=3828) to work on /home/airflow/.local/lib/python3.7/site-packages/airflow/example_dags/example_latest_only_with_trigger.py
[2023-10-06T23:05:49.709+0000] {processor.py:756} INFO - Processing file /home/airflow/.local/lib/python3.7/site-packages/airflow/example_dags/example_latest_only_with_trigger.py for tasks to queue
[2023-10-06T23:05:49.710+0000] {logging_mixin.py:120} INFO - [2023-10-06T23:05:49.710+0000] {dagbag.py:537} INFO - Filling up the DagBag from /home/airflow/.local/lib/python3.7/site-packages/airflow/example_dags/example_latest_only_with_trigger.py
[2023-10-06T23:05:49.719+0000] {processor.py:766} INFO - DAG(s) dict_keys(['latest_only_with_trigger']) retrieved from /home/airflow/.local/lib/python3.7/site-packages/airflow/example_dags/example_latest_only_with_trigger.py
[2023-10-06T23:05:49.751+0000] {logging_mixin.py:120} INFO - [2023-10-06T23:05:49.751+0000] {dag.py:2585} INFO - Sync 1 DAGs
[2023-10-06T23:05:49.770+0000] {logging_mixin.py:120} INFO - [2023-10-06T23:05:49.770+0000] {dag.py:3340} INFO - Setting next_dagrun for latest_only_with_trigger to 2023-10-06T19:05:49.770236+00:00, run_after=2023-10-06T23:05:49.770236+00:00
[2023-10-06T23:05:49.788+0000] {processor.py:176} INFO - Processing /home/airflow/.local/lib/python3.7/site-packages/airflow/example_dags/example_latest_only_with_trigger.py took 0.082 seconds
[2023-10-06T23:06:19.864+0000] {processor.py:154} INFO - Started process (PID=3884) to work on /home/airflow/.local/lib/python3.7/site-packages/airflow/example_dags/example_latest_only_with_trigger.py
[2023-10-06T23:06:19.865+0000] {processor.py:756} INFO - Processing file /home/airflow/.local/lib/python3.7/site-packages/airflow/example_dags/example_latest_only_with_trigger.py for tasks to queue
[2023-10-06T23:06:19.865+0000] {logging_mixin.py:120} INFO - [2023-10-06T23:06:19.865+0000] {dagbag.py:537} INFO - Filling up the DagBag from /home/airflow/.local/lib/python3.7/site-packages/airflow/example_dags/example_latest_only_with_trigger.py
[2023-10-06T23:06:19.875+0000] {processor.py:766} INFO - DAG(s) dict_keys(['latest_only_with_trigger']) retrieved from /home/airflow/.local/lib/python3.7/site-packages/airflow/example_dags/example_latest_only_with_trigger.py
[2023-10-06T23:06:19.903+0000] {logging_mixin.py:120} INFO - [2023-10-06T23:06:19.902+0000] {dag.py:2585} INFO - Sync 1 DAGs
[2023-10-06T23:06:19.918+0000] {logging_mixin.py:120} INFO - [2023-10-06T23:06:19.918+0000] {dag.py:3340} INFO - Setting next_dagrun for latest_only_with_trigger to 2023-10-06T19:06:19.918642+00:00, run_after=2023-10-06T23:06:19.918642+00:00
[2023-10-06T23:06:19.933+0000] {processor.py:176} INFO - Processing /home/airflow/.local/lib/python3.7/site-packages/airflow/example_dags/example_latest_only_with_trigger.py took 0.070 seconds
[2023-10-06T23:06:50.125+0000] {processor.py:154} INFO - Started process (PID=3947) to work on /home/airflow/.local/lib/python3.7/site-packages/airflow/example_dags/example_latest_only_with_trigger.py
[2023-10-06T23:06:50.126+0000] {processor.py:756} INFO - Processing file /home/airflow/.local/lib/python3.7/site-packages/airflow/example_dags/example_latest_only_with_trigger.py for tasks to queue
[2023-10-06T23:06:50.126+0000] {logging_mixin.py:120} INFO - [2023-10-06T23:06:50.126+0000] {dagbag.py:537} INFO - Filling up the DagBag from /home/airflow/.local/lib/python3.7/site-packages/airflow/example_dags/example_latest_only_with_trigger.py
[2023-10-06T23:06:50.136+0000] {processor.py:766} INFO - DAG(s) dict_keys(['latest_only_with_trigger']) retrieved from /home/airflow/.local/lib/python3.7/site-packages/airflow/example_dags/example_latest_only_with_trigger.py
[2023-10-06T23:06:50.164+0000] {logging_mixin.py:120} INFO - [2023-10-06T23:06:50.164+0000] {dag.py:2585} INFO - Sync 1 DAGs
[2023-10-06T23:06:50.184+0000] {logging_mixin.py:120} INFO - [2023-10-06T23:06:50.183+0000] {dag.py:3340} INFO - Setting next_dagrun for latest_only_with_trigger to 2023-10-06T19:06:50.183635+00:00, run_after=2023-10-06T23:06:50.183635+00:00
[2023-10-06T23:06:50.197+0000] {processor.py:176} INFO - Processing /home/airflow/.local/lib/python3.7/site-packages/airflow/example_dags/example_latest_only_with_trigger.py took 0.075 seconds
[2023-10-06T23:07:20.309+0000] {processor.py:154} INFO - Started process (PID=4012) to work on /home/airflow/.local/lib/python3.7/site-packages/airflow/example_dags/example_latest_only_with_trigger.py
[2023-10-06T23:07:20.310+0000] {processor.py:756} INFO - Processing file /home/airflow/.local/lib/python3.7/site-packages/airflow/example_dags/example_latest_only_with_trigger.py for tasks to queue
[2023-10-06T23:07:20.310+0000] {logging_mixin.py:120} INFO - [2023-10-06T23:07:20.310+0000] {dagbag.py:537} INFO - Filling up the DagBag from /home/airflow/.local/lib/python3.7/site-packages/airflow/example_dags/example_latest_only_with_trigger.py
[2023-10-06T23:07:20.320+0000] {processor.py:766} INFO - DAG(s) dict_keys(['latest_only_with_trigger']) retrieved from /home/airflow/.local/lib/python3.7/site-packages/airflow/example_dags/example_latest_only_with_trigger.py
[2023-10-06T23:07:20.346+0000] {logging_mixin.py:120} INFO - [2023-10-06T23:07:20.346+0000] {dag.py:2585} INFO - Sync 1 DAGs
[2023-10-06T23:07:20.361+0000] {logging_mixin.py:120} INFO - [2023-10-06T23:07:20.361+0000] {dag.py:3340} INFO - Setting next_dagrun for latest_only_with_trigger to 2023-10-06T19:07:20.361454+00:00, run_after=2023-10-06T23:07:20.361454+00:00
[2023-10-06T23:07:20.375+0000] {processor.py:176} INFO - Processing /home/airflow/.local/lib/python3.7/site-packages/airflow/example_dags/example_latest_only_with_trigger.py took 0.068 seconds
[2023-10-06T23:07:50.594+0000] {processor.py:154} INFO - Started process (PID=4076) to work on /home/airflow/.local/lib/python3.7/site-packages/airflow/example_dags/example_latest_only_with_trigger.py
[2023-10-06T23:07:50.595+0000] {processor.py:756} INFO - Processing file /home/airflow/.local/lib/python3.7/site-packages/airflow/example_dags/example_latest_only_with_trigger.py for tasks to queue
[2023-10-06T23:07:50.596+0000] {logging_mixin.py:120} INFO - [2023-10-06T23:07:50.595+0000] {dagbag.py:537} INFO - Filling up the DagBag from /home/airflow/.local/lib/python3.7/site-packages/airflow/example_dags/example_latest_only_with_trigger.py
[2023-10-06T23:07:50.605+0000] {processor.py:766} INFO - DAG(s) dict_keys(['latest_only_with_trigger']) retrieved from /home/airflow/.local/lib/python3.7/site-packages/airflow/example_dags/example_latest_only_with_trigger.py
[2023-10-06T23:07:50.635+0000] {logging_mixin.py:120} INFO - [2023-10-06T23:07:50.635+0000] {dag.py:2585} INFO - Sync 1 DAGs
[2023-10-06T23:07:50.653+0000] {logging_mixin.py:120} INFO - [2023-10-06T23:07:50.653+0000] {dag.py:3340} INFO - Setting next_dagrun for latest_only_with_trigger to 2023-10-06T19:07:50.653224+00:00, run_after=2023-10-06T23:07:50.653224+00:00
[2023-10-06T23:07:50.670+0000] {processor.py:176} INFO - Processing /home/airflow/.local/lib/python3.7/site-packages/airflow/example_dags/example_latest_only_with_trigger.py took 0.078 seconds
[2023-10-06T23:08:21.556+0000] {processor.py:154} INFO - Started process (PID=4131) to work on /home/airflow/.local/lib/python3.7/site-packages/airflow/example_dags/example_latest_only_with_trigger.py
[2023-10-06T23:08:21.557+0000] {processor.py:756} INFO - Processing file /home/airflow/.local/lib/python3.7/site-packages/airflow/example_dags/example_latest_only_with_trigger.py for tasks to queue
[2023-10-06T23:08:21.557+0000] {logging_mixin.py:120} INFO - [2023-10-06T23:08:21.557+0000] {dagbag.py:537} INFO - Filling up the DagBag from /home/airflow/.local/lib/python3.7/site-packages/airflow/example_dags/example_latest_only_with_trigger.py
[2023-10-06T23:08:21.567+0000] {processor.py:766} INFO - DAG(s) dict_keys(['latest_only_with_trigger']) retrieved from /home/airflow/.local/lib/python3.7/site-packages/airflow/example_dags/example_latest_only_with_trigger.py
[2023-10-06T23:08:21.596+0000] {logging_mixin.py:120} INFO - [2023-10-06T23:08:21.596+0000] {dag.py:2585} INFO - Sync 1 DAGs
[2023-10-06T23:08:21.611+0000] {logging_mixin.py:120} INFO - [2023-10-06T23:08:21.611+0000] {dag.py:3340} INFO - Setting next_dagrun for latest_only_with_trigger to 2023-10-06T19:08:21.611627+00:00, run_after=2023-10-06T23:08:21.611627+00:00
[2023-10-06T23:08:21.625+0000] {processor.py:176} INFO - Processing /home/airflow/.local/lib/python3.7/site-packages/airflow/example_dags/example_latest_only_with_trigger.py took 0.071 seconds
