[2023-10-06T22:34:54.954+0000] {processor.py:154} INFO - Started process (PID=69) to work on /home/airflow/.local/lib/python3.7/site-packages/airflow/example_dags/example_bash_operator.py
[2023-10-06T22:34:54.955+0000] {processor.py:756} INFO - Processing file /home/airflow/.local/lib/python3.7/site-packages/airflow/example_dags/example_bash_operator.py for tasks to queue
[2023-10-06T22:34:54.955+0000] {logging_mixin.py:120} INFO - [2023-10-06T22:34:54.955+0000] {dagbag.py:537} INFO - Filling up the DagBag from /home/airflow/.local/lib/python3.7/site-packages/airflow/example_dags/example_bash_operator.py
[2023-10-06T22:34:54.975+0000] {processor.py:766} INFO - DAG(s) dict_keys(['example_bash_operator']) retrieved from /home/airflow/.local/lib/python3.7/site-packages/airflow/example_dags/example_bash_operator.py
[2023-10-06T22:34:55.015+0000] {logging_mixin.py:120} INFO - [2023-10-06T22:34:55.015+0000] {dag.py:2585} INFO - Sync 1 DAGs
[2023-10-06T22:34:55.041+0000] {logging_mixin.py:120} INFO - [2023-10-06T22:34:55.041+0000] {dag.py:3340} INFO - Setting next_dagrun for example_bash_operator to 2023-10-05T00:00:00+00:00, run_after=2023-10-06T00:00:00+00:00
[2023-10-06T22:34:55.059+0000] {processor.py:176} INFO - Processing /home/airflow/.local/lib/python3.7/site-packages/airflow/example_dags/example_bash_operator.py took 0.107 seconds
[2023-10-06T22:35:25.150+0000] {processor.py:154} INFO - Started process (PID=132) to work on /home/airflow/.local/lib/python3.7/site-packages/airflow/example_dags/example_bash_operator.py
[2023-10-06T22:35:25.150+0000] {processor.py:756} INFO - Processing file /home/airflow/.local/lib/python3.7/site-packages/airflow/example_dags/example_bash_operator.py for tasks to queue
[2023-10-06T22:35:25.151+0000] {logging_mixin.py:120} INFO - [2023-10-06T22:35:25.151+0000] {dagbag.py:537} INFO - Filling up the DagBag from /home/airflow/.local/lib/python3.7/site-packages/airflow/example_dags/example_bash_operator.py
[2023-10-06T22:35:25.166+0000] {processor.py:766} INFO - DAG(s) dict_keys(['example_bash_operator']) retrieved from /home/airflow/.local/lib/python3.7/site-packages/airflow/example_dags/example_bash_operator.py
[2023-10-06T22:35:25.185+0000] {logging_mixin.py:120} INFO - [2023-10-06T22:35:25.185+0000] {dag.py:2585} INFO - Sync 1 DAGs
[2023-10-06T22:35:25.207+0000] {logging_mixin.py:120} INFO - [2023-10-06T22:35:25.207+0000] {dag.py:3340} INFO - Setting next_dagrun for example_bash_operator to 2023-10-05T00:00:00+00:00, run_after=2023-10-06T00:00:00+00:00
[2023-10-06T22:35:25.222+0000] {processor.py:176} INFO - Processing /home/airflow/.local/lib/python3.7/site-packages/airflow/example_dags/example_bash_operator.py took 0.075 seconds
[2023-10-06T22:35:56.233+0000] {processor.py:154} INFO - Started process (PID=195) to work on /home/airflow/.local/lib/python3.7/site-packages/airflow/example_dags/example_bash_operator.py
[2023-10-06T22:35:56.234+0000] {processor.py:756} INFO - Processing file /home/airflow/.local/lib/python3.7/site-packages/airflow/example_dags/example_bash_operator.py for tasks to queue
[2023-10-06T22:35:56.234+0000] {logging_mixin.py:120} INFO - [2023-10-06T22:35:56.234+0000] {dagbag.py:537} INFO - Filling up the DagBag from /home/airflow/.local/lib/python3.7/site-packages/airflow/example_dags/example_bash_operator.py
[2023-10-06T22:35:56.249+0000] {processor.py:766} INFO - DAG(s) dict_keys(['example_bash_operator']) retrieved from /home/airflow/.local/lib/python3.7/site-packages/airflow/example_dags/example_bash_operator.py
[2023-10-06T22:35:56.283+0000] {logging_mixin.py:120} INFO - [2023-10-06T22:35:56.283+0000] {dag.py:2585} INFO - Sync 1 DAGs
[2023-10-06T22:35:56.302+0000] {logging_mixin.py:120} INFO - [2023-10-06T22:35:56.301+0000] {dag.py:3340} INFO - Setting next_dagrun for example_bash_operator to 2023-10-05T00:00:00+00:00, run_after=2023-10-06T00:00:00+00:00
[2023-10-06T22:35:56.315+0000] {processor.py:176} INFO - Processing /home/airflow/.local/lib/python3.7/site-packages/airflow/example_dags/example_bash_operator.py took 0.084 seconds
[2023-10-06T22:36:26.581+0000] {processor.py:154} INFO - Started process (PID=258) to work on /home/airflow/.local/lib/python3.7/site-packages/airflow/example_dags/example_bash_operator.py
[2023-10-06T22:36:26.582+0000] {processor.py:756} INFO - Processing file /home/airflow/.local/lib/python3.7/site-packages/airflow/example_dags/example_bash_operator.py for tasks to queue
[2023-10-06T22:36:26.582+0000] {logging_mixin.py:120} INFO - [2023-10-06T22:36:26.582+0000] {dagbag.py:537} INFO - Filling up the DagBag from /home/airflow/.local/lib/python3.7/site-packages/airflow/example_dags/example_bash_operator.py
[2023-10-06T22:36:26.600+0000] {processor.py:766} INFO - DAG(s) dict_keys(['example_bash_operator']) retrieved from /home/airflow/.local/lib/python3.7/site-packages/airflow/example_dags/example_bash_operator.py
[2023-10-06T22:36:26.642+0000] {logging_mixin.py:120} INFO - [2023-10-06T22:36:26.641+0000] {dag.py:2585} INFO - Sync 1 DAGs
[2023-10-06T22:36:26.663+0000] {logging_mixin.py:120} INFO - [2023-10-06T22:36:26.663+0000] {dag.py:3340} INFO - Setting next_dagrun for example_bash_operator to 2023-10-05T00:00:00+00:00, run_after=2023-10-06T00:00:00+00:00
[2023-10-06T22:36:26.680+0000] {processor.py:176} INFO - Processing /home/airflow/.local/lib/python3.7/site-packages/airflow/example_dags/example_bash_operator.py took 0.101 seconds
[2023-10-06T22:36:57.443+0000] {processor.py:154} INFO - Started process (PID=313) to work on /home/airflow/.local/lib/python3.7/site-packages/airflow/example_dags/example_bash_operator.py
[2023-10-06T22:36:57.444+0000] {processor.py:756} INFO - Processing file /home/airflow/.local/lib/python3.7/site-packages/airflow/example_dags/example_bash_operator.py for tasks to queue
[2023-10-06T22:36:57.444+0000] {logging_mixin.py:120} INFO - [2023-10-06T22:36:57.444+0000] {dagbag.py:537} INFO - Filling up the DagBag from /home/airflow/.local/lib/python3.7/site-packages/airflow/example_dags/example_bash_operator.py
[2023-10-06T22:36:57.477+0000] {processor.py:766} INFO - DAG(s) dict_keys(['example_bash_operator']) retrieved from /home/airflow/.local/lib/python3.7/site-packages/airflow/example_dags/example_bash_operator.py
[2023-10-06T22:36:57.528+0000] {logging_mixin.py:120} INFO - [2023-10-06T22:36:57.528+0000] {dag.py:2585} INFO - Sync 1 DAGs
[2023-10-06T22:36:57.550+0000] {logging_mixin.py:120} INFO - [2023-10-06T22:36:57.550+0000] {dag.py:3340} INFO - Setting next_dagrun for example_bash_operator to 2023-10-05T00:00:00+00:00, run_after=2023-10-06T00:00:00+00:00
[2023-10-06T22:36:57.567+0000] {processor.py:176} INFO - Processing /home/airflow/.local/lib/python3.7/site-packages/airflow/example_dags/example_bash_operator.py took 0.128 seconds
[2023-10-06T22:37:28.267+0000] {processor.py:154} INFO - Started process (PID=376) to work on /home/airflow/.local/lib/python3.7/site-packages/airflow/example_dags/example_bash_operator.py
[2023-10-06T22:37:28.267+0000] {processor.py:756} INFO - Processing file /home/airflow/.local/lib/python3.7/site-packages/airflow/example_dags/example_bash_operator.py for tasks to queue
[2023-10-06T22:37:28.268+0000] {logging_mixin.py:120} INFO - [2023-10-06T22:37:28.268+0000] {dagbag.py:537} INFO - Filling up the DagBag from /home/airflow/.local/lib/python3.7/site-packages/airflow/example_dags/example_bash_operator.py
[2023-10-06T22:37:28.292+0000] {processor.py:766} INFO - DAG(s) dict_keys(['example_bash_operator']) retrieved from /home/airflow/.local/lib/python3.7/site-packages/airflow/example_dags/example_bash_operator.py
[2023-10-06T22:37:28.330+0000] {logging_mixin.py:120} INFO - [2023-10-06T22:37:28.330+0000] {dag.py:2585} INFO - Sync 1 DAGs
[2023-10-06T22:37:28.356+0000] {logging_mixin.py:120} INFO - [2023-10-06T22:37:28.354+0000] {dag.py:3340} INFO - Setting next_dagrun for example_bash_operator to 2023-10-05T00:00:00+00:00, run_after=2023-10-06T00:00:00+00:00
[2023-10-06T22:37:28.380+0000] {processor.py:176} INFO - Processing /home/airflow/.local/lib/python3.7/site-packages/airflow/example_dags/example_bash_operator.py took 0.115 seconds
[2023-10-06T22:37:58.731+0000] {processor.py:154} INFO - Started process (PID=440) to work on /home/airflow/.local/lib/python3.7/site-packages/airflow/example_dags/example_bash_operator.py
[2023-10-06T22:37:58.732+0000] {processor.py:756} INFO - Processing file /home/airflow/.local/lib/python3.7/site-packages/airflow/example_dags/example_bash_operator.py for tasks to queue
[2023-10-06T22:37:58.732+0000] {logging_mixin.py:120} INFO - [2023-10-06T22:37:58.732+0000] {dagbag.py:537} INFO - Filling up the DagBag from /home/airflow/.local/lib/python3.7/site-packages/airflow/example_dags/example_bash_operator.py
[2023-10-06T22:37:58.748+0000] {processor.py:766} INFO - DAG(s) dict_keys(['example_bash_operator']) retrieved from /home/airflow/.local/lib/python3.7/site-packages/airflow/example_dags/example_bash_operator.py
[2023-10-06T22:37:58.782+0000] {logging_mixin.py:120} INFO - [2023-10-06T22:37:58.782+0000] {dag.py:2585} INFO - Sync 1 DAGs
[2023-10-06T22:37:58.799+0000] {logging_mixin.py:120} INFO - [2023-10-06T22:37:58.799+0000] {dag.py:3340} INFO - Setting next_dagrun for example_bash_operator to 2023-10-05T00:00:00+00:00, run_after=2023-10-06T00:00:00+00:00
[2023-10-06T22:37:58.815+0000] {processor.py:176} INFO - Processing /home/airflow/.local/lib/python3.7/site-packages/airflow/example_dags/example_bash_operator.py took 0.086 seconds
[2023-10-06T22:38:29.352+0000] {processor.py:154} INFO - Started process (PID=504) to work on /home/airflow/.local/lib/python3.7/site-packages/airflow/example_dags/example_bash_operator.py
[2023-10-06T22:38:29.353+0000] {processor.py:756} INFO - Processing file /home/airflow/.local/lib/python3.7/site-packages/airflow/example_dags/example_bash_operator.py for tasks to queue
[2023-10-06T22:38:29.354+0000] {logging_mixin.py:120} INFO - [2023-10-06T22:38:29.353+0000] {dagbag.py:537} INFO - Filling up the DagBag from /home/airflow/.local/lib/python3.7/site-packages/airflow/example_dags/example_bash_operator.py
[2023-10-06T22:38:29.374+0000] {processor.py:766} INFO - DAG(s) dict_keys(['example_bash_operator']) retrieved from /home/airflow/.local/lib/python3.7/site-packages/airflow/example_dags/example_bash_operator.py
[2023-10-06T22:38:29.418+0000] {logging_mixin.py:120} INFO - [2023-10-06T22:38:29.418+0000] {dag.py:2585} INFO - Sync 1 DAGs
[2023-10-06T22:38:29.443+0000] {logging_mixin.py:120} INFO - [2023-10-06T22:38:29.443+0000] {dag.py:3340} INFO - Setting next_dagrun for example_bash_operator to 2023-10-05T00:00:00+00:00, run_after=2023-10-06T00:00:00+00:00
[2023-10-06T22:38:29.461+0000] {processor.py:176} INFO - Processing /home/airflow/.local/lib/python3.7/site-packages/airflow/example_dags/example_bash_operator.py took 0.113 seconds
[2023-10-06T22:38:59.957+0000] {processor.py:154} INFO - Started process (PID=558) to work on /home/airflow/.local/lib/python3.7/site-packages/airflow/example_dags/example_bash_operator.py
[2023-10-06T22:38:59.958+0000] {processor.py:756} INFO - Processing file /home/airflow/.local/lib/python3.7/site-packages/airflow/example_dags/example_bash_operator.py for tasks to queue
[2023-10-06T22:38:59.959+0000] {logging_mixin.py:120} INFO - [2023-10-06T22:38:59.959+0000] {dagbag.py:537} INFO - Filling up the DagBag from /home/airflow/.local/lib/python3.7/site-packages/airflow/example_dags/example_bash_operator.py
[2023-10-06T22:38:59.981+0000] {processor.py:766} INFO - DAG(s) dict_keys(['example_bash_operator']) retrieved from /home/airflow/.local/lib/python3.7/site-packages/airflow/example_dags/example_bash_operator.py
[2023-10-06T22:39:00.024+0000] {logging_mixin.py:120} INFO - [2023-10-06T22:39:00.024+0000] {dag.py:2585} INFO - Sync 1 DAGs
[2023-10-06T22:39:00.048+0000] {logging_mixin.py:120} INFO - [2023-10-06T22:39:00.048+0000] {dag.py:3340} INFO - Setting next_dagrun for example_bash_operator to 2023-10-05T00:00:00+00:00, run_after=2023-10-06T00:00:00+00:00
[2023-10-06T22:39:00.064+0000] {processor.py:176} INFO - Processing /home/airflow/.local/lib/python3.7/site-packages/airflow/example_dags/example_bash_operator.py took 0.111 seconds
[2023-10-06T22:39:31.201+0000] {processor.py:154} INFO - Started process (PID=623) to work on /home/airflow/.local/lib/python3.7/site-packages/airflow/example_dags/example_bash_operator.py
[2023-10-06T22:39:31.202+0000] {processor.py:756} INFO - Processing file /home/airflow/.local/lib/python3.7/site-packages/airflow/example_dags/example_bash_operator.py for tasks to queue
[2023-10-06T22:39:31.203+0000] {logging_mixin.py:120} INFO - [2023-10-06T22:39:31.203+0000] {dagbag.py:537} INFO - Filling up the DagBag from /home/airflow/.local/lib/python3.7/site-packages/airflow/example_dags/example_bash_operator.py
[2023-10-06T22:39:31.228+0000] {processor.py:766} INFO - DAG(s) dict_keys(['example_bash_operator']) retrieved from /home/airflow/.local/lib/python3.7/site-packages/airflow/example_dags/example_bash_operator.py
[2023-10-06T22:39:31.275+0000] {logging_mixin.py:120} INFO - [2023-10-06T22:39:31.275+0000] {dag.py:2585} INFO - Sync 1 DAGs
[2023-10-06T22:39:31.310+0000] {logging_mixin.py:120} INFO - [2023-10-06T22:39:31.310+0000] {dag.py:3340} INFO - Setting next_dagrun for example_bash_operator to 2023-10-05T00:00:00+00:00, run_after=2023-10-06T00:00:00+00:00
[2023-10-06T22:39:31.346+0000] {processor.py:176} INFO - Processing /home/airflow/.local/lib/python3.7/site-packages/airflow/example_dags/example_bash_operator.py took 0.148 seconds
[2023-10-06T22:40:02.110+0000] {processor.py:154} INFO - Started process (PID=686) to work on /home/airflow/.local/lib/python3.7/site-packages/airflow/example_dags/example_bash_operator.py
[2023-10-06T22:40:02.111+0000] {processor.py:756} INFO - Processing file /home/airflow/.local/lib/python3.7/site-packages/airflow/example_dags/example_bash_operator.py for tasks to queue
[2023-10-06T22:40:02.112+0000] {logging_mixin.py:120} INFO - [2023-10-06T22:40:02.111+0000] {dagbag.py:537} INFO - Filling up the DagBag from /home/airflow/.local/lib/python3.7/site-packages/airflow/example_dags/example_bash_operator.py
[2023-10-06T22:40:02.129+0000] {processor.py:766} INFO - DAG(s) dict_keys(['example_bash_operator']) retrieved from /home/airflow/.local/lib/python3.7/site-packages/airflow/example_dags/example_bash_operator.py
[2023-10-06T22:40:02.167+0000] {logging_mixin.py:120} INFO - [2023-10-06T22:40:02.167+0000] {dag.py:2585} INFO - Sync 1 DAGs
[2023-10-06T22:40:02.187+0000] {logging_mixin.py:120} INFO - [2023-10-06T22:40:02.187+0000] {dag.py:3340} INFO - Setting next_dagrun for example_bash_operator to 2023-10-05T00:00:00+00:00, run_after=2023-10-06T00:00:00+00:00
[2023-10-06T22:40:02.203+0000] {processor.py:176} INFO - Processing /home/airflow/.local/lib/python3.7/site-packages/airflow/example_dags/example_bash_operator.py took 0.095 seconds
[2023-10-06T22:40:32.619+0000] {processor.py:154} INFO - Started process (PID=749) to work on /home/airflow/.local/lib/python3.7/site-packages/airflow/example_dags/example_bash_operator.py
[2023-10-06T22:40:32.620+0000] {processor.py:756} INFO - Processing file /home/airflow/.local/lib/python3.7/site-packages/airflow/example_dags/example_bash_operator.py for tasks to queue
[2023-10-06T22:40:32.621+0000] {logging_mixin.py:120} INFO - [2023-10-06T22:40:32.621+0000] {dagbag.py:537} INFO - Filling up the DagBag from /home/airflow/.local/lib/python3.7/site-packages/airflow/example_dags/example_bash_operator.py
[2023-10-06T22:40:32.645+0000] {processor.py:766} INFO - DAG(s) dict_keys(['example_bash_operator']) retrieved from /home/airflow/.local/lib/python3.7/site-packages/airflow/example_dags/example_bash_operator.py
[2023-10-06T22:40:32.700+0000] {logging_mixin.py:120} INFO - [2023-10-06T22:40:32.699+0000] {dag.py:2585} INFO - Sync 1 DAGs
[2023-10-06T22:40:32.731+0000] {logging_mixin.py:120} INFO - [2023-10-06T22:40:32.730+0000] {dag.py:3340} INFO - Setting next_dagrun for example_bash_operator to 2023-10-05T00:00:00+00:00, run_after=2023-10-06T00:00:00+00:00
[2023-10-06T22:40:32.751+0000] {processor.py:176} INFO - Processing /home/airflow/.local/lib/python3.7/site-packages/airflow/example_dags/example_bash_operator.py took 0.135 seconds
[2023-10-06T22:41:03.196+0000] {processor.py:154} INFO - Started process (PID=803) to work on /home/airflow/.local/lib/python3.7/site-packages/airflow/example_dags/example_bash_operator.py
[2023-10-06T22:41:03.197+0000] {processor.py:756} INFO - Processing file /home/airflow/.local/lib/python3.7/site-packages/airflow/example_dags/example_bash_operator.py for tasks to queue
[2023-10-06T22:41:03.197+0000] {logging_mixin.py:120} INFO - [2023-10-06T22:41:03.197+0000] {dagbag.py:537} INFO - Filling up the DagBag from /home/airflow/.local/lib/python3.7/site-packages/airflow/example_dags/example_bash_operator.py
[2023-10-06T22:41:03.214+0000] {processor.py:766} INFO - DAG(s) dict_keys(['example_bash_operator']) retrieved from /home/airflow/.local/lib/python3.7/site-packages/airflow/example_dags/example_bash_operator.py
[2023-10-06T22:41:03.273+0000] {logging_mixin.py:120} INFO - [2023-10-06T22:41:03.273+0000] {dag.py:2585} INFO - Sync 1 DAGs
[2023-10-06T22:41:03.298+0000] {logging_mixin.py:120} INFO - [2023-10-06T22:41:03.298+0000] {dag.py:3340} INFO - Setting next_dagrun for example_bash_operator to 2023-10-05T00:00:00+00:00, run_after=2023-10-06T00:00:00+00:00
[2023-10-06T22:41:03.319+0000] {processor.py:176} INFO - Processing /home/airflow/.local/lib/python3.7/site-packages/airflow/example_dags/example_bash_operator.py took 0.126 seconds
[2023-10-06T22:41:33.681+0000] {processor.py:154} INFO - Started process (PID=866) to work on /home/airflow/.local/lib/python3.7/site-packages/airflow/example_dags/example_bash_operator.py
[2023-10-06T22:41:33.682+0000] {processor.py:756} INFO - Processing file /home/airflow/.local/lib/python3.7/site-packages/airflow/example_dags/example_bash_operator.py for tasks to queue
[2023-10-06T22:41:33.682+0000] {logging_mixin.py:120} INFO - [2023-10-06T22:41:33.682+0000] {dagbag.py:537} INFO - Filling up the DagBag from /home/airflow/.local/lib/python3.7/site-packages/airflow/example_dags/example_bash_operator.py
[2023-10-06T22:41:33.701+0000] {processor.py:766} INFO - DAG(s) dict_keys(['example_bash_operator']) retrieved from /home/airflow/.local/lib/python3.7/site-packages/airflow/example_dags/example_bash_operator.py
[2023-10-06T22:41:33.737+0000] {logging_mixin.py:120} INFO - [2023-10-06T22:41:33.737+0000] {dag.py:2585} INFO - Sync 1 DAGs
[2023-10-06T22:41:33.759+0000] {logging_mixin.py:120} INFO - [2023-10-06T22:41:33.759+0000] {dag.py:3340} INFO - Setting next_dagrun for example_bash_operator to 2023-10-05T00:00:00+00:00, run_after=2023-10-06T00:00:00+00:00
[2023-10-06T22:41:33.774+0000] {processor.py:176} INFO - Processing /home/airflow/.local/lib/python3.7/site-packages/airflow/example_dags/example_bash_operator.py took 0.095 seconds
[2023-10-06T22:42:04.130+0000] {processor.py:154} INFO - Started process (PID=929) to work on /home/airflow/.local/lib/python3.7/site-packages/airflow/example_dags/example_bash_operator.py
[2023-10-06T22:42:04.131+0000] {processor.py:756} INFO - Processing file /home/airflow/.local/lib/python3.7/site-packages/airflow/example_dags/example_bash_operator.py for tasks to queue
[2023-10-06T22:42:04.132+0000] {logging_mixin.py:120} INFO - [2023-10-06T22:42:04.132+0000] {dagbag.py:537} INFO - Filling up the DagBag from /home/airflow/.local/lib/python3.7/site-packages/airflow/example_dags/example_bash_operator.py
[2023-10-06T22:42:04.153+0000] {processor.py:766} INFO - DAG(s) dict_keys(['example_bash_operator']) retrieved from /home/airflow/.local/lib/python3.7/site-packages/airflow/example_dags/example_bash_operator.py
[2023-10-06T22:42:04.199+0000] {logging_mixin.py:120} INFO - [2023-10-06T22:42:04.198+0000] {dag.py:2585} INFO - Sync 1 DAGs
[2023-10-06T22:42:04.224+0000] {logging_mixin.py:120} INFO - [2023-10-06T22:42:04.224+0000] {dag.py:3340} INFO - Setting next_dagrun for example_bash_operator to 2023-10-05T00:00:00+00:00, run_after=2023-10-06T00:00:00+00:00
[2023-10-06T22:42:04.251+0000] {processor.py:176} INFO - Processing /home/airflow/.local/lib/python3.7/site-packages/airflow/example_dags/example_bash_operator.py took 0.124 seconds
[2023-10-06T22:42:34.494+0000] {processor.py:154} INFO - Started process (PID=992) to work on /home/airflow/.local/lib/python3.7/site-packages/airflow/example_dags/example_bash_operator.py
[2023-10-06T22:42:34.495+0000] {processor.py:756} INFO - Processing file /home/airflow/.local/lib/python3.7/site-packages/airflow/example_dags/example_bash_operator.py for tasks to queue
[2023-10-06T22:42:34.496+0000] {logging_mixin.py:120} INFO - [2023-10-06T22:42:34.496+0000] {dagbag.py:537} INFO - Filling up the DagBag from /home/airflow/.local/lib/python3.7/site-packages/airflow/example_dags/example_bash_operator.py
[2023-10-06T22:42:34.512+0000] {processor.py:766} INFO - DAG(s) dict_keys(['example_bash_operator']) retrieved from /home/airflow/.local/lib/python3.7/site-packages/airflow/example_dags/example_bash_operator.py
[2023-10-06T22:42:34.549+0000] {logging_mixin.py:120} INFO - [2023-10-06T22:42:34.549+0000] {dag.py:2585} INFO - Sync 1 DAGs
[2023-10-06T22:42:34.571+0000] {logging_mixin.py:120} INFO - [2023-10-06T22:42:34.571+0000] {dag.py:3340} INFO - Setting next_dagrun for example_bash_operator to 2023-10-05T00:00:00+00:00, run_after=2023-10-06T00:00:00+00:00
[2023-10-06T22:42:34.587+0000] {processor.py:176} INFO - Processing /home/airflow/.local/lib/python3.7/site-packages/airflow/example_dags/example_bash_operator.py took 0.095 seconds
[2023-10-06T22:43:04.883+0000] {processor.py:154} INFO - Started process (PID=1047) to work on /home/airflow/.local/lib/python3.7/site-packages/airflow/example_dags/example_bash_operator.py
[2023-10-06T22:43:04.884+0000] {processor.py:756} INFO - Processing file /home/airflow/.local/lib/python3.7/site-packages/airflow/example_dags/example_bash_operator.py for tasks to queue
[2023-10-06T22:43:04.884+0000] {logging_mixin.py:120} INFO - [2023-10-06T22:43:04.884+0000] {dagbag.py:537} INFO - Filling up the DagBag from /home/airflow/.local/lib/python3.7/site-packages/airflow/example_dags/example_bash_operator.py
[2023-10-06T22:43:04.899+0000] {processor.py:766} INFO - DAG(s) dict_keys(['example_bash_operator']) retrieved from /home/airflow/.local/lib/python3.7/site-packages/airflow/example_dags/example_bash_operator.py
[2023-10-06T22:43:04.932+0000] {logging_mixin.py:120} INFO - [2023-10-06T22:43:04.932+0000] {dag.py:2585} INFO - Sync 1 DAGs
[2023-10-06T22:43:04.952+0000] {logging_mixin.py:120} INFO - [2023-10-06T22:43:04.952+0000] {dag.py:3340} INFO - Setting next_dagrun for example_bash_operator to 2023-10-05T00:00:00+00:00, run_after=2023-10-06T00:00:00+00:00
[2023-10-06T22:43:04.969+0000] {processor.py:176} INFO - Processing /home/airflow/.local/lib/python3.7/site-packages/airflow/example_dags/example_bash_operator.py took 0.088 seconds
[2023-10-06T22:43:35.333+0000] {processor.py:154} INFO - Started process (PID=1111) to work on /home/airflow/.local/lib/python3.7/site-packages/airflow/example_dags/example_bash_operator.py
[2023-10-06T22:43:35.333+0000] {processor.py:756} INFO - Processing file /home/airflow/.local/lib/python3.7/site-packages/airflow/example_dags/example_bash_operator.py for tasks to queue
[2023-10-06T22:43:35.333+0000] {logging_mixin.py:120} INFO - [2023-10-06T22:43:35.333+0000] {dagbag.py:537} INFO - Filling up the DagBag from /home/airflow/.local/lib/python3.7/site-packages/airflow/example_dags/example_bash_operator.py
[2023-10-06T22:43:35.347+0000] {processor.py:766} INFO - DAG(s) dict_keys(['example_bash_operator']) retrieved from /home/airflow/.local/lib/python3.7/site-packages/airflow/example_dags/example_bash_operator.py
[2023-10-06T22:43:35.379+0000] {logging_mixin.py:120} INFO - [2023-10-06T22:43:35.379+0000] {dag.py:2585} INFO - Sync 1 DAGs
[2023-10-06T22:43:35.398+0000] {logging_mixin.py:120} INFO - [2023-10-06T22:43:35.398+0000] {dag.py:3340} INFO - Setting next_dagrun for example_bash_operator to 2023-10-05T00:00:00+00:00, run_after=2023-10-06T00:00:00+00:00
[2023-10-06T22:43:35.413+0000] {processor.py:176} INFO - Processing /home/airflow/.local/lib/python3.7/site-packages/airflow/example_dags/example_bash_operator.py took 0.083 seconds
[2023-10-06T22:44:05.632+0000] {processor.py:154} INFO - Started process (PID=1173) to work on /home/airflow/.local/lib/python3.7/site-packages/airflow/example_dags/example_bash_operator.py
[2023-10-06T22:44:05.633+0000] {processor.py:756} INFO - Processing file /home/airflow/.local/lib/python3.7/site-packages/airflow/example_dags/example_bash_operator.py for tasks to queue
[2023-10-06T22:44:05.633+0000] {logging_mixin.py:120} INFO - [2023-10-06T22:44:05.633+0000] {dagbag.py:537} INFO - Filling up the DagBag from /home/airflow/.local/lib/python3.7/site-packages/airflow/example_dags/example_bash_operator.py
[2023-10-06T22:44:05.648+0000] {processor.py:766} INFO - DAG(s) dict_keys(['example_bash_operator']) retrieved from /home/airflow/.local/lib/python3.7/site-packages/airflow/example_dags/example_bash_operator.py
[2023-10-06T22:44:05.680+0000] {logging_mixin.py:120} INFO - [2023-10-06T22:44:05.679+0000] {dag.py:2585} INFO - Sync 1 DAGs
[2023-10-06T22:44:05.698+0000] {logging_mixin.py:120} INFO - [2023-10-06T22:44:05.698+0000] {dag.py:3340} INFO - Setting next_dagrun for example_bash_operator to 2023-10-05T00:00:00+00:00, run_after=2023-10-06T00:00:00+00:00
[2023-10-06T22:44:05.714+0000] {processor.py:176} INFO - Processing /home/airflow/.local/lib/python3.7/site-packages/airflow/example_dags/example_bash_operator.py took 0.084 seconds
[2023-10-06T22:44:35.997+0000] {processor.py:154} INFO - Started process (PID=1237) to work on /home/airflow/.local/lib/python3.7/site-packages/airflow/example_dags/example_bash_operator.py
[2023-10-06T22:44:35.997+0000] {processor.py:756} INFO - Processing file /home/airflow/.local/lib/python3.7/site-packages/airflow/example_dags/example_bash_operator.py for tasks to queue
[2023-10-06T22:44:35.998+0000] {logging_mixin.py:120} INFO - [2023-10-06T22:44:35.998+0000] {dagbag.py:537} INFO - Filling up the DagBag from /home/airflow/.local/lib/python3.7/site-packages/airflow/example_dags/example_bash_operator.py
[2023-10-06T22:44:36.013+0000] {processor.py:766} INFO - DAG(s) dict_keys(['example_bash_operator']) retrieved from /home/airflow/.local/lib/python3.7/site-packages/airflow/example_dags/example_bash_operator.py
[2023-10-06T22:44:36.046+0000] {logging_mixin.py:120} INFO - [2023-10-06T22:44:36.046+0000] {dag.py:2585} INFO - Sync 1 DAGs
[2023-10-06T22:44:36.067+0000] {logging_mixin.py:120} INFO - [2023-10-06T22:44:36.066+0000] {dag.py:3340} INFO - Setting next_dagrun for example_bash_operator to 2023-10-05T00:00:00+00:00, run_after=2023-10-06T00:00:00+00:00
[2023-10-06T22:44:36.083+0000] {processor.py:176} INFO - Processing /home/airflow/.local/lib/python3.7/site-packages/airflow/example_dags/example_bash_operator.py took 0.089 seconds
[2023-10-06T22:45:06.326+0000] {processor.py:154} INFO - Started process (PID=1292) to work on /home/airflow/.local/lib/python3.7/site-packages/airflow/example_dags/example_bash_operator.py
[2023-10-06T22:45:06.327+0000] {processor.py:756} INFO - Processing file /home/airflow/.local/lib/python3.7/site-packages/airflow/example_dags/example_bash_operator.py for tasks to queue
[2023-10-06T22:45:06.328+0000] {logging_mixin.py:120} INFO - [2023-10-06T22:45:06.328+0000] {dagbag.py:537} INFO - Filling up the DagBag from /home/airflow/.local/lib/python3.7/site-packages/airflow/example_dags/example_bash_operator.py
[2023-10-06T22:45:06.347+0000] {processor.py:766} INFO - DAG(s) dict_keys(['example_bash_operator']) retrieved from /home/airflow/.local/lib/python3.7/site-packages/airflow/example_dags/example_bash_operator.py
[2023-10-06T22:45:06.384+0000] {logging_mixin.py:120} INFO - [2023-10-06T22:45:06.384+0000] {dag.py:2585} INFO - Sync 1 DAGs
[2023-10-06T22:45:06.405+0000] {logging_mixin.py:120} INFO - [2023-10-06T22:45:06.405+0000] {dag.py:3340} INFO - Setting next_dagrun for example_bash_operator to 2023-10-05T00:00:00+00:00, run_after=2023-10-06T00:00:00+00:00
[2023-10-06T22:45:06.425+0000] {processor.py:176} INFO - Processing /home/airflow/.local/lib/python3.7/site-packages/airflow/example_dags/example_bash_operator.py took 0.101 seconds
[2023-10-06T22:45:36.648+0000] {processor.py:154} INFO - Started process (PID=1356) to work on /home/airflow/.local/lib/python3.7/site-packages/airflow/example_dags/example_bash_operator.py
[2023-10-06T22:45:36.649+0000] {processor.py:756} INFO - Processing file /home/airflow/.local/lib/python3.7/site-packages/airflow/example_dags/example_bash_operator.py for tasks to queue
[2023-10-06T22:45:36.649+0000] {logging_mixin.py:120} INFO - [2023-10-06T22:45:36.649+0000] {dagbag.py:537} INFO - Filling up the DagBag from /home/airflow/.local/lib/python3.7/site-packages/airflow/example_dags/example_bash_operator.py
[2023-10-06T22:45:36.663+0000] {processor.py:766} INFO - DAG(s) dict_keys(['example_bash_operator']) retrieved from /home/airflow/.local/lib/python3.7/site-packages/airflow/example_dags/example_bash_operator.py
[2023-10-06T22:45:36.697+0000] {logging_mixin.py:120} INFO - [2023-10-06T22:45:36.697+0000] {dag.py:2585} INFO - Sync 1 DAGs
[2023-10-06T22:45:36.714+0000] {logging_mixin.py:120} INFO - [2023-10-06T22:45:36.714+0000] {dag.py:3340} INFO - Setting next_dagrun for example_bash_operator to 2023-10-05T00:00:00+00:00, run_after=2023-10-06T00:00:00+00:00
[2023-10-06T22:45:36.731+0000] {processor.py:176} INFO - Processing /home/airflow/.local/lib/python3.7/site-packages/airflow/example_dags/example_bash_operator.py took 0.084 seconds
[2023-10-06T22:46:07.152+0000] {processor.py:154} INFO - Started process (PID=1420) to work on /home/airflow/.local/lib/python3.7/site-packages/airflow/example_dags/example_bash_operator.py
[2023-10-06T22:46:07.153+0000] {processor.py:756} INFO - Processing file /home/airflow/.local/lib/python3.7/site-packages/airflow/example_dags/example_bash_operator.py for tasks to queue
[2023-10-06T22:46:07.153+0000] {logging_mixin.py:120} INFO - [2023-10-06T22:46:07.153+0000] {dagbag.py:537} INFO - Filling up the DagBag from /home/airflow/.local/lib/python3.7/site-packages/airflow/example_dags/example_bash_operator.py
[2023-10-06T22:46:07.168+0000] {processor.py:766} INFO - DAG(s) dict_keys(['example_bash_operator']) retrieved from /home/airflow/.local/lib/python3.7/site-packages/airflow/example_dags/example_bash_operator.py
[2023-10-06T22:46:07.206+0000] {logging_mixin.py:120} INFO - [2023-10-06T22:46:07.205+0000] {dag.py:2585} INFO - Sync 1 DAGs
[2023-10-06T22:46:07.226+0000] {logging_mixin.py:120} INFO - [2023-10-06T22:46:07.225+0000] {dag.py:3340} INFO - Setting next_dagrun for example_bash_operator to 2023-10-05T00:00:00+00:00, run_after=2023-10-06T00:00:00+00:00
[2023-10-06T22:46:07.244+0000] {processor.py:176} INFO - Processing /home/airflow/.local/lib/python3.7/site-packages/airflow/example_dags/example_bash_operator.py took 0.094 seconds
[2023-10-06T22:46:37.585+0000] {processor.py:154} INFO - Started process (PID=1485) to work on /home/airflow/.local/lib/python3.7/site-packages/airflow/example_dags/example_bash_operator.py
[2023-10-06T22:46:37.585+0000] {processor.py:756} INFO - Processing file /home/airflow/.local/lib/python3.7/site-packages/airflow/example_dags/example_bash_operator.py for tasks to queue
[2023-10-06T22:46:37.585+0000] {logging_mixin.py:120} INFO - [2023-10-06T22:46:37.585+0000] {dagbag.py:537} INFO - Filling up the DagBag from /home/airflow/.local/lib/python3.7/site-packages/airflow/example_dags/example_bash_operator.py
[2023-10-06T22:46:37.602+0000] {processor.py:766} INFO - DAG(s) dict_keys(['example_bash_operator']) retrieved from /home/airflow/.local/lib/python3.7/site-packages/airflow/example_dags/example_bash_operator.py
[2023-10-06T22:46:37.636+0000] {logging_mixin.py:120} INFO - [2023-10-06T22:46:37.636+0000] {dag.py:2585} INFO - Sync 1 DAGs
[2023-10-06T22:46:37.656+0000] {logging_mixin.py:120} INFO - [2023-10-06T22:46:37.656+0000] {dag.py:3340} INFO - Setting next_dagrun for example_bash_operator to 2023-10-05T00:00:00+00:00, run_after=2023-10-06T00:00:00+00:00
[2023-10-06T22:46:37.673+0000] {processor.py:176} INFO - Processing /home/airflow/.local/lib/python3.7/site-packages/airflow/example_dags/example_bash_operator.py took 0.090 seconds
[2023-10-06T22:47:07.964+0000] {processor.py:154} INFO - Started process (PID=1540) to work on /home/airflow/.local/lib/python3.7/site-packages/airflow/example_dags/example_bash_operator.py
[2023-10-06T22:47:07.965+0000] {processor.py:756} INFO - Processing file /home/airflow/.local/lib/python3.7/site-packages/airflow/example_dags/example_bash_operator.py for tasks to queue
[2023-10-06T22:47:07.966+0000] {logging_mixin.py:120} INFO - [2023-10-06T22:47:07.966+0000] {dagbag.py:537} INFO - Filling up the DagBag from /home/airflow/.local/lib/python3.7/site-packages/airflow/example_dags/example_bash_operator.py
[2023-10-06T22:47:07.984+0000] {processor.py:766} INFO - DAG(s) dict_keys(['example_bash_operator']) retrieved from /home/airflow/.local/lib/python3.7/site-packages/airflow/example_dags/example_bash_operator.py
[2023-10-06T22:47:08.025+0000] {logging_mixin.py:120} INFO - [2023-10-06T22:47:08.025+0000] {dag.py:2585} INFO - Sync 1 DAGs
[2023-10-06T22:47:08.045+0000] {logging_mixin.py:120} INFO - [2023-10-06T22:47:08.045+0000] {dag.py:3340} INFO - Setting next_dagrun for example_bash_operator to 2023-10-05T00:00:00+00:00, run_after=2023-10-06T00:00:00+00:00
[2023-10-06T22:47:08.061+0000] {processor.py:176} INFO - Processing /home/airflow/.local/lib/python3.7/site-packages/airflow/example_dags/example_bash_operator.py took 0.099 seconds
[2023-10-06T22:47:38.312+0000] {processor.py:154} INFO - Started process (PID=1603) to work on /home/airflow/.local/lib/python3.7/site-packages/airflow/example_dags/example_bash_operator.py
[2023-10-06T22:47:38.312+0000] {processor.py:756} INFO - Processing file /home/airflow/.local/lib/python3.7/site-packages/airflow/example_dags/example_bash_operator.py for tasks to queue
[2023-10-06T22:47:38.312+0000] {logging_mixin.py:120} INFO - [2023-10-06T22:47:38.312+0000] {dagbag.py:537} INFO - Filling up the DagBag from /home/airflow/.local/lib/python3.7/site-packages/airflow/example_dags/example_bash_operator.py
[2023-10-06T22:47:38.328+0000] {processor.py:766} INFO - DAG(s) dict_keys(['example_bash_operator']) retrieved from /home/airflow/.local/lib/python3.7/site-packages/airflow/example_dags/example_bash_operator.py
[2023-10-06T22:47:38.361+0000] {logging_mixin.py:120} INFO - [2023-10-06T22:47:38.361+0000] {dag.py:2585} INFO - Sync 1 DAGs
[2023-10-06T22:47:38.382+0000] {logging_mixin.py:120} INFO - [2023-10-06T22:47:38.382+0000] {dag.py:3340} INFO - Setting next_dagrun for example_bash_operator to 2023-10-05T00:00:00+00:00, run_after=2023-10-06T00:00:00+00:00
[2023-10-06T22:47:38.401+0000] {processor.py:176} INFO - Processing /home/airflow/.local/lib/python3.7/site-packages/airflow/example_dags/example_bash_operator.py took 0.091 seconds
[2023-10-06T22:48:08.713+0000] {processor.py:154} INFO - Started process (PID=1667) to work on /home/airflow/.local/lib/python3.7/site-packages/airflow/example_dags/example_bash_operator.py
[2023-10-06T22:48:08.715+0000] {processor.py:756} INFO - Processing file /home/airflow/.local/lib/python3.7/site-packages/airflow/example_dags/example_bash_operator.py for tasks to queue
[2023-10-06T22:48:08.715+0000] {logging_mixin.py:120} INFO - [2023-10-06T22:48:08.715+0000] {dagbag.py:537} INFO - Filling up the DagBag from /home/airflow/.local/lib/python3.7/site-packages/airflow/example_dags/example_bash_operator.py
[2023-10-06T22:48:08.731+0000] {processor.py:766} INFO - DAG(s) dict_keys(['example_bash_operator']) retrieved from /home/airflow/.local/lib/python3.7/site-packages/airflow/example_dags/example_bash_operator.py
[2023-10-06T22:48:08.768+0000] {logging_mixin.py:120} INFO - [2023-10-06T22:48:08.768+0000] {dag.py:2585} INFO - Sync 1 DAGs
[2023-10-06T22:48:08.790+0000] {logging_mixin.py:120} INFO - [2023-10-06T22:48:08.790+0000] {dag.py:3340} INFO - Setting next_dagrun for example_bash_operator to 2023-10-05T00:00:00+00:00, run_after=2023-10-06T00:00:00+00:00
[2023-10-06T22:48:08.808+0000] {processor.py:176} INFO - Processing /home/airflow/.local/lib/python3.7/site-packages/airflow/example_dags/example_bash_operator.py took 0.097 seconds
[2023-10-06T22:48:39.356+0000] {processor.py:154} INFO - Started process (PID=1730) to work on /home/airflow/.local/lib/python3.7/site-packages/airflow/example_dags/example_bash_operator.py
[2023-10-06T22:48:39.356+0000] {processor.py:756} INFO - Processing file /home/airflow/.local/lib/python3.7/site-packages/airflow/example_dags/example_bash_operator.py for tasks to queue
[2023-10-06T22:48:39.357+0000] {logging_mixin.py:120} INFO - [2023-10-06T22:48:39.357+0000] {dagbag.py:537} INFO - Filling up the DagBag from /home/airflow/.local/lib/python3.7/site-packages/airflow/example_dags/example_bash_operator.py
[2023-10-06T22:48:39.372+0000] {processor.py:766} INFO - DAG(s) dict_keys(['example_bash_operator']) retrieved from /home/airflow/.local/lib/python3.7/site-packages/airflow/example_dags/example_bash_operator.py
[2023-10-06T22:48:39.406+0000] {logging_mixin.py:120} INFO - [2023-10-06T22:48:39.406+0000] {dag.py:2585} INFO - Sync 1 DAGs
[2023-10-06T22:48:39.423+0000] {logging_mixin.py:120} INFO - [2023-10-06T22:48:39.422+0000] {dag.py:3340} INFO - Setting next_dagrun for example_bash_operator to 2023-10-05T00:00:00+00:00, run_after=2023-10-06T00:00:00+00:00
[2023-10-06T22:48:39.437+0000] {processor.py:176} INFO - Processing /home/airflow/.local/lib/python3.7/site-packages/airflow/example_dags/example_bash_operator.py took 0.084 seconds
[2023-10-06T22:49:09.745+0000] {processor.py:154} INFO - Started process (PID=1785) to work on /home/airflow/.local/lib/python3.7/site-packages/airflow/example_dags/example_bash_operator.py
[2023-10-06T22:49:09.747+0000] {processor.py:756} INFO - Processing file /home/airflow/.local/lib/python3.7/site-packages/airflow/example_dags/example_bash_operator.py for tasks to queue
[2023-10-06T22:49:09.747+0000] {logging_mixin.py:120} INFO - [2023-10-06T22:49:09.747+0000] {dagbag.py:537} INFO - Filling up the DagBag from /home/airflow/.local/lib/python3.7/site-packages/airflow/example_dags/example_bash_operator.py
[2023-10-06T22:49:09.765+0000] {processor.py:766} INFO - DAG(s) dict_keys(['example_bash_operator']) retrieved from /home/airflow/.local/lib/python3.7/site-packages/airflow/example_dags/example_bash_operator.py
[2023-10-06T22:49:09.802+0000] {logging_mixin.py:120} INFO - [2023-10-06T22:49:09.802+0000] {dag.py:2585} INFO - Sync 1 DAGs
[2023-10-06T22:49:09.822+0000] {logging_mixin.py:120} INFO - [2023-10-06T22:49:09.821+0000] {dag.py:3340} INFO - Setting next_dagrun for example_bash_operator to 2023-10-05T00:00:00+00:00, run_after=2023-10-06T00:00:00+00:00
[2023-10-06T22:49:09.837+0000] {processor.py:176} INFO - Processing /home/airflow/.local/lib/python3.7/site-packages/airflow/example_dags/example_bash_operator.py took 0.094 seconds
[2023-10-06T22:49:40.091+0000] {processor.py:154} INFO - Started process (PID=1849) to work on /home/airflow/.local/lib/python3.7/site-packages/airflow/example_dags/example_bash_operator.py
[2023-10-06T22:49:40.091+0000] {processor.py:756} INFO - Processing file /home/airflow/.local/lib/python3.7/site-packages/airflow/example_dags/example_bash_operator.py for tasks to queue
[2023-10-06T22:49:40.092+0000] {logging_mixin.py:120} INFO - [2023-10-06T22:49:40.092+0000] {dagbag.py:537} INFO - Filling up the DagBag from /home/airflow/.local/lib/python3.7/site-packages/airflow/example_dags/example_bash_operator.py
[2023-10-06T22:49:40.107+0000] {processor.py:766} INFO - DAG(s) dict_keys(['example_bash_operator']) retrieved from /home/airflow/.local/lib/python3.7/site-packages/airflow/example_dags/example_bash_operator.py
[2023-10-06T22:49:40.140+0000] {logging_mixin.py:120} INFO - [2023-10-06T22:49:40.140+0000] {dag.py:2585} INFO - Sync 1 DAGs
[2023-10-06T22:49:40.159+0000] {logging_mixin.py:120} INFO - [2023-10-06T22:49:40.159+0000] {dag.py:3340} INFO - Setting next_dagrun for example_bash_operator to 2023-10-05T00:00:00+00:00, run_after=2023-10-06T00:00:00+00:00
[2023-10-06T22:49:40.174+0000] {processor.py:176} INFO - Processing /home/airflow/.local/lib/python3.7/site-packages/airflow/example_dags/example_bash_operator.py took 0.085 seconds
[2023-10-06T22:50:10.365+0000] {processor.py:154} INFO - Started process (PID=1913) to work on /home/airflow/.local/lib/python3.7/site-packages/airflow/example_dags/example_bash_operator.py
[2023-10-06T22:50:10.366+0000] {processor.py:756} INFO - Processing file /home/airflow/.local/lib/python3.7/site-packages/airflow/example_dags/example_bash_operator.py for tasks to queue
[2023-10-06T22:50:10.367+0000] {logging_mixin.py:120} INFO - [2023-10-06T22:50:10.366+0000] {dagbag.py:537} INFO - Filling up the DagBag from /home/airflow/.local/lib/python3.7/site-packages/airflow/example_dags/example_bash_operator.py
[2023-10-06T22:50:10.383+0000] {processor.py:766} INFO - DAG(s) dict_keys(['example_bash_operator']) retrieved from /home/airflow/.local/lib/python3.7/site-packages/airflow/example_dags/example_bash_operator.py
[2023-10-06T22:50:10.421+0000] {logging_mixin.py:120} INFO - [2023-10-06T22:50:10.421+0000] {dag.py:2585} INFO - Sync 1 DAGs
[2023-10-06T22:50:10.443+0000] {logging_mixin.py:120} INFO - [2023-10-06T22:50:10.443+0000] {dag.py:3340} INFO - Setting next_dagrun for example_bash_operator to 2023-10-05T00:00:00+00:00, run_after=2023-10-06T00:00:00+00:00
[2023-10-06T22:50:10.459+0000] {processor.py:176} INFO - Processing /home/airflow/.local/lib/python3.7/site-packages/airflow/example_dags/example_bash_operator.py took 0.097 seconds
[2023-10-06T22:50:40.640+0000] {processor.py:154} INFO - Started process (PID=1978) to work on /home/airflow/.local/lib/python3.7/site-packages/airflow/example_dags/example_bash_operator.py
[2023-10-06T22:50:40.641+0000] {processor.py:756} INFO - Processing file /home/airflow/.local/lib/python3.7/site-packages/airflow/example_dags/example_bash_operator.py for tasks to queue
[2023-10-06T22:50:40.641+0000] {logging_mixin.py:120} INFO - [2023-10-06T22:50:40.641+0000] {dagbag.py:537} INFO - Filling up the DagBag from /home/airflow/.local/lib/python3.7/site-packages/airflow/example_dags/example_bash_operator.py
[2023-10-06T22:50:40.655+0000] {processor.py:766} INFO - DAG(s) dict_keys(['example_bash_operator']) retrieved from /home/airflow/.local/lib/python3.7/site-packages/airflow/example_dags/example_bash_operator.py
[2023-10-06T22:50:40.687+0000] {logging_mixin.py:120} INFO - [2023-10-06T22:50:40.687+0000] {dag.py:2585} INFO - Sync 1 DAGs
[2023-10-06T22:50:40.704+0000] {logging_mixin.py:120} INFO - [2023-10-06T22:50:40.704+0000] {dag.py:3340} INFO - Setting next_dagrun for example_bash_operator to 2023-10-05T00:00:00+00:00, run_after=2023-10-06T00:00:00+00:00
[2023-10-06T22:50:40.718+0000] {processor.py:176} INFO - Processing /home/airflow/.local/lib/python3.7/site-packages/airflow/example_dags/example_bash_operator.py took 0.080 seconds
[2023-10-06T22:51:11.156+0000] {processor.py:154} INFO - Started process (PID=2042) to work on /home/airflow/.local/lib/python3.7/site-packages/airflow/example_dags/example_bash_operator.py
[2023-10-06T22:51:11.157+0000] {processor.py:756} INFO - Processing file /home/airflow/.local/lib/python3.7/site-packages/airflow/example_dags/example_bash_operator.py for tasks to queue
[2023-10-06T22:51:11.157+0000] {logging_mixin.py:120} INFO - [2023-10-06T22:51:11.157+0000] {dagbag.py:537} INFO - Filling up the DagBag from /home/airflow/.local/lib/python3.7/site-packages/airflow/example_dags/example_bash_operator.py
[2023-10-06T22:51:11.177+0000] {processor.py:766} INFO - DAG(s) dict_keys(['example_bash_operator']) retrieved from /home/airflow/.local/lib/python3.7/site-packages/airflow/example_dags/example_bash_operator.py
[2023-10-06T22:51:11.216+0000] {logging_mixin.py:120} INFO - [2023-10-06T22:51:11.216+0000] {dag.py:2585} INFO - Sync 1 DAGs
[2023-10-06T22:51:11.237+0000] {logging_mixin.py:120} INFO - [2023-10-06T22:51:11.237+0000] {dag.py:3340} INFO - Setting next_dagrun for example_bash_operator to 2023-10-05T00:00:00+00:00, run_after=2023-10-06T00:00:00+00:00
[2023-10-06T22:51:11.257+0000] {processor.py:176} INFO - Processing /home/airflow/.local/lib/python3.7/site-packages/airflow/example_dags/example_bash_operator.py took 0.103 seconds
[2023-10-06T22:51:41.753+0000] {processor.py:154} INFO - Started process (PID=2096) to work on /home/airflow/.local/lib/python3.7/site-packages/airflow/example_dags/example_bash_operator.py
[2023-10-06T22:51:41.753+0000] {processor.py:756} INFO - Processing file /home/airflow/.local/lib/python3.7/site-packages/airflow/example_dags/example_bash_operator.py for tasks to queue
[2023-10-06T22:51:41.754+0000] {logging_mixin.py:120} INFO - [2023-10-06T22:51:41.754+0000] {dagbag.py:537} INFO - Filling up the DagBag from /home/airflow/.local/lib/python3.7/site-packages/airflow/example_dags/example_bash_operator.py
[2023-10-06T22:51:41.768+0000] {processor.py:766} INFO - DAG(s) dict_keys(['example_bash_operator']) retrieved from /home/airflow/.local/lib/python3.7/site-packages/airflow/example_dags/example_bash_operator.py
[2023-10-06T22:51:41.803+0000] {logging_mixin.py:120} INFO - [2023-10-06T22:51:41.802+0000] {dag.py:2585} INFO - Sync 1 DAGs
[2023-10-06T22:51:41.820+0000] {logging_mixin.py:120} INFO - [2023-10-06T22:51:41.820+0000] {dag.py:3340} INFO - Setting next_dagrun for example_bash_operator to 2023-10-05T00:00:00+00:00, run_after=2023-10-06T00:00:00+00:00
[2023-10-06T22:51:41.833+0000] {processor.py:176} INFO - Processing /home/airflow/.local/lib/python3.7/site-packages/airflow/example_dags/example_bash_operator.py took 0.082 seconds
[2023-10-06T22:52:12.121+0000] {processor.py:154} INFO - Started process (PID=2160) to work on /home/airflow/.local/lib/python3.7/site-packages/airflow/example_dags/example_bash_operator.py
[2023-10-06T22:52:12.122+0000] {processor.py:756} INFO - Processing file /home/airflow/.local/lib/python3.7/site-packages/airflow/example_dags/example_bash_operator.py for tasks to queue
[2023-10-06T22:52:12.123+0000] {logging_mixin.py:120} INFO - [2023-10-06T22:52:12.123+0000] {dagbag.py:537} INFO - Filling up the DagBag from /home/airflow/.local/lib/python3.7/site-packages/airflow/example_dags/example_bash_operator.py
[2023-10-06T22:52:12.137+0000] {processor.py:766} INFO - DAG(s) dict_keys(['example_bash_operator']) retrieved from /home/airflow/.local/lib/python3.7/site-packages/airflow/example_dags/example_bash_operator.py
[2023-10-06T22:52:12.171+0000] {logging_mixin.py:120} INFO - [2023-10-06T22:52:12.171+0000] {dag.py:2585} INFO - Sync 1 DAGs
[2023-10-06T22:52:12.190+0000] {logging_mixin.py:120} INFO - [2023-10-06T22:52:12.190+0000] {dag.py:3340} INFO - Setting next_dagrun for example_bash_operator to 2023-10-05T00:00:00+00:00, run_after=2023-10-06T00:00:00+00:00
[2023-10-06T22:52:12.206+0000] {processor.py:176} INFO - Processing /home/airflow/.local/lib/python3.7/site-packages/airflow/example_dags/example_bash_operator.py took 0.087 seconds
[2023-10-06T22:52:42.355+0000] {processor.py:154} INFO - Started process (PID=2225) to work on /home/airflow/.local/lib/python3.7/site-packages/airflow/example_dags/example_bash_operator.py
[2023-10-06T22:52:42.356+0000] {processor.py:756} INFO - Processing file /home/airflow/.local/lib/python3.7/site-packages/airflow/example_dags/example_bash_operator.py for tasks to queue
[2023-10-06T22:52:42.356+0000] {logging_mixin.py:120} INFO - [2023-10-06T22:52:42.356+0000] {dagbag.py:537} INFO - Filling up the DagBag from /home/airflow/.local/lib/python3.7/site-packages/airflow/example_dags/example_bash_operator.py
[2023-10-06T22:52:42.371+0000] {processor.py:766} INFO - DAG(s) dict_keys(['example_bash_operator']) retrieved from /home/airflow/.local/lib/python3.7/site-packages/airflow/example_dags/example_bash_operator.py
[2023-10-06T22:52:42.404+0000] {logging_mixin.py:120} INFO - [2023-10-06T22:52:42.404+0000] {dag.py:2585} INFO - Sync 1 DAGs
[2023-10-06T22:52:42.424+0000] {logging_mixin.py:120} INFO - [2023-10-06T22:52:42.424+0000] {dag.py:3340} INFO - Setting next_dagrun for example_bash_operator to 2023-10-05T00:00:00+00:00, run_after=2023-10-06T00:00:00+00:00
[2023-10-06T22:52:42.440+0000] {processor.py:176} INFO - Processing /home/airflow/.local/lib/python3.7/site-packages/airflow/example_dags/example_bash_operator.py took 0.087 seconds
[2023-10-06T22:53:12.598+0000] {processor.py:154} INFO - Started process (PID=2289) to work on /home/airflow/.local/lib/python3.7/site-packages/airflow/example_dags/example_bash_operator.py
[2023-10-06T22:53:12.599+0000] {processor.py:756} INFO - Processing file /home/airflow/.local/lib/python3.7/site-packages/airflow/example_dags/example_bash_operator.py for tasks to queue
[2023-10-06T22:53:12.599+0000] {logging_mixin.py:120} INFO - [2023-10-06T22:53:12.599+0000] {dagbag.py:537} INFO - Filling up the DagBag from /home/airflow/.local/lib/python3.7/site-packages/airflow/example_dags/example_bash_operator.py
[2023-10-06T22:53:12.617+0000] {processor.py:766} INFO - DAG(s) dict_keys(['example_bash_operator']) retrieved from /home/airflow/.local/lib/python3.7/site-packages/airflow/example_dags/example_bash_operator.py
[2023-10-06T22:53:12.653+0000] {logging_mixin.py:120} INFO - [2023-10-06T22:53:12.653+0000] {dag.py:2585} INFO - Sync 1 DAGs
[2023-10-06T22:53:12.674+0000] {logging_mixin.py:120} INFO - [2023-10-06T22:53:12.674+0000] {dag.py:3340} INFO - Setting next_dagrun for example_bash_operator to 2023-10-05T00:00:00+00:00, run_after=2023-10-06T00:00:00+00:00
[2023-10-06T22:53:12.691+0000] {processor.py:176} INFO - Processing /home/airflow/.local/lib/python3.7/site-packages/airflow/example_dags/example_bash_operator.py took 0.095 seconds
[2023-10-06T22:53:42.772+0000] {processor.py:154} INFO - Started process (PID=2344) to work on /home/airflow/.local/lib/python3.7/site-packages/airflow/example_dags/example_bash_operator.py
[2023-10-06T22:53:42.772+0000] {processor.py:756} INFO - Processing file /home/airflow/.local/lib/python3.7/site-packages/airflow/example_dags/example_bash_operator.py for tasks to queue
[2023-10-06T22:53:42.772+0000] {logging_mixin.py:120} INFO - [2023-10-06T22:53:42.772+0000] {dagbag.py:537} INFO - Filling up the DagBag from /home/airflow/.local/lib/python3.7/site-packages/airflow/example_dags/example_bash_operator.py
[2023-10-06T22:53:42.787+0000] {processor.py:766} INFO - DAG(s) dict_keys(['example_bash_operator']) retrieved from /home/airflow/.local/lib/python3.7/site-packages/airflow/example_dags/example_bash_operator.py
[2023-10-06T22:53:42.819+0000] {logging_mixin.py:120} INFO - [2023-10-06T22:53:42.819+0000] {dag.py:2585} INFO - Sync 1 DAGs
[2023-10-06T22:53:42.837+0000] {logging_mixin.py:120} INFO - [2023-10-06T22:53:42.837+0000] {dag.py:3340} INFO - Setting next_dagrun for example_bash_operator to 2023-10-05T00:00:00+00:00, run_after=2023-10-06T00:00:00+00:00
[2023-10-06T22:53:42.852+0000] {processor.py:176} INFO - Processing /home/airflow/.local/lib/python3.7/site-packages/airflow/example_dags/example_bash_operator.py took 0.082 seconds
[2023-10-06T22:54:13.016+0000] {processor.py:154} INFO - Started process (PID=2408) to work on /home/airflow/.local/lib/python3.7/site-packages/airflow/example_dags/example_bash_operator.py
[2023-10-06T22:54:13.017+0000] {processor.py:756} INFO - Processing file /home/airflow/.local/lib/python3.7/site-packages/airflow/example_dags/example_bash_operator.py for tasks to queue
[2023-10-06T22:54:13.018+0000] {logging_mixin.py:120} INFO - [2023-10-06T22:54:13.017+0000] {dagbag.py:537} INFO - Filling up the DagBag from /home/airflow/.local/lib/python3.7/site-packages/airflow/example_dags/example_bash_operator.py
[2023-10-06T22:54:13.032+0000] {processor.py:766} INFO - DAG(s) dict_keys(['example_bash_operator']) retrieved from /home/airflow/.local/lib/python3.7/site-packages/airflow/example_dags/example_bash_operator.py
[2023-10-06T22:54:13.065+0000] {logging_mixin.py:120} INFO - [2023-10-06T22:54:13.064+0000] {dag.py:2585} INFO - Sync 1 DAGs
[2023-10-06T22:54:13.082+0000] {logging_mixin.py:120} INFO - [2023-10-06T22:54:13.082+0000] {dag.py:3340} INFO - Setting next_dagrun for example_bash_operator to 2023-10-05T00:00:00+00:00, run_after=2023-10-06T00:00:00+00:00
[2023-10-06T22:54:13.097+0000] {processor.py:176} INFO - Processing /home/airflow/.local/lib/python3.7/site-packages/airflow/example_dags/example_bash_operator.py took 0.083 seconds
[2023-10-06T22:54:43.316+0000] {processor.py:154} INFO - Started process (PID=2472) to work on /home/airflow/.local/lib/python3.7/site-packages/airflow/example_dags/example_bash_operator.py
[2023-10-06T22:54:43.316+0000] {processor.py:756} INFO - Processing file /home/airflow/.local/lib/python3.7/site-packages/airflow/example_dags/example_bash_operator.py for tasks to queue
[2023-10-06T22:54:43.317+0000] {logging_mixin.py:120} INFO - [2023-10-06T22:54:43.316+0000] {dagbag.py:537} INFO - Filling up the DagBag from /home/airflow/.local/lib/python3.7/site-packages/airflow/example_dags/example_bash_operator.py
[2023-10-06T22:54:43.331+0000] {processor.py:766} INFO - DAG(s) dict_keys(['example_bash_operator']) retrieved from /home/airflow/.local/lib/python3.7/site-packages/airflow/example_dags/example_bash_operator.py
[2023-10-06T22:54:43.366+0000] {logging_mixin.py:120} INFO - [2023-10-06T22:54:43.365+0000] {dag.py:2585} INFO - Sync 1 DAGs
[2023-10-06T22:54:43.383+0000] {logging_mixin.py:120} INFO - [2023-10-06T22:54:43.383+0000] {dag.py:3340} INFO - Setting next_dagrun for example_bash_operator to 2023-10-05T00:00:00+00:00, run_after=2023-10-06T00:00:00+00:00
[2023-10-06T22:54:43.399+0000] {processor.py:176} INFO - Processing /home/airflow/.local/lib/python3.7/site-packages/airflow/example_dags/example_bash_operator.py took 0.085 seconds
[2023-10-06T22:55:13.651+0000] {processor.py:154} INFO - Started process (PID=2535) to work on /home/airflow/.local/lib/python3.7/site-packages/airflow/example_dags/example_bash_operator.py
[2023-10-06T22:55:13.652+0000] {processor.py:756} INFO - Processing file /home/airflow/.local/lib/python3.7/site-packages/airflow/example_dags/example_bash_operator.py for tasks to queue
[2023-10-06T22:55:13.653+0000] {logging_mixin.py:120} INFO - [2023-10-06T22:55:13.652+0000] {dagbag.py:537} INFO - Filling up the DagBag from /home/airflow/.local/lib/python3.7/site-packages/airflow/example_dags/example_bash_operator.py
[2023-10-06T22:55:13.667+0000] {processor.py:766} INFO - DAG(s) dict_keys(['example_bash_operator']) retrieved from /home/airflow/.local/lib/python3.7/site-packages/airflow/example_dags/example_bash_operator.py
[2023-10-06T22:55:13.700+0000] {logging_mixin.py:120} INFO - [2023-10-06T22:55:13.700+0000] {dag.py:2585} INFO - Sync 1 DAGs
[2023-10-06T22:55:13.718+0000] {logging_mixin.py:120} INFO - [2023-10-06T22:55:13.718+0000] {dag.py:3340} INFO - Setting next_dagrun for example_bash_operator to 2023-10-05T00:00:00+00:00, run_after=2023-10-06T00:00:00+00:00
[2023-10-06T22:55:13.734+0000] {processor.py:176} INFO - Processing /home/airflow/.local/lib/python3.7/site-packages/airflow/example_dags/example_bash_operator.py took 0.086 seconds
[2023-10-06T22:55:43.878+0000] {processor.py:154} INFO - Started process (PID=2590) to work on /home/airflow/.local/lib/python3.7/site-packages/airflow/example_dags/example_bash_operator.py
[2023-10-06T22:55:43.878+0000] {processor.py:756} INFO - Processing file /home/airflow/.local/lib/python3.7/site-packages/airflow/example_dags/example_bash_operator.py for tasks to queue
[2023-10-06T22:55:43.879+0000] {logging_mixin.py:120} INFO - [2023-10-06T22:55:43.879+0000] {dagbag.py:537} INFO - Filling up the DagBag from /home/airflow/.local/lib/python3.7/site-packages/airflow/example_dags/example_bash_operator.py
[2023-10-06T22:55:43.894+0000] {processor.py:766} INFO - DAG(s) dict_keys(['example_bash_operator']) retrieved from /home/airflow/.local/lib/python3.7/site-packages/airflow/example_dags/example_bash_operator.py
[2023-10-06T22:55:43.930+0000] {logging_mixin.py:120} INFO - [2023-10-06T22:55:43.930+0000] {dag.py:2585} INFO - Sync 1 DAGs
[2023-10-06T22:55:43.951+0000] {logging_mixin.py:120} INFO - [2023-10-06T22:55:43.951+0000] {dag.py:3340} INFO - Setting next_dagrun for example_bash_operator to 2023-10-05T00:00:00+00:00, run_after=2023-10-06T00:00:00+00:00
[2023-10-06T22:55:43.968+0000] {processor.py:176} INFO - Processing /home/airflow/.local/lib/python3.7/site-packages/airflow/example_dags/example_bash_operator.py took 0.092 seconds
[2023-10-06T22:56:14.390+0000] {processor.py:154} INFO - Started process (PID=2654) to work on /home/airflow/.local/lib/python3.7/site-packages/airflow/example_dags/example_bash_operator.py
[2023-10-06T22:56:14.391+0000] {processor.py:756} INFO - Processing file /home/airflow/.local/lib/python3.7/site-packages/airflow/example_dags/example_bash_operator.py for tasks to queue
[2023-10-06T22:56:14.391+0000] {logging_mixin.py:120} INFO - [2023-10-06T22:56:14.391+0000] {dagbag.py:537} INFO - Filling up the DagBag from /home/airflow/.local/lib/python3.7/site-packages/airflow/example_dags/example_bash_operator.py
[2023-10-06T22:56:14.405+0000] {processor.py:766} INFO - DAG(s) dict_keys(['example_bash_operator']) retrieved from /home/airflow/.local/lib/python3.7/site-packages/airflow/example_dags/example_bash_operator.py
[2023-10-06T22:56:14.436+0000] {logging_mixin.py:120} INFO - [2023-10-06T22:56:14.436+0000] {dag.py:2585} INFO - Sync 1 DAGs
[2023-10-06T22:56:14.453+0000] {logging_mixin.py:120} INFO - [2023-10-06T22:56:14.453+0000] {dag.py:3340} INFO - Setting next_dagrun for example_bash_operator to 2023-10-05T00:00:00+00:00, run_after=2023-10-06T00:00:00+00:00
[2023-10-06T22:56:14.469+0000] {processor.py:176} INFO - Processing /home/airflow/.local/lib/python3.7/site-packages/airflow/example_dags/example_bash_operator.py took 0.082 seconds
[2023-10-06T22:56:44.526+0000] {processor.py:154} INFO - Started process (PID=2717) to work on /home/airflow/.local/lib/python3.7/site-packages/airflow/example_dags/example_bash_operator.py
[2023-10-06T22:56:44.526+0000] {processor.py:756} INFO - Processing file /home/airflow/.local/lib/python3.7/site-packages/airflow/example_dags/example_bash_operator.py for tasks to queue
[2023-10-06T22:56:44.526+0000] {logging_mixin.py:120} INFO - [2023-10-06T22:56:44.526+0000] {dagbag.py:537} INFO - Filling up the DagBag from /home/airflow/.local/lib/python3.7/site-packages/airflow/example_dags/example_bash_operator.py
[2023-10-06T22:56:44.541+0000] {processor.py:766} INFO - DAG(s) dict_keys(['example_bash_operator']) retrieved from /home/airflow/.local/lib/python3.7/site-packages/airflow/example_dags/example_bash_operator.py
[2023-10-06T22:56:44.574+0000] {logging_mixin.py:120} INFO - [2023-10-06T22:56:44.574+0000] {dag.py:2585} INFO - Sync 1 DAGs
[2023-10-06T22:56:44.594+0000] {logging_mixin.py:120} INFO - [2023-10-06T22:56:44.594+0000] {dag.py:3340} INFO - Setting next_dagrun for example_bash_operator to 2023-10-05T00:00:00+00:00, run_after=2023-10-06T00:00:00+00:00
[2023-10-06T22:56:44.613+0000] {processor.py:176} INFO - Processing /home/airflow/.local/lib/python3.7/site-packages/airflow/example_dags/example_bash_operator.py took 0.090 seconds
[2023-10-06T22:57:14.782+0000] {processor.py:154} INFO - Started process (PID=2781) to work on /home/airflow/.local/lib/python3.7/site-packages/airflow/example_dags/example_bash_operator.py
[2023-10-06T22:57:14.783+0000] {processor.py:756} INFO - Processing file /home/airflow/.local/lib/python3.7/site-packages/airflow/example_dags/example_bash_operator.py for tasks to queue
[2023-10-06T22:57:14.783+0000] {logging_mixin.py:120} INFO - [2023-10-06T22:57:14.783+0000] {dagbag.py:537} INFO - Filling up the DagBag from /home/airflow/.local/lib/python3.7/site-packages/airflow/example_dags/example_bash_operator.py
[2023-10-06T22:57:14.798+0000] {processor.py:766} INFO - DAG(s) dict_keys(['example_bash_operator']) retrieved from /home/airflow/.local/lib/python3.7/site-packages/airflow/example_dags/example_bash_operator.py
[2023-10-06T22:57:14.832+0000] {logging_mixin.py:120} INFO - [2023-10-06T22:57:14.832+0000] {dag.py:2585} INFO - Sync 1 DAGs
[2023-10-06T22:57:14.851+0000] {logging_mixin.py:120} INFO - [2023-10-06T22:57:14.851+0000] {dag.py:3340} INFO - Setting next_dagrun for example_bash_operator to 2023-10-05T00:00:00+00:00, run_after=2023-10-06T00:00:00+00:00
[2023-10-06T22:57:14.865+0000] {processor.py:176} INFO - Processing /home/airflow/.local/lib/python3.7/site-packages/airflow/example_dags/example_bash_operator.py took 0.086 seconds
[2023-10-06T22:57:45.099+0000] {processor.py:154} INFO - Started process (PID=2836) to work on /home/airflow/.local/lib/python3.7/site-packages/airflow/example_dags/example_bash_operator.py
[2023-10-06T22:57:45.100+0000] {processor.py:756} INFO - Processing file /home/airflow/.local/lib/python3.7/site-packages/airflow/example_dags/example_bash_operator.py for tasks to queue
[2023-10-06T22:57:45.100+0000] {logging_mixin.py:120} INFO - [2023-10-06T22:57:45.100+0000] {dagbag.py:537} INFO - Filling up the DagBag from /home/airflow/.local/lib/python3.7/site-packages/airflow/example_dags/example_bash_operator.py
[2023-10-06T22:57:45.116+0000] {processor.py:766} INFO - DAG(s) dict_keys(['example_bash_operator']) retrieved from /home/airflow/.local/lib/python3.7/site-packages/airflow/example_dags/example_bash_operator.py
[2023-10-06T22:57:45.150+0000] {logging_mixin.py:120} INFO - [2023-10-06T22:57:45.150+0000] {dag.py:2585} INFO - Sync 1 DAGs
[2023-10-06T22:57:45.169+0000] {logging_mixin.py:120} INFO - [2023-10-06T22:57:45.169+0000] {dag.py:3340} INFO - Setting next_dagrun for example_bash_operator to 2023-10-05T00:00:00+00:00, run_after=2023-10-06T00:00:00+00:00
[2023-10-06T22:57:45.184+0000] {processor.py:176} INFO - Processing /home/airflow/.local/lib/python3.7/site-packages/airflow/example_dags/example_bash_operator.py took 0.087 seconds
[2023-10-06T22:58:15.316+0000] {processor.py:154} INFO - Started process (PID=2899) to work on /home/airflow/.local/lib/python3.7/site-packages/airflow/example_dags/example_bash_operator.py
[2023-10-06T22:58:15.316+0000] {processor.py:756} INFO - Processing file /home/airflow/.local/lib/python3.7/site-packages/airflow/example_dags/example_bash_operator.py for tasks to queue
[2023-10-06T22:58:15.317+0000] {logging_mixin.py:120} INFO - [2023-10-06T22:58:15.317+0000] {dagbag.py:537} INFO - Filling up the DagBag from /home/airflow/.local/lib/python3.7/site-packages/airflow/example_dags/example_bash_operator.py
[2023-10-06T22:58:15.333+0000] {processor.py:766} INFO - DAG(s) dict_keys(['example_bash_operator']) retrieved from /home/airflow/.local/lib/python3.7/site-packages/airflow/example_dags/example_bash_operator.py
[2023-10-06T22:58:15.429+0000] {logging_mixin.py:120} INFO - [2023-10-06T22:58:15.429+0000] {dag.py:2585} INFO - Sync 1 DAGs
[2023-10-06T22:58:15.452+0000] {logging_mixin.py:120} INFO - [2023-10-06T22:58:15.452+0000] {dag.py:3340} INFO - Setting next_dagrun for example_bash_operator to 2023-10-05T00:00:00+00:00, run_after=2023-10-06T00:00:00+00:00
[2023-10-06T22:58:15.468+0000] {processor.py:176} INFO - Processing /home/airflow/.local/lib/python3.7/site-packages/airflow/example_dags/example_bash_operator.py took 0.156 seconds
[2023-10-06T22:58:45.559+0000] {processor.py:154} INFO - Started process (PID=2962) to work on /home/airflow/.local/lib/python3.7/site-packages/airflow/example_dags/example_bash_operator.py
[2023-10-06T22:58:45.560+0000] {processor.py:756} INFO - Processing file /home/airflow/.local/lib/python3.7/site-packages/airflow/example_dags/example_bash_operator.py for tasks to queue
[2023-10-06T22:58:45.561+0000] {logging_mixin.py:120} INFO - [2023-10-06T22:58:45.561+0000] {dagbag.py:537} INFO - Filling up the DagBag from /home/airflow/.local/lib/python3.7/site-packages/airflow/example_dags/example_bash_operator.py
[2023-10-06T22:58:45.575+0000] {processor.py:766} INFO - DAG(s) dict_keys(['example_bash_operator']) retrieved from /home/airflow/.local/lib/python3.7/site-packages/airflow/example_dags/example_bash_operator.py
[2023-10-06T22:58:45.609+0000] {logging_mixin.py:120} INFO - [2023-10-06T22:58:45.609+0000] {dag.py:2585} INFO - Sync 1 DAGs
[2023-10-06T22:58:45.627+0000] {logging_mixin.py:120} INFO - [2023-10-06T22:58:45.627+0000] {dag.py:3340} INFO - Setting next_dagrun for example_bash_operator to 2023-10-05T00:00:00+00:00, run_after=2023-10-06T00:00:00+00:00
[2023-10-06T22:58:45.642+0000] {processor.py:176} INFO - Processing /home/airflow/.local/lib/python3.7/site-packages/airflow/example_dags/example_bash_operator.py took 0.085 seconds
[2023-10-06T22:59:15.688+0000] {processor.py:154} INFO - Started process (PID=3026) to work on /home/airflow/.local/lib/python3.7/site-packages/airflow/example_dags/example_bash_operator.py
[2023-10-06T22:59:15.689+0000] {processor.py:756} INFO - Processing file /home/airflow/.local/lib/python3.7/site-packages/airflow/example_dags/example_bash_operator.py for tasks to queue
[2023-10-06T22:59:15.690+0000] {logging_mixin.py:120} INFO - [2023-10-06T22:59:15.689+0000] {dagbag.py:537} INFO - Filling up the DagBag from /home/airflow/.local/lib/python3.7/site-packages/airflow/example_dags/example_bash_operator.py
[2023-10-06T22:59:15.705+0000] {processor.py:766} INFO - DAG(s) dict_keys(['example_bash_operator']) retrieved from /home/airflow/.local/lib/python3.7/site-packages/airflow/example_dags/example_bash_operator.py
[2023-10-06T22:59:15.739+0000] {logging_mixin.py:120} INFO - [2023-10-06T22:59:15.739+0000] {dag.py:2585} INFO - Sync 1 DAGs
[2023-10-06T22:59:15.758+0000] {logging_mixin.py:120} INFO - [2023-10-06T22:59:15.758+0000] {dag.py:3340} INFO - Setting next_dagrun for example_bash_operator to 2023-10-05T00:00:00+00:00, run_after=2023-10-06T00:00:00+00:00
[2023-10-06T22:59:15.773+0000] {processor.py:176} INFO - Processing /home/airflow/.local/lib/python3.7/site-packages/airflow/example_dags/example_bash_operator.py took 0.088 seconds
[2023-10-06T22:59:45.876+0000] {processor.py:154} INFO - Started process (PID=3082) to work on /home/airflow/.local/lib/python3.7/site-packages/airflow/example_dags/example_bash_operator.py
[2023-10-06T22:59:45.877+0000] {processor.py:756} INFO - Processing file /home/airflow/.local/lib/python3.7/site-packages/airflow/example_dags/example_bash_operator.py for tasks to queue
[2023-10-06T22:59:45.878+0000] {logging_mixin.py:120} INFO - [2023-10-06T22:59:45.877+0000] {dagbag.py:537} INFO - Filling up the DagBag from /home/airflow/.local/lib/python3.7/site-packages/airflow/example_dags/example_bash_operator.py
[2023-10-06T22:59:45.892+0000] {processor.py:766} INFO - DAG(s) dict_keys(['example_bash_operator']) retrieved from /home/airflow/.local/lib/python3.7/site-packages/airflow/example_dags/example_bash_operator.py
[2023-10-06T22:59:45.927+0000] {logging_mixin.py:120} INFO - [2023-10-06T22:59:45.927+0000] {dag.py:2585} INFO - Sync 1 DAGs
[2023-10-06T22:59:45.946+0000] {logging_mixin.py:120} INFO - [2023-10-06T22:59:45.946+0000] {dag.py:3340} INFO - Setting next_dagrun for example_bash_operator to 2023-10-05T00:00:00+00:00, run_after=2023-10-06T00:00:00+00:00
[2023-10-06T22:59:45.960+0000] {processor.py:176} INFO - Processing /home/airflow/.local/lib/python3.7/site-packages/airflow/example_dags/example_bash_operator.py took 0.086 seconds
[2023-10-06T23:00:16.066+0000] {processor.py:154} INFO - Started process (PID=3146) to work on /home/airflow/.local/lib/python3.7/site-packages/airflow/example_dags/example_bash_operator.py
[2023-10-06T23:00:16.067+0000] {processor.py:756} INFO - Processing file /home/airflow/.local/lib/python3.7/site-packages/airflow/example_dags/example_bash_operator.py for tasks to queue
[2023-10-06T23:00:16.067+0000] {logging_mixin.py:120} INFO - [2023-10-06T23:00:16.067+0000] {dagbag.py:537} INFO - Filling up the DagBag from /home/airflow/.local/lib/python3.7/site-packages/airflow/example_dags/example_bash_operator.py
[2023-10-06T23:00:16.082+0000] {processor.py:766} INFO - DAG(s) dict_keys(['example_bash_operator']) retrieved from /home/airflow/.local/lib/python3.7/site-packages/airflow/example_dags/example_bash_operator.py
[2023-10-06T23:00:16.114+0000] {logging_mixin.py:120} INFO - [2023-10-06T23:00:16.114+0000] {dag.py:2585} INFO - Sync 1 DAGs
[2023-10-06T23:00:16.132+0000] {logging_mixin.py:120} INFO - [2023-10-06T23:00:16.132+0000] {dag.py:3340} INFO - Setting next_dagrun for example_bash_operator to 2023-10-05T00:00:00+00:00, run_after=2023-10-06T00:00:00+00:00
[2023-10-06T23:00:16.145+0000] {processor.py:176} INFO - Processing /home/airflow/.local/lib/python3.7/site-packages/airflow/example_dags/example_bash_operator.py took 0.083 seconds
[2023-10-06T23:00:46.215+0000] {processor.py:154} INFO - Started process (PID=3209) to work on /home/airflow/.local/lib/python3.7/site-packages/airflow/example_dags/example_bash_operator.py
[2023-10-06T23:00:46.216+0000] {processor.py:756} INFO - Processing file /home/airflow/.local/lib/python3.7/site-packages/airflow/example_dags/example_bash_operator.py for tasks to queue
[2023-10-06T23:00:46.217+0000] {logging_mixin.py:120} INFO - [2023-10-06T23:00:46.217+0000] {dagbag.py:537} INFO - Filling up the DagBag from /home/airflow/.local/lib/python3.7/site-packages/airflow/example_dags/example_bash_operator.py
[2023-10-06T23:00:46.233+0000] {processor.py:766} INFO - DAG(s) dict_keys(['example_bash_operator']) retrieved from /home/airflow/.local/lib/python3.7/site-packages/airflow/example_dags/example_bash_operator.py
[2023-10-06T23:00:46.267+0000] {logging_mixin.py:120} INFO - [2023-10-06T23:00:46.267+0000] {dag.py:2585} INFO - Sync 1 DAGs
[2023-10-06T23:00:46.284+0000] {logging_mixin.py:120} INFO - [2023-10-06T23:00:46.284+0000] {dag.py:3340} INFO - Setting next_dagrun for example_bash_operator to 2023-10-05T00:00:00+00:00, run_after=2023-10-06T00:00:00+00:00
[2023-10-06T23:00:46.299+0000] {processor.py:176} INFO - Processing /home/airflow/.local/lib/python3.7/site-packages/airflow/example_dags/example_bash_operator.py took 0.086 seconds
[2023-10-06T23:01:16.336+0000] {processor.py:154} INFO - Started process (PID=3273) to work on /home/airflow/.local/lib/python3.7/site-packages/airflow/example_dags/example_bash_operator.py
[2023-10-06T23:01:16.337+0000] {processor.py:756} INFO - Processing file /home/airflow/.local/lib/python3.7/site-packages/airflow/example_dags/example_bash_operator.py for tasks to queue
[2023-10-06T23:01:16.337+0000] {logging_mixin.py:120} INFO - [2023-10-06T23:01:16.337+0000] {dagbag.py:537} INFO - Filling up the DagBag from /home/airflow/.local/lib/python3.7/site-packages/airflow/example_dags/example_bash_operator.py
[2023-10-06T23:01:16.352+0000] {processor.py:766} INFO - DAG(s) dict_keys(['example_bash_operator']) retrieved from /home/airflow/.local/lib/python3.7/site-packages/airflow/example_dags/example_bash_operator.py
[2023-10-06T23:01:16.383+0000] {logging_mixin.py:120} INFO - [2023-10-06T23:01:16.382+0000] {dag.py:2585} INFO - Sync 1 DAGs
[2023-10-06T23:01:16.400+0000] {logging_mixin.py:120} INFO - [2023-10-06T23:01:16.400+0000] {dag.py:3340} INFO - Setting next_dagrun for example_bash_operator to 2023-10-05T00:00:00+00:00, run_after=2023-10-06T00:00:00+00:00
[2023-10-06T23:01:16.414+0000] {processor.py:176} INFO - Processing /home/airflow/.local/lib/python3.7/site-packages/airflow/example_dags/example_bash_operator.py took 0.081 seconds
[2023-10-06T23:01:46.595+0000] {processor.py:154} INFO - Started process (PID=3328) to work on /home/airflow/.local/lib/python3.7/site-packages/airflow/example_dags/example_bash_operator.py
[2023-10-06T23:01:46.595+0000] {processor.py:756} INFO - Processing file /home/airflow/.local/lib/python3.7/site-packages/airflow/example_dags/example_bash_operator.py for tasks to queue
[2023-10-06T23:01:46.596+0000] {logging_mixin.py:120} INFO - [2023-10-06T23:01:46.596+0000] {dagbag.py:537} INFO - Filling up the DagBag from /home/airflow/.local/lib/python3.7/site-packages/airflow/example_dags/example_bash_operator.py
[2023-10-06T23:01:46.610+0000] {processor.py:766} INFO - DAG(s) dict_keys(['example_bash_operator']) retrieved from /home/airflow/.local/lib/python3.7/site-packages/airflow/example_dags/example_bash_operator.py
[2023-10-06T23:01:46.645+0000] {logging_mixin.py:120} INFO - [2023-10-06T23:01:46.645+0000] {dag.py:2585} INFO - Sync 1 DAGs
[2023-10-06T23:01:46.665+0000] {logging_mixin.py:120} INFO - [2023-10-06T23:01:46.665+0000] {dag.py:3340} INFO - Setting next_dagrun for example_bash_operator to 2023-10-05T00:00:00+00:00, run_after=2023-10-06T00:00:00+00:00
[2023-10-06T23:01:46.681+0000] {processor.py:176} INFO - Processing /home/airflow/.local/lib/python3.7/site-packages/airflow/example_dags/example_bash_operator.py took 0.089 seconds
[2023-10-06T23:02:16.736+0000] {processor.py:154} INFO - Started process (PID=3392) to work on /home/airflow/.local/lib/python3.7/site-packages/airflow/example_dags/example_bash_operator.py
[2023-10-06T23:02:16.738+0000] {processor.py:756} INFO - Processing file /home/airflow/.local/lib/python3.7/site-packages/airflow/example_dags/example_bash_operator.py for tasks to queue
[2023-10-06T23:02:16.738+0000] {logging_mixin.py:120} INFO - [2023-10-06T23:02:16.738+0000] {dagbag.py:537} INFO - Filling up the DagBag from /home/airflow/.local/lib/python3.7/site-packages/airflow/example_dags/example_bash_operator.py
[2023-10-06T23:02:16.752+0000] {processor.py:766} INFO - DAG(s) dict_keys(['example_bash_operator']) retrieved from /home/airflow/.local/lib/python3.7/site-packages/airflow/example_dags/example_bash_operator.py
[2023-10-06T23:02:16.786+0000] {logging_mixin.py:120} INFO - [2023-10-06T23:02:16.785+0000] {dag.py:2585} INFO - Sync 1 DAGs
[2023-10-06T23:02:16.803+0000] {logging_mixin.py:120} INFO - [2023-10-06T23:02:16.803+0000] {dag.py:3340} INFO - Setting next_dagrun for example_bash_operator to 2023-10-05T00:00:00+00:00, run_after=2023-10-06T00:00:00+00:00
[2023-10-06T23:02:16.818+0000] {processor.py:176} INFO - Processing /home/airflow/.local/lib/python3.7/site-packages/airflow/example_dags/example_bash_operator.py took 0.084 seconds
[2023-10-06T23:02:46.994+0000] {processor.py:154} INFO - Started process (PID=3456) to work on /home/airflow/.local/lib/python3.7/site-packages/airflow/example_dags/example_bash_operator.py
[2023-10-06T23:02:46.995+0000] {processor.py:756} INFO - Processing file /home/airflow/.local/lib/python3.7/site-packages/airflow/example_dags/example_bash_operator.py for tasks to queue
[2023-10-06T23:02:46.995+0000] {logging_mixin.py:120} INFO - [2023-10-06T23:02:46.995+0000] {dagbag.py:537} INFO - Filling up the DagBag from /home/airflow/.local/lib/python3.7/site-packages/airflow/example_dags/example_bash_operator.py
[2023-10-06T23:02:47.011+0000] {processor.py:766} INFO - DAG(s) dict_keys(['example_bash_operator']) retrieved from /home/airflow/.local/lib/python3.7/site-packages/airflow/example_dags/example_bash_operator.py
[2023-10-06T23:02:47.048+0000] {logging_mixin.py:120} INFO - [2023-10-06T23:02:47.048+0000] {dag.py:2585} INFO - Sync 1 DAGs
[2023-10-06T23:02:47.068+0000] {logging_mixin.py:120} INFO - [2023-10-06T23:02:47.068+0000] {dag.py:3340} INFO - Setting next_dagrun for example_bash_operator to 2023-10-05T00:00:00+00:00, run_after=2023-10-06T00:00:00+00:00
[2023-10-06T23:02:47.083+0000] {processor.py:176} INFO - Processing /home/airflow/.local/lib/python3.7/site-packages/airflow/example_dags/example_bash_operator.py took 0.092 seconds
[2023-10-06T23:03:17.974+0000] {processor.py:154} INFO - Started process (PID=3520) to work on /home/airflow/.local/lib/python3.7/site-packages/airflow/example_dags/example_bash_operator.py
[2023-10-06T23:03:17.976+0000] {processor.py:756} INFO - Processing file /home/airflow/.local/lib/python3.7/site-packages/airflow/example_dags/example_bash_operator.py for tasks to queue
[2023-10-06T23:03:17.976+0000] {logging_mixin.py:120} INFO - [2023-10-06T23:03:17.976+0000] {dagbag.py:537} INFO - Filling up the DagBag from /home/airflow/.local/lib/python3.7/site-packages/airflow/example_dags/example_bash_operator.py
[2023-10-06T23:03:17.995+0000] {processor.py:766} INFO - DAG(s) dict_keys(['example_bash_operator']) retrieved from /home/airflow/.local/lib/python3.7/site-packages/airflow/example_dags/example_bash_operator.py
[2023-10-06T23:03:18.033+0000] {logging_mixin.py:120} INFO - [2023-10-06T23:03:18.033+0000] {dag.py:2585} INFO - Sync 1 DAGs
[2023-10-06T23:03:18.055+0000] {logging_mixin.py:120} INFO - [2023-10-06T23:03:18.055+0000] {dag.py:3340} INFO - Setting next_dagrun for example_bash_operator to 2023-10-05T00:00:00+00:00, run_after=2023-10-06T00:00:00+00:00
[2023-10-06T23:03:18.070+0000] {processor.py:176} INFO - Processing /home/airflow/.local/lib/python3.7/site-packages/airflow/example_dags/example_bash_operator.py took 0.099 seconds
[2023-10-06T23:03:48.335+0000] {processor.py:154} INFO - Started process (PID=3584) to work on /home/airflow/.local/lib/python3.7/site-packages/airflow/example_dags/example_bash_operator.py
[2023-10-06T23:03:48.336+0000] {processor.py:756} INFO - Processing file /home/airflow/.local/lib/python3.7/site-packages/airflow/example_dags/example_bash_operator.py for tasks to queue
[2023-10-06T23:03:48.337+0000] {logging_mixin.py:120} INFO - [2023-10-06T23:03:48.337+0000] {dagbag.py:537} INFO - Filling up the DagBag from /home/airflow/.local/lib/python3.7/site-packages/airflow/example_dags/example_bash_operator.py
[2023-10-06T23:03:48.354+0000] {processor.py:766} INFO - DAG(s) dict_keys(['example_bash_operator']) retrieved from /home/airflow/.local/lib/python3.7/site-packages/airflow/example_dags/example_bash_operator.py
[2023-10-06T23:03:48.393+0000] {logging_mixin.py:120} INFO - [2023-10-06T23:03:48.393+0000] {dag.py:2585} INFO - Sync 1 DAGs
[2023-10-06T23:03:48.417+0000] {logging_mixin.py:120} INFO - [2023-10-06T23:03:48.417+0000] {dag.py:3340} INFO - Setting next_dagrun for example_bash_operator to 2023-10-05T00:00:00+00:00, run_after=2023-10-06T00:00:00+00:00
[2023-10-06T23:03:48.436+0000] {processor.py:176} INFO - Processing /home/airflow/.local/lib/python3.7/site-packages/airflow/example_dags/example_bash_operator.py took 0.104 seconds
[2023-10-06T23:04:19.273+0000] {processor.py:154} INFO - Started process (PID=3639) to work on /home/airflow/.local/lib/python3.7/site-packages/airflow/example_dags/example_bash_operator.py
[2023-10-06T23:04:19.274+0000] {processor.py:756} INFO - Processing file /home/airflow/.local/lib/python3.7/site-packages/airflow/example_dags/example_bash_operator.py for tasks to queue
[2023-10-06T23:04:19.275+0000] {logging_mixin.py:120} INFO - [2023-10-06T23:04:19.275+0000] {dagbag.py:537} INFO - Filling up the DagBag from /home/airflow/.local/lib/python3.7/site-packages/airflow/example_dags/example_bash_operator.py
[2023-10-06T23:04:19.289+0000] {processor.py:766} INFO - DAG(s) dict_keys(['example_bash_operator']) retrieved from /home/airflow/.local/lib/python3.7/site-packages/airflow/example_dags/example_bash_operator.py
[2023-10-06T23:04:19.320+0000] {logging_mixin.py:120} INFO - [2023-10-06T23:04:19.320+0000] {dag.py:2585} INFO - Sync 1 DAGs
[2023-10-06T23:04:19.337+0000] {logging_mixin.py:120} INFO - [2023-10-06T23:04:19.337+0000] {dag.py:3340} INFO - Setting next_dagrun for example_bash_operator to 2023-10-05T00:00:00+00:00, run_after=2023-10-06T00:00:00+00:00
[2023-10-06T23:04:19.351+0000] {processor.py:176} INFO - Processing /home/airflow/.local/lib/python3.7/site-packages/airflow/example_dags/example_bash_operator.py took 0.080 seconds
[2023-10-06T23:04:49.465+0000] {processor.py:154} INFO - Started process (PID=3704) to work on /home/airflow/.local/lib/python3.7/site-packages/airflow/example_dags/example_bash_operator.py
[2023-10-06T23:04:49.465+0000] {processor.py:756} INFO - Processing file /home/airflow/.local/lib/python3.7/site-packages/airflow/example_dags/example_bash_operator.py for tasks to queue
[2023-10-06T23:04:49.466+0000] {logging_mixin.py:120} INFO - [2023-10-06T23:04:49.466+0000] {dagbag.py:537} INFO - Filling up the DagBag from /home/airflow/.local/lib/python3.7/site-packages/airflow/example_dags/example_bash_operator.py
[2023-10-06T23:04:49.481+0000] {processor.py:766} INFO - DAG(s) dict_keys(['example_bash_operator']) retrieved from /home/airflow/.local/lib/python3.7/site-packages/airflow/example_dags/example_bash_operator.py
[2023-10-06T23:04:49.515+0000] {logging_mixin.py:120} INFO - [2023-10-06T23:04:49.514+0000] {dag.py:2585} INFO - Sync 1 DAGs
[2023-10-06T23:04:49.535+0000] {logging_mixin.py:120} INFO - [2023-10-06T23:04:49.534+0000] {dag.py:3340} INFO - Setting next_dagrun for example_bash_operator to 2023-10-05T00:00:00+00:00, run_after=2023-10-06T00:00:00+00:00
[2023-10-06T23:04:49.552+0000] {processor.py:176} INFO - Processing /home/airflow/.local/lib/python3.7/site-packages/airflow/example_dags/example_bash_operator.py took 0.090 seconds
[2023-10-06T23:05:19.766+0000] {processor.py:154} INFO - Started process (PID=3768) to work on /home/airflow/.local/lib/python3.7/site-packages/airflow/example_dags/example_bash_operator.py
[2023-10-06T23:05:19.767+0000] {processor.py:756} INFO - Processing file /home/airflow/.local/lib/python3.7/site-packages/airflow/example_dags/example_bash_operator.py for tasks to queue
[2023-10-06T23:05:19.767+0000] {logging_mixin.py:120} INFO - [2023-10-06T23:05:19.767+0000] {dagbag.py:537} INFO - Filling up the DagBag from /home/airflow/.local/lib/python3.7/site-packages/airflow/example_dags/example_bash_operator.py
[2023-10-06T23:05:19.782+0000] {processor.py:766} INFO - DAG(s) dict_keys(['example_bash_operator']) retrieved from /home/airflow/.local/lib/python3.7/site-packages/airflow/example_dags/example_bash_operator.py
[2023-10-06T23:05:19.816+0000] {logging_mixin.py:120} INFO - [2023-10-06T23:05:19.816+0000] {dag.py:2585} INFO - Sync 1 DAGs
[2023-10-06T23:05:19.835+0000] {logging_mixin.py:120} INFO - [2023-10-06T23:05:19.835+0000] {dag.py:3340} INFO - Setting next_dagrun for example_bash_operator to 2023-10-05T00:00:00+00:00, run_after=2023-10-06T00:00:00+00:00
[2023-10-06T23:05:19.849+0000] {processor.py:176} INFO - Processing /home/airflow/.local/lib/python3.7/site-packages/airflow/example_dags/example_bash_operator.py took 0.085 seconds
[2023-10-06T23:05:49.991+0000] {processor.py:154} INFO - Started process (PID=3833) to work on /home/airflow/.local/lib/python3.7/site-packages/airflow/example_dags/example_bash_operator.py
[2023-10-06T23:05:49.991+0000] {processor.py:756} INFO - Processing file /home/airflow/.local/lib/python3.7/site-packages/airflow/example_dags/example_bash_operator.py for tasks to queue
[2023-10-06T23:05:49.992+0000] {logging_mixin.py:120} INFO - [2023-10-06T23:05:49.992+0000] {dagbag.py:537} INFO - Filling up the DagBag from /home/airflow/.local/lib/python3.7/site-packages/airflow/example_dags/example_bash_operator.py
[2023-10-06T23:05:50.007+0000] {processor.py:766} INFO - DAG(s) dict_keys(['example_bash_operator']) retrieved from /home/airflow/.local/lib/python3.7/site-packages/airflow/example_dags/example_bash_operator.py
[2023-10-06T23:05:50.039+0000] {logging_mixin.py:120} INFO - [2023-10-06T23:05:50.039+0000] {dag.py:2585} INFO - Sync 1 DAGs
[2023-10-06T23:05:50.058+0000] {logging_mixin.py:120} INFO - [2023-10-06T23:05:50.058+0000] {dag.py:3340} INFO - Setting next_dagrun for example_bash_operator to 2023-10-05T00:00:00+00:00, run_after=2023-10-06T00:00:00+00:00
[2023-10-06T23:05:50.074+0000] {processor.py:176} INFO - Processing /home/airflow/.local/lib/python3.7/site-packages/airflow/example_dags/example_bash_operator.py took 0.085 seconds
[2023-10-06T23:06:20.198+0000] {processor.py:154} INFO - Started process (PID=3889) to work on /home/airflow/.local/lib/python3.7/site-packages/airflow/example_dags/example_bash_operator.py
[2023-10-06T23:06:20.199+0000] {processor.py:756} INFO - Processing file /home/airflow/.local/lib/python3.7/site-packages/airflow/example_dags/example_bash_operator.py for tasks to queue
[2023-10-06T23:06:20.200+0000] {logging_mixin.py:120} INFO - [2023-10-06T23:06:20.200+0000] {dagbag.py:537} INFO - Filling up the DagBag from /home/airflow/.local/lib/python3.7/site-packages/airflow/example_dags/example_bash_operator.py
[2023-10-06T23:06:20.214+0000] {processor.py:766} INFO - DAG(s) dict_keys(['example_bash_operator']) retrieved from /home/airflow/.local/lib/python3.7/site-packages/airflow/example_dags/example_bash_operator.py
[2023-10-06T23:06:20.247+0000] {logging_mixin.py:120} INFO - [2023-10-06T23:06:20.247+0000] {dag.py:2585} INFO - Sync 1 DAGs
[2023-10-06T23:06:20.265+0000] {logging_mixin.py:120} INFO - [2023-10-06T23:06:20.264+0000] {dag.py:3340} INFO - Setting next_dagrun for example_bash_operator to 2023-10-05T00:00:00+00:00, run_after=2023-10-06T00:00:00+00:00
[2023-10-06T23:06:20.278+0000] {processor.py:176} INFO - Processing /home/airflow/.local/lib/python3.7/site-packages/airflow/example_dags/example_bash_operator.py took 0.083 seconds
[2023-10-06T23:06:50.515+0000] {processor.py:154} INFO - Started process (PID=3952) to work on /home/airflow/.local/lib/python3.7/site-packages/airflow/example_dags/example_bash_operator.py
[2023-10-06T23:06:50.516+0000] {processor.py:756} INFO - Processing file /home/airflow/.local/lib/python3.7/site-packages/airflow/example_dags/example_bash_operator.py for tasks to queue
[2023-10-06T23:06:50.517+0000] {logging_mixin.py:120} INFO - [2023-10-06T23:06:50.517+0000] {dagbag.py:537} INFO - Filling up the DagBag from /home/airflow/.local/lib/python3.7/site-packages/airflow/example_dags/example_bash_operator.py
[2023-10-06T23:06:50.531+0000] {processor.py:766} INFO - DAG(s) dict_keys(['example_bash_operator']) retrieved from /home/airflow/.local/lib/python3.7/site-packages/airflow/example_dags/example_bash_operator.py
[2023-10-06T23:06:50.565+0000] {logging_mixin.py:120} INFO - [2023-10-06T23:06:50.565+0000] {dag.py:2585} INFO - Sync 1 DAGs
[2023-10-06T23:06:50.582+0000] {logging_mixin.py:120} INFO - [2023-10-06T23:06:50.582+0000] {dag.py:3340} INFO - Setting next_dagrun for example_bash_operator to 2023-10-05T00:00:00+00:00, run_after=2023-10-06T00:00:00+00:00
[2023-10-06T23:06:50.596+0000] {processor.py:176} INFO - Processing /home/airflow/.local/lib/python3.7/site-packages/airflow/example_dags/example_bash_operator.py took 0.083 seconds
[2023-10-06T23:07:20.643+0000] {processor.py:154} INFO - Started process (PID=4017) to work on /home/airflow/.local/lib/python3.7/site-packages/airflow/example_dags/example_bash_operator.py
[2023-10-06T23:07:20.644+0000] {processor.py:756} INFO - Processing file /home/airflow/.local/lib/python3.7/site-packages/airflow/example_dags/example_bash_operator.py for tasks to queue
[2023-10-06T23:07:20.644+0000] {logging_mixin.py:120} INFO - [2023-10-06T23:07:20.644+0000] {dagbag.py:537} INFO - Filling up the DagBag from /home/airflow/.local/lib/python3.7/site-packages/airflow/example_dags/example_bash_operator.py
[2023-10-06T23:07:20.659+0000] {processor.py:766} INFO - DAG(s) dict_keys(['example_bash_operator']) retrieved from /home/airflow/.local/lib/python3.7/site-packages/airflow/example_dags/example_bash_operator.py
[2023-10-06T23:07:20.692+0000] {logging_mixin.py:120} INFO - [2023-10-06T23:07:20.692+0000] {dag.py:2585} INFO - Sync 1 DAGs
[2023-10-06T23:07:20.711+0000] {logging_mixin.py:120} INFO - [2023-10-06T23:07:20.710+0000] {dag.py:3340} INFO - Setting next_dagrun for example_bash_operator to 2023-10-05T00:00:00+00:00, run_after=2023-10-06T00:00:00+00:00
[2023-10-06T23:07:20.725+0000] {processor.py:176} INFO - Processing /home/airflow/.local/lib/python3.7/site-packages/airflow/example_dags/example_bash_operator.py took 0.084 seconds
[2023-10-06T23:07:50.873+0000] {processor.py:154} INFO - Started process (PID=4081) to work on /home/airflow/.local/lib/python3.7/site-packages/airflow/example_dags/example_bash_operator.py
[2023-10-06T23:07:50.874+0000] {processor.py:756} INFO - Processing file /home/airflow/.local/lib/python3.7/site-packages/airflow/example_dags/example_bash_operator.py for tasks to queue
[2023-10-06T23:07:50.875+0000] {logging_mixin.py:120} INFO - [2023-10-06T23:07:50.875+0000] {dagbag.py:537} INFO - Filling up the DagBag from /home/airflow/.local/lib/python3.7/site-packages/airflow/example_dags/example_bash_operator.py
[2023-10-06T23:07:50.889+0000] {processor.py:766} INFO - DAG(s) dict_keys(['example_bash_operator']) retrieved from /home/airflow/.local/lib/python3.7/site-packages/airflow/example_dags/example_bash_operator.py
[2023-10-06T23:07:50.925+0000] {logging_mixin.py:120} INFO - [2023-10-06T23:07:50.924+0000] {dag.py:2585} INFO - Sync 1 DAGs
[2023-10-06T23:07:50.944+0000] {logging_mixin.py:120} INFO - [2023-10-06T23:07:50.943+0000] {dag.py:3340} INFO - Setting next_dagrun for example_bash_operator to 2023-10-05T00:00:00+00:00, run_after=2023-10-06T00:00:00+00:00
[2023-10-06T23:07:50.961+0000] {processor.py:176} INFO - Processing /home/airflow/.local/lib/python3.7/site-packages/airflow/example_dags/example_bash_operator.py took 0.090 seconds
[2023-10-06T23:08:21.825+0000] {processor.py:154} INFO - Started process (PID=4136) to work on /home/airflow/.local/lib/python3.7/site-packages/airflow/example_dags/example_bash_operator.py
[2023-10-06T23:08:21.826+0000] {processor.py:756} INFO - Processing file /home/airflow/.local/lib/python3.7/site-packages/airflow/example_dags/example_bash_operator.py for tasks to queue
[2023-10-06T23:08:21.827+0000] {logging_mixin.py:120} INFO - [2023-10-06T23:08:21.827+0000] {dagbag.py:537} INFO - Filling up the DagBag from /home/airflow/.local/lib/python3.7/site-packages/airflow/example_dags/example_bash_operator.py
[2023-10-06T23:08:21.841+0000] {processor.py:766} INFO - DAG(s) dict_keys(['example_bash_operator']) retrieved from /home/airflow/.local/lib/python3.7/site-packages/airflow/example_dags/example_bash_operator.py
[2023-10-06T23:08:21.877+0000] {logging_mixin.py:120} INFO - [2023-10-06T23:08:21.877+0000] {dag.py:2585} INFO - Sync 1 DAGs
[2023-10-06T23:08:21.896+0000] {logging_mixin.py:120} INFO - [2023-10-06T23:08:21.896+0000] {dag.py:3340} INFO - Setting next_dagrun for example_bash_operator to 2023-10-05T00:00:00+00:00, run_after=2023-10-06T00:00:00+00:00
[2023-10-06T23:08:21.910+0000] {processor.py:176} INFO - Processing /home/airflow/.local/lib/python3.7/site-packages/airflow/example_dags/example_bash_operator.py took 0.087 seconds
