[2023-10-06T22:34:54.311+0000] {processor.py:154} INFO - Started process (PID=60) to work on /home/airflow/.local/lib/python3.7/site-packages/airflow/example_dags/example_short_circuit_decorator.py
[2023-10-06T22:34:54.311+0000] {processor.py:756} INFO - Processing file /home/airflow/.local/lib/python3.7/site-packages/airflow/example_dags/example_short_circuit_decorator.py for tasks to queue
[2023-10-06T22:34:54.312+0000] {logging_mixin.py:120} INFO - [2023-10-06T22:34:54.312+0000] {dagbag.py:537} INFO - Filling up the DagBag from /home/airflow/.local/lib/python3.7/site-packages/airflow/example_dags/example_short_circuit_decorator.py
[2023-10-06T22:34:54.331+0000] {processor.py:766} INFO - DAG(s) dict_keys(['example_short_circuit_decorator']) retrieved from /home/airflow/.local/lib/python3.7/site-packages/airflow/example_dags/example_short_circuit_decorator.py
[2023-10-06T22:34:54.363+0000] {logging_mixin.py:120} INFO - [2023-10-06T22:34:54.363+0000] {dag.py:2585} INFO - Sync 1 DAGs
[2023-10-06T22:34:54.383+0000] {logging_mixin.py:120} INFO - [2023-10-06T22:34:54.383+0000] {dag.py:3340} INFO - Setting next_dagrun for example_short_circuit_decorator to 2023-10-05T22:34:54.383401+00:00, run_after=2023-10-06T22:34:54.383401+00:00
[2023-10-06T22:34:54.401+0000] {processor.py:176} INFO - Processing /home/airflow/.local/lib/python3.7/site-packages/airflow/example_dags/example_short_circuit_decorator.py took 0.092 seconds
[2023-10-06T22:35:24.552+0000] {processor.py:154} INFO - Started process (PID=123) to work on /home/airflow/.local/lib/python3.7/site-packages/airflow/example_dags/example_short_circuit_decorator.py
[2023-10-06T22:35:24.552+0000] {processor.py:756} INFO - Processing file /home/airflow/.local/lib/python3.7/site-packages/airflow/example_dags/example_short_circuit_decorator.py for tasks to queue
[2023-10-06T22:35:24.553+0000] {logging_mixin.py:120} INFO - [2023-10-06T22:35:24.553+0000] {dagbag.py:537} INFO - Filling up the DagBag from /home/airflow/.local/lib/python3.7/site-packages/airflow/example_dags/example_short_circuit_decorator.py
[2023-10-06T22:35:24.571+0000] {processor.py:766} INFO - DAG(s) dict_keys(['example_short_circuit_decorator']) retrieved from /home/airflow/.local/lib/python3.7/site-packages/airflow/example_dags/example_short_circuit_decorator.py
[2023-10-06T22:35:24.593+0000] {logging_mixin.py:120} INFO - [2023-10-06T22:35:24.593+0000] {dag.py:2585} INFO - Sync 1 DAGs
[2023-10-06T22:35:24.613+0000] {logging_mixin.py:120} INFO - [2023-10-06T22:35:24.612+0000] {dag.py:3340} INFO - Setting next_dagrun for example_short_circuit_decorator to 2023-10-05T22:35:24.612736+00:00, run_after=2023-10-06T22:35:24.612736+00:00
[2023-10-06T22:35:24.636+0000] {processor.py:176} INFO - Processing /home/airflow/.local/lib/python3.7/site-packages/airflow/example_dags/example_short_circuit_decorator.py took 0.089 seconds
[2023-10-06T22:35:55.700+0000] {processor.py:154} INFO - Started process (PID=186) to work on /home/airflow/.local/lib/python3.7/site-packages/airflow/example_dags/example_short_circuit_decorator.py
[2023-10-06T22:35:55.701+0000] {processor.py:756} INFO - Processing file /home/airflow/.local/lib/python3.7/site-packages/airflow/example_dags/example_short_circuit_decorator.py for tasks to queue
[2023-10-06T22:35:55.702+0000] {logging_mixin.py:120} INFO - [2023-10-06T22:35:55.702+0000] {dagbag.py:537} INFO - Filling up the DagBag from /home/airflow/.local/lib/python3.7/site-packages/airflow/example_dags/example_short_circuit_decorator.py
[2023-10-06T22:35:55.717+0000] {processor.py:766} INFO - DAG(s) dict_keys(['example_short_circuit_decorator']) retrieved from /home/airflow/.local/lib/python3.7/site-packages/airflow/example_dags/example_short_circuit_decorator.py
[2023-10-06T22:35:55.744+0000] {logging_mixin.py:120} INFO - [2023-10-06T22:35:55.744+0000] {dag.py:2585} INFO - Sync 1 DAGs
[2023-10-06T22:35:55.762+0000] {logging_mixin.py:120} INFO - [2023-10-06T22:35:55.762+0000] {dag.py:3340} INFO - Setting next_dagrun for example_short_circuit_decorator to 2023-10-05T22:35:55.762490+00:00, run_after=2023-10-06T22:35:55.762490+00:00
[2023-10-06T22:35:55.779+0000] {processor.py:176} INFO - Processing /home/airflow/.local/lib/python3.7/site-packages/airflow/example_dags/example_short_circuit_decorator.py took 0.082 seconds
[2023-10-06T22:36:25.909+0000] {processor.py:154} INFO - Started process (PID=240) to work on /home/airflow/.local/lib/python3.7/site-packages/airflow/example_dags/example_short_circuit_decorator.py
[2023-10-06T22:36:25.909+0000] {processor.py:756} INFO - Processing file /home/airflow/.local/lib/python3.7/site-packages/airflow/example_dags/example_short_circuit_decorator.py for tasks to queue
[2023-10-06T22:36:25.910+0000] {logging_mixin.py:120} INFO - [2023-10-06T22:36:25.910+0000] {dagbag.py:537} INFO - Filling up the DagBag from /home/airflow/.local/lib/python3.7/site-packages/airflow/example_dags/example_short_circuit_decorator.py
[2023-10-06T22:36:25.925+0000] {processor.py:766} INFO - DAG(s) dict_keys(['example_short_circuit_decorator']) retrieved from /home/airflow/.local/lib/python3.7/site-packages/airflow/example_dags/example_short_circuit_decorator.py
[2023-10-06T22:36:25.956+0000] {logging_mixin.py:120} INFO - [2023-10-06T22:36:25.956+0000] {dag.py:2585} INFO - Sync 1 DAGs
[2023-10-06T22:36:25.973+0000] {logging_mixin.py:120} INFO - [2023-10-06T22:36:25.973+0000] {dag.py:3340} INFO - Setting next_dagrun for example_short_circuit_decorator to 2023-10-05T22:36:25.972942+00:00, run_after=2023-10-06T22:36:25.972942+00:00
[2023-10-06T22:36:25.988+0000] {processor.py:176} INFO - Processing /home/airflow/.local/lib/python3.7/site-packages/airflow/example_dags/example_short_circuit_decorator.py took 0.081 seconds
[2023-10-06T22:36:56.744+0000] {processor.py:154} INFO - Started process (PID=304) to work on /home/airflow/.local/lib/python3.7/site-packages/airflow/example_dags/example_short_circuit_decorator.py
[2023-10-06T22:36:56.746+0000] {processor.py:756} INFO - Processing file /home/airflow/.local/lib/python3.7/site-packages/airflow/example_dags/example_short_circuit_decorator.py for tasks to queue
[2023-10-06T22:36:56.746+0000] {logging_mixin.py:120} INFO - [2023-10-06T22:36:56.746+0000] {dagbag.py:537} INFO - Filling up the DagBag from /home/airflow/.local/lib/python3.7/site-packages/airflow/example_dags/example_short_circuit_decorator.py
[2023-10-06T22:36:56.764+0000] {processor.py:766} INFO - DAG(s) dict_keys(['example_short_circuit_decorator']) retrieved from /home/airflow/.local/lib/python3.7/site-packages/airflow/example_dags/example_short_circuit_decorator.py
[2023-10-06T22:36:56.813+0000] {logging_mixin.py:120} INFO - [2023-10-06T22:36:56.813+0000] {dag.py:2585} INFO - Sync 1 DAGs
[2023-10-06T22:36:56.844+0000] {logging_mixin.py:120} INFO - [2023-10-06T22:36:56.844+0000] {dag.py:3340} INFO - Setting next_dagrun for example_short_circuit_decorator to 2023-10-05T22:36:56.844181+00:00, run_after=2023-10-06T22:36:56.844181+00:00
[2023-10-06T22:36:56.858+0000] {processor.py:176} INFO - Processing /home/airflow/.local/lib/python3.7/site-packages/airflow/example_dags/example_short_circuit_decorator.py took 0.117 seconds
[2023-10-06T22:37:27.571+0000] {processor.py:154} INFO - Started process (PID=367) to work on /home/airflow/.local/lib/python3.7/site-packages/airflow/example_dags/example_short_circuit_decorator.py
[2023-10-06T22:37:27.572+0000] {processor.py:756} INFO - Processing file /home/airflow/.local/lib/python3.7/site-packages/airflow/example_dags/example_short_circuit_decorator.py for tasks to queue
[2023-10-06T22:37:27.572+0000] {logging_mixin.py:120} INFO - [2023-10-06T22:37:27.572+0000] {dagbag.py:537} INFO - Filling up the DagBag from /home/airflow/.local/lib/python3.7/site-packages/airflow/example_dags/example_short_circuit_decorator.py
[2023-10-06T22:37:27.592+0000] {processor.py:766} INFO - DAG(s) dict_keys(['example_short_circuit_decorator']) retrieved from /home/airflow/.local/lib/python3.7/site-packages/airflow/example_dags/example_short_circuit_decorator.py
[2023-10-06T22:37:27.628+0000] {logging_mixin.py:120} INFO - [2023-10-06T22:37:27.628+0000] {dag.py:2585} INFO - Sync 1 DAGs
[2023-10-06T22:37:27.649+0000] {logging_mixin.py:120} INFO - [2023-10-06T22:37:27.649+0000] {dag.py:3340} INFO - Setting next_dagrun for example_short_circuit_decorator to 2023-10-05T22:37:27.649080+00:00, run_after=2023-10-06T22:37:27.649080+00:00
[2023-10-06T22:37:27.666+0000] {processor.py:176} INFO - Processing /home/airflow/.local/lib/python3.7/site-packages/airflow/example_dags/example_short_circuit_decorator.py took 0.098 seconds
[2023-10-06T22:37:58.155+0000] {processor.py:154} INFO - Started process (PID=431) to work on /home/airflow/.local/lib/python3.7/site-packages/airflow/example_dags/example_short_circuit_decorator.py
[2023-10-06T22:37:58.156+0000] {processor.py:756} INFO - Processing file /home/airflow/.local/lib/python3.7/site-packages/airflow/example_dags/example_short_circuit_decorator.py for tasks to queue
[2023-10-06T22:37:58.156+0000] {logging_mixin.py:120} INFO - [2023-10-06T22:37:58.156+0000] {dagbag.py:537} INFO - Filling up the DagBag from /home/airflow/.local/lib/python3.7/site-packages/airflow/example_dags/example_short_circuit_decorator.py
[2023-10-06T22:37:58.181+0000] {processor.py:766} INFO - DAG(s) dict_keys(['example_short_circuit_decorator']) retrieved from /home/airflow/.local/lib/python3.7/site-packages/airflow/example_dags/example_short_circuit_decorator.py
[2023-10-06T22:37:58.216+0000] {logging_mixin.py:120} INFO - [2023-10-06T22:37:58.216+0000] {dag.py:2585} INFO - Sync 1 DAGs
[2023-10-06T22:37:58.237+0000] {logging_mixin.py:120} INFO - [2023-10-06T22:37:58.237+0000] {dag.py:3340} INFO - Setting next_dagrun for example_short_circuit_decorator to 2023-10-05T22:37:58.237417+00:00, run_after=2023-10-06T22:37:58.237417+00:00
[2023-10-06T22:37:58.254+0000] {processor.py:176} INFO - Processing /home/airflow/.local/lib/python3.7/site-packages/airflow/example_dags/example_short_circuit_decorator.py took 0.101 seconds
[2023-10-06T22:38:28.592+0000] {processor.py:154} INFO - Started process (PID=495) to work on /home/airflow/.local/lib/python3.7/site-packages/airflow/example_dags/example_short_circuit_decorator.py
[2023-10-06T22:38:28.593+0000] {processor.py:756} INFO - Processing file /home/airflow/.local/lib/python3.7/site-packages/airflow/example_dags/example_short_circuit_decorator.py for tasks to queue
[2023-10-06T22:38:28.593+0000] {logging_mixin.py:120} INFO - [2023-10-06T22:38:28.593+0000] {dagbag.py:537} INFO - Filling up the DagBag from /home/airflow/.local/lib/python3.7/site-packages/airflow/example_dags/example_short_circuit_decorator.py
[2023-10-06T22:38:28.615+0000] {processor.py:766} INFO - DAG(s) dict_keys(['example_short_circuit_decorator']) retrieved from /home/airflow/.local/lib/python3.7/site-packages/airflow/example_dags/example_short_circuit_decorator.py
[2023-10-06T22:38:28.653+0000] {logging_mixin.py:120} INFO - [2023-10-06T22:38:28.652+0000] {dag.py:2585} INFO - Sync 1 DAGs
[2023-10-06T22:38:28.680+0000] {logging_mixin.py:120} INFO - [2023-10-06T22:38:28.679+0000] {dag.py:3340} INFO - Setting next_dagrun for example_short_circuit_decorator to 2023-10-05T22:38:28.679712+00:00, run_after=2023-10-06T22:38:28.679712+00:00
[2023-10-06T22:38:28.701+0000] {processor.py:176} INFO - Processing /home/airflow/.local/lib/python3.7/site-packages/airflow/example_dags/example_short_circuit_decorator.py took 0.113 seconds
[2023-10-06T22:38:59.275+0000] {processor.py:154} INFO - Started process (PID=549) to work on /home/airflow/.local/lib/python3.7/site-packages/airflow/example_dags/example_short_circuit_decorator.py
[2023-10-06T22:38:59.277+0000] {processor.py:756} INFO - Processing file /home/airflow/.local/lib/python3.7/site-packages/airflow/example_dags/example_short_circuit_decorator.py for tasks to queue
[2023-10-06T22:38:59.278+0000] {logging_mixin.py:120} INFO - [2023-10-06T22:38:59.278+0000] {dagbag.py:537} INFO - Filling up the DagBag from /home/airflow/.local/lib/python3.7/site-packages/airflow/example_dags/example_short_circuit_decorator.py
[2023-10-06T22:38:59.302+0000] {processor.py:766} INFO - DAG(s) dict_keys(['example_short_circuit_decorator']) retrieved from /home/airflow/.local/lib/python3.7/site-packages/airflow/example_dags/example_short_circuit_decorator.py
[2023-10-06T22:38:59.339+0000] {logging_mixin.py:120} INFO - [2023-10-06T22:38:59.339+0000] {dag.py:2585} INFO - Sync 1 DAGs
[2023-10-06T22:38:59.361+0000] {logging_mixin.py:120} INFO - [2023-10-06T22:38:59.361+0000] {dag.py:3340} INFO - Setting next_dagrun for example_short_circuit_decorator to 2023-10-05T22:38:59.360923+00:00, run_after=2023-10-06T22:38:59.360923+00:00
[2023-10-06T22:38:59.377+0000] {processor.py:176} INFO - Processing /home/airflow/.local/lib/python3.7/site-packages/airflow/example_dags/example_short_circuit_decorator.py took 0.105 seconds
[2023-10-06T22:39:29.937+0000] {processor.py:154} INFO - Started process (PID=614) to work on /home/airflow/.local/lib/python3.7/site-packages/airflow/example_dags/example_short_circuit_decorator.py
[2023-10-06T22:39:29.938+0000] {processor.py:756} INFO - Processing file /home/airflow/.local/lib/python3.7/site-packages/airflow/example_dags/example_short_circuit_decorator.py for tasks to queue
[2023-10-06T22:39:29.938+0000] {logging_mixin.py:120} INFO - [2023-10-06T22:39:29.938+0000] {dagbag.py:537} INFO - Filling up the DagBag from /home/airflow/.local/lib/python3.7/site-packages/airflow/example_dags/example_short_circuit_decorator.py
[2023-10-06T22:39:29.961+0000] {processor.py:766} INFO - DAG(s) dict_keys(['example_short_circuit_decorator']) retrieved from /home/airflow/.local/lib/python3.7/site-packages/airflow/example_dags/example_short_circuit_decorator.py
[2023-10-06T22:39:30.011+0000] {logging_mixin.py:120} INFO - [2023-10-06T22:39:30.011+0000] {dag.py:2585} INFO - Sync 1 DAGs
[2023-10-06T22:39:30.038+0000] {logging_mixin.py:120} INFO - [2023-10-06T22:39:30.038+0000] {dag.py:3340} INFO - Setting next_dagrun for example_short_circuit_decorator to 2023-10-05T22:39:30.038023+00:00, run_after=2023-10-06T22:39:30.038023+00:00
[2023-10-06T22:39:30.298+0000] {processor.py:176} INFO - Processing /home/airflow/.local/lib/python3.7/site-packages/airflow/example_dags/example_short_circuit_decorator.py took 0.364 seconds
[2023-10-06T22:40:00.410+0000] {processor.py:154} INFO - Started process (PID=677) to work on /home/airflow/.local/lib/python3.7/site-packages/airflow/example_dags/example_short_circuit_decorator.py
[2023-10-06T22:40:00.414+0000] {processor.py:756} INFO - Processing file /home/airflow/.local/lib/python3.7/site-packages/airflow/example_dags/example_short_circuit_decorator.py for tasks to queue
[2023-10-06T22:40:00.414+0000] {logging_mixin.py:120} INFO - [2023-10-06T22:40:00.414+0000] {dagbag.py:537} INFO - Filling up the DagBag from /home/airflow/.local/lib/python3.7/site-packages/airflow/example_dags/example_short_circuit_decorator.py
[2023-10-06T22:40:00.432+0000] {processor.py:766} INFO - DAG(s) dict_keys(['example_short_circuit_decorator']) retrieved from /home/airflow/.local/lib/python3.7/site-packages/airflow/example_dags/example_short_circuit_decorator.py
[2023-10-06T22:40:00.468+0000] {logging_mixin.py:120} INFO - [2023-10-06T22:40:00.468+0000] {dag.py:2585} INFO - Sync 1 DAGs
[2023-10-06T22:40:00.488+0000] {logging_mixin.py:120} INFO - [2023-10-06T22:40:00.488+0000] {dag.py:3340} INFO - Setting next_dagrun for example_short_circuit_decorator to 2023-10-05T22:40:00.488356+00:00, run_after=2023-10-06T22:40:00.488356+00:00
[2023-10-06T22:40:00.507+0000] {processor.py:176} INFO - Processing /home/airflow/.local/lib/python3.7/site-packages/airflow/example_dags/example_short_circuit_decorator.py took 0.099 seconds
[2023-10-06T22:40:30.925+0000] {processor.py:154} INFO - Started process (PID=731) to work on /home/airflow/.local/lib/python3.7/site-packages/airflow/example_dags/example_short_circuit_decorator.py
[2023-10-06T22:40:30.927+0000] {processor.py:756} INFO - Processing file /home/airflow/.local/lib/python3.7/site-packages/airflow/example_dags/example_short_circuit_decorator.py for tasks to queue
[2023-10-06T22:40:30.927+0000] {logging_mixin.py:120} INFO - [2023-10-06T22:40:30.927+0000] {dagbag.py:537} INFO - Filling up the DagBag from /home/airflow/.local/lib/python3.7/site-packages/airflow/example_dags/example_short_circuit_decorator.py
[2023-10-06T22:40:30.944+0000] {processor.py:766} INFO - DAG(s) dict_keys(['example_short_circuit_decorator']) retrieved from /home/airflow/.local/lib/python3.7/site-packages/airflow/example_dags/example_short_circuit_decorator.py
[2023-10-06T22:40:30.976+0000] {logging_mixin.py:120} INFO - [2023-10-06T22:40:30.976+0000] {dag.py:2585} INFO - Sync 1 DAGs
[2023-10-06T22:40:30.993+0000] {logging_mixin.py:120} INFO - [2023-10-06T22:40:30.993+0000] {dag.py:3340} INFO - Setting next_dagrun for example_short_circuit_decorator to 2023-10-05T22:40:30.993386+00:00, run_after=2023-10-06T22:40:30.993386+00:00
[2023-10-06T22:40:31.012+0000] {processor.py:176} INFO - Processing /home/airflow/.local/lib/python3.7/site-packages/airflow/example_dags/example_short_circuit_decorator.py took 0.089 seconds
[2023-10-06T22:41:01.626+0000] {processor.py:154} INFO - Started process (PID=794) to work on /home/airflow/.local/lib/python3.7/site-packages/airflow/example_dags/example_short_circuit_decorator.py
[2023-10-06T22:41:01.627+0000] {processor.py:756} INFO - Processing file /home/airflow/.local/lib/python3.7/site-packages/airflow/example_dags/example_short_circuit_decorator.py for tasks to queue
[2023-10-06T22:41:01.628+0000] {logging_mixin.py:120} INFO - [2023-10-06T22:41:01.628+0000] {dagbag.py:537} INFO - Filling up the DagBag from /home/airflow/.local/lib/python3.7/site-packages/airflow/example_dags/example_short_circuit_decorator.py
[2023-10-06T22:41:01.645+0000] {processor.py:766} INFO - DAG(s) dict_keys(['example_short_circuit_decorator']) retrieved from /home/airflow/.local/lib/python3.7/site-packages/airflow/example_dags/example_short_circuit_decorator.py
[2023-10-06T22:41:01.673+0000] {logging_mixin.py:120} INFO - [2023-10-06T22:41:01.673+0000] {dag.py:2585} INFO - Sync 1 DAGs
[2023-10-06T22:41:01.691+0000] {logging_mixin.py:120} INFO - [2023-10-06T22:41:01.691+0000] {dag.py:3340} INFO - Setting next_dagrun for example_short_circuit_decorator to 2023-10-05T22:41:01.691378+00:00, run_after=2023-10-06T22:41:01.691378+00:00
[2023-10-06T22:41:01.706+0000] {processor.py:176} INFO - Processing /home/airflow/.local/lib/python3.7/site-packages/airflow/example_dags/example_short_circuit_decorator.py took 0.082 seconds
[2023-10-06T22:41:32.143+0000] {processor.py:154} INFO - Started process (PID=857) to work on /home/airflow/.local/lib/python3.7/site-packages/airflow/example_dags/example_short_circuit_decorator.py
[2023-10-06T22:41:32.144+0000] {processor.py:756} INFO - Processing file /home/airflow/.local/lib/python3.7/site-packages/airflow/example_dags/example_short_circuit_decorator.py for tasks to queue
[2023-10-06T22:41:32.144+0000] {logging_mixin.py:120} INFO - [2023-10-06T22:41:32.144+0000] {dagbag.py:537} INFO - Filling up the DagBag from /home/airflow/.local/lib/python3.7/site-packages/airflow/example_dags/example_short_circuit_decorator.py
[2023-10-06T22:41:32.161+0000] {processor.py:766} INFO - DAG(s) dict_keys(['example_short_circuit_decorator']) retrieved from /home/airflow/.local/lib/python3.7/site-packages/airflow/example_dags/example_short_circuit_decorator.py
[2023-10-06T22:41:32.191+0000] {logging_mixin.py:120} INFO - [2023-10-06T22:41:32.191+0000] {dag.py:2585} INFO - Sync 1 DAGs
[2023-10-06T22:41:32.208+0000] {logging_mixin.py:120} INFO - [2023-10-06T22:41:32.208+0000] {dag.py:3340} INFO - Setting next_dagrun for example_short_circuit_decorator to 2023-10-05T22:41:32.208121+00:00, run_after=2023-10-06T22:41:32.208121+00:00
[2023-10-06T22:41:32.223+0000] {processor.py:176} INFO - Processing /home/airflow/.local/lib/python3.7/site-packages/airflow/example_dags/example_short_circuit_decorator.py took 0.082 seconds
[2023-10-06T22:42:02.282+0000] {processor.py:154} INFO - Started process (PID=920) to work on /home/airflow/.local/lib/python3.7/site-packages/airflow/example_dags/example_short_circuit_decorator.py
[2023-10-06T22:42:02.283+0000] {processor.py:756} INFO - Processing file /home/airflow/.local/lib/python3.7/site-packages/airflow/example_dags/example_short_circuit_decorator.py for tasks to queue
[2023-10-06T22:42:02.284+0000] {logging_mixin.py:120} INFO - [2023-10-06T22:42:02.283+0000] {dagbag.py:537} INFO - Filling up the DagBag from /home/airflow/.local/lib/python3.7/site-packages/airflow/example_dags/example_short_circuit_decorator.py
[2023-10-06T22:42:02.302+0000] {processor.py:766} INFO - DAG(s) dict_keys(['example_short_circuit_decorator']) retrieved from /home/airflow/.local/lib/python3.7/site-packages/airflow/example_dags/example_short_circuit_decorator.py
[2023-10-06T22:42:02.330+0000] {logging_mixin.py:120} INFO - [2023-10-06T22:42:02.330+0000] {dag.py:2585} INFO - Sync 1 DAGs
[2023-10-06T22:42:02.347+0000] {logging_mixin.py:120} INFO - [2023-10-06T22:42:02.347+0000] {dag.py:3340} INFO - Setting next_dagrun for example_short_circuit_decorator to 2023-10-05T22:42:02.347157+00:00, run_after=2023-10-06T22:42:02.347157+00:00
[2023-10-06T22:42:02.362+0000] {processor.py:176} INFO - Processing /home/airflow/.local/lib/python3.7/site-packages/airflow/example_dags/example_short_circuit_decorator.py took 0.082 seconds
[2023-10-06T22:42:32.899+0000] {processor.py:154} INFO - Started process (PID=974) to work on /home/airflow/.local/lib/python3.7/site-packages/airflow/example_dags/example_short_circuit_decorator.py
[2023-10-06T22:42:32.900+0000] {processor.py:756} INFO - Processing file /home/airflow/.local/lib/python3.7/site-packages/airflow/example_dags/example_short_circuit_decorator.py for tasks to queue
[2023-10-06T22:42:32.901+0000] {logging_mixin.py:120} INFO - [2023-10-06T22:42:32.901+0000] {dagbag.py:537} INFO - Filling up the DagBag from /home/airflow/.local/lib/python3.7/site-packages/airflow/example_dags/example_short_circuit_decorator.py
[2023-10-06T22:42:32.918+0000] {processor.py:766} INFO - DAG(s) dict_keys(['example_short_circuit_decorator']) retrieved from /home/airflow/.local/lib/python3.7/site-packages/airflow/example_dags/example_short_circuit_decorator.py
[2023-10-06T22:42:32.947+0000] {logging_mixin.py:120} INFO - [2023-10-06T22:42:32.947+0000] {dag.py:2585} INFO - Sync 1 DAGs
[2023-10-06T22:42:32.965+0000] {logging_mixin.py:120} INFO - [2023-10-06T22:42:32.964+0000] {dag.py:3340} INFO - Setting next_dagrun for example_short_circuit_decorator to 2023-10-05T22:42:32.964789+00:00, run_after=2023-10-06T22:42:32.964789+00:00
[2023-10-06T22:42:32.980+0000] {processor.py:176} INFO - Processing /home/airflow/.local/lib/python3.7/site-packages/airflow/example_dags/example_short_circuit_decorator.py took 0.083 seconds
[2023-10-06T22:43:03.287+0000] {processor.py:154} INFO - Started process (PID=1038) to work on /home/airflow/.local/lib/python3.7/site-packages/airflow/example_dags/example_short_circuit_decorator.py
[2023-10-06T22:43:03.288+0000] {processor.py:756} INFO - Processing file /home/airflow/.local/lib/python3.7/site-packages/airflow/example_dags/example_short_circuit_decorator.py for tasks to queue
[2023-10-06T22:43:03.288+0000] {logging_mixin.py:120} INFO - [2023-10-06T22:43:03.288+0000] {dagbag.py:537} INFO - Filling up the DagBag from /home/airflow/.local/lib/python3.7/site-packages/airflow/example_dags/example_short_circuit_decorator.py
[2023-10-06T22:43:03.306+0000] {processor.py:766} INFO - DAG(s) dict_keys(['example_short_circuit_decorator']) retrieved from /home/airflow/.local/lib/python3.7/site-packages/airflow/example_dags/example_short_circuit_decorator.py
[2023-10-06T22:43:03.335+0000] {logging_mixin.py:120} INFO - [2023-10-06T22:43:03.335+0000] {dag.py:2585} INFO - Sync 1 DAGs
[2023-10-06T22:43:03.355+0000] {logging_mixin.py:120} INFO - [2023-10-06T22:43:03.354+0000] {dag.py:3340} INFO - Setting next_dagrun for example_short_circuit_decorator to 2023-10-05T22:43:03.354777+00:00, run_after=2023-10-06T22:43:03.354777+00:00
[2023-10-06T22:43:03.369+0000] {processor.py:176} INFO - Processing /home/airflow/.local/lib/python3.7/site-packages/airflow/example_dags/example_short_circuit_decorator.py took 0.084 seconds
[2023-10-06T22:43:33.754+0000] {processor.py:154} INFO - Started process (PID=1102) to work on /home/airflow/.local/lib/python3.7/site-packages/airflow/example_dags/example_short_circuit_decorator.py
[2023-10-06T22:43:33.755+0000] {processor.py:756} INFO - Processing file /home/airflow/.local/lib/python3.7/site-packages/airflow/example_dags/example_short_circuit_decorator.py for tasks to queue
[2023-10-06T22:43:33.755+0000] {logging_mixin.py:120} INFO - [2023-10-06T22:43:33.755+0000] {dagbag.py:537} INFO - Filling up the DagBag from /home/airflow/.local/lib/python3.7/site-packages/airflow/example_dags/example_short_circuit_decorator.py
[2023-10-06T22:43:33.771+0000] {processor.py:766} INFO - DAG(s) dict_keys(['example_short_circuit_decorator']) retrieved from /home/airflow/.local/lib/python3.7/site-packages/airflow/example_dags/example_short_circuit_decorator.py
[2023-10-06T22:43:33.801+0000] {logging_mixin.py:120} INFO - [2023-10-06T22:43:33.801+0000] {dag.py:2585} INFO - Sync 1 DAGs
[2023-10-06T22:43:33.818+0000] {logging_mixin.py:120} INFO - [2023-10-06T22:43:33.818+0000] {dag.py:3340} INFO - Setting next_dagrun for example_short_circuit_decorator to 2023-10-05T22:43:33.817863+00:00, run_after=2023-10-06T22:43:33.817863+00:00
[2023-10-06T22:43:33.833+0000] {processor.py:176} INFO - Processing /home/airflow/.local/lib/python3.7/site-packages/airflow/example_dags/example_short_circuit_decorator.py took 0.081 seconds
[2023-10-06T22:44:04.053+0000] {processor.py:154} INFO - Started process (PID=1164) to work on /home/airflow/.local/lib/python3.7/site-packages/airflow/example_dags/example_short_circuit_decorator.py
[2023-10-06T22:44:04.054+0000] {processor.py:756} INFO - Processing file /home/airflow/.local/lib/python3.7/site-packages/airflow/example_dags/example_short_circuit_decorator.py for tasks to queue
[2023-10-06T22:44:04.054+0000] {logging_mixin.py:120} INFO - [2023-10-06T22:44:04.054+0000] {dagbag.py:537} INFO - Filling up the DagBag from /home/airflow/.local/lib/python3.7/site-packages/airflow/example_dags/example_short_circuit_decorator.py
[2023-10-06T22:44:04.071+0000] {processor.py:766} INFO - DAG(s) dict_keys(['example_short_circuit_decorator']) retrieved from /home/airflow/.local/lib/python3.7/site-packages/airflow/example_dags/example_short_circuit_decorator.py
[2023-10-06T22:44:04.105+0000] {logging_mixin.py:120} INFO - [2023-10-06T22:44:04.105+0000] {dag.py:2585} INFO - Sync 1 DAGs
[2023-10-06T22:44:04.121+0000] {logging_mixin.py:120} INFO - [2023-10-06T22:44:04.121+0000] {dag.py:3340} INFO - Setting next_dagrun for example_short_circuit_decorator to 2023-10-05T22:44:04.121447+00:00, run_after=2023-10-06T22:44:04.121447+00:00
[2023-10-06T22:44:04.136+0000] {processor.py:176} INFO - Processing /home/airflow/.local/lib/python3.7/site-packages/airflow/example_dags/example_short_circuit_decorator.py took 0.086 seconds
[2023-10-06T22:44:34.309+0000] {processor.py:154} INFO - Started process (PID=1219) to work on /home/airflow/.local/lib/python3.7/site-packages/airflow/example_dags/example_short_circuit_decorator.py
[2023-10-06T22:44:34.311+0000] {processor.py:756} INFO - Processing file /home/airflow/.local/lib/python3.7/site-packages/airflow/example_dags/example_short_circuit_decorator.py for tasks to queue
[2023-10-06T22:44:34.312+0000] {logging_mixin.py:120} INFO - [2023-10-06T22:44:34.312+0000] {dagbag.py:537} INFO - Filling up the DagBag from /home/airflow/.local/lib/python3.7/site-packages/airflow/example_dags/example_short_circuit_decorator.py
[2023-10-06T22:44:34.328+0000] {processor.py:766} INFO - DAG(s) dict_keys(['example_short_circuit_decorator']) retrieved from /home/airflow/.local/lib/python3.7/site-packages/airflow/example_dags/example_short_circuit_decorator.py
[2023-10-06T22:44:34.360+0000] {logging_mixin.py:120} INFO - [2023-10-06T22:44:34.360+0000] {dag.py:2585} INFO - Sync 1 DAGs
[2023-10-06T22:44:34.379+0000] {logging_mixin.py:120} INFO - [2023-10-06T22:44:34.379+0000] {dag.py:3340} INFO - Setting next_dagrun for example_short_circuit_decorator to 2023-10-05T22:44:34.379369+00:00, run_after=2023-10-06T22:44:34.379369+00:00
[2023-10-06T22:44:34.395+0000] {processor.py:176} INFO - Processing /home/airflow/.local/lib/python3.7/site-packages/airflow/example_dags/example_short_circuit_decorator.py took 0.088 seconds
[2023-10-06T22:45:04.708+0000] {processor.py:154} INFO - Started process (PID=1283) to work on /home/airflow/.local/lib/python3.7/site-packages/airflow/example_dags/example_short_circuit_decorator.py
[2023-10-06T22:45:04.709+0000] {processor.py:756} INFO - Processing file /home/airflow/.local/lib/python3.7/site-packages/airflow/example_dags/example_short_circuit_decorator.py for tasks to queue
[2023-10-06T22:45:04.709+0000] {logging_mixin.py:120} INFO - [2023-10-06T22:45:04.709+0000] {dagbag.py:537} INFO - Filling up the DagBag from /home/airflow/.local/lib/python3.7/site-packages/airflow/example_dags/example_short_circuit_decorator.py
[2023-10-06T22:45:04.727+0000] {processor.py:766} INFO - DAG(s) dict_keys(['example_short_circuit_decorator']) retrieved from /home/airflow/.local/lib/python3.7/site-packages/airflow/example_dags/example_short_circuit_decorator.py
[2023-10-06T22:45:04.757+0000] {logging_mixin.py:120} INFO - [2023-10-06T22:45:04.757+0000] {dag.py:2585} INFO - Sync 1 DAGs
[2023-10-06T22:45:04.775+0000] {logging_mixin.py:120} INFO - [2023-10-06T22:45:04.775+0000] {dag.py:3340} INFO - Setting next_dagrun for example_short_circuit_decorator to 2023-10-05T22:45:04.775212+00:00, run_after=2023-10-06T22:45:04.775212+00:00
[2023-10-06T22:45:04.791+0000] {processor.py:176} INFO - Processing /home/airflow/.local/lib/python3.7/site-packages/airflow/example_dags/example_short_circuit_decorator.py took 0.085 seconds
[2023-10-06T22:45:35.161+0000] {processor.py:154} INFO - Started process (PID=1347) to work on /home/airflow/.local/lib/python3.7/site-packages/airflow/example_dags/example_short_circuit_decorator.py
[2023-10-06T22:45:35.162+0000] {processor.py:756} INFO - Processing file /home/airflow/.local/lib/python3.7/site-packages/airflow/example_dags/example_short_circuit_decorator.py for tasks to queue
[2023-10-06T22:45:35.163+0000] {logging_mixin.py:120} INFO - [2023-10-06T22:45:35.162+0000] {dagbag.py:537} INFO - Filling up the DagBag from /home/airflow/.local/lib/python3.7/site-packages/airflow/example_dags/example_short_circuit_decorator.py
[2023-10-06T22:45:35.180+0000] {processor.py:766} INFO - DAG(s) dict_keys(['example_short_circuit_decorator']) retrieved from /home/airflow/.local/lib/python3.7/site-packages/airflow/example_dags/example_short_circuit_decorator.py
[2023-10-06T22:45:35.211+0000] {logging_mixin.py:120} INFO - [2023-10-06T22:45:35.211+0000] {dag.py:2585} INFO - Sync 1 DAGs
[2023-10-06T22:45:35.227+0000] {logging_mixin.py:120} INFO - [2023-10-06T22:45:35.227+0000] {dag.py:3340} INFO - Setting next_dagrun for example_short_circuit_decorator to 2023-10-05T22:45:35.227183+00:00, run_after=2023-10-06T22:45:35.227183+00:00
[2023-10-06T22:45:35.243+0000] {processor.py:176} INFO - Processing /home/airflow/.local/lib/python3.7/site-packages/airflow/example_dags/example_short_circuit_decorator.py took 0.084 seconds
[2023-10-06T22:46:05.471+0000] {processor.py:154} INFO - Started process (PID=1411) to work on /home/airflow/.local/lib/python3.7/site-packages/airflow/example_dags/example_short_circuit_decorator.py
[2023-10-06T22:46:05.472+0000] {processor.py:756} INFO - Processing file /home/airflow/.local/lib/python3.7/site-packages/airflow/example_dags/example_short_circuit_decorator.py for tasks to queue
[2023-10-06T22:46:05.472+0000] {logging_mixin.py:120} INFO - [2023-10-06T22:46:05.472+0000] {dagbag.py:537} INFO - Filling up the DagBag from /home/airflow/.local/lib/python3.7/site-packages/airflow/example_dags/example_short_circuit_decorator.py
[2023-10-06T22:46:05.488+0000] {processor.py:766} INFO - DAG(s) dict_keys(['example_short_circuit_decorator']) retrieved from /home/airflow/.local/lib/python3.7/site-packages/airflow/example_dags/example_short_circuit_decorator.py
[2023-10-06T22:46:05.520+0000] {logging_mixin.py:120} INFO - [2023-10-06T22:46:05.520+0000] {dag.py:2585} INFO - Sync 1 DAGs
[2023-10-06T22:46:05.557+0000] {logging_mixin.py:120} INFO - [2023-10-06T22:46:05.557+0000] {dag.py:3340} INFO - Setting next_dagrun for example_short_circuit_decorator to 2023-10-05T22:46:05.556769+00:00, run_after=2023-10-06T22:46:05.556769+00:00
[2023-10-06T22:46:05.591+0000] {processor.py:176} INFO - Processing /home/airflow/.local/lib/python3.7/site-packages/airflow/example_dags/example_short_circuit_decorator.py took 0.123 seconds
[2023-10-06T22:46:35.942+0000] {processor.py:154} INFO - Started process (PID=1474) to work on /home/airflow/.local/lib/python3.7/site-packages/airflow/example_dags/example_short_circuit_decorator.py
[2023-10-06T22:46:35.942+0000] {processor.py:756} INFO - Processing file /home/airflow/.local/lib/python3.7/site-packages/airflow/example_dags/example_short_circuit_decorator.py for tasks to queue
[2023-10-06T22:46:35.943+0000] {logging_mixin.py:120} INFO - [2023-10-06T22:46:35.942+0000] {dagbag.py:537} INFO - Filling up the DagBag from /home/airflow/.local/lib/python3.7/site-packages/airflow/example_dags/example_short_circuit_decorator.py
[2023-10-06T22:46:35.959+0000] {processor.py:766} INFO - DAG(s) dict_keys(['example_short_circuit_decorator']) retrieved from /home/airflow/.local/lib/python3.7/site-packages/airflow/example_dags/example_short_circuit_decorator.py
[2023-10-06T22:46:35.994+0000] {logging_mixin.py:120} INFO - [2023-10-06T22:46:35.993+0000] {dag.py:2585} INFO - Sync 1 DAGs
[2023-10-06T22:46:36.015+0000] {logging_mixin.py:120} INFO - [2023-10-06T22:46:36.015+0000] {dag.py:3340} INFO - Setting next_dagrun for example_short_circuit_decorator to 2023-10-05T22:46:36.015297+00:00, run_after=2023-10-06T22:46:36.015297+00:00
[2023-10-06T22:46:36.033+0000] {processor.py:176} INFO - Processing /home/airflow/.local/lib/python3.7/site-packages/airflow/example_dags/example_short_circuit_decorator.py took 0.094 seconds
[2023-10-06T22:47:06.337+0000] {processor.py:154} INFO - Started process (PID=1531) to work on /home/airflow/.local/lib/python3.7/site-packages/airflow/example_dags/example_short_circuit_decorator.py
[2023-10-06T22:47:06.338+0000] {processor.py:756} INFO - Processing file /home/airflow/.local/lib/python3.7/site-packages/airflow/example_dags/example_short_circuit_decorator.py for tasks to queue
[2023-10-06T22:47:06.339+0000] {logging_mixin.py:120} INFO - [2023-10-06T22:47:06.339+0000] {dagbag.py:537} INFO - Filling up the DagBag from /home/airflow/.local/lib/python3.7/site-packages/airflow/example_dags/example_short_circuit_decorator.py
[2023-10-06T22:47:06.356+0000] {processor.py:766} INFO - DAG(s) dict_keys(['example_short_circuit_decorator']) retrieved from /home/airflow/.local/lib/python3.7/site-packages/airflow/example_dags/example_short_circuit_decorator.py
[2023-10-06T22:47:06.385+0000] {logging_mixin.py:120} INFO - [2023-10-06T22:47:06.385+0000] {dag.py:2585} INFO - Sync 1 DAGs
[2023-10-06T22:47:06.404+0000] {logging_mixin.py:120} INFO - [2023-10-06T22:47:06.404+0000] {dag.py:3340} INFO - Setting next_dagrun for example_short_circuit_decorator to 2023-10-05T22:47:06.404044+00:00, run_after=2023-10-06T22:47:06.404044+00:00
[2023-10-06T22:47:06.422+0000] {processor.py:176} INFO - Processing /home/airflow/.local/lib/python3.7/site-packages/airflow/example_dags/example_short_circuit_decorator.py took 0.087 seconds
[2023-10-06T22:47:36.707+0000] {processor.py:154} INFO - Started process (PID=1594) to work on /home/airflow/.local/lib/python3.7/site-packages/airflow/example_dags/example_short_circuit_decorator.py
[2023-10-06T22:47:36.707+0000] {processor.py:756} INFO - Processing file /home/airflow/.local/lib/python3.7/site-packages/airflow/example_dags/example_short_circuit_decorator.py for tasks to queue
[2023-10-06T22:47:36.708+0000] {logging_mixin.py:120} INFO - [2023-10-06T22:47:36.708+0000] {dagbag.py:537} INFO - Filling up the DagBag from /home/airflow/.local/lib/python3.7/site-packages/airflow/example_dags/example_short_circuit_decorator.py
[2023-10-06T22:47:36.724+0000] {processor.py:766} INFO - DAG(s) dict_keys(['example_short_circuit_decorator']) retrieved from /home/airflow/.local/lib/python3.7/site-packages/airflow/example_dags/example_short_circuit_decorator.py
[2023-10-06T22:47:36.751+0000] {logging_mixin.py:120} INFO - [2023-10-06T22:47:36.751+0000] {dag.py:2585} INFO - Sync 1 DAGs
[2023-10-06T22:47:36.769+0000] {logging_mixin.py:120} INFO - [2023-10-06T22:47:36.768+0000] {dag.py:3340} INFO - Setting next_dagrun for example_short_circuit_decorator to 2023-10-05T22:47:36.768815+00:00, run_after=2023-10-06T22:47:36.768815+00:00
[2023-10-06T22:47:36.783+0000] {processor.py:176} INFO - Processing /home/airflow/.local/lib/python3.7/site-packages/airflow/example_dags/example_short_circuit_decorator.py took 0.078 seconds
[2023-10-06T22:48:06.963+0000] {processor.py:154} INFO - Started process (PID=1658) to work on /home/airflow/.local/lib/python3.7/site-packages/airflow/example_dags/example_short_circuit_decorator.py
[2023-10-06T22:48:06.964+0000] {processor.py:756} INFO - Processing file /home/airflow/.local/lib/python3.7/site-packages/airflow/example_dags/example_short_circuit_decorator.py for tasks to queue
[2023-10-06T22:48:06.965+0000] {logging_mixin.py:120} INFO - [2023-10-06T22:48:06.965+0000] {dagbag.py:537} INFO - Filling up the DagBag from /home/airflow/.local/lib/python3.7/site-packages/airflow/example_dags/example_short_circuit_decorator.py
[2023-10-06T22:48:06.982+0000] {processor.py:766} INFO - DAG(s) dict_keys(['example_short_circuit_decorator']) retrieved from /home/airflow/.local/lib/python3.7/site-packages/airflow/example_dags/example_short_circuit_decorator.py
[2023-10-06T22:48:07.013+0000] {logging_mixin.py:120} INFO - [2023-10-06T22:48:07.013+0000] {dag.py:2585} INFO - Sync 1 DAGs
[2023-10-06T22:48:07.031+0000] {logging_mixin.py:120} INFO - [2023-10-06T22:48:07.030+0000] {dag.py:3340} INFO - Setting next_dagrun for example_short_circuit_decorator to 2023-10-05T22:48:07.030699+00:00, run_after=2023-10-06T22:48:07.030699+00:00
[2023-10-06T22:48:07.047+0000] {processor.py:176} INFO - Processing /home/airflow/.local/lib/python3.7/site-packages/airflow/example_dags/example_short_circuit_decorator.py took 0.086 seconds
[2023-10-06T22:48:37.741+0000] {processor.py:154} INFO - Started process (PID=1721) to work on /home/airflow/.local/lib/python3.7/site-packages/airflow/example_dags/example_short_circuit_decorator.py
[2023-10-06T22:48:37.742+0000] {processor.py:756} INFO - Processing file /home/airflow/.local/lib/python3.7/site-packages/airflow/example_dags/example_short_circuit_decorator.py for tasks to queue
[2023-10-06T22:48:37.742+0000] {logging_mixin.py:120} INFO - [2023-10-06T22:48:37.742+0000] {dagbag.py:537} INFO - Filling up the DagBag from /home/airflow/.local/lib/python3.7/site-packages/airflow/example_dags/example_short_circuit_decorator.py
[2023-10-06T22:48:37.760+0000] {processor.py:766} INFO - DAG(s) dict_keys(['example_short_circuit_decorator']) retrieved from /home/airflow/.local/lib/python3.7/site-packages/airflow/example_dags/example_short_circuit_decorator.py
[2023-10-06T22:48:37.794+0000] {logging_mixin.py:120} INFO - [2023-10-06T22:48:37.793+0000] {dag.py:2585} INFO - Sync 1 DAGs
[2023-10-06T22:48:37.812+0000] {logging_mixin.py:120} INFO - [2023-10-06T22:48:37.812+0000] {dag.py:3340} INFO - Setting next_dagrun for example_short_circuit_decorator to 2023-10-05T22:48:37.812559+00:00, run_after=2023-10-06T22:48:37.812559+00:00
[2023-10-06T22:48:37.831+0000] {processor.py:176} INFO - Processing /home/airflow/.local/lib/python3.7/site-packages/airflow/example_dags/example_short_circuit_decorator.py took 0.092 seconds
[2023-10-06T22:49:08.158+0000] {processor.py:154} INFO - Started process (PID=1776) to work on /home/airflow/.local/lib/python3.7/site-packages/airflow/example_dags/example_short_circuit_decorator.py
[2023-10-06T22:49:08.159+0000] {processor.py:756} INFO - Processing file /home/airflow/.local/lib/python3.7/site-packages/airflow/example_dags/example_short_circuit_decorator.py for tasks to queue
[2023-10-06T22:49:08.160+0000] {logging_mixin.py:120} INFO - [2023-10-06T22:49:08.160+0000] {dagbag.py:537} INFO - Filling up the DagBag from /home/airflow/.local/lib/python3.7/site-packages/airflow/example_dags/example_short_circuit_decorator.py
[2023-10-06T22:49:08.179+0000] {processor.py:766} INFO - DAG(s) dict_keys(['example_short_circuit_decorator']) retrieved from /home/airflow/.local/lib/python3.7/site-packages/airflow/example_dags/example_short_circuit_decorator.py
[2023-10-06T22:49:08.212+0000] {logging_mixin.py:120} INFO - [2023-10-06T22:49:08.212+0000] {dag.py:2585} INFO - Sync 1 DAGs
[2023-10-06T22:49:08.231+0000] {logging_mixin.py:120} INFO - [2023-10-06T22:49:08.230+0000] {dag.py:3340} INFO - Setting next_dagrun for example_short_circuit_decorator to 2023-10-05T22:49:08.230752+00:00, run_after=2023-10-06T22:49:08.230752+00:00
[2023-10-06T22:49:08.249+0000] {processor.py:176} INFO - Processing /home/airflow/.local/lib/python3.7/site-packages/airflow/example_dags/example_short_circuit_decorator.py took 0.094 seconds
[2023-10-06T22:49:38.550+0000] {processor.py:154} INFO - Started process (PID=1840) to work on /home/airflow/.local/lib/python3.7/site-packages/airflow/example_dags/example_short_circuit_decorator.py
[2023-10-06T22:49:38.551+0000] {processor.py:756} INFO - Processing file /home/airflow/.local/lib/python3.7/site-packages/airflow/example_dags/example_short_circuit_decorator.py for tasks to queue
[2023-10-06T22:49:38.551+0000] {logging_mixin.py:120} INFO - [2023-10-06T22:49:38.551+0000] {dagbag.py:537} INFO - Filling up the DagBag from /home/airflow/.local/lib/python3.7/site-packages/airflow/example_dags/example_short_circuit_decorator.py
[2023-10-06T22:49:38.570+0000] {processor.py:766} INFO - DAG(s) dict_keys(['example_short_circuit_decorator']) retrieved from /home/airflow/.local/lib/python3.7/site-packages/airflow/example_dags/example_short_circuit_decorator.py
[2023-10-06T22:49:38.602+0000] {logging_mixin.py:120} INFO - [2023-10-06T22:49:38.602+0000] {dag.py:2585} INFO - Sync 1 DAGs
[2023-10-06T22:49:38.619+0000] {logging_mixin.py:120} INFO - [2023-10-06T22:49:38.619+0000] {dag.py:3340} INFO - Setting next_dagrun for example_short_circuit_decorator to 2023-10-05T22:49:38.619477+00:00, run_after=2023-10-06T22:49:38.619477+00:00
[2023-10-06T22:49:38.635+0000] {processor.py:176} INFO - Processing /home/airflow/.local/lib/python3.7/site-packages/airflow/example_dags/example_short_circuit_decorator.py took 0.087 seconds
[2023-10-06T22:50:08.903+0000] {processor.py:154} INFO - Started process (PID=1904) to work on /home/airflow/.local/lib/python3.7/site-packages/airflow/example_dags/example_short_circuit_decorator.py
[2023-10-06T22:50:08.904+0000] {processor.py:756} INFO - Processing file /home/airflow/.local/lib/python3.7/site-packages/airflow/example_dags/example_short_circuit_decorator.py for tasks to queue
[2023-10-06T22:50:08.904+0000] {logging_mixin.py:120} INFO - [2023-10-06T22:50:08.904+0000] {dagbag.py:537} INFO - Filling up the DagBag from /home/airflow/.local/lib/python3.7/site-packages/airflow/example_dags/example_short_circuit_decorator.py
[2023-10-06T22:50:08.921+0000] {processor.py:766} INFO - DAG(s) dict_keys(['example_short_circuit_decorator']) retrieved from /home/airflow/.local/lib/python3.7/site-packages/airflow/example_dags/example_short_circuit_decorator.py
[2023-10-06T22:50:08.953+0000] {logging_mixin.py:120} INFO - [2023-10-06T22:50:08.952+0000] {dag.py:2585} INFO - Sync 1 DAGs
[2023-10-06T22:50:08.970+0000] {logging_mixin.py:120} INFO - [2023-10-06T22:50:08.970+0000] {dag.py:3340} INFO - Setting next_dagrun for example_short_circuit_decorator to 2023-10-05T22:50:08.969928+00:00, run_after=2023-10-06T22:50:08.969928+00:00
[2023-10-06T22:50:08.984+0000] {processor.py:176} INFO - Processing /home/airflow/.local/lib/python3.7/site-packages/airflow/example_dags/example_short_circuit_decorator.py took 0.083 seconds
[2023-10-06T22:50:39.183+0000] {processor.py:154} INFO - Started process (PID=1969) to work on /home/airflow/.local/lib/python3.7/site-packages/airflow/example_dags/example_short_circuit_decorator.py
[2023-10-06T22:50:39.183+0000] {processor.py:756} INFO - Processing file /home/airflow/.local/lib/python3.7/site-packages/airflow/example_dags/example_short_circuit_decorator.py for tasks to queue
[2023-10-06T22:50:39.184+0000] {logging_mixin.py:120} INFO - [2023-10-06T22:50:39.184+0000] {dagbag.py:537} INFO - Filling up the DagBag from /home/airflow/.local/lib/python3.7/site-packages/airflow/example_dags/example_short_circuit_decorator.py
[2023-10-06T22:50:39.200+0000] {processor.py:766} INFO - DAG(s) dict_keys(['example_short_circuit_decorator']) retrieved from /home/airflow/.local/lib/python3.7/site-packages/airflow/example_dags/example_short_circuit_decorator.py
[2023-10-06T22:50:39.228+0000] {logging_mixin.py:120} INFO - [2023-10-06T22:50:39.228+0000] {dag.py:2585} INFO - Sync 1 DAGs
[2023-10-06T22:50:39.244+0000] {logging_mixin.py:120} INFO - [2023-10-06T22:50:39.244+0000] {dag.py:3340} INFO - Setting next_dagrun for example_short_circuit_decorator to 2023-10-05T22:50:39.244683+00:00, run_after=2023-10-06T22:50:39.244683+00:00
[2023-10-06T22:50:39.258+0000] {processor.py:176} INFO - Processing /home/airflow/.local/lib/python3.7/site-packages/airflow/example_dags/example_short_circuit_decorator.py took 0.078 seconds
[2023-10-06T22:51:09.423+0000] {processor.py:154} INFO - Started process (PID=2024) to work on /home/airflow/.local/lib/python3.7/site-packages/airflow/example_dags/example_short_circuit_decorator.py
[2023-10-06T22:51:09.424+0000] {processor.py:756} INFO - Processing file /home/airflow/.local/lib/python3.7/site-packages/airflow/example_dags/example_short_circuit_decorator.py for tasks to queue
[2023-10-06T22:51:09.425+0000] {logging_mixin.py:120} INFO - [2023-10-06T22:51:09.425+0000] {dagbag.py:537} INFO - Filling up the DagBag from /home/airflow/.local/lib/python3.7/site-packages/airflow/example_dags/example_short_circuit_decorator.py
[2023-10-06T22:51:09.442+0000] {processor.py:766} INFO - DAG(s) dict_keys(['example_short_circuit_decorator']) retrieved from /home/airflow/.local/lib/python3.7/site-packages/airflow/example_dags/example_short_circuit_decorator.py
[2023-10-06T22:51:09.472+0000] {logging_mixin.py:120} INFO - [2023-10-06T22:51:09.472+0000] {dag.py:2585} INFO - Sync 1 DAGs
[2023-10-06T22:51:09.491+0000] {logging_mixin.py:120} INFO - [2023-10-06T22:51:09.491+0000] {dag.py:3340} INFO - Setting next_dagrun for example_short_circuit_decorator to 2023-10-05T22:51:09.490997+00:00, run_after=2023-10-06T22:51:09.490997+00:00
[2023-10-06T22:51:09.506+0000] {processor.py:176} INFO - Processing /home/airflow/.local/lib/python3.7/site-packages/airflow/example_dags/example_short_circuit_decorator.py took 0.085 seconds
[2023-10-06T22:51:40.193+0000] {processor.py:154} INFO - Started process (PID=2087) to work on /home/airflow/.local/lib/python3.7/site-packages/airflow/example_dags/example_short_circuit_decorator.py
[2023-10-06T22:51:40.193+0000] {processor.py:756} INFO - Processing file /home/airflow/.local/lib/python3.7/site-packages/airflow/example_dags/example_short_circuit_decorator.py for tasks to queue
[2023-10-06T22:51:40.194+0000] {logging_mixin.py:120} INFO - [2023-10-06T22:51:40.193+0000] {dagbag.py:537} INFO - Filling up the DagBag from /home/airflow/.local/lib/python3.7/site-packages/airflow/example_dags/example_short_circuit_decorator.py
[2023-10-06T22:51:40.210+0000] {processor.py:766} INFO - DAG(s) dict_keys(['example_short_circuit_decorator']) retrieved from /home/airflow/.local/lib/python3.7/site-packages/airflow/example_dags/example_short_circuit_decorator.py
[2023-10-06T22:51:40.239+0000] {logging_mixin.py:120} INFO - [2023-10-06T22:51:40.239+0000] {dag.py:2585} INFO - Sync 1 DAGs
[2023-10-06T22:51:40.258+0000] {logging_mixin.py:120} INFO - [2023-10-06T22:51:40.258+0000] {dag.py:3340} INFO - Setting next_dagrun for example_short_circuit_decorator to 2023-10-05T22:51:40.258639+00:00, run_after=2023-10-06T22:51:40.258639+00:00
[2023-10-06T22:51:40.275+0000] {processor.py:176} INFO - Processing /home/airflow/.local/lib/python3.7/site-packages/airflow/example_dags/example_short_circuit_decorator.py took 0.085 seconds
[2023-10-06T22:52:10.546+0000] {processor.py:154} INFO - Started process (PID=2151) to work on /home/airflow/.local/lib/python3.7/site-packages/airflow/example_dags/example_short_circuit_decorator.py
[2023-10-06T22:52:10.548+0000] {processor.py:756} INFO - Processing file /home/airflow/.local/lib/python3.7/site-packages/airflow/example_dags/example_short_circuit_decorator.py for tasks to queue
[2023-10-06T22:52:10.548+0000] {logging_mixin.py:120} INFO - [2023-10-06T22:52:10.548+0000] {dagbag.py:537} INFO - Filling up the DagBag from /home/airflow/.local/lib/python3.7/site-packages/airflow/example_dags/example_short_circuit_decorator.py
[2023-10-06T22:52:10.565+0000] {processor.py:766} INFO - DAG(s) dict_keys(['example_short_circuit_decorator']) retrieved from /home/airflow/.local/lib/python3.7/site-packages/airflow/example_dags/example_short_circuit_decorator.py
[2023-10-06T22:52:10.596+0000] {logging_mixin.py:120} INFO - [2023-10-06T22:52:10.596+0000] {dag.py:2585} INFO - Sync 1 DAGs
[2023-10-06T22:52:10.613+0000] {logging_mixin.py:120} INFO - [2023-10-06T22:52:10.613+0000] {dag.py:3340} INFO - Setting next_dagrun for example_short_circuit_decorator to 2023-10-05T22:52:10.613105+00:00, run_after=2023-10-06T22:52:10.613105+00:00
[2023-10-06T22:52:10.628+0000] {processor.py:176} INFO - Processing /home/airflow/.local/lib/python3.7/site-packages/airflow/example_dags/example_short_circuit_decorator.py took 0.084 seconds
[2023-10-06T22:52:40.714+0000] {processor.py:154} INFO - Started process (PID=2216) to work on /home/airflow/.local/lib/python3.7/site-packages/airflow/example_dags/example_short_circuit_decorator.py
[2023-10-06T22:52:40.715+0000] {processor.py:756} INFO - Processing file /home/airflow/.local/lib/python3.7/site-packages/airflow/example_dags/example_short_circuit_decorator.py for tasks to queue
[2023-10-06T22:52:40.715+0000] {logging_mixin.py:120} INFO - [2023-10-06T22:52:40.715+0000] {dagbag.py:537} INFO - Filling up the DagBag from /home/airflow/.local/lib/python3.7/site-packages/airflow/example_dags/example_short_circuit_decorator.py
[2023-10-06T22:52:40.731+0000] {processor.py:766} INFO - DAG(s) dict_keys(['example_short_circuit_decorator']) retrieved from /home/airflow/.local/lib/python3.7/site-packages/airflow/example_dags/example_short_circuit_decorator.py
[2023-10-06T22:52:40.761+0000] {logging_mixin.py:120} INFO - [2023-10-06T22:52:40.760+0000] {dag.py:2585} INFO - Sync 1 DAGs
[2023-10-06T22:52:40.780+0000] {logging_mixin.py:120} INFO - [2023-10-06T22:52:40.780+0000] {dag.py:3340} INFO - Setting next_dagrun for example_short_circuit_decorator to 2023-10-05T22:52:40.780084+00:00, run_after=2023-10-06T22:52:40.780084+00:00
[2023-10-06T22:52:40.795+0000] {processor.py:176} INFO - Processing /home/airflow/.local/lib/python3.7/site-packages/airflow/example_dags/example_short_circuit_decorator.py took 0.083 seconds
[2023-10-06T22:53:11.082+0000] {processor.py:154} INFO - Started process (PID=2271) to work on /home/airflow/.local/lib/python3.7/site-packages/airflow/example_dags/example_short_circuit_decorator.py
[2023-10-06T22:53:11.083+0000] {processor.py:756} INFO - Processing file /home/airflow/.local/lib/python3.7/site-packages/airflow/example_dags/example_short_circuit_decorator.py for tasks to queue
[2023-10-06T22:53:11.084+0000] {logging_mixin.py:120} INFO - [2023-10-06T22:53:11.084+0000] {dagbag.py:537} INFO - Filling up the DagBag from /home/airflow/.local/lib/python3.7/site-packages/airflow/example_dags/example_short_circuit_decorator.py
[2023-10-06T22:53:11.100+0000] {processor.py:766} INFO - DAG(s) dict_keys(['example_short_circuit_decorator']) retrieved from /home/airflow/.local/lib/python3.7/site-packages/airflow/example_dags/example_short_circuit_decorator.py
[2023-10-06T22:53:11.130+0000] {logging_mixin.py:120} INFO - [2023-10-06T22:53:11.130+0000] {dag.py:2585} INFO - Sync 1 DAGs
[2023-10-06T22:53:11.147+0000] {logging_mixin.py:120} INFO - [2023-10-06T22:53:11.147+0000] {dag.py:3340} INFO - Setting next_dagrun for example_short_circuit_decorator to 2023-10-05T22:53:11.147517+00:00, run_after=2023-10-06T22:53:11.147517+00:00
[2023-10-06T22:53:11.164+0000] {processor.py:176} INFO - Processing /home/airflow/.local/lib/python3.7/site-packages/airflow/example_dags/example_short_circuit_decorator.py took 0.084 seconds
[2023-10-06T22:53:41.221+0000] {processor.py:154} INFO - Started process (PID=2335) to work on /home/airflow/.local/lib/python3.7/site-packages/airflow/example_dags/example_short_circuit_decorator.py
[2023-10-06T22:53:41.222+0000] {processor.py:756} INFO - Processing file /home/airflow/.local/lib/python3.7/site-packages/airflow/example_dags/example_short_circuit_decorator.py for tasks to queue
[2023-10-06T22:53:41.222+0000] {logging_mixin.py:120} INFO - [2023-10-06T22:53:41.222+0000] {dagbag.py:537} INFO - Filling up the DagBag from /home/airflow/.local/lib/python3.7/site-packages/airflow/example_dags/example_short_circuit_decorator.py
[2023-10-06T22:53:41.238+0000] {processor.py:766} INFO - DAG(s) dict_keys(['example_short_circuit_decorator']) retrieved from /home/airflow/.local/lib/python3.7/site-packages/airflow/example_dags/example_short_circuit_decorator.py
[2023-10-06T22:53:41.265+0000] {logging_mixin.py:120} INFO - [2023-10-06T22:53:41.265+0000] {dag.py:2585} INFO - Sync 1 DAGs
[2023-10-06T22:53:41.282+0000] {logging_mixin.py:120} INFO - [2023-10-06T22:53:41.282+0000] {dag.py:3340} INFO - Setting next_dagrun for example_short_circuit_decorator to 2023-10-05T22:53:41.282377+00:00, run_after=2023-10-06T22:53:41.282377+00:00
[2023-10-06T22:53:41.297+0000] {processor.py:176} INFO - Processing /home/airflow/.local/lib/python3.7/site-packages/airflow/example_dags/example_short_circuit_decorator.py took 0.078 seconds
[2023-10-06T22:54:11.552+0000] {processor.py:154} INFO - Started process (PID=2399) to work on /home/airflow/.local/lib/python3.7/site-packages/airflow/example_dags/example_short_circuit_decorator.py
[2023-10-06T22:54:11.553+0000] {processor.py:756} INFO - Processing file /home/airflow/.local/lib/python3.7/site-packages/airflow/example_dags/example_short_circuit_decorator.py for tasks to queue
[2023-10-06T22:54:11.554+0000] {logging_mixin.py:120} INFO - [2023-10-06T22:54:11.554+0000] {dagbag.py:537} INFO - Filling up the DagBag from /home/airflow/.local/lib/python3.7/site-packages/airflow/example_dags/example_short_circuit_decorator.py
[2023-10-06T22:54:11.570+0000] {processor.py:766} INFO - DAG(s) dict_keys(['example_short_circuit_decorator']) retrieved from /home/airflow/.local/lib/python3.7/site-packages/airflow/example_dags/example_short_circuit_decorator.py
[2023-10-06T22:54:11.599+0000] {logging_mixin.py:120} INFO - [2023-10-06T22:54:11.599+0000] {dag.py:2585} INFO - Sync 1 DAGs
[2023-10-06T22:54:11.615+0000] {logging_mixin.py:120} INFO - [2023-10-06T22:54:11.615+0000] {dag.py:3340} INFO - Setting next_dagrun for example_short_circuit_decorator to 2023-10-05T22:54:11.615267+00:00, run_after=2023-10-06T22:54:11.615267+00:00
[2023-10-06T22:54:11.629+0000] {processor.py:176} INFO - Processing /home/airflow/.local/lib/python3.7/site-packages/airflow/example_dags/example_short_circuit_decorator.py took 0.079 seconds
[2023-10-06T22:54:41.866+0000] {processor.py:154} INFO - Started process (PID=2463) to work on /home/airflow/.local/lib/python3.7/site-packages/airflow/example_dags/example_short_circuit_decorator.py
[2023-10-06T22:54:41.866+0000] {processor.py:756} INFO - Processing file /home/airflow/.local/lib/python3.7/site-packages/airflow/example_dags/example_short_circuit_decorator.py for tasks to queue
[2023-10-06T22:54:41.867+0000] {logging_mixin.py:120} INFO - [2023-10-06T22:54:41.867+0000] {dagbag.py:537} INFO - Filling up the DagBag from /home/airflow/.local/lib/python3.7/site-packages/airflow/example_dags/example_short_circuit_decorator.py
[2023-10-06T22:54:41.883+0000] {processor.py:766} INFO - DAG(s) dict_keys(['example_short_circuit_decorator']) retrieved from /home/airflow/.local/lib/python3.7/site-packages/airflow/example_dags/example_short_circuit_decorator.py
[2023-10-06T22:54:41.911+0000] {logging_mixin.py:120} INFO - [2023-10-06T22:54:41.910+0000] {dag.py:2585} INFO - Sync 1 DAGs
[2023-10-06T22:54:41.928+0000] {logging_mixin.py:120} INFO - [2023-10-06T22:54:41.928+0000] {dag.py:3340} INFO - Setting next_dagrun for example_short_circuit_decorator to 2023-10-05T22:54:41.928448+00:00, run_after=2023-10-06T22:54:41.928448+00:00
[2023-10-06T22:54:41.941+0000] {processor.py:176} INFO - Processing /home/airflow/.local/lib/python3.7/site-packages/airflow/example_dags/example_short_circuit_decorator.py took 0.077 seconds
[2023-10-06T22:55:12.174+0000] {processor.py:154} INFO - Started process (PID=2518) to work on /home/airflow/.local/lib/python3.7/site-packages/airflow/example_dags/example_short_circuit_decorator.py
[2023-10-06T22:55:12.175+0000] {processor.py:756} INFO - Processing file /home/airflow/.local/lib/python3.7/site-packages/airflow/example_dags/example_short_circuit_decorator.py for tasks to queue
[2023-10-06T22:55:12.175+0000] {logging_mixin.py:120} INFO - [2023-10-06T22:55:12.175+0000] {dagbag.py:537} INFO - Filling up the DagBag from /home/airflow/.local/lib/python3.7/site-packages/airflow/example_dags/example_short_circuit_decorator.py
[2023-10-06T22:55:12.195+0000] {processor.py:766} INFO - DAG(s) dict_keys(['example_short_circuit_decorator']) retrieved from /home/airflow/.local/lib/python3.7/site-packages/airflow/example_dags/example_short_circuit_decorator.py
[2023-10-06T22:55:12.294+0000] {logging_mixin.py:120} INFO - [2023-10-06T22:55:12.294+0000] {dag.py:2585} INFO - Sync 1 DAGs
[2023-10-06T22:55:12.316+0000] {logging_mixin.py:120} INFO - [2023-10-06T22:55:12.316+0000] {dag.py:3340} INFO - Setting next_dagrun for example_short_circuit_decorator to 2023-10-05T22:55:12.316148+00:00, run_after=2023-10-06T22:55:12.316148+00:00
[2023-10-06T22:55:12.333+0000] {processor.py:176} INFO - Processing /home/airflow/.local/lib/python3.7/site-packages/airflow/example_dags/example_short_circuit_decorator.py took 0.161 seconds
[2023-10-06T22:55:42.479+0000] {processor.py:154} INFO - Started process (PID=2582) to work on /home/airflow/.local/lib/python3.7/site-packages/airflow/example_dags/example_short_circuit_decorator.py
[2023-10-06T22:55:42.479+0000] {processor.py:756} INFO - Processing file /home/airflow/.local/lib/python3.7/site-packages/airflow/example_dags/example_short_circuit_decorator.py for tasks to queue
[2023-10-06T22:55:42.480+0000] {logging_mixin.py:120} INFO - [2023-10-06T22:55:42.479+0000] {dagbag.py:537} INFO - Filling up the DagBag from /home/airflow/.local/lib/python3.7/site-packages/airflow/example_dags/example_short_circuit_decorator.py
[2023-10-06T22:55:42.496+0000] {processor.py:766} INFO - DAG(s) dict_keys(['example_short_circuit_decorator']) retrieved from /home/airflow/.local/lib/python3.7/site-packages/airflow/example_dags/example_short_circuit_decorator.py
[2023-10-06T22:55:42.522+0000] {logging_mixin.py:120} INFO - [2023-10-06T22:55:42.522+0000] {dag.py:2585} INFO - Sync 1 DAGs
[2023-10-06T22:55:42.539+0000] {logging_mixin.py:120} INFO - [2023-10-06T22:55:42.539+0000] {dag.py:3340} INFO - Setting next_dagrun for example_short_circuit_decorator to 2023-10-05T22:55:42.539112+00:00, run_after=2023-10-06T22:55:42.539112+00:00
[2023-10-06T22:55:42.552+0000] {processor.py:176} INFO - Processing /home/airflow/.local/lib/python3.7/site-packages/airflow/example_dags/example_short_circuit_decorator.py took 0.075 seconds
[2023-10-06T22:56:12.908+0000] {processor.py:154} INFO - Started process (PID=2646) to work on /home/airflow/.local/lib/python3.7/site-packages/airflow/example_dags/example_short_circuit_decorator.py
[2023-10-06T22:56:12.909+0000] {processor.py:756} INFO - Processing file /home/airflow/.local/lib/python3.7/site-packages/airflow/example_dags/example_short_circuit_decorator.py for tasks to queue
[2023-10-06T22:56:12.910+0000] {logging_mixin.py:120} INFO - [2023-10-06T22:56:12.910+0000] {dagbag.py:537} INFO - Filling up the DagBag from /home/airflow/.local/lib/python3.7/site-packages/airflow/example_dags/example_short_circuit_decorator.py
[2023-10-06T22:56:12.930+0000] {processor.py:766} INFO - DAG(s) dict_keys(['example_short_circuit_decorator']) retrieved from /home/airflow/.local/lib/python3.7/site-packages/airflow/example_dags/example_short_circuit_decorator.py
[2023-10-06T22:56:12.962+0000] {logging_mixin.py:120} INFO - [2023-10-06T22:56:12.962+0000] {dag.py:2585} INFO - Sync 1 DAGs
[2023-10-06T22:56:12.978+0000] {logging_mixin.py:120} INFO - [2023-10-06T22:56:12.978+0000] {dag.py:3340} INFO - Setting next_dagrun for example_short_circuit_decorator to 2023-10-05T22:56:12.978642+00:00, run_after=2023-10-06T22:56:12.978642+00:00
[2023-10-06T22:56:12.992+0000] {processor.py:176} INFO - Processing /home/airflow/.local/lib/python3.7/site-packages/airflow/example_dags/example_short_circuit_decorator.py took 0.087 seconds
[2023-10-06T22:56:43.148+0000] {processor.py:154} INFO - Started process (PID=2709) to work on /home/airflow/.local/lib/python3.7/site-packages/airflow/example_dags/example_short_circuit_decorator.py
[2023-10-06T22:56:43.148+0000] {processor.py:756} INFO - Processing file /home/airflow/.local/lib/python3.7/site-packages/airflow/example_dags/example_short_circuit_decorator.py for tasks to queue
[2023-10-06T22:56:43.149+0000] {logging_mixin.py:120} INFO - [2023-10-06T22:56:43.149+0000] {dagbag.py:537} INFO - Filling up the DagBag from /home/airflow/.local/lib/python3.7/site-packages/airflow/example_dags/example_short_circuit_decorator.py
[2023-10-06T22:56:43.165+0000] {processor.py:766} INFO - DAG(s) dict_keys(['example_short_circuit_decorator']) retrieved from /home/airflow/.local/lib/python3.7/site-packages/airflow/example_dags/example_short_circuit_decorator.py
[2023-10-06T22:56:43.193+0000] {logging_mixin.py:120} INFO - [2023-10-06T22:56:43.192+0000] {dag.py:2585} INFO - Sync 1 DAGs
[2023-10-06T22:56:43.209+0000] {logging_mixin.py:120} INFO - [2023-10-06T22:56:43.209+0000] {dag.py:3340} INFO - Setting next_dagrun for example_short_circuit_decorator to 2023-10-05T22:56:43.209168+00:00, run_after=2023-10-06T22:56:43.209168+00:00
[2023-10-06T22:56:43.224+0000] {processor.py:176} INFO - Processing /home/airflow/.local/lib/python3.7/site-packages/airflow/example_dags/example_short_circuit_decorator.py took 0.078 seconds
[2023-10-06T22:57:13.392+0000] {processor.py:154} INFO - Started process (PID=2773) to work on /home/airflow/.local/lib/python3.7/site-packages/airflow/example_dags/example_short_circuit_decorator.py
[2023-10-06T22:57:13.393+0000] {processor.py:756} INFO - Processing file /home/airflow/.local/lib/python3.7/site-packages/airflow/example_dags/example_short_circuit_decorator.py for tasks to queue
[2023-10-06T22:57:13.393+0000] {logging_mixin.py:120} INFO - [2023-10-06T22:57:13.393+0000] {dagbag.py:537} INFO - Filling up the DagBag from /home/airflow/.local/lib/python3.7/site-packages/airflow/example_dags/example_short_circuit_decorator.py
[2023-10-06T22:57:13.413+0000] {processor.py:766} INFO - DAG(s) dict_keys(['example_short_circuit_decorator']) retrieved from /home/airflow/.local/lib/python3.7/site-packages/airflow/example_dags/example_short_circuit_decorator.py
[2023-10-06T22:57:13.445+0000] {logging_mixin.py:120} INFO - [2023-10-06T22:57:13.445+0000] {dag.py:2585} INFO - Sync 1 DAGs
[2023-10-06T22:57:13.465+0000] {logging_mixin.py:120} INFO - [2023-10-06T22:57:13.465+0000] {dag.py:3340} INFO - Setting next_dagrun for example_short_circuit_decorator to 2023-10-05T22:57:13.464930+00:00, run_after=2023-10-06T22:57:13.464930+00:00
[2023-10-06T22:57:13.481+0000] {processor.py:176} INFO - Processing /home/airflow/.local/lib/python3.7/site-packages/airflow/example_dags/example_short_circuit_decorator.py took 0.091 seconds
[2023-10-06T22:57:44.418+0000] {processor.py:154} INFO - Started process (PID=2828) to work on /home/airflow/.local/lib/python3.7/site-packages/airflow/example_dags/example_short_circuit_decorator.py
[2023-10-06T22:57:44.419+0000] {processor.py:756} INFO - Processing file /home/airflow/.local/lib/python3.7/site-packages/airflow/example_dags/example_short_circuit_decorator.py for tasks to queue
[2023-10-06T22:57:44.420+0000] {logging_mixin.py:120} INFO - [2023-10-06T22:57:44.420+0000] {dagbag.py:537} INFO - Filling up the DagBag from /home/airflow/.local/lib/python3.7/site-packages/airflow/example_dags/example_short_circuit_decorator.py
[2023-10-06T22:57:44.444+0000] {processor.py:766} INFO - DAG(s) dict_keys(['example_short_circuit_decorator']) retrieved from /home/airflow/.local/lib/python3.7/site-packages/airflow/example_dags/example_short_circuit_decorator.py
[2023-10-06T22:57:44.474+0000] {logging_mixin.py:120} INFO - [2023-10-06T22:57:44.474+0000] {dag.py:2585} INFO - Sync 1 DAGs
[2023-10-06T22:57:44.493+0000] {logging_mixin.py:120} INFO - [2023-10-06T22:57:44.493+0000] {dag.py:3340} INFO - Setting next_dagrun for example_short_circuit_decorator to 2023-10-05T22:57:44.493194+00:00, run_after=2023-10-06T22:57:44.493194+00:00
[2023-10-06T22:57:44.512+0000] {processor.py:176} INFO - Processing /home/airflow/.local/lib/python3.7/site-packages/airflow/example_dags/example_short_circuit_decorator.py took 0.097 seconds
[2023-10-06T22:58:14.861+0000] {processor.py:154} INFO - Started process (PID=2891) to work on /home/airflow/.local/lib/python3.7/site-packages/airflow/example_dags/example_short_circuit_decorator.py
[2023-10-06T22:58:14.862+0000] {processor.py:756} INFO - Processing file /home/airflow/.local/lib/python3.7/site-packages/airflow/example_dags/example_short_circuit_decorator.py for tasks to queue
[2023-10-06T22:58:14.862+0000] {logging_mixin.py:120} INFO - [2023-10-06T22:58:14.862+0000] {dagbag.py:537} INFO - Filling up the DagBag from /home/airflow/.local/lib/python3.7/site-packages/airflow/example_dags/example_short_circuit_decorator.py
[2023-10-06T22:58:14.879+0000] {processor.py:766} INFO - DAG(s) dict_keys(['example_short_circuit_decorator']) retrieved from /home/airflow/.local/lib/python3.7/site-packages/airflow/example_dags/example_short_circuit_decorator.py
[2023-10-06T22:58:14.909+0000] {logging_mixin.py:120} INFO - [2023-10-06T22:58:14.909+0000] {dag.py:2585} INFO - Sync 1 DAGs
[2023-10-06T22:58:14.926+0000] {logging_mixin.py:120} INFO - [2023-10-06T22:58:14.926+0000] {dag.py:3340} INFO - Setting next_dagrun for example_short_circuit_decorator to 2023-10-05T22:58:14.926094+00:00, run_after=2023-10-06T22:58:14.926094+00:00
[2023-10-06T22:58:14.941+0000] {processor.py:176} INFO - Processing /home/airflow/.local/lib/python3.7/site-packages/airflow/example_dags/example_short_circuit_decorator.py took 0.083 seconds
[2023-10-06T22:58:45.038+0000] {processor.py:154} INFO - Started process (PID=2954) to work on /home/airflow/.local/lib/python3.7/site-packages/airflow/example_dags/example_short_circuit_decorator.py
[2023-10-06T22:58:45.038+0000] {processor.py:756} INFO - Processing file /home/airflow/.local/lib/python3.7/site-packages/airflow/example_dags/example_short_circuit_decorator.py for tasks to queue
[2023-10-06T22:58:45.039+0000] {logging_mixin.py:120} INFO - [2023-10-06T22:58:45.039+0000] {dagbag.py:537} INFO - Filling up the DagBag from /home/airflow/.local/lib/python3.7/site-packages/airflow/example_dags/example_short_circuit_decorator.py
[2023-10-06T22:58:45.054+0000] {processor.py:766} INFO - DAG(s) dict_keys(['example_short_circuit_decorator']) retrieved from /home/airflow/.local/lib/python3.7/site-packages/airflow/example_dags/example_short_circuit_decorator.py
[2023-10-06T22:58:45.083+0000] {logging_mixin.py:120} INFO - [2023-10-06T22:58:45.083+0000] {dag.py:2585} INFO - Sync 1 DAGs
[2023-10-06T22:58:45.099+0000] {logging_mixin.py:120} INFO - [2023-10-06T22:58:45.099+0000] {dag.py:3340} INFO - Setting next_dagrun for example_short_circuit_decorator to 2023-10-05T22:58:45.099249+00:00, run_after=2023-10-06T22:58:45.099249+00:00
[2023-10-06T22:58:45.114+0000] {processor.py:176} INFO - Processing /home/airflow/.local/lib/python3.7/site-packages/airflow/example_dags/example_short_circuit_decorator.py took 0.078 seconds
[2023-10-06T22:59:15.271+0000] {processor.py:154} INFO - Started process (PID=3018) to work on /home/airflow/.local/lib/python3.7/site-packages/airflow/example_dags/example_short_circuit_decorator.py
[2023-10-06T22:59:15.272+0000] {processor.py:756} INFO - Processing file /home/airflow/.local/lib/python3.7/site-packages/airflow/example_dags/example_short_circuit_decorator.py for tasks to queue
[2023-10-06T22:59:15.273+0000] {logging_mixin.py:120} INFO - [2023-10-06T22:59:15.272+0000] {dagbag.py:537} INFO - Filling up the DagBag from /home/airflow/.local/lib/python3.7/site-packages/airflow/example_dags/example_short_circuit_decorator.py
[2023-10-06T22:59:15.289+0000] {processor.py:766} INFO - DAG(s) dict_keys(['example_short_circuit_decorator']) retrieved from /home/airflow/.local/lib/python3.7/site-packages/airflow/example_dags/example_short_circuit_decorator.py
[2023-10-06T22:59:15.317+0000] {logging_mixin.py:120} INFO - [2023-10-06T22:59:15.317+0000] {dag.py:2585} INFO - Sync 1 DAGs
[2023-10-06T22:59:15.334+0000] {logging_mixin.py:120} INFO - [2023-10-06T22:59:15.334+0000] {dag.py:3340} INFO - Setting next_dagrun for example_short_circuit_decorator to 2023-10-05T22:59:15.334327+00:00, run_after=2023-10-06T22:59:15.334327+00:00
[2023-10-06T22:59:15.350+0000] {processor.py:176} INFO - Processing /home/airflow/.local/lib/python3.7/site-packages/airflow/example_dags/example_short_circuit_decorator.py took 0.081 seconds
[2023-10-06T22:59:45.495+0000] {processor.py:154} INFO - Started process (PID=3074) to work on /home/airflow/.local/lib/python3.7/site-packages/airflow/example_dags/example_short_circuit_decorator.py
[2023-10-06T22:59:45.496+0000] {processor.py:756} INFO - Processing file /home/airflow/.local/lib/python3.7/site-packages/airflow/example_dags/example_short_circuit_decorator.py for tasks to queue
[2023-10-06T22:59:45.496+0000] {logging_mixin.py:120} INFO - [2023-10-06T22:59:45.496+0000] {dagbag.py:537} INFO - Filling up the DagBag from /home/airflow/.local/lib/python3.7/site-packages/airflow/example_dags/example_short_circuit_decorator.py
[2023-10-06T22:59:45.513+0000] {processor.py:766} INFO - DAG(s) dict_keys(['example_short_circuit_decorator']) retrieved from /home/airflow/.local/lib/python3.7/site-packages/airflow/example_dags/example_short_circuit_decorator.py
[2023-10-06T22:59:45.543+0000] {logging_mixin.py:120} INFO - [2023-10-06T22:59:45.543+0000] {dag.py:2585} INFO - Sync 1 DAGs
[2023-10-06T22:59:45.562+0000] {logging_mixin.py:120} INFO - [2023-10-06T22:59:45.562+0000] {dag.py:3340} INFO - Setting next_dagrun for example_short_circuit_decorator to 2023-10-05T22:59:45.561825+00:00, run_after=2023-10-06T22:59:45.561825+00:00
[2023-10-06T22:59:45.578+0000] {processor.py:176} INFO - Processing /home/airflow/.local/lib/python3.7/site-packages/airflow/example_dags/example_short_circuit_decorator.py took 0.085 seconds
[2023-10-06T23:00:15.622+0000] {processor.py:154} INFO - Started process (PID=3139) to work on /home/airflow/.local/lib/python3.7/site-packages/airflow/example_dags/example_short_circuit_decorator.py
[2023-10-06T23:00:15.623+0000] {processor.py:756} INFO - Processing file /home/airflow/.local/lib/python3.7/site-packages/airflow/example_dags/example_short_circuit_decorator.py for tasks to queue
[2023-10-06T23:00:15.623+0000] {logging_mixin.py:120} INFO - [2023-10-06T23:00:15.623+0000] {dagbag.py:537} INFO - Filling up the DagBag from /home/airflow/.local/lib/python3.7/site-packages/airflow/example_dags/example_short_circuit_decorator.py
[2023-10-06T23:00:15.639+0000] {processor.py:766} INFO - DAG(s) dict_keys(['example_short_circuit_decorator']) retrieved from /home/airflow/.local/lib/python3.7/site-packages/airflow/example_dags/example_short_circuit_decorator.py
[2023-10-06T23:00:15.668+0000] {logging_mixin.py:120} INFO - [2023-10-06T23:00:15.668+0000] {dag.py:2585} INFO - Sync 1 DAGs
[2023-10-06T23:00:15.685+0000] {logging_mixin.py:120} INFO - [2023-10-06T23:00:15.685+0000] {dag.py:3340} INFO - Setting next_dagrun for example_short_circuit_decorator to 2023-10-05T23:00:15.685416+00:00, run_after=2023-10-06T23:00:15.685416+00:00
[2023-10-06T23:00:15.700+0000] {processor.py:176} INFO - Processing /home/airflow/.local/lib/python3.7/site-packages/airflow/example_dags/example_short_circuit_decorator.py took 0.081 seconds
[2023-10-06T23:00:45.778+0000] {processor.py:154} INFO - Started process (PID=3202) to work on /home/airflow/.local/lib/python3.7/site-packages/airflow/example_dags/example_short_circuit_decorator.py
[2023-10-06T23:00:45.779+0000] {processor.py:756} INFO - Processing file /home/airflow/.local/lib/python3.7/site-packages/airflow/example_dags/example_short_circuit_decorator.py for tasks to queue
[2023-10-06T23:00:45.779+0000] {logging_mixin.py:120} INFO - [2023-10-06T23:00:45.779+0000] {dagbag.py:537} INFO - Filling up the DagBag from /home/airflow/.local/lib/python3.7/site-packages/airflow/example_dags/example_short_circuit_decorator.py
[2023-10-06T23:00:45.796+0000] {processor.py:766} INFO - DAG(s) dict_keys(['example_short_circuit_decorator']) retrieved from /home/airflow/.local/lib/python3.7/site-packages/airflow/example_dags/example_short_circuit_decorator.py
[2023-10-06T23:00:45.824+0000] {logging_mixin.py:120} INFO - [2023-10-06T23:00:45.824+0000] {dag.py:2585} INFO - Sync 1 DAGs
[2023-10-06T23:00:45.841+0000] {logging_mixin.py:120} INFO - [2023-10-06T23:00:45.841+0000] {dag.py:3340} INFO - Setting next_dagrun for example_short_circuit_decorator to 2023-10-05T23:00:45.841019+00:00, run_after=2023-10-06T23:00:45.841019+00:00
[2023-10-06T23:00:45.855+0000] {processor.py:176} INFO - Processing /home/airflow/.local/lib/python3.7/site-packages/airflow/example_dags/example_short_circuit_decorator.py took 0.079 seconds
[2023-10-06T23:01:15.964+0000] {processor.py:154} INFO - Started process (PID=3266) to work on /home/airflow/.local/lib/python3.7/site-packages/airflow/example_dags/example_short_circuit_decorator.py
[2023-10-06T23:01:15.965+0000] {processor.py:756} INFO - Processing file /home/airflow/.local/lib/python3.7/site-packages/airflow/example_dags/example_short_circuit_decorator.py for tasks to queue
[2023-10-06T23:01:15.965+0000] {logging_mixin.py:120} INFO - [2023-10-06T23:01:15.965+0000] {dagbag.py:537} INFO - Filling up the DagBag from /home/airflow/.local/lib/python3.7/site-packages/airflow/example_dags/example_short_circuit_decorator.py
[2023-10-06T23:01:15.982+0000] {processor.py:766} INFO - DAG(s) dict_keys(['example_short_circuit_decorator']) retrieved from /home/airflow/.local/lib/python3.7/site-packages/airflow/example_dags/example_short_circuit_decorator.py
[2023-10-06T23:01:16.012+0000] {logging_mixin.py:120} INFO - [2023-10-06T23:01:16.011+0000] {dag.py:2585} INFO - Sync 1 DAGs
[2023-10-06T23:01:16.029+0000] {logging_mixin.py:120} INFO - [2023-10-06T23:01:16.029+0000] {dag.py:3340} INFO - Setting next_dagrun for example_short_circuit_decorator to 2023-10-05T23:01:16.029231+00:00, run_after=2023-10-06T23:01:16.029231+00:00
[2023-10-06T23:01:16.044+0000] {processor.py:176} INFO - Processing /home/airflow/.local/lib/python3.7/site-packages/airflow/example_dags/example_short_circuit_decorator.py took 0.082 seconds
[2023-10-06T23:01:46.239+0000] {processor.py:154} INFO - Started process (PID=3321) to work on /home/airflow/.local/lib/python3.7/site-packages/airflow/example_dags/example_short_circuit_decorator.py
[2023-10-06T23:01:46.240+0000] {processor.py:756} INFO - Processing file /home/airflow/.local/lib/python3.7/site-packages/airflow/example_dags/example_short_circuit_decorator.py for tasks to queue
[2023-10-06T23:01:46.240+0000] {logging_mixin.py:120} INFO - [2023-10-06T23:01:46.240+0000] {dagbag.py:537} INFO - Filling up the DagBag from /home/airflow/.local/lib/python3.7/site-packages/airflow/example_dags/example_short_circuit_decorator.py
[2023-10-06T23:01:46.257+0000] {processor.py:766} INFO - DAG(s) dict_keys(['example_short_circuit_decorator']) retrieved from /home/airflow/.local/lib/python3.7/site-packages/airflow/example_dags/example_short_circuit_decorator.py
[2023-10-06T23:01:46.289+0000] {logging_mixin.py:120} INFO - [2023-10-06T23:01:46.288+0000] {dag.py:2585} INFO - Sync 1 DAGs
[2023-10-06T23:01:46.307+0000] {logging_mixin.py:120} INFO - [2023-10-06T23:01:46.307+0000] {dag.py:3340} INFO - Setting next_dagrun for example_short_circuit_decorator to 2023-10-05T23:01:46.307320+00:00, run_after=2023-10-06T23:01:46.307320+00:00
[2023-10-06T23:01:46.323+0000] {processor.py:176} INFO - Processing /home/airflow/.local/lib/python3.7/site-packages/airflow/example_dags/example_short_circuit_decorator.py took 0.086 seconds
[2023-10-06T23:02:16.402+0000] {processor.py:154} INFO - Started process (PID=3385) to work on /home/airflow/.local/lib/python3.7/site-packages/airflow/example_dags/example_short_circuit_decorator.py
[2023-10-06T23:02:16.404+0000] {processor.py:756} INFO - Processing file /home/airflow/.local/lib/python3.7/site-packages/airflow/example_dags/example_short_circuit_decorator.py for tasks to queue
[2023-10-06T23:02:16.404+0000] {logging_mixin.py:120} INFO - [2023-10-06T23:02:16.404+0000] {dagbag.py:537} INFO - Filling up the DagBag from /home/airflow/.local/lib/python3.7/site-packages/airflow/example_dags/example_short_circuit_decorator.py
[2023-10-06T23:02:16.420+0000] {processor.py:766} INFO - DAG(s) dict_keys(['example_short_circuit_decorator']) retrieved from /home/airflow/.local/lib/python3.7/site-packages/airflow/example_dags/example_short_circuit_decorator.py
[2023-10-06T23:02:16.449+0000] {logging_mixin.py:120} INFO - [2023-10-06T23:02:16.449+0000] {dag.py:2585} INFO - Sync 1 DAGs
[2023-10-06T23:02:16.469+0000] {logging_mixin.py:120} INFO - [2023-10-06T23:02:16.469+0000] {dag.py:3340} INFO - Setting next_dagrun for example_short_circuit_decorator to 2023-10-05T23:02:16.468974+00:00, run_after=2023-10-06T23:02:16.468974+00:00
[2023-10-06T23:02:16.485+0000] {processor.py:176} INFO - Processing /home/airflow/.local/lib/python3.7/site-packages/airflow/example_dags/example_short_circuit_decorator.py took 0.085 seconds
[2023-10-06T23:02:46.627+0000] {processor.py:154} INFO - Started process (PID=3449) to work on /home/airflow/.local/lib/python3.7/site-packages/airflow/example_dags/example_short_circuit_decorator.py
[2023-10-06T23:02:46.628+0000] {processor.py:756} INFO - Processing file /home/airflow/.local/lib/python3.7/site-packages/airflow/example_dags/example_short_circuit_decorator.py for tasks to queue
[2023-10-06T23:02:46.628+0000] {logging_mixin.py:120} INFO - [2023-10-06T23:02:46.628+0000] {dagbag.py:537} INFO - Filling up the DagBag from /home/airflow/.local/lib/python3.7/site-packages/airflow/example_dags/example_short_circuit_decorator.py
[2023-10-06T23:02:46.645+0000] {processor.py:766} INFO - DAG(s) dict_keys(['example_short_circuit_decorator']) retrieved from /home/airflow/.local/lib/python3.7/site-packages/airflow/example_dags/example_short_circuit_decorator.py
[2023-10-06T23:02:46.675+0000] {logging_mixin.py:120} INFO - [2023-10-06T23:02:46.675+0000] {dag.py:2585} INFO - Sync 1 DAGs
[2023-10-06T23:02:46.693+0000] {logging_mixin.py:120} INFO - [2023-10-06T23:02:46.693+0000] {dag.py:3340} INFO - Setting next_dagrun for example_short_circuit_decorator to 2023-10-05T23:02:46.693488+00:00, run_after=2023-10-06T23:02:46.693488+00:00
[2023-10-06T23:02:46.710+0000] {processor.py:176} INFO - Processing /home/airflow/.local/lib/python3.7/site-packages/airflow/example_dags/example_short_circuit_decorator.py took 0.085 seconds
[2023-10-06T23:03:17.617+0000] {processor.py:154} INFO - Started process (PID=3513) to work on /home/airflow/.local/lib/python3.7/site-packages/airflow/example_dags/example_short_circuit_decorator.py
[2023-10-06T23:03:17.618+0000] {processor.py:756} INFO - Processing file /home/airflow/.local/lib/python3.7/site-packages/airflow/example_dags/example_short_circuit_decorator.py for tasks to queue
[2023-10-06T23:03:17.619+0000] {logging_mixin.py:120} INFO - [2023-10-06T23:03:17.619+0000] {dagbag.py:537} INFO - Filling up the DagBag from /home/airflow/.local/lib/python3.7/site-packages/airflow/example_dags/example_short_circuit_decorator.py
[2023-10-06T23:03:17.640+0000] {processor.py:766} INFO - DAG(s) dict_keys(['example_short_circuit_decorator']) retrieved from /home/airflow/.local/lib/python3.7/site-packages/airflow/example_dags/example_short_circuit_decorator.py
[2023-10-06T23:03:17.671+0000] {logging_mixin.py:120} INFO - [2023-10-06T23:03:17.671+0000] {dag.py:2585} INFO - Sync 1 DAGs
[2023-10-06T23:03:17.690+0000] {logging_mixin.py:120} INFO - [2023-10-06T23:03:17.690+0000] {dag.py:3340} INFO - Setting next_dagrun for example_short_circuit_decorator to 2023-10-05T23:03:17.690372+00:00, run_after=2023-10-06T23:03:17.690372+00:00
[2023-10-06T23:03:17.705+0000] {processor.py:176} INFO - Processing /home/airflow/.local/lib/python3.7/site-packages/airflow/example_dags/example_short_circuit_decorator.py took 0.090 seconds
[2023-10-06T23:03:47.908+0000] {processor.py:154} INFO - Started process (PID=3568) to work on /home/airflow/.local/lib/python3.7/site-packages/airflow/example_dags/example_short_circuit_decorator.py
[2023-10-06T23:03:47.909+0000] {processor.py:756} INFO - Processing file /home/airflow/.local/lib/python3.7/site-packages/airflow/example_dags/example_short_circuit_decorator.py for tasks to queue
[2023-10-06T23:03:47.909+0000] {logging_mixin.py:120} INFO - [2023-10-06T23:03:47.909+0000] {dagbag.py:537} INFO - Filling up the DagBag from /home/airflow/.local/lib/python3.7/site-packages/airflow/example_dags/example_short_circuit_decorator.py
[2023-10-06T23:03:47.930+0000] {processor.py:766} INFO - DAG(s) dict_keys(['example_short_circuit_decorator']) retrieved from /home/airflow/.local/lib/python3.7/site-packages/airflow/example_dags/example_short_circuit_decorator.py
[2023-10-06T23:03:47.966+0000] {logging_mixin.py:120} INFO - [2023-10-06T23:03:47.965+0000] {dag.py:2585} INFO - Sync 1 DAGs
[2023-10-06T23:03:47.986+0000] {logging_mixin.py:120} INFO - [2023-10-06T23:03:47.985+0000] {dag.py:3340} INFO - Setting next_dagrun for example_short_circuit_decorator to 2023-10-05T23:03:47.985607+00:00, run_after=2023-10-06T23:03:47.985607+00:00
[2023-10-06T23:03:48.003+0000] {processor.py:176} INFO - Processing /home/airflow/.local/lib/python3.7/site-packages/airflow/example_dags/example_short_circuit_decorator.py took 0.098 seconds
[2023-10-06T23:04:18.825+0000] {processor.py:154} INFO - Started process (PID=3632) to work on /home/airflow/.local/lib/python3.7/site-packages/airflow/example_dags/example_short_circuit_decorator.py
[2023-10-06T23:04:18.827+0000] {processor.py:756} INFO - Processing file /home/airflow/.local/lib/python3.7/site-packages/airflow/example_dags/example_short_circuit_decorator.py for tasks to queue
[2023-10-06T23:04:18.828+0000] {logging_mixin.py:120} INFO - [2023-10-06T23:04:18.828+0000] {dagbag.py:537} INFO - Filling up the DagBag from /home/airflow/.local/lib/python3.7/site-packages/airflow/example_dags/example_short_circuit_decorator.py
[2023-10-06T23:04:18.844+0000] {processor.py:766} INFO - DAG(s) dict_keys(['example_short_circuit_decorator']) retrieved from /home/airflow/.local/lib/python3.7/site-packages/airflow/example_dags/example_short_circuit_decorator.py
[2023-10-06T23:04:18.871+0000] {logging_mixin.py:120} INFO - [2023-10-06T23:04:18.871+0000] {dag.py:2585} INFO - Sync 1 DAGs
[2023-10-06T23:04:18.888+0000] {logging_mixin.py:120} INFO - [2023-10-06T23:04:18.888+0000] {dag.py:3340} INFO - Setting next_dagrun for example_short_circuit_decorator to 2023-10-05T23:04:18.888119+00:00, run_after=2023-10-06T23:04:18.888119+00:00
[2023-10-06T23:04:18.904+0000] {processor.py:176} INFO - Processing /home/airflow/.local/lib/python3.7/site-packages/airflow/example_dags/example_short_circuit_decorator.py took 0.081 seconds
[2023-10-06T23:04:49.106+0000] {processor.py:154} INFO - Started process (PID=3697) to work on /home/airflow/.local/lib/python3.7/site-packages/airflow/example_dags/example_short_circuit_decorator.py
[2023-10-06T23:04:49.106+0000] {processor.py:756} INFO - Processing file /home/airflow/.local/lib/python3.7/site-packages/airflow/example_dags/example_short_circuit_decorator.py for tasks to queue
[2023-10-06T23:04:49.106+0000] {logging_mixin.py:120} INFO - [2023-10-06T23:04:49.106+0000] {dagbag.py:537} INFO - Filling up the DagBag from /home/airflow/.local/lib/python3.7/site-packages/airflow/example_dags/example_short_circuit_decorator.py
[2023-10-06T23:04:49.122+0000] {processor.py:766} INFO - DAG(s) dict_keys(['example_short_circuit_decorator']) retrieved from /home/airflow/.local/lib/python3.7/site-packages/airflow/example_dags/example_short_circuit_decorator.py
[2023-10-06T23:04:49.150+0000] {logging_mixin.py:120} INFO - [2023-10-06T23:04:49.150+0000] {dag.py:2585} INFO - Sync 1 DAGs
[2023-10-06T23:04:49.167+0000] {logging_mixin.py:120} INFO - [2023-10-06T23:04:49.167+0000] {dag.py:3340} INFO - Setting next_dagrun for example_short_circuit_decorator to 2023-10-05T23:04:49.167317+00:00, run_after=2023-10-06T23:04:49.167317+00:00
[2023-10-06T23:04:49.183+0000] {processor.py:176} INFO - Processing /home/airflow/.local/lib/python3.7/site-packages/airflow/example_dags/example_short_circuit_decorator.py took 0.079 seconds
[2023-10-06T23:05:19.319+0000] {processor.py:154} INFO - Started process (PID=3761) to work on /home/airflow/.local/lib/python3.7/site-packages/airflow/example_dags/example_short_circuit_decorator.py
[2023-10-06T23:05:19.323+0000] {processor.py:756} INFO - Processing file /home/airflow/.local/lib/python3.7/site-packages/airflow/example_dags/example_short_circuit_decorator.py for tasks to queue
[2023-10-06T23:05:19.324+0000] {logging_mixin.py:120} INFO - [2023-10-06T23:05:19.324+0000] {dagbag.py:537} INFO - Filling up the DagBag from /home/airflow/.local/lib/python3.7/site-packages/airflow/example_dags/example_short_circuit_decorator.py
[2023-10-06T23:05:19.339+0000] {processor.py:766} INFO - DAG(s) dict_keys(['example_short_circuit_decorator']) retrieved from /home/airflow/.local/lib/python3.7/site-packages/airflow/example_dags/example_short_circuit_decorator.py
[2023-10-06T23:05:19.368+0000] {logging_mixin.py:120} INFO - [2023-10-06T23:05:19.367+0000] {dag.py:2585} INFO - Sync 1 DAGs
[2023-10-06T23:05:19.384+0000] {logging_mixin.py:120} INFO - [2023-10-06T23:05:19.384+0000] {dag.py:3340} INFO - Setting next_dagrun for example_short_circuit_decorator to 2023-10-05T23:05:19.384669+00:00, run_after=2023-10-06T23:05:19.384669+00:00
[2023-10-06T23:05:19.400+0000] {processor.py:176} INFO - Processing /home/airflow/.local/lib/python3.7/site-packages/airflow/example_dags/example_short_circuit_decorator.py took 0.083 seconds
[2023-10-06T23:05:49.526+0000] {processor.py:154} INFO - Started process (PID=3826) to work on /home/airflow/.local/lib/python3.7/site-packages/airflow/example_dags/example_short_circuit_decorator.py
[2023-10-06T23:05:49.526+0000] {processor.py:756} INFO - Processing file /home/airflow/.local/lib/python3.7/site-packages/airflow/example_dags/example_short_circuit_decorator.py for tasks to queue
[2023-10-06T23:05:49.527+0000] {logging_mixin.py:120} INFO - [2023-10-06T23:05:49.527+0000] {dagbag.py:537} INFO - Filling up the DagBag from /home/airflow/.local/lib/python3.7/site-packages/airflow/example_dags/example_short_circuit_decorator.py
[2023-10-06T23:05:49.543+0000] {processor.py:766} INFO - DAG(s) dict_keys(['example_short_circuit_decorator']) retrieved from /home/airflow/.local/lib/python3.7/site-packages/airflow/example_dags/example_short_circuit_decorator.py
[2023-10-06T23:05:49.574+0000] {logging_mixin.py:120} INFO - [2023-10-06T23:05:49.574+0000] {dag.py:2585} INFO - Sync 1 DAGs
[2023-10-06T23:05:49.590+0000] {logging_mixin.py:120} INFO - [2023-10-06T23:05:49.589+0000] {dag.py:3340} INFO - Setting next_dagrun for example_short_circuit_decorator to 2023-10-05T23:05:49.589759+00:00, run_after=2023-10-06T23:05:49.589759+00:00
[2023-10-06T23:05:49.607+0000] {processor.py:176} INFO - Processing /home/airflow/.local/lib/python3.7/site-packages/airflow/example_dags/example_short_circuit_decorator.py took 0.083 seconds
[2023-10-06T23:06:19.772+0000] {processor.py:154} INFO - Started process (PID=3882) to work on /home/airflow/.local/lib/python3.7/site-packages/airflow/example_dags/example_short_circuit_decorator.py
[2023-10-06T23:06:19.773+0000] {processor.py:756} INFO - Processing file /home/airflow/.local/lib/python3.7/site-packages/airflow/example_dags/example_short_circuit_decorator.py for tasks to queue
[2023-10-06T23:06:19.774+0000] {logging_mixin.py:120} INFO - [2023-10-06T23:06:19.774+0000] {dagbag.py:537} INFO - Filling up the DagBag from /home/airflow/.local/lib/python3.7/site-packages/airflow/example_dags/example_short_circuit_decorator.py
[2023-10-06T23:06:19.790+0000] {processor.py:766} INFO - DAG(s) dict_keys(['example_short_circuit_decorator']) retrieved from /home/airflow/.local/lib/python3.7/site-packages/airflow/example_dags/example_short_circuit_decorator.py
[2023-10-06T23:06:19.820+0000] {logging_mixin.py:120} INFO - [2023-10-06T23:06:19.820+0000] {dag.py:2585} INFO - Sync 1 DAGs
[2023-10-06T23:06:19.836+0000] {logging_mixin.py:120} INFO - [2023-10-06T23:06:19.836+0000] {dag.py:3340} INFO - Setting next_dagrun for example_short_circuit_decorator to 2023-10-05T23:06:19.836470+00:00, run_after=2023-10-06T23:06:19.836470+00:00
[2023-10-06T23:06:19.851+0000] {processor.py:176} INFO - Processing /home/airflow/.local/lib/python3.7/site-packages/airflow/example_dags/example_short_circuit_decorator.py took 0.081 seconds
[2023-10-06T23:06:50.032+0000] {processor.py:154} INFO - Started process (PID=3945) to work on /home/airflow/.local/lib/python3.7/site-packages/airflow/example_dags/example_short_circuit_decorator.py
[2023-10-06T23:06:50.033+0000] {processor.py:756} INFO - Processing file /home/airflow/.local/lib/python3.7/site-packages/airflow/example_dags/example_short_circuit_decorator.py for tasks to queue
[2023-10-06T23:06:50.033+0000] {logging_mixin.py:120} INFO - [2023-10-06T23:06:50.033+0000] {dagbag.py:537} INFO - Filling up the DagBag from /home/airflow/.local/lib/python3.7/site-packages/airflow/example_dags/example_short_circuit_decorator.py
[2023-10-06T23:06:50.049+0000] {processor.py:766} INFO - DAG(s) dict_keys(['example_short_circuit_decorator']) retrieved from /home/airflow/.local/lib/python3.7/site-packages/airflow/example_dags/example_short_circuit_decorator.py
[2023-10-06T23:06:50.079+0000] {logging_mixin.py:120} INFO - [2023-10-06T23:06:50.079+0000] {dag.py:2585} INFO - Sync 1 DAGs
[2023-10-06T23:06:50.096+0000] {logging_mixin.py:120} INFO - [2023-10-06T23:06:50.096+0000] {dag.py:3340} INFO - Setting next_dagrun for example_short_circuit_decorator to 2023-10-05T23:06:50.096009+00:00, run_after=2023-10-06T23:06:50.096009+00:00
[2023-10-06T23:06:50.111+0000] {processor.py:176} INFO - Processing /home/airflow/.local/lib/python3.7/site-packages/airflow/example_dags/example_short_circuit_decorator.py took 0.082 seconds
[2023-10-06T23:07:20.216+0000] {processor.py:154} INFO - Started process (PID=4010) to work on /home/airflow/.local/lib/python3.7/site-packages/airflow/example_dags/example_short_circuit_decorator.py
[2023-10-06T23:07:20.217+0000] {processor.py:756} INFO - Processing file /home/airflow/.local/lib/python3.7/site-packages/airflow/example_dags/example_short_circuit_decorator.py for tasks to queue
[2023-10-06T23:07:20.218+0000] {logging_mixin.py:120} INFO - [2023-10-06T23:07:20.218+0000] {dagbag.py:537} INFO - Filling up the DagBag from /home/airflow/.local/lib/python3.7/site-packages/airflow/example_dags/example_short_circuit_decorator.py
[2023-10-06T23:07:20.234+0000] {processor.py:766} INFO - DAG(s) dict_keys(['example_short_circuit_decorator']) retrieved from /home/airflow/.local/lib/python3.7/site-packages/airflow/example_dags/example_short_circuit_decorator.py
[2023-10-06T23:07:20.263+0000] {logging_mixin.py:120} INFO - [2023-10-06T23:07:20.263+0000] {dag.py:2585} INFO - Sync 1 DAGs
[2023-10-06T23:07:20.280+0000] {logging_mixin.py:120} INFO - [2023-10-06T23:07:20.280+0000] {dag.py:3340} INFO - Setting next_dagrun for example_short_circuit_decorator to 2023-10-05T23:07:20.280458+00:00, run_after=2023-10-06T23:07:20.280458+00:00
[2023-10-06T23:07:20.296+0000] {processor.py:176} INFO - Processing /home/airflow/.local/lib/python3.7/site-packages/airflow/example_dags/example_short_circuit_decorator.py took 0.081 seconds
[2023-10-06T23:07:50.498+0000] {processor.py:154} INFO - Started process (PID=4074) to work on /home/airflow/.local/lib/python3.7/site-packages/airflow/example_dags/example_short_circuit_decorator.py
[2023-10-06T23:07:50.499+0000] {processor.py:756} INFO - Processing file /home/airflow/.local/lib/python3.7/site-packages/airflow/example_dags/example_short_circuit_decorator.py for tasks to queue
[2023-10-06T23:07:50.499+0000] {logging_mixin.py:120} INFO - [2023-10-06T23:07:50.499+0000] {dagbag.py:537} INFO - Filling up the DagBag from /home/airflow/.local/lib/python3.7/site-packages/airflow/example_dags/example_short_circuit_decorator.py
[2023-10-06T23:07:50.515+0000] {processor.py:766} INFO - DAG(s) dict_keys(['example_short_circuit_decorator']) retrieved from /home/airflow/.local/lib/python3.7/site-packages/airflow/example_dags/example_short_circuit_decorator.py
[2023-10-06T23:07:50.544+0000] {logging_mixin.py:120} INFO - [2023-10-06T23:07:50.544+0000] {dag.py:2585} INFO - Sync 1 DAGs
[2023-10-06T23:07:50.562+0000] {logging_mixin.py:120} INFO - [2023-10-06T23:07:50.561+0000] {dag.py:3340} INFO - Setting next_dagrun for example_short_circuit_decorator to 2023-10-05T23:07:50.561638+00:00, run_after=2023-10-06T23:07:50.561638+00:00
[2023-10-06T23:07:50.577+0000] {processor.py:176} INFO - Processing /home/airflow/.local/lib/python3.7/site-packages/airflow/example_dags/example_short_circuit_decorator.py took 0.081 seconds
[2023-10-06T23:08:21.463+0000] {processor.py:154} INFO - Started process (PID=4129) to work on /home/airflow/.local/lib/python3.7/site-packages/airflow/example_dags/example_short_circuit_decorator.py
[2023-10-06T23:08:21.465+0000] {processor.py:756} INFO - Processing file /home/airflow/.local/lib/python3.7/site-packages/airflow/example_dags/example_short_circuit_decorator.py for tasks to queue
[2023-10-06T23:08:21.465+0000] {logging_mixin.py:120} INFO - [2023-10-06T23:08:21.465+0000] {dagbag.py:537} INFO - Filling up the DagBag from /home/airflow/.local/lib/python3.7/site-packages/airflow/example_dags/example_short_circuit_decorator.py
[2023-10-06T23:08:21.481+0000] {processor.py:766} INFO - DAG(s) dict_keys(['example_short_circuit_decorator']) retrieved from /home/airflow/.local/lib/python3.7/site-packages/airflow/example_dags/example_short_circuit_decorator.py
[2023-10-06T23:08:21.511+0000] {logging_mixin.py:120} INFO - [2023-10-06T23:08:21.511+0000] {dag.py:2585} INFO - Sync 1 DAGs
[2023-10-06T23:08:21.527+0000] {logging_mixin.py:120} INFO - [2023-10-06T23:08:21.527+0000] {dag.py:3340} INFO - Setting next_dagrun for example_short_circuit_decorator to 2023-10-05T23:08:21.527127+00:00, run_after=2023-10-06T23:08:21.527127+00:00
[2023-10-06T23:08:21.542+0000] {processor.py:176} INFO - Processing /home/airflow/.local/lib/python3.7/site-packages/airflow/example_dags/example_short_circuit_decorator.py took 0.081 seconds
