[2023-10-06T22:34:55.515+0000] {processor.py:154} INFO - Started process (PID=77) to work on /home/airflow/.local/lib/python3.7/site-packages/airflow/example_dags/tutorial_taskflow_api.py
[2023-10-06T22:34:55.516+0000] {processor.py:756} INFO - Processing file /home/airflow/.local/lib/python3.7/site-packages/airflow/example_dags/tutorial_taskflow_api.py for tasks to queue
[2023-10-06T22:34:55.516+0000] {logging_mixin.py:120} INFO - [2023-10-06T22:34:55.516+0000] {dagbag.py:537} INFO - Filling up the DagBag from /home/airflow/.local/lib/python3.7/site-packages/airflow/example_dags/tutorial_taskflow_api.py
[2023-10-06T22:34:55.535+0000] {processor.py:766} INFO - DAG(s) dict_keys(['tutorial_taskflow_api']) retrieved from /home/airflow/.local/lib/python3.7/site-packages/airflow/example_dags/tutorial_taskflow_api.py
[2023-10-06T22:34:55.567+0000] {logging_mixin.py:120} INFO - [2023-10-06T22:34:55.567+0000] {dag.py:2585} INFO - Sync 1 DAGs
[2023-10-06T22:34:55.587+0000] {logging_mixin.py:120} INFO - [2023-10-06T22:34:55.587+0000] {dag.py:3340} INFO - Setting next_dagrun for tutorial_taskflow_api to None, run_after=None
[2023-10-06T22:34:55.606+0000] {processor.py:176} INFO - Processing /home/airflow/.local/lib/python3.7/site-packages/airflow/example_dags/tutorial_taskflow_api.py took 0.094 seconds
[2023-10-06T22:35:26.584+0000] {processor.py:154} INFO - Started process (PID=140) to work on /home/airflow/.local/lib/python3.7/site-packages/airflow/example_dags/tutorial_taskflow_api.py
[2023-10-06T22:35:26.584+0000] {processor.py:756} INFO - Processing file /home/airflow/.local/lib/python3.7/site-packages/airflow/example_dags/tutorial_taskflow_api.py for tasks to queue
[2023-10-06T22:35:26.585+0000] {logging_mixin.py:120} INFO - [2023-10-06T22:35:26.585+0000] {dagbag.py:537} INFO - Filling up the DagBag from /home/airflow/.local/lib/python3.7/site-packages/airflow/example_dags/tutorial_taskflow_api.py
[2023-10-06T22:35:26.599+0000] {processor.py:766} INFO - DAG(s) dict_keys(['tutorial_taskflow_api']) retrieved from /home/airflow/.local/lib/python3.7/site-packages/airflow/example_dags/tutorial_taskflow_api.py
[2023-10-06T22:35:26.617+0000] {logging_mixin.py:120} INFO - [2023-10-06T22:35:26.617+0000] {dag.py:2585} INFO - Sync 1 DAGs
[2023-10-06T22:35:26.636+0000] {logging_mixin.py:120} INFO - [2023-10-06T22:35:26.636+0000] {dag.py:3340} INFO - Setting next_dagrun for tutorial_taskflow_api to None, run_after=None
[2023-10-06T22:35:26.651+0000] {processor.py:176} INFO - Processing /home/airflow/.local/lib/python3.7/site-packages/airflow/example_dags/tutorial_taskflow_api.py took 0.069 seconds
[2023-10-06T22:35:56.787+0000] {processor.py:154} INFO - Started process (PID=203) to work on /home/airflow/.local/lib/python3.7/site-packages/airflow/example_dags/tutorial_taskflow_api.py
[2023-10-06T22:35:56.788+0000] {processor.py:756} INFO - Processing file /home/airflow/.local/lib/python3.7/site-packages/airflow/example_dags/tutorial_taskflow_api.py for tasks to queue
[2023-10-06T22:35:56.788+0000] {logging_mixin.py:120} INFO - [2023-10-06T22:35:56.788+0000] {dagbag.py:537} INFO - Filling up the DagBag from /home/airflow/.local/lib/python3.7/site-packages/airflow/example_dags/tutorial_taskflow_api.py
[2023-10-06T22:35:56.802+0000] {processor.py:766} INFO - DAG(s) dict_keys(['tutorial_taskflow_api']) retrieved from /home/airflow/.local/lib/python3.7/site-packages/airflow/example_dags/tutorial_taskflow_api.py
[2023-10-06T22:35:56.834+0000] {logging_mixin.py:120} INFO - [2023-10-06T22:35:56.833+0000] {dag.py:2585} INFO - Sync 1 DAGs
[2023-10-06T22:35:56.855+0000] {logging_mixin.py:120} INFO - [2023-10-06T22:35:56.855+0000] {dag.py:3340} INFO - Setting next_dagrun for tutorial_taskflow_api to None, run_after=None
[2023-10-06T22:35:56.869+0000] {processor.py:176} INFO - Processing /home/airflow/.local/lib/python3.7/site-packages/airflow/example_dags/tutorial_taskflow_api.py took 0.085 seconds
[2023-10-06T22:36:27.112+0000] {processor.py:154} INFO - Started process (PID=266) to work on /home/airflow/.local/lib/python3.7/site-packages/airflow/example_dags/tutorial_taskflow_api.py
[2023-10-06T22:36:27.112+0000] {processor.py:756} INFO - Processing file /home/airflow/.local/lib/python3.7/site-packages/airflow/example_dags/tutorial_taskflow_api.py for tasks to queue
[2023-10-06T22:36:27.113+0000] {logging_mixin.py:120} INFO - [2023-10-06T22:36:27.113+0000] {dagbag.py:537} INFO - Filling up the DagBag from /home/airflow/.local/lib/python3.7/site-packages/airflow/example_dags/tutorial_taskflow_api.py
[2023-10-06T22:36:27.128+0000] {processor.py:766} INFO - DAG(s) dict_keys(['tutorial_taskflow_api']) retrieved from /home/airflow/.local/lib/python3.7/site-packages/airflow/example_dags/tutorial_taskflow_api.py
[2023-10-06T22:36:27.157+0000] {logging_mixin.py:120} INFO - [2023-10-06T22:36:27.157+0000] {dag.py:2585} INFO - Sync 1 DAGs
[2023-10-06T22:36:27.174+0000] {logging_mixin.py:120} INFO - [2023-10-06T22:36:27.174+0000] {dag.py:3340} INFO - Setting next_dagrun for tutorial_taskflow_api to None, run_after=None
[2023-10-06T22:36:27.189+0000] {processor.py:176} INFO - Processing /home/airflow/.local/lib/python3.7/site-packages/airflow/example_dags/tutorial_taskflow_api.py took 0.080 seconds
[2023-10-06T22:36:58.011+0000] {processor.py:154} INFO - Started process (PID=321) to work on /home/airflow/.local/lib/python3.7/site-packages/airflow/example_dags/tutorial_taskflow_api.py
[2023-10-06T22:36:58.012+0000] {processor.py:756} INFO - Processing file /home/airflow/.local/lib/python3.7/site-packages/airflow/example_dags/tutorial_taskflow_api.py for tasks to queue
[2023-10-06T22:36:58.014+0000] {logging_mixin.py:120} INFO - [2023-10-06T22:36:58.014+0000] {dagbag.py:537} INFO - Filling up the DagBag from /home/airflow/.local/lib/python3.7/site-packages/airflow/example_dags/tutorial_taskflow_api.py
[2023-10-06T22:36:58.030+0000] {processor.py:766} INFO - DAG(s) dict_keys(['tutorial_taskflow_api']) retrieved from /home/airflow/.local/lib/python3.7/site-packages/airflow/example_dags/tutorial_taskflow_api.py
[2023-10-06T22:36:58.068+0000] {logging_mixin.py:120} INFO - [2023-10-06T22:36:58.068+0000] {dag.py:2585} INFO - Sync 1 DAGs
[2023-10-06T22:36:58.089+0000] {logging_mixin.py:120} INFO - [2023-10-06T22:36:58.089+0000] {dag.py:3340} INFO - Setting next_dagrun for tutorial_taskflow_api to None, run_after=None
[2023-10-06T22:36:58.107+0000] {processor.py:176} INFO - Processing /home/airflow/.local/lib/python3.7/site-packages/airflow/example_dags/tutorial_taskflow_api.py took 0.099 seconds
[2023-10-06T22:37:28.846+0000] {processor.py:154} INFO - Started process (PID=384) to work on /home/airflow/.local/lib/python3.7/site-packages/airflow/example_dags/tutorial_taskflow_api.py
[2023-10-06T22:37:28.846+0000] {processor.py:756} INFO - Processing file /home/airflow/.local/lib/python3.7/site-packages/airflow/example_dags/tutorial_taskflow_api.py for tasks to queue
[2023-10-06T22:37:28.847+0000] {logging_mixin.py:120} INFO - [2023-10-06T22:37:28.847+0000] {dagbag.py:537} INFO - Filling up the DagBag from /home/airflow/.local/lib/python3.7/site-packages/airflow/example_dags/tutorial_taskflow_api.py
[2023-10-06T22:37:28.864+0000] {processor.py:766} INFO - DAG(s) dict_keys(['tutorial_taskflow_api']) retrieved from /home/airflow/.local/lib/python3.7/site-packages/airflow/example_dags/tutorial_taskflow_api.py
[2023-10-06T22:37:28.905+0000] {logging_mixin.py:120} INFO - [2023-10-06T22:37:28.905+0000] {dag.py:2585} INFO - Sync 1 DAGs
[2023-10-06T22:37:28.925+0000] {logging_mixin.py:120} INFO - [2023-10-06T22:37:28.925+0000] {dag.py:3340} INFO - Setting next_dagrun for tutorial_taskflow_api to None, run_after=None
[2023-10-06T22:37:28.943+0000] {processor.py:176} INFO - Processing /home/airflow/.local/lib/python3.7/site-packages/airflow/example_dags/tutorial_taskflow_api.py took 0.099 seconds
[2023-10-06T22:37:59.191+0000] {processor.py:154} INFO - Started process (PID=448) to work on /home/airflow/.local/lib/python3.7/site-packages/airflow/example_dags/tutorial_taskflow_api.py
[2023-10-06T22:37:59.192+0000] {processor.py:756} INFO - Processing file /home/airflow/.local/lib/python3.7/site-packages/airflow/example_dags/tutorial_taskflow_api.py for tasks to queue
[2023-10-06T22:37:59.193+0000] {logging_mixin.py:120} INFO - [2023-10-06T22:37:59.193+0000] {dagbag.py:537} INFO - Filling up the DagBag from /home/airflow/.local/lib/python3.7/site-packages/airflow/example_dags/tutorial_taskflow_api.py
[2023-10-06T22:37:59.208+0000] {processor.py:766} INFO - DAG(s) dict_keys(['tutorial_taskflow_api']) retrieved from /home/airflow/.local/lib/python3.7/site-packages/airflow/example_dags/tutorial_taskflow_api.py
[2023-10-06T22:37:59.239+0000] {logging_mixin.py:120} INFO - [2023-10-06T22:37:59.239+0000] {dag.py:2585} INFO - Sync 1 DAGs
[2023-10-06T22:37:59.255+0000] {logging_mixin.py:120} INFO - [2023-10-06T22:37:59.255+0000] {dag.py:3340} INFO - Setting next_dagrun for tutorial_taskflow_api to None, run_after=None
[2023-10-06T22:37:59.270+0000] {processor.py:176} INFO - Processing /home/airflow/.local/lib/python3.7/site-packages/airflow/example_dags/tutorial_taskflow_api.py took 0.081 seconds
[2023-10-06T22:38:29.928+0000] {processor.py:154} INFO - Started process (PID=512) to work on /home/airflow/.local/lib/python3.7/site-packages/airflow/example_dags/tutorial_taskflow_api.py
[2023-10-06T22:38:29.929+0000] {processor.py:756} INFO - Processing file /home/airflow/.local/lib/python3.7/site-packages/airflow/example_dags/tutorial_taskflow_api.py for tasks to queue
[2023-10-06T22:38:29.929+0000] {logging_mixin.py:120} INFO - [2023-10-06T22:38:29.929+0000] {dagbag.py:537} INFO - Filling up the DagBag from /home/airflow/.local/lib/python3.7/site-packages/airflow/example_dags/tutorial_taskflow_api.py
[2023-10-06T22:38:29.945+0000] {processor.py:766} INFO - DAG(s) dict_keys(['tutorial_taskflow_api']) retrieved from /home/airflow/.local/lib/python3.7/site-packages/airflow/example_dags/tutorial_taskflow_api.py
[2023-10-06T22:38:29.978+0000] {logging_mixin.py:120} INFO - [2023-10-06T22:38:29.977+0000] {dag.py:2585} INFO - Sync 1 DAGs
[2023-10-06T22:38:29.997+0000] {logging_mixin.py:120} INFO - [2023-10-06T22:38:29.996+0000] {dag.py:3340} INFO - Setting next_dagrun for tutorial_taskflow_api to None, run_after=None
[2023-10-06T22:38:30.013+0000] {processor.py:176} INFO - Processing /home/airflow/.local/lib/python3.7/site-packages/airflow/example_dags/tutorial_taskflow_api.py took 0.087 seconds
[2023-10-06T22:39:00.582+0000] {processor.py:154} INFO - Started process (PID=566) to work on /home/airflow/.local/lib/python3.7/site-packages/airflow/example_dags/tutorial_taskflow_api.py
[2023-10-06T22:39:00.584+0000] {processor.py:756} INFO - Processing file /home/airflow/.local/lib/python3.7/site-packages/airflow/example_dags/tutorial_taskflow_api.py for tasks to queue
[2023-10-06T22:39:00.585+0000] {logging_mixin.py:120} INFO - [2023-10-06T22:39:00.585+0000] {dagbag.py:537} INFO - Filling up the DagBag from /home/airflow/.local/lib/python3.7/site-packages/airflow/example_dags/tutorial_taskflow_api.py
[2023-10-06T22:39:00.607+0000] {processor.py:766} INFO - DAG(s) dict_keys(['tutorial_taskflow_api']) retrieved from /home/airflow/.local/lib/python3.7/site-packages/airflow/example_dags/tutorial_taskflow_api.py
[2023-10-06T22:39:00.646+0000] {logging_mixin.py:120} INFO - [2023-10-06T22:39:00.646+0000] {dag.py:2585} INFO - Sync 1 DAGs
[2023-10-06T22:39:00.675+0000] {logging_mixin.py:120} INFO - [2023-10-06T22:39:00.674+0000] {dag.py:3340} INFO - Setting next_dagrun for tutorial_taskflow_api to None, run_after=None
[2023-10-06T22:39:00.694+0000] {processor.py:176} INFO - Processing /home/airflow/.local/lib/python3.7/site-packages/airflow/example_dags/tutorial_taskflow_api.py took 0.115 seconds
[2023-10-06T22:39:31.858+0000] {processor.py:154} INFO - Started process (PID=631) to work on /home/airflow/.local/lib/python3.7/site-packages/airflow/example_dags/tutorial_taskflow_api.py
[2023-10-06T22:39:31.859+0000] {processor.py:756} INFO - Processing file /home/airflow/.local/lib/python3.7/site-packages/airflow/example_dags/tutorial_taskflow_api.py for tasks to queue
[2023-10-06T22:39:31.861+0000] {logging_mixin.py:120} INFO - [2023-10-06T22:39:31.860+0000] {dagbag.py:537} INFO - Filling up the DagBag from /home/airflow/.local/lib/python3.7/site-packages/airflow/example_dags/tutorial_taskflow_api.py
[2023-10-06T22:39:31.879+0000] {processor.py:766} INFO - DAG(s) dict_keys(['tutorial_taskflow_api']) retrieved from /home/airflow/.local/lib/python3.7/site-packages/airflow/example_dags/tutorial_taskflow_api.py
[2023-10-06T22:39:31.914+0000] {logging_mixin.py:120} INFO - [2023-10-06T22:39:31.913+0000] {dag.py:2585} INFO - Sync 1 DAGs
[2023-10-06T22:39:31.935+0000] {logging_mixin.py:120} INFO - [2023-10-06T22:39:31.935+0000] {dag.py:3340} INFO - Setting next_dagrun for tutorial_taskflow_api to None, run_after=None
[2023-10-06T22:39:31.952+0000] {processor.py:176} INFO - Processing /home/airflow/.local/lib/python3.7/site-packages/airflow/example_dags/tutorial_taskflow_api.py took 0.097 seconds
[2023-10-06T22:40:02.789+0000] {processor.py:154} INFO - Started process (PID=694) to work on /home/airflow/.local/lib/python3.7/site-packages/airflow/example_dags/tutorial_taskflow_api.py
[2023-10-06T22:40:02.790+0000] {processor.py:756} INFO - Processing file /home/airflow/.local/lib/python3.7/site-packages/airflow/example_dags/tutorial_taskflow_api.py for tasks to queue
[2023-10-06T22:40:02.791+0000] {logging_mixin.py:120} INFO - [2023-10-06T22:40:02.791+0000] {dagbag.py:537} INFO - Filling up the DagBag from /home/airflow/.local/lib/python3.7/site-packages/airflow/example_dags/tutorial_taskflow_api.py
[2023-10-06T22:40:02.808+0000] {processor.py:766} INFO - DAG(s) dict_keys(['tutorial_taskflow_api']) retrieved from /home/airflow/.local/lib/python3.7/site-packages/airflow/example_dags/tutorial_taskflow_api.py
[2023-10-06T22:40:02.844+0000] {logging_mixin.py:120} INFO - [2023-10-06T22:40:02.844+0000] {dag.py:2585} INFO - Sync 1 DAGs
[2023-10-06T22:40:02.866+0000] {logging_mixin.py:120} INFO - [2023-10-06T22:40:02.866+0000] {dag.py:3340} INFO - Setting next_dagrun for tutorial_taskflow_api to None, run_after=None
[2023-10-06T22:40:02.883+0000] {processor.py:176} INFO - Processing /home/airflow/.local/lib/python3.7/site-packages/airflow/example_dags/tutorial_taskflow_api.py took 0.096 seconds
[2023-10-06T22:40:33.347+0000] {processor.py:154} INFO - Started process (PID=757) to work on /home/airflow/.local/lib/python3.7/site-packages/airflow/example_dags/tutorial_taskflow_api.py
[2023-10-06T22:40:33.348+0000] {processor.py:756} INFO - Processing file /home/airflow/.local/lib/python3.7/site-packages/airflow/example_dags/tutorial_taskflow_api.py for tasks to queue
[2023-10-06T22:40:33.349+0000] {logging_mixin.py:120} INFO - [2023-10-06T22:40:33.348+0000] {dagbag.py:537} INFO - Filling up the DagBag from /home/airflow/.local/lib/python3.7/site-packages/airflow/example_dags/tutorial_taskflow_api.py
[2023-10-06T22:40:33.365+0000] {processor.py:766} INFO - DAG(s) dict_keys(['tutorial_taskflow_api']) retrieved from /home/airflow/.local/lib/python3.7/site-packages/airflow/example_dags/tutorial_taskflow_api.py
[2023-10-06T22:40:33.411+0000] {logging_mixin.py:120} INFO - [2023-10-06T22:40:33.411+0000] {dag.py:2585} INFO - Sync 1 DAGs
[2023-10-06T22:40:33.442+0000] {logging_mixin.py:120} INFO - [2023-10-06T22:40:33.442+0000] {dag.py:3340} INFO - Setting next_dagrun for tutorial_taskflow_api to None, run_after=None
[2023-10-06T22:40:33.468+0000] {processor.py:176} INFO - Processing /home/airflow/.local/lib/python3.7/site-packages/airflow/example_dags/tutorial_taskflow_api.py took 0.124 seconds
[2023-10-06T22:41:03.887+0000] {processor.py:154} INFO - Started process (PID=811) to work on /home/airflow/.local/lib/python3.7/site-packages/airflow/example_dags/tutorial_taskflow_api.py
[2023-10-06T22:41:03.889+0000] {processor.py:756} INFO - Processing file /home/airflow/.local/lib/python3.7/site-packages/airflow/example_dags/tutorial_taskflow_api.py for tasks to queue
[2023-10-06T22:41:03.889+0000] {logging_mixin.py:120} INFO - [2023-10-06T22:41:03.889+0000] {dagbag.py:537} INFO - Filling up the DagBag from /home/airflow/.local/lib/python3.7/site-packages/airflow/example_dags/tutorial_taskflow_api.py
[2023-10-06T22:41:03.905+0000] {processor.py:766} INFO - DAG(s) dict_keys(['tutorial_taskflow_api']) retrieved from /home/airflow/.local/lib/python3.7/site-packages/airflow/example_dags/tutorial_taskflow_api.py
[2023-10-06T22:41:03.937+0000] {logging_mixin.py:120} INFO - [2023-10-06T22:41:03.936+0000] {dag.py:2585} INFO - Sync 1 DAGs
[2023-10-06T22:41:03.957+0000] {logging_mixin.py:120} INFO - [2023-10-06T22:41:03.957+0000] {dag.py:3340} INFO - Setting next_dagrun for tutorial_taskflow_api to None, run_after=None
[2023-10-06T22:41:03.974+0000] {processor.py:176} INFO - Processing /home/airflow/.local/lib/python3.7/site-packages/airflow/example_dags/tutorial_taskflow_api.py took 0.089 seconds
[2023-10-06T22:41:34.157+0000] {processor.py:154} INFO - Started process (PID=874) to work on /home/airflow/.local/lib/python3.7/site-packages/airflow/example_dags/tutorial_taskflow_api.py
[2023-10-06T22:41:34.158+0000] {processor.py:756} INFO - Processing file /home/airflow/.local/lib/python3.7/site-packages/airflow/example_dags/tutorial_taskflow_api.py for tasks to queue
[2023-10-06T22:41:34.158+0000] {logging_mixin.py:120} INFO - [2023-10-06T22:41:34.158+0000] {dagbag.py:537} INFO - Filling up the DagBag from /home/airflow/.local/lib/python3.7/site-packages/airflow/example_dags/tutorial_taskflow_api.py
[2023-10-06T22:41:34.172+0000] {processor.py:766} INFO - DAG(s) dict_keys(['tutorial_taskflow_api']) retrieved from /home/airflow/.local/lib/python3.7/site-packages/airflow/example_dags/tutorial_taskflow_api.py
[2023-10-06T22:41:34.202+0000] {logging_mixin.py:120} INFO - [2023-10-06T22:41:34.201+0000] {dag.py:2585} INFO - Sync 1 DAGs
[2023-10-06T22:41:34.218+0000] {logging_mixin.py:120} INFO - [2023-10-06T22:41:34.218+0000] {dag.py:3340} INFO - Setting next_dagrun for tutorial_taskflow_api to None, run_after=None
[2023-10-06T22:41:34.232+0000] {processor.py:176} INFO - Processing /home/airflow/.local/lib/python3.7/site-packages/airflow/example_dags/tutorial_taskflow_api.py took 0.077 seconds
[2023-10-06T22:42:04.760+0000] {processor.py:154} INFO - Started process (PID=937) to work on /home/airflow/.local/lib/python3.7/site-packages/airflow/example_dags/tutorial_taskflow_api.py
[2023-10-06T22:42:04.761+0000] {processor.py:756} INFO - Processing file /home/airflow/.local/lib/python3.7/site-packages/airflow/example_dags/tutorial_taskflow_api.py for tasks to queue
[2023-10-06T22:42:04.762+0000] {logging_mixin.py:120} INFO - [2023-10-06T22:42:04.762+0000] {dagbag.py:537} INFO - Filling up the DagBag from /home/airflow/.local/lib/python3.7/site-packages/airflow/example_dags/tutorial_taskflow_api.py
[2023-10-06T22:42:04.778+0000] {processor.py:766} INFO - DAG(s) dict_keys(['tutorial_taskflow_api']) retrieved from /home/airflow/.local/lib/python3.7/site-packages/airflow/example_dags/tutorial_taskflow_api.py
[2023-10-06T22:42:04.819+0000] {logging_mixin.py:120} INFO - [2023-10-06T22:42:04.818+0000] {dag.py:2585} INFO - Sync 1 DAGs
[2023-10-06T22:42:04.841+0000] {logging_mixin.py:120} INFO - [2023-10-06T22:42:04.841+0000] {dag.py:3340} INFO - Setting next_dagrun for tutorial_taskflow_api to None, run_after=None
[2023-10-06T22:42:04.861+0000] {processor.py:176} INFO - Processing /home/airflow/.local/lib/python3.7/site-packages/airflow/example_dags/tutorial_taskflow_api.py took 0.103 seconds
[2023-10-06T22:42:35.053+0000] {processor.py:154} INFO - Started process (PID=1000) to work on /home/airflow/.local/lib/python3.7/site-packages/airflow/example_dags/tutorial_taskflow_api.py
[2023-10-06T22:42:35.055+0000] {processor.py:756} INFO - Processing file /home/airflow/.local/lib/python3.7/site-packages/airflow/example_dags/tutorial_taskflow_api.py for tasks to queue
[2023-10-06T22:42:35.056+0000] {logging_mixin.py:120} INFO - [2023-10-06T22:42:35.055+0000] {dagbag.py:537} INFO - Filling up the DagBag from /home/airflow/.local/lib/python3.7/site-packages/airflow/example_dags/tutorial_taskflow_api.py
[2023-10-06T22:42:35.072+0000] {processor.py:766} INFO - DAG(s) dict_keys(['tutorial_taskflow_api']) retrieved from /home/airflow/.local/lib/python3.7/site-packages/airflow/example_dags/tutorial_taskflow_api.py
[2023-10-06T22:42:35.109+0000] {logging_mixin.py:120} INFO - [2023-10-06T22:42:35.109+0000] {dag.py:2585} INFO - Sync 1 DAGs
[2023-10-06T22:42:35.131+0000] {logging_mixin.py:120} INFO - [2023-10-06T22:42:35.131+0000] {dag.py:3340} INFO - Setting next_dagrun for tutorial_taskflow_api to None, run_after=None
[2023-10-06T22:42:35.155+0000] {processor.py:176} INFO - Processing /home/airflow/.local/lib/python3.7/site-packages/airflow/example_dags/tutorial_taskflow_api.py took 0.105 seconds
[2023-10-06T22:43:05.380+0000] {processor.py:154} INFO - Started process (PID=1055) to work on /home/airflow/.local/lib/python3.7/site-packages/airflow/example_dags/tutorial_taskflow_api.py
[2023-10-06T22:43:05.381+0000] {processor.py:756} INFO - Processing file /home/airflow/.local/lib/python3.7/site-packages/airflow/example_dags/tutorial_taskflow_api.py for tasks to queue
[2023-10-06T22:43:05.382+0000] {logging_mixin.py:120} INFO - [2023-10-06T22:43:05.382+0000] {dagbag.py:537} INFO - Filling up the DagBag from /home/airflow/.local/lib/python3.7/site-packages/airflow/example_dags/tutorial_taskflow_api.py
[2023-10-06T22:43:05.397+0000] {processor.py:766} INFO - DAG(s) dict_keys(['tutorial_taskflow_api']) retrieved from /home/airflow/.local/lib/python3.7/site-packages/airflow/example_dags/tutorial_taskflow_api.py
[2023-10-06T22:43:05.431+0000] {logging_mixin.py:120} INFO - [2023-10-06T22:43:05.430+0000] {dag.py:2585} INFO - Sync 1 DAGs
[2023-10-06T22:43:05.448+0000] {logging_mixin.py:120} INFO - [2023-10-06T22:43:05.448+0000] {dag.py:3340} INFO - Setting next_dagrun for tutorial_taskflow_api to None, run_after=None
[2023-10-06T22:43:05.466+0000] {processor.py:176} INFO - Processing /home/airflow/.local/lib/python3.7/site-packages/airflow/example_dags/tutorial_taskflow_api.py took 0.089 seconds
[2023-10-06T22:43:35.799+0000] {processor.py:154} INFO - Started process (PID=1119) to work on /home/airflow/.local/lib/python3.7/site-packages/airflow/example_dags/tutorial_taskflow_api.py
[2023-10-06T22:43:35.800+0000] {processor.py:756} INFO - Processing file /home/airflow/.local/lib/python3.7/site-packages/airflow/example_dags/tutorial_taskflow_api.py for tasks to queue
[2023-10-06T22:43:35.800+0000] {logging_mixin.py:120} INFO - [2023-10-06T22:43:35.800+0000] {dagbag.py:537} INFO - Filling up the DagBag from /home/airflow/.local/lib/python3.7/site-packages/airflow/example_dags/tutorial_taskflow_api.py
[2023-10-06T22:43:35.814+0000] {processor.py:766} INFO - DAG(s) dict_keys(['tutorial_taskflow_api']) retrieved from /home/airflow/.local/lib/python3.7/site-packages/airflow/example_dags/tutorial_taskflow_api.py
[2023-10-06T22:43:35.844+0000] {logging_mixin.py:120} INFO - [2023-10-06T22:43:35.844+0000] {dag.py:2585} INFO - Sync 1 DAGs
[2023-10-06T22:43:35.860+0000] {logging_mixin.py:120} INFO - [2023-10-06T22:43:35.859+0000] {dag.py:3340} INFO - Setting next_dagrun for tutorial_taskflow_api to None, run_after=None
[2023-10-06T22:43:35.874+0000] {processor.py:176} INFO - Processing /home/airflow/.local/lib/python3.7/site-packages/airflow/example_dags/tutorial_taskflow_api.py took 0.077 seconds
[2023-10-06T22:44:06.113+0000] {processor.py:154} INFO - Started process (PID=1181) to work on /home/airflow/.local/lib/python3.7/site-packages/airflow/example_dags/tutorial_taskflow_api.py
[2023-10-06T22:44:06.113+0000] {processor.py:756} INFO - Processing file /home/airflow/.local/lib/python3.7/site-packages/airflow/example_dags/tutorial_taskflow_api.py for tasks to queue
[2023-10-06T22:44:06.114+0000] {logging_mixin.py:120} INFO - [2023-10-06T22:44:06.114+0000] {dagbag.py:537} INFO - Filling up the DagBag from /home/airflow/.local/lib/python3.7/site-packages/airflow/example_dags/tutorial_taskflow_api.py
[2023-10-06T22:44:06.127+0000] {processor.py:766} INFO - DAG(s) dict_keys(['tutorial_taskflow_api']) retrieved from /home/airflow/.local/lib/python3.7/site-packages/airflow/example_dags/tutorial_taskflow_api.py
[2023-10-06T22:44:06.156+0000] {logging_mixin.py:120} INFO - [2023-10-06T22:44:06.156+0000] {dag.py:2585} INFO - Sync 1 DAGs
[2023-10-06T22:44:06.172+0000] {logging_mixin.py:120} INFO - [2023-10-06T22:44:06.172+0000] {dag.py:3340} INFO - Setting next_dagrun for tutorial_taskflow_api to None, run_after=None
[2023-10-06T22:44:06.186+0000] {processor.py:176} INFO - Processing /home/airflow/.local/lib/python3.7/site-packages/airflow/example_dags/tutorial_taskflow_api.py took 0.076 seconds
[2023-10-06T22:44:36.512+0000] {processor.py:154} INFO - Started process (PID=1245) to work on /home/airflow/.local/lib/python3.7/site-packages/airflow/example_dags/tutorial_taskflow_api.py
[2023-10-06T22:44:36.514+0000] {processor.py:756} INFO - Processing file /home/airflow/.local/lib/python3.7/site-packages/airflow/example_dags/tutorial_taskflow_api.py for tasks to queue
[2023-10-06T22:44:36.515+0000] {logging_mixin.py:120} INFO - [2023-10-06T22:44:36.515+0000] {dagbag.py:537} INFO - Filling up the DagBag from /home/airflow/.local/lib/python3.7/site-packages/airflow/example_dags/tutorial_taskflow_api.py
[2023-10-06T22:44:36.529+0000] {processor.py:766} INFO - DAG(s) dict_keys(['tutorial_taskflow_api']) retrieved from /home/airflow/.local/lib/python3.7/site-packages/airflow/example_dags/tutorial_taskflow_api.py
[2023-10-06T22:44:36.563+0000] {logging_mixin.py:120} INFO - [2023-10-06T22:44:36.563+0000] {dag.py:2585} INFO - Sync 1 DAGs
[2023-10-06T22:44:36.582+0000] {logging_mixin.py:120} INFO - [2023-10-06T22:44:36.582+0000] {dag.py:3340} INFO - Setting next_dagrun for tutorial_taskflow_api to None, run_after=None
[2023-10-06T22:44:36.599+0000] {processor.py:176} INFO - Processing /home/airflow/.local/lib/python3.7/site-packages/airflow/example_dags/tutorial_taskflow_api.py took 0.090 seconds
[2023-10-06T22:45:06.868+0000] {processor.py:154} INFO - Started process (PID=1300) to work on /home/airflow/.local/lib/python3.7/site-packages/airflow/example_dags/tutorial_taskflow_api.py
[2023-10-06T22:45:06.869+0000] {processor.py:756} INFO - Processing file /home/airflow/.local/lib/python3.7/site-packages/airflow/example_dags/tutorial_taskflow_api.py for tasks to queue
[2023-10-06T22:45:06.869+0000] {logging_mixin.py:120} INFO - [2023-10-06T22:45:06.869+0000] {dagbag.py:537} INFO - Filling up the DagBag from /home/airflow/.local/lib/python3.7/site-packages/airflow/example_dags/tutorial_taskflow_api.py
[2023-10-06T22:45:06.887+0000] {processor.py:766} INFO - DAG(s) dict_keys(['tutorial_taskflow_api']) retrieved from /home/airflow/.local/lib/python3.7/site-packages/airflow/example_dags/tutorial_taskflow_api.py
[2023-10-06T22:45:06.923+0000] {logging_mixin.py:120} INFO - [2023-10-06T22:45:06.923+0000] {dag.py:2585} INFO - Sync 1 DAGs
[2023-10-06T22:45:06.946+0000] {logging_mixin.py:120} INFO - [2023-10-06T22:45:06.945+0000] {dag.py:3340} INFO - Setting next_dagrun for tutorial_taskflow_api to None, run_after=None
[2023-10-06T22:45:06.961+0000] {processor.py:176} INFO - Processing /home/airflow/.local/lib/python3.7/site-packages/airflow/example_dags/tutorial_taskflow_api.py took 0.096 seconds
[2023-10-06T22:45:37.061+0000] {processor.py:154} INFO - Started process (PID=1364) to work on /home/airflow/.local/lib/python3.7/site-packages/airflow/example_dags/tutorial_taskflow_api.py
[2023-10-06T22:45:37.061+0000] {processor.py:756} INFO - Processing file /home/airflow/.local/lib/python3.7/site-packages/airflow/example_dags/tutorial_taskflow_api.py for tasks to queue
[2023-10-06T22:45:37.061+0000] {logging_mixin.py:120} INFO - [2023-10-06T22:45:37.061+0000] {dagbag.py:537} INFO - Filling up the DagBag from /home/airflow/.local/lib/python3.7/site-packages/airflow/example_dags/tutorial_taskflow_api.py
[2023-10-06T22:45:37.077+0000] {processor.py:766} INFO - DAG(s) dict_keys(['tutorial_taskflow_api']) retrieved from /home/airflow/.local/lib/python3.7/site-packages/airflow/example_dags/tutorial_taskflow_api.py
[2023-10-06T22:45:37.107+0000] {logging_mixin.py:120} INFO - [2023-10-06T22:45:37.107+0000] {dag.py:2585} INFO - Sync 1 DAGs
[2023-10-06T22:45:37.123+0000] {logging_mixin.py:120} INFO - [2023-10-06T22:45:37.123+0000] {dag.py:3340} INFO - Setting next_dagrun for tutorial_taskflow_api to None, run_after=None
[2023-10-06T22:45:37.138+0000] {processor.py:176} INFO - Processing /home/airflow/.local/lib/python3.7/site-packages/airflow/example_dags/tutorial_taskflow_api.py took 0.080 seconds
[2023-10-06T22:46:07.643+0000] {processor.py:154} INFO - Started process (PID=1428) to work on /home/airflow/.local/lib/python3.7/site-packages/airflow/example_dags/tutorial_taskflow_api.py
[2023-10-06T22:46:07.644+0000] {processor.py:756} INFO - Processing file /home/airflow/.local/lib/python3.7/site-packages/airflow/example_dags/tutorial_taskflow_api.py for tasks to queue
[2023-10-06T22:46:07.645+0000] {logging_mixin.py:120} INFO - [2023-10-06T22:46:07.645+0000] {dagbag.py:537} INFO - Filling up the DagBag from /home/airflow/.local/lib/python3.7/site-packages/airflow/example_dags/tutorial_taskflow_api.py
[2023-10-06T22:46:07.659+0000] {processor.py:766} INFO - DAG(s) dict_keys(['tutorial_taskflow_api']) retrieved from /home/airflow/.local/lib/python3.7/site-packages/airflow/example_dags/tutorial_taskflow_api.py
[2023-10-06T22:46:07.692+0000] {logging_mixin.py:120} INFO - [2023-10-06T22:46:07.692+0000] {dag.py:2585} INFO - Sync 1 DAGs
[2023-10-06T22:46:07.711+0000] {logging_mixin.py:120} INFO - [2023-10-06T22:46:07.710+0000] {dag.py:3340} INFO - Setting next_dagrun for tutorial_taskflow_api to None, run_after=None
[2023-10-06T22:46:07.726+0000] {processor.py:176} INFO - Processing /home/airflow/.local/lib/python3.7/site-packages/airflow/example_dags/tutorial_taskflow_api.py took 0.085 seconds
[2023-10-06T22:46:38.084+0000] {processor.py:154} INFO - Started process (PID=1493) to work on /home/airflow/.local/lib/python3.7/site-packages/airflow/example_dags/tutorial_taskflow_api.py
[2023-10-06T22:46:38.085+0000] {processor.py:756} INFO - Processing file /home/airflow/.local/lib/python3.7/site-packages/airflow/example_dags/tutorial_taskflow_api.py for tasks to queue
[2023-10-06T22:46:38.085+0000] {logging_mixin.py:120} INFO - [2023-10-06T22:46:38.085+0000] {dagbag.py:537} INFO - Filling up the DagBag from /home/airflow/.local/lib/python3.7/site-packages/airflow/example_dags/tutorial_taskflow_api.py
[2023-10-06T22:46:38.101+0000] {processor.py:766} INFO - DAG(s) dict_keys(['tutorial_taskflow_api']) retrieved from /home/airflow/.local/lib/python3.7/site-packages/airflow/example_dags/tutorial_taskflow_api.py
[2023-10-06T22:46:38.133+0000] {logging_mixin.py:120} INFO - [2023-10-06T22:46:38.133+0000] {dag.py:2585} INFO - Sync 1 DAGs
[2023-10-06T22:46:38.150+0000] {logging_mixin.py:120} INFO - [2023-10-06T22:46:38.150+0000] {dag.py:3340} INFO - Setting next_dagrun for tutorial_taskflow_api to None, run_after=None
[2023-10-06T22:46:38.169+0000] {processor.py:176} INFO - Processing /home/airflow/.local/lib/python3.7/site-packages/airflow/example_dags/tutorial_taskflow_api.py took 0.087 seconds
[2023-10-06T22:47:08.465+0000] {processor.py:154} INFO - Started process (PID=1548) to work on /home/airflow/.local/lib/python3.7/site-packages/airflow/example_dags/tutorial_taskflow_api.py
[2023-10-06T22:47:08.466+0000] {processor.py:756} INFO - Processing file /home/airflow/.local/lib/python3.7/site-packages/airflow/example_dags/tutorial_taskflow_api.py for tasks to queue
[2023-10-06T22:47:08.467+0000] {logging_mixin.py:120} INFO - [2023-10-06T22:47:08.467+0000] {dagbag.py:537} INFO - Filling up the DagBag from /home/airflow/.local/lib/python3.7/site-packages/airflow/example_dags/tutorial_taskflow_api.py
[2023-10-06T22:47:08.482+0000] {processor.py:766} INFO - DAG(s) dict_keys(['tutorial_taskflow_api']) retrieved from /home/airflow/.local/lib/python3.7/site-packages/airflow/example_dags/tutorial_taskflow_api.py
[2023-10-06T22:47:08.514+0000] {logging_mixin.py:120} INFO - [2023-10-06T22:47:08.514+0000] {dag.py:2585} INFO - Sync 1 DAGs
[2023-10-06T22:47:08.532+0000] {logging_mixin.py:120} INFO - [2023-10-06T22:47:08.532+0000] {dag.py:3340} INFO - Setting next_dagrun for tutorial_taskflow_api to None, run_after=None
[2023-10-06T22:47:08.549+0000] {processor.py:176} INFO - Processing /home/airflow/.local/lib/python3.7/site-packages/airflow/example_dags/tutorial_taskflow_api.py took 0.087 seconds
[2023-10-06T22:47:38.819+0000] {processor.py:154} INFO - Started process (PID=1611) to work on /home/airflow/.local/lib/python3.7/site-packages/airflow/example_dags/tutorial_taskflow_api.py
[2023-10-06T22:47:38.819+0000] {processor.py:756} INFO - Processing file /home/airflow/.local/lib/python3.7/site-packages/airflow/example_dags/tutorial_taskflow_api.py for tasks to queue
[2023-10-06T22:47:38.820+0000] {logging_mixin.py:120} INFO - [2023-10-06T22:47:38.820+0000] {dagbag.py:537} INFO - Filling up the DagBag from /home/airflow/.local/lib/python3.7/site-packages/airflow/example_dags/tutorial_taskflow_api.py
[2023-10-06T22:47:38.839+0000] {processor.py:766} INFO - DAG(s) dict_keys(['tutorial_taskflow_api']) retrieved from /home/airflow/.local/lib/python3.7/site-packages/airflow/example_dags/tutorial_taskflow_api.py
[2023-10-06T22:47:38.874+0000] {logging_mixin.py:120} INFO - [2023-10-06T22:47:38.873+0000] {dag.py:2585} INFO - Sync 1 DAGs
[2023-10-06T22:47:38.893+0000] {logging_mixin.py:120} INFO - [2023-10-06T22:47:38.893+0000] {dag.py:3340} INFO - Setting next_dagrun for tutorial_taskflow_api to None, run_after=None
[2023-10-06T22:47:38.909+0000] {processor.py:176} INFO - Processing /home/airflow/.local/lib/python3.7/site-packages/airflow/example_dags/tutorial_taskflow_api.py took 0.094 seconds
[2023-10-06T22:48:09.205+0000] {processor.py:154} INFO - Started process (PID=1675) to work on /home/airflow/.local/lib/python3.7/site-packages/airflow/example_dags/tutorial_taskflow_api.py
[2023-10-06T22:48:09.206+0000] {processor.py:756} INFO - Processing file /home/airflow/.local/lib/python3.7/site-packages/airflow/example_dags/tutorial_taskflow_api.py for tasks to queue
[2023-10-06T22:48:09.207+0000] {logging_mixin.py:120} INFO - [2023-10-06T22:48:09.207+0000] {dagbag.py:537} INFO - Filling up the DagBag from /home/airflow/.local/lib/python3.7/site-packages/airflow/example_dags/tutorial_taskflow_api.py
[2023-10-06T22:48:09.221+0000] {processor.py:766} INFO - DAG(s) dict_keys(['tutorial_taskflow_api']) retrieved from /home/airflow/.local/lib/python3.7/site-packages/airflow/example_dags/tutorial_taskflow_api.py
[2023-10-06T22:48:09.254+0000] {logging_mixin.py:120} INFO - [2023-10-06T22:48:09.254+0000] {dag.py:2585} INFO - Sync 1 DAGs
[2023-10-06T22:48:09.271+0000] {logging_mixin.py:120} INFO - [2023-10-06T22:48:09.271+0000] {dag.py:3340} INFO - Setting next_dagrun for tutorial_taskflow_api to None, run_after=None
[2023-10-06T22:48:09.285+0000] {processor.py:176} INFO - Processing /home/airflow/.local/lib/python3.7/site-packages/airflow/example_dags/tutorial_taskflow_api.py took 0.082 seconds
[2023-10-06T22:48:39.825+0000] {processor.py:154} INFO - Started process (PID=1738) to work on /home/airflow/.local/lib/python3.7/site-packages/airflow/example_dags/tutorial_taskflow_api.py
[2023-10-06T22:48:39.825+0000] {processor.py:756} INFO - Processing file /home/airflow/.local/lib/python3.7/site-packages/airflow/example_dags/tutorial_taskflow_api.py for tasks to queue
[2023-10-06T22:48:39.826+0000] {logging_mixin.py:120} INFO - [2023-10-06T22:48:39.826+0000] {dagbag.py:537} INFO - Filling up the DagBag from /home/airflow/.local/lib/python3.7/site-packages/airflow/example_dags/tutorial_taskflow_api.py
[2023-10-06T22:48:39.840+0000] {processor.py:766} INFO - DAG(s) dict_keys(['tutorial_taskflow_api']) retrieved from /home/airflow/.local/lib/python3.7/site-packages/airflow/example_dags/tutorial_taskflow_api.py
[2023-10-06T22:48:39.871+0000] {logging_mixin.py:120} INFO - [2023-10-06T22:48:39.870+0000] {dag.py:2585} INFO - Sync 1 DAGs
[2023-10-06T22:48:39.887+0000] {logging_mixin.py:120} INFO - [2023-10-06T22:48:39.887+0000] {dag.py:3340} INFO - Setting next_dagrun for tutorial_taskflow_api to None, run_after=None
[2023-10-06T22:48:39.902+0000] {processor.py:176} INFO - Processing /home/airflow/.local/lib/python3.7/site-packages/airflow/example_dags/tutorial_taskflow_api.py took 0.079 seconds
[2023-10-06T22:49:10.270+0000] {processor.py:154} INFO - Started process (PID=1800) to work on /home/airflow/.local/lib/python3.7/site-packages/airflow/example_dags/tutorial_taskflow_api.py
[2023-10-06T22:49:10.271+0000] {processor.py:756} INFO - Processing file /home/airflow/.local/lib/python3.7/site-packages/airflow/example_dags/tutorial_taskflow_api.py for tasks to queue
[2023-10-06T22:49:10.271+0000] {logging_mixin.py:120} INFO - [2023-10-06T22:49:10.271+0000] {dagbag.py:537} INFO - Filling up the DagBag from /home/airflow/.local/lib/python3.7/site-packages/airflow/example_dags/tutorial_taskflow_api.py
[2023-10-06T22:49:10.286+0000] {processor.py:766} INFO - DAG(s) dict_keys(['tutorial_taskflow_api']) retrieved from /home/airflow/.local/lib/python3.7/site-packages/airflow/example_dags/tutorial_taskflow_api.py
[2023-10-06T22:49:10.320+0000] {logging_mixin.py:120} INFO - [2023-10-06T22:49:10.320+0000] {dag.py:2585} INFO - Sync 1 DAGs
[2023-10-06T22:49:10.339+0000] {logging_mixin.py:120} INFO - [2023-10-06T22:49:10.339+0000] {dag.py:3340} INFO - Setting next_dagrun for tutorial_taskflow_api to None, run_after=None
[2023-10-06T22:49:10.354+0000] {processor.py:176} INFO - Processing /home/airflow/.local/lib/python3.7/site-packages/airflow/example_dags/tutorial_taskflow_api.py took 0.087 seconds
[2023-10-06T22:49:40.602+0000] {processor.py:154} INFO - Started process (PID=1857) to work on /home/airflow/.local/lib/python3.7/site-packages/airflow/example_dags/tutorial_taskflow_api.py
[2023-10-06T22:49:40.602+0000] {processor.py:756} INFO - Processing file /home/airflow/.local/lib/python3.7/site-packages/airflow/example_dags/tutorial_taskflow_api.py for tasks to queue
[2023-10-06T22:49:40.603+0000] {logging_mixin.py:120} INFO - [2023-10-06T22:49:40.603+0000] {dagbag.py:537} INFO - Filling up the DagBag from /home/airflow/.local/lib/python3.7/site-packages/airflow/example_dags/tutorial_taskflow_api.py
[2023-10-06T22:49:40.620+0000] {processor.py:766} INFO - DAG(s) dict_keys(['tutorial_taskflow_api']) retrieved from /home/airflow/.local/lib/python3.7/site-packages/airflow/example_dags/tutorial_taskflow_api.py
[2023-10-06T22:49:40.652+0000] {logging_mixin.py:120} INFO - [2023-10-06T22:49:40.652+0000] {dag.py:2585} INFO - Sync 1 DAGs
[2023-10-06T22:49:40.672+0000] {logging_mixin.py:120} INFO - [2023-10-06T22:49:40.672+0000] {dag.py:3340} INFO - Setting next_dagrun for tutorial_taskflow_api to None, run_after=None
[2023-10-06T22:49:40.687+0000] {processor.py:176} INFO - Processing /home/airflow/.local/lib/python3.7/site-packages/airflow/example_dags/tutorial_taskflow_api.py took 0.088 seconds
[2023-10-06T22:50:10.965+0000] {processor.py:154} INFO - Started process (PID=1921) to work on /home/airflow/.local/lib/python3.7/site-packages/airflow/example_dags/tutorial_taskflow_api.py
[2023-10-06T22:50:10.966+0000] {processor.py:756} INFO - Processing file /home/airflow/.local/lib/python3.7/site-packages/airflow/example_dags/tutorial_taskflow_api.py for tasks to queue
[2023-10-06T22:50:10.967+0000] {logging_mixin.py:120} INFO - [2023-10-06T22:50:10.967+0000] {dagbag.py:537} INFO - Filling up the DagBag from /home/airflow/.local/lib/python3.7/site-packages/airflow/example_dags/tutorial_taskflow_api.py
[2023-10-06T22:50:10.981+0000] {processor.py:766} INFO - DAG(s) dict_keys(['tutorial_taskflow_api']) retrieved from /home/airflow/.local/lib/python3.7/site-packages/airflow/example_dags/tutorial_taskflow_api.py
[2023-10-06T22:50:11.012+0000] {logging_mixin.py:120} INFO - [2023-10-06T22:50:11.012+0000] {dag.py:2585} INFO - Sync 1 DAGs
[2023-10-06T22:50:11.028+0000] {logging_mixin.py:120} INFO - [2023-10-06T22:50:11.028+0000] {dag.py:3340} INFO - Setting next_dagrun for tutorial_taskflow_api to None, run_after=None
[2023-10-06T22:50:11.043+0000] {processor.py:176} INFO - Processing /home/airflow/.local/lib/python3.7/site-packages/airflow/example_dags/tutorial_taskflow_api.py took 0.081 seconds
[2023-10-06T22:50:41.229+0000] {processor.py:154} INFO - Started process (PID=1986) to work on /home/airflow/.local/lib/python3.7/site-packages/airflow/example_dags/tutorial_taskflow_api.py
[2023-10-06T22:50:41.229+0000] {processor.py:756} INFO - Processing file /home/airflow/.local/lib/python3.7/site-packages/airflow/example_dags/tutorial_taskflow_api.py for tasks to queue
[2023-10-06T22:50:41.230+0000] {logging_mixin.py:120} INFO - [2023-10-06T22:50:41.230+0000] {dagbag.py:537} INFO - Filling up the DagBag from /home/airflow/.local/lib/python3.7/site-packages/airflow/example_dags/tutorial_taskflow_api.py
[2023-10-06T22:50:41.246+0000] {processor.py:766} INFO - DAG(s) dict_keys(['tutorial_taskflow_api']) retrieved from /home/airflow/.local/lib/python3.7/site-packages/airflow/example_dags/tutorial_taskflow_api.py
[2023-10-06T22:50:41.277+0000] {logging_mixin.py:120} INFO - [2023-10-06T22:50:41.277+0000] {dag.py:2585} INFO - Sync 1 DAGs
[2023-10-06T22:50:41.294+0000] {logging_mixin.py:120} INFO - [2023-10-06T22:50:41.293+0000] {dag.py:3340} INFO - Setting next_dagrun for tutorial_taskflow_api to None, run_after=None
[2023-10-06T22:50:41.310+0000] {processor.py:176} INFO - Processing /home/airflow/.local/lib/python3.7/site-packages/airflow/example_dags/tutorial_taskflow_api.py took 0.084 seconds
[2023-10-06T22:51:11.922+0000] {processor.py:154} INFO - Started process (PID=2050) to work on /home/airflow/.local/lib/python3.7/site-packages/airflow/example_dags/tutorial_taskflow_api.py
[2023-10-06T22:51:11.923+0000] {processor.py:756} INFO - Processing file /home/airflow/.local/lib/python3.7/site-packages/airflow/example_dags/tutorial_taskflow_api.py for tasks to queue
[2023-10-06T22:51:11.924+0000] {logging_mixin.py:120} INFO - [2023-10-06T22:51:11.924+0000] {dagbag.py:537} INFO - Filling up the DagBag from /home/airflow/.local/lib/python3.7/site-packages/airflow/example_dags/tutorial_taskflow_api.py
[2023-10-06T22:51:11.942+0000] {processor.py:766} INFO - DAG(s) dict_keys(['tutorial_taskflow_api']) retrieved from /home/airflow/.local/lib/python3.7/site-packages/airflow/example_dags/tutorial_taskflow_api.py
[2023-10-06T22:51:11.978+0000] {logging_mixin.py:120} INFO - [2023-10-06T22:51:11.978+0000] {dag.py:2585} INFO - Sync 1 DAGs
[2023-10-06T22:51:12.005+0000] {logging_mixin.py:120} INFO - [2023-10-06T22:51:12.005+0000] {dag.py:3340} INFO - Setting next_dagrun for tutorial_taskflow_api to None, run_after=None
[2023-10-06T22:51:12.023+0000] {processor.py:176} INFO - Processing /home/airflow/.local/lib/python3.7/site-packages/airflow/example_dags/tutorial_taskflow_api.py took 0.104 seconds
[2023-10-06T22:51:42.258+0000] {processor.py:154} INFO - Started process (PID=2104) to work on /home/airflow/.local/lib/python3.7/site-packages/airflow/example_dags/tutorial_taskflow_api.py
[2023-10-06T22:51:42.259+0000] {processor.py:756} INFO - Processing file /home/airflow/.local/lib/python3.7/site-packages/airflow/example_dags/tutorial_taskflow_api.py for tasks to queue
[2023-10-06T22:51:42.259+0000] {logging_mixin.py:120} INFO - [2023-10-06T22:51:42.259+0000] {dagbag.py:537} INFO - Filling up the DagBag from /home/airflow/.local/lib/python3.7/site-packages/airflow/example_dags/tutorial_taskflow_api.py
[2023-10-06T22:51:42.274+0000] {processor.py:766} INFO - DAG(s) dict_keys(['tutorial_taskflow_api']) retrieved from /home/airflow/.local/lib/python3.7/site-packages/airflow/example_dags/tutorial_taskflow_api.py
[2023-10-06T22:51:42.309+0000] {logging_mixin.py:120} INFO - [2023-10-06T22:51:42.309+0000] {dag.py:2585} INFO - Sync 1 DAGs
[2023-10-06T22:51:42.330+0000] {logging_mixin.py:120} INFO - [2023-10-06T22:51:42.329+0000] {dag.py:3340} INFO - Setting next_dagrun for tutorial_taskflow_api to None, run_after=None
[2023-10-06T22:51:42.351+0000] {processor.py:176} INFO - Processing /home/airflow/.local/lib/python3.7/site-packages/airflow/example_dags/tutorial_taskflow_api.py took 0.096 seconds
[2023-10-06T22:52:12.584+0000] {processor.py:154} INFO - Started process (PID=2168) to work on /home/airflow/.local/lib/python3.7/site-packages/airflow/example_dags/tutorial_taskflow_api.py
[2023-10-06T22:52:12.585+0000] {processor.py:756} INFO - Processing file /home/airflow/.local/lib/python3.7/site-packages/airflow/example_dags/tutorial_taskflow_api.py for tasks to queue
[2023-10-06T22:52:12.586+0000] {logging_mixin.py:120} INFO - [2023-10-06T22:52:12.586+0000] {dagbag.py:537} INFO - Filling up the DagBag from /home/airflow/.local/lib/python3.7/site-packages/airflow/example_dags/tutorial_taskflow_api.py
[2023-10-06T22:52:12.599+0000] {processor.py:766} INFO - DAG(s) dict_keys(['tutorial_taskflow_api']) retrieved from /home/airflow/.local/lib/python3.7/site-packages/airflow/example_dags/tutorial_taskflow_api.py
[2023-10-06T22:52:12.636+0000] {logging_mixin.py:120} INFO - [2023-10-06T22:52:12.636+0000] {dag.py:2585} INFO - Sync 1 DAGs
[2023-10-06T22:52:12.661+0000] {logging_mixin.py:120} INFO - [2023-10-06T22:52:12.661+0000] {dag.py:3340} INFO - Setting next_dagrun for tutorial_taskflow_api to None, run_after=None
[2023-10-06T22:52:12.678+0000] {processor.py:176} INFO - Processing /home/airflow/.local/lib/python3.7/site-packages/airflow/example_dags/tutorial_taskflow_api.py took 0.095 seconds
[2023-10-06T22:52:42.848+0000] {processor.py:154} INFO - Started process (PID=2233) to work on /home/airflow/.local/lib/python3.7/site-packages/airflow/example_dags/tutorial_taskflow_api.py
[2023-10-06T22:52:42.849+0000] {processor.py:756} INFO - Processing file /home/airflow/.local/lib/python3.7/site-packages/airflow/example_dags/tutorial_taskflow_api.py for tasks to queue
[2023-10-06T22:52:42.849+0000] {logging_mixin.py:120} INFO - [2023-10-06T22:52:42.849+0000] {dagbag.py:537} INFO - Filling up the DagBag from /home/airflow/.local/lib/python3.7/site-packages/airflow/example_dags/tutorial_taskflow_api.py
[2023-10-06T22:52:42.864+0000] {processor.py:766} INFO - DAG(s) dict_keys(['tutorial_taskflow_api']) retrieved from /home/airflow/.local/lib/python3.7/site-packages/airflow/example_dags/tutorial_taskflow_api.py
[2023-10-06T22:52:42.896+0000] {logging_mixin.py:120} INFO - [2023-10-06T22:52:42.896+0000] {dag.py:2585} INFO - Sync 1 DAGs
[2023-10-06T22:52:42.912+0000] {logging_mixin.py:120} INFO - [2023-10-06T22:52:42.912+0000] {dag.py:3340} INFO - Setting next_dagrun for tutorial_taskflow_api to None, run_after=None
[2023-10-06T22:52:42.928+0000] {processor.py:176} INFO - Processing /home/airflow/.local/lib/python3.7/site-packages/airflow/example_dags/tutorial_taskflow_api.py took 0.081 seconds
[2023-10-06T22:53:13.128+0000] {processor.py:154} INFO - Started process (PID=2297) to work on /home/airflow/.local/lib/python3.7/site-packages/airflow/example_dags/tutorial_taskflow_api.py
[2023-10-06T22:53:13.129+0000] {processor.py:756} INFO - Processing file /home/airflow/.local/lib/python3.7/site-packages/airflow/example_dags/tutorial_taskflow_api.py for tasks to queue
[2023-10-06T22:53:13.129+0000] {logging_mixin.py:120} INFO - [2023-10-06T22:53:13.129+0000] {dagbag.py:537} INFO - Filling up the DagBag from /home/airflow/.local/lib/python3.7/site-packages/airflow/example_dags/tutorial_taskflow_api.py
[2023-10-06T22:53:13.143+0000] {processor.py:766} INFO - DAG(s) dict_keys(['tutorial_taskflow_api']) retrieved from /home/airflow/.local/lib/python3.7/site-packages/airflow/example_dags/tutorial_taskflow_api.py
[2023-10-06T22:53:13.174+0000] {logging_mixin.py:120} INFO - [2023-10-06T22:53:13.174+0000] {dag.py:2585} INFO - Sync 1 DAGs
[2023-10-06T22:53:13.194+0000] {logging_mixin.py:120} INFO - [2023-10-06T22:53:13.194+0000] {dag.py:3340} INFO - Setting next_dagrun for tutorial_taskflow_api to None, run_after=None
[2023-10-06T22:53:13.211+0000] {processor.py:176} INFO - Processing /home/airflow/.local/lib/python3.7/site-packages/airflow/example_dags/tutorial_taskflow_api.py took 0.085 seconds
[2023-10-06T22:53:43.371+0000] {processor.py:154} INFO - Started process (PID=2352) to work on /home/airflow/.local/lib/python3.7/site-packages/airflow/example_dags/tutorial_taskflow_api.py
[2023-10-06T22:53:43.371+0000] {processor.py:756} INFO - Processing file /home/airflow/.local/lib/python3.7/site-packages/airflow/example_dags/tutorial_taskflow_api.py for tasks to queue
[2023-10-06T22:53:43.372+0000] {logging_mixin.py:120} INFO - [2023-10-06T22:53:43.372+0000] {dagbag.py:537} INFO - Filling up the DagBag from /home/airflow/.local/lib/python3.7/site-packages/airflow/example_dags/tutorial_taskflow_api.py
[2023-10-06T22:53:43.386+0000] {processor.py:766} INFO - DAG(s) dict_keys(['tutorial_taskflow_api']) retrieved from /home/airflow/.local/lib/python3.7/site-packages/airflow/example_dags/tutorial_taskflow_api.py
[2023-10-06T22:53:43.417+0000] {logging_mixin.py:120} INFO - [2023-10-06T22:53:43.417+0000] {dag.py:2585} INFO - Sync 1 DAGs
[2023-10-06T22:53:43.436+0000] {logging_mixin.py:120} INFO - [2023-10-06T22:53:43.435+0000] {dag.py:3340} INFO - Setting next_dagrun for tutorial_taskflow_api to None, run_after=None
[2023-10-06T22:53:43.451+0000] {processor.py:176} INFO - Processing /home/airflow/.local/lib/python3.7/site-packages/airflow/example_dags/tutorial_taskflow_api.py took 0.083 seconds
[2023-10-06T22:54:13.469+0000] {processor.py:154} INFO - Started process (PID=2415) to work on /home/airflow/.local/lib/python3.7/site-packages/airflow/example_dags/tutorial_taskflow_api.py
[2023-10-06T22:54:13.470+0000] {processor.py:756} INFO - Processing file /home/airflow/.local/lib/python3.7/site-packages/airflow/example_dags/tutorial_taskflow_api.py for tasks to queue
[2023-10-06T22:54:13.470+0000] {logging_mixin.py:120} INFO - [2023-10-06T22:54:13.470+0000] {dagbag.py:537} INFO - Filling up the DagBag from /home/airflow/.local/lib/python3.7/site-packages/airflow/example_dags/tutorial_taskflow_api.py
[2023-10-06T22:54:13.484+0000] {processor.py:766} INFO - DAG(s) dict_keys(['tutorial_taskflow_api']) retrieved from /home/airflow/.local/lib/python3.7/site-packages/airflow/example_dags/tutorial_taskflow_api.py
[2023-10-06T22:54:13.512+0000] {logging_mixin.py:120} INFO - [2023-10-06T22:54:13.511+0000] {dag.py:2585} INFO - Sync 1 DAGs
[2023-10-06T22:54:13.527+0000] {logging_mixin.py:120} INFO - [2023-10-06T22:54:13.527+0000] {dag.py:3340} INFO - Setting next_dagrun for tutorial_taskflow_api to None, run_after=None
[2023-10-06T22:54:13.540+0000] {processor.py:176} INFO - Processing /home/airflow/.local/lib/python3.7/site-packages/airflow/example_dags/tutorial_taskflow_api.py took 0.074 seconds
[2023-10-06T22:54:43.697+0000] {processor.py:154} INFO - Started process (PID=2479) to work on /home/airflow/.local/lib/python3.7/site-packages/airflow/example_dags/tutorial_taskflow_api.py
[2023-10-06T22:54:43.698+0000] {processor.py:756} INFO - Processing file /home/airflow/.local/lib/python3.7/site-packages/airflow/example_dags/tutorial_taskflow_api.py for tasks to queue
[2023-10-06T22:54:43.698+0000] {logging_mixin.py:120} INFO - [2023-10-06T22:54:43.698+0000] {dagbag.py:537} INFO - Filling up the DagBag from /home/airflow/.local/lib/python3.7/site-packages/airflow/example_dags/tutorial_taskflow_api.py
[2023-10-06T22:54:43.711+0000] {processor.py:766} INFO - DAG(s) dict_keys(['tutorial_taskflow_api']) retrieved from /home/airflow/.local/lib/python3.7/site-packages/airflow/example_dags/tutorial_taskflow_api.py
[2023-10-06T22:54:43.739+0000] {logging_mixin.py:120} INFO - [2023-10-06T22:54:43.739+0000] {dag.py:2585} INFO - Sync 1 DAGs
[2023-10-06T22:54:43.755+0000] {logging_mixin.py:120} INFO - [2023-10-06T22:54:43.755+0000] {dag.py:3340} INFO - Setting next_dagrun for tutorial_taskflow_api to None, run_after=None
[2023-10-06T22:54:43.769+0000] {processor.py:176} INFO - Processing /home/airflow/.local/lib/python3.7/site-packages/airflow/example_dags/tutorial_taskflow_api.py took 0.074 seconds
[2023-10-06T22:55:14.194+0000] {processor.py:154} INFO - Started process (PID=2544) to work on /home/airflow/.local/lib/python3.7/site-packages/airflow/example_dags/tutorial_taskflow_api.py
[2023-10-06T22:55:14.195+0000] {processor.py:756} INFO - Processing file /home/airflow/.local/lib/python3.7/site-packages/airflow/example_dags/tutorial_taskflow_api.py for tasks to queue
[2023-10-06T22:55:14.195+0000] {logging_mixin.py:120} INFO - [2023-10-06T22:55:14.195+0000] {dagbag.py:537} INFO - Filling up the DagBag from /home/airflow/.local/lib/python3.7/site-packages/airflow/example_dags/tutorial_taskflow_api.py
[2023-10-06T22:55:14.209+0000] {processor.py:766} INFO - DAG(s) dict_keys(['tutorial_taskflow_api']) retrieved from /home/airflow/.local/lib/python3.7/site-packages/airflow/example_dags/tutorial_taskflow_api.py
[2023-10-06T22:55:14.238+0000] {logging_mixin.py:120} INFO - [2023-10-06T22:55:14.238+0000] {dag.py:2585} INFO - Sync 1 DAGs
[2023-10-06T22:55:14.257+0000] {logging_mixin.py:120} INFO - [2023-10-06T22:55:14.256+0000] {dag.py:3340} INFO - Setting next_dagrun for tutorial_taskflow_api to None, run_after=None
[2023-10-06T22:55:14.273+0000] {processor.py:176} INFO - Processing /home/airflow/.local/lib/python3.7/site-packages/airflow/example_dags/tutorial_taskflow_api.py took 0.081 seconds
[2023-10-06T22:55:44.576+0000] {processor.py:154} INFO - Started process (PID=2599) to work on /home/airflow/.local/lib/python3.7/site-packages/airflow/example_dags/tutorial_taskflow_api.py
[2023-10-06T22:55:44.577+0000] {processor.py:756} INFO - Processing file /home/airflow/.local/lib/python3.7/site-packages/airflow/example_dags/tutorial_taskflow_api.py for tasks to queue
[2023-10-06T22:55:44.577+0000] {logging_mixin.py:120} INFO - [2023-10-06T22:55:44.577+0000] {dagbag.py:537} INFO - Filling up the DagBag from /home/airflow/.local/lib/python3.7/site-packages/airflow/example_dags/tutorial_taskflow_api.py
[2023-10-06T22:55:44.592+0000] {processor.py:766} INFO - DAG(s) dict_keys(['tutorial_taskflow_api']) retrieved from /home/airflow/.local/lib/python3.7/site-packages/airflow/example_dags/tutorial_taskflow_api.py
[2023-10-06T22:55:44.622+0000] {logging_mixin.py:120} INFO - [2023-10-06T22:55:44.622+0000] {dag.py:2585} INFO - Sync 1 DAGs
[2023-10-06T22:55:44.639+0000] {logging_mixin.py:120} INFO - [2023-10-06T22:55:44.639+0000] {dag.py:3340} INFO - Setting next_dagrun for tutorial_taskflow_api to None, run_after=None
[2023-10-06T22:55:44.655+0000] {processor.py:176} INFO - Processing /home/airflow/.local/lib/python3.7/site-packages/airflow/example_dags/tutorial_taskflow_api.py took 0.081 seconds
[2023-10-06T22:56:14.881+0000] {processor.py:154} INFO - Started process (PID=2663) to work on /home/airflow/.local/lib/python3.7/site-packages/airflow/example_dags/tutorial_taskflow_api.py
[2023-10-06T22:56:14.882+0000] {processor.py:756} INFO - Processing file /home/airflow/.local/lib/python3.7/site-packages/airflow/example_dags/tutorial_taskflow_api.py for tasks to queue
[2023-10-06T22:56:14.883+0000] {logging_mixin.py:120} INFO - [2023-10-06T22:56:14.883+0000] {dagbag.py:537} INFO - Filling up the DagBag from /home/airflow/.local/lib/python3.7/site-packages/airflow/example_dags/tutorial_taskflow_api.py
[2023-10-06T22:56:14.897+0000] {processor.py:766} INFO - DAG(s) dict_keys(['tutorial_taskflow_api']) retrieved from /home/airflow/.local/lib/python3.7/site-packages/airflow/example_dags/tutorial_taskflow_api.py
[2023-10-06T22:56:14.927+0000] {logging_mixin.py:120} INFO - [2023-10-06T22:56:14.927+0000] {dag.py:2585} INFO - Sync 1 DAGs
[2023-10-06T22:56:14.943+0000] {logging_mixin.py:120} INFO - [2023-10-06T22:56:14.943+0000] {dag.py:3340} INFO - Setting next_dagrun for tutorial_taskflow_api to None, run_after=None
[2023-10-06T22:56:14.960+0000] {processor.py:176} INFO - Processing /home/airflow/.local/lib/python3.7/site-packages/airflow/example_dags/tutorial_taskflow_api.py took 0.081 seconds
[2023-10-06T22:56:45.024+0000] {processor.py:154} INFO - Started process (PID=2726) to work on /home/airflow/.local/lib/python3.7/site-packages/airflow/example_dags/tutorial_taskflow_api.py
[2023-10-06T22:56:45.024+0000] {processor.py:756} INFO - Processing file /home/airflow/.local/lib/python3.7/site-packages/airflow/example_dags/tutorial_taskflow_api.py for tasks to queue
[2023-10-06T22:56:45.025+0000] {logging_mixin.py:120} INFO - [2023-10-06T22:56:45.025+0000] {dagbag.py:537} INFO - Filling up the DagBag from /home/airflow/.local/lib/python3.7/site-packages/airflow/example_dags/tutorial_taskflow_api.py
[2023-10-06T22:56:45.039+0000] {processor.py:766} INFO - DAG(s) dict_keys(['tutorial_taskflow_api']) retrieved from /home/airflow/.local/lib/python3.7/site-packages/airflow/example_dags/tutorial_taskflow_api.py
[2023-10-06T22:56:45.068+0000] {logging_mixin.py:120} INFO - [2023-10-06T22:56:45.068+0000] {dag.py:2585} INFO - Sync 1 DAGs
[2023-10-06T22:56:45.084+0000] {logging_mixin.py:120} INFO - [2023-10-06T22:56:45.084+0000] {dag.py:3340} INFO - Setting next_dagrun for tutorial_taskflow_api to None, run_after=None
[2023-10-06T22:56:45.098+0000] {processor.py:176} INFO - Processing /home/airflow/.local/lib/python3.7/site-packages/airflow/example_dags/tutorial_taskflow_api.py took 0.076 seconds
[2023-10-06T22:57:15.236+0000] {processor.py:154} INFO - Started process (PID=2789) to work on /home/airflow/.local/lib/python3.7/site-packages/airflow/example_dags/tutorial_taskflow_api.py
[2023-10-06T22:57:15.237+0000] {processor.py:756} INFO - Processing file /home/airflow/.local/lib/python3.7/site-packages/airflow/example_dags/tutorial_taskflow_api.py for tasks to queue
[2023-10-06T22:57:15.237+0000] {logging_mixin.py:120} INFO - [2023-10-06T22:57:15.237+0000] {dagbag.py:537} INFO - Filling up the DagBag from /home/airflow/.local/lib/python3.7/site-packages/airflow/example_dags/tutorial_taskflow_api.py
[2023-10-06T22:57:15.251+0000] {processor.py:766} INFO - DAG(s) dict_keys(['tutorial_taskflow_api']) retrieved from /home/airflow/.local/lib/python3.7/site-packages/airflow/example_dags/tutorial_taskflow_api.py
[2023-10-06T22:57:15.278+0000] {logging_mixin.py:120} INFO - [2023-10-06T22:57:15.278+0000] {dag.py:2585} INFO - Sync 1 DAGs
[2023-10-06T22:57:15.294+0000] {logging_mixin.py:120} INFO - [2023-10-06T22:57:15.294+0000] {dag.py:3340} INFO - Setting next_dagrun for tutorial_taskflow_api to None, run_after=None
[2023-10-06T22:57:15.307+0000] {processor.py:176} INFO - Processing /home/airflow/.local/lib/python3.7/site-packages/airflow/example_dags/tutorial_taskflow_api.py took 0.074 seconds
[2023-10-06T22:57:45.605+0000] {processor.py:154} INFO - Started process (PID=2844) to work on /home/airflow/.local/lib/python3.7/site-packages/airflow/example_dags/tutorial_taskflow_api.py
[2023-10-06T22:57:45.606+0000] {processor.py:756} INFO - Processing file /home/airflow/.local/lib/python3.7/site-packages/airflow/example_dags/tutorial_taskflow_api.py for tasks to queue
[2023-10-06T22:57:45.606+0000] {logging_mixin.py:120} INFO - [2023-10-06T22:57:45.606+0000] {dagbag.py:537} INFO - Filling up the DagBag from /home/airflow/.local/lib/python3.7/site-packages/airflow/example_dags/tutorial_taskflow_api.py
[2023-10-06T22:57:45.619+0000] {processor.py:766} INFO - DAG(s) dict_keys(['tutorial_taskflow_api']) retrieved from /home/airflow/.local/lib/python3.7/site-packages/airflow/example_dags/tutorial_taskflow_api.py
[2023-10-06T22:57:45.647+0000] {logging_mixin.py:120} INFO - [2023-10-06T22:57:45.647+0000] {dag.py:2585} INFO - Sync 1 DAGs
[2023-10-06T22:57:45.671+0000] {logging_mixin.py:120} INFO - [2023-10-06T22:57:45.671+0000] {dag.py:3340} INFO - Setting next_dagrun for tutorial_taskflow_api to None, run_after=None
[2023-10-06T22:57:45.684+0000] {processor.py:176} INFO - Processing /home/airflow/.local/lib/python3.7/site-packages/airflow/example_dags/tutorial_taskflow_api.py took 0.081 seconds
[2023-10-06T22:58:15.826+0000] {processor.py:154} INFO - Started process (PID=2907) to work on /home/airflow/.local/lib/python3.7/site-packages/airflow/example_dags/tutorial_taskflow_api.py
[2023-10-06T22:58:15.827+0000] {processor.py:756} INFO - Processing file /home/airflow/.local/lib/python3.7/site-packages/airflow/example_dags/tutorial_taskflow_api.py for tasks to queue
[2023-10-06T22:58:15.828+0000] {logging_mixin.py:120} INFO - [2023-10-06T22:58:15.828+0000] {dagbag.py:537} INFO - Filling up the DagBag from /home/airflow/.local/lib/python3.7/site-packages/airflow/example_dags/tutorial_taskflow_api.py
[2023-10-06T22:58:15.843+0000] {processor.py:766} INFO - DAG(s) dict_keys(['tutorial_taskflow_api']) retrieved from /home/airflow/.local/lib/python3.7/site-packages/airflow/example_dags/tutorial_taskflow_api.py
[2023-10-06T22:58:15.871+0000] {logging_mixin.py:120} INFO - [2023-10-06T22:58:15.871+0000] {dag.py:2585} INFO - Sync 1 DAGs
[2023-10-06T22:58:15.887+0000] {logging_mixin.py:120} INFO - [2023-10-06T22:58:15.887+0000] {dag.py:3340} INFO - Setting next_dagrun for tutorial_taskflow_api to None, run_after=None
[2023-10-06T22:58:15.902+0000] {processor.py:176} INFO - Processing /home/airflow/.local/lib/python3.7/site-packages/airflow/example_dags/tutorial_taskflow_api.py took 0.078 seconds
[2023-10-06T22:58:46.093+0000] {processor.py:154} INFO - Started process (PID=2970) to work on /home/airflow/.local/lib/python3.7/site-packages/airflow/example_dags/tutorial_taskflow_api.py
[2023-10-06T22:58:46.094+0000] {processor.py:756} INFO - Processing file /home/airflow/.local/lib/python3.7/site-packages/airflow/example_dags/tutorial_taskflow_api.py for tasks to queue
[2023-10-06T22:58:46.094+0000] {logging_mixin.py:120} INFO - [2023-10-06T22:58:46.094+0000] {dagbag.py:537} INFO - Filling up the DagBag from /home/airflow/.local/lib/python3.7/site-packages/airflow/example_dags/tutorial_taskflow_api.py
[2023-10-06T22:58:46.108+0000] {processor.py:766} INFO - DAG(s) dict_keys(['tutorial_taskflow_api']) retrieved from /home/airflow/.local/lib/python3.7/site-packages/airflow/example_dags/tutorial_taskflow_api.py
[2023-10-06T22:58:46.136+0000] {logging_mixin.py:120} INFO - [2023-10-06T22:58:46.136+0000] {dag.py:2585} INFO - Sync 1 DAGs
[2023-10-06T22:58:46.153+0000] {logging_mixin.py:120} INFO - [2023-10-06T22:58:46.153+0000] {dag.py:3340} INFO - Setting next_dagrun for tutorial_taskflow_api to None, run_after=None
[2023-10-06T22:58:46.169+0000] {processor.py:176} INFO - Processing /home/airflow/.local/lib/python3.7/site-packages/airflow/example_dags/tutorial_taskflow_api.py took 0.078 seconds
[2023-10-06T22:59:16.341+0000] {processor.py:154} INFO - Started process (PID=3034) to work on /home/airflow/.local/lib/python3.7/site-packages/airflow/example_dags/tutorial_taskflow_api.py
[2023-10-06T22:59:16.343+0000] {processor.py:756} INFO - Processing file /home/airflow/.local/lib/python3.7/site-packages/airflow/example_dags/tutorial_taskflow_api.py for tasks to queue
[2023-10-06T22:59:16.343+0000] {logging_mixin.py:120} INFO - [2023-10-06T22:59:16.343+0000] {dagbag.py:537} INFO - Filling up the DagBag from /home/airflow/.local/lib/python3.7/site-packages/airflow/example_dags/tutorial_taskflow_api.py
[2023-10-06T22:59:16.357+0000] {processor.py:766} INFO - DAG(s) dict_keys(['tutorial_taskflow_api']) retrieved from /home/airflow/.local/lib/python3.7/site-packages/airflow/example_dags/tutorial_taskflow_api.py
[2023-10-06T22:59:16.384+0000] {logging_mixin.py:120} INFO - [2023-10-06T22:59:16.384+0000] {dag.py:2585} INFO - Sync 1 DAGs
[2023-10-06T22:59:16.400+0000] {logging_mixin.py:120} INFO - [2023-10-06T22:59:16.400+0000] {dag.py:3340} INFO - Setting next_dagrun for tutorial_taskflow_api to None, run_after=None
[2023-10-06T22:59:16.413+0000] {processor.py:176} INFO - Processing /home/airflow/.local/lib/python3.7/site-packages/airflow/example_dags/tutorial_taskflow_api.py took 0.073 seconds
[2023-10-06T22:59:46.594+0000] {processor.py:154} INFO - Started process (PID=3100) to work on /home/airflow/.local/lib/python3.7/site-packages/airflow/example_dags/tutorial_taskflow_api.py
[2023-10-06T22:59:46.595+0000] {processor.py:756} INFO - Processing file /home/airflow/.local/lib/python3.7/site-packages/airflow/example_dags/tutorial_taskflow_api.py for tasks to queue
[2023-10-06T22:59:46.595+0000] {logging_mixin.py:120} INFO - [2023-10-06T22:59:46.595+0000] {dagbag.py:537} INFO - Filling up the DagBag from /home/airflow/.local/lib/python3.7/site-packages/airflow/example_dags/tutorial_taskflow_api.py
[2023-10-06T22:59:46.610+0000] {processor.py:766} INFO - DAG(s) dict_keys(['tutorial_taskflow_api']) retrieved from /home/airflow/.local/lib/python3.7/site-packages/airflow/example_dags/tutorial_taskflow_api.py
[2023-10-06T22:59:46.642+0000] {logging_mixin.py:120} INFO - [2023-10-06T22:59:46.642+0000] {dag.py:2585} INFO - Sync 1 DAGs
[2023-10-06T22:59:46.662+0000] {logging_mixin.py:120} INFO - [2023-10-06T22:59:46.662+0000] {dag.py:3340} INFO - Setting next_dagrun for tutorial_taskflow_api to None, run_after=None
[2023-10-06T22:59:46.678+0000] {processor.py:176} INFO - Processing /home/airflow/.local/lib/python3.7/site-packages/airflow/example_dags/tutorial_taskflow_api.py took 0.086 seconds
[2023-10-06T23:00:17.740+0000] {processor.py:154} INFO - Started process (PID=3156) to work on /home/airflow/.local/lib/python3.7/site-packages/airflow/example_dags/tutorial_taskflow_api.py
[2023-10-06T23:00:17.741+0000] {processor.py:756} INFO - Processing file /home/airflow/.local/lib/python3.7/site-packages/airflow/example_dags/tutorial_taskflow_api.py for tasks to queue
[2023-10-06T23:00:17.741+0000] {logging_mixin.py:120} INFO - [2023-10-06T23:00:17.741+0000] {dagbag.py:537} INFO - Filling up the DagBag from /home/airflow/.local/lib/python3.7/site-packages/airflow/example_dags/tutorial_taskflow_api.py
[2023-10-06T23:00:17.756+0000] {processor.py:766} INFO - DAG(s) dict_keys(['tutorial_taskflow_api']) retrieved from /home/airflow/.local/lib/python3.7/site-packages/airflow/example_dags/tutorial_taskflow_api.py
[2023-10-06T23:00:17.786+0000] {logging_mixin.py:120} INFO - [2023-10-06T23:00:17.786+0000] {dag.py:2585} INFO - Sync 1 DAGs
[2023-10-06T23:00:17.803+0000] {logging_mixin.py:120} INFO - [2023-10-06T23:00:17.803+0000] {dag.py:3340} INFO - Setting next_dagrun for tutorial_taskflow_api to None, run_after=None
[2023-10-06T23:00:17.818+0000] {processor.py:176} INFO - Processing /home/airflow/.local/lib/python3.7/site-packages/airflow/example_dags/tutorial_taskflow_api.py took 0.081 seconds
[2023-10-06T23:00:47.991+0000] {processor.py:154} INFO - Started process (PID=3219) to work on /home/airflow/.local/lib/python3.7/site-packages/airflow/example_dags/tutorial_taskflow_api.py
[2023-10-06T23:00:47.991+0000] {processor.py:756} INFO - Processing file /home/airflow/.local/lib/python3.7/site-packages/airflow/example_dags/tutorial_taskflow_api.py for tasks to queue
[2023-10-06T23:00:47.992+0000] {logging_mixin.py:120} INFO - [2023-10-06T23:00:47.991+0000] {dagbag.py:537} INFO - Filling up the DagBag from /home/airflow/.local/lib/python3.7/site-packages/airflow/example_dags/tutorial_taskflow_api.py
[2023-10-06T23:00:48.006+0000] {processor.py:766} INFO - DAG(s) dict_keys(['tutorial_taskflow_api']) retrieved from /home/airflow/.local/lib/python3.7/site-packages/airflow/example_dags/tutorial_taskflow_api.py
[2023-10-06T23:00:48.034+0000] {logging_mixin.py:120} INFO - [2023-10-06T23:00:48.034+0000] {dag.py:2585} INFO - Sync 1 DAGs
[2023-10-06T23:00:48.051+0000] {logging_mixin.py:120} INFO - [2023-10-06T23:00:48.051+0000] {dag.py:3340} INFO - Setting next_dagrun for tutorial_taskflow_api to None, run_after=None
[2023-10-06T23:00:48.066+0000] {processor.py:176} INFO - Processing /home/airflow/.local/lib/python3.7/site-packages/airflow/example_dags/tutorial_taskflow_api.py took 0.078 seconds
[2023-10-06T23:01:19.137+0000] {processor.py:154} INFO - Started process (PID=3283) to work on /home/airflow/.local/lib/python3.7/site-packages/airflow/example_dags/tutorial_taskflow_api.py
[2023-10-06T23:01:19.137+0000] {processor.py:756} INFO - Processing file /home/airflow/.local/lib/python3.7/site-packages/airflow/example_dags/tutorial_taskflow_api.py for tasks to queue
[2023-10-06T23:01:19.138+0000] {logging_mixin.py:120} INFO - [2023-10-06T23:01:19.138+0000] {dagbag.py:537} INFO - Filling up the DagBag from /home/airflow/.local/lib/python3.7/site-packages/airflow/example_dags/tutorial_taskflow_api.py
[2023-10-06T23:01:19.152+0000] {processor.py:766} INFO - DAG(s) dict_keys(['tutorial_taskflow_api']) retrieved from /home/airflow/.local/lib/python3.7/site-packages/airflow/example_dags/tutorial_taskflow_api.py
[2023-10-06T23:01:19.180+0000] {logging_mixin.py:120} INFO - [2023-10-06T23:01:19.180+0000] {dag.py:2585} INFO - Sync 1 DAGs
[2023-10-06T23:01:19.197+0000] {logging_mixin.py:120} INFO - [2023-10-06T23:01:19.196+0000] {dag.py:3340} INFO - Setting next_dagrun for tutorial_taskflow_api to None, run_after=None
[2023-10-06T23:01:19.210+0000] {processor.py:176} INFO - Processing /home/airflow/.local/lib/python3.7/site-packages/airflow/example_dags/tutorial_taskflow_api.py took 0.076 seconds
[2023-10-06T23:01:49.302+0000] {processor.py:154} INFO - Started process (PID=3347) to work on /home/airflow/.local/lib/python3.7/site-packages/airflow/example_dags/tutorial_taskflow_api.py
[2023-10-06T23:01:49.303+0000] {processor.py:756} INFO - Processing file /home/airflow/.local/lib/python3.7/site-packages/airflow/example_dags/tutorial_taskflow_api.py for tasks to queue
[2023-10-06T23:01:49.303+0000] {logging_mixin.py:120} INFO - [2023-10-06T23:01:49.303+0000] {dagbag.py:537} INFO - Filling up the DagBag from /home/airflow/.local/lib/python3.7/site-packages/airflow/example_dags/tutorial_taskflow_api.py
[2023-10-06T23:01:49.317+0000] {processor.py:766} INFO - DAG(s) dict_keys(['tutorial_taskflow_api']) retrieved from /home/airflow/.local/lib/python3.7/site-packages/airflow/example_dags/tutorial_taskflow_api.py
[2023-10-06T23:01:49.345+0000] {logging_mixin.py:120} INFO - [2023-10-06T23:01:49.345+0000] {dag.py:2585} INFO - Sync 1 DAGs
[2023-10-06T23:01:49.362+0000] {logging_mixin.py:120} INFO - [2023-10-06T23:01:49.362+0000] {dag.py:3340} INFO - Setting next_dagrun for tutorial_taskflow_api to None, run_after=None
[2023-10-06T23:01:49.376+0000] {processor.py:176} INFO - Processing /home/airflow/.local/lib/python3.7/site-packages/airflow/example_dags/tutorial_taskflow_api.py took 0.075 seconds
[2023-10-06T23:02:20.378+0000] {processor.py:154} INFO - Started process (PID=3411) to work on /home/airflow/.local/lib/python3.7/site-packages/airflow/example_dags/tutorial_taskflow_api.py
[2023-10-06T23:02:20.379+0000] {processor.py:756} INFO - Processing file /home/airflow/.local/lib/python3.7/site-packages/airflow/example_dags/tutorial_taskflow_api.py for tasks to queue
[2023-10-06T23:02:20.379+0000] {logging_mixin.py:120} INFO - [2023-10-06T23:02:20.379+0000] {dagbag.py:537} INFO - Filling up the DagBag from /home/airflow/.local/lib/python3.7/site-packages/airflow/example_dags/tutorial_taskflow_api.py
[2023-10-06T23:02:20.394+0000] {processor.py:766} INFO - DAG(s) dict_keys(['tutorial_taskflow_api']) retrieved from /home/airflow/.local/lib/python3.7/site-packages/airflow/example_dags/tutorial_taskflow_api.py
[2023-10-06T23:02:20.425+0000] {logging_mixin.py:120} INFO - [2023-10-06T23:02:20.425+0000] {dag.py:2585} INFO - Sync 1 DAGs
[2023-10-06T23:02:20.442+0000] {logging_mixin.py:120} INFO - [2023-10-06T23:02:20.442+0000] {dag.py:3340} INFO - Setting next_dagrun for tutorial_taskflow_api to None, run_after=None
[2023-10-06T23:02:20.459+0000] {processor.py:176} INFO - Processing /home/airflow/.local/lib/python3.7/site-packages/airflow/example_dags/tutorial_taskflow_api.py took 0.083 seconds
[2023-10-06T23:02:50.613+0000] {processor.py:154} INFO - Started process (PID=3466) to work on /home/airflow/.local/lib/python3.7/site-packages/airflow/example_dags/tutorial_taskflow_api.py
[2023-10-06T23:02:50.614+0000] {processor.py:756} INFO - Processing file /home/airflow/.local/lib/python3.7/site-packages/airflow/example_dags/tutorial_taskflow_api.py for tasks to queue
[2023-10-06T23:02:50.614+0000] {logging_mixin.py:120} INFO - [2023-10-06T23:02:50.614+0000] {dagbag.py:537} INFO - Filling up the DagBag from /home/airflow/.local/lib/python3.7/site-packages/airflow/example_dags/tutorial_taskflow_api.py
[2023-10-06T23:02:50.629+0000] {processor.py:766} INFO - DAG(s) dict_keys(['tutorial_taskflow_api']) retrieved from /home/airflow/.local/lib/python3.7/site-packages/airflow/example_dags/tutorial_taskflow_api.py
[2023-10-06T23:02:50.657+0000] {logging_mixin.py:120} INFO - [2023-10-06T23:02:50.657+0000] {dag.py:2585} INFO - Sync 1 DAGs
[2023-10-06T23:02:50.674+0000] {logging_mixin.py:120} INFO - [2023-10-06T23:02:50.674+0000] {dag.py:3340} INFO - Setting next_dagrun for tutorial_taskflow_api to None, run_after=None
[2023-10-06T23:02:50.690+0000] {processor.py:176} INFO - Processing /home/airflow/.local/lib/python3.7/site-packages/airflow/example_dags/tutorial_taskflow_api.py took 0.079 seconds
[2023-10-06T23:03:21.755+0000] {processor.py:154} INFO - Started process (PID=3530) to work on /home/airflow/.local/lib/python3.7/site-packages/airflow/example_dags/tutorial_taskflow_api.py
[2023-10-06T23:03:21.756+0000] {processor.py:756} INFO - Processing file /home/airflow/.local/lib/python3.7/site-packages/airflow/example_dags/tutorial_taskflow_api.py for tasks to queue
[2023-10-06T23:03:21.757+0000] {logging_mixin.py:120} INFO - [2023-10-06T23:03:21.757+0000] {dagbag.py:537} INFO - Filling up the DagBag from /home/airflow/.local/lib/python3.7/site-packages/airflow/example_dags/tutorial_taskflow_api.py
[2023-10-06T23:03:21.772+0000] {processor.py:766} INFO - DAG(s) dict_keys(['tutorial_taskflow_api']) retrieved from /home/airflow/.local/lib/python3.7/site-packages/airflow/example_dags/tutorial_taskflow_api.py
[2023-10-06T23:03:21.803+0000] {logging_mixin.py:120} INFO - [2023-10-06T23:03:21.803+0000] {dag.py:2585} INFO - Sync 1 DAGs
[2023-10-06T23:03:21.822+0000] {logging_mixin.py:120} INFO - [2023-10-06T23:03:21.822+0000] {dag.py:3340} INFO - Setting next_dagrun for tutorial_taskflow_api to None, run_after=None
[2023-10-06T23:03:21.839+0000] {processor.py:176} INFO - Processing /home/airflow/.local/lib/python3.7/site-packages/airflow/example_dags/tutorial_taskflow_api.py took 0.086 seconds
[2023-10-06T23:03:51.984+0000] {processor.py:154} INFO - Started process (PID=3594) to work on /home/airflow/.local/lib/python3.7/site-packages/airflow/example_dags/tutorial_taskflow_api.py
[2023-10-06T23:03:51.984+0000] {processor.py:756} INFO - Processing file /home/airflow/.local/lib/python3.7/site-packages/airflow/example_dags/tutorial_taskflow_api.py for tasks to queue
[2023-10-06T23:03:51.985+0000] {logging_mixin.py:120} INFO - [2023-10-06T23:03:51.984+0000] {dagbag.py:537} INFO - Filling up the DagBag from /home/airflow/.local/lib/python3.7/site-packages/airflow/example_dags/tutorial_taskflow_api.py
[2023-10-06T23:03:52.000+0000] {processor.py:766} INFO - DAG(s) dict_keys(['tutorial_taskflow_api']) retrieved from /home/airflow/.local/lib/python3.7/site-packages/airflow/example_dags/tutorial_taskflow_api.py
[2023-10-06T23:03:52.033+0000] {logging_mixin.py:120} INFO - [2023-10-06T23:03:52.033+0000] {dag.py:2585} INFO - Sync 1 DAGs
[2023-10-06T23:03:52.050+0000] {logging_mixin.py:120} INFO - [2023-10-06T23:03:52.050+0000] {dag.py:3340} INFO - Setting next_dagrun for tutorial_taskflow_api to None, run_after=None
[2023-10-06T23:03:52.063+0000] {processor.py:176} INFO - Processing /home/airflow/.local/lib/python3.7/site-packages/airflow/example_dags/tutorial_taskflow_api.py took 0.082 seconds
[2023-10-06T23:04:22.953+0000] {processor.py:154} INFO - Started process (PID=3658) to work on /home/airflow/.local/lib/python3.7/site-packages/airflow/example_dags/tutorial_taskflow_api.py
[2023-10-06T23:04:22.954+0000] {processor.py:756} INFO - Processing file /home/airflow/.local/lib/python3.7/site-packages/airflow/example_dags/tutorial_taskflow_api.py for tasks to queue
[2023-10-06T23:04:22.955+0000] {logging_mixin.py:120} INFO - [2023-10-06T23:04:22.954+0000] {dagbag.py:537} INFO - Filling up the DagBag from /home/airflow/.local/lib/python3.7/site-packages/airflow/example_dags/tutorial_taskflow_api.py
[2023-10-06T23:04:22.969+0000] {processor.py:766} INFO - DAG(s) dict_keys(['tutorial_taskflow_api']) retrieved from /home/airflow/.local/lib/python3.7/site-packages/airflow/example_dags/tutorial_taskflow_api.py
[2023-10-06T23:04:22.999+0000] {logging_mixin.py:120} INFO - [2023-10-06T23:04:22.998+0000] {dag.py:2585} INFO - Sync 1 DAGs
[2023-10-06T23:04:23.015+0000] {logging_mixin.py:120} INFO - [2023-10-06T23:04:23.015+0000] {dag.py:3340} INFO - Setting next_dagrun for tutorial_taskflow_api to None, run_after=None
[2023-10-06T23:04:23.031+0000] {processor.py:176} INFO - Processing /home/airflow/.local/lib/python3.7/site-packages/airflow/example_dags/tutorial_taskflow_api.py took 0.080 seconds
[2023-10-06T23:04:53.266+0000] {processor.py:154} INFO - Started process (PID=3714) to work on /home/airflow/.local/lib/python3.7/site-packages/airflow/example_dags/tutorial_taskflow_api.py
[2023-10-06T23:04:53.267+0000] {processor.py:756} INFO - Processing file /home/airflow/.local/lib/python3.7/site-packages/airflow/example_dags/tutorial_taskflow_api.py for tasks to queue
[2023-10-06T23:04:53.267+0000] {logging_mixin.py:120} INFO - [2023-10-06T23:04:53.267+0000] {dagbag.py:537} INFO - Filling up the DagBag from /home/airflow/.local/lib/python3.7/site-packages/airflow/example_dags/tutorial_taskflow_api.py
[2023-10-06T23:04:53.281+0000] {processor.py:766} INFO - DAG(s) dict_keys(['tutorial_taskflow_api']) retrieved from /home/airflow/.local/lib/python3.7/site-packages/airflow/example_dags/tutorial_taskflow_api.py
[2023-10-06T23:04:53.312+0000] {logging_mixin.py:120} INFO - [2023-10-06T23:04:53.312+0000] {dag.py:2585} INFO - Sync 1 DAGs
[2023-10-06T23:04:53.328+0000] {logging_mixin.py:120} INFO - [2023-10-06T23:04:53.328+0000] {dag.py:3340} INFO - Setting next_dagrun for tutorial_taskflow_api to None, run_after=None
[2023-10-06T23:04:53.344+0000] {processor.py:176} INFO - Processing /home/airflow/.local/lib/python3.7/site-packages/airflow/example_dags/tutorial_taskflow_api.py took 0.079 seconds
[2023-10-06T23:05:23.362+0000] {processor.py:154} INFO - Started process (PID=3778) to work on /home/airflow/.local/lib/python3.7/site-packages/airflow/example_dags/tutorial_taskflow_api.py
[2023-10-06T23:05:23.363+0000] {processor.py:756} INFO - Processing file /home/airflow/.local/lib/python3.7/site-packages/airflow/example_dags/tutorial_taskflow_api.py for tasks to queue
[2023-10-06T23:05:23.364+0000] {logging_mixin.py:120} INFO - [2023-10-06T23:05:23.363+0000] {dagbag.py:537} INFO - Filling up the DagBag from /home/airflow/.local/lib/python3.7/site-packages/airflow/example_dags/tutorial_taskflow_api.py
[2023-10-06T23:05:23.378+0000] {processor.py:766} INFO - DAG(s) dict_keys(['tutorial_taskflow_api']) retrieved from /home/airflow/.local/lib/python3.7/site-packages/airflow/example_dags/tutorial_taskflow_api.py
[2023-10-06T23:05:23.408+0000] {logging_mixin.py:120} INFO - [2023-10-06T23:05:23.408+0000] {dag.py:2585} INFO - Sync 1 DAGs
[2023-10-06T23:05:23.424+0000] {logging_mixin.py:120} INFO - [2023-10-06T23:05:23.424+0000] {dag.py:3340} INFO - Setting next_dagrun for tutorial_taskflow_api to None, run_after=None
[2023-10-06T23:05:23.439+0000] {processor.py:176} INFO - Processing /home/airflow/.local/lib/python3.7/site-packages/airflow/example_dags/tutorial_taskflow_api.py took 0.079 seconds
[2023-10-06T23:05:53.598+0000] {processor.py:154} INFO - Started process (PID=3842) to work on /home/airflow/.local/lib/python3.7/site-packages/airflow/example_dags/tutorial_taskflow_api.py
[2023-10-06T23:05:53.598+0000] {processor.py:756} INFO - Processing file /home/airflow/.local/lib/python3.7/site-packages/airflow/example_dags/tutorial_taskflow_api.py for tasks to queue
[2023-10-06T23:05:53.599+0000] {logging_mixin.py:120} INFO - [2023-10-06T23:05:53.599+0000] {dagbag.py:537} INFO - Filling up the DagBag from /home/airflow/.local/lib/python3.7/site-packages/airflow/example_dags/tutorial_taskflow_api.py
[2023-10-06T23:05:53.612+0000] {processor.py:766} INFO - DAG(s) dict_keys(['tutorial_taskflow_api']) retrieved from /home/airflow/.local/lib/python3.7/site-packages/airflow/example_dags/tutorial_taskflow_api.py
[2023-10-06T23:05:53.641+0000] {logging_mixin.py:120} INFO - [2023-10-06T23:05:53.641+0000] {dag.py:2585} INFO - Sync 1 DAGs
[2023-10-06T23:05:53.657+0000] {logging_mixin.py:120} INFO - [2023-10-06T23:05:53.657+0000] {dag.py:3340} INFO - Setting next_dagrun for tutorial_taskflow_api to None, run_after=None
[2023-10-06T23:05:53.672+0000] {processor.py:176} INFO - Processing /home/airflow/.local/lib/python3.7/site-packages/airflow/example_dags/tutorial_taskflow_api.py took 0.076 seconds
[2023-10-06T23:06:23.829+0000] {processor.py:154} INFO - Started process (PID=3907) to work on /home/airflow/.local/lib/python3.7/site-packages/airflow/example_dags/tutorial_taskflow_api.py
[2023-10-06T23:06:23.830+0000] {processor.py:756} INFO - Processing file /home/airflow/.local/lib/python3.7/site-packages/airflow/example_dags/tutorial_taskflow_api.py for tasks to queue
[2023-10-06T23:06:23.830+0000] {logging_mixin.py:120} INFO - [2023-10-06T23:06:23.830+0000] {dagbag.py:537} INFO - Filling up the DagBag from /home/airflow/.local/lib/python3.7/site-packages/airflow/example_dags/tutorial_taskflow_api.py
[2023-10-06T23:06:23.844+0000] {processor.py:766} INFO - DAG(s) dict_keys(['tutorial_taskflow_api']) retrieved from /home/airflow/.local/lib/python3.7/site-packages/airflow/example_dags/tutorial_taskflow_api.py
[2023-10-06T23:06:23.872+0000] {logging_mixin.py:120} INFO - [2023-10-06T23:06:23.872+0000] {dag.py:2585} INFO - Sync 1 DAGs
[2023-10-06T23:06:23.888+0000] {logging_mixin.py:120} INFO - [2023-10-06T23:06:23.888+0000] {dag.py:3340} INFO - Setting next_dagrun for tutorial_taskflow_api to None, run_after=None
[2023-10-06T23:06:23.902+0000] {processor.py:176} INFO - Processing /home/airflow/.local/lib/python3.7/site-packages/airflow/example_dags/tutorial_taskflow_api.py took 0.075 seconds
[2023-10-06T23:06:54.013+0000] {processor.py:154} INFO - Started process (PID=3961) to work on /home/airflow/.local/lib/python3.7/site-packages/airflow/example_dags/tutorial_taskflow_api.py
[2023-10-06T23:06:54.014+0000] {processor.py:756} INFO - Processing file /home/airflow/.local/lib/python3.7/site-packages/airflow/example_dags/tutorial_taskflow_api.py for tasks to queue
[2023-10-06T23:06:54.015+0000] {logging_mixin.py:120} INFO - [2023-10-06T23:06:54.014+0000] {dagbag.py:537} INFO - Filling up the DagBag from /home/airflow/.local/lib/python3.7/site-packages/airflow/example_dags/tutorial_taskflow_api.py
[2023-10-06T23:06:54.029+0000] {processor.py:766} INFO - DAG(s) dict_keys(['tutorial_taskflow_api']) retrieved from /home/airflow/.local/lib/python3.7/site-packages/airflow/example_dags/tutorial_taskflow_api.py
[2023-10-06T23:06:54.059+0000] {logging_mixin.py:120} INFO - [2023-10-06T23:06:54.059+0000] {dag.py:2585} INFO - Sync 1 DAGs
[2023-10-06T23:06:54.074+0000] {logging_mixin.py:120} INFO - [2023-10-06T23:06:54.074+0000] {dag.py:3340} INFO - Setting next_dagrun for tutorial_taskflow_api to None, run_after=None
[2023-10-06T23:06:54.090+0000] {processor.py:176} INFO - Processing /home/airflow/.local/lib/python3.7/site-packages/airflow/example_dags/tutorial_taskflow_api.py took 0.079 seconds
[2023-10-06T23:07:24.151+0000] {processor.py:154} INFO - Started process (PID=4026) to work on /home/airflow/.local/lib/python3.7/site-packages/airflow/example_dags/tutorial_taskflow_api.py
[2023-10-06T23:07:24.152+0000] {processor.py:756} INFO - Processing file /home/airflow/.local/lib/python3.7/site-packages/airflow/example_dags/tutorial_taskflow_api.py for tasks to queue
[2023-10-06T23:07:24.152+0000] {logging_mixin.py:120} INFO - [2023-10-06T23:07:24.152+0000] {dagbag.py:537} INFO - Filling up the DagBag from /home/airflow/.local/lib/python3.7/site-packages/airflow/example_dags/tutorial_taskflow_api.py
[2023-10-06T23:07:24.165+0000] {processor.py:766} INFO - DAG(s) dict_keys(['tutorial_taskflow_api']) retrieved from /home/airflow/.local/lib/python3.7/site-packages/airflow/example_dags/tutorial_taskflow_api.py
[2023-10-06T23:07:24.195+0000] {logging_mixin.py:120} INFO - [2023-10-06T23:07:24.195+0000] {dag.py:2585} INFO - Sync 1 DAGs
[2023-10-06T23:07:24.212+0000] {logging_mixin.py:120} INFO - [2023-10-06T23:07:24.212+0000] {dag.py:3340} INFO - Setting next_dagrun for tutorial_taskflow_api to None, run_after=None
[2023-10-06T23:07:24.226+0000] {processor.py:176} INFO - Processing /home/airflow/.local/lib/python3.7/site-packages/airflow/example_dags/tutorial_taskflow_api.py took 0.077 seconds
[2023-10-06T23:07:54.295+0000] {processor.py:154} INFO - Started process (PID=4089) to work on /home/airflow/.local/lib/python3.7/site-packages/airflow/example_dags/tutorial_taskflow_api.py
[2023-10-06T23:07:54.296+0000] {processor.py:756} INFO - Processing file /home/airflow/.local/lib/python3.7/site-packages/airflow/example_dags/tutorial_taskflow_api.py for tasks to queue
[2023-10-06T23:07:54.296+0000] {logging_mixin.py:120} INFO - [2023-10-06T23:07:54.296+0000] {dagbag.py:537} INFO - Filling up the DagBag from /home/airflow/.local/lib/python3.7/site-packages/airflow/example_dags/tutorial_taskflow_api.py
[2023-10-06T23:07:54.310+0000] {processor.py:766} INFO - DAG(s) dict_keys(['tutorial_taskflow_api']) retrieved from /home/airflow/.local/lib/python3.7/site-packages/airflow/example_dags/tutorial_taskflow_api.py
[2023-10-06T23:07:54.337+0000] {logging_mixin.py:120} INFO - [2023-10-06T23:07:54.337+0000] {dag.py:2585} INFO - Sync 1 DAGs
[2023-10-06T23:07:54.353+0000] {logging_mixin.py:120} INFO - [2023-10-06T23:07:54.353+0000] {dag.py:3340} INFO - Setting next_dagrun for tutorial_taskflow_api to None, run_after=None
[2023-10-06T23:07:54.366+0000] {processor.py:176} INFO - Processing /home/airflow/.local/lib/python3.7/site-packages/airflow/example_dags/tutorial_taskflow_api.py took 0.073 seconds
[2023-10-06T23:08:24.449+0000] {processor.py:154} INFO - Started process (PID=4153) to work on /home/airflow/.local/lib/python3.7/site-packages/airflow/example_dags/tutorial_taskflow_api.py
[2023-10-06T23:08:24.450+0000] {processor.py:756} INFO - Processing file /home/airflow/.local/lib/python3.7/site-packages/airflow/example_dags/tutorial_taskflow_api.py for tasks to queue
[2023-10-06T23:08:24.450+0000] {logging_mixin.py:120} INFO - [2023-10-06T23:08:24.450+0000] {dagbag.py:537} INFO - Filling up the DagBag from /home/airflow/.local/lib/python3.7/site-packages/airflow/example_dags/tutorial_taskflow_api.py
[2023-10-06T23:08:24.464+0000] {processor.py:766} INFO - DAG(s) dict_keys(['tutorial_taskflow_api']) retrieved from /home/airflow/.local/lib/python3.7/site-packages/airflow/example_dags/tutorial_taskflow_api.py
[2023-10-06T23:08:24.492+0000] {logging_mixin.py:120} INFO - [2023-10-06T23:08:24.492+0000] {dag.py:2585} INFO - Sync 1 DAGs
[2023-10-06T23:08:24.509+0000] {logging_mixin.py:120} INFO - [2023-10-06T23:08:24.509+0000] {dag.py:3340} INFO - Setting next_dagrun for tutorial_taskflow_api to None, run_after=None
[2023-10-06T23:08:24.526+0000] {processor.py:176} INFO - Processing /home/airflow/.local/lib/python3.7/site-packages/airflow/example_dags/tutorial_taskflow_api.py took 0.079 seconds
