[2023-10-06T22:34:53.239+0000] {processor.py:154} INFO - Started process (PID=46) to work on /home/airflow/.local/lib/python3.7/site-packages/airflow/example_dags/tutorial_dag.py
[2023-10-06T22:34:53.239+0000] {processor.py:756} INFO - Processing file /home/airflow/.local/lib/python3.7/site-packages/airflow/example_dags/tutorial_dag.py for tasks to queue
[2023-10-06T22:34:53.240+0000] {logging_mixin.py:120} INFO - [2023-10-06T22:34:53.240+0000] {dagbag.py:537} INFO - Filling up the DagBag from /home/airflow/.local/lib/python3.7/site-packages/airflow/example_dags/tutorial_dag.py
[2023-10-06T22:34:53.260+0000] {processor.py:766} INFO - DAG(s) dict_keys(['tutorial_dag']) retrieved from /home/airflow/.local/lib/python3.7/site-packages/airflow/example_dags/tutorial_dag.py
[2023-10-06T22:34:53.300+0000] {logging_mixin.py:120} INFO - [2023-10-06T22:34:53.300+0000] {dag.py:2585} INFO - Sync 1 DAGs
[2023-10-06T22:34:53.323+0000] {logging_mixin.py:120} INFO - [2023-10-06T22:34:53.322+0000] {dag.py:3340} INFO - Setting next_dagrun for tutorial_dag to None, run_after=None
[2023-10-06T22:34:53.341+0000] {processor.py:176} INFO - Processing /home/airflow/.local/lib/python3.7/site-packages/airflow/example_dags/tutorial_dag.py took 0.106 seconds
[2023-10-06T22:35:23.806+0000] {processor.py:154} INFO - Started process (PID=109) to work on /home/airflow/.local/lib/python3.7/site-packages/airflow/example_dags/tutorial_dag.py
[2023-10-06T22:35:23.807+0000] {processor.py:756} INFO - Processing file /home/airflow/.local/lib/python3.7/site-packages/airflow/example_dags/tutorial_dag.py for tasks to queue
[2023-10-06T22:35:23.807+0000] {logging_mixin.py:120} INFO - [2023-10-06T22:35:23.807+0000] {dagbag.py:537} INFO - Filling up the DagBag from /home/airflow/.local/lib/python3.7/site-packages/airflow/example_dags/tutorial_dag.py
[2023-10-06T22:35:23.818+0000] {processor.py:766} INFO - DAG(s) dict_keys(['tutorial_dag']) retrieved from /home/airflow/.local/lib/python3.7/site-packages/airflow/example_dags/tutorial_dag.py
[2023-10-06T22:35:23.836+0000] {logging_mixin.py:120} INFO - [2023-10-06T22:35:23.836+0000] {dag.py:2585} INFO - Sync 1 DAGs
[2023-10-06T22:35:23.853+0000] {logging_mixin.py:120} INFO - [2023-10-06T22:35:23.853+0000] {dag.py:3340} INFO - Setting next_dagrun for tutorial_dag to None, run_after=None
[2023-10-06T22:35:23.869+0000] {processor.py:176} INFO - Processing /home/airflow/.local/lib/python3.7/site-packages/airflow/example_dags/tutorial_dag.py took 0.065 seconds
[2023-10-06T22:35:54.851+0000] {processor.py:154} INFO - Started process (PID=172) to work on /home/airflow/.local/lib/python3.7/site-packages/airflow/example_dags/tutorial_dag.py
[2023-10-06T22:35:54.856+0000] {processor.py:756} INFO - Processing file /home/airflow/.local/lib/python3.7/site-packages/airflow/example_dags/tutorial_dag.py for tasks to queue
[2023-10-06T22:35:54.856+0000] {logging_mixin.py:120} INFO - [2023-10-06T22:35:54.856+0000] {dagbag.py:537} INFO - Filling up the DagBag from /home/airflow/.local/lib/python3.7/site-packages/airflow/example_dags/tutorial_dag.py
[2023-10-06T22:35:54.864+0000] {processor.py:766} INFO - DAG(s) dict_keys(['tutorial_dag']) retrieved from /home/airflow/.local/lib/python3.7/site-packages/airflow/example_dags/tutorial_dag.py
[2023-10-06T22:35:54.893+0000] {logging_mixin.py:120} INFO - [2023-10-06T22:35:54.892+0000] {dag.py:2585} INFO - Sync 1 DAGs
[2023-10-06T22:35:54.908+0000] {logging_mixin.py:120} INFO - [2023-10-06T22:35:54.908+0000] {dag.py:3340} INFO - Setting next_dagrun for tutorial_dag to None, run_after=None
[2023-10-06T22:35:54.923+0000] {processor.py:176} INFO - Processing /home/airflow/.local/lib/python3.7/site-packages/airflow/example_dags/tutorial_dag.py took 0.073 seconds
[2023-10-06T22:36:25.072+0000] {processor.py:154} INFO - Started process (PID=226) to work on /home/airflow/.local/lib/python3.7/site-packages/airflow/example_dags/tutorial_dag.py
[2023-10-06T22:36:25.073+0000] {processor.py:756} INFO - Processing file /home/airflow/.local/lib/python3.7/site-packages/airflow/example_dags/tutorial_dag.py for tasks to queue
[2023-10-06T22:36:25.073+0000] {logging_mixin.py:120} INFO - [2023-10-06T22:36:25.073+0000] {dagbag.py:537} INFO - Filling up the DagBag from /home/airflow/.local/lib/python3.7/site-packages/airflow/example_dags/tutorial_dag.py
[2023-10-06T22:36:25.082+0000] {processor.py:766} INFO - DAG(s) dict_keys(['tutorial_dag']) retrieved from /home/airflow/.local/lib/python3.7/site-packages/airflow/example_dags/tutorial_dag.py
[2023-10-06T22:36:25.111+0000] {logging_mixin.py:120} INFO - [2023-10-06T22:36:25.111+0000] {dag.py:2585} INFO - Sync 1 DAGs
[2023-10-06T22:36:25.129+0000] {logging_mixin.py:120} INFO - [2023-10-06T22:36:25.129+0000] {dag.py:3340} INFO - Setting next_dagrun for tutorial_dag to None, run_after=None
[2023-10-06T22:36:25.145+0000] {processor.py:176} INFO - Processing /home/airflow/.local/lib/python3.7/site-packages/airflow/example_dags/tutorial_dag.py took 0.075 seconds
[2023-10-06T22:36:55.511+0000] {processor.py:154} INFO - Started process (PID=290) to work on /home/airflow/.local/lib/python3.7/site-packages/airflow/example_dags/tutorial_dag.py
[2023-10-06T22:36:55.525+0000] {processor.py:756} INFO - Processing file /home/airflow/.local/lib/python3.7/site-packages/airflow/example_dags/tutorial_dag.py for tasks to queue
[2023-10-06T22:36:55.529+0000] {logging_mixin.py:120} INFO - [2023-10-06T22:36:55.529+0000] {dagbag.py:537} INFO - Filling up the DagBag from /home/airflow/.local/lib/python3.7/site-packages/airflow/example_dags/tutorial_dag.py
[2023-10-06T22:36:55.610+0000] {processor.py:766} INFO - DAG(s) dict_keys(['tutorial_dag']) retrieved from /home/airflow/.local/lib/python3.7/site-packages/airflow/example_dags/tutorial_dag.py
[2023-10-06T22:36:55.724+0000] {logging_mixin.py:120} INFO - [2023-10-06T22:36:55.723+0000] {dag.py:2585} INFO - Sync 1 DAGs
[2023-10-06T22:36:55.782+0000] {logging_mixin.py:120} INFO - [2023-10-06T22:36:55.781+0000] {dag.py:3340} INFO - Setting next_dagrun for tutorial_dag to None, run_after=None
[2023-10-06T22:36:55.830+0000] {processor.py:176} INFO - Processing /home/airflow/.local/lib/python3.7/site-packages/airflow/example_dags/tutorial_dag.py took 0.385 seconds
[2023-10-06T22:37:26.346+0000] {processor.py:154} INFO - Started process (PID=353) to work on /home/airflow/.local/lib/python3.7/site-packages/airflow/example_dags/tutorial_dag.py
[2023-10-06T22:37:26.348+0000] {processor.py:756} INFO - Processing file /home/airflow/.local/lib/python3.7/site-packages/airflow/example_dags/tutorial_dag.py for tasks to queue
[2023-10-06T22:37:26.350+0000] {logging_mixin.py:120} INFO - [2023-10-06T22:37:26.349+0000] {dagbag.py:537} INFO - Filling up the DagBag from /home/airflow/.local/lib/python3.7/site-packages/airflow/example_dags/tutorial_dag.py
[2023-10-06T22:37:26.445+0000] {processor.py:766} INFO - DAG(s) dict_keys(['tutorial_dag']) retrieved from /home/airflow/.local/lib/python3.7/site-packages/airflow/example_dags/tutorial_dag.py
[2023-10-06T22:37:26.595+0000] {logging_mixin.py:120} INFO - [2023-10-06T22:37:26.595+0000] {dag.py:2585} INFO - Sync 1 DAGs
[2023-10-06T22:37:26.674+0000] {logging_mixin.py:120} INFO - [2023-10-06T22:37:26.674+0000] {dag.py:3340} INFO - Setting next_dagrun for tutorial_dag to None, run_after=None
[2023-10-06T22:37:26.708+0000] {processor.py:176} INFO - Processing /home/airflow/.local/lib/python3.7/site-packages/airflow/example_dags/tutorial_dag.py took 0.368 seconds
[2023-10-06T22:37:57.170+0000] {processor.py:154} INFO - Started process (PID=417) to work on /home/airflow/.local/lib/python3.7/site-packages/airflow/example_dags/tutorial_dag.py
[2023-10-06T22:37:57.170+0000] {processor.py:756} INFO - Processing file /home/airflow/.local/lib/python3.7/site-packages/airflow/example_dags/tutorial_dag.py for tasks to queue
[2023-10-06T22:37:57.171+0000] {logging_mixin.py:120} INFO - [2023-10-06T22:37:57.171+0000] {dagbag.py:537} INFO - Filling up the DagBag from /home/airflow/.local/lib/python3.7/site-packages/airflow/example_dags/tutorial_dag.py
[2023-10-06T22:37:57.185+0000] {processor.py:766} INFO - DAG(s) dict_keys(['tutorial_dag']) retrieved from /home/airflow/.local/lib/python3.7/site-packages/airflow/example_dags/tutorial_dag.py
[2023-10-06T22:37:57.238+0000] {logging_mixin.py:120} INFO - [2023-10-06T22:37:57.238+0000] {dag.py:2585} INFO - Sync 1 DAGs
[2023-10-06T22:37:57.258+0000] {logging_mixin.py:120} INFO - [2023-10-06T22:37:57.258+0000] {dag.py:3340} INFO - Setting next_dagrun for tutorial_dag to None, run_after=None
[2023-10-06T22:37:57.275+0000] {processor.py:176} INFO - Processing /home/airflow/.local/lib/python3.7/site-packages/airflow/example_dags/tutorial_dag.py took 0.107 seconds
[2023-10-06T22:38:27.489+0000] {processor.py:154} INFO - Started process (PID=472) to work on /home/airflow/.local/lib/python3.7/site-packages/airflow/example_dags/tutorial_dag.py
[2023-10-06T22:38:27.490+0000] {processor.py:756} INFO - Processing file /home/airflow/.local/lib/python3.7/site-packages/airflow/example_dags/tutorial_dag.py for tasks to queue
[2023-10-06T22:38:27.490+0000] {logging_mixin.py:120} INFO - [2023-10-06T22:38:27.490+0000] {dagbag.py:537} INFO - Filling up the DagBag from /home/airflow/.local/lib/python3.7/site-packages/airflow/example_dags/tutorial_dag.py
[2023-10-06T22:38:27.528+0000] {processor.py:766} INFO - DAG(s) dict_keys(['tutorial_dag']) retrieved from /home/airflow/.local/lib/python3.7/site-packages/airflow/example_dags/tutorial_dag.py
[2023-10-06T22:38:27.563+0000] {logging_mixin.py:120} INFO - [2023-10-06T22:38:27.563+0000] {dag.py:2585} INFO - Sync 1 DAGs
[2023-10-06T22:38:27.582+0000] {logging_mixin.py:120} INFO - [2023-10-06T22:38:27.582+0000] {dag.py:3340} INFO - Setting next_dagrun for tutorial_dag to None, run_after=None
[2023-10-06T22:38:27.618+0000] {processor.py:176} INFO - Processing /home/airflow/.local/lib/python3.7/site-packages/airflow/example_dags/tutorial_dag.py took 0.131 seconds
[2023-10-06T22:38:58.226+0000] {processor.py:154} INFO - Started process (PID=535) to work on /home/airflow/.local/lib/python3.7/site-packages/airflow/example_dags/tutorial_dag.py
[2023-10-06T22:38:58.227+0000] {processor.py:756} INFO - Processing file /home/airflow/.local/lib/python3.7/site-packages/airflow/example_dags/tutorial_dag.py for tasks to queue
[2023-10-06T22:38:58.228+0000] {logging_mixin.py:120} INFO - [2023-10-06T22:38:58.228+0000] {dagbag.py:537} INFO - Filling up the DagBag from /home/airflow/.local/lib/python3.7/site-packages/airflow/example_dags/tutorial_dag.py
[2023-10-06T22:38:58.258+0000] {processor.py:766} INFO - DAG(s) dict_keys(['tutorial_dag']) retrieved from /home/airflow/.local/lib/python3.7/site-packages/airflow/example_dags/tutorial_dag.py
[2023-10-06T22:38:58.300+0000] {logging_mixin.py:120} INFO - [2023-10-06T22:38:58.300+0000] {dag.py:2585} INFO - Sync 1 DAGs
[2023-10-06T22:38:58.396+0000] {logging_mixin.py:120} INFO - [2023-10-06T22:38:58.396+0000] {dag.py:3340} INFO - Setting next_dagrun for tutorial_dag to None, run_after=None
[2023-10-06T22:38:58.443+0000] {processor.py:176} INFO - Processing /home/airflow/.local/lib/python3.7/site-packages/airflow/example_dags/tutorial_dag.py took 0.223 seconds
[2023-10-06T22:39:28.931+0000] {processor.py:154} INFO - Started process (PID=600) to work on /home/airflow/.local/lib/python3.7/site-packages/airflow/example_dags/tutorial_dag.py
[2023-10-06T22:39:28.932+0000] {processor.py:756} INFO - Processing file /home/airflow/.local/lib/python3.7/site-packages/airflow/example_dags/tutorial_dag.py for tasks to queue
[2023-10-06T22:39:28.933+0000] {logging_mixin.py:120} INFO - [2023-10-06T22:39:28.933+0000] {dagbag.py:537} INFO - Filling up the DagBag from /home/airflow/.local/lib/python3.7/site-packages/airflow/example_dags/tutorial_dag.py
[2023-10-06T22:39:28.951+0000] {processor.py:766} INFO - DAG(s) dict_keys(['tutorial_dag']) retrieved from /home/airflow/.local/lib/python3.7/site-packages/airflow/example_dags/tutorial_dag.py
[2023-10-06T22:39:29.009+0000] {logging_mixin.py:120} INFO - [2023-10-06T22:39:29.009+0000] {dag.py:2585} INFO - Sync 1 DAGs
[2023-10-06T22:39:29.047+0000] {logging_mixin.py:120} INFO - [2023-10-06T22:39:29.047+0000] {dag.py:3340} INFO - Setting next_dagrun for tutorial_dag to None, run_after=None
[2023-10-06T22:39:29.072+0000] {processor.py:176} INFO - Processing /home/airflow/.local/lib/python3.7/site-packages/airflow/example_dags/tutorial_dag.py took 0.154 seconds
[2023-10-06T22:39:59.269+0000] {processor.py:154} INFO - Started process (PID=663) to work on /home/airflow/.local/lib/python3.7/site-packages/airflow/example_dags/tutorial_dag.py
[2023-10-06T22:39:59.270+0000] {processor.py:756} INFO - Processing file /home/airflow/.local/lib/python3.7/site-packages/airflow/example_dags/tutorial_dag.py for tasks to queue
[2023-10-06T22:39:59.271+0000] {logging_mixin.py:120} INFO - [2023-10-06T22:39:59.271+0000] {dagbag.py:537} INFO - Filling up the DagBag from /home/airflow/.local/lib/python3.7/site-packages/airflow/example_dags/tutorial_dag.py
[2023-10-06T22:39:59.282+0000] {processor.py:766} INFO - DAG(s) dict_keys(['tutorial_dag']) retrieved from /home/airflow/.local/lib/python3.7/site-packages/airflow/example_dags/tutorial_dag.py
[2023-10-06T22:39:59.315+0000] {logging_mixin.py:120} INFO - [2023-10-06T22:39:59.315+0000] {dag.py:2585} INFO - Sync 1 DAGs
[2023-10-06T22:39:59.337+0000] {logging_mixin.py:120} INFO - [2023-10-06T22:39:59.336+0000] {dag.py:3340} INFO - Setting next_dagrun for tutorial_dag to None, run_after=None
[2023-10-06T22:39:59.375+0000] {processor.py:176} INFO - Processing /home/airflow/.local/lib/python3.7/site-packages/airflow/example_dags/tutorial_dag.py took 0.108 seconds
[2023-10-06T22:40:30.070+0000] {processor.py:154} INFO - Started process (PID=717) to work on /home/airflow/.local/lib/python3.7/site-packages/airflow/example_dags/tutorial_dag.py
[2023-10-06T22:40:30.071+0000] {processor.py:756} INFO - Processing file /home/airflow/.local/lib/python3.7/site-packages/airflow/example_dags/tutorial_dag.py for tasks to queue
[2023-10-06T22:40:30.071+0000] {logging_mixin.py:120} INFO - [2023-10-06T22:40:30.071+0000] {dagbag.py:537} INFO - Filling up the DagBag from /home/airflow/.local/lib/python3.7/site-packages/airflow/example_dags/tutorial_dag.py
[2023-10-06T22:40:30.081+0000] {processor.py:766} INFO - DAG(s) dict_keys(['tutorial_dag']) retrieved from /home/airflow/.local/lib/python3.7/site-packages/airflow/example_dags/tutorial_dag.py
[2023-10-06T22:40:30.114+0000] {logging_mixin.py:120} INFO - [2023-10-06T22:40:30.113+0000] {dag.py:2585} INFO - Sync 1 DAGs
[2023-10-06T22:40:30.132+0000] {logging_mixin.py:120} INFO - [2023-10-06T22:40:30.132+0000] {dag.py:3340} INFO - Setting next_dagrun for tutorial_dag to None, run_after=None
[2023-10-06T22:40:30.147+0000] {processor.py:176} INFO - Processing /home/airflow/.local/lib/python3.7/site-packages/airflow/example_dags/tutorial_dag.py took 0.080 seconds
[2023-10-06T22:41:00.656+0000] {processor.py:154} INFO - Started process (PID=780) to work on /home/airflow/.local/lib/python3.7/site-packages/airflow/example_dags/tutorial_dag.py
[2023-10-06T22:41:00.658+0000] {processor.py:756} INFO - Processing file /home/airflow/.local/lib/python3.7/site-packages/airflow/example_dags/tutorial_dag.py for tasks to queue
[2023-10-06T22:41:00.658+0000] {logging_mixin.py:120} INFO - [2023-10-06T22:41:00.658+0000] {dagbag.py:537} INFO - Filling up the DagBag from /home/airflow/.local/lib/python3.7/site-packages/airflow/example_dags/tutorial_dag.py
[2023-10-06T22:41:00.667+0000] {processor.py:766} INFO - DAG(s) dict_keys(['tutorial_dag']) retrieved from /home/airflow/.local/lib/python3.7/site-packages/airflow/example_dags/tutorial_dag.py
[2023-10-06T22:41:00.698+0000] {logging_mixin.py:120} INFO - [2023-10-06T22:41:00.697+0000] {dag.py:2585} INFO - Sync 1 DAGs
[2023-10-06T22:41:00.714+0000] {logging_mixin.py:120} INFO - [2023-10-06T22:41:00.714+0000] {dag.py:3340} INFO - Setting next_dagrun for tutorial_dag to None, run_after=None
[2023-10-06T22:41:00.733+0000] {processor.py:176} INFO - Processing /home/airflow/.local/lib/python3.7/site-packages/airflow/example_dags/tutorial_dag.py took 0.079 seconds
[2023-10-06T22:41:31.186+0000] {processor.py:154} INFO - Started process (PID=843) to work on /home/airflow/.local/lib/python3.7/site-packages/airflow/example_dags/tutorial_dag.py
[2023-10-06T22:41:31.186+0000] {processor.py:756} INFO - Processing file /home/airflow/.local/lib/python3.7/site-packages/airflow/example_dags/tutorial_dag.py for tasks to queue
[2023-10-06T22:41:31.187+0000] {logging_mixin.py:120} INFO - [2023-10-06T22:41:31.187+0000] {dagbag.py:537} INFO - Filling up the DagBag from /home/airflow/.local/lib/python3.7/site-packages/airflow/example_dags/tutorial_dag.py
[2023-10-06T22:41:31.195+0000] {processor.py:766} INFO - DAG(s) dict_keys(['tutorial_dag']) retrieved from /home/airflow/.local/lib/python3.7/site-packages/airflow/example_dags/tutorial_dag.py
[2023-10-06T22:41:31.223+0000] {logging_mixin.py:120} INFO - [2023-10-06T22:41:31.223+0000] {dag.py:2585} INFO - Sync 1 DAGs
[2023-10-06T22:41:31.240+0000] {logging_mixin.py:120} INFO - [2023-10-06T22:41:31.240+0000] {dag.py:3340} INFO - Setting next_dagrun for tutorial_dag to None, run_after=None
[2023-10-06T22:41:31.259+0000] {processor.py:176} INFO - Processing /home/airflow/.local/lib/python3.7/site-packages/airflow/example_dags/tutorial_dag.py took 0.075 seconds
[2023-10-06T22:42:01.458+0000] {processor.py:154} INFO - Started process (PID=906) to work on /home/airflow/.local/lib/python3.7/site-packages/airflow/example_dags/tutorial_dag.py
[2023-10-06T22:42:01.460+0000] {processor.py:756} INFO - Processing file /home/airflow/.local/lib/python3.7/site-packages/airflow/example_dags/tutorial_dag.py for tasks to queue
[2023-10-06T22:42:01.461+0000] {logging_mixin.py:120} INFO - [2023-10-06T22:42:01.460+0000] {dagbag.py:537} INFO - Filling up the DagBag from /home/airflow/.local/lib/python3.7/site-packages/airflow/example_dags/tutorial_dag.py
[2023-10-06T22:42:01.478+0000] {processor.py:766} INFO - DAG(s) dict_keys(['tutorial_dag']) retrieved from /home/airflow/.local/lib/python3.7/site-packages/airflow/example_dags/tutorial_dag.py
[2023-10-06T22:42:01.516+0000] {logging_mixin.py:120} INFO - [2023-10-06T22:42:01.516+0000] {dag.py:2585} INFO - Sync 1 DAGs
[2023-10-06T22:42:01.547+0000] {logging_mixin.py:120} INFO - [2023-10-06T22:42:01.547+0000] {dag.py:3340} INFO - Setting next_dagrun for tutorial_dag to None, run_after=None
[2023-10-06T22:42:01.576+0000] {processor.py:176} INFO - Processing /home/airflow/.local/lib/python3.7/site-packages/airflow/example_dags/tutorial_dag.py took 0.120 seconds
[2023-10-06T22:42:32.078+0000] {processor.py:154} INFO - Started process (PID=960) to work on /home/airflow/.local/lib/python3.7/site-packages/airflow/example_dags/tutorial_dag.py
[2023-10-06T22:42:32.080+0000] {processor.py:756} INFO - Processing file /home/airflow/.local/lib/python3.7/site-packages/airflow/example_dags/tutorial_dag.py for tasks to queue
[2023-10-06T22:42:32.080+0000] {logging_mixin.py:120} INFO - [2023-10-06T22:42:32.080+0000] {dagbag.py:537} INFO - Filling up the DagBag from /home/airflow/.local/lib/python3.7/site-packages/airflow/example_dags/tutorial_dag.py
[2023-10-06T22:42:32.089+0000] {processor.py:766} INFO - DAG(s) dict_keys(['tutorial_dag']) retrieved from /home/airflow/.local/lib/python3.7/site-packages/airflow/example_dags/tutorial_dag.py
[2023-10-06T22:42:32.121+0000] {logging_mixin.py:120} INFO - [2023-10-06T22:42:32.121+0000] {dag.py:2585} INFO - Sync 1 DAGs
[2023-10-06T22:42:32.139+0000] {logging_mixin.py:120} INFO - [2023-10-06T22:42:32.139+0000] {dag.py:3340} INFO - Setting next_dagrun for tutorial_dag to None, run_after=None
[2023-10-06T22:42:32.155+0000] {processor.py:176} INFO - Processing /home/airflow/.local/lib/python3.7/site-packages/airflow/example_dags/tutorial_dag.py took 0.079 seconds
[2023-10-06T22:43:02.425+0000] {processor.py:154} INFO - Started process (PID=1024) to work on /home/airflow/.local/lib/python3.7/site-packages/airflow/example_dags/tutorial_dag.py
[2023-10-06T22:43:02.429+0000] {processor.py:756} INFO - Processing file /home/airflow/.local/lib/python3.7/site-packages/airflow/example_dags/tutorial_dag.py for tasks to queue
[2023-10-06T22:43:02.429+0000] {logging_mixin.py:120} INFO - [2023-10-06T22:43:02.429+0000] {dagbag.py:537} INFO - Filling up the DagBag from /home/airflow/.local/lib/python3.7/site-packages/airflow/example_dags/tutorial_dag.py
[2023-10-06T22:43:02.438+0000] {processor.py:766} INFO - DAG(s) dict_keys(['tutorial_dag']) retrieved from /home/airflow/.local/lib/python3.7/site-packages/airflow/example_dags/tutorial_dag.py
[2023-10-06T22:43:02.468+0000] {logging_mixin.py:120} INFO - [2023-10-06T22:43:02.468+0000] {dag.py:2585} INFO - Sync 1 DAGs
[2023-10-06T22:43:02.484+0000] {logging_mixin.py:120} INFO - [2023-10-06T22:43:02.484+0000] {dag.py:3340} INFO - Setting next_dagrun for tutorial_dag to None, run_after=None
[2023-10-06T22:43:02.504+0000] {processor.py:176} INFO - Processing /home/airflow/.local/lib/python3.7/site-packages/airflow/example_dags/tutorial_dag.py took 0.080 seconds
[2023-10-06T22:43:32.713+0000] {processor.py:154} INFO - Started process (PID=1088) to work on /home/airflow/.local/lib/python3.7/site-packages/airflow/example_dags/tutorial_dag.py
[2023-10-06T22:43:32.713+0000] {processor.py:756} INFO - Processing file /home/airflow/.local/lib/python3.7/site-packages/airflow/example_dags/tutorial_dag.py for tasks to queue
[2023-10-06T22:43:32.714+0000] {logging_mixin.py:120} INFO - [2023-10-06T22:43:32.713+0000] {dagbag.py:537} INFO - Filling up the DagBag from /home/airflow/.local/lib/python3.7/site-packages/airflow/example_dags/tutorial_dag.py
[2023-10-06T22:43:32.722+0000] {processor.py:766} INFO - DAG(s) dict_keys(['tutorial_dag']) retrieved from /home/airflow/.local/lib/python3.7/site-packages/airflow/example_dags/tutorial_dag.py
[2023-10-06T22:43:32.749+0000] {logging_mixin.py:120} INFO - [2023-10-06T22:43:32.749+0000] {dag.py:2585} INFO - Sync 1 DAGs
[2023-10-06T22:43:32.766+0000] {logging_mixin.py:120} INFO - [2023-10-06T22:43:32.766+0000] {dag.py:3340} INFO - Setting next_dagrun for tutorial_dag to None, run_after=None
[2023-10-06T22:43:32.780+0000] {processor.py:176} INFO - Processing /home/airflow/.local/lib/python3.7/site-packages/airflow/example_dags/tutorial_dag.py took 0.070 seconds
[2023-10-06T22:44:03.064+0000] {processor.py:154} INFO - Started process (PID=1150) to work on /home/airflow/.local/lib/python3.7/site-packages/airflow/example_dags/tutorial_dag.py
[2023-10-06T22:44:03.067+0000] {processor.py:756} INFO - Processing file /home/airflow/.local/lib/python3.7/site-packages/airflow/example_dags/tutorial_dag.py for tasks to queue
[2023-10-06T22:44:03.068+0000] {logging_mixin.py:120} INFO - [2023-10-06T22:44:03.068+0000] {dagbag.py:537} INFO - Filling up the DagBag from /home/airflow/.local/lib/python3.7/site-packages/airflow/example_dags/tutorial_dag.py
[2023-10-06T22:44:03.076+0000] {processor.py:766} INFO - DAG(s) dict_keys(['tutorial_dag']) retrieved from /home/airflow/.local/lib/python3.7/site-packages/airflow/example_dags/tutorial_dag.py
[2023-10-06T22:44:03.105+0000] {logging_mixin.py:120} INFO - [2023-10-06T22:44:03.105+0000] {dag.py:2585} INFO - Sync 1 DAGs
[2023-10-06T22:44:03.121+0000] {logging_mixin.py:120} INFO - [2023-10-06T22:44:03.121+0000] {dag.py:3340} INFO - Setting next_dagrun for tutorial_dag to None, run_after=None
[2023-10-06T22:44:03.141+0000] {processor.py:176} INFO - Processing /home/airflow/.local/lib/python3.7/site-packages/airflow/example_dags/tutorial_dag.py took 0.078 seconds
[2023-10-06T22:44:33.370+0000] {processor.py:154} INFO - Started process (PID=1205) to work on /home/airflow/.local/lib/python3.7/site-packages/airflow/example_dags/tutorial_dag.py
[2023-10-06T22:44:33.371+0000] {processor.py:756} INFO - Processing file /home/airflow/.local/lib/python3.7/site-packages/airflow/example_dags/tutorial_dag.py for tasks to queue
[2023-10-06T22:44:33.372+0000] {logging_mixin.py:120} INFO - [2023-10-06T22:44:33.372+0000] {dagbag.py:537} INFO - Filling up the DagBag from /home/airflow/.local/lib/python3.7/site-packages/airflow/example_dags/tutorial_dag.py
[2023-10-06T22:44:33.380+0000] {processor.py:766} INFO - DAG(s) dict_keys(['tutorial_dag']) retrieved from /home/airflow/.local/lib/python3.7/site-packages/airflow/example_dags/tutorial_dag.py
[2023-10-06T22:44:33.411+0000] {logging_mixin.py:120} INFO - [2023-10-06T22:44:33.411+0000] {dag.py:2585} INFO - Sync 1 DAGs
[2023-10-06T22:44:33.428+0000] {logging_mixin.py:120} INFO - [2023-10-06T22:44:33.428+0000] {dag.py:3340} INFO - Setting next_dagrun for tutorial_dag to None, run_after=None
[2023-10-06T22:44:33.443+0000] {processor.py:176} INFO - Processing /home/airflow/.local/lib/python3.7/site-packages/airflow/example_dags/tutorial_dag.py took 0.075 seconds
[2023-10-06T22:45:03.833+0000] {processor.py:154} INFO - Started process (PID=1269) to work on /home/airflow/.local/lib/python3.7/site-packages/airflow/example_dags/tutorial_dag.py
[2023-10-06T22:45:03.835+0000] {processor.py:756} INFO - Processing file /home/airflow/.local/lib/python3.7/site-packages/airflow/example_dags/tutorial_dag.py for tasks to queue
[2023-10-06T22:45:03.836+0000] {logging_mixin.py:120} INFO - [2023-10-06T22:45:03.836+0000] {dagbag.py:537} INFO - Filling up the DagBag from /home/airflow/.local/lib/python3.7/site-packages/airflow/example_dags/tutorial_dag.py
[2023-10-06T22:45:03.845+0000] {processor.py:766} INFO - DAG(s) dict_keys(['tutorial_dag']) retrieved from /home/airflow/.local/lib/python3.7/site-packages/airflow/example_dags/tutorial_dag.py
[2023-10-06T22:45:03.875+0000] {logging_mixin.py:120} INFO - [2023-10-06T22:45:03.875+0000] {dag.py:2585} INFO - Sync 1 DAGs
[2023-10-06T22:45:03.891+0000] {logging_mixin.py:120} INFO - [2023-10-06T22:45:03.891+0000] {dag.py:3340} INFO - Setting next_dagrun for tutorial_dag to None, run_after=None
[2023-10-06T22:45:03.908+0000] {processor.py:176} INFO - Processing /home/airflow/.local/lib/python3.7/site-packages/airflow/example_dags/tutorial_dag.py took 0.076 seconds
[2023-10-06T22:45:34.179+0000] {processor.py:154} INFO - Started process (PID=1333) to work on /home/airflow/.local/lib/python3.7/site-packages/airflow/example_dags/tutorial_dag.py
[2023-10-06T22:45:34.180+0000] {processor.py:756} INFO - Processing file /home/airflow/.local/lib/python3.7/site-packages/airflow/example_dags/tutorial_dag.py for tasks to queue
[2023-10-06T22:45:34.180+0000] {logging_mixin.py:120} INFO - [2023-10-06T22:45:34.180+0000] {dagbag.py:537} INFO - Filling up the DagBag from /home/airflow/.local/lib/python3.7/site-packages/airflow/example_dags/tutorial_dag.py
[2023-10-06T22:45:34.190+0000] {processor.py:766} INFO - DAG(s) dict_keys(['tutorial_dag']) retrieved from /home/airflow/.local/lib/python3.7/site-packages/airflow/example_dags/tutorial_dag.py
[2023-10-06T22:45:34.222+0000] {logging_mixin.py:120} INFO - [2023-10-06T22:45:34.222+0000] {dag.py:2585} INFO - Sync 1 DAGs
[2023-10-06T22:45:34.242+0000] {logging_mixin.py:120} INFO - [2023-10-06T22:45:34.242+0000] {dag.py:3340} INFO - Setting next_dagrun for tutorial_dag to None, run_after=None
[2023-10-06T22:45:34.260+0000] {processor.py:176} INFO - Processing /home/airflow/.local/lib/python3.7/site-packages/airflow/example_dags/tutorial_dag.py took 0.084 seconds
[2023-10-06T22:46:04.454+0000] {processor.py:154} INFO - Started process (PID=1397) to work on /home/airflow/.local/lib/python3.7/site-packages/airflow/example_dags/tutorial_dag.py
[2023-10-06T22:46:04.455+0000] {processor.py:756} INFO - Processing file /home/airflow/.local/lib/python3.7/site-packages/airflow/example_dags/tutorial_dag.py for tasks to queue
[2023-10-06T22:46:04.456+0000] {logging_mixin.py:120} INFO - [2023-10-06T22:46:04.455+0000] {dagbag.py:537} INFO - Filling up the DagBag from /home/airflow/.local/lib/python3.7/site-packages/airflow/example_dags/tutorial_dag.py
[2023-10-06T22:46:04.465+0000] {processor.py:766} INFO - DAG(s) dict_keys(['tutorial_dag']) retrieved from /home/airflow/.local/lib/python3.7/site-packages/airflow/example_dags/tutorial_dag.py
[2023-10-06T22:46:04.493+0000] {logging_mixin.py:120} INFO - [2023-10-06T22:46:04.493+0000] {dag.py:2585} INFO - Sync 1 DAGs
[2023-10-06T22:46:04.510+0000] {logging_mixin.py:120} INFO - [2023-10-06T22:46:04.510+0000] {dag.py:3340} INFO - Setting next_dagrun for tutorial_dag to None, run_after=None
[2023-10-06T22:46:04.526+0000] {processor.py:176} INFO - Processing /home/airflow/.local/lib/python3.7/site-packages/airflow/example_dags/tutorial_dag.py took 0.074 seconds
[2023-10-06T22:46:34.930+0000] {processor.py:154} INFO - Started process (PID=1452) to work on /home/airflow/.local/lib/python3.7/site-packages/airflow/example_dags/tutorial_dag.py
[2023-10-06T22:46:34.930+0000] {processor.py:756} INFO - Processing file /home/airflow/.local/lib/python3.7/site-packages/airflow/example_dags/tutorial_dag.py for tasks to queue
[2023-10-06T22:46:34.931+0000] {logging_mixin.py:120} INFO - [2023-10-06T22:46:34.930+0000] {dagbag.py:537} INFO - Filling up the DagBag from /home/airflow/.local/lib/python3.7/site-packages/airflow/example_dags/tutorial_dag.py
[2023-10-06T22:46:34.940+0000] {processor.py:766} INFO - DAG(s) dict_keys(['tutorial_dag']) retrieved from /home/airflow/.local/lib/python3.7/site-packages/airflow/example_dags/tutorial_dag.py
[2023-10-06T22:46:34.969+0000] {logging_mixin.py:120} INFO - [2023-10-06T22:46:34.969+0000] {dag.py:2585} INFO - Sync 1 DAGs
[2023-10-06T22:46:34.987+0000] {logging_mixin.py:120} INFO - [2023-10-06T22:46:34.987+0000] {dag.py:3340} INFO - Setting next_dagrun for tutorial_dag to None, run_after=None
[2023-10-06T22:46:35.007+0000] {processor.py:176} INFO - Processing /home/airflow/.local/lib/python3.7/site-packages/airflow/example_dags/tutorial_dag.py took 0.080 seconds
[2023-10-06T22:47:05.355+0000] {processor.py:154} INFO - Started process (PID=1517) to work on /home/airflow/.local/lib/python3.7/site-packages/airflow/example_dags/tutorial_dag.py
[2023-10-06T22:47:05.358+0000] {processor.py:756} INFO - Processing file /home/airflow/.local/lib/python3.7/site-packages/airflow/example_dags/tutorial_dag.py for tasks to queue
[2023-10-06T22:47:05.359+0000] {logging_mixin.py:120} INFO - [2023-10-06T22:47:05.359+0000] {dagbag.py:537} INFO - Filling up the DagBag from /home/airflow/.local/lib/python3.7/site-packages/airflow/example_dags/tutorial_dag.py
[2023-10-06T22:47:05.369+0000] {processor.py:766} INFO - DAG(s) dict_keys(['tutorial_dag']) retrieved from /home/airflow/.local/lib/python3.7/site-packages/airflow/example_dags/tutorial_dag.py
[2023-10-06T22:47:05.399+0000] {logging_mixin.py:120} INFO - [2023-10-06T22:47:05.399+0000] {dag.py:2585} INFO - Sync 1 DAGs
[2023-10-06T22:47:05.417+0000] {logging_mixin.py:120} INFO - [2023-10-06T22:47:05.416+0000] {dag.py:3340} INFO - Setting next_dagrun for tutorial_dag to None, run_after=None
[2023-10-06T22:47:05.438+0000] {processor.py:176} INFO - Processing /home/airflow/.local/lib/python3.7/site-packages/airflow/example_dags/tutorial_dag.py took 0.085 seconds
[2023-10-06T22:47:35.748+0000] {processor.py:154} INFO - Started process (PID=1580) to work on /home/airflow/.local/lib/python3.7/site-packages/airflow/example_dags/tutorial_dag.py
[2023-10-06T22:47:35.748+0000] {processor.py:756} INFO - Processing file /home/airflow/.local/lib/python3.7/site-packages/airflow/example_dags/tutorial_dag.py for tasks to queue
[2023-10-06T22:47:35.748+0000] {logging_mixin.py:120} INFO - [2023-10-06T22:47:35.748+0000] {dagbag.py:537} INFO - Filling up the DagBag from /home/airflow/.local/lib/python3.7/site-packages/airflow/example_dags/tutorial_dag.py
[2023-10-06T22:47:35.757+0000] {processor.py:766} INFO - DAG(s) dict_keys(['tutorial_dag']) retrieved from /home/airflow/.local/lib/python3.7/site-packages/airflow/example_dags/tutorial_dag.py
[2023-10-06T22:47:35.786+0000] {logging_mixin.py:120} INFO - [2023-10-06T22:47:35.786+0000] {dag.py:2585} INFO - Sync 1 DAGs
[2023-10-06T22:47:35.805+0000] {logging_mixin.py:120} INFO - [2023-10-06T22:47:35.805+0000] {dag.py:3340} INFO - Setting next_dagrun for tutorial_dag to None, run_after=None
[2023-10-06T22:47:35.820+0000] {processor.py:176} INFO - Processing /home/airflow/.local/lib/python3.7/site-packages/airflow/example_dags/tutorial_dag.py took 0.075 seconds
[2023-10-06T22:48:06.101+0000] {processor.py:154} INFO - Started process (PID=1644) to work on /home/airflow/.local/lib/python3.7/site-packages/airflow/example_dags/tutorial_dag.py
[2023-10-06T22:48:06.104+0000] {processor.py:756} INFO - Processing file /home/airflow/.local/lib/python3.7/site-packages/airflow/example_dags/tutorial_dag.py for tasks to queue
[2023-10-06T22:48:06.104+0000] {logging_mixin.py:120} INFO - [2023-10-06T22:48:06.104+0000] {dagbag.py:537} INFO - Filling up the DagBag from /home/airflow/.local/lib/python3.7/site-packages/airflow/example_dags/tutorial_dag.py
[2023-10-06T22:48:06.113+0000] {processor.py:766} INFO - DAG(s) dict_keys(['tutorial_dag']) retrieved from /home/airflow/.local/lib/python3.7/site-packages/airflow/example_dags/tutorial_dag.py
[2023-10-06T22:48:06.144+0000] {logging_mixin.py:120} INFO - [2023-10-06T22:48:06.144+0000] {dag.py:2585} INFO - Sync 1 DAGs
[2023-10-06T22:48:06.161+0000] {logging_mixin.py:120} INFO - [2023-10-06T22:48:06.161+0000] {dag.py:3340} INFO - Setting next_dagrun for tutorial_dag to None, run_after=None
[2023-10-06T22:48:06.177+0000] {processor.py:176} INFO - Processing /home/airflow/.local/lib/python3.7/site-packages/airflow/example_dags/tutorial_dag.py took 0.078 seconds
[2023-10-06T22:48:36.519+0000] {processor.py:154} INFO - Started process (PID=1698) to work on /home/airflow/.local/lib/python3.7/site-packages/airflow/example_dags/tutorial_dag.py
[2023-10-06T22:48:36.520+0000] {processor.py:756} INFO - Processing file /home/airflow/.local/lib/python3.7/site-packages/airflow/example_dags/tutorial_dag.py for tasks to queue
[2023-10-06T22:48:36.520+0000] {logging_mixin.py:120} INFO - [2023-10-06T22:48:36.520+0000] {dagbag.py:537} INFO - Filling up the DagBag from /home/airflow/.local/lib/python3.7/site-packages/airflow/example_dags/tutorial_dag.py
[2023-10-06T22:48:36.530+0000] {processor.py:766} INFO - DAG(s) dict_keys(['tutorial_dag']) retrieved from /home/airflow/.local/lib/python3.7/site-packages/airflow/example_dags/tutorial_dag.py
[2023-10-06T22:48:36.561+0000] {logging_mixin.py:120} INFO - [2023-10-06T22:48:36.561+0000] {dag.py:2585} INFO - Sync 1 DAGs
[2023-10-06T22:48:36.581+0000] {logging_mixin.py:120} INFO - [2023-10-06T22:48:36.581+0000] {dag.py:3340} INFO - Setting next_dagrun for tutorial_dag to None, run_after=None
[2023-10-06T22:48:36.600+0000] {processor.py:176} INFO - Processing /home/airflow/.local/lib/python3.7/site-packages/airflow/example_dags/tutorial_dag.py took 0.084 seconds
[2023-10-06T22:49:07.129+0000] {processor.py:154} INFO - Started process (PID=1762) to work on /home/airflow/.local/lib/python3.7/site-packages/airflow/example_dags/tutorial_dag.py
[2023-10-06T22:49:07.132+0000] {processor.py:756} INFO - Processing file /home/airflow/.local/lib/python3.7/site-packages/airflow/example_dags/tutorial_dag.py for tasks to queue
[2023-10-06T22:49:07.132+0000] {logging_mixin.py:120} INFO - [2023-10-06T22:49:07.132+0000] {dagbag.py:537} INFO - Filling up the DagBag from /home/airflow/.local/lib/python3.7/site-packages/airflow/example_dags/tutorial_dag.py
[2023-10-06T22:49:07.140+0000] {processor.py:766} INFO - DAG(s) dict_keys(['tutorial_dag']) retrieved from /home/airflow/.local/lib/python3.7/site-packages/airflow/example_dags/tutorial_dag.py
[2023-10-06T22:49:07.169+0000] {logging_mixin.py:120} INFO - [2023-10-06T22:49:07.169+0000] {dag.py:2585} INFO - Sync 1 DAGs
[2023-10-06T22:49:07.184+0000] {logging_mixin.py:120} INFO - [2023-10-06T22:49:07.184+0000] {dag.py:3340} INFO - Setting next_dagrun for tutorial_dag to None, run_after=None
[2023-10-06T22:49:07.201+0000] {processor.py:176} INFO - Processing /home/airflow/.local/lib/python3.7/site-packages/airflow/example_dags/tutorial_dag.py took 0.074 seconds
[2023-10-06T22:49:37.582+0000] {processor.py:154} INFO - Started process (PID=1826) to work on /home/airflow/.local/lib/python3.7/site-packages/airflow/example_dags/tutorial_dag.py
[2023-10-06T22:49:37.583+0000] {processor.py:756} INFO - Processing file /home/airflow/.local/lib/python3.7/site-packages/airflow/example_dags/tutorial_dag.py for tasks to queue
[2023-10-06T22:49:37.583+0000] {logging_mixin.py:120} INFO - [2023-10-06T22:49:37.583+0000] {dagbag.py:537} INFO - Filling up the DagBag from /home/airflow/.local/lib/python3.7/site-packages/airflow/example_dags/tutorial_dag.py
[2023-10-06T22:49:37.592+0000] {processor.py:766} INFO - DAG(s) dict_keys(['tutorial_dag']) retrieved from /home/airflow/.local/lib/python3.7/site-packages/airflow/example_dags/tutorial_dag.py
[2023-10-06T22:49:37.624+0000] {logging_mixin.py:120} INFO - [2023-10-06T22:49:37.624+0000] {dag.py:2585} INFO - Sync 1 DAGs
[2023-10-06T22:49:37.644+0000] {logging_mixin.py:120} INFO - [2023-10-06T22:49:37.644+0000] {dag.py:3340} INFO - Setting next_dagrun for tutorial_dag to None, run_after=None
[2023-10-06T22:49:37.661+0000] {processor.py:176} INFO - Processing /home/airflow/.local/lib/python3.7/site-packages/airflow/example_dags/tutorial_dag.py took 0.081 seconds
[2023-10-06T22:50:07.936+0000] {processor.py:154} INFO - Started process (PID=1890) to work on /home/airflow/.local/lib/python3.7/site-packages/airflow/example_dags/tutorial_dag.py
[2023-10-06T22:50:07.938+0000] {processor.py:756} INFO - Processing file /home/airflow/.local/lib/python3.7/site-packages/airflow/example_dags/tutorial_dag.py for tasks to queue
[2023-10-06T22:50:07.939+0000] {logging_mixin.py:120} INFO - [2023-10-06T22:50:07.938+0000] {dagbag.py:537} INFO - Filling up the DagBag from /home/airflow/.local/lib/python3.7/site-packages/airflow/example_dags/tutorial_dag.py
[2023-10-06T22:50:07.948+0000] {processor.py:766} INFO - DAG(s) dict_keys(['tutorial_dag']) retrieved from /home/airflow/.local/lib/python3.7/site-packages/airflow/example_dags/tutorial_dag.py
[2023-10-06T22:50:07.977+0000] {logging_mixin.py:120} INFO - [2023-10-06T22:50:07.977+0000] {dag.py:2585} INFO - Sync 1 DAGs
[2023-10-06T22:50:07.994+0000] {logging_mixin.py:120} INFO - [2023-10-06T22:50:07.994+0000] {dag.py:3340} INFO - Setting next_dagrun for tutorial_dag to None, run_after=None
[2023-10-06T22:50:08.008+0000] {processor.py:176} INFO - Processing /home/airflow/.local/lib/python3.7/site-packages/airflow/example_dags/tutorial_dag.py took 0.074 seconds
[2023-10-06T22:50:38.322+0000] {processor.py:154} INFO - Started process (PID=1955) to work on /home/airflow/.local/lib/python3.7/site-packages/airflow/example_dags/tutorial_dag.py
[2023-10-06T22:50:38.322+0000] {processor.py:756} INFO - Processing file /home/airflow/.local/lib/python3.7/site-packages/airflow/example_dags/tutorial_dag.py for tasks to queue
[2023-10-06T22:50:38.323+0000] {logging_mixin.py:120} INFO - [2023-10-06T22:50:38.323+0000] {dagbag.py:537} INFO - Filling up the DagBag from /home/airflow/.local/lib/python3.7/site-packages/airflow/example_dags/tutorial_dag.py
[2023-10-06T22:50:38.331+0000] {processor.py:766} INFO - DAG(s) dict_keys(['tutorial_dag']) retrieved from /home/airflow/.local/lib/python3.7/site-packages/airflow/example_dags/tutorial_dag.py
[2023-10-06T22:50:38.361+0000] {logging_mixin.py:120} INFO - [2023-10-06T22:50:38.361+0000] {dag.py:2585} INFO - Sync 1 DAGs
[2023-10-06T22:50:38.378+0000] {logging_mixin.py:120} INFO - [2023-10-06T22:50:38.378+0000] {dag.py:3340} INFO - Setting next_dagrun for tutorial_dag to None, run_after=None
[2023-10-06T22:50:38.397+0000] {processor.py:176} INFO - Processing /home/airflow/.local/lib/python3.7/site-packages/airflow/example_dags/tutorial_dag.py took 0.077 seconds
[2023-10-06T22:51:08.519+0000] {processor.py:154} INFO - Started process (PID=2010) to work on /home/airflow/.local/lib/python3.7/site-packages/airflow/example_dags/tutorial_dag.py
[2023-10-06T22:51:08.521+0000] {processor.py:756} INFO - Processing file /home/airflow/.local/lib/python3.7/site-packages/airflow/example_dags/tutorial_dag.py for tasks to queue
[2023-10-06T22:51:08.522+0000] {logging_mixin.py:120} INFO - [2023-10-06T22:51:08.522+0000] {dagbag.py:537} INFO - Filling up the DagBag from /home/airflow/.local/lib/python3.7/site-packages/airflow/example_dags/tutorial_dag.py
[2023-10-06T22:51:08.531+0000] {processor.py:766} INFO - DAG(s) dict_keys(['tutorial_dag']) retrieved from /home/airflow/.local/lib/python3.7/site-packages/airflow/example_dags/tutorial_dag.py
[2023-10-06T22:51:08.564+0000] {logging_mixin.py:120} INFO - [2023-10-06T22:51:08.564+0000] {dag.py:2585} INFO - Sync 1 DAGs
[2023-10-06T22:51:08.581+0000] {logging_mixin.py:120} INFO - [2023-10-06T22:51:08.581+0000] {dag.py:3340} INFO - Setting next_dagrun for tutorial_dag to None, run_after=None
[2023-10-06T22:51:08.598+0000] {processor.py:176} INFO - Processing /home/airflow/.local/lib/python3.7/site-packages/airflow/example_dags/tutorial_dag.py took 0.081 seconds
[2023-10-06T22:51:39.251+0000] {processor.py:154} INFO - Started process (PID=2073) to work on /home/airflow/.local/lib/python3.7/site-packages/airflow/example_dags/tutorial_dag.py
[2023-10-06T22:51:39.252+0000] {processor.py:756} INFO - Processing file /home/airflow/.local/lib/python3.7/site-packages/airflow/example_dags/tutorial_dag.py for tasks to queue
[2023-10-06T22:51:39.252+0000] {logging_mixin.py:120} INFO - [2023-10-06T22:51:39.252+0000] {dagbag.py:537} INFO - Filling up the DagBag from /home/airflow/.local/lib/python3.7/site-packages/airflow/example_dags/tutorial_dag.py
[2023-10-06T22:51:39.261+0000] {processor.py:766} INFO - DAG(s) dict_keys(['tutorial_dag']) retrieved from /home/airflow/.local/lib/python3.7/site-packages/airflow/example_dags/tutorial_dag.py
[2023-10-06T22:51:39.289+0000] {logging_mixin.py:120} INFO - [2023-10-06T22:51:39.288+0000] {dag.py:2585} INFO - Sync 1 DAGs
[2023-10-06T22:51:39.305+0000] {logging_mixin.py:120} INFO - [2023-10-06T22:51:39.305+0000] {dag.py:3340} INFO - Setting next_dagrun for tutorial_dag to None, run_after=None
[2023-10-06T22:51:39.325+0000] {processor.py:176} INFO - Processing /home/airflow/.local/lib/python3.7/site-packages/airflow/example_dags/tutorial_dag.py took 0.076 seconds
[2023-10-06T22:52:09.600+0000] {processor.py:154} INFO - Started process (PID=2137) to work on /home/airflow/.local/lib/python3.7/site-packages/airflow/example_dags/tutorial_dag.py
[2023-10-06T22:52:09.603+0000] {processor.py:756} INFO - Processing file /home/airflow/.local/lib/python3.7/site-packages/airflow/example_dags/tutorial_dag.py for tasks to queue
[2023-10-06T22:52:09.604+0000] {logging_mixin.py:120} INFO - [2023-10-06T22:52:09.604+0000] {dagbag.py:537} INFO - Filling up the DagBag from /home/airflow/.local/lib/python3.7/site-packages/airflow/example_dags/tutorial_dag.py
[2023-10-06T22:52:09.613+0000] {processor.py:766} INFO - DAG(s) dict_keys(['tutorial_dag']) retrieved from /home/airflow/.local/lib/python3.7/site-packages/airflow/example_dags/tutorial_dag.py
[2023-10-06T22:52:09.647+0000] {logging_mixin.py:120} INFO - [2023-10-06T22:52:09.647+0000] {dag.py:2585} INFO - Sync 1 DAGs
[2023-10-06T22:52:09.668+0000] {logging_mixin.py:120} INFO - [2023-10-06T22:52:09.668+0000] {dag.py:3340} INFO - Setting next_dagrun for tutorial_dag to None, run_after=None
[2023-10-06T22:52:09.681+0000] {processor.py:176} INFO - Processing /home/airflow/.local/lib/python3.7/site-packages/airflow/example_dags/tutorial_dag.py took 0.083 seconds
[2023-10-06T22:52:39.913+0000] {processor.py:154} INFO - Started process (PID=2202) to work on /home/airflow/.local/lib/python3.7/site-packages/airflow/example_dags/tutorial_dag.py
[2023-10-06T22:52:39.914+0000] {processor.py:756} INFO - Processing file /home/airflow/.local/lib/python3.7/site-packages/airflow/example_dags/tutorial_dag.py for tasks to queue
[2023-10-06T22:52:39.914+0000] {logging_mixin.py:120} INFO - [2023-10-06T22:52:39.914+0000] {dagbag.py:537} INFO - Filling up the DagBag from /home/airflow/.local/lib/python3.7/site-packages/airflow/example_dags/tutorial_dag.py
[2023-10-06T22:52:39.923+0000] {processor.py:766} INFO - DAG(s) dict_keys(['tutorial_dag']) retrieved from /home/airflow/.local/lib/python3.7/site-packages/airflow/example_dags/tutorial_dag.py
[2023-10-06T22:52:39.957+0000] {logging_mixin.py:120} INFO - [2023-10-06T22:52:39.957+0000] {dag.py:2585} INFO - Sync 1 DAGs
[2023-10-06T22:52:39.974+0000] {logging_mixin.py:120} INFO - [2023-10-06T22:52:39.974+0000] {dag.py:3340} INFO - Setting next_dagrun for tutorial_dag to None, run_after=None
[2023-10-06T22:52:39.989+0000] {processor.py:176} INFO - Processing /home/airflow/.local/lib/python3.7/site-packages/airflow/example_dags/tutorial_dag.py took 0.078 seconds
[2023-10-06T22:53:10.154+0000] {processor.py:154} INFO - Started process (PID=2257) to work on /home/airflow/.local/lib/python3.7/site-packages/airflow/example_dags/tutorial_dag.py
[2023-10-06T22:53:10.155+0000] {processor.py:756} INFO - Processing file /home/airflow/.local/lib/python3.7/site-packages/airflow/example_dags/tutorial_dag.py for tasks to queue
[2023-10-06T22:53:10.156+0000] {logging_mixin.py:120} INFO - [2023-10-06T22:53:10.156+0000] {dagbag.py:537} INFO - Filling up the DagBag from /home/airflow/.local/lib/python3.7/site-packages/airflow/example_dags/tutorial_dag.py
[2023-10-06T22:53:10.170+0000] {processor.py:766} INFO - DAG(s) dict_keys(['tutorial_dag']) retrieved from /home/airflow/.local/lib/python3.7/site-packages/airflow/example_dags/tutorial_dag.py
[2023-10-06T22:53:10.206+0000] {logging_mixin.py:120} INFO - [2023-10-06T22:53:10.206+0000] {dag.py:2585} INFO - Sync 1 DAGs
[2023-10-06T22:53:10.226+0000] {logging_mixin.py:120} INFO - [2023-10-06T22:53:10.226+0000] {dag.py:3340} INFO - Setting next_dagrun for tutorial_dag to None, run_after=None
[2023-10-06T22:53:10.244+0000] {processor.py:176} INFO - Processing /home/airflow/.local/lib/python3.7/site-packages/airflow/example_dags/tutorial_dag.py took 0.093 seconds
[2023-10-06T22:53:40.483+0000] {processor.py:154} INFO - Started process (PID=2321) to work on /home/airflow/.local/lib/python3.7/site-packages/airflow/example_dags/tutorial_dag.py
[2023-10-06T22:53:40.484+0000] {processor.py:756} INFO - Processing file /home/airflow/.local/lib/python3.7/site-packages/airflow/example_dags/tutorial_dag.py for tasks to queue
[2023-10-06T22:53:40.484+0000] {logging_mixin.py:120} INFO - [2023-10-06T22:53:40.484+0000] {dagbag.py:537} INFO - Filling up the DagBag from /home/airflow/.local/lib/python3.7/site-packages/airflow/example_dags/tutorial_dag.py
[2023-10-06T22:53:40.492+0000] {processor.py:766} INFO - DAG(s) dict_keys(['tutorial_dag']) retrieved from /home/airflow/.local/lib/python3.7/site-packages/airflow/example_dags/tutorial_dag.py
[2023-10-06T22:53:40.519+0000] {logging_mixin.py:120} INFO - [2023-10-06T22:53:40.519+0000] {dag.py:2585} INFO - Sync 1 DAGs
[2023-10-06T22:53:40.536+0000] {logging_mixin.py:120} INFO - [2023-10-06T22:53:40.536+0000] {dag.py:3340} INFO - Setting next_dagrun for tutorial_dag to None, run_after=None
[2023-10-06T22:53:40.551+0000] {processor.py:176} INFO - Processing /home/airflow/.local/lib/python3.7/site-packages/airflow/example_dags/tutorial_dag.py took 0.070 seconds
[2023-10-06T22:54:10.774+0000] {processor.py:154} INFO - Started process (PID=2385) to work on /home/airflow/.local/lib/python3.7/site-packages/airflow/example_dags/tutorial_dag.py
[2023-10-06T22:54:10.777+0000] {processor.py:756} INFO - Processing file /home/airflow/.local/lib/python3.7/site-packages/airflow/example_dags/tutorial_dag.py for tasks to queue
[2023-10-06T22:54:10.778+0000] {logging_mixin.py:120} INFO - [2023-10-06T22:54:10.778+0000] {dagbag.py:537} INFO - Filling up the DagBag from /home/airflow/.local/lib/python3.7/site-packages/airflow/example_dags/tutorial_dag.py
[2023-10-06T22:54:10.787+0000] {processor.py:766} INFO - DAG(s) dict_keys(['tutorial_dag']) retrieved from /home/airflow/.local/lib/python3.7/site-packages/airflow/example_dags/tutorial_dag.py
[2023-10-06T22:54:10.815+0000] {logging_mixin.py:120} INFO - [2023-10-06T22:54:10.815+0000] {dag.py:2585} INFO - Sync 1 DAGs
[2023-10-06T22:54:10.833+0000] {logging_mixin.py:120} INFO - [2023-10-06T22:54:10.833+0000] {dag.py:3340} INFO - Setting next_dagrun for tutorial_dag to None, run_after=None
[2023-10-06T22:54:10.849+0000] {processor.py:176} INFO - Processing /home/airflow/.local/lib/python3.7/site-packages/airflow/example_dags/tutorial_dag.py took 0.076 seconds
[2023-10-06T22:54:41.000+0000] {processor.py:154} INFO - Started process (PID=2449) to work on /home/airflow/.local/lib/python3.7/site-packages/airflow/example_dags/tutorial_dag.py
[2023-10-06T22:54:41.000+0000] {processor.py:756} INFO - Processing file /home/airflow/.local/lib/python3.7/site-packages/airflow/example_dags/tutorial_dag.py for tasks to queue
[2023-10-06T22:54:41.001+0000] {logging_mixin.py:120} INFO - [2023-10-06T22:54:41.001+0000] {dagbag.py:537} INFO - Filling up the DagBag from /home/airflow/.local/lib/python3.7/site-packages/airflow/example_dags/tutorial_dag.py
[2023-10-06T22:54:41.009+0000] {processor.py:766} INFO - DAG(s) dict_keys(['tutorial_dag']) retrieved from /home/airflow/.local/lib/python3.7/site-packages/airflow/example_dags/tutorial_dag.py
[2023-10-06T22:54:41.037+0000] {logging_mixin.py:120} INFO - [2023-10-06T22:54:41.037+0000] {dag.py:2585} INFO - Sync 1 DAGs
[2023-10-06T22:54:41.053+0000] {logging_mixin.py:120} INFO - [2023-10-06T22:54:41.053+0000] {dag.py:3340} INFO - Setting next_dagrun for tutorial_dag to None, run_after=None
[2023-10-06T22:54:41.068+0000] {processor.py:176} INFO - Processing /home/airflow/.local/lib/python3.7/site-packages/airflow/example_dags/tutorial_dag.py took 0.070 seconds
[2023-10-06T22:55:11.210+0000] {processor.py:154} INFO - Started process (PID=2504) to work on /home/airflow/.local/lib/python3.7/site-packages/airflow/example_dags/tutorial_dag.py
[2023-10-06T22:55:11.212+0000] {processor.py:756} INFO - Processing file /home/airflow/.local/lib/python3.7/site-packages/airflow/example_dags/tutorial_dag.py for tasks to queue
[2023-10-06T22:55:11.213+0000] {logging_mixin.py:120} INFO - [2023-10-06T22:55:11.213+0000] {dagbag.py:537} INFO - Filling up the DagBag from /home/airflow/.local/lib/python3.7/site-packages/airflow/example_dags/tutorial_dag.py
[2023-10-06T22:55:11.222+0000] {processor.py:766} INFO - DAG(s) dict_keys(['tutorial_dag']) retrieved from /home/airflow/.local/lib/python3.7/site-packages/airflow/example_dags/tutorial_dag.py
[2023-10-06T22:55:11.251+0000] {logging_mixin.py:120} INFO - [2023-10-06T22:55:11.251+0000] {dag.py:2585} INFO - Sync 1 DAGs
[2023-10-06T22:55:11.269+0000] {logging_mixin.py:120} INFO - [2023-10-06T22:55:11.268+0000] {dag.py:3340} INFO - Setting next_dagrun for tutorial_dag to None, run_after=None
[2023-10-06T22:55:11.287+0000] {processor.py:176} INFO - Processing /home/airflow/.local/lib/python3.7/site-packages/airflow/example_dags/tutorial_dag.py took 0.079 seconds
[2023-10-06T22:55:41.528+0000] {processor.py:154} INFO - Started process (PID=2568) to work on /home/airflow/.local/lib/python3.7/site-packages/airflow/example_dags/tutorial_dag.py
[2023-10-06T22:55:41.528+0000] {processor.py:756} INFO - Processing file /home/airflow/.local/lib/python3.7/site-packages/airflow/example_dags/tutorial_dag.py for tasks to queue
[2023-10-06T22:55:41.529+0000] {logging_mixin.py:120} INFO - [2023-10-06T22:55:41.528+0000] {dagbag.py:537} INFO - Filling up the DagBag from /home/airflow/.local/lib/python3.7/site-packages/airflow/example_dags/tutorial_dag.py
[2023-10-06T22:55:41.537+0000] {processor.py:766} INFO - DAG(s) dict_keys(['tutorial_dag']) retrieved from /home/airflow/.local/lib/python3.7/site-packages/airflow/example_dags/tutorial_dag.py
[2023-10-06T22:55:41.566+0000] {logging_mixin.py:120} INFO - [2023-10-06T22:55:41.566+0000] {dag.py:2585} INFO - Sync 1 DAGs
[2023-10-06T22:55:41.584+0000] {logging_mixin.py:120} INFO - [2023-10-06T22:55:41.584+0000] {dag.py:3340} INFO - Setting next_dagrun for tutorial_dag to None, run_after=None
[2023-10-06T22:55:41.600+0000] {processor.py:176} INFO - Processing /home/airflow/.local/lib/python3.7/site-packages/airflow/example_dags/tutorial_dag.py took 0.074 seconds
[2023-10-06T22:56:11.966+0000] {processor.py:154} INFO - Started process (PID=2632) to work on /home/airflow/.local/lib/python3.7/site-packages/airflow/example_dags/tutorial_dag.py
[2023-10-06T22:56:11.969+0000] {processor.py:756} INFO - Processing file /home/airflow/.local/lib/python3.7/site-packages/airflow/example_dags/tutorial_dag.py for tasks to queue
[2023-10-06T22:56:11.969+0000] {logging_mixin.py:120} INFO - [2023-10-06T22:56:11.969+0000] {dagbag.py:537} INFO - Filling up the DagBag from /home/airflow/.local/lib/python3.7/site-packages/airflow/example_dags/tutorial_dag.py
[2023-10-06T22:56:11.979+0000] {processor.py:766} INFO - DAG(s) dict_keys(['tutorial_dag']) retrieved from /home/airflow/.local/lib/python3.7/site-packages/airflow/example_dags/tutorial_dag.py
[2023-10-06T22:56:12.008+0000] {logging_mixin.py:120} INFO - [2023-10-06T22:56:12.008+0000] {dag.py:2585} INFO - Sync 1 DAGs
[2023-10-06T22:56:12.026+0000] {logging_mixin.py:120} INFO - [2023-10-06T22:56:12.026+0000] {dag.py:3340} INFO - Setting next_dagrun for tutorial_dag to None, run_after=None
[2023-10-06T22:56:12.045+0000] {processor.py:176} INFO - Processing /home/airflow/.local/lib/python3.7/site-packages/airflow/example_dags/tutorial_dag.py took 0.082 seconds
[2023-10-06T22:56:42.301+0000] {processor.py:154} INFO - Started process (PID=2695) to work on /home/airflow/.local/lib/python3.7/site-packages/airflow/example_dags/tutorial_dag.py
[2023-10-06T22:56:42.302+0000] {processor.py:756} INFO - Processing file /home/airflow/.local/lib/python3.7/site-packages/airflow/example_dags/tutorial_dag.py for tasks to queue
[2023-10-06T22:56:42.302+0000] {logging_mixin.py:120} INFO - [2023-10-06T22:56:42.302+0000] {dagbag.py:537} INFO - Filling up the DagBag from /home/airflow/.local/lib/python3.7/site-packages/airflow/example_dags/tutorial_dag.py
[2023-10-06T22:56:42.311+0000] {processor.py:766} INFO - DAG(s) dict_keys(['tutorial_dag']) retrieved from /home/airflow/.local/lib/python3.7/site-packages/airflow/example_dags/tutorial_dag.py
[2023-10-06T22:56:42.340+0000] {logging_mixin.py:120} INFO - [2023-10-06T22:56:42.339+0000] {dag.py:2585} INFO - Sync 1 DAGs
[2023-10-06T22:56:42.356+0000] {logging_mixin.py:120} INFO - [2023-10-06T22:56:42.356+0000] {dag.py:3340} INFO - Setting next_dagrun for tutorial_dag to None, run_after=None
[2023-10-06T22:56:42.375+0000] {processor.py:176} INFO - Processing /home/airflow/.local/lib/python3.7/site-packages/airflow/example_dags/tutorial_dag.py took 0.076 seconds
[2023-10-06T22:57:12.502+0000] {processor.py:154} INFO - Started process (PID=2750) to work on /home/airflow/.local/lib/python3.7/site-packages/airflow/example_dags/tutorial_dag.py
[2023-10-06T22:57:12.505+0000] {processor.py:756} INFO - Processing file /home/airflow/.local/lib/python3.7/site-packages/airflow/example_dags/tutorial_dag.py for tasks to queue
[2023-10-06T22:57:12.506+0000] {logging_mixin.py:120} INFO - [2023-10-06T22:57:12.505+0000] {dagbag.py:537} INFO - Filling up the DagBag from /home/airflow/.local/lib/python3.7/site-packages/airflow/example_dags/tutorial_dag.py
[2023-10-06T22:57:12.515+0000] {processor.py:766} INFO - DAG(s) dict_keys(['tutorial_dag']) retrieved from /home/airflow/.local/lib/python3.7/site-packages/airflow/example_dags/tutorial_dag.py
[2023-10-06T22:57:12.544+0000] {logging_mixin.py:120} INFO - [2023-10-06T22:57:12.544+0000] {dag.py:2585} INFO - Sync 1 DAGs
[2023-10-06T22:57:12.559+0000] {logging_mixin.py:120} INFO - [2023-10-06T22:57:12.559+0000] {dag.py:3340} INFO - Setting next_dagrun for tutorial_dag to None, run_after=None
[2023-10-06T22:57:12.578+0000] {processor.py:176} INFO - Processing /home/airflow/.local/lib/python3.7/site-packages/airflow/example_dags/tutorial_dag.py took 0.078 seconds
[2023-10-06T22:57:42.661+0000] {processor.py:154} INFO - Started process (PID=2814) to work on /home/airflow/.local/lib/python3.7/site-packages/airflow/example_dags/tutorial_dag.py
[2023-10-06T22:57:42.662+0000] {processor.py:756} INFO - Processing file /home/airflow/.local/lib/python3.7/site-packages/airflow/example_dags/tutorial_dag.py for tasks to queue
[2023-10-06T22:57:42.662+0000] {logging_mixin.py:120} INFO - [2023-10-06T22:57:42.662+0000] {dagbag.py:537} INFO - Filling up the DagBag from /home/airflow/.local/lib/python3.7/site-packages/airflow/example_dags/tutorial_dag.py
[2023-10-06T22:57:42.670+0000] {processor.py:766} INFO - DAG(s) dict_keys(['tutorial_dag']) retrieved from /home/airflow/.local/lib/python3.7/site-packages/airflow/example_dags/tutorial_dag.py
[2023-10-06T22:57:42.699+0000] {logging_mixin.py:120} INFO - [2023-10-06T22:57:42.699+0000] {dag.py:2585} INFO - Sync 1 DAGs
[2023-10-06T22:57:42.716+0000] {logging_mixin.py:120} INFO - [2023-10-06T22:57:42.716+0000] {dag.py:3340} INFO - Setting next_dagrun for tutorial_dag to None, run_after=None
[2023-10-06T22:57:42.730+0000] {processor.py:176} INFO - Processing /home/airflow/.local/lib/python3.7/site-packages/airflow/example_dags/tutorial_dag.py took 0.070 seconds
[2023-10-06T22:58:13.164+0000] {processor.py:154} INFO - Started process (PID=2877) to work on /home/airflow/.local/lib/python3.7/site-packages/airflow/example_dags/tutorial_dag.py
[2023-10-06T22:58:13.168+0000] {processor.py:756} INFO - Processing file /home/airflow/.local/lib/python3.7/site-packages/airflow/example_dags/tutorial_dag.py for tasks to queue
[2023-10-06T22:58:13.168+0000] {logging_mixin.py:120} INFO - [2023-10-06T22:58:13.168+0000] {dagbag.py:537} INFO - Filling up the DagBag from /home/airflow/.local/lib/python3.7/site-packages/airflow/example_dags/tutorial_dag.py
[2023-10-06T22:58:13.177+0000] {processor.py:766} INFO - DAG(s) dict_keys(['tutorial_dag']) retrieved from /home/airflow/.local/lib/python3.7/site-packages/airflow/example_dags/tutorial_dag.py
[2023-10-06T22:58:13.207+0000] {logging_mixin.py:120} INFO - [2023-10-06T22:58:13.207+0000] {dag.py:2585} INFO - Sync 1 DAGs
[2023-10-06T22:58:13.223+0000] {logging_mixin.py:120} INFO - [2023-10-06T22:58:13.223+0000] {dag.py:3340} INFO - Setting next_dagrun for tutorial_dag to None, run_after=None
[2023-10-06T22:58:13.237+0000] {processor.py:176} INFO - Processing /home/airflow/.local/lib/python3.7/site-packages/airflow/example_dags/tutorial_dag.py took 0.075 seconds
[2023-10-06T22:58:43.394+0000] {processor.py:154} INFO - Started process (PID=2940) to work on /home/airflow/.local/lib/python3.7/site-packages/airflow/example_dags/tutorial_dag.py
[2023-10-06T22:58:43.394+0000] {processor.py:756} INFO - Processing file /home/airflow/.local/lib/python3.7/site-packages/airflow/example_dags/tutorial_dag.py for tasks to queue
[2023-10-06T22:58:43.395+0000] {logging_mixin.py:120} INFO - [2023-10-06T22:58:43.395+0000] {dagbag.py:537} INFO - Filling up the DagBag from /home/airflow/.local/lib/python3.7/site-packages/airflow/example_dags/tutorial_dag.py
[2023-10-06T22:58:43.403+0000] {processor.py:766} INFO - DAG(s) dict_keys(['tutorial_dag']) retrieved from /home/airflow/.local/lib/python3.7/site-packages/airflow/example_dags/tutorial_dag.py
[2023-10-06T22:58:43.430+0000] {logging_mixin.py:120} INFO - [2023-10-06T22:58:43.429+0000] {dag.py:2585} INFO - Sync 1 DAGs
[2023-10-06T22:58:43.445+0000] {logging_mixin.py:120} INFO - [2023-10-06T22:58:43.445+0000] {dag.py:3340} INFO - Setting next_dagrun for tutorial_dag to None, run_after=None
[2023-10-06T22:58:43.460+0000] {processor.py:176} INFO - Processing /home/airflow/.local/lib/python3.7/site-packages/airflow/example_dags/tutorial_dag.py took 0.068 seconds
[2023-10-06T22:59:13.600+0000] {processor.py:154} INFO - Started process (PID=3002) to work on /home/airflow/.local/lib/python3.7/site-packages/airflow/example_dags/tutorial_dag.py
[2023-10-06T22:59:13.603+0000] {processor.py:756} INFO - Processing file /home/airflow/.local/lib/python3.7/site-packages/airflow/example_dags/tutorial_dag.py for tasks to queue
[2023-10-06T22:59:13.603+0000] {logging_mixin.py:120} INFO - [2023-10-06T22:59:13.603+0000] {dagbag.py:537} INFO - Filling up the DagBag from /home/airflow/.local/lib/python3.7/site-packages/airflow/example_dags/tutorial_dag.py
[2023-10-06T22:59:13.612+0000] {processor.py:766} INFO - DAG(s) dict_keys(['tutorial_dag']) retrieved from /home/airflow/.local/lib/python3.7/site-packages/airflow/example_dags/tutorial_dag.py
[2023-10-06T22:59:13.646+0000] {logging_mixin.py:120} INFO - [2023-10-06T22:59:13.646+0000] {dag.py:2585} INFO - Sync 1 DAGs
[2023-10-06T22:59:13.664+0000] {logging_mixin.py:120} INFO - [2023-10-06T22:59:13.664+0000] {dag.py:3340} INFO - Setting next_dagrun for tutorial_dag to None, run_after=None
[2023-10-06T22:59:13.686+0000] {processor.py:176} INFO - Processing /home/airflow/.local/lib/python3.7/site-packages/airflow/example_dags/tutorial_dag.py took 0.088 seconds
[2023-10-06T22:59:43.747+0000] {processor.py:154} INFO - Started process (PID=3060) to work on /home/airflow/.local/lib/python3.7/site-packages/airflow/example_dags/tutorial_dag.py
[2023-10-06T22:59:43.747+0000] {processor.py:756} INFO - Processing file /home/airflow/.local/lib/python3.7/site-packages/airflow/example_dags/tutorial_dag.py for tasks to queue
[2023-10-06T22:59:43.747+0000] {logging_mixin.py:120} INFO - [2023-10-06T22:59:43.747+0000] {dagbag.py:537} INFO - Filling up the DagBag from /home/airflow/.local/lib/python3.7/site-packages/airflow/example_dags/tutorial_dag.py
[2023-10-06T22:59:43.756+0000] {processor.py:766} INFO - DAG(s) dict_keys(['tutorial_dag']) retrieved from /home/airflow/.local/lib/python3.7/site-packages/airflow/example_dags/tutorial_dag.py
[2023-10-06T22:59:43.784+0000] {logging_mixin.py:120} INFO - [2023-10-06T22:59:43.784+0000] {dag.py:2585} INFO - Sync 1 DAGs
[2023-10-06T22:59:43.800+0000] {logging_mixin.py:120} INFO - [2023-10-06T22:59:43.800+0000] {dag.py:3340} INFO - Setting next_dagrun for tutorial_dag to None, run_after=None
[2023-10-06T22:59:43.814+0000] {processor.py:176} INFO - Processing /home/airflow/.local/lib/python3.7/site-packages/airflow/example_dags/tutorial_dag.py took 0.070 seconds
[2023-10-06T23:00:13.973+0000] {processor.py:154} INFO - Started process (PID=3125) to work on /home/airflow/.local/lib/python3.7/site-packages/airflow/example_dags/tutorial_dag.py
[2023-10-06T23:00:13.976+0000] {processor.py:756} INFO - Processing file /home/airflow/.local/lib/python3.7/site-packages/airflow/example_dags/tutorial_dag.py for tasks to queue
[2023-10-06T23:00:13.976+0000] {logging_mixin.py:120} INFO - [2023-10-06T23:00:13.976+0000] {dagbag.py:537} INFO - Filling up the DagBag from /home/airflow/.local/lib/python3.7/site-packages/airflow/example_dags/tutorial_dag.py
[2023-10-06T23:00:13.985+0000] {processor.py:766} INFO - DAG(s) dict_keys(['tutorial_dag']) retrieved from /home/airflow/.local/lib/python3.7/site-packages/airflow/example_dags/tutorial_dag.py
[2023-10-06T23:00:14.016+0000] {logging_mixin.py:120} INFO - [2023-10-06T23:00:14.016+0000] {dag.py:2585} INFO - Sync 1 DAGs
[2023-10-06T23:00:14.031+0000] {logging_mixin.py:120} INFO - [2023-10-06T23:00:14.031+0000] {dag.py:3340} INFO - Setting next_dagrun for tutorial_dag to None, run_after=None
[2023-10-06T23:00:14.046+0000] {processor.py:176} INFO - Processing /home/airflow/.local/lib/python3.7/site-packages/airflow/example_dags/tutorial_dag.py took 0.075 seconds
[2023-10-06T23:00:44.127+0000] {processor.py:154} INFO - Started process (PID=3188) to work on /home/airflow/.local/lib/python3.7/site-packages/airflow/example_dags/tutorial_dag.py
[2023-10-06T23:00:44.127+0000] {processor.py:756} INFO - Processing file /home/airflow/.local/lib/python3.7/site-packages/airflow/example_dags/tutorial_dag.py for tasks to queue
[2023-10-06T23:00:44.128+0000] {logging_mixin.py:120} INFO - [2023-10-06T23:00:44.128+0000] {dagbag.py:537} INFO - Filling up the DagBag from /home/airflow/.local/lib/python3.7/site-packages/airflow/example_dags/tutorial_dag.py
[2023-10-06T23:00:44.137+0000] {processor.py:766} INFO - DAG(s) dict_keys(['tutorial_dag']) retrieved from /home/airflow/.local/lib/python3.7/site-packages/airflow/example_dags/tutorial_dag.py
[2023-10-06T23:00:44.167+0000] {logging_mixin.py:120} INFO - [2023-10-06T23:00:44.167+0000] {dag.py:2585} INFO - Sync 1 DAGs
[2023-10-06T23:00:44.184+0000] {logging_mixin.py:120} INFO - [2023-10-06T23:00:44.184+0000] {dag.py:3340} INFO - Setting next_dagrun for tutorial_dag to None, run_after=None
[2023-10-06T23:00:44.200+0000] {processor.py:176} INFO - Processing /home/airflow/.local/lib/python3.7/site-packages/airflow/example_dags/tutorial_dag.py took 0.075 seconds
[2023-10-06T23:01:14.304+0000] {processor.py:154} INFO - Started process (PID=3252) to work on /home/airflow/.local/lib/python3.7/site-packages/airflow/example_dags/tutorial_dag.py
[2023-10-06T23:01:14.305+0000] {processor.py:756} INFO - Processing file /home/airflow/.local/lib/python3.7/site-packages/airflow/example_dags/tutorial_dag.py for tasks to queue
[2023-10-06T23:01:14.305+0000] {logging_mixin.py:120} INFO - [2023-10-06T23:01:14.305+0000] {dagbag.py:537} INFO - Filling up the DagBag from /home/airflow/.local/lib/python3.7/site-packages/airflow/example_dags/tutorial_dag.py
[2023-10-06T23:01:14.315+0000] {processor.py:766} INFO - DAG(s) dict_keys(['tutorial_dag']) retrieved from /home/airflow/.local/lib/python3.7/site-packages/airflow/example_dags/tutorial_dag.py
[2023-10-06T23:01:14.345+0000] {logging_mixin.py:120} INFO - [2023-10-06T23:01:14.345+0000] {dag.py:2585} INFO - Sync 1 DAGs
[2023-10-06T23:01:14.362+0000] {logging_mixin.py:120} INFO - [2023-10-06T23:01:14.362+0000] {dag.py:3340} INFO - Setting next_dagrun for tutorial_dag to None, run_after=None
[2023-10-06T23:01:14.380+0000] {processor.py:176} INFO - Processing /home/airflow/.local/lib/python3.7/site-packages/airflow/example_dags/tutorial_dag.py took 0.078 seconds
[2023-10-06T23:01:44.466+0000] {processor.py:154} INFO - Started process (PID=3307) to work on /home/airflow/.local/lib/python3.7/site-packages/airflow/example_dags/tutorial_dag.py
[2023-10-06T23:01:44.466+0000] {processor.py:756} INFO - Processing file /home/airflow/.local/lib/python3.7/site-packages/airflow/example_dags/tutorial_dag.py for tasks to queue
[2023-10-06T23:01:44.467+0000] {logging_mixin.py:120} INFO - [2023-10-06T23:01:44.467+0000] {dagbag.py:537} INFO - Filling up the DagBag from /home/airflow/.local/lib/python3.7/site-packages/airflow/example_dags/tutorial_dag.py
[2023-10-06T23:01:44.476+0000] {processor.py:766} INFO - DAG(s) dict_keys(['tutorial_dag']) retrieved from /home/airflow/.local/lib/python3.7/site-packages/airflow/example_dags/tutorial_dag.py
[2023-10-06T23:01:44.516+0000] {logging_mixin.py:120} INFO - [2023-10-06T23:01:44.516+0000] {dag.py:2585} INFO - Sync 1 DAGs
[2023-10-06T23:01:44.537+0000] {logging_mixin.py:120} INFO - [2023-10-06T23:01:44.537+0000] {dag.py:3340} INFO - Setting next_dagrun for tutorial_dag to None, run_after=None
[2023-10-06T23:01:44.552+0000] {processor.py:176} INFO - Processing /home/airflow/.local/lib/python3.7/site-packages/airflow/example_dags/tutorial_dag.py took 0.089 seconds
[2023-10-06T23:02:14.608+0000] {processor.py:154} INFO - Started process (PID=3371) to work on /home/airflow/.local/lib/python3.7/site-packages/airflow/example_dags/tutorial_dag.py
[2023-10-06T23:02:14.612+0000] {processor.py:756} INFO - Processing file /home/airflow/.local/lib/python3.7/site-packages/airflow/example_dags/tutorial_dag.py for tasks to queue
[2023-10-06T23:02:14.613+0000] {logging_mixin.py:120} INFO - [2023-10-06T23:02:14.613+0000] {dagbag.py:537} INFO - Filling up the DagBag from /home/airflow/.local/lib/python3.7/site-packages/airflow/example_dags/tutorial_dag.py
[2023-10-06T23:02:14.622+0000] {processor.py:766} INFO - DAG(s) dict_keys(['tutorial_dag']) retrieved from /home/airflow/.local/lib/python3.7/site-packages/airflow/example_dags/tutorial_dag.py
[2023-10-06T23:02:14.651+0000] {logging_mixin.py:120} INFO - [2023-10-06T23:02:14.651+0000] {dag.py:2585} INFO - Sync 1 DAGs
[2023-10-06T23:02:14.667+0000] {logging_mixin.py:120} INFO - [2023-10-06T23:02:14.667+0000] {dag.py:3340} INFO - Setting next_dagrun for tutorial_dag to None, run_after=None
[2023-10-06T23:02:14.681+0000] {processor.py:176} INFO - Processing /home/airflow/.local/lib/python3.7/site-packages/airflow/example_dags/tutorial_dag.py took 0.075 seconds
[2023-10-06T23:02:44.779+0000] {processor.py:154} INFO - Started process (PID=3435) to work on /home/airflow/.local/lib/python3.7/site-packages/airflow/example_dags/tutorial_dag.py
[2023-10-06T23:02:44.780+0000] {processor.py:756} INFO - Processing file /home/airflow/.local/lib/python3.7/site-packages/airflow/example_dags/tutorial_dag.py for tasks to queue
[2023-10-06T23:02:44.780+0000] {logging_mixin.py:120} INFO - [2023-10-06T23:02:44.780+0000] {dagbag.py:537} INFO - Filling up the DagBag from /home/airflow/.local/lib/python3.7/site-packages/airflow/example_dags/tutorial_dag.py
[2023-10-06T23:02:44.789+0000] {processor.py:766} INFO - DAG(s) dict_keys(['tutorial_dag']) retrieved from /home/airflow/.local/lib/python3.7/site-packages/airflow/example_dags/tutorial_dag.py
[2023-10-06T23:02:44.819+0000] {logging_mixin.py:120} INFO - [2023-10-06T23:02:44.819+0000] {dag.py:2585} INFO - Sync 1 DAGs
[2023-10-06T23:02:44.836+0000] {logging_mixin.py:120} INFO - [2023-10-06T23:02:44.836+0000] {dag.py:3340} INFO - Setting next_dagrun for tutorial_dag to None, run_after=None
[2023-10-06T23:02:44.855+0000] {processor.py:176} INFO - Processing /home/airflow/.local/lib/python3.7/site-packages/airflow/example_dags/tutorial_dag.py took 0.079 seconds
[2023-10-06T23:03:14.904+0000] {processor.py:154} INFO - Started process (PID=3497) to work on /home/airflow/.local/lib/python3.7/site-packages/airflow/example_dags/tutorial_dag.py
[2023-10-06T23:03:14.905+0000] {processor.py:756} INFO - Processing file /home/airflow/.local/lib/python3.7/site-packages/airflow/example_dags/tutorial_dag.py for tasks to queue
[2023-10-06T23:03:14.905+0000] {logging_mixin.py:120} INFO - [2023-10-06T23:03:14.905+0000] {dagbag.py:537} INFO - Filling up the DagBag from /home/airflow/.local/lib/python3.7/site-packages/airflow/example_dags/tutorial_dag.py
[2023-10-06T23:03:14.916+0000] {processor.py:766} INFO - DAG(s) dict_keys(['tutorial_dag']) retrieved from /home/airflow/.local/lib/python3.7/site-packages/airflow/example_dags/tutorial_dag.py
[2023-10-06T23:03:14.947+0000] {logging_mixin.py:120} INFO - [2023-10-06T23:03:14.947+0000] {dag.py:2585} INFO - Sync 1 DAGs
[2023-10-06T23:03:14.967+0000] {logging_mixin.py:120} INFO - [2023-10-06T23:03:14.967+0000] {dag.py:3340} INFO - Setting next_dagrun for tutorial_dag to None, run_after=None
[2023-10-06T23:03:14.985+0000] {processor.py:176} INFO - Processing /home/airflow/.local/lib/python3.7/site-packages/airflow/example_dags/tutorial_dag.py took 0.084 seconds
[2023-10-06T23:03:45.041+0000] {processor.py:154} INFO - Started process (PID=3554) to work on /home/airflow/.local/lib/python3.7/site-packages/airflow/example_dags/tutorial_dag.py
[2023-10-06T23:03:45.041+0000] {processor.py:756} INFO - Processing file /home/airflow/.local/lib/python3.7/site-packages/airflow/example_dags/tutorial_dag.py for tasks to queue
[2023-10-06T23:03:45.042+0000] {logging_mixin.py:120} INFO - [2023-10-06T23:03:45.042+0000] {dagbag.py:537} INFO - Filling up the DagBag from /home/airflow/.local/lib/python3.7/site-packages/airflow/example_dags/tutorial_dag.py
[2023-10-06T23:03:45.050+0000] {processor.py:766} INFO - DAG(s) dict_keys(['tutorial_dag']) retrieved from /home/airflow/.local/lib/python3.7/site-packages/airflow/example_dags/tutorial_dag.py
[2023-10-06T23:03:45.079+0000] {logging_mixin.py:120} INFO - [2023-10-06T23:03:45.079+0000] {dag.py:2585} INFO - Sync 1 DAGs
[2023-10-06T23:03:45.095+0000] {logging_mixin.py:120} INFO - [2023-10-06T23:03:45.095+0000] {dag.py:3340} INFO - Setting next_dagrun for tutorial_dag to None, run_after=None
[2023-10-06T23:03:45.109+0000] {processor.py:176} INFO - Processing /home/airflow/.local/lib/python3.7/site-packages/airflow/example_dags/tutorial_dag.py took 0.070 seconds
[2023-10-06T23:04:15.266+0000] {processor.py:154} INFO - Started process (PID=3618) to work on /home/airflow/.local/lib/python3.7/site-packages/airflow/example_dags/tutorial_dag.py
[2023-10-06T23:04:15.269+0000] {processor.py:756} INFO - Processing file /home/airflow/.local/lib/python3.7/site-packages/airflow/example_dags/tutorial_dag.py for tasks to queue
[2023-10-06T23:04:15.270+0000] {logging_mixin.py:120} INFO - [2023-10-06T23:04:15.270+0000] {dagbag.py:537} INFO - Filling up the DagBag from /home/airflow/.local/lib/python3.7/site-packages/airflow/example_dags/tutorial_dag.py
[2023-10-06T23:04:15.279+0000] {processor.py:766} INFO - DAG(s) dict_keys(['tutorial_dag']) retrieved from /home/airflow/.local/lib/python3.7/site-packages/airflow/example_dags/tutorial_dag.py
[2023-10-06T23:04:15.308+0000] {logging_mixin.py:120} INFO - [2023-10-06T23:04:15.308+0000] {dag.py:2585} INFO - Sync 1 DAGs
[2023-10-06T23:04:15.324+0000] {logging_mixin.py:120} INFO - [2023-10-06T23:04:15.324+0000] {dag.py:3340} INFO - Setting next_dagrun for tutorial_dag to None, run_after=None
[2023-10-06T23:04:15.341+0000] {processor.py:176} INFO - Processing /home/airflow/.local/lib/python3.7/site-packages/airflow/example_dags/tutorial_dag.py took 0.077 seconds
[2023-10-06T23:04:45.360+0000] {processor.py:154} INFO - Started process (PID=3683) to work on /home/airflow/.local/lib/python3.7/site-packages/airflow/example_dags/tutorial_dag.py
[2023-10-06T23:04:45.360+0000] {processor.py:756} INFO - Processing file /home/airflow/.local/lib/python3.7/site-packages/airflow/example_dags/tutorial_dag.py for tasks to queue
[2023-10-06T23:04:45.360+0000] {logging_mixin.py:120} INFO - [2023-10-06T23:04:45.360+0000] {dagbag.py:537} INFO - Filling up the DagBag from /home/airflow/.local/lib/python3.7/site-packages/airflow/example_dags/tutorial_dag.py
[2023-10-06T23:04:45.369+0000] {processor.py:766} INFO - DAG(s) dict_keys(['tutorial_dag']) retrieved from /home/airflow/.local/lib/python3.7/site-packages/airflow/example_dags/tutorial_dag.py
[2023-10-06T23:04:45.396+0000] {logging_mixin.py:120} INFO - [2023-10-06T23:04:45.396+0000] {dag.py:2585} INFO - Sync 1 DAGs
[2023-10-06T23:04:45.412+0000] {logging_mixin.py:120} INFO - [2023-10-06T23:04:45.412+0000] {dag.py:3340} INFO - Setting next_dagrun for tutorial_dag to None, run_after=None
[2023-10-06T23:04:45.429+0000] {processor.py:176} INFO - Processing /home/airflow/.local/lib/python3.7/site-packages/airflow/example_dags/tutorial_dag.py took 0.072 seconds
[2023-10-06T23:05:15.621+0000] {processor.py:154} INFO - Started process (PID=3738) to work on /home/airflow/.local/lib/python3.7/site-packages/airflow/example_dags/tutorial_dag.py
[2023-10-06T23:05:15.621+0000] {processor.py:756} INFO - Processing file /home/airflow/.local/lib/python3.7/site-packages/airflow/example_dags/tutorial_dag.py for tasks to queue
[2023-10-06T23:05:15.622+0000] {logging_mixin.py:120} INFO - [2023-10-06T23:05:15.622+0000] {dagbag.py:537} INFO - Filling up the DagBag from /home/airflow/.local/lib/python3.7/site-packages/airflow/example_dags/tutorial_dag.py
[2023-10-06T23:05:15.633+0000] {processor.py:766} INFO - DAG(s) dict_keys(['tutorial_dag']) retrieved from /home/airflow/.local/lib/python3.7/site-packages/airflow/example_dags/tutorial_dag.py
[2023-10-06T23:05:15.669+0000] {logging_mixin.py:120} INFO - [2023-10-06T23:05:15.669+0000] {dag.py:2585} INFO - Sync 1 DAGs
[2023-10-06T23:05:15.688+0000] {logging_mixin.py:120} INFO - [2023-10-06T23:05:15.687+0000] {dag.py:3340} INFO - Setting next_dagrun for tutorial_dag to None, run_after=None
[2023-10-06T23:05:15.707+0000] {processor.py:176} INFO - Processing /home/airflow/.local/lib/python3.7/site-packages/airflow/example_dags/tutorial_dag.py took 0.089 seconds
[2023-10-06T23:05:45.827+0000] {processor.py:154} INFO - Started process (PID=3803) to work on /home/airflow/.local/lib/python3.7/site-packages/airflow/example_dags/tutorial_dag.py
[2023-10-06T23:05:45.828+0000] {processor.py:756} INFO - Processing file /home/airflow/.local/lib/python3.7/site-packages/airflow/example_dags/tutorial_dag.py for tasks to queue
[2023-10-06T23:05:45.828+0000] {logging_mixin.py:120} INFO - [2023-10-06T23:05:45.828+0000] {dagbag.py:537} INFO - Filling up the DagBag from /home/airflow/.local/lib/python3.7/site-packages/airflow/example_dags/tutorial_dag.py
[2023-10-06T23:05:45.837+0000] {processor.py:766} INFO - DAG(s) dict_keys(['tutorial_dag']) retrieved from /home/airflow/.local/lib/python3.7/site-packages/airflow/example_dags/tutorial_dag.py
[2023-10-06T23:05:45.864+0000] {logging_mixin.py:120} INFO - [2023-10-06T23:05:45.864+0000] {dag.py:2585} INFO - Sync 1 DAGs
[2023-10-06T23:05:45.881+0000] {logging_mixin.py:120} INFO - [2023-10-06T23:05:45.881+0000] {dag.py:3340} INFO - Setting next_dagrun for tutorial_dag to None, run_after=None
[2023-10-06T23:05:45.896+0000] {processor.py:176} INFO - Processing /home/airflow/.local/lib/python3.7/site-packages/airflow/example_dags/tutorial_dag.py took 0.071 seconds
[2023-10-06T23:06:16.032+0000] {processor.py:154} INFO - Started process (PID=3868) to work on /home/airflow/.local/lib/python3.7/site-packages/airflow/example_dags/tutorial_dag.py
[2023-10-06T23:06:16.033+0000] {processor.py:756} INFO - Processing file /home/airflow/.local/lib/python3.7/site-packages/airflow/example_dags/tutorial_dag.py for tasks to queue
[2023-10-06T23:06:16.034+0000] {logging_mixin.py:120} INFO - [2023-10-06T23:06:16.034+0000] {dagbag.py:537} INFO - Filling up the DagBag from /home/airflow/.local/lib/python3.7/site-packages/airflow/example_dags/tutorial_dag.py
[2023-10-06T23:06:16.042+0000] {processor.py:766} INFO - DAG(s) dict_keys(['tutorial_dag']) retrieved from /home/airflow/.local/lib/python3.7/site-packages/airflow/example_dags/tutorial_dag.py
[2023-10-06T23:06:16.077+0000] {logging_mixin.py:120} INFO - [2023-10-06T23:06:16.077+0000] {dag.py:2585} INFO - Sync 1 DAGs
[2023-10-06T23:06:16.094+0000] {logging_mixin.py:120} INFO - [2023-10-06T23:06:16.094+0000] {dag.py:3340} INFO - Setting next_dagrun for tutorial_dag to None, run_after=None
[2023-10-06T23:06:16.109+0000] {processor.py:176} INFO - Processing /home/airflow/.local/lib/python3.7/site-packages/airflow/example_dags/tutorial_dag.py took 0.079 seconds
[2023-10-06T23:06:46.309+0000] {processor.py:154} INFO - Started process (PID=3931) to work on /home/airflow/.local/lib/python3.7/site-packages/airflow/example_dags/tutorial_dag.py
[2023-10-06T23:06:46.313+0000] {processor.py:756} INFO - Processing file /home/airflow/.local/lib/python3.7/site-packages/airflow/example_dags/tutorial_dag.py for tasks to queue
[2023-10-06T23:06:46.313+0000] {logging_mixin.py:120} INFO - [2023-10-06T23:06:46.313+0000] {dagbag.py:537} INFO - Filling up the DagBag from /home/airflow/.local/lib/python3.7/site-packages/airflow/example_dags/tutorial_dag.py
[2023-10-06T23:06:46.321+0000] {processor.py:766} INFO - DAG(s) dict_keys(['tutorial_dag']) retrieved from /home/airflow/.local/lib/python3.7/site-packages/airflow/example_dags/tutorial_dag.py
[2023-10-06T23:06:46.350+0000] {logging_mixin.py:120} INFO - [2023-10-06T23:06:46.350+0000] {dag.py:2585} INFO - Sync 1 DAGs
[2023-10-06T23:06:46.366+0000] {logging_mixin.py:120} INFO - [2023-10-06T23:06:46.366+0000] {dag.py:3340} INFO - Setting next_dagrun for tutorial_dag to None, run_after=None
[2023-10-06T23:06:46.382+0000] {processor.py:176} INFO - Processing /home/airflow/.local/lib/python3.7/site-packages/airflow/example_dags/tutorial_dag.py took 0.074 seconds
[2023-10-06T23:07:16.395+0000] {processor.py:154} INFO - Started process (PID=3993) to work on /home/airflow/.local/lib/python3.7/site-packages/airflow/example_dags/tutorial_dag.py
[2023-10-06T23:07:16.401+0000] {processor.py:756} INFO - Processing file /home/airflow/.local/lib/python3.7/site-packages/airflow/example_dags/tutorial_dag.py for tasks to queue
[2023-10-06T23:07:16.401+0000] {logging_mixin.py:120} INFO - [2023-10-06T23:07:16.401+0000] {dagbag.py:537} INFO - Filling up the DagBag from /home/airflow/.local/lib/python3.7/site-packages/airflow/example_dags/tutorial_dag.py
[2023-10-06T23:07:16.411+0000] {processor.py:766} INFO - DAG(s) dict_keys(['tutorial_dag']) retrieved from /home/airflow/.local/lib/python3.7/site-packages/airflow/example_dags/tutorial_dag.py
[2023-10-06T23:07:16.441+0000] {logging_mixin.py:120} INFO - [2023-10-06T23:07:16.441+0000] {dag.py:2585} INFO - Sync 1 DAGs
[2023-10-06T23:07:16.458+0000] {logging_mixin.py:120} INFO - [2023-10-06T23:07:16.458+0000] {dag.py:3340} INFO - Setting next_dagrun for tutorial_dag to None, run_after=None
[2023-10-06T23:07:16.475+0000] {processor.py:176} INFO - Processing /home/airflow/.local/lib/python3.7/site-packages/airflow/example_dags/tutorial_dag.py took 0.081 seconds
[2023-10-06T23:07:46.570+0000] {processor.py:154} INFO - Started process (PID=4050) to work on /home/airflow/.local/lib/python3.7/site-packages/airflow/example_dags/tutorial_dag.py
[2023-10-06T23:07:46.576+0000] {processor.py:756} INFO - Processing file /home/airflow/.local/lib/python3.7/site-packages/airflow/example_dags/tutorial_dag.py for tasks to queue
[2023-10-06T23:07:46.576+0000] {logging_mixin.py:120} INFO - [2023-10-06T23:07:46.576+0000] {dagbag.py:537} INFO - Filling up the DagBag from /home/airflow/.local/lib/python3.7/site-packages/airflow/example_dags/tutorial_dag.py
[2023-10-06T23:07:46.585+0000] {processor.py:766} INFO - DAG(s) dict_keys(['tutorial_dag']) retrieved from /home/airflow/.local/lib/python3.7/site-packages/airflow/example_dags/tutorial_dag.py
[2023-10-06T23:07:46.614+0000] {logging_mixin.py:120} INFO - [2023-10-06T23:07:46.613+0000] {dag.py:2585} INFO - Sync 1 DAGs
[2023-10-06T23:07:46.635+0000] {logging_mixin.py:120} INFO - [2023-10-06T23:07:46.635+0000] {dag.py:3340} INFO - Setting next_dagrun for tutorial_dag to None, run_after=None
[2023-10-06T23:07:46.651+0000] {processor.py:176} INFO - Processing /home/airflow/.local/lib/python3.7/site-packages/airflow/example_dags/tutorial_dag.py took 0.083 seconds
[2023-10-06T23:08:16.715+0000] {processor.py:154} INFO - Started process (PID=4114) to work on /home/airflow/.local/lib/python3.7/site-packages/airflow/example_dags/tutorial_dag.py
[2023-10-06T23:08:16.716+0000] {processor.py:756} INFO - Processing file /home/airflow/.local/lib/python3.7/site-packages/airflow/example_dags/tutorial_dag.py for tasks to queue
[2023-10-06T23:08:16.716+0000] {logging_mixin.py:120} INFO - [2023-10-06T23:08:16.716+0000] {dagbag.py:537} INFO - Filling up the DagBag from /home/airflow/.local/lib/python3.7/site-packages/airflow/example_dags/tutorial_dag.py
[2023-10-06T23:08:16.725+0000] {processor.py:766} INFO - DAG(s) dict_keys(['tutorial_dag']) retrieved from /home/airflow/.local/lib/python3.7/site-packages/airflow/example_dags/tutorial_dag.py
[2023-10-06T23:08:16.752+0000] {logging_mixin.py:120} INFO - [2023-10-06T23:08:16.752+0000] {dag.py:2585} INFO - Sync 1 DAGs
[2023-10-06T23:08:16.768+0000] {logging_mixin.py:120} INFO - [2023-10-06T23:08:16.768+0000] {dag.py:3340} INFO - Setting next_dagrun for tutorial_dag to None, run_after=None
[2023-10-06T23:08:16.781+0000] {processor.py:176} INFO - Processing /home/airflow/.local/lib/python3.7/site-packages/airflow/example_dags/tutorial_dag.py took 0.068 seconds
[2023-10-06T23:08:46.911+0000] {processor.py:154} INFO - Started process (PID=4178) to work on /home/airflow/.local/lib/python3.7/site-packages/airflow/example_dags/tutorial_dag.py
[2023-10-06T23:08:46.912+0000] {processor.py:756} INFO - Processing file /home/airflow/.local/lib/python3.7/site-packages/airflow/example_dags/tutorial_dag.py for tasks to queue
[2023-10-06T23:08:46.913+0000] {logging_mixin.py:120} INFO - [2023-10-06T23:08:46.913+0000] {dagbag.py:537} INFO - Filling up the DagBag from /home/airflow/.local/lib/python3.7/site-packages/airflow/example_dags/tutorial_dag.py
[2023-10-06T23:08:46.924+0000] {processor.py:766} INFO - DAG(s) dict_keys(['tutorial_dag']) retrieved from /home/airflow/.local/lib/python3.7/site-packages/airflow/example_dags/tutorial_dag.py
[2023-10-06T23:08:46.961+0000] {logging_mixin.py:120} INFO - [2023-10-06T23:08:46.961+0000] {dag.py:2585} INFO - Sync 1 DAGs
[2023-10-06T23:08:46.985+0000] {logging_mixin.py:120} INFO - [2023-10-06T23:08:46.985+0000] {dag.py:3340} INFO - Setting next_dagrun for tutorial_dag to None, run_after=None
[2023-10-06T23:08:47.001+0000] {processor.py:176} INFO - Processing /home/airflow/.local/lib/python3.7/site-packages/airflow/example_dags/tutorial_dag.py took 0.093 seconds
