[2023-10-06T22:34:54.513+0000] {processor.py:154} INFO - Started process (PID=63) to work on /home/airflow/.local/lib/python3.7/site-packages/airflow/example_dags/tutorial.py
[2023-10-06T22:34:54.514+0000] {processor.py:756} INFO - Processing file /home/airflow/.local/lib/python3.7/site-packages/airflow/example_dags/tutorial.py for tasks to queue
[2023-10-06T22:34:54.514+0000] {logging_mixin.py:120} INFO - [2023-10-06T22:34:54.514+0000] {dagbag.py:537} INFO - Filling up the DagBag from /home/airflow/.local/lib/python3.7/site-packages/airflow/example_dags/tutorial.py
[2023-10-06T22:34:54.525+0000] {processor.py:766} INFO - DAG(s) dict_keys(['tutorial']) retrieved from /home/airflow/.local/lib/python3.7/site-packages/airflow/example_dags/tutorial.py
[2023-10-06T22:34:54.561+0000] {logging_mixin.py:120} INFO - [2023-10-06T22:34:54.560+0000] {dag.py:2585} INFO - Sync 1 DAGs
[2023-10-06T22:34:54.581+0000] {logging_mixin.py:120} INFO - [2023-10-06T22:34:54.581+0000] {dag.py:3340} INFO - Setting next_dagrun for tutorial to 2023-10-05T22:34:54.581415+00:00, run_after=2023-10-06T22:34:54.581415+00:00
[2023-10-06T22:34:54.598+0000] {processor.py:176} INFO - Processing /home/airflow/.local/lib/python3.7/site-packages/airflow/example_dags/tutorial.py took 0.087 seconds
[2023-10-06T22:35:24.740+0000] {processor.py:154} INFO - Started process (PID=126) to work on /home/airflow/.local/lib/python3.7/site-packages/airflow/example_dags/tutorial.py
[2023-10-06T22:35:24.740+0000] {processor.py:756} INFO - Processing file /home/airflow/.local/lib/python3.7/site-packages/airflow/example_dags/tutorial.py for tasks to queue
[2023-10-06T22:35:24.741+0000] {logging_mixin.py:120} INFO - [2023-10-06T22:35:24.740+0000] {dagbag.py:537} INFO - Filling up the DagBag from /home/airflow/.local/lib/python3.7/site-packages/airflow/example_dags/tutorial.py
[2023-10-06T22:35:24.752+0000] {processor.py:766} INFO - DAG(s) dict_keys(['tutorial']) retrieved from /home/airflow/.local/lib/python3.7/site-packages/airflow/example_dags/tutorial.py
[2023-10-06T22:35:24.771+0000] {logging_mixin.py:120} INFO - [2023-10-06T22:35:24.771+0000] {dag.py:2585} INFO - Sync 1 DAGs
[2023-10-06T22:35:24.789+0000] {logging_mixin.py:120} INFO - [2023-10-06T22:35:24.789+0000] {dag.py:3340} INFO - Setting next_dagrun for tutorial to 2023-10-05T22:35:24.789639+00:00, run_after=2023-10-06T22:35:24.789639+00:00
[2023-10-06T22:35:24.805+0000] {processor.py:176} INFO - Processing /home/airflow/.local/lib/python3.7/site-packages/airflow/example_dags/tutorial.py took 0.069 seconds
[2023-10-06T22:35:55.824+0000] {processor.py:154} INFO - Started process (PID=189) to work on /home/airflow/.local/lib/python3.7/site-packages/airflow/example_dags/tutorial.py
[2023-10-06T22:35:55.826+0000] {processor.py:756} INFO - Processing file /home/airflow/.local/lib/python3.7/site-packages/airflow/example_dags/tutorial.py for tasks to queue
[2023-10-06T22:35:55.826+0000] {logging_mixin.py:120} INFO - [2023-10-06T22:35:55.826+0000] {dagbag.py:537} INFO - Filling up the DagBag from /home/airflow/.local/lib/python3.7/site-packages/airflow/example_dags/tutorial.py
[2023-10-06T22:35:55.843+0000] {processor.py:766} INFO - DAG(s) dict_keys(['tutorial']) retrieved from /home/airflow/.local/lib/python3.7/site-packages/airflow/example_dags/tutorial.py
[2023-10-06T22:35:55.875+0000] {logging_mixin.py:120} INFO - [2023-10-06T22:35:55.875+0000] {dag.py:2585} INFO - Sync 1 DAGs
[2023-10-06T22:35:55.894+0000] {logging_mixin.py:120} INFO - [2023-10-06T22:35:55.893+0000] {dag.py:3340} INFO - Setting next_dagrun for tutorial to 2023-10-05T22:35:55.893776+00:00, run_after=2023-10-06T22:35:55.893776+00:00
[2023-10-06T22:35:55.910+0000] {processor.py:176} INFO - Processing /home/airflow/.local/lib/python3.7/site-packages/airflow/example_dags/tutorial.py took 0.089 seconds
[2023-10-06T22:36:26.159+0000] {processor.py:154} INFO - Started process (PID=250) to work on /home/airflow/.local/lib/python3.7/site-packages/airflow/example_dags/tutorial.py
[2023-10-06T22:36:26.159+0000] {processor.py:756} INFO - Processing file /home/airflow/.local/lib/python3.7/site-packages/airflow/example_dags/tutorial.py for tasks to queue
[2023-10-06T22:36:26.160+0000] {logging_mixin.py:120} INFO - [2023-10-06T22:36:26.160+0000] {dagbag.py:537} INFO - Filling up the DagBag from /home/airflow/.local/lib/python3.7/site-packages/airflow/example_dags/tutorial.py
[2023-10-06T22:36:26.169+0000] {processor.py:766} INFO - DAG(s) dict_keys(['tutorial']) retrieved from /home/airflow/.local/lib/python3.7/site-packages/airflow/example_dags/tutorial.py
[2023-10-06T22:36:26.199+0000] {logging_mixin.py:120} INFO - [2023-10-06T22:36:26.199+0000] {dag.py:2585} INFO - Sync 1 DAGs
[2023-10-06T22:36:26.216+0000] {logging_mixin.py:120} INFO - [2023-10-06T22:36:26.216+0000] {dag.py:3340} INFO - Setting next_dagrun for tutorial to 2023-10-05T22:36:26.216167+00:00, run_after=2023-10-06T22:36:26.216167+00:00
[2023-10-06T22:36:26.232+0000] {processor.py:176} INFO - Processing /home/airflow/.local/lib/python3.7/site-packages/airflow/example_dags/tutorial.py took 0.076 seconds
[2023-10-06T22:36:56.973+0000] {processor.py:154} INFO - Started process (PID=307) to work on /home/airflow/.local/lib/python3.7/site-packages/airflow/example_dags/tutorial.py
[2023-10-06T22:36:56.974+0000] {processor.py:756} INFO - Processing file /home/airflow/.local/lib/python3.7/site-packages/airflow/example_dags/tutorial.py for tasks to queue
[2023-10-06T22:36:56.974+0000] {logging_mixin.py:120} INFO - [2023-10-06T22:36:56.974+0000] {dagbag.py:537} INFO - Filling up the DagBag from /home/airflow/.local/lib/python3.7/site-packages/airflow/example_dags/tutorial.py
[2023-10-06T22:36:56.989+0000] {processor.py:766} INFO - DAG(s) dict_keys(['tutorial']) retrieved from /home/airflow/.local/lib/python3.7/site-packages/airflow/example_dags/tutorial.py
[2023-10-06T22:36:57.045+0000] {logging_mixin.py:120} INFO - [2023-10-06T22:36:57.045+0000] {dag.py:2585} INFO - Sync 1 DAGs
[2023-10-06T22:36:57.065+0000] {logging_mixin.py:120} INFO - [2023-10-06T22:36:57.065+0000] {dag.py:3340} INFO - Setting next_dagrun for tutorial to 2023-10-05T22:36:57.065494+00:00, run_after=2023-10-06T22:36:57.065494+00:00
[2023-10-06T22:36:57.084+0000] {processor.py:176} INFO - Processing /home/airflow/.local/lib/python3.7/site-packages/airflow/example_dags/tutorial.py took 0.113 seconds
[2023-10-06T22:37:27.776+0000] {processor.py:154} INFO - Started process (PID=370) to work on /home/airflow/.local/lib/python3.7/site-packages/airflow/example_dags/tutorial.py
[2023-10-06T22:37:27.777+0000] {processor.py:756} INFO - Processing file /home/airflow/.local/lib/python3.7/site-packages/airflow/example_dags/tutorial.py for tasks to queue
[2023-10-06T22:37:27.777+0000] {logging_mixin.py:120} INFO - [2023-10-06T22:37:27.777+0000] {dagbag.py:537} INFO - Filling up the DagBag from /home/airflow/.local/lib/python3.7/site-packages/airflow/example_dags/tutorial.py
[2023-10-06T22:37:27.800+0000] {processor.py:766} INFO - DAG(s) dict_keys(['tutorial']) retrieved from /home/airflow/.local/lib/python3.7/site-packages/airflow/example_dags/tutorial.py
[2023-10-06T22:37:27.854+0000] {logging_mixin.py:120} INFO - [2023-10-06T22:37:27.854+0000] {dag.py:2585} INFO - Sync 1 DAGs
[2023-10-06T22:37:27.877+0000] {logging_mixin.py:120} INFO - [2023-10-06T22:37:27.877+0000] {dag.py:3340} INFO - Setting next_dagrun for tutorial to 2023-10-05T22:37:27.877374+00:00, run_after=2023-10-06T22:37:27.877374+00:00
[2023-10-06T22:37:27.893+0000] {processor.py:176} INFO - Processing /home/airflow/.local/lib/python3.7/site-packages/airflow/example_dags/tutorial.py took 0.120 seconds
[2023-10-06T22:37:58.315+0000] {processor.py:154} INFO - Started process (PID=434) to work on /home/airflow/.local/lib/python3.7/site-packages/airflow/example_dags/tutorial.py
[2023-10-06T22:37:58.316+0000] {processor.py:756} INFO - Processing file /home/airflow/.local/lib/python3.7/site-packages/airflow/example_dags/tutorial.py for tasks to queue
[2023-10-06T22:37:58.317+0000] {logging_mixin.py:120} INFO - [2023-10-06T22:37:58.317+0000] {dagbag.py:537} INFO - Filling up the DagBag from /home/airflow/.local/lib/python3.7/site-packages/airflow/example_dags/tutorial.py
[2023-10-06T22:37:58.334+0000] {processor.py:766} INFO - DAG(s) dict_keys(['tutorial']) retrieved from /home/airflow/.local/lib/python3.7/site-packages/airflow/example_dags/tutorial.py
[2023-10-06T22:37:58.370+0000] {logging_mixin.py:120} INFO - [2023-10-06T22:37:58.370+0000] {dag.py:2585} INFO - Sync 1 DAGs
[2023-10-06T22:37:58.390+0000] {logging_mixin.py:120} INFO - [2023-10-06T22:37:58.390+0000] {dag.py:3340} INFO - Setting next_dagrun for tutorial to 2023-10-05T22:37:58.389692+00:00, run_after=2023-10-06T22:37:58.389692+00:00
[2023-10-06T22:37:58.411+0000] {processor.py:176} INFO - Processing /home/airflow/.local/lib/python3.7/site-packages/airflow/example_dags/tutorial.py took 0.098 seconds
[2023-10-06T22:38:28.842+0000] {processor.py:154} INFO - Started process (PID=498) to work on /home/airflow/.local/lib/python3.7/site-packages/airflow/example_dags/tutorial.py
[2023-10-06T22:38:28.843+0000] {processor.py:756} INFO - Processing file /home/airflow/.local/lib/python3.7/site-packages/airflow/example_dags/tutorial.py for tasks to queue
[2023-10-06T22:38:28.844+0000] {logging_mixin.py:120} INFO - [2023-10-06T22:38:28.844+0000] {dagbag.py:537} INFO - Filling up the DagBag from /home/airflow/.local/lib/python3.7/site-packages/airflow/example_dags/tutorial.py
[2023-10-06T22:38:28.858+0000] {processor.py:766} INFO - DAG(s) dict_keys(['tutorial']) retrieved from /home/airflow/.local/lib/python3.7/site-packages/airflow/example_dags/tutorial.py
[2023-10-06T22:38:28.911+0000] {logging_mixin.py:120} INFO - [2023-10-06T22:38:28.911+0000] {dag.py:2585} INFO - Sync 1 DAGs
[2023-10-06T22:38:28.939+0000] {logging_mixin.py:120} INFO - [2023-10-06T22:38:28.939+0000] {dag.py:3340} INFO - Setting next_dagrun for tutorial to 2023-10-05T22:38:28.939040+00:00, run_after=2023-10-06T22:38:28.939040+00:00
[2023-10-06T22:38:28.961+0000] {processor.py:176} INFO - Processing /home/airflow/.local/lib/python3.7/site-packages/airflow/example_dags/tutorial.py took 0.121 seconds
[2023-10-06T22:38:59.445+0000] {processor.py:154} INFO - Started process (PID=552) to work on /home/airflow/.local/lib/python3.7/site-packages/airflow/example_dags/tutorial.py
[2023-10-06T22:38:59.446+0000] {processor.py:756} INFO - Processing file /home/airflow/.local/lib/python3.7/site-packages/airflow/example_dags/tutorial.py for tasks to queue
[2023-10-06T22:38:59.447+0000] {logging_mixin.py:120} INFO - [2023-10-06T22:38:59.447+0000] {dagbag.py:537} INFO - Filling up the DagBag from /home/airflow/.local/lib/python3.7/site-packages/airflow/example_dags/tutorial.py
[2023-10-06T22:38:59.460+0000] {processor.py:766} INFO - DAG(s) dict_keys(['tutorial']) retrieved from /home/airflow/.local/lib/python3.7/site-packages/airflow/example_dags/tutorial.py
[2023-10-06T22:38:59.497+0000] {logging_mixin.py:120} INFO - [2023-10-06T22:38:59.497+0000] {dag.py:2585} INFO - Sync 1 DAGs
[2023-10-06T22:38:59.522+0000] {logging_mixin.py:120} INFO - [2023-10-06T22:38:59.521+0000] {dag.py:3340} INFO - Setting next_dagrun for tutorial to 2023-10-05T22:38:59.521743+00:00, run_after=2023-10-06T22:38:59.521743+00:00
[2023-10-06T22:38:59.541+0000] {processor.py:176} INFO - Processing /home/airflow/.local/lib/python3.7/site-packages/airflow/example_dags/tutorial.py took 0.098 seconds
[2023-10-06T22:39:30.585+0000] {processor.py:154} INFO - Started process (PID=617) to work on /home/airflow/.local/lib/python3.7/site-packages/airflow/example_dags/tutorial.py
[2023-10-06T22:39:30.586+0000] {processor.py:756} INFO - Processing file /home/airflow/.local/lib/python3.7/site-packages/airflow/example_dags/tutorial.py for tasks to queue
[2023-10-06T22:39:30.587+0000] {logging_mixin.py:120} INFO - [2023-10-06T22:39:30.587+0000] {dagbag.py:537} INFO - Filling up the DagBag from /home/airflow/.local/lib/python3.7/site-packages/airflow/example_dags/tutorial.py
[2023-10-06T22:39:30.604+0000] {processor.py:766} INFO - DAG(s) dict_keys(['tutorial']) retrieved from /home/airflow/.local/lib/python3.7/site-packages/airflow/example_dags/tutorial.py
[2023-10-06T22:39:30.652+0000] {logging_mixin.py:120} INFO - [2023-10-06T22:39:30.652+0000] {dag.py:2585} INFO - Sync 1 DAGs
[2023-10-06T22:39:30.694+0000] {logging_mixin.py:120} INFO - [2023-10-06T22:39:30.694+0000] {dag.py:3340} INFO - Setting next_dagrun for tutorial to 2023-10-05T22:39:30.693670+00:00, run_after=2023-10-06T22:39:30.693670+00:00
[2023-10-06T22:39:30.717+0000] {processor.py:176} INFO - Processing /home/airflow/.local/lib/python3.7/site-packages/airflow/example_dags/tutorial.py took 0.135 seconds
[2023-10-06T22:40:00.732+0000] {processor.py:154} INFO - Started process (PID=680) to work on /home/airflow/.local/lib/python3.7/site-packages/airflow/example_dags/tutorial.py
[2023-10-06T22:40:00.733+0000] {processor.py:756} INFO - Processing file /home/airflow/.local/lib/python3.7/site-packages/airflow/example_dags/tutorial.py for tasks to queue
[2023-10-06T22:40:00.733+0000] {logging_mixin.py:120} INFO - [2023-10-06T22:40:00.733+0000] {dagbag.py:537} INFO - Filling up the DagBag from /home/airflow/.local/lib/python3.7/site-packages/airflow/example_dags/tutorial.py
[2023-10-06T22:40:00.744+0000] {processor.py:766} INFO - DAG(s) dict_keys(['tutorial']) retrieved from /home/airflow/.local/lib/python3.7/site-packages/airflow/example_dags/tutorial.py
[2023-10-06T22:40:00.779+0000] {logging_mixin.py:120} INFO - [2023-10-06T22:40:00.779+0000] {dag.py:2585} INFO - Sync 1 DAGs
[2023-10-06T22:40:00.798+0000] {logging_mixin.py:120} INFO - [2023-10-06T22:40:00.798+0000] {dag.py:3340} INFO - Setting next_dagrun for tutorial to 2023-10-05T22:40:00.798010+00:00, run_after=2023-10-06T22:40:00.798010+00:00
[2023-10-06T22:40:00.814+0000] {processor.py:176} INFO - Processing /home/airflow/.local/lib/python3.7/site-packages/airflow/example_dags/tutorial.py took 0.085 seconds
[2023-10-06T22:40:31.099+0000] {processor.py:154} INFO - Started process (PID=734) to work on /home/airflow/.local/lib/python3.7/site-packages/airflow/example_dags/tutorial.py
[2023-10-06T22:40:31.102+0000] {processor.py:756} INFO - Processing file /home/airflow/.local/lib/python3.7/site-packages/airflow/example_dags/tutorial.py for tasks to queue
[2023-10-06T22:40:31.102+0000] {logging_mixin.py:120} INFO - [2023-10-06T22:40:31.102+0000] {dagbag.py:537} INFO - Filling up the DagBag from /home/airflow/.local/lib/python3.7/site-packages/airflow/example_dags/tutorial.py
[2023-10-06T22:40:31.115+0000] {processor.py:766} INFO - DAG(s) dict_keys(['tutorial']) retrieved from /home/airflow/.local/lib/python3.7/site-packages/airflow/example_dags/tutorial.py
[2023-10-06T22:40:31.150+0000] {logging_mixin.py:120} INFO - [2023-10-06T22:40:31.150+0000] {dag.py:2585} INFO - Sync 1 DAGs
[2023-10-06T22:40:31.171+0000] {logging_mixin.py:120} INFO - [2023-10-06T22:40:31.170+0000] {dag.py:3340} INFO - Setting next_dagrun for tutorial to 2023-10-05T22:40:31.170728+00:00, run_after=2023-10-06T22:40:31.170728+00:00
[2023-10-06T22:40:31.187+0000] {processor.py:176} INFO - Processing /home/airflow/.local/lib/python3.7/site-packages/airflow/example_dags/tutorial.py took 0.090 seconds
[2023-10-06T22:41:01.727+0000] {processor.py:154} INFO - Started process (PID=797) to work on /home/airflow/.local/lib/python3.7/site-packages/airflow/example_dags/tutorial.py
[2023-10-06T22:41:01.728+0000] {processor.py:756} INFO - Processing file /home/airflow/.local/lib/python3.7/site-packages/airflow/example_dags/tutorial.py for tasks to queue
[2023-10-06T22:41:01.729+0000] {logging_mixin.py:120} INFO - [2023-10-06T22:41:01.729+0000] {dagbag.py:537} INFO - Filling up the DagBag from /home/airflow/.local/lib/python3.7/site-packages/airflow/example_dags/tutorial.py
[2023-10-06T22:41:01.740+0000] {processor.py:766} INFO - DAG(s) dict_keys(['tutorial']) retrieved from /home/airflow/.local/lib/python3.7/site-packages/airflow/example_dags/tutorial.py
[2023-10-06T22:41:01.771+0000] {logging_mixin.py:120} INFO - [2023-10-06T22:41:01.771+0000] {dag.py:2585} INFO - Sync 1 DAGs
[2023-10-06T22:41:01.788+0000] {logging_mixin.py:120} INFO - [2023-10-06T22:41:01.788+0000] {dag.py:3340} INFO - Setting next_dagrun for tutorial to 2023-10-05T22:41:01.788155+00:00, run_after=2023-10-06T22:41:01.788155+00:00
[2023-10-06T22:41:01.804+0000] {processor.py:176} INFO - Processing /home/airflow/.local/lib/python3.7/site-packages/airflow/example_dags/tutorial.py took 0.080 seconds
[2023-10-06T22:41:32.247+0000] {processor.py:154} INFO - Started process (PID=860) to work on /home/airflow/.local/lib/python3.7/site-packages/airflow/example_dags/tutorial.py
[2023-10-06T22:41:32.247+0000] {processor.py:756} INFO - Processing file /home/airflow/.local/lib/python3.7/site-packages/airflow/example_dags/tutorial.py for tasks to queue
[2023-10-06T22:41:32.248+0000] {logging_mixin.py:120} INFO - [2023-10-06T22:41:32.248+0000] {dagbag.py:537} INFO - Filling up the DagBag from /home/airflow/.local/lib/python3.7/site-packages/airflow/example_dags/tutorial.py
[2023-10-06T22:41:32.258+0000] {processor.py:766} INFO - DAG(s) dict_keys(['tutorial']) retrieved from /home/airflow/.local/lib/python3.7/site-packages/airflow/example_dags/tutorial.py
[2023-10-06T22:41:32.287+0000] {logging_mixin.py:120} INFO - [2023-10-06T22:41:32.287+0000] {dag.py:2585} INFO - Sync 1 DAGs
[2023-10-06T22:41:32.305+0000] {logging_mixin.py:120} INFO - [2023-10-06T22:41:32.305+0000] {dag.py:3340} INFO - Setting next_dagrun for tutorial to 2023-10-05T22:41:32.304769+00:00, run_after=2023-10-06T22:41:32.304769+00:00
[2023-10-06T22:41:32.324+0000] {processor.py:176} INFO - Processing /home/airflow/.local/lib/python3.7/site-packages/airflow/example_dags/tutorial.py took 0.079 seconds
[2023-10-06T22:42:02.459+0000] {processor.py:154} INFO - Started process (PID=923) to work on /home/airflow/.local/lib/python3.7/site-packages/airflow/example_dags/tutorial.py
[2023-10-06T22:42:02.460+0000] {processor.py:756} INFO - Processing file /home/airflow/.local/lib/python3.7/site-packages/airflow/example_dags/tutorial.py for tasks to queue
[2023-10-06T22:42:02.461+0000] {logging_mixin.py:120} INFO - [2023-10-06T22:42:02.461+0000] {dagbag.py:537} INFO - Filling up the DagBag from /home/airflow/.local/lib/python3.7/site-packages/airflow/example_dags/tutorial.py
[2023-10-06T22:42:02.472+0000] {processor.py:766} INFO - DAG(s) dict_keys(['tutorial']) retrieved from /home/airflow/.local/lib/python3.7/site-packages/airflow/example_dags/tutorial.py
[2023-10-06T22:42:02.508+0000] {logging_mixin.py:120} INFO - [2023-10-06T22:42:02.508+0000] {dag.py:2585} INFO - Sync 1 DAGs
[2023-10-06T22:42:02.526+0000] {logging_mixin.py:120} INFO - [2023-10-06T22:42:02.526+0000] {dag.py:3340} INFO - Setting next_dagrun for tutorial to 2023-10-05T22:42:02.526361+00:00, run_after=2023-10-06T22:42:02.526361+00:00
[2023-10-06T22:42:02.542+0000] {processor.py:176} INFO - Processing /home/airflow/.local/lib/python3.7/site-packages/airflow/example_dags/tutorial.py took 0.085 seconds
[2023-10-06T22:42:33.053+0000] {processor.py:154} INFO - Started process (PID=977) to work on /home/airflow/.local/lib/python3.7/site-packages/airflow/example_dags/tutorial.py
[2023-10-06T22:42:33.054+0000] {processor.py:756} INFO - Processing file /home/airflow/.local/lib/python3.7/site-packages/airflow/example_dags/tutorial.py for tasks to queue
[2023-10-06T22:42:33.055+0000] {logging_mixin.py:120} INFO - [2023-10-06T22:42:33.055+0000] {dagbag.py:537} INFO - Filling up the DagBag from /home/airflow/.local/lib/python3.7/site-packages/airflow/example_dags/tutorial.py
[2023-10-06T22:42:33.064+0000] {processor.py:766} INFO - DAG(s) dict_keys(['tutorial']) retrieved from /home/airflow/.local/lib/python3.7/site-packages/airflow/example_dags/tutorial.py
[2023-10-06T22:42:33.092+0000] {logging_mixin.py:120} INFO - [2023-10-06T22:42:33.091+0000] {dag.py:2585} INFO - Sync 1 DAGs
[2023-10-06T22:42:33.107+0000] {logging_mixin.py:120} INFO - [2023-10-06T22:42:33.107+0000] {dag.py:3340} INFO - Setting next_dagrun for tutorial to 2023-10-05T22:42:33.107584+00:00, run_after=2023-10-06T22:42:33.107584+00:00
[2023-10-06T22:42:33.121+0000] {processor.py:176} INFO - Processing /home/airflow/.local/lib/python3.7/site-packages/airflow/example_dags/tutorial.py took 0.070 seconds
[2023-10-06T22:43:03.459+0000] {processor.py:154} INFO - Started process (PID=1041) to work on /home/airflow/.local/lib/python3.7/site-packages/airflow/example_dags/tutorial.py
[2023-10-06T22:43:03.460+0000] {processor.py:756} INFO - Processing file /home/airflow/.local/lib/python3.7/site-packages/airflow/example_dags/tutorial.py for tasks to queue
[2023-10-06T22:43:03.461+0000] {logging_mixin.py:120} INFO - [2023-10-06T22:43:03.461+0000] {dagbag.py:537} INFO - Filling up the DagBag from /home/airflow/.local/lib/python3.7/site-packages/airflow/example_dags/tutorial.py
[2023-10-06T22:43:03.472+0000] {processor.py:766} INFO - DAG(s) dict_keys(['tutorial']) retrieved from /home/airflow/.local/lib/python3.7/site-packages/airflow/example_dags/tutorial.py
[2023-10-06T22:43:03.504+0000] {logging_mixin.py:120} INFO - [2023-10-06T22:43:03.504+0000] {dag.py:2585} INFO - Sync 1 DAGs
[2023-10-06T22:43:03.522+0000] {logging_mixin.py:120} INFO - [2023-10-06T22:43:03.522+0000] {dag.py:3340} INFO - Setting next_dagrun for tutorial to 2023-10-05T22:43:03.522641+00:00, run_after=2023-10-06T22:43:03.522641+00:00
[2023-10-06T22:43:03.541+0000] {processor.py:176} INFO - Processing /home/airflow/.local/lib/python3.7/site-packages/airflow/example_dags/tutorial.py took 0.085 seconds
[2023-10-06T22:43:33.857+0000] {processor.py:154} INFO - Started process (PID=1105) to work on /home/airflow/.local/lib/python3.7/site-packages/airflow/example_dags/tutorial.py
[2023-10-06T22:43:33.857+0000] {processor.py:756} INFO - Processing file /home/airflow/.local/lib/python3.7/site-packages/airflow/example_dags/tutorial.py for tasks to queue
[2023-10-06T22:43:33.858+0000] {logging_mixin.py:120} INFO - [2023-10-06T22:43:33.858+0000] {dagbag.py:537} INFO - Filling up the DagBag from /home/airflow/.local/lib/python3.7/site-packages/airflow/example_dags/tutorial.py
[2023-10-06T22:43:33.868+0000] {processor.py:766} INFO - DAG(s) dict_keys(['tutorial']) retrieved from /home/airflow/.local/lib/python3.7/site-packages/airflow/example_dags/tutorial.py
[2023-10-06T22:43:33.898+0000] {logging_mixin.py:120} INFO - [2023-10-06T22:43:33.898+0000] {dag.py:2585} INFO - Sync 1 DAGs
[2023-10-06T22:43:33.916+0000] {logging_mixin.py:120} INFO - [2023-10-06T22:43:33.916+0000] {dag.py:3340} INFO - Setting next_dagrun for tutorial to 2023-10-05T22:43:33.916158+00:00, run_after=2023-10-06T22:43:33.916158+00:00
[2023-10-06T22:43:33.930+0000] {processor.py:176} INFO - Processing /home/airflow/.local/lib/python3.7/site-packages/airflow/example_dags/tutorial.py took 0.075 seconds
[2023-10-06T22:44:04.161+0000] {processor.py:154} INFO - Started process (PID=1167) to work on /home/airflow/.local/lib/python3.7/site-packages/airflow/example_dags/tutorial.py
[2023-10-06T22:44:04.162+0000] {processor.py:756} INFO - Processing file /home/airflow/.local/lib/python3.7/site-packages/airflow/example_dags/tutorial.py for tasks to queue
[2023-10-06T22:44:04.163+0000] {logging_mixin.py:120} INFO - [2023-10-06T22:44:04.163+0000] {dagbag.py:537} INFO - Filling up the DagBag from /home/airflow/.local/lib/python3.7/site-packages/airflow/example_dags/tutorial.py
[2023-10-06T22:44:04.174+0000] {processor.py:766} INFO - DAG(s) dict_keys(['tutorial']) retrieved from /home/airflow/.local/lib/python3.7/site-packages/airflow/example_dags/tutorial.py
[2023-10-06T22:44:04.208+0000] {logging_mixin.py:120} INFO - [2023-10-06T22:44:04.207+0000] {dag.py:2585} INFO - Sync 1 DAGs
[2023-10-06T22:44:04.227+0000] {logging_mixin.py:120} INFO - [2023-10-06T22:44:04.227+0000] {dag.py:3340} INFO - Setting next_dagrun for tutorial to 2023-10-05T22:44:04.227242+00:00, run_after=2023-10-06T22:44:04.227242+00:00
[2023-10-06T22:44:04.244+0000] {processor.py:176} INFO - Processing /home/airflow/.local/lib/python3.7/site-packages/airflow/example_dags/tutorial.py took 0.085 seconds
[2023-10-06T22:44:34.564+0000] {processor.py:154} INFO - Started process (PID=1222) to work on /home/airflow/.local/lib/python3.7/site-packages/airflow/example_dags/tutorial.py
[2023-10-06T22:44:34.565+0000] {processor.py:756} INFO - Processing file /home/airflow/.local/lib/python3.7/site-packages/airflow/example_dags/tutorial.py for tasks to queue
[2023-10-06T22:44:34.566+0000] {logging_mixin.py:120} INFO - [2023-10-06T22:44:34.565+0000] {dagbag.py:537} INFO - Filling up the DagBag from /home/airflow/.local/lib/python3.7/site-packages/airflow/example_dags/tutorial.py
[2023-10-06T22:44:34.575+0000] {processor.py:766} INFO - DAG(s) dict_keys(['tutorial']) retrieved from /home/airflow/.local/lib/python3.7/site-packages/airflow/example_dags/tutorial.py
[2023-10-06T22:44:34.606+0000] {logging_mixin.py:120} INFO - [2023-10-06T22:44:34.606+0000] {dag.py:2585} INFO - Sync 1 DAGs
[2023-10-06T22:44:34.624+0000] {logging_mixin.py:120} INFO - [2023-10-06T22:44:34.623+0000] {dag.py:3340} INFO - Setting next_dagrun for tutorial to 2023-10-05T22:44:34.623713+00:00, run_after=2023-10-06T22:44:34.623713+00:00
[2023-10-06T22:44:34.638+0000] {processor.py:176} INFO - Processing /home/airflow/.local/lib/python3.7/site-packages/airflow/example_dags/tutorial.py took 0.076 seconds
[2023-10-06T22:45:04.842+0000] {processor.py:154} INFO - Started process (PID=1286) to work on /home/airflow/.local/lib/python3.7/site-packages/airflow/example_dags/tutorial.py
[2023-10-06T22:45:04.844+0000] {processor.py:756} INFO - Processing file /home/airflow/.local/lib/python3.7/site-packages/airflow/example_dags/tutorial.py for tasks to queue
[2023-10-06T22:45:04.845+0000] {logging_mixin.py:120} INFO - [2023-10-06T22:45:04.844+0000] {dagbag.py:537} INFO - Filling up the DagBag from /home/airflow/.local/lib/python3.7/site-packages/airflow/example_dags/tutorial.py
[2023-10-06T22:45:04.854+0000] {processor.py:766} INFO - DAG(s) dict_keys(['tutorial']) retrieved from /home/airflow/.local/lib/python3.7/site-packages/airflow/example_dags/tutorial.py
[2023-10-06T22:45:04.885+0000] {logging_mixin.py:120} INFO - [2023-10-06T22:45:04.884+0000] {dag.py:2585} INFO - Sync 1 DAGs
[2023-10-06T22:45:04.902+0000] {logging_mixin.py:120} INFO - [2023-10-06T22:45:04.902+0000] {dag.py:3340} INFO - Setting next_dagrun for tutorial to 2023-10-05T22:45:04.901030+00:00, run_after=2023-10-06T22:45:04.901030+00:00
[2023-10-06T22:45:04.916+0000] {processor.py:176} INFO - Processing /home/airflow/.local/lib/python3.7/site-packages/airflow/example_dags/tutorial.py took 0.076 seconds
[2023-10-06T22:45:35.264+0000] {processor.py:154} INFO - Started process (PID=1350) to work on /home/airflow/.local/lib/python3.7/site-packages/airflow/example_dags/tutorial.py
[2023-10-06T22:45:35.265+0000] {processor.py:756} INFO - Processing file /home/airflow/.local/lib/python3.7/site-packages/airflow/example_dags/tutorial.py for tasks to queue
[2023-10-06T22:45:35.266+0000] {logging_mixin.py:120} INFO - [2023-10-06T22:45:35.266+0000] {dagbag.py:537} INFO - Filling up the DagBag from /home/airflow/.local/lib/python3.7/site-packages/airflow/example_dags/tutorial.py
[2023-10-06T22:45:35.276+0000] {processor.py:766} INFO - DAG(s) dict_keys(['tutorial']) retrieved from /home/airflow/.local/lib/python3.7/site-packages/airflow/example_dags/tutorial.py
[2023-10-06T22:45:35.306+0000] {logging_mixin.py:120} INFO - [2023-10-06T22:45:35.306+0000] {dag.py:2585} INFO - Sync 1 DAGs
[2023-10-06T22:45:35.324+0000] {logging_mixin.py:120} INFO - [2023-10-06T22:45:35.323+0000] {dag.py:3340} INFO - Setting next_dagrun for tutorial to 2023-10-05T22:45:35.323756+00:00, run_after=2023-10-06T22:45:35.323756+00:00
[2023-10-06T22:45:35.340+0000] {processor.py:176} INFO - Processing /home/airflow/.local/lib/python3.7/site-packages/airflow/example_dags/tutorial.py took 0.078 seconds
[2023-10-06T22:46:05.734+0000] {processor.py:154} INFO - Started process (PID=1414) to work on /home/airflow/.local/lib/python3.7/site-packages/airflow/example_dags/tutorial.py
[2023-10-06T22:46:05.734+0000] {processor.py:756} INFO - Processing file /home/airflow/.local/lib/python3.7/site-packages/airflow/example_dags/tutorial.py for tasks to queue
[2023-10-06T22:46:05.735+0000] {logging_mixin.py:120} INFO - [2023-10-06T22:46:05.735+0000] {dagbag.py:537} INFO - Filling up the DagBag from /home/airflow/.local/lib/python3.7/site-packages/airflow/example_dags/tutorial.py
[2023-10-06T22:46:05.748+0000] {processor.py:766} INFO - DAG(s) dict_keys(['tutorial']) retrieved from /home/airflow/.local/lib/python3.7/site-packages/airflow/example_dags/tutorial.py
[2023-10-06T22:46:05.783+0000] {logging_mixin.py:120} INFO - [2023-10-06T22:46:05.783+0000] {dag.py:2585} INFO - Sync 1 DAGs
[2023-10-06T22:46:05.803+0000] {logging_mixin.py:120} INFO - [2023-10-06T22:46:05.803+0000] {dag.py:3340} INFO - Setting next_dagrun for tutorial to 2023-10-05T22:46:05.803177+00:00, run_after=2023-10-06T22:46:05.803177+00:00
[2023-10-06T22:46:05.824+0000] {processor.py:176} INFO - Processing /home/airflow/.local/lib/python3.7/site-packages/airflow/example_dags/tutorial.py took 0.093 seconds
[2023-10-06T22:46:36.154+0000] {processor.py:154} INFO - Started process (PID=1479) to work on /home/airflow/.local/lib/python3.7/site-packages/airflow/example_dags/tutorial.py
[2023-10-06T22:46:36.155+0000] {processor.py:756} INFO - Processing file /home/airflow/.local/lib/python3.7/site-packages/airflow/example_dags/tutorial.py for tasks to queue
[2023-10-06T22:46:36.156+0000] {logging_mixin.py:120} INFO - [2023-10-06T22:46:36.155+0000] {dagbag.py:537} INFO - Filling up the DagBag from /home/airflow/.local/lib/python3.7/site-packages/airflow/example_dags/tutorial.py
[2023-10-06T22:46:36.166+0000] {processor.py:766} INFO - DAG(s) dict_keys(['tutorial']) retrieved from /home/airflow/.local/lib/python3.7/site-packages/airflow/example_dags/tutorial.py
[2023-10-06T22:46:36.197+0000] {logging_mixin.py:120} INFO - [2023-10-06T22:46:36.197+0000] {dag.py:2585} INFO - Sync 1 DAGs
[2023-10-06T22:46:36.216+0000] {logging_mixin.py:120} INFO - [2023-10-06T22:46:36.216+0000] {dag.py:3340} INFO - Setting next_dagrun for tutorial to 2023-10-05T22:46:36.216131+00:00, run_after=2023-10-06T22:46:36.216131+00:00
[2023-10-06T22:46:36.233+0000] {processor.py:176} INFO - Processing /home/airflow/.local/lib/python3.7/site-packages/airflow/example_dags/tutorial.py took 0.082 seconds
[2023-10-06T22:47:06.534+0000] {processor.py:154} INFO - Started process (PID=1534) to work on /home/airflow/.local/lib/python3.7/site-packages/airflow/example_dags/tutorial.py
[2023-10-06T22:47:06.534+0000] {processor.py:756} INFO - Processing file /home/airflow/.local/lib/python3.7/site-packages/airflow/example_dags/tutorial.py for tasks to queue
[2023-10-06T22:47:06.535+0000] {logging_mixin.py:120} INFO - [2023-10-06T22:47:06.535+0000] {dagbag.py:537} INFO - Filling up the DagBag from /home/airflow/.local/lib/python3.7/site-packages/airflow/example_dags/tutorial.py
[2023-10-06T22:47:06.545+0000] {processor.py:766} INFO - DAG(s) dict_keys(['tutorial']) retrieved from /home/airflow/.local/lib/python3.7/site-packages/airflow/example_dags/tutorial.py
[2023-10-06T22:47:06.578+0000] {logging_mixin.py:120} INFO - [2023-10-06T22:47:06.578+0000] {dag.py:2585} INFO - Sync 1 DAGs
[2023-10-06T22:47:06.594+0000] {logging_mixin.py:120} INFO - [2023-10-06T22:47:06.594+0000] {dag.py:3340} INFO - Setting next_dagrun for tutorial to 2023-10-05T22:47:06.594564+00:00, run_after=2023-10-06T22:47:06.594564+00:00
[2023-10-06T22:47:06.612+0000] {processor.py:176} INFO - Processing /home/airflow/.local/lib/python3.7/site-packages/airflow/example_dags/tutorial.py took 0.082 seconds
[2023-10-06T22:47:36.899+0000] {processor.py:154} INFO - Started process (PID=1597) to work on /home/airflow/.local/lib/python3.7/site-packages/airflow/example_dags/tutorial.py
[2023-10-06T22:47:36.900+0000] {processor.py:756} INFO - Processing file /home/airflow/.local/lib/python3.7/site-packages/airflow/example_dags/tutorial.py for tasks to queue
[2023-10-06T22:47:36.900+0000] {logging_mixin.py:120} INFO - [2023-10-06T22:47:36.900+0000] {dagbag.py:537} INFO - Filling up the DagBag from /home/airflow/.local/lib/python3.7/site-packages/airflow/example_dags/tutorial.py
[2023-10-06T22:47:36.909+0000] {processor.py:766} INFO - DAG(s) dict_keys(['tutorial']) retrieved from /home/airflow/.local/lib/python3.7/site-packages/airflow/example_dags/tutorial.py
[2023-10-06T22:47:36.938+0000] {logging_mixin.py:120} INFO - [2023-10-06T22:47:36.938+0000] {dag.py:2585} INFO - Sync 1 DAGs
[2023-10-06T22:47:36.954+0000] {logging_mixin.py:120} INFO - [2023-10-06T22:47:36.954+0000] {dag.py:3340} INFO - Setting next_dagrun for tutorial to 2023-10-05T22:47:36.954728+00:00, run_after=2023-10-06T22:47:36.954728+00:00
[2023-10-06T22:47:36.967+0000] {processor.py:176} INFO - Processing /home/airflow/.local/lib/python3.7/site-packages/airflow/example_dags/tutorial.py took 0.071 seconds
[2023-10-06T22:48:07.151+0000] {processor.py:154} INFO - Started process (PID=1661) to work on /home/airflow/.local/lib/python3.7/site-packages/airflow/example_dags/tutorial.py
[2023-10-06T22:48:07.151+0000] {processor.py:756} INFO - Processing file /home/airflow/.local/lib/python3.7/site-packages/airflow/example_dags/tutorial.py for tasks to queue
[2023-10-06T22:48:07.152+0000] {logging_mixin.py:120} INFO - [2023-10-06T22:48:07.152+0000] {dagbag.py:537} INFO - Filling up the DagBag from /home/airflow/.local/lib/python3.7/site-packages/airflow/example_dags/tutorial.py
[2023-10-06T22:48:07.162+0000] {processor.py:766} INFO - DAG(s) dict_keys(['tutorial']) retrieved from /home/airflow/.local/lib/python3.7/site-packages/airflow/example_dags/tutorial.py
[2023-10-06T22:48:07.190+0000] {logging_mixin.py:120} INFO - [2023-10-06T22:48:07.190+0000] {dag.py:2585} INFO - Sync 1 DAGs
[2023-10-06T22:48:07.209+0000] {logging_mixin.py:120} INFO - [2023-10-06T22:48:07.209+0000] {dag.py:3340} INFO - Setting next_dagrun for tutorial to 2023-10-05T22:48:07.208876+00:00, run_after=2023-10-06T22:48:07.208876+00:00
[2023-10-06T22:48:07.222+0000] {processor.py:176} INFO - Processing /home/airflow/.local/lib/python3.7/site-packages/airflow/example_dags/tutorial.py took 0.074 seconds
[2023-10-06T22:48:37.953+0000] {processor.py:154} INFO - Started process (PID=1724) to work on /home/airflow/.local/lib/python3.7/site-packages/airflow/example_dags/tutorial.py
[2023-10-06T22:48:37.954+0000] {processor.py:756} INFO - Processing file /home/airflow/.local/lib/python3.7/site-packages/airflow/example_dags/tutorial.py for tasks to queue
[2023-10-06T22:48:37.954+0000] {logging_mixin.py:120} INFO - [2023-10-06T22:48:37.954+0000] {dagbag.py:537} INFO - Filling up the DagBag from /home/airflow/.local/lib/python3.7/site-packages/airflow/example_dags/tutorial.py
[2023-10-06T22:48:37.965+0000] {processor.py:766} INFO - DAG(s) dict_keys(['tutorial']) retrieved from /home/airflow/.local/lib/python3.7/site-packages/airflow/example_dags/tutorial.py
[2023-10-06T22:48:37.995+0000] {logging_mixin.py:120} INFO - [2023-10-06T22:48:37.995+0000] {dag.py:2585} INFO - Sync 1 DAGs
[2023-10-06T22:48:38.015+0000] {logging_mixin.py:120} INFO - [2023-10-06T22:48:38.015+0000] {dag.py:3340} INFO - Setting next_dagrun for tutorial to 2023-10-05T22:48:38.015475+00:00, run_after=2023-10-06T22:48:38.015475+00:00
[2023-10-06T22:48:38.032+0000] {processor.py:176} INFO - Processing /home/airflow/.local/lib/python3.7/site-packages/airflow/example_dags/tutorial.py took 0.082 seconds
[2023-10-06T22:49:08.351+0000] {processor.py:154} INFO - Started process (PID=1779) to work on /home/airflow/.local/lib/python3.7/site-packages/airflow/example_dags/tutorial.py
[2023-10-06T22:49:08.351+0000] {processor.py:756} INFO - Processing file /home/airflow/.local/lib/python3.7/site-packages/airflow/example_dags/tutorial.py for tasks to queue
[2023-10-06T22:49:08.352+0000] {logging_mixin.py:120} INFO - [2023-10-06T22:49:08.352+0000] {dagbag.py:537} INFO - Filling up the DagBag from /home/airflow/.local/lib/python3.7/site-packages/airflow/example_dags/tutorial.py
[2023-10-06T22:49:08.362+0000] {processor.py:766} INFO - DAG(s) dict_keys(['tutorial']) retrieved from /home/airflow/.local/lib/python3.7/site-packages/airflow/example_dags/tutorial.py
[2023-10-06T22:49:08.392+0000] {logging_mixin.py:120} INFO - [2023-10-06T22:49:08.392+0000] {dag.py:2585} INFO - Sync 1 DAGs
[2023-10-06T22:49:08.409+0000] {logging_mixin.py:120} INFO - [2023-10-06T22:49:08.409+0000] {dag.py:3340} INFO - Setting next_dagrun for tutorial to 2023-10-05T22:49:08.409595+00:00, run_after=2023-10-06T22:49:08.409595+00:00
[2023-10-06T22:49:08.425+0000] {processor.py:176} INFO - Processing /home/airflow/.local/lib/python3.7/site-packages/airflow/example_dags/tutorial.py took 0.077 seconds
[2023-10-06T22:49:38.734+0000] {processor.py:154} INFO - Started process (PID=1843) to work on /home/airflow/.local/lib/python3.7/site-packages/airflow/example_dags/tutorial.py
[2023-10-06T22:49:38.734+0000] {processor.py:756} INFO - Processing file /home/airflow/.local/lib/python3.7/site-packages/airflow/example_dags/tutorial.py for tasks to queue
[2023-10-06T22:49:38.735+0000] {logging_mixin.py:120} INFO - [2023-10-06T22:49:38.735+0000] {dagbag.py:537} INFO - Filling up the DagBag from /home/airflow/.local/lib/python3.7/site-packages/airflow/example_dags/tutorial.py
[2023-10-06T22:49:38.745+0000] {processor.py:766} INFO - DAG(s) dict_keys(['tutorial']) retrieved from /home/airflow/.local/lib/python3.7/site-packages/airflow/example_dags/tutorial.py
[2023-10-06T22:49:38.778+0000] {logging_mixin.py:120} INFO - [2023-10-06T22:49:38.778+0000] {dag.py:2585} INFO - Sync 1 DAGs
[2023-10-06T22:49:38.797+0000] {logging_mixin.py:120} INFO - [2023-10-06T22:49:38.797+0000] {dag.py:3340} INFO - Setting next_dagrun for tutorial to 2023-10-05T22:49:38.797110+00:00, run_after=2023-10-06T22:49:38.797110+00:00
[2023-10-06T22:49:38.812+0000] {processor.py:176} INFO - Processing /home/airflow/.local/lib/python3.7/site-packages/airflow/example_dags/tutorial.py took 0.081 seconds
[2023-10-06T22:50:09.003+0000] {processor.py:154} INFO - Started process (PID=1907) to work on /home/airflow/.local/lib/python3.7/site-packages/airflow/example_dags/tutorial.py
[2023-10-06T22:50:09.004+0000] {processor.py:756} INFO - Processing file /home/airflow/.local/lib/python3.7/site-packages/airflow/example_dags/tutorial.py for tasks to queue
[2023-10-06T22:50:09.004+0000] {logging_mixin.py:120} INFO - [2023-10-06T22:50:09.004+0000] {dagbag.py:537} INFO - Filling up the DagBag from /home/airflow/.local/lib/python3.7/site-packages/airflow/example_dags/tutorial.py
[2023-10-06T22:50:09.013+0000] {processor.py:766} INFO - DAG(s) dict_keys(['tutorial']) retrieved from /home/airflow/.local/lib/python3.7/site-packages/airflow/example_dags/tutorial.py
[2023-10-06T22:50:09.041+0000] {logging_mixin.py:120} INFO - [2023-10-06T22:50:09.040+0000] {dag.py:2585} INFO - Sync 1 DAGs
[2023-10-06T22:50:09.058+0000] {logging_mixin.py:120} INFO - [2023-10-06T22:50:09.058+0000] {dag.py:3340} INFO - Setting next_dagrun for tutorial to 2023-10-05T22:50:09.058287+00:00, run_after=2023-10-06T22:50:09.058287+00:00
[2023-10-06T22:50:09.074+0000] {processor.py:176} INFO - Processing /home/airflow/.local/lib/python3.7/site-packages/airflow/example_dags/tutorial.py took 0.073 seconds
[2023-10-06T22:50:39.332+0000] {processor.py:154} INFO - Started process (PID=1972) to work on /home/airflow/.local/lib/python3.7/site-packages/airflow/example_dags/tutorial.py
[2023-10-06T22:50:39.333+0000] {processor.py:756} INFO - Processing file /home/airflow/.local/lib/python3.7/site-packages/airflow/example_dags/tutorial.py for tasks to queue
[2023-10-06T22:50:39.333+0000] {logging_mixin.py:120} INFO - [2023-10-06T22:50:39.333+0000] {dagbag.py:537} INFO - Filling up the DagBag from /home/airflow/.local/lib/python3.7/site-packages/airflow/example_dags/tutorial.py
[2023-10-06T22:50:39.343+0000] {processor.py:766} INFO - DAG(s) dict_keys(['tutorial']) retrieved from /home/airflow/.local/lib/python3.7/site-packages/airflow/example_dags/tutorial.py
[2023-10-06T22:50:39.371+0000] {logging_mixin.py:120} INFO - [2023-10-06T22:50:39.370+0000] {dag.py:2585} INFO - Sync 1 DAGs
[2023-10-06T22:50:39.386+0000] {logging_mixin.py:120} INFO - [2023-10-06T22:50:39.386+0000] {dag.py:3340} INFO - Setting next_dagrun for tutorial to 2023-10-05T22:50:39.386578+00:00, run_after=2023-10-06T22:50:39.386578+00:00
[2023-10-06T22:50:39.400+0000] {processor.py:176} INFO - Processing /home/airflow/.local/lib/python3.7/site-packages/airflow/example_dags/tutorial.py took 0.070 seconds
[2023-10-06T22:51:09.566+0000] {processor.py:154} INFO - Started process (PID=2027) to work on /home/airflow/.local/lib/python3.7/site-packages/airflow/example_dags/tutorial.py
[2023-10-06T22:51:09.566+0000] {processor.py:756} INFO - Processing file /home/airflow/.local/lib/python3.7/site-packages/airflow/example_dags/tutorial.py for tasks to queue
[2023-10-06T22:51:09.567+0000] {logging_mixin.py:120} INFO - [2023-10-06T22:51:09.567+0000] {dagbag.py:537} INFO - Filling up the DagBag from /home/airflow/.local/lib/python3.7/site-packages/airflow/example_dags/tutorial.py
[2023-10-06T22:51:09.577+0000] {processor.py:766} INFO - DAG(s) dict_keys(['tutorial']) retrieved from /home/airflow/.local/lib/python3.7/site-packages/airflow/example_dags/tutorial.py
[2023-10-06T22:51:09.611+0000] {logging_mixin.py:120} INFO - [2023-10-06T22:51:09.611+0000] {dag.py:2585} INFO - Sync 1 DAGs
[2023-10-06T22:51:09.628+0000] {logging_mixin.py:120} INFO - [2023-10-06T22:51:09.628+0000] {dag.py:3340} INFO - Setting next_dagrun for tutorial to 2023-10-05T22:51:09.628594+00:00, run_after=2023-10-06T22:51:09.628594+00:00
[2023-10-06T22:51:09.646+0000] {processor.py:176} INFO - Processing /home/airflow/.local/lib/python3.7/site-packages/airflow/example_dags/tutorial.py took 0.082 seconds
[2023-10-06T22:51:40.370+0000] {processor.py:154} INFO - Started process (PID=2090) to work on /home/airflow/.local/lib/python3.7/site-packages/airflow/example_dags/tutorial.py
[2023-10-06T22:51:40.371+0000] {processor.py:756} INFO - Processing file /home/airflow/.local/lib/python3.7/site-packages/airflow/example_dags/tutorial.py for tasks to queue
[2023-10-06T22:51:40.371+0000] {logging_mixin.py:120} INFO - [2023-10-06T22:51:40.371+0000] {dagbag.py:537} INFO - Filling up the DagBag from /home/airflow/.local/lib/python3.7/site-packages/airflow/example_dags/tutorial.py
[2023-10-06T22:51:40.381+0000] {processor.py:766} INFO - DAG(s) dict_keys(['tutorial']) retrieved from /home/airflow/.local/lib/python3.7/site-packages/airflow/example_dags/tutorial.py
[2023-10-06T22:51:40.408+0000] {logging_mixin.py:120} INFO - [2023-10-06T22:51:40.408+0000] {dag.py:2585} INFO - Sync 1 DAGs
[2023-10-06T22:51:40.430+0000] {logging_mixin.py:120} INFO - [2023-10-06T22:51:40.430+0000] {dag.py:3340} INFO - Setting next_dagrun for tutorial to 2023-10-05T22:51:40.429965+00:00, run_after=2023-10-06T22:51:40.429965+00:00
[2023-10-06T22:51:40.447+0000] {processor.py:176} INFO - Processing /home/airflow/.local/lib/python3.7/site-packages/airflow/example_dags/tutorial.py took 0.079 seconds
[2023-10-06T22:52:10.729+0000] {processor.py:154} INFO - Started process (PID=2154) to work on /home/airflow/.local/lib/python3.7/site-packages/airflow/example_dags/tutorial.py
[2023-10-06T22:52:10.729+0000] {processor.py:756} INFO - Processing file /home/airflow/.local/lib/python3.7/site-packages/airflow/example_dags/tutorial.py for tasks to queue
[2023-10-06T22:52:10.730+0000] {logging_mixin.py:120} INFO - [2023-10-06T22:52:10.730+0000] {dagbag.py:537} INFO - Filling up the DagBag from /home/airflow/.local/lib/python3.7/site-packages/airflow/example_dags/tutorial.py
[2023-10-06T22:52:10.741+0000] {processor.py:766} INFO - DAG(s) dict_keys(['tutorial']) retrieved from /home/airflow/.local/lib/python3.7/site-packages/airflow/example_dags/tutorial.py
[2023-10-06T22:52:10.771+0000] {logging_mixin.py:120} INFO - [2023-10-06T22:52:10.771+0000] {dag.py:2585} INFO - Sync 1 DAGs
[2023-10-06T22:52:10.789+0000] {logging_mixin.py:120} INFO - [2023-10-06T22:52:10.788+0000] {dag.py:3340} INFO - Setting next_dagrun for tutorial to 2023-10-05T22:52:10.788708+00:00, run_after=2023-10-06T22:52:10.788708+00:00
[2023-10-06T22:52:10.805+0000] {processor.py:176} INFO - Processing /home/airflow/.local/lib/python3.7/site-packages/airflow/example_dags/tutorial.py took 0.079 seconds
[2023-10-06T22:52:40.884+0000] {processor.py:154} INFO - Started process (PID=2219) to work on /home/airflow/.local/lib/python3.7/site-packages/airflow/example_dags/tutorial.py
[2023-10-06T22:52:40.885+0000] {processor.py:756} INFO - Processing file /home/airflow/.local/lib/python3.7/site-packages/airflow/example_dags/tutorial.py for tasks to queue
[2023-10-06T22:52:40.885+0000] {logging_mixin.py:120} INFO - [2023-10-06T22:52:40.885+0000] {dagbag.py:537} INFO - Filling up the DagBag from /home/airflow/.local/lib/python3.7/site-packages/airflow/example_dags/tutorial.py
[2023-10-06T22:52:40.895+0000] {processor.py:766} INFO - DAG(s) dict_keys(['tutorial']) retrieved from /home/airflow/.local/lib/python3.7/site-packages/airflow/example_dags/tutorial.py
[2023-10-06T22:52:40.923+0000] {logging_mixin.py:120} INFO - [2023-10-06T22:52:40.923+0000] {dag.py:2585} INFO - Sync 1 DAGs
[2023-10-06T22:52:40.940+0000] {logging_mixin.py:120} INFO - [2023-10-06T22:52:40.940+0000] {dag.py:3340} INFO - Setting next_dagrun for tutorial to 2023-10-05T22:52:40.939980+00:00, run_after=2023-10-06T22:52:40.939980+00:00
[2023-10-06T22:52:40.953+0000] {processor.py:176} INFO - Processing /home/airflow/.local/lib/python3.7/site-packages/airflow/example_dags/tutorial.py took 0.072 seconds
[2023-10-06T22:53:11.254+0000] {processor.py:154} INFO - Started process (PID=2274) to work on /home/airflow/.local/lib/python3.7/site-packages/airflow/example_dags/tutorial.py
[2023-10-06T22:53:11.255+0000] {processor.py:756} INFO - Processing file /home/airflow/.local/lib/python3.7/site-packages/airflow/example_dags/tutorial.py for tasks to queue
[2023-10-06T22:53:11.255+0000] {logging_mixin.py:120} INFO - [2023-10-06T22:53:11.255+0000] {dagbag.py:537} INFO - Filling up the DagBag from /home/airflow/.local/lib/python3.7/site-packages/airflow/example_dags/tutorial.py
[2023-10-06T22:53:11.266+0000] {processor.py:766} INFO - DAG(s) dict_keys(['tutorial']) retrieved from /home/airflow/.local/lib/python3.7/site-packages/airflow/example_dags/tutorial.py
[2023-10-06T22:53:11.294+0000] {logging_mixin.py:120} INFO - [2023-10-06T22:53:11.293+0000] {dag.py:2585} INFO - Sync 1 DAGs
[2023-10-06T22:53:11.310+0000] {logging_mixin.py:120} INFO - [2023-10-06T22:53:11.309+0000] {dag.py:3340} INFO - Setting next_dagrun for tutorial to 2023-10-05T22:53:11.309763+00:00, run_after=2023-10-06T22:53:11.309763+00:00
[2023-10-06T22:53:11.324+0000] {processor.py:176} INFO - Processing /home/airflow/.local/lib/python3.7/site-packages/airflow/example_dags/tutorial.py took 0.071 seconds
[2023-10-06T22:53:41.384+0000] {processor.py:154} INFO - Started process (PID=2338) to work on /home/airflow/.local/lib/python3.7/site-packages/airflow/example_dags/tutorial.py
[2023-10-06T22:53:41.385+0000] {processor.py:756} INFO - Processing file /home/airflow/.local/lib/python3.7/site-packages/airflow/example_dags/tutorial.py for tasks to queue
[2023-10-06T22:53:41.385+0000] {logging_mixin.py:120} INFO - [2023-10-06T22:53:41.385+0000] {dagbag.py:537} INFO - Filling up the DagBag from /home/airflow/.local/lib/python3.7/site-packages/airflow/example_dags/tutorial.py
[2023-10-06T22:53:41.396+0000] {processor.py:766} INFO - DAG(s) dict_keys(['tutorial']) retrieved from /home/airflow/.local/lib/python3.7/site-packages/airflow/example_dags/tutorial.py
[2023-10-06T22:53:41.424+0000] {logging_mixin.py:120} INFO - [2023-10-06T22:53:41.424+0000] {dag.py:2585} INFO - Sync 1 DAGs
[2023-10-06T22:53:41.441+0000] {logging_mixin.py:120} INFO - [2023-10-06T22:53:41.440+0000] {dag.py:3340} INFO - Setting next_dagrun for tutorial to 2023-10-05T22:53:41.440731+00:00, run_after=2023-10-06T22:53:41.440731+00:00
[2023-10-06T22:53:41.455+0000] {processor.py:176} INFO - Processing /home/airflow/.local/lib/python3.7/site-packages/airflow/example_dags/tutorial.py took 0.073 seconds
[2023-10-06T22:54:11.716+0000] {processor.py:154} INFO - Started process (PID=2402) to work on /home/airflow/.local/lib/python3.7/site-packages/airflow/example_dags/tutorial.py
[2023-10-06T22:54:11.716+0000] {processor.py:756} INFO - Processing file /home/airflow/.local/lib/python3.7/site-packages/airflow/example_dags/tutorial.py for tasks to queue
[2023-10-06T22:54:11.717+0000] {logging_mixin.py:120} INFO - [2023-10-06T22:54:11.717+0000] {dagbag.py:537} INFO - Filling up the DagBag from /home/airflow/.local/lib/python3.7/site-packages/airflow/example_dags/tutorial.py
[2023-10-06T22:54:11.727+0000] {processor.py:766} INFO - DAG(s) dict_keys(['tutorial']) retrieved from /home/airflow/.local/lib/python3.7/site-packages/airflow/example_dags/tutorial.py
[2023-10-06T22:54:11.754+0000] {logging_mixin.py:120} INFO - [2023-10-06T22:54:11.754+0000] {dag.py:2585} INFO - Sync 1 DAGs
[2023-10-06T22:54:11.770+0000] {logging_mixin.py:120} INFO - [2023-10-06T22:54:11.770+0000] {dag.py:3340} INFO - Setting next_dagrun for tutorial to 2023-10-05T22:54:11.769838+00:00, run_after=2023-10-06T22:54:11.769838+00:00
[2023-10-06T22:54:11.783+0000] {processor.py:176} INFO - Processing /home/airflow/.local/lib/python3.7/site-packages/airflow/example_dags/tutorial.py took 0.069 seconds
[2023-10-06T22:54:42.032+0000] {processor.py:154} INFO - Started process (PID=2466) to work on /home/airflow/.local/lib/python3.7/site-packages/airflow/example_dags/tutorial.py
[2023-10-06T22:54:42.033+0000] {processor.py:756} INFO - Processing file /home/airflow/.local/lib/python3.7/site-packages/airflow/example_dags/tutorial.py for tasks to queue
[2023-10-06T22:54:42.033+0000] {logging_mixin.py:120} INFO - [2023-10-06T22:54:42.033+0000] {dagbag.py:537} INFO - Filling up the DagBag from /home/airflow/.local/lib/python3.7/site-packages/airflow/example_dags/tutorial.py
[2023-10-06T22:54:42.043+0000] {processor.py:766} INFO - DAG(s) dict_keys(['tutorial']) retrieved from /home/airflow/.local/lib/python3.7/site-packages/airflow/example_dags/tutorial.py
[2023-10-06T22:54:42.072+0000] {logging_mixin.py:120} INFO - [2023-10-06T22:54:42.071+0000] {dag.py:2585} INFO - Sync 1 DAGs
[2023-10-06T22:54:42.088+0000] {logging_mixin.py:120} INFO - [2023-10-06T22:54:42.088+0000] {dag.py:3340} INFO - Setting next_dagrun for tutorial to 2023-10-05T22:54:42.087956+00:00, run_after=2023-10-06T22:54:42.087956+00:00
[2023-10-06T22:54:42.102+0000] {processor.py:176} INFO - Processing /home/airflow/.local/lib/python3.7/site-packages/airflow/example_dags/tutorial.py took 0.072 seconds
[2023-10-06T22:55:12.438+0000] {processor.py:154} INFO - Started process (PID=2528) to work on /home/airflow/.local/lib/python3.7/site-packages/airflow/example_dags/tutorial.py
[2023-10-06T22:55:12.439+0000] {processor.py:756} INFO - Processing file /home/airflow/.local/lib/python3.7/site-packages/airflow/example_dags/tutorial.py for tasks to queue
[2023-10-06T22:55:12.439+0000] {logging_mixin.py:120} INFO - [2023-10-06T22:55:12.439+0000] {dagbag.py:537} INFO - Filling up the DagBag from /home/airflow/.local/lib/python3.7/site-packages/airflow/example_dags/tutorial.py
[2023-10-06T22:55:12.450+0000] {processor.py:766} INFO - DAG(s) dict_keys(['tutorial']) retrieved from /home/airflow/.local/lib/python3.7/site-packages/airflow/example_dags/tutorial.py
[2023-10-06T22:55:12.480+0000] {logging_mixin.py:120} INFO - [2023-10-06T22:55:12.480+0000] {dag.py:2585} INFO - Sync 1 DAGs
[2023-10-06T22:55:12.499+0000] {logging_mixin.py:120} INFO - [2023-10-06T22:55:12.499+0000] {dag.py:3340} INFO - Setting next_dagrun for tutorial to 2023-10-05T22:55:12.499503+00:00, run_after=2023-10-06T22:55:12.499503+00:00
[2023-10-06T22:55:12.518+0000] {processor.py:176} INFO - Processing /home/airflow/.local/lib/python3.7/site-packages/airflow/example_dags/tutorial.py took 0.082 seconds
[2023-10-06T22:55:42.639+0000] {processor.py:154} INFO - Started process (PID=2585) to work on /home/airflow/.local/lib/python3.7/site-packages/airflow/example_dags/tutorial.py
[2023-10-06T22:55:42.640+0000] {processor.py:756} INFO - Processing file /home/airflow/.local/lib/python3.7/site-packages/airflow/example_dags/tutorial.py for tasks to queue
[2023-10-06T22:55:42.640+0000] {logging_mixin.py:120} INFO - [2023-10-06T22:55:42.640+0000] {dagbag.py:537} INFO - Filling up the DagBag from /home/airflow/.local/lib/python3.7/site-packages/airflow/example_dags/tutorial.py
[2023-10-06T22:55:42.650+0000] {processor.py:766} INFO - DAG(s) dict_keys(['tutorial']) retrieved from /home/airflow/.local/lib/python3.7/site-packages/airflow/example_dags/tutorial.py
[2023-10-06T22:55:42.677+0000] {logging_mixin.py:120} INFO - [2023-10-06T22:55:42.676+0000] {dag.py:2585} INFO - Sync 1 DAGs
[2023-10-06T22:55:42.693+0000] {logging_mixin.py:120} INFO - [2023-10-06T22:55:42.693+0000] {dag.py:3340} INFO - Setting next_dagrun for tutorial to 2023-10-05T22:55:42.693593+00:00, run_after=2023-10-06T22:55:42.693593+00:00
[2023-10-06T22:55:42.706+0000] {processor.py:176} INFO - Processing /home/airflow/.local/lib/python3.7/site-packages/airflow/example_dags/tutorial.py took 0.069 seconds
[2023-10-06T22:56:13.090+0000] {processor.py:154} INFO - Started process (PID=2649) to work on /home/airflow/.local/lib/python3.7/site-packages/airflow/example_dags/tutorial.py
[2023-10-06T22:56:13.091+0000] {processor.py:756} INFO - Processing file /home/airflow/.local/lib/python3.7/site-packages/airflow/example_dags/tutorial.py for tasks to queue
[2023-10-06T22:56:13.091+0000] {logging_mixin.py:120} INFO - [2023-10-06T22:56:13.091+0000] {dagbag.py:537} INFO - Filling up the DagBag from /home/airflow/.local/lib/python3.7/site-packages/airflow/example_dags/tutorial.py
[2023-10-06T22:56:13.101+0000] {processor.py:766} INFO - DAG(s) dict_keys(['tutorial']) retrieved from /home/airflow/.local/lib/python3.7/site-packages/airflow/example_dags/tutorial.py
[2023-10-06T22:56:13.128+0000] {logging_mixin.py:120} INFO - [2023-10-06T22:56:13.128+0000] {dag.py:2585} INFO - Sync 1 DAGs
[2023-10-06T22:56:13.144+0000] {logging_mixin.py:120} INFO - [2023-10-06T22:56:13.144+0000] {dag.py:3340} INFO - Setting next_dagrun for tutorial to 2023-10-05T22:56:13.144115+00:00, run_after=2023-10-06T22:56:13.144115+00:00
[2023-10-06T22:56:13.157+0000] {processor.py:176} INFO - Processing /home/airflow/.local/lib/python3.7/site-packages/airflow/example_dags/tutorial.py took 0.069 seconds
[2023-10-06T22:56:43.270+0000] {processor.py:154} INFO - Started process (PID=2712) to work on /home/airflow/.local/lib/python3.7/site-packages/airflow/example_dags/tutorial.py
[2023-10-06T22:56:43.271+0000] {processor.py:756} INFO - Processing file /home/airflow/.local/lib/python3.7/site-packages/airflow/example_dags/tutorial.py for tasks to queue
[2023-10-06T22:56:43.271+0000] {logging_mixin.py:120} INFO - [2023-10-06T22:56:43.271+0000] {dagbag.py:537} INFO - Filling up the DagBag from /home/airflow/.local/lib/python3.7/site-packages/airflow/example_dags/tutorial.py
[2023-10-06T22:56:43.281+0000] {processor.py:766} INFO - DAG(s) dict_keys(['tutorial']) retrieved from /home/airflow/.local/lib/python3.7/site-packages/airflow/example_dags/tutorial.py
[2023-10-06T22:56:43.309+0000] {logging_mixin.py:120} INFO - [2023-10-06T22:56:43.309+0000] {dag.py:2585} INFO - Sync 1 DAGs
[2023-10-06T22:56:43.325+0000] {logging_mixin.py:120} INFO - [2023-10-06T22:56:43.325+0000] {dag.py:3340} INFO - Setting next_dagrun for tutorial to 2023-10-05T22:56:43.325541+00:00, run_after=2023-10-06T22:56:43.325541+00:00
[2023-10-06T22:56:43.340+0000] {processor.py:176} INFO - Processing /home/airflow/.local/lib/python3.7/site-packages/airflow/example_dags/tutorial.py took 0.072 seconds
[2023-10-06T22:57:13.579+0000] {processor.py:154} INFO - Started process (PID=2776) to work on /home/airflow/.local/lib/python3.7/site-packages/airflow/example_dags/tutorial.py
[2023-10-06T22:57:13.579+0000] {processor.py:756} INFO - Processing file /home/airflow/.local/lib/python3.7/site-packages/airflow/example_dags/tutorial.py for tasks to queue
[2023-10-06T22:57:13.580+0000] {logging_mixin.py:120} INFO - [2023-10-06T22:57:13.580+0000] {dagbag.py:537} INFO - Filling up the DagBag from /home/airflow/.local/lib/python3.7/site-packages/airflow/example_dags/tutorial.py
[2023-10-06T22:57:13.590+0000] {processor.py:766} INFO - DAG(s) dict_keys(['tutorial']) retrieved from /home/airflow/.local/lib/python3.7/site-packages/airflow/example_dags/tutorial.py
[2023-10-06T22:57:13.619+0000] {logging_mixin.py:120} INFO - [2023-10-06T22:57:13.619+0000] {dag.py:2585} INFO - Sync 1 DAGs
[2023-10-06T22:57:13.639+0000] {logging_mixin.py:120} INFO - [2023-10-06T22:57:13.639+0000] {dag.py:3340} INFO - Setting next_dagrun for tutorial to 2023-10-05T22:57:13.638857+00:00, run_after=2023-10-06T22:57:13.638857+00:00
[2023-10-06T22:57:13.658+0000] {processor.py:176} INFO - Processing /home/airflow/.local/lib/python3.7/site-packages/airflow/example_dags/tutorial.py took 0.082 seconds
[2023-10-06T22:57:44.611+0000] {processor.py:154} INFO - Started process (PID=2831) to work on /home/airflow/.local/lib/python3.7/site-packages/airflow/example_dags/tutorial.py
[2023-10-06T22:57:44.612+0000] {processor.py:756} INFO - Processing file /home/airflow/.local/lib/python3.7/site-packages/airflow/example_dags/tutorial.py for tasks to queue
[2023-10-06T22:57:44.613+0000] {logging_mixin.py:120} INFO - [2023-10-06T22:57:44.613+0000] {dagbag.py:537} INFO - Filling up the DagBag from /home/airflow/.local/lib/python3.7/site-packages/airflow/example_dags/tutorial.py
[2023-10-06T22:57:44.623+0000] {processor.py:766} INFO - DAG(s) dict_keys(['tutorial']) retrieved from /home/airflow/.local/lib/python3.7/site-packages/airflow/example_dags/tutorial.py
[2023-10-06T22:57:44.652+0000] {logging_mixin.py:120} INFO - [2023-10-06T22:57:44.651+0000] {dag.py:2585} INFO - Sync 1 DAGs
[2023-10-06T22:57:44.669+0000] {logging_mixin.py:120} INFO - [2023-10-06T22:57:44.669+0000] {dag.py:3340} INFO - Setting next_dagrun for tutorial to 2023-10-05T22:57:44.668976+00:00, run_after=2023-10-06T22:57:44.668976+00:00
[2023-10-06T22:57:44.686+0000] {processor.py:176} INFO - Processing /home/airflow/.local/lib/python3.7/site-packages/airflow/example_dags/tutorial.py took 0.077 seconds
[2023-10-06T22:58:15.025+0000] {processor.py:154} INFO - Started process (PID=2894) to work on /home/airflow/.local/lib/python3.7/site-packages/airflow/example_dags/tutorial.py
[2023-10-06T22:58:15.026+0000] {processor.py:756} INFO - Processing file /home/airflow/.local/lib/python3.7/site-packages/airflow/example_dags/tutorial.py for tasks to queue
[2023-10-06T22:58:15.027+0000] {logging_mixin.py:120} INFO - [2023-10-06T22:58:15.027+0000] {dagbag.py:537} INFO - Filling up the DagBag from /home/airflow/.local/lib/python3.7/site-packages/airflow/example_dags/tutorial.py
[2023-10-06T22:58:15.037+0000] {processor.py:766} INFO - DAG(s) dict_keys(['tutorial']) retrieved from /home/airflow/.local/lib/python3.7/site-packages/airflow/example_dags/tutorial.py
[2023-10-06T22:58:15.066+0000] {logging_mixin.py:120} INFO - [2023-10-06T22:58:15.065+0000] {dag.py:2585} INFO - Sync 1 DAGs
[2023-10-06T22:58:15.083+0000] {logging_mixin.py:120} INFO - [2023-10-06T22:58:15.083+0000] {dag.py:3340} INFO - Setting next_dagrun for tutorial to 2023-10-05T22:58:15.082866+00:00, run_after=2023-10-06T22:58:15.082866+00:00
[2023-10-06T22:58:15.096+0000] {processor.py:176} INFO - Processing /home/airflow/.local/lib/python3.7/site-packages/airflow/example_dags/tutorial.py took 0.073 seconds
[2023-10-06T22:58:45.205+0000] {processor.py:154} INFO - Started process (PID=2957) to work on /home/airflow/.local/lib/python3.7/site-packages/airflow/example_dags/tutorial.py
[2023-10-06T22:58:45.206+0000] {processor.py:756} INFO - Processing file /home/airflow/.local/lib/python3.7/site-packages/airflow/example_dags/tutorial.py for tasks to queue
[2023-10-06T22:58:45.206+0000] {logging_mixin.py:120} INFO - [2023-10-06T22:58:45.206+0000] {dagbag.py:537} INFO - Filling up the DagBag from /home/airflow/.local/lib/python3.7/site-packages/airflow/example_dags/tutorial.py
[2023-10-06T22:58:45.216+0000] {processor.py:766} INFO - DAG(s) dict_keys(['tutorial']) retrieved from /home/airflow/.local/lib/python3.7/site-packages/airflow/example_dags/tutorial.py
[2023-10-06T22:58:45.244+0000] {logging_mixin.py:120} INFO - [2023-10-06T22:58:45.244+0000] {dag.py:2585} INFO - Sync 1 DAGs
[2023-10-06T22:58:45.260+0000] {logging_mixin.py:120} INFO - [2023-10-06T22:58:45.260+0000] {dag.py:3340} INFO - Setting next_dagrun for tutorial to 2023-10-05T22:58:45.259874+00:00, run_after=2023-10-06T22:58:45.259874+00:00
[2023-10-06T22:58:45.273+0000] {processor.py:176} INFO - Processing /home/airflow/.local/lib/python3.7/site-packages/airflow/example_dags/tutorial.py took 0.070 seconds
[2023-10-06T22:59:15.427+0000] {processor.py:154} INFO - Started process (PID=3021) to work on /home/airflow/.local/lib/python3.7/site-packages/airflow/example_dags/tutorial.py
[2023-10-06T22:59:15.427+0000] {processor.py:756} INFO - Processing file /home/airflow/.local/lib/python3.7/site-packages/airflow/example_dags/tutorial.py for tasks to queue
[2023-10-06T22:59:15.428+0000] {logging_mixin.py:120} INFO - [2023-10-06T22:59:15.428+0000] {dagbag.py:537} INFO - Filling up the DagBag from /home/airflow/.local/lib/python3.7/site-packages/airflow/example_dags/tutorial.py
[2023-10-06T22:59:15.438+0000] {processor.py:766} INFO - DAG(s) dict_keys(['tutorial']) retrieved from /home/airflow/.local/lib/python3.7/site-packages/airflow/example_dags/tutorial.py
[2023-10-06T22:59:15.466+0000] {logging_mixin.py:120} INFO - [2023-10-06T22:59:15.466+0000] {dag.py:2585} INFO - Sync 1 DAGs
[2023-10-06T22:59:15.482+0000] {logging_mixin.py:120} INFO - [2023-10-06T22:59:15.482+0000] {dag.py:3340} INFO - Setting next_dagrun for tutorial to 2023-10-05T22:59:15.482511+00:00, run_after=2023-10-06T22:59:15.482511+00:00
[2023-10-06T22:59:15.497+0000] {processor.py:176} INFO - Processing /home/airflow/.local/lib/python3.7/site-packages/airflow/example_dags/tutorial.py took 0.072 seconds
[2023-10-06T22:59:45.670+0000] {processor.py:154} INFO - Started process (PID=3077) to work on /home/airflow/.local/lib/python3.7/site-packages/airflow/example_dags/tutorial.py
[2023-10-06T22:59:45.671+0000] {processor.py:756} INFO - Processing file /home/airflow/.local/lib/python3.7/site-packages/airflow/example_dags/tutorial.py for tasks to queue
[2023-10-06T22:59:45.671+0000] {logging_mixin.py:120} INFO - [2023-10-06T22:59:45.671+0000] {dagbag.py:537} INFO - Filling up the DagBag from /home/airflow/.local/lib/python3.7/site-packages/airflow/example_dags/tutorial.py
[2023-10-06T22:59:45.682+0000] {processor.py:766} INFO - DAG(s) dict_keys(['tutorial']) retrieved from /home/airflow/.local/lib/python3.7/site-packages/airflow/example_dags/tutorial.py
[2023-10-06T22:59:45.711+0000] {logging_mixin.py:120} INFO - [2023-10-06T22:59:45.710+0000] {dag.py:2585} INFO - Sync 1 DAGs
[2023-10-06T22:59:45.729+0000] {logging_mixin.py:120} INFO - [2023-10-06T22:59:45.729+0000] {dag.py:3340} INFO - Setting next_dagrun for tutorial to 2023-10-05T22:59:45.728861+00:00, run_after=2023-10-06T22:59:45.728861+00:00
[2023-10-06T22:59:45.744+0000] {processor.py:176} INFO - Processing /home/airflow/.local/lib/python3.7/site-packages/airflow/example_dags/tutorial.py took 0.076 seconds
[2023-10-06T23:00:15.803+0000] {processor.py:154} INFO - Started process (PID=3142) to work on /home/airflow/.local/lib/python3.7/site-packages/airflow/example_dags/tutorial.py
[2023-10-06T23:00:15.804+0000] {processor.py:756} INFO - Processing file /home/airflow/.local/lib/python3.7/site-packages/airflow/example_dags/tutorial.py for tasks to queue
[2023-10-06T23:00:15.804+0000] {logging_mixin.py:120} INFO - [2023-10-06T23:00:15.804+0000] {dagbag.py:537} INFO - Filling up the DagBag from /home/airflow/.local/lib/python3.7/site-packages/airflow/example_dags/tutorial.py
[2023-10-06T23:00:15.815+0000] {processor.py:766} INFO - DAG(s) dict_keys(['tutorial']) retrieved from /home/airflow/.local/lib/python3.7/site-packages/airflow/example_dags/tutorial.py
[2023-10-06T23:00:15.844+0000] {logging_mixin.py:120} INFO - [2023-10-06T23:00:15.844+0000] {dag.py:2585} INFO - Sync 1 DAGs
[2023-10-06T23:00:15.860+0000] {logging_mixin.py:120} INFO - [2023-10-06T23:00:15.859+0000] {dag.py:3340} INFO - Setting next_dagrun for tutorial to 2023-10-05T23:00:15.859744+00:00, run_after=2023-10-06T23:00:15.859744+00:00
[2023-10-06T23:00:15.873+0000] {processor.py:176} INFO - Processing /home/airflow/.local/lib/python3.7/site-packages/airflow/example_dags/tutorial.py took 0.072 seconds
[2023-10-06T23:00:45.953+0000] {processor.py:154} INFO - Started process (PID=3205) to work on /home/airflow/.local/lib/python3.7/site-packages/airflow/example_dags/tutorial.py
[2023-10-06T23:00:45.954+0000] {processor.py:756} INFO - Processing file /home/airflow/.local/lib/python3.7/site-packages/airflow/example_dags/tutorial.py for tasks to queue
[2023-10-06T23:00:45.954+0000] {logging_mixin.py:120} INFO - [2023-10-06T23:00:45.954+0000] {dagbag.py:537} INFO - Filling up the DagBag from /home/airflow/.local/lib/python3.7/site-packages/airflow/example_dags/tutorial.py
[2023-10-06T23:00:45.964+0000] {processor.py:766} INFO - DAG(s) dict_keys(['tutorial']) retrieved from /home/airflow/.local/lib/python3.7/site-packages/airflow/example_dags/tutorial.py
[2023-10-06T23:00:45.993+0000] {logging_mixin.py:120} INFO - [2023-10-06T23:00:45.993+0000] {dag.py:2585} INFO - Sync 1 DAGs
[2023-10-06T23:00:46.009+0000] {logging_mixin.py:120} INFO - [2023-10-06T23:00:46.009+0000] {dag.py:3340} INFO - Setting next_dagrun for tutorial to 2023-10-05T23:00:46.009231+00:00, run_after=2023-10-06T23:00:46.009231+00:00
[2023-10-06T23:00:46.023+0000] {processor.py:176} INFO - Processing /home/airflow/.local/lib/python3.7/site-packages/airflow/example_dags/tutorial.py took 0.072 seconds
[2023-10-06T23:01:16.133+0000] {processor.py:154} INFO - Started process (PID=3269) to work on /home/airflow/.local/lib/python3.7/site-packages/airflow/example_dags/tutorial.py
[2023-10-06T23:01:16.134+0000] {processor.py:756} INFO - Processing file /home/airflow/.local/lib/python3.7/site-packages/airflow/example_dags/tutorial.py for tasks to queue
[2023-10-06T23:01:16.135+0000] {logging_mixin.py:120} INFO - [2023-10-06T23:01:16.134+0000] {dagbag.py:537} INFO - Filling up the DagBag from /home/airflow/.local/lib/python3.7/site-packages/airflow/example_dags/tutorial.py
[2023-10-06T23:01:16.145+0000] {processor.py:766} INFO - DAG(s) dict_keys(['tutorial']) retrieved from /home/airflow/.local/lib/python3.7/site-packages/airflow/example_dags/tutorial.py
[2023-10-06T23:01:16.172+0000] {logging_mixin.py:120} INFO - [2023-10-06T23:01:16.172+0000] {dag.py:2585} INFO - Sync 1 DAGs
[2023-10-06T23:01:16.192+0000] {logging_mixin.py:120} INFO - [2023-10-06T23:01:16.191+0000] {dag.py:3340} INFO - Setting next_dagrun for tutorial to 2023-10-05T23:01:16.191760+00:00, run_after=2023-10-06T23:01:16.191760+00:00
[2023-10-06T23:01:16.206+0000] {processor.py:176} INFO - Processing /home/airflow/.local/lib/python3.7/site-packages/airflow/example_dags/tutorial.py took 0.075 seconds
[2023-10-06T23:01:46.413+0000] {processor.py:154} INFO - Started process (PID=3324) to work on /home/airflow/.local/lib/python3.7/site-packages/airflow/example_dags/tutorial.py
[2023-10-06T23:01:46.414+0000] {processor.py:756} INFO - Processing file /home/airflow/.local/lib/python3.7/site-packages/airflow/example_dags/tutorial.py for tasks to queue
[2023-10-06T23:01:46.414+0000] {logging_mixin.py:120} INFO - [2023-10-06T23:01:46.414+0000] {dagbag.py:537} INFO - Filling up the DagBag from /home/airflow/.local/lib/python3.7/site-packages/airflow/example_dags/tutorial.py
[2023-10-06T23:01:46.426+0000] {processor.py:766} INFO - DAG(s) dict_keys(['tutorial']) retrieved from /home/airflow/.local/lib/python3.7/site-packages/airflow/example_dags/tutorial.py
[2023-10-06T23:01:46.457+0000] {logging_mixin.py:120} INFO - [2023-10-06T23:01:46.457+0000] {dag.py:2585} INFO - Sync 1 DAGs
[2023-10-06T23:01:46.475+0000] {logging_mixin.py:120} INFO - [2023-10-06T23:01:46.474+0000] {dag.py:3340} INFO - Setting next_dagrun for tutorial to 2023-10-05T23:01:46.474805+00:00, run_after=2023-10-06T23:01:46.474805+00:00
[2023-10-06T23:01:46.490+0000] {processor.py:176} INFO - Processing /home/airflow/.local/lib/python3.7/site-packages/airflow/example_dags/tutorial.py took 0.079 seconds
[2023-10-06T23:02:16.558+0000] {processor.py:154} INFO - Started process (PID=3388) to work on /home/airflow/.local/lib/python3.7/site-packages/airflow/example_dags/tutorial.py
[2023-10-06T23:02:16.559+0000] {processor.py:756} INFO - Processing file /home/airflow/.local/lib/python3.7/site-packages/airflow/example_dags/tutorial.py for tasks to queue
[2023-10-06T23:02:16.560+0000] {logging_mixin.py:120} INFO - [2023-10-06T23:02:16.560+0000] {dagbag.py:537} INFO - Filling up the DagBag from /home/airflow/.local/lib/python3.7/site-packages/airflow/example_dags/tutorial.py
[2023-10-06T23:02:16.570+0000] {processor.py:766} INFO - DAG(s) dict_keys(['tutorial']) retrieved from /home/airflow/.local/lib/python3.7/site-packages/airflow/example_dags/tutorial.py
[2023-10-06T23:02:16.598+0000] {logging_mixin.py:120} INFO - [2023-10-06T23:02:16.598+0000] {dag.py:2585} INFO - Sync 1 DAGs
[2023-10-06T23:02:16.613+0000] {logging_mixin.py:120} INFO - [2023-10-06T23:02:16.613+0000] {dag.py:3340} INFO - Setting next_dagrun for tutorial to 2023-10-05T23:02:16.613691+00:00, run_after=2023-10-06T23:02:16.613691+00:00
[2023-10-06T23:02:16.626+0000] {processor.py:176} INFO - Processing /home/airflow/.local/lib/python3.7/site-packages/airflow/example_dags/tutorial.py took 0.070 seconds
[2023-10-06T23:02:46.797+0000] {processor.py:154} INFO - Started process (PID=3452) to work on /home/airflow/.local/lib/python3.7/site-packages/airflow/example_dags/tutorial.py
[2023-10-06T23:02:46.798+0000] {processor.py:756} INFO - Processing file /home/airflow/.local/lib/python3.7/site-packages/airflow/example_dags/tutorial.py for tasks to queue
[2023-10-06T23:02:46.798+0000] {logging_mixin.py:120} INFO - [2023-10-06T23:02:46.798+0000] {dagbag.py:537} INFO - Filling up the DagBag from /home/airflow/.local/lib/python3.7/site-packages/airflow/example_dags/tutorial.py
[2023-10-06T23:02:46.808+0000] {processor.py:766} INFO - DAG(s) dict_keys(['tutorial']) retrieved from /home/airflow/.local/lib/python3.7/site-packages/airflow/example_dags/tutorial.py
[2023-10-06T23:02:46.838+0000] {logging_mixin.py:120} INFO - [2023-10-06T23:02:46.838+0000] {dag.py:2585} INFO - Sync 1 DAGs
[2023-10-06T23:02:46.856+0000] {logging_mixin.py:120} INFO - [2023-10-06T23:02:46.856+0000] {dag.py:3340} INFO - Setting next_dagrun for tutorial to 2023-10-05T23:02:46.856578+00:00, run_after=2023-10-06T23:02:46.856578+00:00
[2023-10-06T23:02:46.873+0000] {processor.py:176} INFO - Processing /home/airflow/.local/lib/python3.7/site-packages/airflow/example_dags/tutorial.py took 0.078 seconds
[2023-10-06T23:03:17.759+0000] {processor.py:154} INFO - Started process (PID=3516) to work on /home/airflow/.local/lib/python3.7/site-packages/airflow/example_dags/tutorial.py
[2023-10-06T23:03:17.760+0000] {processor.py:756} INFO - Processing file /home/airflow/.local/lib/python3.7/site-packages/airflow/example_dags/tutorial.py for tasks to queue
[2023-10-06T23:03:17.760+0000] {logging_mixin.py:120} INFO - [2023-10-06T23:03:17.760+0000] {dagbag.py:537} INFO - Filling up the DagBag from /home/airflow/.local/lib/python3.7/site-packages/airflow/example_dags/tutorial.py
[2023-10-06T23:03:17.771+0000] {processor.py:766} INFO - DAG(s) dict_keys(['tutorial']) retrieved from /home/airflow/.local/lib/python3.7/site-packages/airflow/example_dags/tutorial.py
[2023-10-06T23:03:17.807+0000] {logging_mixin.py:120} INFO - [2023-10-06T23:03:17.807+0000] {dag.py:2585} INFO - Sync 1 DAGs
[2023-10-06T23:03:17.828+0000] {logging_mixin.py:120} INFO - [2023-10-06T23:03:17.828+0000] {dag.py:3340} INFO - Setting next_dagrun for tutorial to 2023-10-05T23:03:17.827905+00:00, run_after=2023-10-06T23:03:17.827905+00:00
[2023-10-06T23:03:17.846+0000] {processor.py:176} INFO - Processing /home/airflow/.local/lib/python3.7/site-packages/airflow/example_dags/tutorial.py took 0.091 seconds
[2023-10-06T23:03:48.026+0000] {processor.py:154} INFO - Started process (PID=3578) to work on /home/airflow/.local/lib/python3.7/site-packages/airflow/example_dags/tutorial.py
[2023-10-06T23:03:48.027+0000] {processor.py:756} INFO - Processing file /home/airflow/.local/lib/python3.7/site-packages/airflow/example_dags/tutorial.py for tasks to queue
[2023-10-06T23:03:48.028+0000] {logging_mixin.py:120} INFO - [2023-10-06T23:03:48.028+0000] {dagbag.py:537} INFO - Filling up the DagBag from /home/airflow/.local/lib/python3.7/site-packages/airflow/example_dags/tutorial.py
[2023-10-06T23:03:48.038+0000] {processor.py:766} INFO - DAG(s) dict_keys(['tutorial']) retrieved from /home/airflow/.local/lib/python3.7/site-packages/airflow/example_dags/tutorial.py
[2023-10-06T23:03:48.072+0000] {logging_mixin.py:120} INFO - [2023-10-06T23:03:48.071+0000] {dag.py:2585} INFO - Sync 1 DAGs
[2023-10-06T23:03:48.091+0000] {logging_mixin.py:120} INFO - [2023-10-06T23:03:48.091+0000] {dag.py:3340} INFO - Setting next_dagrun for tutorial to 2023-10-05T23:03:48.091462+00:00, run_after=2023-10-06T23:03:48.091462+00:00
[2023-10-06T23:03:48.110+0000] {processor.py:176} INFO - Processing /home/airflow/.local/lib/python3.7/site-packages/airflow/example_dags/tutorial.py took 0.086 seconds
[2023-10-06T23:04:19.012+0000] {processor.py:154} INFO - Started process (PID=3635) to work on /home/airflow/.local/lib/python3.7/site-packages/airflow/example_dags/tutorial.py
[2023-10-06T23:04:19.013+0000] {processor.py:756} INFO - Processing file /home/airflow/.local/lib/python3.7/site-packages/airflow/example_dags/tutorial.py for tasks to queue
[2023-10-06T23:04:19.013+0000] {logging_mixin.py:120} INFO - [2023-10-06T23:04:19.013+0000] {dagbag.py:537} INFO - Filling up the DagBag from /home/airflow/.local/lib/python3.7/site-packages/airflow/example_dags/tutorial.py
[2023-10-06T23:04:19.022+0000] {processor.py:766} INFO - DAG(s) dict_keys(['tutorial']) retrieved from /home/airflow/.local/lib/python3.7/site-packages/airflow/example_dags/tutorial.py
[2023-10-06T23:04:19.050+0000] {logging_mixin.py:120} INFO - [2023-10-06T23:04:19.050+0000] {dag.py:2585} INFO - Sync 1 DAGs
[2023-10-06T23:04:19.067+0000] {logging_mixin.py:120} INFO - [2023-10-06T23:04:19.067+0000] {dag.py:3340} INFO - Setting next_dagrun for tutorial to 2023-10-05T23:04:19.067247+00:00, run_after=2023-10-06T23:04:19.067247+00:00
[2023-10-06T23:04:19.085+0000] {processor.py:176} INFO - Processing /home/airflow/.local/lib/python3.7/site-packages/airflow/example_dags/tutorial.py took 0.075 seconds
[2023-10-06T23:04:49.282+0000] {processor.py:154} INFO - Started process (PID=3700) to work on /home/airflow/.local/lib/python3.7/site-packages/airflow/example_dags/tutorial.py
[2023-10-06T23:04:49.282+0000] {processor.py:756} INFO - Processing file /home/airflow/.local/lib/python3.7/site-packages/airflow/example_dags/tutorial.py for tasks to queue
[2023-10-06T23:04:49.283+0000] {logging_mixin.py:120} INFO - [2023-10-06T23:04:49.283+0000] {dagbag.py:537} INFO - Filling up the DagBag from /home/airflow/.local/lib/python3.7/site-packages/airflow/example_dags/tutorial.py
[2023-10-06T23:04:49.293+0000] {processor.py:766} INFO - DAG(s) dict_keys(['tutorial']) retrieved from /home/airflow/.local/lib/python3.7/site-packages/airflow/example_dags/tutorial.py
[2023-10-06T23:04:49.325+0000] {logging_mixin.py:120} INFO - [2023-10-06T23:04:49.324+0000] {dag.py:2585} INFO - Sync 1 DAGs
[2023-10-06T23:04:49.343+0000] {logging_mixin.py:120} INFO - [2023-10-06T23:04:49.343+0000] {dag.py:3340} INFO - Setting next_dagrun for tutorial to 2023-10-05T23:04:49.342949+00:00, run_after=2023-10-06T23:04:49.342949+00:00
[2023-10-06T23:04:49.356+0000] {processor.py:176} INFO - Processing /home/airflow/.local/lib/python3.7/site-packages/airflow/example_dags/tutorial.py took 0.077 seconds
[2023-10-06T23:05:19.586+0000] {processor.py:154} INFO - Started process (PID=3764) to work on /home/airflow/.local/lib/python3.7/site-packages/airflow/example_dags/tutorial.py
[2023-10-06T23:05:19.587+0000] {processor.py:756} INFO - Processing file /home/airflow/.local/lib/python3.7/site-packages/airflow/example_dags/tutorial.py for tasks to queue
[2023-10-06T23:05:19.588+0000] {logging_mixin.py:120} INFO - [2023-10-06T23:05:19.588+0000] {dagbag.py:537} INFO - Filling up the DagBag from /home/airflow/.local/lib/python3.7/site-packages/airflow/example_dags/tutorial.py
[2023-10-06T23:05:19.598+0000] {processor.py:766} INFO - DAG(s) dict_keys(['tutorial']) retrieved from /home/airflow/.local/lib/python3.7/site-packages/airflow/example_dags/tutorial.py
[2023-10-06T23:05:19.626+0000] {logging_mixin.py:120} INFO - [2023-10-06T23:05:19.626+0000] {dag.py:2585} INFO - Sync 1 DAGs
[2023-10-06T23:05:19.642+0000] {logging_mixin.py:120} INFO - [2023-10-06T23:05:19.642+0000] {dag.py:3340} INFO - Setting next_dagrun for tutorial to 2023-10-05T23:05:19.642188+00:00, run_after=2023-10-06T23:05:19.642188+00:00
[2023-10-06T23:05:19.659+0000] {processor.py:176} INFO - Processing /home/airflow/.local/lib/python3.7/site-packages/airflow/example_dags/tutorial.py took 0.075 seconds
[2023-10-06T23:05:49.711+0000] {processor.py:154} INFO - Started process (PID=3829) to work on /home/airflow/.local/lib/python3.7/site-packages/airflow/example_dags/tutorial.py
[2023-10-06T23:05:49.712+0000] {processor.py:756} INFO - Processing file /home/airflow/.local/lib/python3.7/site-packages/airflow/example_dags/tutorial.py for tasks to queue
[2023-10-06T23:05:49.712+0000] {logging_mixin.py:120} INFO - [2023-10-06T23:05:49.712+0000] {dagbag.py:537} INFO - Filling up the DagBag from /home/airflow/.local/lib/python3.7/site-packages/airflow/example_dags/tutorial.py
[2023-10-06T23:05:49.721+0000] {processor.py:766} INFO - DAG(s) dict_keys(['tutorial']) retrieved from /home/airflow/.local/lib/python3.7/site-packages/airflow/example_dags/tutorial.py
[2023-10-06T23:05:49.752+0000] {logging_mixin.py:120} INFO - [2023-10-06T23:05:49.751+0000] {dag.py:2585} INFO - Sync 1 DAGs
[2023-10-06T23:05:49.769+0000] {logging_mixin.py:120} INFO - [2023-10-06T23:05:49.769+0000] {dag.py:3340} INFO - Setting next_dagrun for tutorial to 2023-10-05T23:05:49.769435+00:00, run_after=2023-10-06T23:05:49.769435+00:00
[2023-10-06T23:05:49.786+0000] {processor.py:176} INFO - Processing /home/airflow/.local/lib/python3.7/site-packages/airflow/example_dags/tutorial.py took 0.077 seconds
[2023-10-06T23:06:19.945+0000] {processor.py:154} INFO - Started process (PID=3885) to work on /home/airflow/.local/lib/python3.7/site-packages/airflow/example_dags/tutorial.py
[2023-10-06T23:06:19.946+0000] {processor.py:756} INFO - Processing file /home/airflow/.local/lib/python3.7/site-packages/airflow/example_dags/tutorial.py for tasks to queue
[2023-10-06T23:06:19.947+0000] {logging_mixin.py:120} INFO - [2023-10-06T23:06:19.947+0000] {dagbag.py:537} INFO - Filling up the DagBag from /home/airflow/.local/lib/python3.7/site-packages/airflow/example_dags/tutorial.py
[2023-10-06T23:06:19.956+0000] {processor.py:766} INFO - DAG(s) dict_keys(['tutorial']) retrieved from /home/airflow/.local/lib/python3.7/site-packages/airflow/example_dags/tutorial.py
[2023-10-06T23:06:19.985+0000] {logging_mixin.py:120} INFO - [2023-10-06T23:06:19.984+0000] {dag.py:2585} INFO - Sync 1 DAGs
[2023-10-06T23:06:20.001+0000] {logging_mixin.py:120} INFO - [2023-10-06T23:06:20.001+0000] {dag.py:3340} INFO - Setting next_dagrun for tutorial to 2023-10-05T23:06:20.001187+00:00, run_after=2023-10-06T23:06:20.001187+00:00
[2023-10-06T23:06:20.015+0000] {processor.py:176} INFO - Processing /home/airflow/.local/lib/python3.7/site-packages/airflow/example_dags/tutorial.py took 0.072 seconds
[2023-10-06T23:06:50.246+0000] {processor.py:154} INFO - Started process (PID=3948) to work on /home/airflow/.local/lib/python3.7/site-packages/airflow/example_dags/tutorial.py
[2023-10-06T23:06:50.248+0000] {processor.py:756} INFO - Processing file /home/airflow/.local/lib/python3.7/site-packages/airflow/example_dags/tutorial.py for tasks to queue
[2023-10-06T23:06:50.248+0000] {logging_mixin.py:120} INFO - [2023-10-06T23:06:50.248+0000] {dagbag.py:537} INFO - Filling up the DagBag from /home/airflow/.local/lib/python3.7/site-packages/airflow/example_dags/tutorial.py
[2023-10-06T23:06:50.262+0000] {processor.py:766} INFO - DAG(s) dict_keys(['tutorial']) retrieved from /home/airflow/.local/lib/python3.7/site-packages/airflow/example_dags/tutorial.py
[2023-10-06T23:06:50.294+0000] {logging_mixin.py:120} INFO - [2023-10-06T23:06:50.294+0000] {dag.py:2585} INFO - Sync 1 DAGs
[2023-10-06T23:06:50.312+0000] {logging_mixin.py:120} INFO - [2023-10-06T23:06:50.312+0000] {dag.py:3340} INFO - Setting next_dagrun for tutorial to 2023-10-05T23:06:50.312658+00:00, run_after=2023-10-06T23:06:50.312658+00:00
[2023-10-06T23:06:50.327+0000] {processor.py:176} INFO - Processing /home/airflow/.local/lib/python3.7/site-packages/airflow/example_dags/tutorial.py took 0.083 seconds
[2023-10-06T23:07:20.388+0000] {processor.py:154} INFO - Started process (PID=4013) to work on /home/airflow/.local/lib/python3.7/site-packages/airflow/example_dags/tutorial.py
[2023-10-06T23:07:20.389+0000] {processor.py:756} INFO - Processing file /home/airflow/.local/lib/python3.7/site-packages/airflow/example_dags/tutorial.py for tasks to queue
[2023-10-06T23:07:20.389+0000] {logging_mixin.py:120} INFO - [2023-10-06T23:07:20.389+0000] {dagbag.py:537} INFO - Filling up the DagBag from /home/airflow/.local/lib/python3.7/site-packages/airflow/example_dags/tutorial.py
[2023-10-06T23:07:20.399+0000] {processor.py:766} INFO - DAG(s) dict_keys(['tutorial']) retrieved from /home/airflow/.local/lib/python3.7/site-packages/airflow/example_dags/tutorial.py
[2023-10-06T23:07:20.425+0000] {logging_mixin.py:120} INFO - [2023-10-06T23:07:20.425+0000] {dag.py:2585} INFO - Sync 1 DAGs
[2023-10-06T23:07:20.441+0000] {logging_mixin.py:120} INFO - [2023-10-06T23:07:20.440+0000] {dag.py:3340} INFO - Setting next_dagrun for tutorial to 2023-10-05T23:07:20.440761+00:00, run_after=2023-10-06T23:07:20.440761+00:00
[2023-10-06T23:07:20.453+0000] {processor.py:176} INFO - Processing /home/airflow/.local/lib/python3.7/site-packages/airflow/example_dags/tutorial.py took 0.067 seconds
[2023-10-06T23:07:50.684+0000] {processor.py:154} INFO - Started process (PID=4077) to work on /home/airflow/.local/lib/python3.7/site-packages/airflow/example_dags/tutorial.py
[2023-10-06T23:07:50.684+0000] {processor.py:756} INFO - Processing file /home/airflow/.local/lib/python3.7/site-packages/airflow/example_dags/tutorial.py for tasks to queue
[2023-10-06T23:07:50.685+0000] {logging_mixin.py:120} INFO - [2023-10-06T23:07:50.685+0000] {dagbag.py:537} INFO - Filling up the DagBag from /home/airflow/.local/lib/python3.7/site-packages/airflow/example_dags/tutorial.py
[2023-10-06T23:07:50.695+0000] {processor.py:766} INFO - DAG(s) dict_keys(['tutorial']) retrieved from /home/airflow/.local/lib/python3.7/site-packages/airflow/example_dags/tutorial.py
[2023-10-06T23:07:50.724+0000] {logging_mixin.py:120} INFO - [2023-10-06T23:07:50.724+0000] {dag.py:2585} INFO - Sync 1 DAGs
[2023-10-06T23:07:50.743+0000] {logging_mixin.py:120} INFO - [2023-10-06T23:07:50.742+0000] {dag.py:3340} INFO - Setting next_dagrun for tutorial to 2023-10-05T23:07:50.742800+00:00, run_after=2023-10-06T23:07:50.742800+00:00
[2023-10-06T23:07:50.759+0000] {processor.py:176} INFO - Processing /home/airflow/.local/lib/python3.7/site-packages/airflow/example_dags/tutorial.py took 0.077 seconds
[2023-10-06T23:08:21.637+0000] {processor.py:154} INFO - Started process (PID=4132) to work on /home/airflow/.local/lib/python3.7/site-packages/airflow/example_dags/tutorial.py
[2023-10-06T23:08:21.638+0000] {processor.py:756} INFO - Processing file /home/airflow/.local/lib/python3.7/site-packages/airflow/example_dags/tutorial.py for tasks to queue
[2023-10-06T23:08:21.639+0000] {logging_mixin.py:120} INFO - [2023-10-06T23:08:21.639+0000] {dagbag.py:537} INFO - Filling up the DagBag from /home/airflow/.local/lib/python3.7/site-packages/airflow/example_dags/tutorial.py
[2023-10-06T23:08:21.650+0000] {processor.py:766} INFO - DAG(s) dict_keys(['tutorial']) retrieved from /home/airflow/.local/lib/python3.7/site-packages/airflow/example_dags/tutorial.py
[2023-10-06T23:08:21.679+0000] {logging_mixin.py:120} INFO - [2023-10-06T23:08:21.679+0000] {dag.py:2585} INFO - Sync 1 DAGs
[2023-10-06T23:08:21.698+0000] {logging_mixin.py:120} INFO - [2023-10-06T23:08:21.698+0000] {dag.py:3340} INFO - Setting next_dagrun for tutorial to 2023-10-05T23:08:21.698447+00:00, run_after=2023-10-06T23:08:21.698447+00:00
[2023-10-06T23:08:21.715+0000] {processor.py:176} INFO - Processing /home/airflow/.local/lib/python3.7/site-packages/airflow/example_dags/tutorial.py took 0.080 seconds
