[2023-10-01T15:52:09.131+0000] {taskinstance.py:1165} INFO - Dependencies all met for <TaskInstance: example_bash_operator.this_will_skip scheduled__2023-09-30T00:00:00+00:00 [queued]>
[2023-10-01T15:52:09.149+0000] {taskinstance.py:1165} INFO - Dependencies all met for <TaskInstance: example_bash_operator.this_will_skip scheduled__2023-09-30T00:00:00+00:00 [queued]>
[2023-10-01T15:52:09.149+0000] {taskinstance.py:1362} INFO - 
--------------------------------------------------------------------------------
[2023-10-01T15:52:09.149+0000] {taskinstance.py:1363} INFO - Starting attempt 1 of 1
[2023-10-01T15:52:09.149+0000] {taskinstance.py:1364} INFO - 
--------------------------------------------------------------------------------
[2023-10-01T15:52:09.173+0000] {taskinstance.py:1383} INFO - Executing <Task(BashOperator): this_will_skip> on 2023-09-30 00:00:00+00:00
[2023-10-01T15:52:09.183+0000] {standard_task_runner.py:55} INFO - Started process 642 to run task
[2023-10-01T15:52:09.189+0000] {standard_task_runner.py:82} INFO - Running: ['***', 'tasks', 'run', 'example_bash_operator', 'this_will_skip', 'scheduled__2023-09-30T00:00:00+00:00', '--job-id', '7', '--raw', '--subdir', '/home/***/.local/lib/python3.7/site-packages/***/example_dags/example_bash_operator.py', '--cfg-path', '/tmp/tmpk3e_juqb']
[2023-10-01T15:52:09.189+0000] {standard_task_runner.py:83} INFO - Job 7: Subtask this_will_skip
[2023-10-01T15:52:09.380+0000] {task_command.py:376} INFO - Running <TaskInstance: example_bash_operator.this_will_skip scheduled__2023-09-30T00:00:00+00:00 [running]> on host bf308c04c177
[2023-10-01T15:52:09.517+0000] {taskinstance.py:1592} INFO - Exporting the following env vars:
AIRFLOW_CTX_DAG_OWNER=***
AIRFLOW_CTX_DAG_ID=example_bash_operator
AIRFLOW_CTX_TASK_ID=this_will_skip
AIRFLOW_CTX_EXECUTION_DATE=2023-09-30T00:00:00+00:00
AIRFLOW_CTX_TRY_NUMBER=1
AIRFLOW_CTX_DAG_RUN_ID=scheduled__2023-09-30T00:00:00+00:00
[2023-10-01T15:52:09.520+0000] {subprocess.py:63} INFO - Tmp dir root location: 
 /tmp
[2023-10-01T15:52:09.522+0000] {subprocess.py:75} INFO - Running command: ['/bin/bash', '-c', 'echo "hello world"; exit 99;']
[2023-10-01T15:52:09.537+0000] {subprocess.py:86} INFO - Output:
[2023-10-01T15:52:09.539+0000] {subprocess.py:93} INFO - hello world
[2023-10-01T15:52:09.540+0000] {subprocess.py:97} INFO - Command exited with return code 99
[2023-10-01T15:52:09.542+0000] {taskinstance.py:1481} INFO - Bash command returned exit code 99. Skipping.
[2023-10-01T15:52:09.564+0000] {taskinstance.py:1406} INFO - Marking task as SKIPPED. dag_id=example_bash_operator, task_id=this_will_skip, execution_date=20230930T000000, start_date=20231001T155209, end_date=20231001T155209
[2023-10-01T15:52:09.641+0000] {local_task_job.py:164} INFO - Task exited with return code 0
[2023-10-01T15:52:09.686+0000] {local_task_job.py:273} INFO - 0 downstream tasks scheduled from follow-on schedule check
