[2023-10-06T22:44:54.769+0000] {processor.py:154} INFO - Started process (PID=1258) to work on /opt/airflow/dags/user_processing.py
[2023-10-06T22:44:54.770+0000] {processor.py:756} INFO - Processing file /opt/airflow/dags/user_processing.py for tasks to queue
[2023-10-06T22:44:54.770+0000] {logging_mixin.py:120} INFO - [2023-10-06T22:44:54.770+0000] {dagbag.py:537} INFO - Filling up the DagBag from /opt/airflow/dags/user_processing.py
[2023-10-06T22:44:54.976+0000] {processor.py:766} INFO - DAG(s) dict_keys(['user_processing']) retrieved from /opt/airflow/dags/user_processing.py
[2023-10-06T22:44:55.079+0000] {logging_mixin.py:120} INFO - [2023-10-06T22:44:55.078+0000] {manager.py:507} INFO - Created Permission View: can edit on DAG:user_processing
[2023-10-06T22:44:55.085+0000] {logging_mixin.py:120} INFO - [2023-10-06T22:44:55.085+0000] {manager.py:507} INFO - Created Permission View: can read on DAG:user_processing
[2023-10-06T22:44:55.089+0000] {logging_mixin.py:120} INFO - [2023-10-06T22:44:55.089+0000] {manager.py:507} INFO - Created Permission View: can delete on DAG:user_processing
[2023-10-06T22:44:55.089+0000] {logging_mixin.py:120} INFO - [2023-10-06T22:44:55.089+0000] {dag.py:2585} INFO - Sync 1 DAGs
[2023-10-06T22:44:55.100+0000] {logging_mixin.py:120} INFO - [2023-10-06T22:44:55.100+0000] {dag.py:2606} INFO - Creating ORM DAG for user_processing
[2023-10-06T22:44:55.108+0000] {logging_mixin.py:120} INFO - [2023-10-06T22:44:55.107+0000] {dag.py:3340} INFO - Setting next_dagrun for user_processing to 2023-10-10T00:00:00+00:00, run_after=2023-10-11T00:00:00+00:00
[2023-10-06T22:44:55.123+0000] {processor.py:176} INFO - Processing /opt/airflow/dags/user_processing.py took 0.356 seconds
[2023-10-06T22:45:26.126+0000] {processor.py:154} INFO - Started process (PID=1322) to work on /opt/airflow/dags/user_processing.py
[2023-10-06T22:45:26.132+0000] {processor.py:756} INFO - Processing file /opt/airflow/dags/user_processing.py for tasks to queue
[2023-10-06T22:45:26.132+0000] {logging_mixin.py:120} INFO - [2023-10-06T22:45:26.132+0000] {dagbag.py:537} INFO - Filling up the DagBag from /opt/airflow/dags/user_processing.py
[2023-10-06T22:45:26.176+0000] {processor.py:766} INFO - DAG(s) dict_keys(['user_processing']) retrieved from /opt/airflow/dags/user_processing.py
[2023-10-06T22:45:26.207+0000] {logging_mixin.py:120} INFO - [2023-10-06T22:45:26.207+0000] {dag.py:2585} INFO - Sync 1 DAGs
[2023-10-06T22:45:26.226+0000] {logging_mixin.py:120} INFO - [2023-10-06T22:45:26.226+0000] {dag.py:3340} INFO - Setting next_dagrun for user_processing to 2023-10-10T00:00:00+00:00, run_after=2023-10-11T00:00:00+00:00
[2023-10-06T22:45:26.246+0000] {processor.py:176} INFO - Processing /opt/airflow/dags/user_processing.py took 0.122 seconds
[2023-10-06T22:45:56.377+0000] {processor.py:154} INFO - Started process (PID=1386) to work on /opt/airflow/dags/user_processing.py
[2023-10-06T22:45:56.378+0000] {processor.py:756} INFO - Processing file /opt/airflow/dags/user_processing.py for tasks to queue
[2023-10-06T22:45:56.378+0000] {logging_mixin.py:120} INFO - [2023-10-06T22:45:56.378+0000] {dagbag.py:537} INFO - Filling up the DagBag from /opt/airflow/dags/user_processing.py
[2023-10-06T22:45:56.422+0000] {processor.py:766} INFO - DAG(s) dict_keys(['user_processing']) retrieved from /opt/airflow/dags/user_processing.py
[2023-10-06T22:45:56.451+0000] {logging_mixin.py:120} INFO - [2023-10-06T22:45:56.451+0000] {dag.py:2585} INFO - Sync 1 DAGs
[2023-10-06T22:45:56.468+0000] {logging_mixin.py:120} INFO - [2023-10-06T22:45:56.468+0000] {dag.py:3340} INFO - Setting next_dagrun for user_processing to 2023-10-10T00:00:00+00:00, run_after=2023-10-11T00:00:00+00:00
[2023-10-06T22:45:56.482+0000] {processor.py:176} INFO - Processing /opt/airflow/dags/user_processing.py took 0.106 seconds
[2023-10-06T22:46:26.859+0000] {processor.py:154} INFO - Started process (PID=1450) to work on /opt/airflow/dags/user_processing.py
[2023-10-06T22:46:26.860+0000] {processor.py:756} INFO - Processing file /opt/airflow/dags/user_processing.py for tasks to queue
[2023-10-06T22:46:26.861+0000] {logging_mixin.py:120} INFO - [2023-10-06T22:46:26.861+0000] {dagbag.py:537} INFO - Filling up the DagBag from /opt/airflow/dags/user_processing.py
[2023-10-06T22:46:26.907+0000] {processor.py:766} INFO - DAG(s) dict_keys(['user_processing']) retrieved from /opt/airflow/dags/user_processing.py
[2023-10-06T22:46:26.933+0000] {logging_mixin.py:120} INFO - [2023-10-06T22:46:26.933+0000] {dag.py:2585} INFO - Sync 1 DAGs
[2023-10-06T22:46:26.952+0000] {logging_mixin.py:120} INFO - [2023-10-06T22:46:26.951+0000] {dag.py:3340} INFO - Setting next_dagrun for user_processing to 2023-10-10T00:00:00+00:00, run_after=2023-10-11T00:00:00+00:00
[2023-10-06T22:46:26.967+0000] {processor.py:176} INFO - Processing /opt/airflow/dags/user_processing.py took 0.111 seconds
[2023-10-06T22:46:57.305+0000] {processor.py:154} INFO - Started process (PID=1506) to work on /opt/airflow/dags/user_processing.py
[2023-10-06T22:46:57.305+0000] {processor.py:756} INFO - Processing file /opt/airflow/dags/user_processing.py for tasks to queue
[2023-10-06T22:46:57.305+0000] {logging_mixin.py:120} INFO - [2023-10-06T22:46:57.305+0000] {dagbag.py:537} INFO - Filling up the DagBag from /opt/airflow/dags/user_processing.py
[2023-10-06T22:46:57.352+0000] {processor.py:766} INFO - DAG(s) dict_keys(['user_processing']) retrieved from /opt/airflow/dags/user_processing.py
[2023-10-06T22:46:57.383+0000] {logging_mixin.py:120} INFO - [2023-10-06T22:46:57.383+0000] {dag.py:2585} INFO - Sync 1 DAGs
[2023-10-06T22:46:57.403+0000] {logging_mixin.py:120} INFO - [2023-10-06T22:46:57.403+0000] {dag.py:3340} INFO - Setting next_dagrun for user_processing to 2023-10-10T00:00:00+00:00, run_after=2023-10-11T00:00:00+00:00
[2023-10-06T22:46:57.420+0000] {processor.py:176} INFO - Processing /opt/airflow/dags/user_processing.py took 0.117 seconds
[2023-10-06T22:47:27.695+0000] {processor.py:154} INFO - Started process (PID=1570) to work on /opt/airflow/dags/user_processing.py
[2023-10-06T22:47:27.701+0000] {processor.py:756} INFO - Processing file /opt/airflow/dags/user_processing.py for tasks to queue
[2023-10-06T22:47:27.701+0000] {logging_mixin.py:120} INFO - [2023-10-06T22:47:27.701+0000] {dagbag.py:537} INFO - Filling up the DagBag from /opt/airflow/dags/user_processing.py
[2023-10-06T22:47:27.742+0000] {processor.py:766} INFO - DAG(s) dict_keys(['user_processing']) retrieved from /opt/airflow/dags/user_processing.py
[2023-10-06T22:47:27.768+0000] {logging_mixin.py:120} INFO - [2023-10-06T22:47:27.768+0000] {dag.py:2585} INFO - Sync 1 DAGs
[2023-10-06T22:47:27.784+0000] {logging_mixin.py:120} INFO - [2023-10-06T22:47:27.784+0000] {dag.py:3340} INFO - Setting next_dagrun for user_processing to 2023-10-10T00:00:00+00:00, run_after=2023-10-11T00:00:00+00:00
[2023-10-06T22:47:27.797+0000] {processor.py:176} INFO - Processing /opt/airflow/dags/user_processing.py took 0.104 seconds
[2023-10-06T22:47:58.051+0000] {processor.py:154} INFO - Started process (PID=1633) to work on /opt/airflow/dags/user_processing.py
[2023-10-06T22:47:58.051+0000] {processor.py:756} INFO - Processing file /opt/airflow/dags/user_processing.py for tasks to queue
[2023-10-06T22:47:58.052+0000] {logging_mixin.py:120} INFO - [2023-10-06T22:47:58.052+0000] {dagbag.py:537} INFO - Filling up the DagBag from /opt/airflow/dags/user_processing.py
[2023-10-06T22:47:58.102+0000] {processor.py:766} INFO - DAG(s) dict_keys(['user_processing']) retrieved from /opt/airflow/dags/user_processing.py
[2023-10-06T22:47:58.135+0000] {logging_mixin.py:120} INFO - [2023-10-06T22:47:58.135+0000] {dag.py:2585} INFO - Sync 1 DAGs
[2023-10-06T22:47:58.156+0000] {logging_mixin.py:120} INFO - [2023-10-06T22:47:58.156+0000] {dag.py:3340} INFO - Setting next_dagrun for user_processing to 2023-10-10T00:00:00+00:00, run_after=2023-10-11T00:00:00+00:00
[2023-10-06T22:47:58.174+0000] {processor.py:176} INFO - Processing /opt/airflow/dags/user_processing.py took 0.125 seconds
[2023-10-06T22:48:28.463+0000] {processor.py:154} INFO - Started process (PID=1696) to work on /opt/airflow/dags/user_processing.py
[2023-10-06T22:48:28.469+0000] {processor.py:756} INFO - Processing file /opt/airflow/dags/user_processing.py for tasks to queue
[2023-10-06T22:48:28.469+0000] {logging_mixin.py:120} INFO - [2023-10-06T22:48:28.469+0000] {dagbag.py:537} INFO - Filling up the DagBag from /opt/airflow/dags/user_processing.py
[2023-10-06T22:48:28.517+0000] {processor.py:766} INFO - DAG(s) dict_keys(['user_processing']) retrieved from /opt/airflow/dags/user_processing.py
[2023-10-06T22:48:28.550+0000] {logging_mixin.py:120} INFO - [2023-10-06T22:48:28.550+0000] {dag.py:2585} INFO - Sync 1 DAGs
[2023-10-06T22:48:28.574+0000] {logging_mixin.py:120} INFO - [2023-10-06T22:48:28.574+0000] {dag.py:3340} INFO - Setting next_dagrun for user_processing to 2023-10-10T00:00:00+00:00, run_after=2023-10-11T00:00:00+00:00
[2023-10-06T22:48:28.588+0000] {processor.py:176} INFO - Processing /opt/airflow/dags/user_processing.py took 0.127 seconds
[2023-10-06T22:48:59.070+0000] {processor.py:154} INFO - Started process (PID=1751) to work on /opt/airflow/dags/user_processing.py
[2023-10-06T22:48:59.071+0000] {processor.py:756} INFO - Processing file /opt/airflow/dags/user_processing.py for tasks to queue
[2023-10-06T22:48:59.071+0000] {logging_mixin.py:120} INFO - [2023-10-06T22:48:59.071+0000] {dagbag.py:537} INFO - Filling up the DagBag from /opt/airflow/dags/user_processing.py
[2023-10-06T22:48:59.126+0000] {processor.py:766} INFO - DAG(s) dict_keys(['user_processing']) retrieved from /opt/airflow/dags/user_processing.py
[2023-10-06T22:48:59.152+0000] {logging_mixin.py:120} INFO - [2023-10-06T22:48:59.152+0000] {dag.py:2585} INFO - Sync 1 DAGs
[2023-10-06T22:48:59.168+0000] {logging_mixin.py:120} INFO - [2023-10-06T22:48:59.168+0000] {dag.py:3340} INFO - Setting next_dagrun for user_processing to 2023-10-10T00:00:00+00:00, run_after=2023-10-11T00:00:00+00:00
[2023-10-06T22:48:59.184+0000] {processor.py:176} INFO - Processing /opt/airflow/dags/user_processing.py took 0.118 seconds
[2023-10-06T22:49:29.531+0000] {processor.py:154} INFO - Started process (PID=1815) to work on /opt/airflow/dags/user_processing.py
[2023-10-06T22:49:29.532+0000] {processor.py:756} INFO - Processing file /opt/airflow/dags/user_processing.py for tasks to queue
[2023-10-06T22:49:29.532+0000] {logging_mixin.py:120} INFO - [2023-10-06T22:49:29.532+0000] {dagbag.py:537} INFO - Filling up the DagBag from /opt/airflow/dags/user_processing.py
[2023-10-06T22:49:29.579+0000] {processor.py:766} INFO - DAG(s) dict_keys(['user_processing']) retrieved from /opt/airflow/dags/user_processing.py
[2023-10-06T22:49:29.615+0000] {logging_mixin.py:120} INFO - [2023-10-06T22:49:29.615+0000] {dag.py:2585} INFO - Sync 1 DAGs
[2023-10-06T22:49:29.635+0000] {logging_mixin.py:120} INFO - [2023-10-06T22:49:29.635+0000] {dag.py:3340} INFO - Setting next_dagrun for user_processing to 2023-10-10T00:00:00+00:00, run_after=2023-10-11T00:00:00+00:00
[2023-10-06T22:49:29.652+0000] {processor.py:176} INFO - Processing /opt/airflow/dags/user_processing.py took 0.124 seconds
[2023-10-06T22:49:59.887+0000] {processor.py:154} INFO - Started process (PID=1879) to work on /opt/airflow/dags/user_processing.py
[2023-10-06T22:49:59.888+0000] {processor.py:756} INFO - Processing file /opt/airflow/dags/user_processing.py for tasks to queue
[2023-10-06T22:49:59.888+0000] {logging_mixin.py:120} INFO - [2023-10-06T22:49:59.888+0000] {dagbag.py:537} INFO - Filling up the DagBag from /opt/airflow/dags/user_processing.py
[2023-10-06T22:49:59.929+0000] {processor.py:766} INFO - DAG(s) dict_keys(['user_processing']) retrieved from /opt/airflow/dags/user_processing.py
[2023-10-06T22:49:59.952+0000] {logging_mixin.py:120} INFO - [2023-10-06T22:49:59.952+0000] {dag.py:2585} INFO - Sync 1 DAGs
[2023-10-06T22:49:59.968+0000] {logging_mixin.py:120} INFO - [2023-10-06T22:49:59.968+0000] {dag.py:3340} INFO - Setting next_dagrun for user_processing to 2023-10-10T00:00:00+00:00, run_after=2023-10-11T00:00:00+00:00
[2023-10-06T22:49:59.982+0000] {processor.py:176} INFO - Processing /opt/airflow/dags/user_processing.py took 0.097 seconds
[2023-10-06T22:50:30.261+0000] {processor.py:154} INFO - Started process (PID=1943) to work on /opt/airflow/dags/user_processing.py
[2023-10-06T22:50:30.267+0000] {processor.py:756} INFO - Processing file /opt/airflow/dags/user_processing.py for tasks to queue
[2023-10-06T22:50:30.267+0000] {logging_mixin.py:120} INFO - [2023-10-06T22:50:30.267+0000] {dagbag.py:537} INFO - Filling up the DagBag from /opt/airflow/dags/user_processing.py
[2023-10-06T22:50:30.310+0000] {processor.py:766} INFO - DAG(s) dict_keys(['user_processing']) retrieved from /opt/airflow/dags/user_processing.py
[2023-10-06T22:50:30.337+0000] {logging_mixin.py:120} INFO - [2023-10-06T22:50:30.337+0000] {dag.py:2585} INFO - Sync 1 DAGs
[2023-10-06T22:50:30.356+0000] {logging_mixin.py:120} INFO - [2023-10-06T22:50:30.356+0000] {dag.py:3340} INFO - Setting next_dagrun for user_processing to 2023-10-10T00:00:00+00:00, run_after=2023-10-11T00:00:00+00:00
[2023-10-06T22:50:30.373+0000] {processor.py:176} INFO - Processing /opt/airflow/dags/user_processing.py took 0.114 seconds
[2023-10-06T22:51:00.458+0000] {processor.py:154} INFO - Started process (PID=2008) to work on /opt/airflow/dags/user_processing.py
[2023-10-06T22:51:00.459+0000] {processor.py:756} INFO - Processing file /opt/airflow/dags/user_processing.py for tasks to queue
[2023-10-06T22:51:00.459+0000] {logging_mixin.py:120} INFO - [2023-10-06T22:51:00.459+0000] {dagbag.py:537} INFO - Filling up the DagBag from /opt/airflow/dags/user_processing.py
[2023-10-06T22:51:00.507+0000] {processor.py:766} INFO - DAG(s) dict_keys(['user_processing']) retrieved from /opt/airflow/dags/user_processing.py
[2023-10-06T22:51:00.539+0000] {logging_mixin.py:120} INFO - [2023-10-06T22:51:00.539+0000] {dag.py:2585} INFO - Sync 1 DAGs
[2023-10-06T22:51:00.562+0000] {logging_mixin.py:120} INFO - [2023-10-06T22:51:00.561+0000] {dag.py:3340} INFO - Setting next_dagrun for user_processing to 2023-10-10T00:00:00+00:00, run_after=2023-10-11T00:00:00+00:00
[2023-10-06T22:51:00.582+0000] {processor.py:176} INFO - Processing /opt/airflow/dags/user_processing.py took 0.126 seconds
[2023-10-06T22:51:31.202+0000] {processor.py:154} INFO - Started process (PID=2063) to work on /opt/airflow/dags/user_processing.py
[2023-10-06T22:51:31.208+0000] {processor.py:756} INFO - Processing file /opt/airflow/dags/user_processing.py for tasks to queue
[2023-10-06T22:51:31.208+0000] {logging_mixin.py:120} INFO - [2023-10-06T22:51:31.208+0000] {dagbag.py:537} INFO - Filling up the DagBag from /opt/airflow/dags/user_processing.py
[2023-10-06T22:51:31.256+0000] {processor.py:766} INFO - DAG(s) dict_keys(['user_processing']) retrieved from /opt/airflow/dags/user_processing.py
[2023-10-06T22:51:31.287+0000] {logging_mixin.py:120} INFO - [2023-10-06T22:51:31.286+0000] {dag.py:2585} INFO - Sync 1 DAGs
[2023-10-06T22:51:31.304+0000] {logging_mixin.py:120} INFO - [2023-10-06T22:51:31.304+0000] {dag.py:3340} INFO - Setting next_dagrun for user_processing to 2023-10-10T00:00:00+00:00, run_after=2023-10-11T00:00:00+00:00
[2023-10-06T22:51:31.324+0000] {processor.py:176} INFO - Processing /opt/airflow/dags/user_processing.py took 0.124 seconds
[2023-10-06T22:52:01.533+0000] {processor.py:154} INFO - Started process (PID=2126) to work on /opt/airflow/dags/user_processing.py
[2023-10-06T22:52:01.533+0000] {processor.py:756} INFO - Processing file /opt/airflow/dags/user_processing.py for tasks to queue
[2023-10-06T22:52:01.534+0000] {logging_mixin.py:120} INFO - [2023-10-06T22:52:01.533+0000] {dagbag.py:537} INFO - Filling up the DagBag from /opt/airflow/dags/user_processing.py
[2023-10-06T22:52:01.574+0000] {processor.py:766} INFO - DAG(s) dict_keys(['user_processing']) retrieved from /opt/airflow/dags/user_processing.py
[2023-10-06T22:52:01.601+0000] {logging_mixin.py:120} INFO - [2023-10-06T22:52:01.601+0000] {dag.py:2585} INFO - Sync 1 DAGs
[2023-10-06T22:52:01.619+0000] {logging_mixin.py:120} INFO - [2023-10-06T22:52:01.619+0000] {dag.py:3340} INFO - Setting next_dagrun for user_processing to 2023-10-10T00:00:00+00:00, run_after=2023-10-11T00:00:00+00:00
[2023-10-06T22:52:01.634+0000] {processor.py:176} INFO - Processing /opt/airflow/dags/user_processing.py took 0.103 seconds
[2023-10-06T22:52:31.854+0000] {processor.py:154} INFO - Started process (PID=2191) to work on /opt/airflow/dags/user_processing.py
[2023-10-06T22:52:31.860+0000] {processor.py:756} INFO - Processing file /opt/airflow/dags/user_processing.py for tasks to queue
[2023-10-06T22:52:31.861+0000] {logging_mixin.py:120} INFO - [2023-10-06T22:52:31.860+0000] {dagbag.py:537} INFO - Filling up the DagBag from /opt/airflow/dags/user_processing.py
[2023-10-06T22:52:31.904+0000] {processor.py:766} INFO - DAG(s) dict_keys(['user_processing']) retrieved from /opt/airflow/dags/user_processing.py
[2023-10-06T22:52:31.933+0000] {logging_mixin.py:120} INFO - [2023-10-06T22:52:31.933+0000] {dag.py:2585} INFO - Sync 1 DAGs
[2023-10-06T22:52:31.954+0000] {logging_mixin.py:120} INFO - [2023-10-06T22:52:31.954+0000] {dag.py:3340} INFO - Setting next_dagrun for user_processing to 2023-10-10T00:00:00+00:00, run_after=2023-10-11T00:00:00+00:00
[2023-10-06T22:52:31.969+0000] {processor.py:176} INFO - Processing /opt/airflow/dags/user_processing.py took 0.116 seconds
[2023-10-06T22:53:02.095+0000] {processor.py:154} INFO - Started process (PID=2255) to work on /opt/airflow/dags/user_processing.py
[2023-10-06T22:53:02.095+0000] {processor.py:756} INFO - Processing file /opt/airflow/dags/user_processing.py for tasks to queue
[2023-10-06T22:53:02.096+0000] {logging_mixin.py:120} INFO - [2023-10-06T22:53:02.095+0000] {dagbag.py:537} INFO - Filling up the DagBag from /opt/airflow/dags/user_processing.py
[2023-10-06T22:53:02.136+0000] {processor.py:766} INFO - DAG(s) dict_keys(['user_processing']) retrieved from /opt/airflow/dags/user_processing.py
[2023-10-06T22:53:02.162+0000] {logging_mixin.py:120} INFO - [2023-10-06T22:53:02.161+0000] {dag.py:2585} INFO - Sync 1 DAGs
[2023-10-06T22:53:02.180+0000] {logging_mixin.py:120} INFO - [2023-10-06T22:53:02.180+0000] {dag.py:3340} INFO - Setting next_dagrun for user_processing to 2023-10-10T00:00:00+00:00, run_after=2023-10-11T00:00:00+00:00
[2023-10-06T22:53:02.193+0000] {processor.py:176} INFO - Processing /opt/airflow/dags/user_processing.py took 0.100 seconds
[2023-10-06T22:53:32.401+0000] {processor.py:154} INFO - Started process (PID=2310) to work on /opt/airflow/dags/user_processing.py
[2023-10-06T22:53:32.402+0000] {processor.py:756} INFO - Processing file /opt/airflow/dags/user_processing.py for tasks to queue
[2023-10-06T22:53:32.402+0000] {logging_mixin.py:120} INFO - [2023-10-06T22:53:32.402+0000] {dagbag.py:537} INFO - Filling up the DagBag from /opt/airflow/dags/user_processing.py
[2023-10-06T22:53:32.452+0000] {processor.py:766} INFO - DAG(s) dict_keys(['user_processing']) retrieved from /opt/airflow/dags/user_processing.py
[2023-10-06T22:53:32.485+0000] {logging_mixin.py:120} INFO - [2023-10-06T22:53:32.485+0000] {dag.py:2585} INFO - Sync 1 DAGs
[2023-10-06T22:53:32.503+0000] {logging_mixin.py:120} INFO - [2023-10-06T22:53:32.503+0000] {dag.py:3340} INFO - Setting next_dagrun for user_processing to 2023-10-10T00:00:00+00:00, run_after=2023-10-11T00:00:00+00:00
[2023-10-06T22:53:32.522+0000] {processor.py:176} INFO - Processing /opt/airflow/dags/user_processing.py took 0.124 seconds
[2023-10-06T22:54:02.704+0000] {processor.py:154} INFO - Started process (PID=2374) to work on /opt/airflow/dags/user_processing.py
[2023-10-06T22:54:02.705+0000] {processor.py:756} INFO - Processing file /opt/airflow/dags/user_processing.py for tasks to queue
[2023-10-06T22:54:02.705+0000] {logging_mixin.py:120} INFO - [2023-10-06T22:54:02.705+0000] {dagbag.py:537} INFO - Filling up the DagBag from /opt/airflow/dags/user_processing.py
[2023-10-06T22:54:02.746+0000] {processor.py:766} INFO - DAG(s) dict_keys(['user_processing']) retrieved from /opt/airflow/dags/user_processing.py
[2023-10-06T22:54:02.772+0000] {logging_mixin.py:120} INFO - [2023-10-06T22:54:02.772+0000] {dag.py:2585} INFO - Sync 1 DAGs
[2023-10-06T22:54:02.788+0000] {logging_mixin.py:120} INFO - [2023-10-06T22:54:02.788+0000] {dag.py:3340} INFO - Setting next_dagrun for user_processing to 2023-10-10T00:00:00+00:00, run_after=2023-10-11T00:00:00+00:00
[2023-10-06T22:54:02.804+0000] {processor.py:176} INFO - Processing /opt/airflow/dags/user_processing.py took 0.102 seconds
[2023-10-06T22:54:32.907+0000] {processor.py:154} INFO - Started process (PID=2438) to work on /opt/airflow/dags/user_processing.py
[2023-10-06T22:54:32.907+0000] {processor.py:756} INFO - Processing file /opt/airflow/dags/user_processing.py for tasks to queue
[2023-10-06T22:54:32.908+0000] {logging_mixin.py:120} INFO - [2023-10-06T22:54:32.908+0000] {dagbag.py:537} INFO - Filling up the DagBag from /opt/airflow/dags/user_processing.py
[2023-10-06T22:54:32.949+0000] {processor.py:766} INFO - DAG(s) dict_keys(['user_processing']) retrieved from /opt/airflow/dags/user_processing.py
[2023-10-06T22:54:32.974+0000] {logging_mixin.py:120} INFO - [2023-10-06T22:54:32.974+0000] {dag.py:2585} INFO - Sync 1 DAGs
[2023-10-06T22:54:32.991+0000] {logging_mixin.py:120} INFO - [2023-10-06T22:54:32.991+0000] {dag.py:3340} INFO - Setting next_dagrun for user_processing to 2023-10-10T00:00:00+00:00, run_after=2023-10-11T00:00:00+00:00
[2023-10-06T22:54:33.004+0000] {processor.py:176} INFO - Processing /opt/airflow/dags/user_processing.py took 0.099 seconds
[2023-10-06T22:55:03.099+0000] {processor.py:154} INFO - Started process (PID=2502) to work on /opt/airflow/dags/user_processing.py
[2023-10-06T22:55:03.100+0000] {processor.py:756} INFO - Processing file /opt/airflow/dags/user_processing.py for tasks to queue
[2023-10-06T22:55:03.100+0000] {logging_mixin.py:120} INFO - [2023-10-06T22:55:03.100+0000] {dagbag.py:537} INFO - Filling up the DagBag from /opt/airflow/dags/user_processing.py
[2023-10-06T22:55:03.142+0000] {processor.py:766} INFO - DAG(s) dict_keys(['user_processing']) retrieved from /opt/airflow/dags/user_processing.py
[2023-10-06T22:55:03.169+0000] {logging_mixin.py:120} INFO - [2023-10-06T22:55:03.169+0000] {dag.py:2585} INFO - Sync 1 DAGs
[2023-10-06T22:55:03.188+0000] {logging_mixin.py:120} INFO - [2023-10-06T22:55:03.188+0000] {dag.py:3340} INFO - Setting next_dagrun for user_processing to 2023-10-10T00:00:00+00:00, run_after=2023-10-11T00:00:00+00:00
[2023-10-06T22:55:03.203+0000] {processor.py:176} INFO - Processing /opt/airflow/dags/user_processing.py took 0.106 seconds
[2023-10-06T22:55:33.406+0000] {processor.py:154} INFO - Started process (PID=2557) to work on /opt/airflow/dags/user_processing.py
[2023-10-06T22:55:33.408+0000] {processor.py:756} INFO - Processing file /opt/airflow/dags/user_processing.py for tasks to queue
[2023-10-06T22:55:33.409+0000] {logging_mixin.py:120} INFO - [2023-10-06T22:55:33.409+0000] {dagbag.py:537} INFO - Filling up the DagBag from /opt/airflow/dags/user_processing.py
[2023-10-06T22:55:33.450+0000] {processor.py:766} INFO - DAG(s) dict_keys(['user_processing']) retrieved from /opt/airflow/dags/user_processing.py
[2023-10-06T22:55:33.478+0000] {logging_mixin.py:120} INFO - [2023-10-06T22:55:33.478+0000] {dag.py:2585} INFO - Sync 1 DAGs
[2023-10-06T22:55:33.495+0000] {logging_mixin.py:120} INFO - [2023-10-06T22:55:33.495+0000] {dag.py:3340} INFO - Setting next_dagrun for user_processing to 2023-10-10T00:00:00+00:00, run_after=2023-10-11T00:00:00+00:00
[2023-10-06T22:55:33.512+0000] {processor.py:176} INFO - Processing /opt/airflow/dags/user_processing.py took 0.108 seconds
[2023-10-06T22:56:03.869+0000] {processor.py:154} INFO - Started process (PID=2621) to work on /opt/airflow/dags/user_processing.py
[2023-10-06T22:56:03.870+0000] {processor.py:756} INFO - Processing file /opt/airflow/dags/user_processing.py for tasks to queue
[2023-10-06T22:56:03.870+0000] {logging_mixin.py:120} INFO - [2023-10-06T22:56:03.870+0000] {dagbag.py:537} INFO - Filling up the DagBag from /opt/airflow/dags/user_processing.py
[2023-10-06T22:56:03.911+0000] {processor.py:766} INFO - DAG(s) dict_keys(['user_processing']) retrieved from /opt/airflow/dags/user_processing.py
[2023-10-06T22:56:03.936+0000] {logging_mixin.py:120} INFO - [2023-10-06T22:56:03.936+0000] {dag.py:2585} INFO - Sync 1 DAGs
[2023-10-06T22:56:03.952+0000] {logging_mixin.py:120} INFO - [2023-10-06T22:56:03.952+0000] {dag.py:3340} INFO - Setting next_dagrun for user_processing to 2023-10-10T00:00:00+00:00, run_after=2023-10-11T00:00:00+00:00
[2023-10-06T22:56:03.966+0000] {processor.py:176} INFO - Processing /opt/airflow/dags/user_processing.py took 0.099 seconds
[2023-10-06T22:56:34.153+0000] {processor.py:154} INFO - Started process (PID=2684) to work on /opt/airflow/dags/user_processing.py
[2023-10-06T22:56:34.160+0000] {processor.py:756} INFO - Processing file /opt/airflow/dags/user_processing.py for tasks to queue
[2023-10-06T22:56:34.161+0000] {logging_mixin.py:120} INFO - [2023-10-06T22:56:34.160+0000] {dagbag.py:537} INFO - Filling up the DagBag from /opt/airflow/dags/user_processing.py
[2023-10-06T22:56:34.204+0000] {processor.py:766} INFO - DAG(s) dict_keys(['user_processing']) retrieved from /opt/airflow/dags/user_processing.py
[2023-10-06T22:56:34.230+0000] {logging_mixin.py:120} INFO - [2023-10-06T22:56:34.230+0000] {dag.py:2585} INFO - Sync 1 DAGs
[2023-10-06T22:56:34.246+0000] {logging_mixin.py:120} INFO - [2023-10-06T22:56:34.246+0000] {dag.py:3340} INFO - Setting next_dagrun for user_processing to 2023-10-10T00:00:00+00:00, run_after=2023-10-11T00:00:00+00:00
[2023-10-06T22:56:34.263+0000] {processor.py:176} INFO - Processing /opt/airflow/dags/user_processing.py took 0.111 seconds
[2023-10-06T22:57:04.325+0000] {processor.py:154} INFO - Started process (PID=2748) to work on /opt/airflow/dags/user_processing.py
[2023-10-06T22:57:04.326+0000] {processor.py:756} INFO - Processing file /opt/airflow/dags/user_processing.py for tasks to queue
[2023-10-06T22:57:04.327+0000] {logging_mixin.py:120} INFO - [2023-10-06T22:57:04.326+0000] {dagbag.py:537} INFO - Filling up the DagBag from /opt/airflow/dags/user_processing.py
[2023-10-06T22:57:04.369+0000] {processor.py:766} INFO - DAG(s) dict_keys(['user_processing']) retrieved from /opt/airflow/dags/user_processing.py
[2023-10-06T22:57:04.395+0000] {logging_mixin.py:120} INFO - [2023-10-06T22:57:04.395+0000] {dag.py:2585} INFO - Sync 1 DAGs
[2023-10-06T22:57:04.411+0000] {logging_mixin.py:120} INFO - [2023-10-06T22:57:04.411+0000] {dag.py:3340} INFO - Setting next_dagrun for user_processing to 2023-10-10T00:00:00+00:00, run_after=2023-10-11T00:00:00+00:00
[2023-10-06T22:57:04.424+0000] {processor.py:176} INFO - Processing /opt/airflow/dags/user_processing.py took 0.102 seconds
[2023-10-06T22:57:34.552+0000] {processor.py:154} INFO - Started process (PID=2803) to work on /opt/airflow/dags/user_processing.py
[2023-10-06T22:57:34.554+0000] {processor.py:756} INFO - Processing file /opt/airflow/dags/user_processing.py for tasks to queue
[2023-10-06T22:57:34.554+0000] {logging_mixin.py:120} INFO - [2023-10-06T22:57:34.554+0000] {dagbag.py:537} INFO - Filling up the DagBag from /opt/airflow/dags/user_processing.py
[2023-10-06T22:57:34.608+0000] {processor.py:766} INFO - DAG(s) dict_keys(['user_processing']) retrieved from /opt/airflow/dags/user_processing.py
[2023-10-06T22:57:34.635+0000] {logging_mixin.py:120} INFO - [2023-10-06T22:57:34.635+0000] {dag.py:2585} INFO - Sync 1 DAGs
[2023-10-06T22:57:34.651+0000] {logging_mixin.py:120} INFO - [2023-10-06T22:57:34.651+0000] {dag.py:3340} INFO - Setting next_dagrun for user_processing to 2023-10-10T00:00:00+00:00, run_after=2023-10-11T00:00:00+00:00
[2023-10-06T22:57:34.664+0000] {processor.py:176} INFO - Processing /opt/airflow/dags/user_processing.py took 0.114 seconds
[2023-10-06T22:58:05.066+0000] {processor.py:154} INFO - Started process (PID=2866) to work on /opt/airflow/dags/user_processing.py
[2023-10-06T22:58:05.066+0000] {processor.py:756} INFO - Processing file /opt/airflow/dags/user_processing.py for tasks to queue
[2023-10-06T22:58:05.067+0000] {logging_mixin.py:120} INFO - [2023-10-06T22:58:05.067+0000] {dagbag.py:537} INFO - Filling up the DagBag from /opt/airflow/dags/user_processing.py
[2023-10-06T22:58:05.117+0000] {processor.py:766} INFO - DAG(s) dict_keys(['user_processing']) retrieved from /opt/airflow/dags/user_processing.py
[2023-10-06T22:58:05.221+0000] {logging_mixin.py:120} INFO - [2023-10-06T22:58:05.221+0000] {dag.py:2585} INFO - Sync 1 DAGs
[2023-10-06T22:58:05.242+0000] {logging_mixin.py:120} INFO - [2023-10-06T22:58:05.242+0000] {dag.py:3340} INFO - Setting next_dagrun for user_processing to 2023-10-10T00:00:00+00:00, run_after=2023-10-11T00:00:00+00:00
[2023-10-06T22:58:05.258+0000] {processor.py:176} INFO - Processing /opt/airflow/dags/user_processing.py took 0.195 seconds
[2023-10-06T22:58:35.340+0000] {processor.py:154} INFO - Started process (PID=2929) to work on /opt/airflow/dags/user_processing.py
[2023-10-06T22:58:35.342+0000] {processor.py:756} INFO - Processing file /opt/airflow/dags/user_processing.py for tasks to queue
[2023-10-06T22:58:35.342+0000] {logging_mixin.py:120} INFO - [2023-10-06T22:58:35.342+0000] {dagbag.py:537} INFO - Filling up the DagBag from /opt/airflow/dags/user_processing.py
[2023-10-06T22:58:35.385+0000] {processor.py:766} INFO - DAG(s) dict_keys(['user_processing']) retrieved from /opt/airflow/dags/user_processing.py
[2023-10-06T22:58:35.412+0000] {logging_mixin.py:120} INFO - [2023-10-06T22:58:35.412+0000] {dag.py:2585} INFO - Sync 1 DAGs
[2023-10-06T22:58:35.429+0000] {logging_mixin.py:120} INFO - [2023-10-06T22:58:35.429+0000] {dag.py:3340} INFO - Setting next_dagrun for user_processing to 2023-10-10T00:00:00+00:00, run_after=2023-10-11T00:00:00+00:00
[2023-10-06T22:58:35.443+0000] {processor.py:176} INFO - Processing /opt/airflow/dags/user_processing.py took 0.105 seconds
[2023-10-06T22:59:05.543+0000] {processor.py:154} INFO - Started process (PID=2993) to work on /opt/airflow/dags/user_processing.py
[2023-10-06T22:59:05.544+0000] {processor.py:756} INFO - Processing file /opt/airflow/dags/user_processing.py for tasks to queue
[2023-10-06T22:59:05.545+0000] {logging_mixin.py:120} INFO - [2023-10-06T22:59:05.545+0000] {dagbag.py:537} INFO - Filling up the DagBag from /opt/airflow/dags/user_processing.py
[2023-10-06T22:59:05.585+0000] {processor.py:766} INFO - DAG(s) dict_keys(['user_processing']) retrieved from /opt/airflow/dags/user_processing.py
[2023-10-06T22:59:05.611+0000] {logging_mixin.py:120} INFO - [2023-10-06T22:59:05.611+0000] {dag.py:2585} INFO - Sync 1 DAGs
[2023-10-06T22:59:05.627+0000] {logging_mixin.py:120} INFO - [2023-10-06T22:59:05.627+0000] {dag.py:3340} INFO - Setting next_dagrun for user_processing to 2023-10-10T00:00:00+00:00, run_after=2023-10-11T00:00:00+00:00
[2023-10-06T22:59:05.639+0000] {processor.py:176} INFO - Processing /opt/airflow/dags/user_processing.py took 0.099 seconds
[2023-10-06T22:59:35.674+0000] {processor.py:154} INFO - Started process (PID=3058) to work on /opt/airflow/dags/user_processing.py
[2023-10-06T22:59:35.674+0000] {processor.py:756} INFO - Processing file /opt/airflow/dags/user_processing.py for tasks to queue
[2023-10-06T22:59:35.675+0000] {logging_mixin.py:120} INFO - [2023-10-06T22:59:35.675+0000] {dagbag.py:537} INFO - Filling up the DagBag from /opt/airflow/dags/user_processing.py
[2023-10-06T22:59:35.731+0000] {processor.py:766} INFO - DAG(s) dict_keys(['user_processing']) retrieved from /opt/airflow/dags/user_processing.py
[2023-10-06T22:59:35.765+0000] {logging_mixin.py:120} INFO - [2023-10-06T22:59:35.765+0000] {dag.py:2585} INFO - Sync 1 DAGs
[2023-10-06T22:59:35.783+0000] {logging_mixin.py:120} INFO - [2023-10-06T22:59:35.783+0000] {dag.py:3340} INFO - Setting next_dagrun for user_processing to 2023-10-10T00:00:00+00:00, run_after=2023-10-11T00:00:00+00:00
[2023-10-06T22:59:35.798+0000] {processor.py:176} INFO - Processing /opt/airflow/dags/user_processing.py took 0.126 seconds
[2023-10-06T23:00:05.912+0000] {processor.py:154} INFO - Started process (PID=3114) to work on /opt/airflow/dags/user_processing.py
[2023-10-06T23:00:05.918+0000] {processor.py:756} INFO - Processing file /opt/airflow/dags/user_processing.py for tasks to queue
[2023-10-06T23:00:05.919+0000] {logging_mixin.py:120} INFO - [2023-10-06T23:00:05.919+0000] {dagbag.py:537} INFO - Filling up the DagBag from /opt/airflow/dags/user_processing.py
[2023-10-06T23:00:05.964+0000] {processor.py:766} INFO - DAG(s) dict_keys(['user_processing']) retrieved from /opt/airflow/dags/user_processing.py
[2023-10-06T23:00:05.990+0000] {logging_mixin.py:120} INFO - [2023-10-06T23:00:05.990+0000] {dag.py:2585} INFO - Sync 1 DAGs
[2023-10-06T23:00:06.007+0000] {logging_mixin.py:120} INFO - [2023-10-06T23:00:06.007+0000] {dag.py:3340} INFO - Setting next_dagrun for user_processing to 2023-10-10T00:00:00+00:00, run_after=2023-10-11T00:00:00+00:00
[2023-10-06T23:00:06.020+0000] {processor.py:176} INFO - Processing /opt/airflow/dags/user_processing.py took 0.111 seconds
[2023-10-06T23:00:36.060+0000] {processor.py:154} INFO - Started process (PID=3177) to work on /opt/airflow/dags/user_processing.py
[2023-10-06T23:00:36.060+0000] {processor.py:756} INFO - Processing file /opt/airflow/dags/user_processing.py for tasks to queue
[2023-10-06T23:00:36.060+0000] {logging_mixin.py:120} INFO - [2023-10-06T23:00:36.060+0000] {dagbag.py:537} INFO - Filling up the DagBag from /opt/airflow/dags/user_processing.py
[2023-10-06T23:00:36.108+0000] {processor.py:766} INFO - DAG(s) dict_keys(['user_processing']) retrieved from /opt/airflow/dags/user_processing.py
[2023-10-06T23:00:36.134+0000] {logging_mixin.py:120} INFO - [2023-10-06T23:00:36.134+0000] {dag.py:2585} INFO - Sync 1 DAGs
[2023-10-06T23:00:36.152+0000] {logging_mixin.py:120} INFO - [2023-10-06T23:00:36.152+0000] {dag.py:3340} INFO - Setting next_dagrun for user_processing to 2023-10-10T00:00:00+00:00, run_after=2023-10-11T00:00:00+00:00
[2023-10-06T23:00:36.170+0000] {processor.py:176} INFO - Processing /opt/airflow/dags/user_processing.py took 0.112 seconds
[2023-10-06T23:01:06.238+0000] {processor.py:154} INFO - Started process (PID=3241) to work on /opt/airflow/dags/user_processing.py
[2023-10-06T23:01:06.244+0000] {processor.py:756} INFO - Processing file /opt/airflow/dags/user_processing.py for tasks to queue
[2023-10-06T23:01:06.245+0000] {logging_mixin.py:120} INFO - [2023-10-06T23:01:06.245+0000] {dagbag.py:537} INFO - Filling up the DagBag from /opt/airflow/dags/user_processing.py
[2023-10-06T23:01:06.285+0000] {processor.py:766} INFO - DAG(s) dict_keys(['user_processing']) retrieved from /opt/airflow/dags/user_processing.py
[2023-10-06T23:01:06.311+0000] {logging_mixin.py:120} INFO - [2023-10-06T23:01:06.311+0000] {dag.py:2585} INFO - Sync 1 DAGs
[2023-10-06T23:01:06.327+0000] {logging_mixin.py:120} INFO - [2023-10-06T23:01:06.327+0000] {dag.py:3340} INFO - Setting next_dagrun for user_processing to 2023-10-10T00:00:00+00:00, run_after=2023-10-11T00:00:00+00:00
[2023-10-06T23:01:06.340+0000] {processor.py:176} INFO - Processing /opt/airflow/dags/user_processing.py took 0.104 seconds
[2023-10-06T23:01:36.378+0000] {processor.py:154} INFO - Started process (PID=3305) to work on /opt/airflow/dags/user_processing.py
[2023-10-06T23:01:36.378+0000] {processor.py:756} INFO - Processing file /opt/airflow/dags/user_processing.py for tasks to queue
[2023-10-06T23:01:36.379+0000] {logging_mixin.py:120} INFO - [2023-10-06T23:01:36.379+0000] {dagbag.py:537} INFO - Filling up the DagBag from /opt/airflow/dags/user_processing.py
[2023-10-06T23:01:36.424+0000] {processor.py:766} INFO - DAG(s) dict_keys(['user_processing']) retrieved from /opt/airflow/dags/user_processing.py
[2023-10-06T23:01:36.452+0000] {logging_mixin.py:120} INFO - [2023-10-06T23:01:36.452+0000] {dag.py:2585} INFO - Sync 1 DAGs
[2023-10-06T23:01:36.470+0000] {logging_mixin.py:120} INFO - [2023-10-06T23:01:36.470+0000] {dag.py:3340} INFO - Setting next_dagrun for user_processing to 2023-10-10T00:00:00+00:00, run_after=2023-10-11T00:00:00+00:00
[2023-10-06T23:01:36.488+0000] {processor.py:176} INFO - Processing /opt/airflow/dags/user_processing.py took 0.113 seconds
[2023-10-06T23:02:06.528+0000] {processor.py:154} INFO - Started process (PID=3360) to work on /opt/airflow/dags/user_processing.py
[2023-10-06T23:02:06.534+0000] {processor.py:756} INFO - Processing file /opt/airflow/dags/user_processing.py for tasks to queue
[2023-10-06T23:02:06.535+0000] {logging_mixin.py:120} INFO - [2023-10-06T23:02:06.535+0000] {dagbag.py:537} INFO - Filling up the DagBag from /opt/airflow/dags/user_processing.py
[2023-10-06T23:02:06.579+0000] {processor.py:766} INFO - DAG(s) dict_keys(['user_processing']) retrieved from /opt/airflow/dags/user_processing.py
[2023-10-06T23:02:06.604+0000] {logging_mixin.py:120} INFO - [2023-10-06T23:02:06.603+0000] {dag.py:2585} INFO - Sync 1 DAGs
[2023-10-06T23:02:06.620+0000] {logging_mixin.py:120} INFO - [2023-10-06T23:02:06.620+0000] {dag.py:3340} INFO - Setting next_dagrun for user_processing to 2023-10-10T00:00:00+00:00, run_after=2023-10-11T00:00:00+00:00
[2023-10-06T23:02:06.635+0000] {processor.py:176} INFO - Processing /opt/airflow/dags/user_processing.py took 0.109 seconds
[2023-10-06T23:02:37.630+0000] {processor.py:154} INFO - Started process (PID=3424) to work on /opt/airflow/dags/user_processing.py
[2023-10-06T23:02:37.631+0000] {processor.py:756} INFO - Processing file /opt/airflow/dags/user_processing.py for tasks to queue
[2023-10-06T23:02:37.631+0000] {logging_mixin.py:120} INFO - [2023-10-06T23:02:37.631+0000] {dagbag.py:537} INFO - Filling up the DagBag from /opt/airflow/dags/user_processing.py
[2023-10-06T23:02:37.674+0000] {processor.py:766} INFO - DAG(s) dict_keys(['user_processing']) retrieved from /opt/airflow/dags/user_processing.py
[2023-10-06T23:02:37.702+0000] {logging_mixin.py:120} INFO - [2023-10-06T23:02:37.702+0000] {dag.py:2585} INFO - Sync 1 DAGs
[2023-10-06T23:02:37.721+0000] {logging_mixin.py:120} INFO - [2023-10-06T23:02:37.721+0000] {dag.py:3340} INFO - Setting next_dagrun for user_processing to 2023-10-10T00:00:00+00:00, run_after=2023-10-11T00:00:00+00:00
[2023-10-06T23:02:37.738+0000] {processor.py:176} INFO - Processing /opt/airflow/dags/user_processing.py took 0.110 seconds
[2023-10-06T23:03:07.860+0000] {processor.py:154} INFO - Started process (PID=3488) to work on /opt/airflow/dags/user_processing.py
[2023-10-06T23:03:07.861+0000] {processor.py:756} INFO - Processing file /opt/airflow/dags/user_processing.py for tasks to queue
[2023-10-06T23:03:07.861+0000] {logging_mixin.py:120} INFO - [2023-10-06T23:03:07.861+0000] {dagbag.py:537} INFO - Filling up the DagBag from /opt/airflow/dags/user_processing.py
[2023-10-06T23:03:07.911+0000] {processor.py:766} INFO - DAG(s) dict_keys(['user_processing']) retrieved from /opt/airflow/dags/user_processing.py
[2023-10-06T23:03:07.941+0000] {logging_mixin.py:120} INFO - [2023-10-06T23:03:07.941+0000] {dag.py:2585} INFO - Sync 1 DAGs
[2023-10-06T23:03:07.960+0000] {logging_mixin.py:120} INFO - [2023-10-06T23:03:07.960+0000] {dag.py:3340} INFO - Setting next_dagrun for user_processing to 2023-10-10T00:00:00+00:00, run_after=2023-10-11T00:00:00+00:00
[2023-10-06T23:03:07.975+0000] {processor.py:176} INFO - Processing /opt/airflow/dags/user_processing.py took 0.118 seconds
[2023-10-06T23:03:38.976+0000] {processor.py:154} INFO - Started process (PID=3552) to work on /opt/airflow/dags/user_processing.py
[2023-10-06T23:03:38.982+0000] {processor.py:756} INFO - Processing file /opt/airflow/dags/user_processing.py for tasks to queue
[2023-10-06T23:03:38.982+0000] {logging_mixin.py:120} INFO - [2023-10-06T23:03:38.982+0000] {dagbag.py:537} INFO - Filling up the DagBag from /opt/airflow/dags/user_processing.py
[2023-10-06T23:03:39.023+0000] {processor.py:766} INFO - DAG(s) dict_keys(['user_processing']) retrieved from /opt/airflow/dags/user_processing.py
[2023-10-06T23:03:39.048+0000] {logging_mixin.py:120} INFO - [2023-10-06T23:03:39.048+0000] {dag.py:2585} INFO - Sync 1 DAGs
[2023-10-06T23:03:39.064+0000] {logging_mixin.py:120} INFO - [2023-10-06T23:03:39.064+0000] {dag.py:3340} INFO - Setting next_dagrun for user_processing to 2023-10-10T00:00:00+00:00, run_after=2023-10-11T00:00:00+00:00
[2023-10-06T23:03:39.077+0000] {processor.py:176} INFO - Processing /opt/airflow/dags/user_processing.py took 0.103 seconds
[2023-10-06T23:04:09.214+0000] {processor.py:154} INFO - Started process (PID=3607) to work on /opt/airflow/dags/user_processing.py
[2023-10-06T23:04:09.220+0000] {processor.py:756} INFO - Processing file /opt/airflow/dags/user_processing.py for tasks to queue
[2023-10-06T23:04:09.220+0000] {logging_mixin.py:120} INFO - [2023-10-06T23:04:09.220+0000] {dagbag.py:537} INFO - Filling up the DagBag from /opt/airflow/dags/user_processing.py
[2023-10-06T23:04:09.261+0000] {processor.py:766} INFO - DAG(s) dict_keys(['user_processing']) retrieved from /opt/airflow/dags/user_processing.py
[2023-10-06T23:04:09.287+0000] {logging_mixin.py:120} INFO - [2023-10-06T23:04:09.287+0000] {dag.py:2585} INFO - Sync 1 DAGs
[2023-10-06T23:04:09.303+0000] {logging_mixin.py:120} INFO - [2023-10-06T23:04:09.303+0000] {dag.py:3340} INFO - Setting next_dagrun for user_processing to 2023-10-10T00:00:00+00:00, run_after=2023-10-11T00:00:00+00:00
[2023-10-06T23:04:09.321+0000] {processor.py:176} INFO - Processing /opt/airflow/dags/user_processing.py took 0.109 seconds
[2023-10-06T23:04:40.196+0000] {processor.py:154} INFO - Started process (PID=3672) to work on /opt/airflow/dags/user_processing.py
[2023-10-06T23:04:40.202+0000] {processor.py:756} INFO - Processing file /opt/airflow/dags/user_processing.py for tasks to queue
[2023-10-06T23:04:40.202+0000] {logging_mixin.py:120} INFO - [2023-10-06T23:04:40.202+0000] {dagbag.py:537} INFO - Filling up the DagBag from /opt/airflow/dags/user_processing.py
[2023-10-06T23:04:40.243+0000] {processor.py:766} INFO - DAG(s) dict_keys(['user_processing']) retrieved from /opt/airflow/dags/user_processing.py
[2023-10-06T23:04:40.270+0000] {logging_mixin.py:120} INFO - [2023-10-06T23:04:40.269+0000] {dag.py:2585} INFO - Sync 1 DAGs
[2023-10-06T23:04:40.286+0000] {logging_mixin.py:120} INFO - [2023-10-06T23:04:40.286+0000] {dag.py:3340} INFO - Setting next_dagrun for user_processing to 2023-10-10T00:00:00+00:00, run_after=2023-10-11T00:00:00+00:00
[2023-10-06T23:04:40.302+0000] {processor.py:176} INFO - Processing /opt/airflow/dags/user_processing.py took 0.109 seconds
[2023-10-06T23:05:10.547+0000] {processor.py:154} INFO - Started process (PID=3736) to work on /opt/airflow/dags/user_processing.py
[2023-10-06T23:05:10.547+0000] {processor.py:756} INFO - Processing file /opt/airflow/dags/user_processing.py for tasks to queue
[2023-10-06T23:05:10.547+0000] {logging_mixin.py:120} INFO - [2023-10-06T23:05:10.547+0000] {dagbag.py:537} INFO - Filling up the DagBag from /opt/airflow/dags/user_processing.py
[2023-10-06T23:05:10.588+0000] {processor.py:766} INFO - DAG(s) dict_keys(['user_processing']) retrieved from /opt/airflow/dags/user_processing.py
[2023-10-06T23:05:10.614+0000] {logging_mixin.py:120} INFO - [2023-10-06T23:05:10.614+0000] {dag.py:2585} INFO - Sync 1 DAGs
[2023-10-06T23:05:10.630+0000] {logging_mixin.py:120} INFO - [2023-10-06T23:05:10.630+0000] {dag.py:3340} INFO - Setting next_dagrun for user_processing to 2023-10-10T00:00:00+00:00, run_after=2023-10-11T00:00:00+00:00
[2023-10-06T23:05:10.644+0000] {processor.py:176} INFO - Processing /opt/airflow/dags/user_processing.py took 0.099 seconds
[2023-10-06T23:05:40.772+0000] {processor.py:154} INFO - Started process (PID=3801) to work on /opt/airflow/dags/user_processing.py
[2023-10-06T23:05:40.778+0000] {processor.py:756} INFO - Processing file /opt/airflow/dags/user_processing.py for tasks to queue
[2023-10-06T23:05:40.779+0000] {logging_mixin.py:120} INFO - [2023-10-06T23:05:40.779+0000] {dagbag.py:537} INFO - Filling up the DagBag from /opt/airflow/dags/user_processing.py
[2023-10-06T23:05:40.820+0000] {processor.py:766} INFO - DAG(s) dict_keys(['user_processing']) retrieved from /opt/airflow/dags/user_processing.py
[2023-10-06T23:05:40.846+0000] {logging_mixin.py:120} INFO - [2023-10-06T23:05:40.846+0000] {dag.py:2585} INFO - Sync 1 DAGs
[2023-10-06T23:05:40.863+0000] {logging_mixin.py:120} INFO - [2023-10-06T23:05:40.863+0000] {dag.py:3340} INFO - Setting next_dagrun for user_processing to 2023-10-10T00:00:00+00:00, run_after=2023-10-11T00:00:00+00:00
[2023-10-06T23:05:40.880+0000] {processor.py:176} INFO - Processing /opt/airflow/dags/user_processing.py took 0.110 seconds
[2023-10-06T23:06:10.973+0000] {processor.py:154} INFO - Started process (PID=3866) to work on /opt/airflow/dags/user_processing.py
[2023-10-06T23:06:10.975+0000] {processor.py:756} INFO - Processing file /opt/airflow/dags/user_processing.py for tasks to queue
[2023-10-06T23:06:10.976+0000] {logging_mixin.py:120} INFO - [2023-10-06T23:06:10.976+0000] {dagbag.py:537} INFO - Filling up the DagBag from /opt/airflow/dags/user_processing.py
[2023-10-06T23:06:11.032+0000] {processor.py:766} INFO - DAG(s) dict_keys(['user_processing']) retrieved from /opt/airflow/dags/user_processing.py
[2023-10-06T23:06:11.071+0000] {logging_mixin.py:120} INFO - [2023-10-06T23:06:11.071+0000] {dag.py:2585} INFO - Sync 1 DAGs
[2023-10-06T23:06:11.102+0000] {logging_mixin.py:120} INFO - [2023-10-06T23:06:11.102+0000] {dag.py:3340} INFO - Setting next_dagrun for user_processing to 2023-10-10T00:00:00+00:00, run_after=2023-10-11T00:00:00+00:00
[2023-10-06T23:06:11.119+0000] {processor.py:176} INFO - Processing /opt/airflow/dags/user_processing.py took 0.161 seconds
[2023-10-06T23:06:41.148+0000] {processor.py:154} INFO - Started process (PID=3921) to work on /opt/airflow/dags/user_processing.py
[2023-10-06T23:06:41.154+0000] {processor.py:756} INFO - Processing file /opt/airflow/dags/user_processing.py for tasks to queue
[2023-10-06T23:06:41.154+0000] {logging_mixin.py:120} INFO - [2023-10-06T23:06:41.154+0000] {dagbag.py:537} INFO - Filling up the DagBag from /opt/airflow/dags/user_processing.py
[2023-10-06T23:06:41.195+0000] {processor.py:766} INFO - DAG(s) dict_keys(['user_processing']) retrieved from /opt/airflow/dags/user_processing.py
[2023-10-06T23:06:41.221+0000] {logging_mixin.py:120} INFO - [2023-10-06T23:06:41.221+0000] {dag.py:2585} INFO - Sync 1 DAGs
[2023-10-06T23:06:41.238+0000] {logging_mixin.py:120} INFO - [2023-10-06T23:06:41.238+0000] {dag.py:3340} INFO - Setting next_dagrun for user_processing to 2023-10-10T00:00:00+00:00, run_after=2023-10-11T00:00:00+00:00
[2023-10-06T23:06:41.255+0000] {processor.py:176} INFO - Processing /opt/airflow/dags/user_processing.py took 0.110 seconds
[2023-10-06T23:07:11.353+0000] {processor.py:154} INFO - Started process (PID=3985) to work on /opt/airflow/dags/user_processing.py
[2023-10-06T23:07:11.355+0000] {processor.py:756} INFO - Processing file /opt/airflow/dags/user_processing.py for tasks to queue
[2023-10-06T23:07:11.356+0000] {logging_mixin.py:120} INFO - [2023-10-06T23:07:11.356+0000] {dagbag.py:537} INFO - Filling up the DagBag from /opt/airflow/dags/user_processing.py
[2023-10-06T23:07:11.397+0000] {processor.py:766} INFO - DAG(s) dict_keys(['user_processing']) retrieved from /opt/airflow/dags/user_processing.py
[2023-10-06T23:07:11.423+0000] {logging_mixin.py:120} INFO - [2023-10-06T23:07:11.423+0000] {dag.py:2585} INFO - Sync 1 DAGs
[2023-10-06T23:07:11.440+0000] {logging_mixin.py:120} INFO - [2023-10-06T23:07:11.440+0000] {dag.py:3340} INFO - Setting next_dagrun for user_processing to 2023-10-10T00:00:00+00:00, run_after=2023-10-11T00:00:00+00:00
[2023-10-06T23:07:11.454+0000] {processor.py:176} INFO - Processing /opt/airflow/dags/user_processing.py took 0.103 seconds
[2023-10-06T23:07:41.512+0000] {processor.py:154} INFO - Started process (PID=4049) to work on /opt/airflow/dags/user_processing.py
[2023-10-06T23:07:41.513+0000] {processor.py:756} INFO - Processing file /opt/airflow/dags/user_processing.py for tasks to queue
[2023-10-06T23:07:41.514+0000] {logging_mixin.py:120} INFO - [2023-10-06T23:07:41.514+0000] {dagbag.py:537} INFO - Filling up the DagBag from /opt/airflow/dags/user_processing.py
[2023-10-06T23:07:41.555+0000] {processor.py:766} INFO - DAG(s) dict_keys(['user_processing']) retrieved from /opt/airflow/dags/user_processing.py
[2023-10-06T23:07:41.581+0000] {logging_mixin.py:120} INFO - [2023-10-06T23:07:41.581+0000] {dag.py:2585} INFO - Sync 1 DAGs
[2023-10-06T23:07:41.597+0000] {logging_mixin.py:120} INFO - [2023-10-06T23:07:41.597+0000] {dag.py:3340} INFO - Setting next_dagrun for user_processing to 2023-10-10T00:00:00+00:00, run_after=2023-10-11T00:00:00+00:00
[2023-10-06T23:07:41.610+0000] {processor.py:176} INFO - Processing /opt/airflow/dags/user_processing.py took 0.100 seconds
[2023-10-06T23:08:11.673+0000] {processor.py:154} INFO - Started process (PID=4113) to work on /opt/airflow/dags/user_processing.py
[2023-10-06T23:08:11.674+0000] {processor.py:756} INFO - Processing file /opt/airflow/dags/user_processing.py for tasks to queue
[2023-10-06T23:08:11.675+0000] {logging_mixin.py:120} INFO - [2023-10-06T23:08:11.675+0000] {dagbag.py:537} INFO - Filling up the DagBag from /opt/airflow/dags/user_processing.py
[2023-10-06T23:08:11.725+0000] {processor.py:766} INFO - DAG(s) dict_keys(['user_processing']) retrieved from /opt/airflow/dags/user_processing.py
[2023-10-06T23:08:11.765+0000] {logging_mixin.py:120} INFO - [2023-10-06T23:08:11.765+0000] {dag.py:2585} INFO - Sync 1 DAGs
[2023-10-06T23:08:11.805+0000] {logging_mixin.py:120} INFO - [2023-10-06T23:08:11.805+0000] {dag.py:3340} INFO - Setting next_dagrun for user_processing to 2023-10-10T00:00:00+00:00, run_after=2023-10-11T00:00:00+00:00
[2023-10-06T23:08:11.826+0000] {processor.py:176} INFO - Processing /opt/airflow/dags/user_processing.py took 0.155 seconds
[2023-10-06T23:08:41.877+0000] {processor.py:154} INFO - Started process (PID=4168) to work on /opt/airflow/dags/user_processing.py
[2023-10-06T23:08:41.879+0000] {processor.py:756} INFO - Processing file /opt/airflow/dags/user_processing.py for tasks to queue
[2023-10-06T23:08:41.879+0000] {logging_mixin.py:120} INFO - [2023-10-06T23:08:41.879+0000] {dagbag.py:537} INFO - Filling up the DagBag from /opt/airflow/dags/user_processing.py
[2023-10-06T23:08:41.924+0000] {processor.py:766} INFO - DAG(s) dict_keys(['user_processing']) retrieved from /opt/airflow/dags/user_processing.py
[2023-10-06T23:08:41.948+0000] {logging_mixin.py:120} INFO - [2023-10-06T23:08:41.948+0000] {dag.py:2585} INFO - Sync 1 DAGs
[2023-10-06T23:08:41.965+0000] {logging_mixin.py:120} INFO - [2023-10-06T23:08:41.965+0000] {dag.py:3340} INFO - Setting next_dagrun for user_processing to 2023-10-10T00:00:00+00:00, run_after=2023-10-11T00:00:00+00:00
[2023-10-06T23:08:41.982+0000] {processor.py:176} INFO - Processing /opt/airflow/dags/user_processing.py took 0.107 seconds
